<?xml version="1.0" encoding="UTF-8"?>
<testsuites name="Aprobaciones_TestSuites" time="356.734" tests="5" failures="0" errors="0">
   <testsuite name="Aprobaciones_TestSuites" tests="5" failures="0" errors="0" time="356.734" timestamp="2020-01-24 15:39:42" hostname="kaizen - DESKTOP-38N4VV4" id="Test Suites/Flujo_funcionalidades_Pedidos_20pies/Aprobaciones_TestSuites">
      <properties>
         <property name="deviceName" value=""/>
         <property name="devicePlatform" value=""/>
         <property name="logFolder" value="C:\\Users\\kaizen\\git\\AutomatizacionKatalon\\Reports\\20200124_153939\\Flujo_funcionalidades_Pedidos_20pies\\Aprobaciones_TestSuites\\20200124_153939"/>
         <property name="logFiles" value="C:\\Users\\kaizen\\git\\AutomatizacionKatalon\\Reports\\20200124_153939\\Flujo_funcionalidades_Pedidos_20pies\\Aprobaciones_TestSuites\\20200124_153939\\execution0.log"/>
         <property name="attachments" value=""/>
         <property name="hostName" value="kaizen - DESKTOP-38N4VV4"/>
         <property name="os" value="Windows 10 64bit"/>
         <property name="katalonVersion" value="7.2.1.1"/>
         <property name="browser" value="Chrome 79.0.3945.130"/>
         <property name="hostAddress" value="192.168.1.101"/>
         <property name="sessionId" value="ccf5a35989b4c038226e3055ce4524de"/>
         <property name="seleniumVersion" value="3.141.59"/>
         <property name="proxyInformation" value="ProxyInformation{proxyOption=NO_PROXY, proxyServerType=HTTP, password=, proxyServerAddress=, proxyServerPort=0, executionList=}"/>
         <property name="platform" value="Windows 10"/>
      </properties>
      <testcase name="Test Cases/Secuencias de Ejecucion/TC_Aprobar_Produccion_20pies" time="67.463" classname="Test Cases/Secuencias de Ejecucion/TC_Aprobar_Produccion_20pies" status="PASSED">
         <system-out><![CDATA[2020-01-24 15:39:42 - [TEST_CASE][PASSED] - Test Cases/Secuencias de Ejecucion/TC_Aprobar_Produccion_20pies: Test Cases/Secuencias de Ejecucion/TC_Aprobar_Produccion_20pies

2020-01-24 15:39:43 - [TEST_STEP][PASSED] - callTestCase(findTestCase("Individual_Tests_20pies/Login"), ["Usuario":Usuario, "Contrasena":Contrasena], STOP_ON_FAILURE): Call Test Case 'Test Cases/Individual_Tests_20pies/Login' successfully

2020-01-24 15:39:43 - [TEST_CASE][PASSED] - Test Cases/Individual_Tests_20pies/Login: Test Cases/Individual_Tests_20pies/Login

2020-01-24 15:39:43 - [TEST_STEP][PASSED] - openBrowser("http://test.kaizendev.net/Login/Accesar?salir=true"): Browser is opened with url: 'http://test.kaizendev.net/Login/Accesar?salir=true'

2020-01-24 15:39:44 - [MESSAGE][INFO] - Starting 'Chrome' driver

2020-01-24 15:39:44 - [MESSAGE][INFO] - Action delay is set to 0 seconds

2020-01-24 15:40:06 - [MESSAGE][PASSED] - Browser is opened with url: 'http://test.kaizendev.net/Login/Accesar?salir=true'

2020-01-24 15:40:06 - [TEST_STEP][PASSED] - maximizeWindow(): Current window maximized

2020-01-24 15:40:10 - [MESSAGE][PASSED] - Current window maximized

2020-01-24 15:40:10 - [TEST_STEP][PASSED] - setText(findTestObject("Page_Iniciar Sesion - KAIZEN/is_input_email"), Usuario): Text 'automated.test@grupokaizen.net' is set on object 'Object Repository/Page_Iniciar Sesion - KAIZEN/is_input_email'

2020-01-24 15:40:11 - [MESSAGE][PASSED] - Text 'automated.test@grupokaizen.net' is set on object 'Object Repository/Page_Iniciar Sesion - KAIZEN/is_input_email'

2020-01-24 15:40:11 - [TEST_STEP][PASSED] - setEncryptedText(findTestObject("Page_Iniciar Sesion - KAIZEN/IS_input_contrasena"), Contrasena): Text ****** has been set on object 'Object Repository/Page_Iniciar Sesion - KAIZEN/IS_input_contrasena'

2020-01-24 15:40:12 - [MESSAGE][PASSED] - Text ****** has been set on object 'Object Repository/Page_Iniciar Sesion - KAIZEN/IS_input_contrasena'

2020-01-24 15:40:12 - [TEST_STEP][PASSED] - click(findTestObject("Page_Iniciar Sesion - KAIZEN/is_btn_ingresar_sistema")): Object: 'Object Repository/Page_Iniciar Sesion - KAIZEN/is_btn_ingresar_sistema' is clicked on

2020-01-24 15:40:15 - [MESSAGE][PASSED] - Object: 'Object Repository/Page_Iniciar Sesion - KAIZEN/is_btn_ingresar_sistema' is clicked on

2020-01-24 15:40:15 - [MESSAGE][PASSED] - Call Test Case 'Test Cases/Individual_Tests_20pies/Login' successfully

2020-01-24 15:40:15 - [TEST_STEP][PASSED] - callTestCase(findTestCase("Individual_Tests_20pies/Seleccionar_Idioma"), ["Idioma":Idioma], STOP_ON_FAILURE): Call Test Case 'Test Cases/Individual_Tests_20pies/Seleccionar_Idioma' successfully

2020-01-24 15:40:15 - [TEST_CASE][PASSED] - Test Cases/Individual_Tests_20pies/Seleccionar_Idioma: Test Cases/Individual_Tests_20pies/Seleccionar_Idioma

2020-01-24 15:40:16 - [TEST_STEP][PASSED] - click(findTestObject("Page_- KAIZEN/si_btn_idioma")): Object: 'Object Repository/Page_- KAIZEN/si_btn_idioma' is clicked on

2020-01-24 15:40:16 - [MESSAGE][PASSED] - Object: 'Object Repository/Page_- KAIZEN/si_btn_idioma' is clicked on

2020-01-24 15:40:16 - [TEST_STEP][PASSED] - if (Idioma == "0"): null

2020-01-24 15:40:16 - [TEST_STEP][PASSED] - else: Object: 'Object Repository/Page_- KAIZEN/si_Spanish' is clicked on

2020-01-24 15:40:16 - [TEST_STEP][PASSED] - click(findTestObject("Page_- KAIZEN/si_Spanish")): Object: 'Object Repository/Page_- KAIZEN/si_Spanish' is clicked on

2020-01-24 15:40:18 - [MESSAGE][PASSED] - Object: 'Object Repository/Page_- KAIZEN/si_Spanish' is clicked on

2020-01-24 15:40:18 - [MESSAGE][PASSED] - Call Test Case 'Test Cases/Individual_Tests_20pies/Seleccionar_Idioma' successfully

2020-01-24 15:40:18 - [TEST_STEP][PASSED] - callTestCase(findTestCase("Individual_Tests_20pies/Aprobacion_Produccion"), ["IDCliente":IDCliente, "CreadosDesde":CreadosDesde, "CreadosHasta":CreadosHasta, "IDPedido":IDPedido, "AprobacionProduccion":AprobacionProduccion], STOP_ON_FAILURE): Call Test Case 'Test Cases/Individual_Tests_20pies/Aprobacion_Produccion' successfully

2020-01-24 15:40:18 - [TEST_CASE][PASSED] - Test Cases/Individual_Tests_20pies/Aprobacion_Produccion: Test Cases/Individual_Tests_20pies/Aprobacion_Produccion

2020-01-24 15:40:18 - [TEST_STEP][PASSED] - click(findTestObject("Object Repository/Page_- KAIZEN/apo_menuOperaciones")): Object: 'Object Repository/Page_- KAIZEN/apo_menuOperaciones' is clicked on

2020-01-24 15:40:19 - [MESSAGE][PASSED] - Object: 'Object Repository/Page_- KAIZEN/apo_menuOperaciones' is clicked on

2020-01-24 15:40:19 - [TEST_STEP][PASSED] - click(findTestObject("Object Repository/Page_- KAIZEN/apo_menu_aprobacion_produccin")): Object: 'Object Repository/Page_- KAIZEN/apo_menu_aprobacion_produccin' is clicked on

2020-01-24 15:40:21 - [MESSAGE][PASSED] - Object: 'Object Repository/Page_- KAIZEN/apo_menu_aprobacion_produccin' is clicked on

2020-01-24 15:40:21 - [TEST_STEP][PASSED] - click(findTestObject("Object Repository/Page_Aprobacin de Produccin - KAIZEN/apo_click_aprobacion_produccin")): Object: 'Object Repository/Page_Aprobacin de Produccin - KAIZEN/apo_click_aprobacion_produccin' is clicked on

2020-01-24 15:40:21 - [MESSAGE][PASSED] - Object: 'Object Repository/Page_Aprobacin de Produccin - KAIZEN/apo_click_aprobacion_produccin' is clicked on

2020-01-24 15:40:21 - [TEST_STEP][PASSED] - click(findTestObject("Object Repository/Page_Aprobacin de Produccin - KAIZEN/apo_seleccione_cliente")): Object: 'Object Repository/Page_Aprobacin de Produccin - KAIZEN/apo_seleccione_cliente' is clicked on

2020-01-24 15:40:22 - [MESSAGE][PASSED] - Object: 'Object Repository/Page_Aprobacin de Produccin - KAIZEN/apo_seleccione_cliente' is clicked on

2020-01-24 15:40:22 - [TEST_STEP][PASSED] - click(findTestObject("Object Repository/Page_Aprobacin de Produccin - KAIZEN/apo_click_selecione_cliente")): Object: 'Object Repository/Page_Aprobacin de Produccin - KAIZEN/apo_click_selecione_cliente' is clicked on

2020-01-24 15:40:23 - [MESSAGE][PASSED] - Object: 'Object Repository/Page_Aprobacin de Produccin - KAIZEN/apo_click_selecione_cliente' is clicked on

2020-01-24 15:40:23 - [TEST_STEP][PASSED] - selectOptionByValue(findTestObject("Object Repository/Page_Aprobacin de Produccin - KAIZEN/apo_assing_selecione_cliente"), IDCliente, true): All options with value '1' are selected in object 'Object Repository/Page_Aprobacin de Produccin - KAIZEN/apo_assing_selecione_cliente'  using regular expression

2020-01-24 15:40:25 - [MESSAGE][PASSED] - All options with value '1' are selected in object 'Object Repository/Page_Aprobacin de Produccin - KAIZEN/apo_assing_selecione_cliente'  using regular expression

2020-01-24 15:40:25 - [TEST_STEP][PASSED] - click(findTestObject("Object Repository/Page_Aprobacin de Produccin - KAIZEN/apo_Buscar")): Object: 'Object Repository/Page_Aprobacin de Produccin - KAIZEN/apo_Buscar' is clicked on

2020-01-24 15:40:26 - [MESSAGE][PASSED] - Object: 'Object Repository/Page_Aprobacin de Produccin - KAIZEN/apo_Buscar' is clicked on

2020-01-24 15:40:26 - [TEST_STEP][PASSED] - executeJavaScript("document.querySelector('.btn-info[href="/PedidoLubricante/DetalleAprobacion/" + IDPedido + "?Ventana=3"]').click()", null): Execute JavaScript 'document.querySelector('.btn-info[href="/PedidoLubricante/DetalleAprobacion/117?Ventana=3"]').click()' successfully

2020-01-24 15:40:28 - [MESSAGE][PASSED] - Execute JavaScript 'document.querySelector('.btn-info[href="/PedidoLubricante/DetalleAprobacion/117?Ventana=3"]').click()' successfully

2020-01-24 15:40:28 - [TEST_STEP][PASSED] - delay(5): Delayed 5 second(s)

2020-01-24 15:40:33 - [MESSAGE][PASSED] - Delayed 5 second(s)

2020-01-24 15:40:33 - [TEST_STEP][PASSED] - if (AprobacionProduccion == "Aprobar"): Object: 'Object Repository/Page_- KAIZEN/apo_btn_Aceptar' is clicked on

2020-01-24 15:40:33 - [TEST_STEP][PASSED] - click(findTestObject("Object Repository/Page_- KAIZEN/apo_Aprobar")): Object: 'Object Repository/Page_- KAIZEN/apo_Aprobar' is clicked on

2020-01-24 15:40:33 - [MESSAGE][PASSED] - Object: 'Object Repository/Page_- KAIZEN/apo_Aprobar' is clicked on

2020-01-24 15:40:33 - [TEST_STEP][PASSED] - click(findTestObject("Object Repository/Page_- KAIZEN/apo_btn_Aceptar")): Object: 'Object Repository/Page_- KAIZEN/apo_btn_Aceptar' is clicked on

2020-01-24 15:40:35 - [MESSAGE][PASSED] - Object: 'Object Repository/Page_- KAIZEN/apo_btn_Aceptar' is clicked on

2020-01-24 15:40:35 - [TEST_STEP][PASSED] - delay(15): Delayed 15 second(s)

2020-01-24 15:40:50 - [MESSAGE][PASSED] - Delayed 15 second(s)

2020-01-24 15:40:50 - [MESSAGE][PASSED] - Call Test Case 'Test Cases/Individual_Tests_20pies/Aprobacion_Produccion' successfully]]></system-out>
         <system-err><![CDATA[]]></system-err>
      </testcase>
      <testcase name="Test Cases/Secuencias de Ejecucion/TC_Aprobar_Produccion_20pies" time="78.948" classname="Test Cases/Secuencias de Ejecucion/TC_Aprobar_Produccion_20pies" status="PASSED">
         <system-out><![CDATA[2020-01-24 15:40:50 - [TEST_CASE][PASSED] - Test Cases/Secuencias de Ejecucion/TC_Aprobar_Produccion_20pies: Test Cases/Secuencias de Ejecucion/TC_Aprobar_Produccion_20pies

2020-01-24 15:40:50 - [TEST_STEP][PASSED] - callTestCase(findTestCase("Individual_Tests_20pies/Login"), ["Usuario":Usuario, "Contrasena":Contrasena], STOP_ON_FAILURE): Call Test Case 'Test Cases/Individual_Tests_20pies/Login' successfully

2020-01-24 15:40:50 - [TEST_CASE][PASSED] - Test Cases/Individual_Tests_20pies/Login: Test Cases/Individual_Tests_20pies/Login

2020-01-24 15:40:50 - [TEST_STEP][PASSED] - openBrowser("http://test.kaizendev.net/Login/Accesar?salir=true"): Browser is opened with url: 'http://test.kaizendev.net/Login/Accesar?salir=true'

2020-01-24 15:40:50 - [MESSAGE][WARNING] - A browser is already opened. Closing browser and opening a new one

2020-01-24 15:40:51 - [MESSAGE][INFO] - Starting 'Chrome' driver

2020-01-24 15:41:16 - [MESSAGE][PASSED] - Browser is opened with url: 'http://test.kaizendev.net/Login/Accesar?salir=true'

2020-01-24 15:41:16 - [TEST_STEP][PASSED] - maximizeWindow(): Current window maximized

2020-01-24 15:41:20 - [MESSAGE][PASSED] - Current window maximized

2020-01-24 15:41:20 - [TEST_STEP][PASSED] - setText(findTestObject("Page_Iniciar Sesion - KAIZEN/is_input_email"), Usuario): Text 'automated.test@grupokaizen.net' is set on object 'Object Repository/Page_Iniciar Sesion - KAIZEN/is_input_email'

2020-01-24 15:41:21 - [MESSAGE][PASSED] - Text 'automated.test@grupokaizen.net' is set on object 'Object Repository/Page_Iniciar Sesion - KAIZEN/is_input_email'

2020-01-24 15:41:21 - [TEST_STEP][PASSED] - setEncryptedText(findTestObject("Page_Iniciar Sesion - KAIZEN/IS_input_contrasena"), Contrasena): Text ****** has been set on object 'Object Repository/Page_Iniciar Sesion - KAIZEN/IS_input_contrasena'

2020-01-24 15:41:22 - [MESSAGE][PASSED] - Text ****** has been set on object 'Object Repository/Page_Iniciar Sesion - KAIZEN/IS_input_contrasena'

2020-01-24 15:41:22 - [TEST_STEP][PASSED] - click(findTestObject("Page_Iniciar Sesion - KAIZEN/is_btn_ingresar_sistema")): Object: 'Object Repository/Page_Iniciar Sesion - KAIZEN/is_btn_ingresar_sistema' is clicked on

2020-01-24 15:41:26 - [MESSAGE][PASSED] - Object: 'Object Repository/Page_Iniciar Sesion - KAIZEN/is_btn_ingresar_sistema' is clicked on

2020-01-24 15:41:26 - [MESSAGE][PASSED] - Call Test Case 'Test Cases/Individual_Tests_20pies/Login' successfully

2020-01-24 15:41:26 - [TEST_STEP][PASSED] - callTestCase(findTestCase("Individual_Tests_20pies/Seleccionar_Idioma"), ["Idioma":Idioma], STOP_ON_FAILURE): Call Test Case 'Test Cases/Individual_Tests_20pies/Seleccionar_Idioma' successfully

2020-01-24 15:41:27 - [TEST_CASE][PASSED] - Test Cases/Individual_Tests_20pies/Seleccionar_Idioma: Test Cases/Individual_Tests_20pies/Seleccionar_Idioma

2020-01-24 15:41:27 - [TEST_STEP][PASSED] - click(findTestObject("Page_- KAIZEN/si_btn_idioma")): Object: 'Object Repository/Page_- KAIZEN/si_btn_idioma' is clicked on

2020-01-24 15:41:27 - [MESSAGE][PASSED] - Object: 'Object Repository/Page_- KAIZEN/si_btn_idioma' is clicked on

2020-01-24 15:41:27 - [TEST_STEP][PASSED] - if (Idioma == "0"): Object: 'Object Repository/Page_- KAIZEN/si_Ingles' is clicked on

2020-01-24 15:41:27 - [TEST_STEP][PASSED] - click(findTestObject("Page_- KAIZEN/si_Ingles")): Object: 'Object Repository/Page_- KAIZEN/si_Ingles' is clicked on

2020-01-24 15:41:30 - [MESSAGE][PASSED] - Object: 'Object Repository/Page_- KAIZEN/si_Ingles' is clicked on

2020-01-24 15:41:30 - [MESSAGE][PASSED] - Call Test Case 'Test Cases/Individual_Tests_20pies/Seleccionar_Idioma' successfully

2020-01-24 15:41:30 - [TEST_STEP][PASSED] - callTestCase(findTestCase("Individual_Tests_20pies/Aprobacion_Produccion"), ["IDCliente":IDCliente, "CreadosDesde":CreadosDesde, "CreadosHasta":CreadosHasta, "IDPedido":IDPedido, "AprobacionProduccion":AprobacionProduccion], STOP_ON_FAILURE): Call Test Case 'Test Cases/Individual_Tests_20pies/Aprobacion_Produccion' successfully

2020-01-24 15:41:30 - [TEST_CASE][PASSED] - Test Cases/Individual_Tests_20pies/Aprobacion_Produccion: Test Cases/Individual_Tests_20pies/Aprobacion_Produccion

2020-01-24 15:41:30 - [TEST_STEP][PASSED] - click(findTestObject("Object Repository/Page_- KAIZEN/apo_menuOperaciones")): Object: 'Object Repository/Page_- KAIZEN/apo_menuOperaciones' is clicked on

2020-01-24 15:41:31 - [MESSAGE][PASSED] - Object: 'Object Repository/Page_- KAIZEN/apo_menuOperaciones' is clicked on

2020-01-24 15:41:31 - [TEST_STEP][PASSED] - click(findTestObject("Object Repository/Page_- KAIZEN/apo_menu_aprobacion_produccin")): Object: 'Object Repository/Page_- KAIZEN/apo_menu_aprobacion_produccin' is clicked on

2020-01-24 15:41:35 - [MESSAGE][PASSED] - Object: 'Object Repository/Page_- KAIZEN/apo_menu_aprobacion_produccin' is clicked on

2020-01-24 15:41:35 - [TEST_STEP][PASSED] - click(findTestObject("Object Repository/Page_Aprobacin de Produccin - KAIZEN/apo_click_aprobacion_produccin")): Object: 'Object Repository/Page_Aprobacin de Produccin - KAIZEN/apo_click_aprobacion_produccin' is clicked on

2020-01-24 15:41:35 - [MESSAGE][PASSED] - Object: 'Object Repository/Page_Aprobacin de Produccin - KAIZEN/apo_click_aprobacion_produccin' is clicked on

2020-01-24 15:41:35 - [TEST_STEP][PASSED] - click(findTestObject("Object Repository/Page_Aprobacin de Produccin - KAIZEN/apo_seleccione_cliente")): Object: 'Object Repository/Page_Aprobacin de Produccin - KAIZEN/apo_seleccione_cliente' is clicked on

2020-01-24 15:41:36 - [MESSAGE][PASSED] - Object: 'Object Repository/Page_Aprobacin de Produccin - KAIZEN/apo_seleccione_cliente' is clicked on

2020-01-24 15:41:36 - [TEST_STEP][PASSED] - click(findTestObject("Object Repository/Page_Aprobacin de Produccin - KAIZEN/apo_click_selecione_cliente")): Object: 'Object Repository/Page_Aprobacin de Produccin - KAIZEN/apo_click_selecione_cliente' is clicked on

2020-01-24 15:41:36 - [MESSAGE][PASSED] - Object: 'Object Repository/Page_Aprobacin de Produccin - KAIZEN/apo_click_selecione_cliente' is clicked on

2020-01-24 15:41:36 - [TEST_STEP][PASSED] - selectOptionByValue(findTestObject("Object Repository/Page_Aprobacin de Produccin - KAIZEN/apo_assing_selecione_cliente"), IDCliente, true): All options with value '7' are selected in object 'Object Repository/Page_Aprobacin de Produccin - KAIZEN/apo_assing_selecione_cliente'  using regular expression

2020-01-24 15:41:38 - [MESSAGE][PASSED] - All options with value '7' are selected in object 'Object Repository/Page_Aprobacin de Produccin - KAIZEN/apo_assing_selecione_cliente'  using regular expression

2020-01-24 15:41:38 - [TEST_STEP][PASSED] - click(findTestObject("Object Repository/Page_Aprobacin de Produccin - KAIZEN/apo_Buscar")): Object: 'Object Repository/Page_Aprobacin de Produccin - KAIZEN/apo_Buscar' is clicked on

2020-01-24 15:41:41 - [MESSAGE][PASSED] - Object: 'Object Repository/Page_Aprobacin de Produccin - KAIZEN/apo_Buscar' is clicked on

2020-01-24 15:41:41 - [TEST_STEP][PASSED] - executeJavaScript("document.querySelector('.btn-info[href="/PedidoLubricante/DetalleAprobacion/" + IDPedido + "?Ventana=3"]').click()", null): Execute JavaScript 'document.querySelector('.btn-info[href="/PedidoLubricante/DetalleAprobacion/120?Ventana=3"]').click()' successfully

2020-01-24 15:41:44 - [MESSAGE][PASSED] - Execute JavaScript 'document.querySelector('.btn-info[href="/PedidoLubricante/DetalleAprobacion/120?Ventana=3"]').click()' successfully

2020-01-24 15:41:44 - [TEST_STEP][PASSED] - delay(5): Delayed 5 second(s)

2020-01-24 15:41:49 - [MESSAGE][PASSED] - Delayed 5 second(s)

2020-01-24 15:41:49 - [TEST_STEP][PASSED] - if (AprobacionProduccion == "Aprobar"): Object: 'Object Repository/Page_- KAIZEN/apo_btn_Aceptar' is clicked on

2020-01-24 15:41:49 - [TEST_STEP][PASSED] - click(findTestObject("Object Repository/Page_- KAIZEN/apo_Aprobar")): Object: 'Object Repository/Page_- KAIZEN/apo_Aprobar' is clicked on

2020-01-24 15:41:49 - [MESSAGE][PASSED] - Object: 'Object Repository/Page_- KAIZEN/apo_Aprobar' is clicked on

2020-01-24 15:41:49 - [TEST_STEP][PASSED] - click(findTestObject("Object Repository/Page_- KAIZEN/apo_btn_Aceptar")): Object: 'Object Repository/Page_- KAIZEN/apo_btn_Aceptar' is clicked on

2020-01-24 15:41:54 - [MESSAGE][PASSED] - Object: 'Object Repository/Page_- KAIZEN/apo_btn_Aceptar' is clicked on

2020-01-24 15:41:54 - [TEST_STEP][PASSED] - delay(15): Delayed 15 second(s)

2020-01-24 15:42:09 - [MESSAGE][PASSED] - Delayed 15 second(s)

2020-01-24 15:42:09 - [MESSAGE][PASSED] - Call Test Case 'Test Cases/Individual_Tests_20pies/Aprobacion_Produccion' successfully]]></system-out>
         <system-err><![CDATA[]]></system-err>
      </testcase>
      <testcase name="Test Cases/Secuencias de Ejecucion/TC_Aprobar_Produccion_20pies" time="70.727" classname="Test Cases/Secuencias de Ejecucion/TC_Aprobar_Produccion_20pies" status="PASSED">
         <system-out><![CDATA[2020-01-24 15:42:09 - [TEST_CASE][PASSED] - Test Cases/Secuencias de Ejecucion/TC_Aprobar_Produccion_20pies: Test Cases/Secuencias de Ejecucion/TC_Aprobar_Produccion_20pies

2020-01-24 15:42:09 - [TEST_STEP][PASSED] - callTestCase(findTestCase("Individual_Tests_20pies/Login"), ["Usuario":Usuario, "Contrasena":Contrasena], STOP_ON_FAILURE): Call Test Case 'Test Cases/Individual_Tests_20pies/Login' successfully

2020-01-24 15:42:09 - [TEST_CASE][PASSED] - Test Cases/Individual_Tests_20pies/Login: Test Cases/Individual_Tests_20pies/Login

2020-01-24 15:42:09 - [TEST_STEP][PASSED] - openBrowser("http://test.kaizendev.net/Login/Accesar?salir=true"): Browser is opened with url: 'http://test.kaizendev.net/Login/Accesar?salir=true'

2020-01-24 15:42:09 - [MESSAGE][WARNING] - A browser is already opened. Closing browser and opening a new one

2020-01-24 15:42:10 - [MESSAGE][INFO] - Starting 'Chrome' driver

2020-01-24 15:42:34 - [MESSAGE][PASSED] - Browser is opened with url: 'http://test.kaizendev.net/Login/Accesar?salir=true'

2020-01-24 15:42:34 - [TEST_STEP][PASSED] - maximizeWindow(): Current window maximized

2020-01-24 15:42:38 - [MESSAGE][PASSED] - Current window maximized

2020-01-24 15:42:38 - [TEST_STEP][PASSED] - setText(findTestObject("Page_Iniciar Sesion - KAIZEN/is_input_email"), Usuario): Text 'automated.test@grupokaizen.net' is set on object 'Object Repository/Page_Iniciar Sesion - KAIZEN/is_input_email'

2020-01-24 15:42:39 - [MESSAGE][PASSED] - Text 'automated.test@grupokaizen.net' is set on object 'Object Repository/Page_Iniciar Sesion - KAIZEN/is_input_email'

2020-01-24 15:42:39 - [TEST_STEP][PASSED] - setEncryptedText(findTestObject("Page_Iniciar Sesion - KAIZEN/IS_input_contrasena"), Contrasena): Text ****** has been set on object 'Object Repository/Page_Iniciar Sesion - KAIZEN/IS_input_contrasena'

2020-01-24 15:42:40 - [MESSAGE][PASSED] - Text ****** has been set on object 'Object Repository/Page_Iniciar Sesion - KAIZEN/IS_input_contrasena'

2020-01-24 15:42:40 - [TEST_STEP][PASSED] - click(findTestObject("Page_Iniciar Sesion - KAIZEN/is_btn_ingresar_sistema")): Object: 'Object Repository/Page_Iniciar Sesion - KAIZEN/is_btn_ingresar_sistema' is clicked on

2020-01-24 15:42:44 - [MESSAGE][PASSED] - Object: 'Object Repository/Page_Iniciar Sesion - KAIZEN/is_btn_ingresar_sistema' is clicked on

2020-01-24 15:42:44 - [MESSAGE][PASSED] - Call Test Case 'Test Cases/Individual_Tests_20pies/Login' successfully

2020-01-24 15:42:44 - [TEST_STEP][PASSED] - callTestCase(findTestCase("Individual_Tests_20pies/Seleccionar_Idioma"), ["Idioma":Idioma], STOP_ON_FAILURE): Call Test Case 'Test Cases/Individual_Tests_20pies/Seleccionar_Idioma' successfully

2020-01-24 15:42:44 - [TEST_CASE][PASSED] - Test Cases/Individual_Tests_20pies/Seleccionar_Idioma: Test Cases/Individual_Tests_20pies/Seleccionar_Idioma

2020-01-24 15:42:44 - [TEST_STEP][PASSED] - click(findTestObject("Page_- KAIZEN/si_btn_idioma")): Object: 'Object Repository/Page_- KAIZEN/si_btn_idioma' is clicked on

2020-01-24 15:42:44 - [MESSAGE][PASSED] - Object: 'Object Repository/Page_- KAIZEN/si_btn_idioma' is clicked on

2020-01-24 15:42:44 - [TEST_STEP][PASSED] - if (Idioma == "0"): null

2020-01-24 15:42:44 - [TEST_STEP][PASSED] - else: Object: 'Object Repository/Page_- KAIZEN/si_Spanish' is clicked on

2020-01-24 15:42:44 - [TEST_STEP][PASSED] - click(findTestObject("Page_- KAIZEN/si_Spanish")): Object: 'Object Repository/Page_- KAIZEN/si_Spanish' is clicked on

2020-01-24 15:42:46 - [MESSAGE][PASSED] - Object: 'Object Repository/Page_- KAIZEN/si_Spanish' is clicked on

2020-01-24 15:42:46 - [MESSAGE][PASSED] - Call Test Case 'Test Cases/Individual_Tests_20pies/Seleccionar_Idioma' successfully

2020-01-24 15:42:46 - [TEST_STEP][PASSED] - callTestCase(findTestCase("Individual_Tests_20pies/Aprobacion_Produccion"), ["IDCliente":IDCliente, "CreadosDesde":CreadosDesde, "CreadosHasta":CreadosHasta, "IDPedido":IDPedido, "AprobacionProduccion":AprobacionProduccion], STOP_ON_FAILURE): Call Test Case 'Test Cases/Individual_Tests_20pies/Aprobacion_Produccion' successfully

2020-01-24 15:42:46 - [TEST_CASE][PASSED] - Test Cases/Individual_Tests_20pies/Aprobacion_Produccion: Test Cases/Individual_Tests_20pies/Aprobacion_Produccion

2020-01-24 15:42:46 - [TEST_STEP][PASSED] - click(findTestObject("Object Repository/Page_- KAIZEN/apo_menuOperaciones")): Object: 'Object Repository/Page_- KAIZEN/apo_menuOperaciones' is clicked on

2020-01-24 15:42:47 - [MESSAGE][PASSED] - Object: 'Object Repository/Page_- KAIZEN/apo_menuOperaciones' is clicked on

2020-01-24 15:42:47 - [TEST_STEP][PASSED] - click(findTestObject("Object Repository/Page_- KAIZEN/apo_menu_aprobacion_produccin")): Object: 'Object Repository/Page_- KAIZEN/apo_menu_aprobacion_produccin' is clicked on

2020-01-24 15:42:51 - [MESSAGE][PASSED] - Object: 'Object Repository/Page_- KAIZEN/apo_menu_aprobacion_produccin' is clicked on

2020-01-24 15:42:51 - [TEST_STEP][PASSED] - click(findTestObject("Object Repository/Page_Aprobacin de Produccin - KAIZEN/apo_click_aprobacion_produccin")): Object: 'Object Repository/Page_Aprobacin de Produccin - KAIZEN/apo_click_aprobacion_produccin' is clicked on

2020-01-24 15:42:52 - [MESSAGE][PASSED] - Object: 'Object Repository/Page_Aprobacin de Produccin - KAIZEN/apo_click_aprobacion_produccin' is clicked on

2020-01-24 15:42:52 - [TEST_STEP][PASSED] - click(findTestObject("Object Repository/Page_Aprobacin de Produccin - KAIZEN/apo_seleccione_cliente")): Object: 'Object Repository/Page_Aprobacin de Produccin - KAIZEN/apo_seleccione_cliente' is clicked on

2020-01-24 15:42:53 - [MESSAGE][PASSED] - Object: 'Object Repository/Page_Aprobacin de Produccin - KAIZEN/apo_seleccione_cliente' is clicked on

2020-01-24 15:42:53 - [TEST_STEP][PASSED] - click(findTestObject("Object Repository/Page_Aprobacin de Produccin - KAIZEN/apo_click_selecione_cliente")): Object: 'Object Repository/Page_Aprobacin de Produccin - KAIZEN/apo_click_selecione_cliente' is clicked on

2020-01-24 15:42:54 - [MESSAGE][PASSED] - Object: 'Object Repository/Page_Aprobacin de Produccin - KAIZEN/apo_click_selecione_cliente' is clicked on

2020-01-24 15:42:54 - [TEST_STEP][PASSED] - selectOptionByValue(findTestObject("Object Repository/Page_Aprobacin de Produccin - KAIZEN/apo_assing_selecione_cliente"), IDCliente, true): All options with value '1' are selected in object 'Object Repository/Page_Aprobacin de Produccin - KAIZEN/apo_assing_selecione_cliente'  using regular expression

2020-01-24 15:42:55 - [MESSAGE][PASSED] - All options with value '1' are selected in object 'Object Repository/Page_Aprobacin de Produccin - KAIZEN/apo_assing_selecione_cliente'  using regular expression

2020-01-24 15:42:55 - [TEST_STEP][PASSED] - click(findTestObject("Object Repository/Page_Aprobacin de Produccin - KAIZEN/apo_Buscar")): Object: 'Object Repository/Page_Aprobacin de Produccin - KAIZEN/apo_Buscar' is clicked on

2020-01-24 15:42:57 - [MESSAGE][PASSED] - Object: 'Object Repository/Page_Aprobacin de Produccin - KAIZEN/apo_Buscar' is clicked on

2020-01-24 15:42:57 - [TEST_STEP][PASSED] - executeJavaScript("document.querySelector('.btn-info[href="/PedidoLubricante/DetalleAprobacion/" + IDPedido + "?Ventana=3"]').click()", null): Execute JavaScript 'document.querySelector('.btn-info[href="/PedidoLubricante/DetalleAprobacion/121?Ventana=3"]').click()' successfully

2020-01-24 15:42:59 - [MESSAGE][PASSED] - Execute JavaScript 'document.querySelector('.btn-info[href="/PedidoLubricante/DetalleAprobacion/121?Ventana=3"]').click()' successfully

2020-01-24 15:42:59 - [TEST_STEP][PASSED] - delay(5): Delayed 5 second(s)

2020-01-24 15:43:04 - [MESSAGE][PASSED] - Delayed 5 second(s)

2020-01-24 15:43:04 - [TEST_STEP][PASSED] - if (AprobacionProduccion == "Aprobar"): null

2020-01-24 15:43:04 - [TEST_STEP][PASSED] - else: Object: 'Object Repository/Page_- KAIZEN/apo_btn_Aceptar' is clicked on

2020-01-24 15:43:04 - [TEST_STEP][PASSED] - click(findTestObject("Object Repository/Page_- KAIZEN/apo_Denegar")): Object: 'Object Repository/Page_- KAIZEN/apo_Denegar' is clicked on

2020-01-24 15:43:04 - [MESSAGE][PASSED] - Object: 'Object Repository/Page_- KAIZEN/apo_Denegar' is clicked on

2020-01-24 15:43:04 - [TEST_STEP][PASSED] - click(findTestObject("Object Repository/Page_- KAIZEN/apo_btn_Aceptar")): Object: 'Object Repository/Page_- KAIZEN/apo_btn_Aceptar' is clicked on

2020-01-24 15:43:05 - [MESSAGE][PASSED] - Object: 'Object Repository/Page_- KAIZEN/apo_btn_Aceptar' is clicked on

2020-01-24 15:43:05 - [TEST_STEP][PASSED] - delay(15): Delayed 15 second(s)

2020-01-24 15:43:20 - [MESSAGE][PASSED] - Delayed 15 second(s)

2020-01-24 15:43:20 - [MESSAGE][PASSED] - Call Test Case 'Test Cases/Individual_Tests_20pies/Aprobacion_Produccion' successfully]]></system-out>
         <system-err><![CDATA[]]></system-err>
      </testcase>
      <testcase name="Test Cases/Secuencias de Ejecucion/TC_Aprobar_Produccion_20pies" time="71.277" classname="Test Cases/Secuencias de Ejecucion/TC_Aprobar_Produccion_20pies" status="PASSED">
         <system-out><![CDATA[2020-01-24 15:43:20 - [TEST_CASE][PASSED] - Test Cases/Secuencias de Ejecucion/TC_Aprobar_Produccion_20pies: Test Cases/Secuencias de Ejecucion/TC_Aprobar_Produccion_20pies

2020-01-24 15:43:20 - [TEST_STEP][PASSED] - callTestCase(findTestCase("Individual_Tests_20pies/Login"), ["Usuario":Usuario, "Contrasena":Contrasena], STOP_ON_FAILURE): Call Test Case 'Test Cases/Individual_Tests_20pies/Login' successfully

2020-01-24 15:43:20 - [TEST_CASE][PASSED] - Test Cases/Individual_Tests_20pies/Login: Test Cases/Individual_Tests_20pies/Login

2020-01-24 15:43:20 - [TEST_STEP][PASSED] - openBrowser("http://test.kaizendev.net/Login/Accesar?salir=true"): Browser is opened with url: 'http://test.kaizendev.net/Login/Accesar?salir=true'

2020-01-24 15:43:20 - [MESSAGE][WARNING] - A browser is already opened. Closing browser and opening a new one

2020-01-24 15:43:21 - [MESSAGE][INFO] - Starting 'Chrome' driver

2020-01-24 15:43:45 - [MESSAGE][PASSED] - Browser is opened with url: 'http://test.kaizendev.net/Login/Accesar?salir=true'

2020-01-24 15:43:45 - [TEST_STEP][PASSED] - maximizeWindow(): Current window maximized

2020-01-24 15:43:49 - [MESSAGE][PASSED] - Current window maximized

2020-01-24 15:43:49 - [TEST_STEP][PASSED] - setText(findTestObject("Page_Iniciar Sesion - KAIZEN/is_input_email"), Usuario): Text 'automated.test@grupokaizen.net' is set on object 'Object Repository/Page_Iniciar Sesion - KAIZEN/is_input_email'

2020-01-24 15:43:50 - [MESSAGE][PASSED] - Text 'automated.test@grupokaizen.net' is set on object 'Object Repository/Page_Iniciar Sesion - KAIZEN/is_input_email'

2020-01-24 15:43:50 - [TEST_STEP][PASSED] - setEncryptedText(findTestObject("Page_Iniciar Sesion - KAIZEN/IS_input_contrasena"), Contrasena): Text ****** has been set on object 'Object Repository/Page_Iniciar Sesion - KAIZEN/IS_input_contrasena'

2020-01-24 15:43:51 - [MESSAGE][PASSED] - Text ****** has been set on object 'Object Repository/Page_Iniciar Sesion - KAIZEN/IS_input_contrasena'

2020-01-24 15:43:51 - [TEST_STEP][PASSED] - click(findTestObject("Page_Iniciar Sesion - KAIZEN/is_btn_ingresar_sistema")): Object: 'Object Repository/Page_Iniciar Sesion - KAIZEN/is_btn_ingresar_sistema' is clicked on

2020-01-24 15:43:55 - [MESSAGE][PASSED] - Object: 'Object Repository/Page_Iniciar Sesion - KAIZEN/is_btn_ingresar_sistema' is clicked on

2020-01-24 15:43:55 - [MESSAGE][PASSED] - Call Test Case 'Test Cases/Individual_Tests_20pies/Login' successfully

2020-01-24 15:43:55 - [TEST_STEP][PASSED] - callTestCase(findTestCase("Individual_Tests_20pies/Seleccionar_Idioma"), ["Idioma":Idioma], STOP_ON_FAILURE): Call Test Case 'Test Cases/Individual_Tests_20pies/Seleccionar_Idioma' successfully

2020-01-24 15:43:55 - [TEST_CASE][PASSED] - Test Cases/Individual_Tests_20pies/Seleccionar_Idioma: Test Cases/Individual_Tests_20pies/Seleccionar_Idioma

2020-01-24 15:43:55 - [TEST_STEP][PASSED] - click(findTestObject("Page_- KAIZEN/si_btn_idioma")): Object: 'Object Repository/Page_- KAIZEN/si_btn_idioma' is clicked on

2020-01-24 15:43:55 - [MESSAGE][PASSED] - Object: 'Object Repository/Page_- KAIZEN/si_btn_idioma' is clicked on

2020-01-24 15:43:55 - [TEST_STEP][PASSED] - if (Idioma == "0"): null

2020-01-24 15:43:55 - [TEST_STEP][PASSED] - else: Object: 'Object Repository/Page_- KAIZEN/si_Spanish' is clicked on

2020-01-24 15:43:55 - [TEST_STEP][PASSED] - click(findTestObject("Page_- KAIZEN/si_Spanish")): Object: 'Object Repository/Page_- KAIZEN/si_Spanish' is clicked on

2020-01-24 15:43:57 - [MESSAGE][PASSED] - Object: 'Object Repository/Page_- KAIZEN/si_Spanish' is clicked on

2020-01-24 15:43:57 - [MESSAGE][PASSED] - Call Test Case 'Test Cases/Individual_Tests_20pies/Seleccionar_Idioma' successfully

2020-01-24 15:43:57 - [TEST_STEP][PASSED] - callTestCase(findTestCase("Individual_Tests_20pies/Aprobacion_Produccion"), ["IDCliente":IDCliente, "CreadosDesde":CreadosDesde, "CreadosHasta":CreadosHasta, "IDPedido":IDPedido, "AprobacionProduccion":AprobacionProduccion], STOP_ON_FAILURE): Call Test Case 'Test Cases/Individual_Tests_20pies/Aprobacion_Produccion' successfully

2020-01-24 15:43:57 - [TEST_CASE][PASSED] - Test Cases/Individual_Tests_20pies/Aprobacion_Produccion: Test Cases/Individual_Tests_20pies/Aprobacion_Produccion

2020-01-24 15:43:57 - [TEST_STEP][PASSED] - click(findTestObject("Object Repository/Page_- KAIZEN/apo_menuOperaciones")): Object: 'Object Repository/Page_- KAIZEN/apo_menuOperaciones' is clicked on

2020-01-24 15:43:58 - [MESSAGE][PASSED] - Object: 'Object Repository/Page_- KAIZEN/apo_menuOperaciones' is clicked on

2020-01-24 15:43:58 - [TEST_STEP][PASSED] - click(findTestObject("Object Repository/Page_- KAIZEN/apo_menu_aprobacion_produccin")): Object: 'Object Repository/Page_- KAIZEN/apo_menu_aprobacion_produccin' is clicked on

2020-01-24 15:44:01 - [MESSAGE][PASSED] - Object: 'Object Repository/Page_- KAIZEN/apo_menu_aprobacion_produccin' is clicked on

2020-01-24 15:44:01 - [TEST_STEP][PASSED] - click(findTestObject("Object Repository/Page_Aprobacin de Produccin - KAIZEN/apo_click_aprobacion_produccin")): Object: 'Object Repository/Page_Aprobacin de Produccin - KAIZEN/apo_click_aprobacion_produccin' is clicked on

2020-01-24 15:44:02 - [MESSAGE][PASSED] - Object: 'Object Repository/Page_Aprobacin de Produccin - KAIZEN/apo_click_aprobacion_produccin' is clicked on

2020-01-24 15:44:02 - [TEST_STEP][PASSED] - click(findTestObject("Object Repository/Page_Aprobacin de Produccin - KAIZEN/apo_seleccione_cliente")): Object: 'Object Repository/Page_Aprobacin de Produccin - KAIZEN/apo_seleccione_cliente' is clicked on

2020-01-24 15:44:03 - [MESSAGE][PASSED] - Object: 'Object Repository/Page_Aprobacin de Produccin - KAIZEN/apo_seleccione_cliente' is clicked on

2020-01-24 15:44:03 - [TEST_STEP][PASSED] - click(findTestObject("Object Repository/Page_Aprobacin de Produccin - KAIZEN/apo_click_selecione_cliente")): Object: 'Object Repository/Page_Aprobacin de Produccin - KAIZEN/apo_click_selecione_cliente' is clicked on

2020-01-24 15:44:03 - [MESSAGE][PASSED] - Object: 'Object Repository/Page_Aprobacin de Produccin - KAIZEN/apo_click_selecione_cliente' is clicked on

2020-01-24 15:44:03 - [TEST_STEP][PASSED] - selectOptionByValue(findTestObject("Object Repository/Page_Aprobacin de Produccin - KAIZEN/apo_assing_selecione_cliente"), IDCliente, true): All options with value '8' are selected in object 'Object Repository/Page_Aprobacin de Produccin - KAIZEN/apo_assing_selecione_cliente'  using regular expression

2020-01-24 15:44:05 - [MESSAGE][PASSED] - All options with value '8' are selected in object 'Object Repository/Page_Aprobacin de Produccin - KAIZEN/apo_assing_selecione_cliente'  using regular expression

2020-01-24 15:44:05 - [TEST_STEP][PASSED] - click(findTestObject("Object Repository/Page_Aprobacin de Produccin - KAIZEN/apo_Buscar")): Object: 'Object Repository/Page_Aprobacin de Produccin - KAIZEN/apo_Buscar' is clicked on

2020-01-24 15:44:07 - [MESSAGE][PASSED] - Object: 'Object Repository/Page_Aprobacin de Produccin - KAIZEN/apo_Buscar' is clicked on

2020-01-24 15:44:07 - [TEST_STEP][PASSED] - executeJavaScript("document.querySelector('.btn-info[href="/PedidoLubricante/DetalleAprobacion/" + IDPedido + "?Ventana=3"]').click()", null): Execute JavaScript 'document.querySelector('.btn-info[href="/PedidoLubricante/DetalleAprobacion/125?Ventana=3"]').click()' successfully

2020-01-24 15:44:09 - [MESSAGE][PASSED] - Execute JavaScript 'document.querySelector('.btn-info[href="/PedidoLubricante/DetalleAprobacion/125?Ventana=3"]').click()' successfully

2020-01-24 15:44:09 - [TEST_STEP][PASSED] - delay(5): Delayed 5 second(s)

2020-01-24 15:44:14 - [MESSAGE][PASSED] - Delayed 5 second(s)

2020-01-24 15:44:14 - [TEST_STEP][PASSED] - if (AprobacionProduccion == "Aprobar"): Object: 'Object Repository/Page_- KAIZEN/apo_btn_Aceptar' is clicked on

2020-01-24 15:44:14 - [TEST_STEP][PASSED] - click(findTestObject("Object Repository/Page_- KAIZEN/apo_Aprobar")): Object: 'Object Repository/Page_- KAIZEN/apo_Aprobar' is clicked on

2020-01-24 15:44:14 - [MESSAGE][PASSED] - Object: 'Object Repository/Page_- KAIZEN/apo_Aprobar' is clicked on

2020-01-24 15:44:14 - [TEST_STEP][PASSED] - click(findTestObject("Object Repository/Page_- KAIZEN/apo_btn_Aceptar")): Object: 'Object Repository/Page_- KAIZEN/apo_btn_Aceptar' is clicked on

2020-01-24 15:44:16 - [MESSAGE][PASSED] - Object: 'Object Repository/Page_- KAIZEN/apo_btn_Aceptar' is clicked on

2020-01-24 15:44:16 - [TEST_STEP][PASSED] - delay(15): Delayed 15 second(s)

2020-01-24 15:44:31 - [MESSAGE][PASSED] - Delayed 15 second(s)

2020-01-24 15:44:31 - [MESSAGE][PASSED] - Call Test Case 'Test Cases/Individual_Tests_20pies/Aprobacion_Produccion' successfully]]></system-out>
         <system-err><![CDATA[]]></system-err>
      </testcase>
      <testcase name="Test Cases/Secuencias de Ejecucion/TC_Aprobar_Produccion_20pies" time="66.32" classname="Test Cases/Secuencias de Ejecucion/TC_Aprobar_Produccion_20pies" status="PASSED">
         <system-out><![CDATA[2020-01-24 15:44:31 - [TEST_CASE][PASSED] - Test Cases/Secuencias de Ejecucion/TC_Aprobar_Produccion_20pies: Test Cases/Secuencias de Ejecucion/TC_Aprobar_Produccion_20pies

2020-01-24 15:44:31 - [TEST_STEP][PASSED] - callTestCase(findTestCase("Individual_Tests_20pies/Login"), ["Usuario":Usuario, "Contrasena":Contrasena], STOP_ON_FAILURE): Call Test Case 'Test Cases/Individual_Tests_20pies/Login' successfully

2020-01-24 15:44:31 - [TEST_CASE][PASSED] - Test Cases/Individual_Tests_20pies/Login: Test Cases/Individual_Tests_20pies/Login

2020-01-24 15:44:31 - [TEST_STEP][PASSED] - openBrowser("http://test.kaizendev.net/Login/Accesar?salir=true"): Browser is opened with url: 'http://test.kaizendev.net/Login/Accesar?salir=true'

2020-01-24 15:44:31 - [MESSAGE][WARNING] - A browser is already opened. Closing browser and opening a new one

2020-01-24 15:44:32 - [MESSAGE][INFO] - Starting 'Chrome' driver

2020-01-24 15:44:50 - [MESSAGE][PASSED] - Browser is opened with url: 'http://test.kaizendev.net/Login/Accesar?salir=true'

2020-01-24 15:44:50 - [TEST_STEP][PASSED] - maximizeWindow(): Current window maximized

2020-01-24 15:44:54 - [MESSAGE][PASSED] - Current window maximized

2020-01-24 15:44:54 - [TEST_STEP][PASSED] - setText(findTestObject("Page_Iniciar Sesion - KAIZEN/is_input_email"), Usuario): Text 'automated.test@grupokaizen.net' is set on object 'Object Repository/Page_Iniciar Sesion - KAIZEN/is_input_email'

2020-01-24 15:44:55 - [MESSAGE][PASSED] - Text 'automated.test@grupokaizen.net' is set on object 'Object Repository/Page_Iniciar Sesion - KAIZEN/is_input_email'

2020-01-24 15:44:55 - [TEST_STEP][PASSED] - setEncryptedText(findTestObject("Page_Iniciar Sesion - KAIZEN/IS_input_contrasena"), Contrasena): Text ****** has been set on object 'Object Repository/Page_Iniciar Sesion - KAIZEN/IS_input_contrasena'

2020-01-24 15:44:55 - [MESSAGE][PASSED] - Text ****** has been set on object 'Object Repository/Page_Iniciar Sesion - KAIZEN/IS_input_contrasena'

2020-01-24 15:44:55 - [TEST_STEP][PASSED] - click(findTestObject("Page_Iniciar Sesion - KAIZEN/is_btn_ingresar_sistema")): Object: 'Object Repository/Page_Iniciar Sesion - KAIZEN/is_btn_ingresar_sistema' is clicked on

2020-01-24 15:45:02 - [MESSAGE][PASSED] - Object: 'Object Repository/Page_Iniciar Sesion - KAIZEN/is_btn_ingresar_sistema' is clicked on

2020-01-24 15:45:02 - [MESSAGE][PASSED] - Call Test Case 'Test Cases/Individual_Tests_20pies/Login' successfully

2020-01-24 15:45:02 - [TEST_STEP][PASSED] - callTestCase(findTestCase("Individual_Tests_20pies/Seleccionar_Idioma"), ["Idioma":Idioma], STOP_ON_FAILURE): Call Test Case 'Test Cases/Individual_Tests_20pies/Seleccionar_Idioma' successfully

2020-01-24 15:45:02 - [TEST_CASE][PASSED] - Test Cases/Individual_Tests_20pies/Seleccionar_Idioma: Test Cases/Individual_Tests_20pies/Seleccionar_Idioma

2020-01-24 15:45:02 - [TEST_STEP][PASSED] - click(findTestObject("Page_- KAIZEN/si_btn_idioma")): Object: 'Object Repository/Page_- KAIZEN/si_btn_idioma' is clicked on

2020-01-24 15:45:02 - [MESSAGE][PASSED] - Object: 'Object Repository/Page_- KAIZEN/si_btn_idioma' is clicked on

2020-01-24 15:45:02 - [TEST_STEP][PASSED] - if (Idioma == "0"): Object: 'Object Repository/Page_- KAIZEN/si_Ingles' is clicked on

2020-01-24 15:45:02 - [TEST_STEP][PASSED] - click(findTestObject("Page_- KAIZEN/si_Ingles")): Object: 'Object Repository/Page_- KAIZEN/si_Ingles' is clicked on

2020-01-24 15:45:05 - [MESSAGE][PASSED] - Object: 'Object Repository/Page_- KAIZEN/si_Ingles' is clicked on

2020-01-24 15:45:05 - [MESSAGE][PASSED] - Call Test Case 'Test Cases/Individual_Tests_20pies/Seleccionar_Idioma' successfully

2020-01-24 15:45:05 - [TEST_STEP][PASSED] - callTestCase(findTestCase("Individual_Tests_20pies/Aprobacion_Produccion"), ["IDCliente":IDCliente, "CreadosDesde":CreadosDesde, "CreadosHasta":CreadosHasta, "IDPedido":IDPedido, "AprobacionProduccion":AprobacionProduccion], STOP_ON_FAILURE): Call Test Case 'Test Cases/Individual_Tests_20pies/Aprobacion_Produccion' successfully

2020-01-24 15:45:05 - [TEST_CASE][PASSED] - Test Cases/Individual_Tests_20pies/Aprobacion_Produccion: Test Cases/Individual_Tests_20pies/Aprobacion_Produccion

2020-01-24 15:45:05 - [TEST_STEP][PASSED] - click(findTestObject("Object Repository/Page_- KAIZEN/apo_menuOperaciones")): Object: 'Object Repository/Page_- KAIZEN/apo_menuOperaciones' is clicked on

2020-01-24 15:45:05 - [MESSAGE][PASSED] - Object: 'Object Repository/Page_- KAIZEN/apo_menuOperaciones' is clicked on

2020-01-24 15:45:05 - [TEST_STEP][PASSED] - click(findTestObject("Object Repository/Page_- KAIZEN/apo_menu_aprobacion_produccin")): Object: 'Object Repository/Page_- KAIZEN/apo_menu_aprobacion_produccin' is clicked on

2020-01-24 15:45:09 - [MESSAGE][PASSED] - Object: 'Object Repository/Page_- KAIZEN/apo_menu_aprobacion_produccin' is clicked on

2020-01-24 15:45:09 - [TEST_STEP][PASSED] - click(findTestObject("Object Repository/Page_Aprobacin de Produccin - KAIZEN/apo_click_aprobacion_produccin")): Object: 'Object Repository/Page_Aprobacin de Produccin - KAIZEN/apo_click_aprobacion_produccin' is clicked on

2020-01-24 15:45:09 - [MESSAGE][PASSED] - Object: 'Object Repository/Page_Aprobacin de Produccin - KAIZEN/apo_click_aprobacion_produccin' is clicked on

2020-01-24 15:45:09 - [TEST_STEP][PASSED] - click(findTestObject("Object Repository/Page_Aprobacin de Produccin - KAIZEN/apo_seleccione_cliente")): Object: 'Object Repository/Page_Aprobacin de Produccin - KAIZEN/apo_seleccione_cliente' is clicked on

2020-01-24 15:45:10 - [MESSAGE][PASSED] - Object: 'Object Repository/Page_Aprobacin de Produccin - KAIZEN/apo_seleccione_cliente' is clicked on

2020-01-24 15:45:10 - [TEST_STEP][PASSED] - click(findTestObject("Object Repository/Page_Aprobacin de Produccin - KAIZEN/apo_click_selecione_cliente")): Object: 'Object Repository/Page_Aprobacin de Produccin - KAIZEN/apo_click_selecione_cliente' is clicked on

2020-01-24 15:45:11 - [MESSAGE][PASSED] - Object: 'Object Repository/Page_Aprobacin de Produccin - KAIZEN/apo_click_selecione_cliente' is clicked on

2020-01-24 15:45:11 - [TEST_STEP][PASSED] - selectOptionByValue(findTestObject("Object Repository/Page_Aprobacin de Produccin - KAIZEN/apo_assing_selecione_cliente"), IDCliente, true): All options with value '7' are selected in object 'Object Repository/Page_Aprobacin de Produccin - KAIZEN/apo_assing_selecione_cliente'  using regular expression

2020-01-24 15:45:13 - [MESSAGE][PASSED] - All options with value '7' are selected in object 'Object Repository/Page_Aprobacin de Produccin - KAIZEN/apo_assing_selecione_cliente'  using regular expression

2020-01-24 15:45:13 - [TEST_STEP][PASSED] - click(findTestObject("Object Repository/Page_Aprobacin de Produccin - KAIZEN/apo_Buscar")): Object: 'Object Repository/Page_Aprobacin de Produccin - KAIZEN/apo_Buscar' is clicked on

2020-01-24 15:45:15 - [MESSAGE][PASSED] - Object: 'Object Repository/Page_Aprobacin de Produccin - KAIZEN/apo_Buscar' is clicked on

2020-01-24 15:45:15 - [TEST_STEP][PASSED] - executeJavaScript("document.querySelector('.btn-info[href="/PedidoLubricante/DetalleAprobacion/" + IDPedido + "?Ventana=3"]').click()", null): Execute JavaScript 'document.querySelector('.btn-info[href="/PedidoLubricante/DetalleAprobacion/126?Ventana=3"]').click()' successfully

2020-01-24 15:45:16 - [MESSAGE][PASSED] - Execute JavaScript 'document.querySelector('.btn-info[href="/PedidoLubricante/DetalleAprobacion/126?Ventana=3"]').click()' successfully

2020-01-24 15:45:16 - [TEST_STEP][PASSED] - delay(5): Delayed 5 second(s)

2020-01-24 15:45:21 - [MESSAGE][PASSED] - Delayed 5 second(s)

2020-01-24 15:45:21 - [TEST_STEP][PASSED] - if (AprobacionProduccion == "Aprobar"): null

2020-01-24 15:45:21 - [TEST_STEP][PASSED] - else: Object: 'Object Repository/Page_- KAIZEN/apo_btn_Aceptar' is clicked on

2020-01-24 15:45:21 - [TEST_STEP][PASSED] - click(findTestObject("Object Repository/Page_- KAIZEN/apo_Denegar")): Object: 'Object Repository/Page_- KAIZEN/apo_Denegar' is clicked on

2020-01-24 15:45:22 - [MESSAGE][PASSED] - Object: 'Object Repository/Page_- KAIZEN/apo_Denegar' is clicked on

2020-01-24 15:45:22 - [TEST_STEP][PASSED] - click(findTestObject("Object Repository/Page_- KAIZEN/apo_btn_Aceptar")): Object: 'Object Repository/Page_- KAIZEN/apo_btn_Aceptar' is clicked on

2020-01-24 15:45:23 - [MESSAGE][PASSED] - Object: 'Object Repository/Page_- KAIZEN/apo_btn_Aceptar' is clicked on

2020-01-24 15:45:23 - [TEST_STEP][PASSED] - delay(15): Delayed 15 second(s)

2020-01-24 15:45:38 - [MESSAGE][PASSED] - Delayed 15 second(s)

2020-01-24 15:45:38 - [MESSAGE][PASSED] - Call Test Case 'Test Cases/Individual_Tests_20pies/Aprobacion_Produccion' successfully]]></system-out>
         <system-err><![CDATA[]]></system-err>
      </testcase>
      <system-out><![CDATA[2020-01-24 15:39:42 - [TEST_SUITE][PASSED] - Aprobaciones_TestSuites: Test Cases/Secuencias de Ejecucion/TC_Aprobar_Produccion_20pies]]></system-out>
      <system-err><![CDATA[]]></system-err>
   </testsuite>
</testsuites>
