<?xml version="1.0" encoding="UTF-8"?>
<testsuites name="Flujo Completo 40 pies" time="1244.987" tests="14" failures="1" errors="0">
   <testsuite name="Flujo Completo 40 pies" tests="14" failures="1" errors="0" time="1244.987" timestamp="2020-03-13 11:39:43" hostname="kaizen - LAPTOP-K43U1BVQ" id="Test Suites/Funcionalidades_Pedidos/Flujo Completo 40 pies">
      <properties>
         <property name="deviceName" value=""/>
         <property name="devicePlatform" value=""/>
         <property name="logFolder" value="C:\\Users\\kaizen\\git\\AutomatizacionKatalon\\Reports\\20200313_113935\\Funcionalidades_Pedidos\\Flujo Completo 40 pies\\20200313_113935"/>
         <property name="logFiles" value="C:\\Users\\kaizen\\git\\AutomatizacionKatalon\\Reports\\20200313_113935\\Funcionalidades_Pedidos\\Flujo Completo 40 pies\\20200313_113935\\execution0.log"/>
         <property name="attachments" value="C:\\Users\\kaizen\\git\\AutomatizacionKatalon\\Reports\\20200313_113935\\Funcionalidades_Pedidos\\Flujo Completo 40 pies\\20200313_113935\\1584115215247.png"/>
         <property name="hostName" value="kaizen - LAPTOP-K43U1BVQ"/>
         <property name="os" value="Windows 10 64bit"/>
         <property name="katalonVersion" value="7.2.1.1"/>
         <property name="browser" value="Chrome 80.0.3987.132"/>
         <property name="hostAddress" value="192.168.99.1"/>
         <property name="sessionId" value="17e95f4eb308c85fecd45eef53f27854"/>
         <property name="seleniumVersion" value="3.141.59"/>
         <property name="proxyInformation" value="ProxyInformation{proxyOption=NO_PROXY, proxyServerType=HTTP, password=, proxyServerAddress=, proxyServerPort=0, executionList=}"/>
         <property name="platform" value="Windows 10"/>
      </properties>
      <testcase name="Test Cases/Generar_Excels_Secuencias/TC_Generar_Excel_Pedidos_40pies" time="5.008" classname="Test Cases/Generar_Excels_Secuencias/TC_Generar_Excel_Pedidos_40pies" status="PASSED">
         <system-out><![CDATA[2020-03-13 11:39:43 - [TEST_CASE][PASSED] - Test Cases/Generar_Excels_Secuencias/TC_Generar_Excel_Pedidos_40pies: Test Cases/Generar_Excels_Secuencias/TC_Generar_Excel_Pedidos_40pies

2020-03-13 11:39:44 - [TEST_STEP][PASSED] - python.ejecutarAleatoriosPython.runPython("Crear40"): python.ejecutarAleatoriosPython.runPython is PASSED

2020-03-13 11:39:48 - [MESSAGE][PASSED] - python.ejecutarAleatoriosPython.runPython is PASSED]]></system-out>
         <system-err><![CDATA[]]></system-err>
      </testcase>
      <testcase name="Test Cases/Secuencias de Ejecucion/TC_Crear_Pedido_40pies" time="368.177" classname="Test Cases/Secuencias de Ejecucion/TC_Crear_Pedido_40pies" status="PASSED">
         <system-out><![CDATA[2020-03-13 11:39:48 - [TEST_CASE][PASSED] - Test Cases/Secuencias de Ejecucion/TC_Crear_Pedido_40pies: Test Cases/Secuencias de Ejecucion/TC_Crear_Pedido_40pies

2020-03-13 11:39:49 - [TEST_STEP][PASSED] - archivo = $RunConfiguration.getProjectDir()/Pedidos/DataExcel/Crear_Pedido40pies.xlsx: null

2020-03-13 11:39:49 - [TEST_STEP][PASSED] - excelData = getExcelDataWithDefaultSheet(archivo, "Sheet1", true): null

2020-03-13 11:39:50 - [TEST_STEP][PASSED] - for ([Index = 1, Index <= excelData.getRowNumbers(), (Index++)]): Call Test Case 'Test Cases/Individual_Tests/Seleccionar_Productos40pies' successfully

2020-03-13 11:39:50 - [TEST_STEP][PASSED] - callTestCase(findTestCase("Individual_Tests/Login"), ["Evento":"Crear40", "Index":Index], STOP_ON_FAILURE): Call Test Case 'Test Cases/Individual_Tests/Login' successfully

2020-03-13 11:39:50 - [TEST_CASE][PASSED] - Test Cases/Individual_Tests/Login: Test Cases/Individual_Tests/Login

2020-03-13 11:39:50 - [TEST_STEP][PASSED] - print("Evento Seleccionado: " + Evento + "
"): null

2020-03-13 11:39:50 - [TEST_STEP][PASSED] - openBrowser(Web): Browser is opened with url: 'http://kaizendev.net:8086/Login/Accesar'

2020-03-13 11:39:51 - [MESSAGE][INFO] - Starting 'Chrome' driver

2020-03-13 11:39:51 - [MESSAGE][INFO] - Action delay is set to 0 seconds

2020-03-13 11:40:03 - [MESSAGE][PASSED] - Browser is opened with url: 'http://kaizendev.net:8086/Login/Accesar'

2020-03-13 11:40:03 - [TEST_STEP][PASSED] - maximizeWindow(): Current window maximized

2020-03-13 11:40:04 - [MESSAGE][PASSED] - Current window maximized

2020-03-13 11:40:04 - [TEST_STEP][PASSED] - if (Evento == "Crear20"): null

2020-03-13 11:40:04 - [TEST_STEP][PASSED] - else if (Evento == "Crear40"): Object: 'Object Repository/Page_Iniciar Sesion - KAIZEN/is_btn_ingresar_sistema' is clicked on

2020-03-13 11:40:04 - [TEST_STEP][PASSED] - data7 = obtener_excels.obtener_pedidos40pies.getValuesExcelCreate40(Index): obtener_excels.obtener_pedidos40pies.getValuesExcelCreate40 is PASSED

2020-03-13 11:40:05 - [MESSAGE][PASSED] - obtener_excels.obtener_pedidos40pies.getValuesExcelCreate40 is PASSED

2020-03-13 11:40:05 - [TEST_STEP][PASSED] - Usuario = data7[1]: null

2020-03-13 11:40:05 - [TEST_STEP][PASSED] - Contrasena = data7[2]: null

2020-03-13 11:40:05 - [TEST_STEP][PASSED] - setText(findTestObject("Page_Iniciar Sesion - KAIZEN/is_input_email"), Usuario): Text 'automated.test@grupokaizen.net' is set on object 'Object Repository/Page_Iniciar Sesion - KAIZEN/is_input_email'

2020-03-13 11:40:06 - [MESSAGE][PASSED] - Text 'automated.test@grupokaizen.net' is set on object 'Object Repository/Page_Iniciar Sesion - KAIZEN/is_input_email'

2020-03-13 11:40:06 - [TEST_STEP][PASSED] - setEncryptedText(findTestObject("Page_Iniciar Sesion - KAIZEN/IS_input_contrasena"), Contrasena): Text ****** has been set on object 'Object Repository/Page_Iniciar Sesion - KAIZEN/IS_input_contrasena'

2020-03-13 11:40:06 - [MESSAGE][PASSED] - Text ****** has been set on object 'Object Repository/Page_Iniciar Sesion - KAIZEN/IS_input_contrasena'

2020-03-13 11:40:06 - [TEST_STEP][PASSED] - click(findTestObject("Page_Iniciar Sesion - KAIZEN/is_btn_ingresar_sistema")): Object: 'Object Repository/Page_Iniciar Sesion - KAIZEN/is_btn_ingresar_sistema' is clicked on

2020-03-13 11:40:09 - [MESSAGE][PASSED] - Object: 'Object Repository/Page_Iniciar Sesion - KAIZEN/is_btn_ingresar_sistema' is clicked on

2020-03-13 11:40:09 - [MESSAGE][PASSED] - Call Test Case 'Test Cases/Individual_Tests/Login' successfully

2020-03-13 11:40:09 - [TEST_STEP][PASSED] - callTestCase(findTestCase("Individual_Tests/Seleccionar_Idioma"), ["Evento":"Crear40", "Index":Index], STOP_ON_FAILURE): Call Test Case 'Test Cases/Individual_Tests/Seleccionar_Idioma' successfully

2020-03-13 11:40:09 - [TEST_CASE][PASSED] - Test Cases/Individual_Tests/Seleccionar_Idioma: Test Cases/Individual_Tests/Seleccionar_Idioma

2020-03-13 11:40:09 - [TEST_STEP][PASSED] - Idioma = 0: null

2020-03-13 11:40:09 - [TEST_STEP][PASSED] - if (Evento == "Crear20"): null

2020-03-13 11:40:09 - [TEST_STEP][PASSED] - else if (Evento == "Crear40"): null

2020-03-13 11:40:09 - [TEST_STEP][PASSED] - data7 = obtener_excels.obtener_pedidos40pies.getValuesExcelCreate40(Index): obtener_excels.obtener_pedidos40pies.getValuesExcelCreate40 is PASSED

2020-03-13 11:40:09 - [MESSAGE][PASSED] - obtener_excels.obtener_pedidos40pies.getValuesExcelCreate40 is PASSED

2020-03-13 11:40:09 - [TEST_STEP][PASSED] - Idioma = data7[0]: null

2020-03-13 11:40:09 - [TEST_STEP][PASSED] - click(findTestObject("Page_- KAIZEN/si_btn_idioma")): Object: 'Object Repository/Page_- KAIZEN/si_btn_idioma' is clicked on

2020-03-13 11:40:10 - [MESSAGE][PASSED] - Object: 'Object Repository/Page_- KAIZEN/si_btn_idioma' is clicked on

2020-03-13 11:40:10 - [TEST_STEP][PASSED] - if (Idioma == "0"): null

2020-03-13 11:40:10 - [TEST_STEP][PASSED] - else: Object: 'Object Repository/Page_- KAIZEN/si_Spanish' is clicked on

2020-03-13 11:40:10 - [TEST_STEP][PASSED] - click(findTestObject("Page_- KAIZEN/si_Spanish")): Object: 'Object Repository/Page_- KAIZEN/si_Spanish' is clicked on

2020-03-13 11:40:11 - [MESSAGE][PASSED] - Object: 'Object Repository/Page_- KAIZEN/si_Spanish' is clicked on

2020-03-13 11:40:11 - [MESSAGE][PASSED] - Call Test Case 'Test Cases/Individual_Tests/Seleccionar_Idioma' successfully

2020-03-13 11:40:11 - [TEST_STEP][PASSED] - callTestCase(findTestCase("Individual_Tests/Anadir_pedido"), [:], STOP_ON_FAILURE): Call Test Case 'Test Cases/Individual_Tests/Anadir_pedido' successfully

2020-03-13 11:40:11 - [TEST_CASE][PASSED] - Test Cases/Individual_Tests/Anadir_pedido: Test Cases/Individual_Tests/Anadir_pedido

2020-03-13 11:40:12 - [TEST_STEP][PASSED] - click(findTestObject("Page_- KAIZEN/bp_menu_pedido")): Object: 'Object Repository/Page_- KAIZEN/bp_menu_pedido' is clicked on

2020-03-13 11:40:12 - [MESSAGE][PASSED] - Object: 'Object Repository/Page_- KAIZEN/bp_menu_pedido' is clicked on

2020-03-13 11:40:12 - [TEST_STEP][PASSED] - click(findTestObject("Page_- KAIZEN/bp_click_menu_pedido")): Object: 'Object Repository/Page_- KAIZEN/bp_click_menu_pedido' is clicked on

2020-03-13 11:40:15 - [MESSAGE][PASSED] - Object: 'Object Repository/Page_- KAIZEN/bp_click_menu_pedido' is clicked on

2020-03-13 11:40:15 - [TEST_STEP][PASSED] - click(findTestObject("Page_Pedidos de Lubricantes - KAIZEN/ap_btn_agregar")): Object: 'Object Repository/Page_Pedidos de Lubricantes - KAIZEN/ap_btn_agregar' is clicked on

2020-03-13 11:40:21 - [MESSAGE][PASSED] - Object: 'Object Repository/Page_Pedidos de Lubricantes - KAIZEN/ap_btn_agregar' is clicked on

2020-03-13 11:40:21 - [MESSAGE][PASSED] - Call Test Case 'Test Cases/Individual_Tests/Anadir_pedido' successfully

2020-03-13 11:40:21 - [TEST_STEP][PASSED] - callTestCase(findTestCase("Individual_Tests/Seleccionar_Cliente"), ["Evento":"Crear40", "Index":Index], STOP_ON_FAILURE): Call Test Case 'Test Cases/Individual_Tests/Seleccionar_Cliente' successfully

2020-03-13 11:40:21 - [TEST_CASE][PASSED] - Test Cases/Individual_Tests/Seleccionar_Cliente: Test Cases/Individual_Tests/Seleccionar_Cliente

2020-03-13 11:40:21 - [TEST_STEP][PASSED] - Nombre = <not implemented yet for class: org.codehaus.groovy.ast.expr.EmptyExpression>: null

2020-03-13 11:40:21 - [TEST_STEP][PASSED] - Direccion = <not implemented yet for class: org.codehaus.groovy.ast.expr.EmptyExpression>: null

2020-03-13 11:40:21 - [TEST_STEP][PASSED] - Contenedor = <not implemented yet for class: org.codehaus.groovy.ast.expr.EmptyExpression>: null

2020-03-13 11:40:21 - [TEST_STEP][PASSED] - if (Evento == "Crear20"): null

2020-03-13 11:40:21 - [TEST_STEP][PASSED] - else if (Evento == "Crear40"): null

2020-03-13 11:40:21 - [TEST_STEP][PASSED] - data = obtener_excels.obtener_pedidos40pies.getValuesExcelCreate40(Index): obtener_excels.obtener_pedidos40pies.getValuesExcelCreate40 is PASSED

2020-03-13 11:40:22 - [MESSAGE][PASSED] - obtener_excels.obtener_pedidos40pies.getValuesExcelCreate40 is PASSED

2020-03-13 11:40:22 - [TEST_STEP][PASSED] - Nombre = data[3]: null

2020-03-13 11:40:22 - [TEST_STEP][PASSED] - Direccion = data[4]: null

2020-03-13 11:40:22 - [TEST_STEP][PASSED] - Contenedor = data[5]: null

2020-03-13 11:40:22 - [TEST_STEP][PASSED] - delay(2): Delayed 2 second(s)

2020-03-13 11:40:24 - [MESSAGE][PASSED] - Delayed 2 second(s)

2020-03-13 11:40:24 - [TEST_STEP][PASSED] - element = executeJavaScript("return document.getElementById('ID_CLIENTE_LIST').value;", null): Execute JavaScript 'return document.getElementById('ID_CLIENTE_LIST').value;' successfully

2020-03-13 11:40:24 - [MESSAGE][PASSED] - Execute JavaScript 'return document.getElementById('ID_CLIENTE_LIST').value;' successfully

2020-03-13 11:40:24 - [TEST_STEP][PASSED] - if (element == Nombre): null

2020-03-13 11:40:24 - [TEST_STEP][PASSED] - else: Object: 'Object Repository/Page_- KAIZEN/sc_btn_next' is clicked on

2020-03-13 11:40:24 - [TEST_STEP][PASSED] - print(Nombre + "
"): null

2020-03-13 11:40:24 - [TEST_STEP][PASSED] - click(findTestObject("Page_- KAIZEN/sc_select_cliente1")): Object: 'Object Repository/Page_- KAIZEN/sc_select_cliente1' is clicked on

2020-03-13 11:40:24 - [MESSAGE][PASSED] - Object: 'Object Repository/Page_- KAIZEN/sc_select_cliente1' is clicked on

2020-03-13 11:40:24 - [TEST_STEP][PASSED] - click(findTestObject("Page_- KAIZEN/sc_select_cliente2")): Object: 'Object Repository/Page_- KAIZEN/sc_select_cliente2' is clicked on

2020-03-13 11:40:25 - [MESSAGE][PASSED] - Object: 'Object Repository/Page_- KAIZEN/sc_select_cliente2' is clicked on

2020-03-13 11:40:25 - [TEST_STEP][PASSED] - waitForElementPresent(findTestObject("Page_- KAIZEN/sc_select_cliente3"), 5): Object 'Object Repository/Page_- KAIZEN/sc_select_cliente3' is present

2020-03-13 11:40:25 - [MESSAGE][PASSED] - Object 'Object Repository/Page_- KAIZEN/sc_select_cliente3' is present

2020-03-13 11:40:25 - [TEST_STEP][PASSED] - selectOptionByValue(findTestObject("Page_- KAIZEN/sc_select_cliente3"), Nombre.toString(), true): All options with value '2' are selected in object 'Object Repository/Page_- KAIZEN/sc_select_cliente3'  using regular expression

2020-03-13 11:40:28 - [MESSAGE][PASSED] - All options with value '2' are selected in object 'Object Repository/Page_- KAIZEN/sc_select_cliente3'  using regular expression

2020-03-13 11:40:28 - [TEST_STEP][PASSED] - waitForElementPresent(findTestObject("Page_- KAIZEN/sc_span_select_address"), 5): Object 'Object Repository/Page_- KAIZEN/sc_span_select_address' is present

2020-03-13 11:40:29 - [MESSAGE][PASSED] - Object 'Object Repository/Page_- KAIZEN/sc_span_select_address' is present

2020-03-13 11:40:29 - [TEST_STEP][PASSED] - click(findTestObject("Page_- KAIZEN/sc_span_select_address")): Object: 'Object Repository/Page_- KAIZEN/sc_span_select_address' is clicked on

2020-03-13 11:40:29 - [MESSAGE][PASSED] - Object: 'Object Repository/Page_- KAIZEN/sc_span_select_address' is clicked on

2020-03-13 11:40:29 - [TEST_STEP][PASSED] - selectOptionByValue(findTestObject("Page_- KAIZEN/sc_assing_select_address"), Direccion, true): All options with value '8' are selected in object 'Object Repository/Page_- KAIZEN/sc_assing_select_address'  using regular expression

2020-03-13 11:40:30 - [MESSAGE][PASSED] - All options with value '8' are selected in object 'Object Repository/Page_- KAIZEN/sc_assing_select_address'  using regular expression

2020-03-13 11:40:30 - [TEST_STEP][PASSED] - delay(5): Delayed 5 second(s)

2020-03-13 11:40:35 - [MESSAGE][PASSED] - Delayed 5 second(s)

2020-03-13 11:40:35 - [TEST_STEP][PASSED] - if (Contenedor == "20"): null

2020-03-13 11:40:35 - [TEST_STEP][PASSED] - else: Execute JavaScript 'document.querySelector(".btn-primary[onclick='opcCont(40)']").click()' successfully

2020-03-13 11:40:35 - [TEST_STEP][PASSED] - executeJavaScript("document.querySelector(".btn-primary[onclick='opcCont(40)']").click()", null): Execute JavaScript 'document.querySelector(".btn-primary[onclick='opcCont(40)']").click()' successfully

2020-03-13 11:40:36 - [MESSAGE][PASSED] - Execute JavaScript 'document.querySelector(".btn-primary[onclick='opcCont(40)']").click()' successfully

2020-03-13 11:40:36 - [TEST_STEP][PASSED] - delay(2): Delayed 2 second(s)

2020-03-13 11:40:38 - [MESSAGE][PASSED] - Delayed 2 second(s)

2020-03-13 11:40:38 - [TEST_STEP][PASSED] - waitForElementVisible(findTestObject("Page_- KAIZEN/sc_btn_next"), 3): Object 'Object Repository/Page_- KAIZEN/sc_btn_next' is visible

2020-03-13 11:40:38 - [MESSAGE][PASSED] - Object 'Object Repository/Page_- KAIZEN/sc_btn_next' is visible

2020-03-13 11:40:38 - [TEST_STEP][PASSED] - click(findTestObject("Page_- KAIZEN/sc_btn_next")): Object: 'Object Repository/Page_- KAIZEN/sc_btn_next' is clicked on

2020-03-13 11:40:39 - [MESSAGE][PASSED] - Object: 'Object Repository/Page_- KAIZEN/sc_btn_next' is clicked on

2020-03-13 11:40:39 - [MESSAGE][PASSED] - Call Test Case 'Test Cases/Individual_Tests/Seleccionar_Cliente' successfully

2020-03-13 11:40:39 - [TEST_STEP][PASSED] - callTestCase(findTestCase("Individual_Tests/Seleccionar_Incoterm"), ["Evento":"Crear40", "Index":Index], STOP_ON_FAILURE): Call Test Case 'Test Cases/Individual_Tests/Seleccionar_Incoterm' successfully

2020-03-13 11:40:39 - [TEST_CASE][PASSED] - Test Cases/Individual_Tests/Seleccionar_Incoterm: Test Cases/Individual_Tests/Seleccionar_Incoterm

2020-03-13 11:40:39 - [TEST_STEP][PASSED] - Incoterm = <not implemented yet for class: org.codehaus.groovy.ast.expr.EmptyExpression>: null

2020-03-13 11:40:39 - [TEST_STEP][PASSED] - if (Evento == "Crear20"): null

2020-03-13 11:40:39 - [TEST_STEP][PASSED] - else if (Evento == "Crear40"): null

2020-03-13 11:40:39 - [TEST_STEP][PASSED] - data = obtener_excels.obtener_pedidos40pies.getValuesExcelCreate40(Index): obtener_excels.obtener_pedidos40pies.getValuesExcelCreate40 is PASSED

2020-03-13 11:40:39 - [MESSAGE][PASSED] - obtener_excels.obtener_pedidos40pies.getValuesExcelCreate40 is PASSED

2020-03-13 11:40:39 - [TEST_STEP][PASSED] - Incoterm = data[6]: null

2020-03-13 11:40:39 - [TEST_STEP][PASSED] - selectOptionByValue(findTestObject("Page_- KAIZEN/sin_select_incoterm"), Incoterm, true): All options with value 'EXW' are selected in object 'Object Repository/Page_- KAIZEN/sin_select_incoterm'  using regular expression

2020-03-13 11:40:40 - [MESSAGE][PASSED] - All options with value 'EXW' are selected in object 'Object Repository/Page_- KAIZEN/sin_select_incoterm'  using regular expression

2020-03-13 11:40:40 - [TEST_STEP][PASSED] - click(findTestObject("Page_- KAIZEN/sc_btn_next")): Object: 'Object Repository/Page_- KAIZEN/sc_btn_next' is clicked on

2020-03-13 11:40:41 - [MESSAGE][PASSED] - Object: 'Object Repository/Page_- KAIZEN/sc_btn_next' is clicked on

2020-03-13 11:40:41 - [MESSAGE][PASSED] - Call Test Case 'Test Cases/Individual_Tests/Seleccionar_Incoterm' successfully

2020-03-13 11:40:41 - [TEST_STEP][PASSED] - callTestCase(findTestCase("Individual_Tests/Seleccionar_Opcion_Compra"), ["Evento":"Crear40", "Index":Index], STOP_ON_FAILURE): Call Test Case 'Test Cases/Individual_Tests/Seleccionar_Opcion_Compra' successfully

2020-03-13 11:40:41 - [TEST_CASE][PASSED] - Test Cases/Individual_Tests/Seleccionar_Opcion_Compra: Test Cases/Individual_Tests/Seleccionar_Opcion_Compra

2020-03-13 11:40:41 - [TEST_STEP][PASSED] - OpCompra1 = 0: null

2020-03-13 11:40:41 - [TEST_STEP][PASSED] - if (Evento == "Crear20"): null

2020-03-13 11:40:41 - [TEST_STEP][PASSED] - else if (Evento == "Crear40"): null

2020-03-13 11:40:41 - [TEST_STEP][PASSED] - OpCompra1 = OpcionCompra: null

2020-03-13 11:40:41 - [TEST_STEP][PASSED] - delay(7): Delayed 7 second(s)

2020-03-13 11:40:48 - [MESSAGE][PASSED] - Delayed 7 second(s)

2020-03-13 11:40:48 - [TEST_STEP][PASSED] - waitForElementClickable(findTestObject("Page_- KAIZEN/so_SelectorOP"), 7): Object 'Object Repository/Page_- KAIZEN/so_SelectorOP' is clickable

2020-03-13 11:40:49 - [MESSAGE][PASSED] - Object 'Object Repository/Page_- KAIZEN/so_SelectorOP' is clickable

2020-03-13 11:40:49 - [TEST_STEP][PASSED] - delay(3): Delayed 3 second(s)

2020-03-13 11:40:52 - [MESSAGE][PASSED] - Delayed 3 second(s)

2020-03-13 11:40:52 - [TEST_STEP][PASSED] - click(findTestObject("Page_- KAIZEN/so_select_SeleccioneOPCION")): Object: 'Object Repository/Page_- KAIZEN/so_select_SeleccioneOPCION' is clicked on

2020-03-13 11:40:52 - [MESSAGE][PASSED] - Object: 'Object Repository/Page_- KAIZEN/so_select_SeleccioneOPCION' is clicked on

2020-03-13 11:40:52 - [TEST_STEP][PASSED] - selectOptionByValue(findTestObject("Page_- KAIZEN/so_select_SeleccioneOPCION"), OpCompra1, true): All options with value '23' are selected in object 'Object Repository/Page_- KAIZEN/so_select_SeleccioneOPCION'  using regular expression

2020-03-13 11:40:55 - [MESSAGE][PASSED] - All options with value '23' are selected in object 'Object Repository/Page_- KAIZEN/so_select_SeleccioneOPCION'  using regular expression

2020-03-13 11:40:55 - [TEST_STEP][PASSED] - waitForElementPresent(findTestObject("Page_- KAIZEN/sc_btn_next"), 7): Object 'Object Repository/Page_- KAIZEN/sc_btn_next' is present

2020-03-13 11:40:55 - [MESSAGE][PASSED] - Object 'Object Repository/Page_- KAIZEN/sc_btn_next' is present

2020-03-13 11:40:55 - [TEST_STEP][PASSED] - click(findTestObject("Page_- KAIZEN/sc_btn_next")): Object: 'Object Repository/Page_- KAIZEN/sc_btn_next' is clicked on

2020-03-13 11:40:56 - [MESSAGE][PASSED] - Object: 'Object Repository/Page_- KAIZEN/sc_btn_next' is clicked on

2020-03-13 11:40:56 - [MESSAGE][PASSED] - Call Test Case 'Test Cases/Individual_Tests/Seleccionar_Opcion_Compra' successfully

2020-03-13 11:40:56 - [TEST_STEP][PASSED] - callTestCase(findTestCase("Individual_Tests/Seleccionar_Productos40pies"), ["Index":Index], STOP_ON_FAILURE): Call Test Case 'Test Cases/Individual_Tests/Seleccionar_Productos40pies' successfully

2020-03-13 11:40:56 - [TEST_CASE][PASSED] - Test Cases/Individual_Tests/Seleccionar_Productos40pies: Test Cases/Individual_Tests/Seleccionar_Productos40pies

2020-03-13 11:40:56 - [TEST_STEP][PASSED] - data = obtener_excels.obtener_pedidos40pies.getValuesExcelCreate40(Index): obtener_excels.obtener_pedidos40pies.getValuesExcelCreate40 is PASSED

2020-03-13 11:40:56 - [MESSAGE][PASSED] - obtener_excels.obtener_pedidos40pies.getValuesExcelCreate40 is PASSED

2020-03-13 11:40:56 - [TEST_STEP][PASSED] - IDProductoSoportaPeso = data[9]: null

2020-03-13 11:40:56 - [TEST_STEP][PASSED] - IDProductoNoSoportaPeso = data[11]: null

2020-03-13 11:40:56 - [TEST_STEP][PASSED] - Cantidad = <not implemented yet for class: org.codehaus.groovy.ast.expr.EmptyExpression>: null

2020-03-13 11:40:56 - [TEST_STEP][PASSED] - Iterar = data[13]: null

2020-03-13 11:40:56 - [TEST_STEP][PASSED] - CapacidadDisponible = data[8].toInteger(): null

2020-03-13 11:40:56 - [TEST_STEP][PASSED] - PesoProducto = data[10].toInteger(): null

2020-03-13 11:40:56 - [TEST_STEP][PASSED] - PesoProducto2 = data[12].toInteger(): null

2020-03-13 11:40:56 - [TEST_STEP][PASSED] - CantidadBase = <not implemented yet for class: org.codehaus.groovy.ast.expr.EmptyExpression>: null

2020-03-13 11:40:56 - [TEST_STEP][PASSED] - CantidadAñadida = <not implemented yet for class: org.codehaus.groovy.ast.expr.EmptyExpression>: null

2020-03-13 11:40:56 - [TEST_STEP][PASSED] - CantidadRestante = <not implemented yet for class: org.codehaus.groovy.ast.expr.EmptyExpression>: null

2020-03-13 11:40:56 - [TEST_STEP][PASSED] - Elementos = <not implemented yet for class: org.codehaus.groovy.ast.expr.EmptyExpression>: null

2020-03-13 11:40:56 - [TEST_STEP][PASSED] - cantProductos = Iterar.toInteger(): null

2020-03-13 11:40:56 - [TEST_STEP][PASSED] - CantidadSoporta = <not implemented yet for class: org.codehaus.groovy.ast.expr.EmptyExpression>: null

2020-03-13 11:40:56 - [TEST_STEP][PASSED] - CantidadNoSoporta = <not implemented yet for class: org.codehaus.groovy.ast.expr.EmptyExpression>: null

2020-03-13 11:40:56 - [TEST_STEP][PASSED] - print(Iterar): null

2020-03-13 11:40:56 - [TEST_STEP][PASSED] - IDPedidoCreado = executeJavaScript("return document.getElementById('IdPedido').value;", null): Execute JavaScript 'return document.getElementById('IdPedido').value;' successfully

2020-03-13 11:40:56 - [MESSAGE][PASSED] - Execute JavaScript 'return document.getElementById('IdPedido').value;' successfully

2020-03-13 11:40:56 - [TEST_STEP][PASSED] - IDPedidoCreado1 = IDPedidoCreado.toInteger(): null

2020-03-13 11:40:56 - [TEST_STEP][PASSED] - exportar_archivos.Ex_guardar_pedidos_creados.demoKey(IDPedidoCreado1, cantProductos): exportar_archivos.Ex_guardar_pedidos_creados.demoKey is PASSED

2020-03-13 11:40:57 - [MESSAGE][PASSED] - exportar_archivos.Ex_guardar_pedidos_creados.demoKey is PASSED

2020-03-13 11:40:57 - [TEST_STEP][PASSED] - boton = executeJavaScript("return document.getElementById("btn_next").style.display;", null): Execute JavaScript 'return document.getElementById("btn_next").style.display;' successfully

2020-03-13 11:40:57 - [MESSAGE][PASSED] - Execute JavaScript 'return document.getElementById("btn_next").style.display;' successfully

2020-03-13 11:40:57 - [TEST_STEP][PASSED] - if (boton == "block"): null

2020-03-13 11:40:57 - [TEST_STEP][PASSED] - else: Browser is closed

2020-03-13 11:40:57 - [TEST_STEP][PASSED] - if (Iterar == "1" && PesoProducto <= CapacidadDisponible): Browser is closed

2020-03-13 11:40:57 - [TEST_STEP][PASSED] - CantidadBase = CandidadSoporta: null

2020-03-13 11:40:57 - [TEST_STEP][PASSED] - Cantidad = CantidadBase: null

2020-03-13 11:40:57 - [TEST_STEP][PASSED] - Producto = IDProductoSoportaPeso: null

2020-03-13 11:40:57 - [TEST_STEP][PASSED] - click(findTestObject("Page_- KAIZEN/sp_Element_producto")): Object: 'Object Repository/Page_- KAIZEN/sp_Element_producto' is clicked on

2020-03-13 11:40:57 - [MESSAGE][PASSED] - Object: 'Object Repository/Page_- KAIZEN/sp_Element_producto' is clicked on

2020-03-13 11:40:57 - [TEST_STEP][PASSED] - click(findTestObject("Page_- KAIZEN/sp_click_select_product")): Object: 'Object Repository/Page_- KAIZEN/sp_click_select_product' is clicked on

2020-03-13 11:40:58 - [MESSAGE][PASSED] - Object: 'Object Repository/Page_- KAIZEN/sp_click_select_product' is clicked on

2020-03-13 11:40:58 - [TEST_STEP][PASSED] - selectOptionByValue(findTestObject("Page_- KAIZEN/sp_assing_select_product"), Producto, true): All options with value '572' are selected in object 'Object Repository/Page_- KAIZEN/sp_assing_select_product'  using regular expression

2020-03-13 11:40:59 - [MESSAGE][PASSED] - All options with value '572' are selected in object 'Object Repository/Page_- KAIZEN/sp_assing_select_product'  using regular expression

2020-03-13 11:40:59 - [TEST_STEP][PASSED] - setText(findTestObject("Page_- KAIZEN/sp_input_product_quantity"), Cantidad): Text '18' is set on object 'Object Repository/Page_- KAIZEN/sp_input_product_quantity'

2020-03-13 11:41:00 - [MESSAGE][PASSED] - Text '18' is set on object 'Object Repository/Page_- KAIZEN/sp_input_product_quantity'

2020-03-13 11:41:00 - [TEST_STEP][PASSED] - click(findTestObject("Page_- KAIZEN/sp_btn_add_product")): Object: 'Object Repository/Page_- KAIZEN/sp_btn_add_product' is clicked on

2020-03-13 11:41:01 - [MESSAGE][PASSED] - Object: 'Object Repository/Page_- KAIZEN/sp_btn_add_product' is clicked on

2020-03-13 11:41:01 - [TEST_STEP][PASSED] - CantidadSoporta = Cantidad.toInteger(): null

2020-03-13 11:41:01 - [TEST_STEP][PASSED] - CantidadAñadida = CantidadSoporta * PesoProducto: null

2020-03-13 11:41:01 - [TEST_STEP][PASSED] - CantidadRestante = CapacidadDisponible - CantidadAñadida: null

2020-03-13 11:41:01 - [TEST_STEP][PASSED] - Elementos = CantidadRestante / PesoProducto: null

2020-03-13 11:41:01 - [TEST_STEP][PASSED] - Cantidad2 = Elementos.toString(): null

2020-03-13 11:41:01 - [TEST_STEP][PASSED] - click(findTestObject("Page_- KAIZEN/sp_Element_producto")): Object: 'Object Repository/Page_- KAIZEN/sp_Element_producto' is clicked on

2020-03-13 11:41:01 - [MESSAGE][PASSED] - Object: 'Object Repository/Page_- KAIZEN/sp_Element_producto' is clicked on

2020-03-13 11:41:01 - [TEST_STEP][PASSED] - click(findTestObject("Page_- KAIZEN/sp_click_select_product")): Object: 'Object Repository/Page_- KAIZEN/sp_click_select_product' is clicked on

2020-03-13 11:41:02 - [MESSAGE][PASSED] - Object: 'Object Repository/Page_- KAIZEN/sp_click_select_product' is clicked on

2020-03-13 11:41:02 - [TEST_STEP][PASSED] - selectOptionByValue(findTestObject("Page_- KAIZEN/sp_assing_select_product"), Producto, true): All options with value '572' are selected in object 'Object Repository/Page_- KAIZEN/sp_assing_select_product'  using regular expression

2020-03-13 11:41:03 - [MESSAGE][PASSED] - All options with value '572' are selected in object 'Object Repository/Page_- KAIZEN/sp_assing_select_product'  using regular expression

2020-03-13 11:41:03 - [TEST_STEP][PASSED] - setText(findTestObject("Page_- KAIZEN/sp_input_product_quantity"), Cantidad2): Text '6' is set on object 'Object Repository/Page_- KAIZEN/sp_input_product_quantity'

2020-03-13 11:41:03 - [MESSAGE][PASSED] - Text '6' is set on object 'Object Repository/Page_- KAIZEN/sp_input_product_quantity'

2020-03-13 11:41:03 - [TEST_STEP][PASSED] - click(findTestObject("Page_- KAIZEN/sp_btn_add_product")): Object: 'Object Repository/Page_- KAIZEN/sp_btn_add_product' is clicked on

2020-03-13 11:41:04 - [MESSAGE][PASSED] - Object: 'Object Repository/Page_- KAIZEN/sp_btn_add_product' is clicked on

2020-03-13 11:41:04 - [TEST_STEP][PASSED] - delay(10): Delayed 10 second(s)

2020-03-13 11:41:14 - [MESSAGE][PASSED] - Delayed 10 second(s)

2020-03-13 11:41:14 - [TEST_STEP][PASSED] - boton2 = executeJavaScript("return document.getElementById("btn_next").style.display;", null): Execute JavaScript 'return document.getElementById("btn_next").style.display;' successfully

2020-03-13 11:41:14 - [MESSAGE][PASSED] - Execute JavaScript 'return document.getElementById("btn_next").style.display;' successfully

2020-03-13 11:41:14 - [TEST_STEP][PASSED] - if (boton2 == "none"): null

2020-03-13 11:41:14 - [TEST_STEP][PASSED] - else: Browser is closed

2020-03-13 11:41:14 - [TEST_STEP][PASSED] - click(findTestObject("Page_- KAIZEN/sp_Siguiente")): Object: 'Object Repository/Page_- KAIZEN/sp_Siguiente' is clicked on

2020-03-13 11:41:16 - [MESSAGE][PASSED] - Object: 'Object Repository/Page_- KAIZEN/sp_Siguiente' is clicked on

2020-03-13 11:41:16 - [TEST_STEP][PASSED] - click(findTestObject("Page_- KAIZEN/sp_btn_finish")): Object: 'Object Repository/Page_- KAIZEN/sp_btn_finish' is clicked on

2020-03-13 11:41:19 - [MESSAGE][PASSED] - Object: 'Object Repository/Page_- KAIZEN/sp_btn_finish' is clicked on

2020-03-13 11:41:19 - [TEST_STEP][PASSED] - delay(3): Delayed 3 second(s)

2020-03-13 11:41:22 - [MESSAGE][PASSED] - Delayed 3 second(s)

2020-03-13 11:41:22 - [TEST_STEP][PASSED] - closeBrowser(): Browser is closed

2020-03-13 11:41:23 - [MESSAGE][PASSED] - Browser is closed

2020-03-13 11:41:23 - [MESSAGE][PASSED] - Call Test Case 'Test Cases/Individual_Tests/Seleccionar_Productos40pies' successfully

2020-03-13 11:41:23 - [TEST_STEP][PASSED] - callTestCase(findTestCase("Individual_Tests/Login"), ["Evento":"Crear40", "Index":Index], STOP_ON_FAILURE): Call Test Case 'Test Cases/Individual_Tests/Login' successfully

2020-03-13 11:41:23 - [TEST_CASE][PASSED] - Test Cases/Individual_Tests/Login: Test Cases/Individual_Tests/Login

2020-03-13 11:41:23 - [TEST_STEP][PASSED] - print("Evento Seleccionado: " + Evento + "
"): null

2020-03-13 11:41:23 - [TEST_STEP][PASSED] - openBrowser(Web): Browser is opened with url: 'http://kaizendev.net:8086/Login/Accesar'

2020-03-13 11:41:23 - [MESSAGE][INFO] - Starting 'Chrome' driver

2020-03-13 11:41:39 - [MESSAGE][PASSED] - Browser is opened with url: 'http://kaizendev.net:8086/Login/Accesar'

2020-03-13 11:41:39 - [TEST_STEP][PASSED] - maximizeWindow(): Current window maximized

2020-03-13 11:41:40 - [MESSAGE][PASSED] - Current window maximized

2020-03-13 11:41:40 - [TEST_STEP][PASSED] - if (Evento == "Crear20"): null

2020-03-13 11:41:40 - [TEST_STEP][PASSED] - else if (Evento == "Crear40"): Object: 'Object Repository/Page_Iniciar Sesion - KAIZEN/is_btn_ingresar_sistema' is clicked on

2020-03-13 11:41:40 - [TEST_STEP][PASSED] - data7 = obtener_excels.obtener_pedidos40pies.getValuesExcelCreate40(Index): obtener_excels.obtener_pedidos40pies.getValuesExcelCreate40 is PASSED

2020-03-13 11:41:40 - [MESSAGE][PASSED] - obtener_excels.obtener_pedidos40pies.getValuesExcelCreate40 is PASSED

2020-03-13 11:41:40 - [TEST_STEP][PASSED] - Usuario = data7[1]: null

2020-03-13 11:41:40 - [TEST_STEP][PASSED] - Contrasena = data7[2]: null

2020-03-13 11:41:40 - [TEST_STEP][PASSED] - setText(findTestObject("Page_Iniciar Sesion - KAIZEN/is_input_email"), Usuario): Text 'automated.test@grupokaizen.net' is set on object 'Object Repository/Page_Iniciar Sesion - KAIZEN/is_input_email'

2020-03-13 11:41:41 - [MESSAGE][PASSED] - Text 'automated.test@grupokaizen.net' is set on object 'Object Repository/Page_Iniciar Sesion - KAIZEN/is_input_email'

2020-03-13 11:41:41 - [TEST_STEP][PASSED] - setEncryptedText(findTestObject("Page_Iniciar Sesion - KAIZEN/IS_input_contrasena"), Contrasena): Text ****** has been set on object 'Object Repository/Page_Iniciar Sesion - KAIZEN/IS_input_contrasena'

2020-03-13 11:41:42 - [MESSAGE][PASSED] - Text ****** has been set on object 'Object Repository/Page_Iniciar Sesion - KAIZEN/IS_input_contrasena'

2020-03-13 11:41:42 - [TEST_STEP][PASSED] - click(findTestObject("Page_Iniciar Sesion - KAIZEN/is_btn_ingresar_sistema")): Object: 'Object Repository/Page_Iniciar Sesion - KAIZEN/is_btn_ingresar_sistema' is clicked on

2020-03-13 11:41:44 - [MESSAGE][PASSED] - Object: 'Object Repository/Page_Iniciar Sesion - KAIZEN/is_btn_ingresar_sistema' is clicked on

2020-03-13 11:41:44 - [MESSAGE][PASSED] - Call Test Case 'Test Cases/Individual_Tests/Login' successfully

2020-03-13 11:41:44 - [TEST_STEP][PASSED] - callTestCase(findTestCase("Individual_Tests/Seleccionar_Idioma"), ["Evento":"Crear40", "Index":Index], STOP_ON_FAILURE): Call Test Case 'Test Cases/Individual_Tests/Seleccionar_Idioma' successfully

2020-03-13 11:41:44 - [TEST_CASE][PASSED] - Test Cases/Individual_Tests/Seleccionar_Idioma: Test Cases/Individual_Tests/Seleccionar_Idioma

2020-03-13 11:41:44 - [TEST_STEP][PASSED] - Idioma = 0: null

2020-03-13 11:41:44 - [TEST_STEP][PASSED] - if (Evento == "Crear20"): null

2020-03-13 11:41:44 - [TEST_STEP][PASSED] - else if (Evento == "Crear40"): null

2020-03-13 11:41:44 - [TEST_STEP][PASSED] - data7 = obtener_excels.obtener_pedidos40pies.getValuesExcelCreate40(Index): obtener_excels.obtener_pedidos40pies.getValuesExcelCreate40 is PASSED

2020-03-13 11:41:44 - [MESSAGE][PASSED] - obtener_excels.obtener_pedidos40pies.getValuesExcelCreate40 is PASSED

2020-03-13 11:41:44 - [TEST_STEP][PASSED] - Idioma = data7[0]: null

2020-03-13 11:41:44 - [TEST_STEP][PASSED] - click(findTestObject("Page_- KAIZEN/si_btn_idioma")): Object: 'Object Repository/Page_- KAIZEN/si_btn_idioma' is clicked on

2020-03-13 11:41:45 - [MESSAGE][PASSED] - Object: 'Object Repository/Page_- KAIZEN/si_btn_idioma' is clicked on

2020-03-13 11:41:45 - [TEST_STEP][PASSED] - if (Idioma == "0"): Object: 'Object Repository/Page_- KAIZEN/si_Ingles' is clicked on

2020-03-13 11:41:45 - [TEST_STEP][PASSED] - click(findTestObject("Page_- KAIZEN/si_Ingles")): Object: 'Object Repository/Page_- KAIZEN/si_Ingles' is clicked on

2020-03-13 11:41:46 - [MESSAGE][PASSED] - Object: 'Object Repository/Page_- KAIZEN/si_Ingles' is clicked on

2020-03-13 11:41:46 - [MESSAGE][PASSED] - Call Test Case 'Test Cases/Individual_Tests/Seleccionar_Idioma' successfully

2020-03-13 11:41:46 - [TEST_STEP][PASSED] - callTestCase(findTestCase("Individual_Tests/Anadir_pedido"), [:], STOP_ON_FAILURE): Call Test Case 'Test Cases/Individual_Tests/Anadir_pedido' successfully

2020-03-13 11:41:46 - [TEST_CASE][PASSED] - Test Cases/Individual_Tests/Anadir_pedido: Test Cases/Individual_Tests/Anadir_pedido

2020-03-13 11:41:46 - [TEST_STEP][PASSED] - click(findTestObject("Page_- KAIZEN/bp_menu_pedido")): Object: 'Object Repository/Page_- KAIZEN/bp_menu_pedido' is clicked on

2020-03-13 11:41:47 - [MESSAGE][PASSED] - Object: 'Object Repository/Page_- KAIZEN/bp_menu_pedido' is clicked on

2020-03-13 11:41:47 - [TEST_STEP][PASSED] - click(findTestObject("Page_- KAIZEN/bp_click_menu_pedido")): Object: 'Object Repository/Page_- KAIZEN/bp_click_menu_pedido' is clicked on

2020-03-13 11:41:49 - [MESSAGE][PASSED] - Object: 'Object Repository/Page_- KAIZEN/bp_click_menu_pedido' is clicked on

2020-03-13 11:41:49 - [TEST_STEP][PASSED] - click(findTestObject("Page_Pedidos de Lubricantes - KAIZEN/ap_btn_agregar")): Object: 'Object Repository/Page_Pedidos de Lubricantes - KAIZEN/ap_btn_agregar' is clicked on

2020-03-13 11:41:53 - [MESSAGE][PASSED] - Object: 'Object Repository/Page_Pedidos de Lubricantes - KAIZEN/ap_btn_agregar' is clicked on

2020-03-13 11:41:53 - [MESSAGE][PASSED] - Call Test Case 'Test Cases/Individual_Tests/Anadir_pedido' successfully

2020-03-13 11:41:53 - [TEST_STEP][PASSED] - callTestCase(findTestCase("Individual_Tests/Seleccionar_Cliente"), ["Evento":"Crear40", "Index":Index], STOP_ON_FAILURE): Call Test Case 'Test Cases/Individual_Tests/Seleccionar_Cliente' successfully

2020-03-13 11:41:54 - [TEST_CASE][PASSED] - Test Cases/Individual_Tests/Seleccionar_Cliente: Test Cases/Individual_Tests/Seleccionar_Cliente

2020-03-13 11:41:54 - [TEST_STEP][PASSED] - Nombre = <not implemented yet for class: org.codehaus.groovy.ast.expr.EmptyExpression>: null

2020-03-13 11:41:54 - [TEST_STEP][PASSED] - Direccion = <not implemented yet for class: org.codehaus.groovy.ast.expr.EmptyExpression>: null

2020-03-13 11:41:54 - [TEST_STEP][PASSED] - Contenedor = <not implemented yet for class: org.codehaus.groovy.ast.expr.EmptyExpression>: null

2020-03-13 11:41:54 - [TEST_STEP][PASSED] - if (Evento == "Crear20"): null

2020-03-13 11:41:54 - [TEST_STEP][PASSED] - else if (Evento == "Crear40"): null

2020-03-13 11:41:54 - [TEST_STEP][PASSED] - data = obtener_excels.obtener_pedidos40pies.getValuesExcelCreate40(Index): obtener_excels.obtener_pedidos40pies.getValuesExcelCreate40 is PASSED

2020-03-13 11:41:54 - [MESSAGE][PASSED] - obtener_excels.obtener_pedidos40pies.getValuesExcelCreate40 is PASSED

2020-03-13 11:41:54 - [TEST_STEP][PASSED] - Nombre = data[3]: null

2020-03-13 11:41:54 - [TEST_STEP][PASSED] - Direccion = data[4]: null

2020-03-13 11:41:54 - [TEST_STEP][PASSED] - Contenedor = data[5]: null

2020-03-13 11:41:54 - [TEST_STEP][PASSED] - delay(2): Delayed 2 second(s)

2020-03-13 11:41:56 - [MESSAGE][PASSED] - Delayed 2 second(s)

2020-03-13 11:41:56 - [TEST_STEP][PASSED] - element = executeJavaScript("return document.getElementById('ID_CLIENTE_LIST').value;", null): Execute JavaScript 'return document.getElementById('ID_CLIENTE_LIST').value;' successfully

2020-03-13 11:41:56 - [MESSAGE][PASSED] - Execute JavaScript 'return document.getElementById('ID_CLIENTE_LIST').value;' successfully

2020-03-13 11:41:56 - [TEST_STEP][PASSED] - if (element == Nombre): null

2020-03-13 11:41:56 - [TEST_STEP][PASSED] - else: Object: 'Object Repository/Page_- KAIZEN/sc_btn_next' is clicked on

2020-03-13 11:41:56 - [TEST_STEP][PASSED] - print(Nombre + "
"): null

2020-03-13 11:41:56 - [TEST_STEP][PASSED] - click(findTestObject("Page_- KAIZEN/sc_select_cliente1")): Object: 'Object Repository/Page_- KAIZEN/sc_select_cliente1' is clicked on

2020-03-13 11:41:56 - [MESSAGE][PASSED] - Object: 'Object Repository/Page_- KAIZEN/sc_select_cliente1' is clicked on

2020-03-13 11:41:56 - [TEST_STEP][PASSED] - click(findTestObject("Page_- KAIZEN/sc_select_cliente2")): Object: 'Object Repository/Page_- KAIZEN/sc_select_cliente2' is clicked on

2020-03-13 11:41:58 - [MESSAGE][PASSED] - Object: 'Object Repository/Page_- KAIZEN/sc_select_cliente2' is clicked on

2020-03-13 11:41:58 - [TEST_STEP][PASSED] - waitForElementPresent(findTestObject("Page_- KAIZEN/sc_select_cliente3"), 5): Object 'Object Repository/Page_- KAIZEN/sc_select_cliente3' is present

2020-03-13 11:41:58 - [MESSAGE][PASSED] - Object 'Object Repository/Page_- KAIZEN/sc_select_cliente3' is present

2020-03-13 11:41:58 - [TEST_STEP][PASSED] - selectOptionByValue(findTestObject("Page_- KAIZEN/sc_select_cliente3"), Nombre.toString(), true): All options with value '17' are selected in object 'Object Repository/Page_- KAIZEN/sc_select_cliente3'  using regular expression

2020-03-13 11:42:01 - [MESSAGE][PASSED] - All options with value '17' are selected in object 'Object Repository/Page_- KAIZEN/sc_select_cliente3'  using regular expression

2020-03-13 11:42:01 - [TEST_STEP][PASSED] - waitForElementPresent(findTestObject("Page_- KAIZEN/sc_span_select_address"), 5): Object 'Object Repository/Page_- KAIZEN/sc_span_select_address' is present

2020-03-13 11:42:02 - [MESSAGE][PASSED] - Object 'Object Repository/Page_- KAIZEN/sc_span_select_address' is present

2020-03-13 11:42:02 - [TEST_STEP][PASSED] - click(findTestObject("Page_- KAIZEN/sc_span_select_address")): Object: 'Object Repository/Page_- KAIZEN/sc_span_select_address' is clicked on

2020-03-13 11:42:02 - [MESSAGE][PASSED] - Object: 'Object Repository/Page_- KAIZEN/sc_span_select_address' is clicked on

2020-03-13 11:42:02 - [TEST_STEP][PASSED] - selectOptionByValue(findTestObject("Page_- KAIZEN/sc_assing_select_address"), Direccion, true): All options with value '5' are selected in object 'Object Repository/Page_- KAIZEN/sc_assing_select_address'  using regular expression

2020-03-13 11:42:03 - [MESSAGE][PASSED] - All options with value '5' are selected in object 'Object Repository/Page_- KAIZEN/sc_assing_select_address'  using regular expression

2020-03-13 11:42:03 - [TEST_STEP][PASSED] - delay(5): Delayed 5 second(s)

2020-03-13 11:42:08 - [MESSAGE][PASSED] - Delayed 5 second(s)

2020-03-13 11:42:08 - [TEST_STEP][PASSED] - if (Contenedor == "20"): null

2020-03-13 11:42:08 - [TEST_STEP][PASSED] - else: Execute JavaScript 'document.querySelector(".btn-primary[onclick='opcCont(40)']").click()' successfully

2020-03-13 11:42:08 - [TEST_STEP][PASSED] - executeJavaScript("document.querySelector(".btn-primary[onclick='opcCont(40)']").click()", null): Execute JavaScript 'document.querySelector(".btn-primary[onclick='opcCont(40)']").click()' successfully

2020-03-13 11:42:09 - [MESSAGE][PASSED] - Execute JavaScript 'document.querySelector(".btn-primary[onclick='opcCont(40)']").click()' successfully

2020-03-13 11:42:09 - [TEST_STEP][PASSED] - delay(2): Delayed 2 second(s)

2020-03-13 11:42:11 - [MESSAGE][PASSED] - Delayed 2 second(s)

2020-03-13 11:42:11 - [TEST_STEP][PASSED] - waitForElementVisible(findTestObject("Page_- KAIZEN/sc_btn_next"), 3): Object 'Object Repository/Page_- KAIZEN/sc_btn_next' is visible

2020-03-13 11:42:11 - [MESSAGE][PASSED] - Object 'Object Repository/Page_- KAIZEN/sc_btn_next' is visible

2020-03-13 11:42:11 - [TEST_STEP][PASSED] - click(findTestObject("Page_- KAIZEN/sc_btn_next")): Object: 'Object Repository/Page_- KAIZEN/sc_btn_next' is clicked on

2020-03-13 11:42:11 - [MESSAGE][PASSED] - Object: 'Object Repository/Page_- KAIZEN/sc_btn_next' is clicked on

2020-03-13 11:42:11 - [MESSAGE][PASSED] - Call Test Case 'Test Cases/Individual_Tests/Seleccionar_Cliente' successfully

2020-03-13 11:42:11 - [TEST_STEP][PASSED] - callTestCase(findTestCase("Individual_Tests/Seleccionar_Incoterm"), ["Evento":"Crear40", "Index":Index], STOP_ON_FAILURE): Call Test Case 'Test Cases/Individual_Tests/Seleccionar_Incoterm' successfully

2020-03-13 11:42:11 - [TEST_CASE][PASSED] - Test Cases/Individual_Tests/Seleccionar_Incoterm: Test Cases/Individual_Tests/Seleccionar_Incoterm

2020-03-13 11:42:11 - [TEST_STEP][PASSED] - Incoterm = <not implemented yet for class: org.codehaus.groovy.ast.expr.EmptyExpression>: null

2020-03-13 11:42:11 - [TEST_STEP][PASSED] - if (Evento == "Crear20"): null

2020-03-13 11:42:11 - [TEST_STEP][PASSED] - else if (Evento == "Crear40"): null

2020-03-13 11:42:11 - [TEST_STEP][PASSED] - data = obtener_excels.obtener_pedidos40pies.getValuesExcelCreate40(Index): obtener_excels.obtener_pedidos40pies.getValuesExcelCreate40 is PASSED

2020-03-13 11:42:11 - [MESSAGE][PASSED] - obtener_excels.obtener_pedidos40pies.getValuesExcelCreate40 is PASSED

2020-03-13 11:42:11 - [TEST_STEP][PASSED] - Incoterm = data[6]: null

2020-03-13 11:42:11 - [TEST_STEP][PASSED] - selectOptionByValue(findTestObject("Page_- KAIZEN/sin_select_incoterm"), Incoterm, true): All options with value 'CIF' are selected in object 'Object Repository/Page_- KAIZEN/sin_select_incoterm'  using regular expression

2020-03-13 11:42:12 - [MESSAGE][PASSED] - All options with value 'CIF' are selected in object 'Object Repository/Page_- KAIZEN/sin_select_incoterm'  using regular expression

2020-03-13 11:42:12 - [TEST_STEP][PASSED] - click(findTestObject("Page_- KAIZEN/sc_btn_next")): Object: 'Object Repository/Page_- KAIZEN/sc_btn_next' is clicked on

2020-03-13 11:42:13 - [MESSAGE][PASSED] - Object: 'Object Repository/Page_- KAIZEN/sc_btn_next' is clicked on

2020-03-13 11:42:13 - [MESSAGE][PASSED] - Call Test Case 'Test Cases/Individual_Tests/Seleccionar_Incoterm' successfully

2020-03-13 11:42:13 - [TEST_STEP][PASSED] - callTestCase(findTestCase("Individual_Tests/Seleccionar_Opcion_Compra"), ["Evento":"Crear40", "Index":Index], STOP_ON_FAILURE): Call Test Case 'Test Cases/Individual_Tests/Seleccionar_Opcion_Compra' successfully

2020-03-13 11:42:13 - [TEST_CASE][PASSED] - Test Cases/Individual_Tests/Seleccionar_Opcion_Compra: Test Cases/Individual_Tests/Seleccionar_Opcion_Compra

2020-03-13 11:42:13 - [TEST_STEP][PASSED] - OpCompra1 = 0: null

2020-03-13 11:42:13 - [TEST_STEP][PASSED] - if (Evento == "Crear20"): null

2020-03-13 11:42:13 - [TEST_STEP][PASSED] - else if (Evento == "Crear40"): null

2020-03-13 11:42:13 - [TEST_STEP][PASSED] - OpCompra1 = OpcionCompra: null

2020-03-13 11:42:13 - [TEST_STEP][PASSED] - delay(7): Delayed 7 second(s)

2020-03-13 11:42:20 - [MESSAGE][PASSED] - Delayed 7 second(s)

2020-03-13 11:42:20 - [TEST_STEP][PASSED] - waitForElementClickable(findTestObject("Page_- KAIZEN/so_SelectorOP"), 7): Object 'Object Repository/Page_- KAIZEN/so_SelectorOP' is clickable

2020-03-13 11:42:20 - [MESSAGE][PASSED] - Object 'Object Repository/Page_- KAIZEN/so_SelectorOP' is clickable

2020-03-13 11:42:20 - [TEST_STEP][PASSED] - delay(3): Delayed 3 second(s)

2020-03-13 11:42:23 - [MESSAGE][PASSED] - Delayed 3 second(s)

2020-03-13 11:42:23 - [TEST_STEP][PASSED] - click(findTestObject("Page_- KAIZEN/so_select_SeleccioneOPCION")): Object: 'Object Repository/Page_- KAIZEN/so_select_SeleccioneOPCION' is clicked on

2020-03-13 11:42:24 - [MESSAGE][PASSED] - Object: 'Object Repository/Page_- KAIZEN/so_select_SeleccioneOPCION' is clicked on

2020-03-13 11:42:24 - [TEST_STEP][PASSED] - selectOptionByValue(findTestObject("Page_- KAIZEN/so_select_SeleccioneOPCION"), OpCompra1, true): All options with value '23' are selected in object 'Object Repository/Page_- KAIZEN/so_select_SeleccioneOPCION'  using regular expression

2020-03-13 11:42:25 - [MESSAGE][PASSED] - All options with value '23' are selected in object 'Object Repository/Page_- KAIZEN/so_select_SeleccioneOPCION'  using regular expression

2020-03-13 11:42:25 - [TEST_STEP][PASSED] - waitForElementPresent(findTestObject("Page_- KAIZEN/sc_btn_next"), 7): Object 'Object Repository/Page_- KAIZEN/sc_btn_next' is present

2020-03-13 11:42:27 - [MESSAGE][PASSED] - Object 'Object Repository/Page_- KAIZEN/sc_btn_next' is present

2020-03-13 11:42:27 - [TEST_STEP][PASSED] - click(findTestObject("Page_- KAIZEN/sc_btn_next")): Object: 'Object Repository/Page_- KAIZEN/sc_btn_next' is clicked on

2020-03-13 11:42:27 - [MESSAGE][PASSED] - Object: 'Object Repository/Page_- KAIZEN/sc_btn_next' is clicked on

2020-03-13 11:42:27 - [MESSAGE][PASSED] - Call Test Case 'Test Cases/Individual_Tests/Seleccionar_Opcion_Compra' successfully

2020-03-13 11:42:27 - [TEST_STEP][PASSED] - callTestCase(findTestCase("Individual_Tests/Seleccionar_Productos40pies"), ["Index":Index], STOP_ON_FAILURE): Call Test Case 'Test Cases/Individual_Tests/Seleccionar_Productos40pies' successfully

2020-03-13 11:42:27 - [TEST_CASE][PASSED] - Test Cases/Individual_Tests/Seleccionar_Productos40pies: Test Cases/Individual_Tests/Seleccionar_Productos40pies

2020-03-13 11:42:27 - [TEST_STEP][PASSED] - data = obtener_excels.obtener_pedidos40pies.getValuesExcelCreate40(Index): obtener_excels.obtener_pedidos40pies.getValuesExcelCreate40 is PASSED

2020-03-13 11:42:27 - [MESSAGE][PASSED] - obtener_excels.obtener_pedidos40pies.getValuesExcelCreate40 is PASSED

2020-03-13 11:42:27 - [TEST_STEP][PASSED] - IDProductoSoportaPeso = data[9]: null

2020-03-13 11:42:27 - [TEST_STEP][PASSED] - IDProductoNoSoportaPeso = data[11]: null

2020-03-13 11:42:27 - [TEST_STEP][PASSED] - Cantidad = <not implemented yet for class: org.codehaus.groovy.ast.expr.EmptyExpression>: null

2020-03-13 11:42:27 - [TEST_STEP][PASSED] - Iterar = data[13]: null

2020-03-13 11:42:27 - [TEST_STEP][PASSED] - CapacidadDisponible = data[8].toInteger(): null

2020-03-13 11:42:27 - [TEST_STEP][PASSED] - PesoProducto = data[10].toInteger(): null

2020-03-13 11:42:27 - [TEST_STEP][PASSED] - PesoProducto2 = data[12].toInteger(): null

2020-03-13 11:42:27 - [TEST_STEP][PASSED] - CantidadBase = <not implemented yet for class: org.codehaus.groovy.ast.expr.EmptyExpression>: null

2020-03-13 11:42:27 - [TEST_STEP][PASSED] - CantidadAñadida = <not implemented yet for class: org.codehaus.groovy.ast.expr.EmptyExpression>: null

2020-03-13 11:42:27 - [TEST_STEP][PASSED] - CantidadRestante = <not implemented yet for class: org.codehaus.groovy.ast.expr.EmptyExpression>: null

2020-03-13 11:42:27 - [TEST_STEP][PASSED] - Elementos = <not implemented yet for class: org.codehaus.groovy.ast.expr.EmptyExpression>: null

2020-03-13 11:42:27 - [TEST_STEP][PASSED] - cantProductos = Iterar.toInteger(): null

2020-03-13 11:42:27 - [TEST_STEP][PASSED] - CantidadSoporta = <not implemented yet for class: org.codehaus.groovy.ast.expr.EmptyExpression>: null

2020-03-13 11:42:27 - [TEST_STEP][PASSED] - CantidadNoSoporta = <not implemented yet for class: org.codehaus.groovy.ast.expr.EmptyExpression>: null

2020-03-13 11:42:27 - [TEST_STEP][PASSED] - print(Iterar): null

2020-03-13 11:42:27 - [TEST_STEP][PASSED] - IDPedidoCreado = executeJavaScript("return document.getElementById('IdPedido').value;", null): Execute JavaScript 'return document.getElementById('IdPedido').value;' successfully

2020-03-13 11:42:27 - [MESSAGE][PASSED] - Execute JavaScript 'return document.getElementById('IdPedido').value;' successfully

2020-03-13 11:42:27 - [TEST_STEP][PASSED] - IDPedidoCreado1 = IDPedidoCreado.toInteger(): null

2020-03-13 11:42:27 - [TEST_STEP][PASSED] - exportar_archivos.Ex_guardar_pedidos_creados.demoKey(IDPedidoCreado1, cantProductos): exportar_archivos.Ex_guardar_pedidos_creados.demoKey is PASSED

2020-03-13 11:42:28 - [MESSAGE][PASSED] - exportar_archivos.Ex_guardar_pedidos_creados.demoKey is PASSED

2020-03-13 11:42:28 - [TEST_STEP][PASSED] - boton = executeJavaScript("return document.getElementById("btn_next").style.display;", null): Execute JavaScript 'return document.getElementById("btn_next").style.display;' successfully

2020-03-13 11:42:28 - [MESSAGE][PASSED] - Execute JavaScript 'return document.getElementById("btn_next").style.display;' successfully

2020-03-13 11:42:28 - [TEST_STEP][PASSED] - if (boton == "block"): null

2020-03-13 11:42:28 - [TEST_STEP][PASSED] - else: Browser is closed

2020-03-13 11:42:28 - [TEST_STEP][PASSED] - if (Iterar == "1" && PesoProducto <= CapacidadDisponible): Browser is closed

2020-03-13 11:42:28 - [TEST_STEP][PASSED] - CantidadBase = CandidadSoporta: null

2020-03-13 11:42:28 - [TEST_STEP][PASSED] - Cantidad = CantidadBase: null

2020-03-13 11:42:28 - [TEST_STEP][PASSED] - Producto = IDProductoSoportaPeso: null

2020-03-13 11:42:28 - [TEST_STEP][PASSED] - click(findTestObject("Page_- KAIZEN/sp_Element_producto")): Object: 'Object Repository/Page_- KAIZEN/sp_Element_producto' is clicked on

2020-03-13 11:42:28 - [MESSAGE][PASSED] - Object: 'Object Repository/Page_- KAIZEN/sp_Element_producto' is clicked on

2020-03-13 11:42:28 - [TEST_STEP][PASSED] - click(findTestObject("Page_- KAIZEN/sp_click_select_product")): Object: 'Object Repository/Page_- KAIZEN/sp_click_select_product' is clicked on

2020-03-13 11:42:29 - [MESSAGE][PASSED] - Object: 'Object Repository/Page_- KAIZEN/sp_click_select_product' is clicked on

2020-03-13 11:42:29 - [TEST_STEP][PASSED] - selectOptionByValue(findTestObject("Page_- KAIZEN/sp_assing_select_product"), Producto, true): All options with value '582' are selected in object 'Object Repository/Page_- KAIZEN/sp_assing_select_product'  using regular expression

2020-03-13 11:42:30 - [MESSAGE][PASSED] - All options with value '582' are selected in object 'Object Repository/Page_- KAIZEN/sp_assing_select_product'  using regular expression

2020-03-13 11:42:30 - [TEST_STEP][PASSED] - setText(findTestObject("Page_- KAIZEN/sp_input_product_quantity"), Cantidad): Text '18' is set on object 'Object Repository/Page_- KAIZEN/sp_input_product_quantity'

2020-03-13 11:42:30 - [MESSAGE][PASSED] - Text '18' is set on object 'Object Repository/Page_- KAIZEN/sp_input_product_quantity'

2020-03-13 11:42:30 - [TEST_STEP][PASSED] - click(findTestObject("Page_- KAIZEN/sp_btn_add_product")): Object: 'Object Repository/Page_- KAIZEN/sp_btn_add_product' is clicked on

2020-03-13 11:42:32 - [MESSAGE][PASSED] - Object: 'Object Repository/Page_- KAIZEN/sp_btn_add_product' is clicked on

2020-03-13 11:42:32 - [TEST_STEP][PASSED] - CantidadSoporta = Cantidad.toInteger(): null

2020-03-13 11:42:32 - [TEST_STEP][PASSED] - CantidadAñadida = CantidadSoporta * PesoProducto: null

2020-03-13 11:42:32 - [TEST_STEP][PASSED] - CantidadRestante = CapacidadDisponible - CantidadAñadida: null

2020-03-13 11:42:32 - [TEST_STEP][PASSED] - Elementos = CantidadRestante / PesoProducto: null

2020-03-13 11:42:32 - [TEST_STEP][PASSED] - Cantidad2 = Elementos.toString(): null

2020-03-13 11:42:32 - [TEST_STEP][PASSED] - click(findTestObject("Page_- KAIZEN/sp_Element_producto")): Object: 'Object Repository/Page_- KAIZEN/sp_Element_producto' is clicked on

2020-03-13 11:42:32 - [MESSAGE][PASSED] - Object: 'Object Repository/Page_- KAIZEN/sp_Element_producto' is clicked on

2020-03-13 11:42:32 - [TEST_STEP][PASSED] - click(findTestObject("Page_- KAIZEN/sp_click_select_product")): Object: 'Object Repository/Page_- KAIZEN/sp_click_select_product' is clicked on

2020-03-13 11:42:33 - [MESSAGE][PASSED] - Object: 'Object Repository/Page_- KAIZEN/sp_click_select_product' is clicked on

2020-03-13 11:42:33 - [TEST_STEP][PASSED] - selectOptionByValue(findTestObject("Page_- KAIZEN/sp_assing_select_product"), Producto, true): All options with value '582' are selected in object 'Object Repository/Page_- KAIZEN/sp_assing_select_product'  using regular expression

2020-03-13 11:42:34 - [MESSAGE][PASSED] - All options with value '582' are selected in object 'Object Repository/Page_- KAIZEN/sp_assing_select_product'  using regular expression

2020-03-13 11:42:34 - [TEST_STEP][PASSED] - setText(findTestObject("Page_- KAIZEN/sp_input_product_quantity"), Cantidad2): Text '6' is set on object 'Object Repository/Page_- KAIZEN/sp_input_product_quantity'

2020-03-13 11:42:34 - [MESSAGE][PASSED] - Text '6' is set on object 'Object Repository/Page_- KAIZEN/sp_input_product_quantity'

2020-03-13 11:42:34 - [TEST_STEP][PASSED] - click(findTestObject("Page_- KAIZEN/sp_btn_add_product")): Object: 'Object Repository/Page_- KAIZEN/sp_btn_add_product' is clicked on

2020-03-13 11:42:35 - [MESSAGE][PASSED] - Object: 'Object Repository/Page_- KAIZEN/sp_btn_add_product' is clicked on

2020-03-13 11:42:35 - [TEST_STEP][PASSED] - delay(10): Delayed 10 second(s)

2020-03-13 11:42:45 - [MESSAGE][PASSED] - Delayed 10 second(s)

2020-03-13 11:42:45 - [TEST_STEP][PASSED] - boton2 = executeJavaScript("return document.getElementById("btn_next").style.display;", null): Execute JavaScript 'return document.getElementById("btn_next").style.display;' successfully

2020-03-13 11:42:45 - [MESSAGE][PASSED] - Execute JavaScript 'return document.getElementById("btn_next").style.display;' successfully

2020-03-13 11:42:45 - [TEST_STEP][PASSED] - if (boton2 == "none"): null

2020-03-13 11:42:45 - [TEST_STEP][PASSED] - else: Browser is closed

2020-03-13 11:42:45 - [TEST_STEP][PASSED] - click(findTestObject("Page_- KAIZEN/sp_Siguiente")): Object: 'Object Repository/Page_- KAIZEN/sp_Siguiente' is clicked on

2020-03-13 11:42:47 - [MESSAGE][PASSED] - Object: 'Object Repository/Page_- KAIZEN/sp_Siguiente' is clicked on

2020-03-13 11:42:47 - [TEST_STEP][PASSED] - click(findTestObject("Page_- KAIZEN/sp_btn_finish")): Object: 'Object Repository/Page_- KAIZEN/sp_btn_finish' is clicked on

2020-03-13 11:42:50 - [MESSAGE][PASSED] - Object: 'Object Repository/Page_- KAIZEN/sp_btn_finish' is clicked on

2020-03-13 11:42:50 - [TEST_STEP][PASSED] - delay(3): Delayed 3 second(s)

2020-03-13 11:42:53 - [MESSAGE][PASSED] - Delayed 3 second(s)

2020-03-13 11:42:53 - [TEST_STEP][PASSED] - closeBrowser(): Browser is closed

2020-03-13 11:42:54 - [MESSAGE][PASSED] - Browser is closed

2020-03-13 11:42:54 - [MESSAGE][PASSED] - Call Test Case 'Test Cases/Individual_Tests/Seleccionar_Productos40pies' successfully

2020-03-13 11:42:54 - [TEST_STEP][PASSED] - callTestCase(findTestCase("Individual_Tests/Login"), ["Evento":"Crear40", "Index":Index], STOP_ON_FAILURE): Call Test Case 'Test Cases/Individual_Tests/Login' successfully

2020-03-13 11:42:54 - [TEST_CASE][PASSED] - Test Cases/Individual_Tests/Login: Test Cases/Individual_Tests/Login

2020-03-13 11:42:54 - [TEST_STEP][PASSED] - print("Evento Seleccionado: " + Evento + "
"): null

2020-03-13 11:42:54 - [TEST_STEP][PASSED] - openBrowser(Web): Browser is opened with url: 'http://kaizendev.net:8086/Login/Accesar'

2020-03-13 11:42:54 - [MESSAGE][INFO] - Starting 'Chrome' driver

2020-03-13 11:43:06 - [MESSAGE][PASSED] - Browser is opened with url: 'http://kaizendev.net:8086/Login/Accesar'

2020-03-13 11:43:06 - [TEST_STEP][PASSED] - maximizeWindow(): Current window maximized

2020-03-13 11:43:08 - [MESSAGE][PASSED] - Current window maximized

2020-03-13 11:43:08 - [TEST_STEP][PASSED] - if (Evento == "Crear20"): null

2020-03-13 11:43:08 - [TEST_STEP][PASSED] - else if (Evento == "Crear40"): Object: 'Object Repository/Page_Iniciar Sesion - KAIZEN/is_btn_ingresar_sistema' is clicked on

2020-03-13 11:43:08 - [TEST_STEP][PASSED] - data7 = obtener_excels.obtener_pedidos40pies.getValuesExcelCreate40(Index): obtener_excels.obtener_pedidos40pies.getValuesExcelCreate40 is PASSED

2020-03-13 11:43:08 - [MESSAGE][PASSED] - obtener_excels.obtener_pedidos40pies.getValuesExcelCreate40 is PASSED

2020-03-13 11:43:08 - [TEST_STEP][PASSED] - Usuario = data7[1]: null

2020-03-13 11:43:08 - [TEST_STEP][PASSED] - Contrasena = data7[2]: null

2020-03-13 11:43:08 - [TEST_STEP][PASSED] - setText(findTestObject("Page_Iniciar Sesion - KAIZEN/is_input_email"), Usuario): Text 'automated.test@grupokaizen.net' is set on object 'Object Repository/Page_Iniciar Sesion - KAIZEN/is_input_email'

2020-03-13 11:43:08 - [MESSAGE][PASSED] - Text 'automated.test@grupokaizen.net' is set on object 'Object Repository/Page_Iniciar Sesion - KAIZEN/is_input_email'

2020-03-13 11:43:08 - [TEST_STEP][PASSED] - setEncryptedText(findTestObject("Page_Iniciar Sesion - KAIZEN/IS_input_contrasena"), Contrasena): Text ****** has been set on object 'Object Repository/Page_Iniciar Sesion - KAIZEN/IS_input_contrasena'

2020-03-13 11:43:09 - [MESSAGE][PASSED] - Text ****** has been set on object 'Object Repository/Page_Iniciar Sesion - KAIZEN/IS_input_contrasena'

2020-03-13 11:43:09 - [TEST_STEP][PASSED] - click(findTestObject("Page_Iniciar Sesion - KAIZEN/is_btn_ingresar_sistema")): Object: 'Object Repository/Page_Iniciar Sesion - KAIZEN/is_btn_ingresar_sistema' is clicked on

2020-03-13 11:43:11 - [MESSAGE][PASSED] - Object: 'Object Repository/Page_Iniciar Sesion - KAIZEN/is_btn_ingresar_sistema' is clicked on

2020-03-13 11:43:11 - [MESSAGE][PASSED] - Call Test Case 'Test Cases/Individual_Tests/Login' successfully

2020-03-13 11:43:11 - [TEST_STEP][PASSED] - callTestCase(findTestCase("Individual_Tests/Seleccionar_Idioma"), ["Evento":"Crear40", "Index":Index], STOP_ON_FAILURE): Call Test Case 'Test Cases/Individual_Tests/Seleccionar_Idioma' successfully

2020-03-13 11:43:11 - [TEST_CASE][PASSED] - Test Cases/Individual_Tests/Seleccionar_Idioma: Test Cases/Individual_Tests/Seleccionar_Idioma

2020-03-13 11:43:11 - [TEST_STEP][PASSED] - Idioma = 0: null

2020-03-13 11:43:11 - [TEST_STEP][PASSED] - if (Evento == "Crear20"): null

2020-03-13 11:43:11 - [TEST_STEP][PASSED] - else if (Evento == "Crear40"): null

2020-03-13 11:43:11 - [TEST_STEP][PASSED] - data7 = obtener_excels.obtener_pedidos40pies.getValuesExcelCreate40(Index): obtener_excels.obtener_pedidos40pies.getValuesExcelCreate40 is PASSED

2020-03-13 11:43:11 - [MESSAGE][PASSED] - obtener_excels.obtener_pedidos40pies.getValuesExcelCreate40 is PASSED

2020-03-13 11:43:11 - [TEST_STEP][PASSED] - Idioma = data7[0]: null

2020-03-13 11:43:11 - [TEST_STEP][PASSED] - click(findTestObject("Page_- KAIZEN/si_btn_idioma")): Object: 'Object Repository/Page_- KAIZEN/si_btn_idioma' is clicked on

2020-03-13 11:43:12 - [MESSAGE][PASSED] - Object: 'Object Repository/Page_- KAIZEN/si_btn_idioma' is clicked on

2020-03-13 11:43:12 - [TEST_STEP][PASSED] - if (Idioma == "0"): null

2020-03-13 11:43:12 - [TEST_STEP][PASSED] - else: Object: 'Object Repository/Page_- KAIZEN/si_Spanish' is clicked on

2020-03-13 11:43:12 - [TEST_STEP][PASSED] - click(findTestObject("Page_- KAIZEN/si_Spanish")): Object: 'Object Repository/Page_- KAIZEN/si_Spanish' is clicked on

2020-03-13 11:43:14 - [MESSAGE][PASSED] - Object: 'Object Repository/Page_- KAIZEN/si_Spanish' is clicked on

2020-03-13 11:43:14 - [MESSAGE][PASSED] - Call Test Case 'Test Cases/Individual_Tests/Seleccionar_Idioma' successfully

2020-03-13 11:43:14 - [TEST_STEP][PASSED] - callTestCase(findTestCase("Individual_Tests/Anadir_pedido"), [:], STOP_ON_FAILURE): Call Test Case 'Test Cases/Individual_Tests/Anadir_pedido' successfully

2020-03-13 11:43:14 - [TEST_CASE][PASSED] - Test Cases/Individual_Tests/Anadir_pedido: Test Cases/Individual_Tests/Anadir_pedido

2020-03-13 11:43:14 - [TEST_STEP][PASSED] - click(findTestObject("Page_- KAIZEN/bp_menu_pedido")): Object: 'Object Repository/Page_- KAIZEN/bp_menu_pedido' is clicked on

2020-03-13 11:43:15 - [MESSAGE][PASSED] - Object: 'Object Repository/Page_- KAIZEN/bp_menu_pedido' is clicked on

2020-03-13 11:43:15 - [TEST_STEP][PASSED] - click(findTestObject("Page_- KAIZEN/bp_click_menu_pedido")): Object: 'Object Repository/Page_- KAIZEN/bp_click_menu_pedido' is clicked on

2020-03-13 11:43:17 - [MESSAGE][PASSED] - Object: 'Object Repository/Page_- KAIZEN/bp_click_menu_pedido' is clicked on

2020-03-13 11:43:17 - [TEST_STEP][PASSED] - click(findTestObject("Page_Pedidos de Lubricantes - KAIZEN/ap_btn_agregar")): Object: 'Object Repository/Page_Pedidos de Lubricantes - KAIZEN/ap_btn_agregar' is clicked on

2020-03-13 11:43:23 - [MESSAGE][PASSED] - Object: 'Object Repository/Page_Pedidos de Lubricantes - KAIZEN/ap_btn_agregar' is clicked on

2020-03-13 11:43:23 - [MESSAGE][PASSED] - Call Test Case 'Test Cases/Individual_Tests/Anadir_pedido' successfully

2020-03-13 11:43:23 - [TEST_STEP][PASSED] - callTestCase(findTestCase("Individual_Tests/Seleccionar_Cliente"), ["Evento":"Crear40", "Index":Index], STOP_ON_FAILURE): Call Test Case 'Test Cases/Individual_Tests/Seleccionar_Cliente' successfully

2020-03-13 11:43:23 - [TEST_CASE][PASSED] - Test Cases/Individual_Tests/Seleccionar_Cliente: Test Cases/Individual_Tests/Seleccionar_Cliente

2020-03-13 11:43:23 - [TEST_STEP][PASSED] - Nombre = <not implemented yet for class: org.codehaus.groovy.ast.expr.EmptyExpression>: null

2020-03-13 11:43:23 - [TEST_STEP][PASSED] - Direccion = <not implemented yet for class: org.codehaus.groovy.ast.expr.EmptyExpression>: null

2020-03-13 11:43:23 - [TEST_STEP][PASSED] - Contenedor = <not implemented yet for class: org.codehaus.groovy.ast.expr.EmptyExpression>: null

2020-03-13 11:43:23 - [TEST_STEP][PASSED] - if (Evento == "Crear20"): null

2020-03-13 11:43:23 - [TEST_STEP][PASSED] - else if (Evento == "Crear40"): null

2020-03-13 11:43:23 - [TEST_STEP][PASSED] - data = obtener_excels.obtener_pedidos40pies.getValuesExcelCreate40(Index): obtener_excels.obtener_pedidos40pies.getValuesExcelCreate40 is PASSED

2020-03-13 11:43:23 - [MESSAGE][PASSED] - obtener_excels.obtener_pedidos40pies.getValuesExcelCreate40 is PASSED

2020-03-13 11:43:23 - [TEST_STEP][PASSED] - Nombre = data[3]: null

2020-03-13 11:43:23 - [TEST_STEP][PASSED] - Direccion = data[4]: null

2020-03-13 11:43:23 - [TEST_STEP][PASSED] - Contenedor = data[5]: null

2020-03-13 11:43:23 - [TEST_STEP][PASSED] - delay(2): Delayed 2 second(s)

2020-03-13 11:43:25 - [MESSAGE][PASSED] - Delayed 2 second(s)

2020-03-13 11:43:25 - [TEST_STEP][PASSED] - element = executeJavaScript("return document.getElementById('ID_CLIENTE_LIST').value;", null): Execute JavaScript 'return document.getElementById('ID_CLIENTE_LIST').value;' successfully

2020-03-13 11:43:25 - [MESSAGE][PASSED] - Execute JavaScript 'return document.getElementById('ID_CLIENTE_LIST').value;' successfully

2020-03-13 11:43:25 - [TEST_STEP][PASSED] - if (element == Nombre): null

2020-03-13 11:43:25 - [TEST_STEP][PASSED] - else: Object: 'Object Repository/Page_- KAIZEN/sc_btn_next' is clicked on

2020-03-13 11:43:25 - [TEST_STEP][PASSED] - print(Nombre + "
"): null

2020-03-13 11:43:25 - [TEST_STEP][PASSED] - click(findTestObject("Page_- KAIZEN/sc_select_cliente1")): Object: 'Object Repository/Page_- KAIZEN/sc_select_cliente1' is clicked on

2020-03-13 11:43:25 - [MESSAGE][PASSED] - Object: 'Object Repository/Page_- KAIZEN/sc_select_cliente1' is clicked on

2020-03-13 11:43:25 - [TEST_STEP][PASSED] - click(findTestObject("Page_- KAIZEN/sc_select_cliente2")): Object: 'Object Repository/Page_- KAIZEN/sc_select_cliente2' is clicked on

2020-03-13 11:43:26 - [MESSAGE][PASSED] - Object: 'Object Repository/Page_- KAIZEN/sc_select_cliente2' is clicked on

2020-03-13 11:43:26 - [TEST_STEP][PASSED] - waitForElementPresent(findTestObject("Page_- KAIZEN/sc_select_cliente3"), 5): Object 'Object Repository/Page_- KAIZEN/sc_select_cliente3' is present

2020-03-13 11:43:27 - [MESSAGE][PASSED] - Object 'Object Repository/Page_- KAIZEN/sc_select_cliente3' is present

2020-03-13 11:43:27 - [TEST_STEP][PASSED] - selectOptionByValue(findTestObject("Page_- KAIZEN/sc_select_cliente3"), Nombre.toString(), true): All options with value '7' are selected in object 'Object Repository/Page_- KAIZEN/sc_select_cliente3'  using regular expression

2020-03-13 11:43:29 - [MESSAGE][PASSED] - All options with value '7' are selected in object 'Object Repository/Page_- KAIZEN/sc_select_cliente3'  using regular expression

2020-03-13 11:43:29 - [TEST_STEP][PASSED] - waitForElementPresent(findTestObject("Page_- KAIZEN/sc_span_select_address"), 5): Object 'Object Repository/Page_- KAIZEN/sc_span_select_address' is present

2020-03-13 11:43:29 - [MESSAGE][PASSED] - Object 'Object Repository/Page_- KAIZEN/sc_span_select_address' is present

2020-03-13 11:43:29 - [TEST_STEP][PASSED] - click(findTestObject("Page_- KAIZEN/sc_span_select_address")): Object: 'Object Repository/Page_- KAIZEN/sc_span_select_address' is clicked on

2020-03-13 11:43:29 - [MESSAGE][PASSED] - Object: 'Object Repository/Page_- KAIZEN/sc_span_select_address' is clicked on

2020-03-13 11:43:29 - [TEST_STEP][PASSED] - selectOptionByValue(findTestObject("Page_- KAIZEN/sc_assing_select_address"), Direccion, true): All options with value '3' are selected in object 'Object Repository/Page_- KAIZEN/sc_assing_select_address'  using regular expression

2020-03-13 11:43:30 - [MESSAGE][PASSED] - All options with value '3' are selected in object 'Object Repository/Page_- KAIZEN/sc_assing_select_address'  using regular expression

2020-03-13 11:43:30 - [TEST_STEP][PASSED] - delay(5): Delayed 5 second(s)

2020-03-13 11:43:35 - [MESSAGE][PASSED] - Delayed 5 second(s)

2020-03-13 11:43:35 - [TEST_STEP][PASSED] - if (Contenedor == "20"): null

2020-03-13 11:43:35 - [TEST_STEP][PASSED] - else: Execute JavaScript 'document.querySelector(".btn-primary[onclick='opcCont(40)']").click()' successfully

2020-03-13 11:43:35 - [TEST_STEP][PASSED] - executeJavaScript("document.querySelector(".btn-primary[onclick='opcCont(40)']").click()", null): Execute JavaScript 'document.querySelector(".btn-primary[onclick='opcCont(40)']").click()' successfully

2020-03-13 11:43:36 - [MESSAGE][PASSED] - Execute JavaScript 'document.querySelector(".btn-primary[onclick='opcCont(40)']").click()' successfully

2020-03-13 11:43:36 - [TEST_STEP][PASSED] - delay(2): Delayed 2 second(s)

2020-03-13 11:43:38 - [MESSAGE][PASSED] - Delayed 2 second(s)

2020-03-13 11:43:38 - [TEST_STEP][PASSED] - waitForElementVisible(findTestObject("Page_- KAIZEN/sc_btn_next"), 3): Object 'Object Repository/Page_- KAIZEN/sc_btn_next' is visible

2020-03-13 11:43:39 - [MESSAGE][PASSED] - Object 'Object Repository/Page_- KAIZEN/sc_btn_next' is visible

2020-03-13 11:43:39 - [TEST_STEP][PASSED] - click(findTestObject("Page_- KAIZEN/sc_btn_next")): Object: 'Object Repository/Page_- KAIZEN/sc_btn_next' is clicked on

2020-03-13 11:43:46 - [MESSAGE][PASSED] - Object: 'Object Repository/Page_- KAIZEN/sc_btn_next' is clicked on

2020-03-13 11:43:46 - [MESSAGE][PASSED] - Call Test Case 'Test Cases/Individual_Tests/Seleccionar_Cliente' successfully

2020-03-13 11:43:46 - [TEST_STEP][PASSED] - callTestCase(findTestCase("Individual_Tests/Seleccionar_Incoterm"), ["Evento":"Crear40", "Index":Index], STOP_ON_FAILURE): Call Test Case 'Test Cases/Individual_Tests/Seleccionar_Incoterm' successfully

2020-03-13 11:43:46 - [TEST_CASE][PASSED] - Test Cases/Individual_Tests/Seleccionar_Incoterm: Test Cases/Individual_Tests/Seleccionar_Incoterm

2020-03-13 11:43:46 - [TEST_STEP][PASSED] - Incoterm = <not implemented yet for class: org.codehaus.groovy.ast.expr.EmptyExpression>: null

2020-03-13 11:43:46 - [TEST_STEP][PASSED] - if (Evento == "Crear20"): null

2020-03-13 11:43:46 - [TEST_STEP][PASSED] - else if (Evento == "Crear40"): null

2020-03-13 11:43:46 - [TEST_STEP][PASSED] - data = obtener_excels.obtener_pedidos40pies.getValuesExcelCreate40(Index): obtener_excels.obtener_pedidos40pies.getValuesExcelCreate40 is PASSED

2020-03-13 11:43:46 - [MESSAGE][PASSED] - obtener_excels.obtener_pedidos40pies.getValuesExcelCreate40 is PASSED

2020-03-13 11:43:46 - [TEST_STEP][PASSED] - Incoterm = data[6]: null

2020-03-13 11:43:46 - [TEST_STEP][PASSED] - selectOptionByValue(findTestObject("Page_- KAIZEN/sin_select_incoterm"), Incoterm, true): All options with value 'EXW' are selected in object 'Object Repository/Page_- KAIZEN/sin_select_incoterm'  using regular expression

2020-03-13 11:43:52 - [MESSAGE][PASSED] - All options with value 'EXW' are selected in object 'Object Repository/Page_- KAIZEN/sin_select_incoterm'  using regular expression

2020-03-13 11:43:52 - [TEST_STEP][PASSED] - click(findTestObject("Page_- KAIZEN/sc_btn_next")): Object: 'Object Repository/Page_- KAIZEN/sc_btn_next' is clicked on

2020-03-13 11:43:59 - [MESSAGE][PASSED] - Object: 'Object Repository/Page_- KAIZEN/sc_btn_next' is clicked on

2020-03-13 11:43:59 - [MESSAGE][PASSED] - Call Test Case 'Test Cases/Individual_Tests/Seleccionar_Incoterm' successfully

2020-03-13 11:43:59 - [TEST_STEP][PASSED] - callTestCase(findTestCase("Individual_Tests/Seleccionar_Opcion_Compra"), ["Evento":"Crear40", "Index":Index], STOP_ON_FAILURE): Call Test Case 'Test Cases/Individual_Tests/Seleccionar_Opcion_Compra' successfully

2020-03-13 11:43:59 - [TEST_CASE][PASSED] - Test Cases/Individual_Tests/Seleccionar_Opcion_Compra: Test Cases/Individual_Tests/Seleccionar_Opcion_Compra

2020-03-13 11:43:59 - [TEST_STEP][PASSED] - OpCompra1 = 0: null

2020-03-13 11:43:59 - [TEST_STEP][PASSED] - if (Evento == "Crear20"): null

2020-03-13 11:43:59 - [TEST_STEP][PASSED] - else if (Evento == "Crear40"): null

2020-03-13 11:43:59 - [TEST_STEP][PASSED] - OpCompra1 = OpcionCompra: null

2020-03-13 11:43:59 - [TEST_STEP][PASSED] - delay(7): Delayed 7 second(s)

2020-03-13 11:44:06 - [MESSAGE][PASSED] - Delayed 7 second(s)

2020-03-13 11:44:06 - [TEST_STEP][PASSED] - waitForElementClickable(findTestObject("Page_- KAIZEN/so_SelectorOP"), 7): Object 'Object Repository/Page_- KAIZEN/so_SelectorOP' is clickable

2020-03-13 11:44:08 - [MESSAGE][PASSED] - Object 'Object Repository/Page_- KAIZEN/so_SelectorOP' is clickable

2020-03-13 11:44:08 - [TEST_STEP][PASSED] - delay(3): Delayed 3 second(s)

2020-03-13 11:44:11 - [MESSAGE][PASSED] - Delayed 3 second(s)

2020-03-13 11:44:11 - [TEST_STEP][PASSED] - click(findTestObject("Page_- KAIZEN/so_select_SeleccioneOPCION")): Object: 'Object Repository/Page_- KAIZEN/so_select_SeleccioneOPCION' is clicked on

2020-03-13 11:44:18 - [MESSAGE][PASSED] - Object: 'Object Repository/Page_- KAIZEN/so_select_SeleccioneOPCION' is clicked on

2020-03-13 11:44:18 - [TEST_STEP][PASSED] - selectOptionByValue(findTestObject("Page_- KAIZEN/so_select_SeleccioneOPCION"), OpCompra1, true): All options with value '23' are selected in object 'Object Repository/Page_- KAIZEN/so_select_SeleccioneOPCION'  using regular expression

2020-03-13 11:44:25 - [MESSAGE][PASSED] - All options with value '23' are selected in object 'Object Repository/Page_- KAIZEN/so_select_SeleccioneOPCION'  using regular expression

2020-03-13 11:44:25 - [TEST_STEP][PASSED] - waitForElementPresent(findTestObject("Page_- KAIZEN/sc_btn_next"), 7): Object 'Object Repository/Page_- KAIZEN/sc_btn_next' is present

2020-03-13 11:44:26 - [MESSAGE][PASSED] - Object 'Object Repository/Page_- KAIZEN/sc_btn_next' is present

2020-03-13 11:44:26 - [TEST_STEP][PASSED] - click(findTestObject("Page_- KAIZEN/sc_btn_next")): Object: 'Object Repository/Page_- KAIZEN/sc_btn_next' is clicked on

2020-03-13 11:44:33 - [MESSAGE][PASSED] - Object: 'Object Repository/Page_- KAIZEN/sc_btn_next' is clicked on

2020-03-13 11:44:33 - [MESSAGE][PASSED] - Call Test Case 'Test Cases/Individual_Tests/Seleccionar_Opcion_Compra' successfully

2020-03-13 11:44:33 - [TEST_STEP][PASSED] - callTestCase(findTestCase("Individual_Tests/Seleccionar_Productos40pies"), ["Index":Index], STOP_ON_FAILURE): Call Test Case 'Test Cases/Individual_Tests/Seleccionar_Productos40pies' successfully

2020-03-13 11:44:33 - [TEST_CASE][PASSED] - Test Cases/Individual_Tests/Seleccionar_Productos40pies: Test Cases/Individual_Tests/Seleccionar_Productos40pies

2020-03-13 11:44:33 - [TEST_STEP][PASSED] - data = obtener_excels.obtener_pedidos40pies.getValuesExcelCreate40(Index): obtener_excels.obtener_pedidos40pies.getValuesExcelCreate40 is PASSED

2020-03-13 11:44:34 - [MESSAGE][PASSED] - obtener_excels.obtener_pedidos40pies.getValuesExcelCreate40 is PASSED

2020-03-13 11:44:34 - [TEST_STEP][PASSED] - IDProductoSoportaPeso = data[9]: null

2020-03-13 11:44:34 - [TEST_STEP][PASSED] - IDProductoNoSoportaPeso = data[11]: null

2020-03-13 11:44:34 - [TEST_STEP][PASSED] - Cantidad = <not implemented yet for class: org.codehaus.groovy.ast.expr.EmptyExpression>: null

2020-03-13 11:44:34 - [TEST_STEP][PASSED] - Iterar = data[13]: null

2020-03-13 11:44:34 - [TEST_STEP][PASSED] - CapacidadDisponible = data[8].toInteger(): null

2020-03-13 11:44:34 - [TEST_STEP][PASSED] - PesoProducto = data[10].toInteger(): null

2020-03-13 11:44:34 - [TEST_STEP][PASSED] - PesoProducto2 = data[12].toInteger(): null

2020-03-13 11:44:34 - [TEST_STEP][PASSED] - CantidadBase = <not implemented yet for class: org.codehaus.groovy.ast.expr.EmptyExpression>: null

2020-03-13 11:44:34 - [TEST_STEP][PASSED] - CantidadAñadida = <not implemented yet for class: org.codehaus.groovy.ast.expr.EmptyExpression>: null

2020-03-13 11:44:34 - [TEST_STEP][PASSED] - CantidadRestante = <not implemented yet for class: org.codehaus.groovy.ast.expr.EmptyExpression>: null

2020-03-13 11:44:34 - [TEST_STEP][PASSED] - Elementos = <not implemented yet for class: org.codehaus.groovy.ast.expr.EmptyExpression>: null

2020-03-13 11:44:34 - [TEST_STEP][PASSED] - cantProductos = Iterar.toInteger(): null

2020-03-13 11:44:34 - [TEST_STEP][PASSED] - CantidadSoporta = <not implemented yet for class: org.codehaus.groovy.ast.expr.EmptyExpression>: null

2020-03-13 11:44:34 - [TEST_STEP][PASSED] - CantidadNoSoporta = <not implemented yet for class: org.codehaus.groovy.ast.expr.EmptyExpression>: null

2020-03-13 11:44:34 - [TEST_STEP][PASSED] - print(Iterar): null

2020-03-13 11:44:34 - [TEST_STEP][PASSED] - IDPedidoCreado = executeJavaScript("return document.getElementById('IdPedido').value;", null): Execute JavaScript 'return document.getElementById('IdPedido').value;' successfully

2020-03-13 11:44:34 - [MESSAGE][PASSED] - Execute JavaScript 'return document.getElementById('IdPedido').value;' successfully

2020-03-13 11:44:34 - [TEST_STEP][PASSED] - IDPedidoCreado1 = IDPedidoCreado.toInteger(): null

2020-03-13 11:44:34 - [TEST_STEP][PASSED] - exportar_archivos.Ex_guardar_pedidos_creados.demoKey(IDPedidoCreado1, cantProductos): exportar_archivos.Ex_guardar_pedidos_creados.demoKey is PASSED

2020-03-13 11:44:34 - [MESSAGE][PASSED] - exportar_archivos.Ex_guardar_pedidos_creados.demoKey is PASSED

2020-03-13 11:44:34 - [TEST_STEP][PASSED] - boton = executeJavaScript("return document.getElementById("btn_next").style.display;", null): Execute JavaScript 'return document.getElementById("btn_next").style.display;' successfully

2020-03-13 11:44:34 - [MESSAGE][PASSED] - Execute JavaScript 'return document.getElementById("btn_next").style.display;' successfully

2020-03-13 11:44:34 - [TEST_STEP][PASSED] - if (boton == "block"): null

2020-03-13 11:44:34 - [TEST_STEP][PASSED] - else: Browser is closed

2020-03-13 11:44:34 - [TEST_STEP][PASSED] - if (Iterar == "1" && PesoProducto <= CapacidadDisponible): null

2020-03-13 11:44:34 - [TEST_STEP][PASSED] - else if (Iterar == "2" && PesoProducto2 <= CapacidadDisponible): Browser is closed

2020-03-13 11:44:34 - [TEST_STEP][PASSED] - CantidadBase = CantidadNoSoporta: null

2020-03-13 11:44:34 - [TEST_STEP][PASSED] - Cantidad = CantidadBase: null

2020-03-13 11:44:34 - [TEST_STEP][PASSED] - Producto = IDProductoNoSoportaPeso: null

2020-03-13 11:44:34 - [TEST_STEP][PASSED] - click(findTestObject("Page_- KAIZEN/sp_Element_producto")): Object: 'Object Repository/Page_- KAIZEN/sp_Element_producto' is clicked on

2020-03-13 11:44:40 - [MESSAGE][PASSED] - Object: 'Object Repository/Page_- KAIZEN/sp_Element_producto' is clicked on

2020-03-13 11:44:40 - [TEST_STEP][PASSED] - click(findTestObject("Page_- KAIZEN/sp_click_select_product")): Object: 'Object Repository/Page_- KAIZEN/sp_click_select_product' is clicked on

2020-03-13 11:44:47 - [MESSAGE][PASSED] - Object: 'Object Repository/Page_- KAIZEN/sp_click_select_product' is clicked on

2020-03-13 11:44:47 - [TEST_STEP][PASSED] - selectOptionByValue(findTestObject("Page_- KAIZEN/sp_assing_select_product"), Producto, true): All options with value '312' are selected in object 'Object Repository/Page_- KAIZEN/sp_assing_select_product'  using regular expression

2020-03-13 11:44:53 - [MESSAGE][PASSED] - All options with value '312' are selected in object 'Object Repository/Page_- KAIZEN/sp_assing_select_product'  using regular expression

2020-03-13 11:44:53 - [TEST_STEP][PASSED] - setText(findTestObject("Page_- KAIZEN/sp_input_product_quantity"), Cantidad): Text '16' is set on object 'Object Repository/Page_- KAIZEN/sp_input_product_quantity'

2020-03-13 11:44:55 - [MESSAGE][PASSED] - Text '16' is set on object 'Object Repository/Page_- KAIZEN/sp_input_product_quantity'

2020-03-13 11:44:55 - [TEST_STEP][PASSED] - click(findTestObject("Page_- KAIZEN/sp_btn_add_product")): Object: 'Object Repository/Page_- KAIZEN/sp_btn_add_product' is clicked on

2020-03-13 11:45:03 - [MESSAGE][PASSED] - Object: 'Object Repository/Page_- KAIZEN/sp_btn_add_product' is clicked on

2020-03-13 11:45:03 - [TEST_STEP][PASSED] - CantidadNoSoporta = Cantidad.toInteger(): null

2020-03-13 11:45:03 - [TEST_STEP][PASSED] - CantidadAñadida = CantidadNoSoporta * PesoProducto2: null

2020-03-13 11:45:03 - [TEST_STEP][PASSED] - CantidadRestante = CapacidadDisponible - CantidadAñadida: null

2020-03-13 11:45:03 - [TEST_STEP][PASSED] - Elementos = CantidadRestante / PesoProducto: null

2020-03-13 11:45:03 - [TEST_STEP][PASSED] - Cantidad2 = Elementos.toString(): null

2020-03-13 11:45:03 - [TEST_STEP][PASSED] - Producto = IDProductoSoportaPeso: null

2020-03-13 11:45:03 - [TEST_STEP][PASSED] - click(findTestObject("Page_- KAIZEN/sp_Element_producto")): Object: 'Object Repository/Page_- KAIZEN/sp_Element_producto' is clicked on

2020-03-13 11:45:10 - [MESSAGE][PASSED] - Object: 'Object Repository/Page_- KAIZEN/sp_Element_producto' is clicked on

2020-03-13 11:45:10 - [TEST_STEP][PASSED] - click(findTestObject("Page_- KAIZEN/sp_click_select_product")): Object: 'Object Repository/Page_- KAIZEN/sp_click_select_product' is clicked on

2020-03-13 11:45:17 - [MESSAGE][PASSED] - Object: 'Object Repository/Page_- KAIZEN/sp_click_select_product' is clicked on

2020-03-13 11:45:17 - [TEST_STEP][PASSED] - selectOptionByValue(findTestObject("Page_- KAIZEN/sp_assing_select_product"), Producto, true): All options with value '580' are selected in object 'Object Repository/Page_- KAIZEN/sp_assing_select_product'  using regular expression

2020-03-13 11:45:23 - [MESSAGE][PASSED] - All options with value '580' are selected in object 'Object Repository/Page_- KAIZEN/sp_assing_select_product'  using regular expression

2020-03-13 11:45:23 - [TEST_STEP][PASSED] - setText(findTestObject("Page_- KAIZEN/sp_input_product_quantity"), Cantidad2): Text '6' is set on object 'Object Repository/Page_- KAIZEN/sp_input_product_quantity'

2020-03-13 11:45:25 - [MESSAGE][PASSED] - Text '6' is set on object 'Object Repository/Page_- KAIZEN/sp_input_product_quantity'

2020-03-13 11:45:25 - [TEST_STEP][PASSED] - click(findTestObject("Page_- KAIZEN/sp_btn_add_product")): Object: 'Object Repository/Page_- KAIZEN/sp_btn_add_product' is clicked on

2020-03-13 11:45:33 - [MESSAGE][PASSED] - Object: 'Object Repository/Page_- KAIZEN/sp_btn_add_product' is clicked on

2020-03-13 11:45:33 - [TEST_STEP][PASSED] - delay(10): Delayed 10 second(s)

2020-03-13 11:45:43 - [MESSAGE][PASSED] - Delayed 10 second(s)

2020-03-13 11:45:43 - [TEST_STEP][PASSED] - boton3 = executeJavaScript("return document.getElementById("btn_next").style.display;", null): Execute JavaScript 'return document.getElementById("btn_next").style.display;' successfully

2020-03-13 11:45:43 - [MESSAGE][PASSED] - Execute JavaScript 'return document.getElementById("btn_next").style.display;' successfully

2020-03-13 11:45:43 - [TEST_STEP][PASSED] - if (boton3 == "none"): null

2020-03-13 11:45:43 - [TEST_STEP][PASSED] - else: Browser is closed

2020-03-13 11:45:43 - [TEST_STEP][PASSED] - click(findTestObject("Page_- KAIZEN/sp_Siguiente")): Object: 'Object Repository/Page_- KAIZEN/sp_Siguiente' is clicked on

2020-03-13 11:45:49 - [MESSAGE][PASSED] - Object: 'Object Repository/Page_- KAIZEN/sp_Siguiente' is clicked on

2020-03-13 11:45:49 - [TEST_STEP][PASSED] - click(findTestObject("Page_- KAIZEN/sp_btn_finish")): Object: 'Object Repository/Page_- KAIZEN/sp_btn_finish' is clicked on

2020-03-13 11:45:51 - [MESSAGE][PASSED] - Object: 'Object Repository/Page_- KAIZEN/sp_btn_finish' is clicked on

2020-03-13 11:45:51 - [TEST_STEP][PASSED] - delay(5): Delayed 5 second(s)

2020-03-13 11:45:56 - [MESSAGE][PASSED] - Delayed 5 second(s)

2020-03-13 11:45:56 - [TEST_STEP][PASSED] - closeBrowser(): Browser is closed

2020-03-13 11:45:57 - [MESSAGE][PASSED] - Browser is closed

2020-03-13 11:45:57 - [MESSAGE][PASSED] - Call Test Case 'Test Cases/Individual_Tests/Seleccionar_Productos40pies' successfully]]></system-out>
         <system-err><![CDATA[]]></system-err>
      </testcase>
      <testcase name="Test Cases/Generar_Excels_Secuencias/TC_Generar_Excel_Aprobaciones" time="4.192" classname="Test Cases/Generar_Excels_Secuencias/TC_Generar_Excel_Aprobaciones" status="PASSED">
         <system-out><![CDATA[2020-03-13 11:45:57 - [TEST_CASE][PASSED] - Test Cases/Generar_Excels_Secuencias/TC_Generar_Excel_Aprobaciones: Test Cases/Generar_Excels_Secuencias/TC_Generar_Excel_Aprobaciones

2020-03-13 11:45:57 - [TEST_STEP][PASSED] - python.ejecutarAleatoriosPython.runPython("Aprobar"): python.ejecutarAleatoriosPython.runPython is PASSED

2020-03-13 11:46:01 - [MESSAGE][PASSED] - python.ejecutarAleatoriosPython.runPython is PASSED]]></system-out>
         <system-err><![CDATA[]]></system-err>
      </testcase>
      <testcase name="Test Cases/Secuencias de Ejecucion/TC_Aprobar_Ventas" time="129.234" classname="Test Cases/Secuencias de Ejecucion/TC_Aprobar_Ventas" status="PASSED">
         <system-out><![CDATA[2020-03-13 11:46:01 - [TEST_CASE][PASSED] - Test Cases/Secuencias de Ejecucion/TC_Aprobar_Ventas: Test Cases/Secuencias de Ejecucion/TC_Aprobar_Ventas

2020-03-13 11:46:01 - [TEST_STEP][PASSED] - archivo = $RunConfiguration.getProjectDir()/Pedidos/DataExcel/Aprobaciones_Pedidos.xlsx: null

2020-03-13 11:46:01 - [TEST_STEP][PASSED] - excelData = getExcelDataWithDefaultSheet(archivo, "Sheet1", true): null

2020-03-13 11:46:01 - [TEST_STEP][PASSED] - for ([Index = 1, Index <= excelData.getRowNumbers(), (Index++)]): Call Test Case 'Test Cases/Individual_Tests/Aprobacion_Ventas' successfully

2020-03-13 11:46:01 - [TEST_STEP][PASSED] - callTestCase(findTestCase("Individual_Tests/Login"), ["Evento":"Aprobar", "Index":Index], STOP_ON_FAILURE): Call Test Case 'Test Cases/Individual_Tests/Login' successfully

2020-03-13 11:46:01 - [TEST_CASE][PASSED] - Test Cases/Individual_Tests/Login: Test Cases/Individual_Tests/Login

2020-03-13 11:46:01 - [TEST_STEP][PASSED] - print("Evento Seleccionado: " + Evento + "
"): null

2020-03-13 11:46:01 - [TEST_STEP][PASSED] - openBrowser(Web): Browser is opened with url: 'http://kaizendev.net:8086/Login/Accesar'

2020-03-13 11:46:01 - [MESSAGE][INFO] - Starting 'Chrome' driver

2020-03-13 11:46:13 - [MESSAGE][PASSED] - Browser is opened with url: 'http://kaizendev.net:8086/Login/Accesar'

2020-03-13 11:46:13 - [TEST_STEP][PASSED] - maximizeWindow(): Current window maximized

2020-03-13 11:46:14 - [MESSAGE][PASSED] - Current window maximized

2020-03-13 11:46:14 - [TEST_STEP][PASSED] - if (Evento == "Crear20"): null

2020-03-13 11:46:14 - [TEST_STEP][PASSED] - else if (Evento == "Crear40"): null

2020-03-13 11:46:14 - [TEST_STEP][PASSED] - else if (Evento == "Aprobar"): Object: 'Object Repository/Page_Iniciar Sesion - KAIZEN/is_btn_ingresar_sistema' is clicked on

2020-03-13 11:46:14 - [TEST_STEP][PASSED] - data2 = obtener_excels.obtener_aprobaciones.getValuesExcelAprob20(Index): obtener_excels.obtener_aprobaciones.getValuesExcelAprob20 is PASSED

2020-03-13 11:46:14 - [MESSAGE][PASSED] - obtener_excels.obtener_aprobaciones.getValuesExcelAprob20 is PASSED

2020-03-13 11:46:14 - [TEST_STEP][PASSED] - Usuario = data2[1]: null

2020-03-13 11:46:14 - [TEST_STEP][PASSED] - Contrasena = data2[2]: null

2020-03-13 11:46:14 - [TEST_STEP][PASSED] - setText(findTestObject("Page_Iniciar Sesion - KAIZEN/is_input_email"), Usuario): Text 'automated.test@grupokaizen.net' is set on object 'Object Repository/Page_Iniciar Sesion - KAIZEN/is_input_email'

2020-03-13 11:46:15 - [MESSAGE][PASSED] - Text 'automated.test@grupokaizen.net' is set on object 'Object Repository/Page_Iniciar Sesion - KAIZEN/is_input_email'

2020-03-13 11:46:15 - [TEST_STEP][PASSED] - setEncryptedText(findTestObject("Page_Iniciar Sesion - KAIZEN/IS_input_contrasena"), Contrasena): Text ****** has been set on object 'Object Repository/Page_Iniciar Sesion - KAIZEN/IS_input_contrasena'

2020-03-13 11:46:15 - [MESSAGE][PASSED] - Text ****** has been set on object 'Object Repository/Page_Iniciar Sesion - KAIZEN/IS_input_contrasena'

2020-03-13 11:46:15 - [TEST_STEP][PASSED] - click(findTestObject("Page_Iniciar Sesion - KAIZEN/is_btn_ingresar_sistema")): Object: 'Object Repository/Page_Iniciar Sesion - KAIZEN/is_btn_ingresar_sistema' is clicked on

2020-03-13 11:46:18 - [MESSAGE][PASSED] - Object: 'Object Repository/Page_Iniciar Sesion - KAIZEN/is_btn_ingresar_sistema' is clicked on

2020-03-13 11:46:18 - [MESSAGE][PASSED] - Call Test Case 'Test Cases/Individual_Tests/Login' successfully

2020-03-13 11:46:18 - [TEST_STEP][PASSED] - callTestCase(findTestCase("Individual_Tests/Seleccionar_Idioma"), ["Evento":"Aprobar", "Index":Index], STOP_ON_FAILURE): Call Test Case 'Test Cases/Individual_Tests/Seleccionar_Idioma' successfully

2020-03-13 11:46:18 - [TEST_CASE][PASSED] - Test Cases/Individual_Tests/Seleccionar_Idioma: Test Cases/Individual_Tests/Seleccionar_Idioma

2020-03-13 11:46:18 - [TEST_STEP][PASSED] - Idioma = 0: null

2020-03-13 11:46:18 - [TEST_STEP][PASSED] - if (Evento == "Crear20"): null

2020-03-13 11:46:18 - [TEST_STEP][PASSED] - else if (Evento == "Crear40"): null

2020-03-13 11:46:18 - [TEST_STEP][PASSED] - else if (Evento == "Aprobar"): null

2020-03-13 11:46:18 - [TEST_STEP][PASSED] - data2 = obtener_excels.obtener_aprobaciones.getValuesExcelAprob20(Index): obtener_excels.obtener_aprobaciones.getValuesExcelAprob20 is PASSED

2020-03-13 11:46:18 - [MESSAGE][PASSED] - obtener_excels.obtener_aprobaciones.getValuesExcelAprob20 is PASSED

2020-03-13 11:46:18 - [TEST_STEP][PASSED] - Idioma = data2[0]: null

2020-03-13 11:46:18 - [TEST_STEP][PASSED] - click(findTestObject("Page_- KAIZEN/si_btn_idioma")): Object: 'Object Repository/Page_- KAIZEN/si_btn_idioma' is clicked on

2020-03-13 11:46:18 - [MESSAGE][PASSED] - Object: 'Object Repository/Page_- KAIZEN/si_btn_idioma' is clicked on

2020-03-13 11:46:18 - [TEST_STEP][PASSED] - if (Idioma == "0"): null

2020-03-13 11:46:18 - [TEST_STEP][PASSED] - else: Object: 'Object Repository/Page_- KAIZEN/si_Spanish' is clicked on

2020-03-13 11:46:18 - [TEST_STEP][PASSED] - click(findTestObject("Page_- KAIZEN/si_Spanish")): Object: 'Object Repository/Page_- KAIZEN/si_Spanish' is clicked on

2020-03-13 11:46:20 - [MESSAGE][PASSED] - Object: 'Object Repository/Page_- KAIZEN/si_Spanish' is clicked on

2020-03-13 11:46:20 - [MESSAGE][PASSED] - Call Test Case 'Test Cases/Individual_Tests/Seleccionar_Idioma' successfully

2020-03-13 11:46:20 - [TEST_STEP][PASSED] - callTestCase(findTestCase("Individual_Tests/Aprobacion_Ventas"), ["Index":Index], STOP_ON_FAILURE): Call Test Case 'Test Cases/Individual_Tests/Aprobacion_Ventas' successfully

2020-03-13 11:46:20 - [TEST_CASE][PASSED] - Test Cases/Individual_Tests/Aprobacion_Ventas: Test Cases/Individual_Tests/Aprobacion_Ventas

2020-03-13 11:46:20 - [TEST_STEP][PASSED] - data = obtener_excels.obtener_aprobaciones.getValuesExcelAprob20(Index): obtener_excels.obtener_aprobaciones.getValuesExcelAprob20 is PASSED

2020-03-13 11:46:20 - [MESSAGE][PASSED] - obtener_excels.obtener_aprobaciones.getValuesExcelAprob20 is PASSED

2020-03-13 11:46:20 - [TEST_STEP][PASSED] - IdPedido = data[3]: null

2020-03-13 11:46:20 - [TEST_STEP][PASSED] - Id_Cliente = data[4]: null

2020-03-13 11:46:20 - [TEST_STEP][PASSED] - AprobVentas = data[5]: null

2020-03-13 11:46:20 - [TEST_STEP][PASSED] - print(Id_Cliente + "
"): null

2020-03-13 11:46:20 - [TEST_STEP][PASSED] - print(AprobVentas + "
"): null

2020-03-13 11:46:20 - [TEST_STEP][PASSED] - IDPedido = IdPedido: null

2020-03-13 11:46:20 - [TEST_STEP][PASSED] - IDCliente = Id_Cliente: null

2020-03-13 11:46:20 - [TEST_STEP][PASSED] - AprobacionVentas = AprobVentas: null

2020-03-13 11:46:20 - [TEST_STEP][PASSED] - click(findTestObject("Page_- KAIZEN/av_btn_ventas")): Object: 'Object Repository/Page_- KAIZEN/av_btn_ventas' is clicked on

2020-03-13 11:46:21 - [MESSAGE][PASSED] - Object: 'Object Repository/Page_- KAIZEN/av_btn_ventas' is clicked on

2020-03-13 11:46:21 - [TEST_STEP][PASSED] - click(findTestObject("Page_- KAIZEN/av_btn_aprobacinventas")): Object: 'Object Repository/Page_- KAIZEN/av_btn_aprobacinventas' is clicked on

2020-03-13 11:46:22 - [MESSAGE][PASSED] - Object: 'Object Repository/Page_- KAIZEN/av_btn_aprobacinventas' is clicked on

2020-03-13 11:46:22 - [TEST_STEP][PASSED] - click(findTestObject("Page_Aprobacin de Ventas - KAIZEN/av_click_aprobacionventas")): Object: 'Object Repository/Page_Aprobacin de Ventas - KAIZEN/av_click_aprobacionventas' is clicked on

2020-03-13 11:46:23 - [MESSAGE][PASSED] - Object: 'Object Repository/Page_Aprobacin de Ventas - KAIZEN/av_click_aprobacionventas' is clicked on

2020-03-13 11:46:23 - [TEST_STEP][PASSED] - click(findTestObject("Page_Aprobacin de Ventas - KAIZEN/av_btn_seleccione_cliente")): Object: 'Object Repository/Page_Aprobacin de Ventas - KAIZEN/av_btn_seleccione_cliente' is clicked on

2020-03-13 11:46:23 - [MESSAGE][PASSED] - Object: 'Object Repository/Page_Aprobacin de Ventas - KAIZEN/av_btn_seleccione_cliente' is clicked on

2020-03-13 11:46:23 - [TEST_STEP][PASSED] - click(findTestObject("Page_Aprobacin de Ventas - KAIZEN/av_click_seleccione_cliente")): Object: 'Object Repository/Page_Aprobacin de Ventas - KAIZEN/av_click_seleccione_cliente' is clicked on

2020-03-13 11:46:24 - [MESSAGE][PASSED] - Object: 'Object Repository/Page_Aprobacin de Ventas - KAIZEN/av_click_seleccione_cliente' is clicked on

2020-03-13 11:46:24 - [TEST_STEP][PASSED] - selectOptionByValue(findTestObject("Page_Aprobacin de Ventas - KAIZEN/av_assing_seleccione_cliente"), IDCliente, true): All options with value '2' are selected in object 'Object Repository/Page_Aprobacin de Ventas - KAIZEN/av_assing_seleccione_cliente'  using regular expression

2020-03-13 11:46:26 - [MESSAGE][PASSED] - All options with value '2' are selected in object 'Object Repository/Page_Aprobacin de Ventas - KAIZEN/av_assing_seleccione_cliente'  using regular expression

2020-03-13 11:46:26 - [TEST_STEP][PASSED] - click(findTestObject("Page_Aprobacin de Ventas - KAIZEN/av_btn_Buscar")): Object: 'Object Repository/Page_Aprobacin de Ventas - KAIZEN/av_btn_Buscar' is clicked on

2020-03-13 11:46:27 - [MESSAGE][PASSED] - Object: 'Object Repository/Page_Aprobacin de Ventas - KAIZEN/av_btn_Buscar' is clicked on

2020-03-13 11:46:27 - [TEST_STEP][PASSED] - delay(5): Delayed 5 second(s)

2020-03-13 11:46:32 - [MESSAGE][PASSED] - Delayed 5 second(s)

2020-03-13 11:46:32 - [TEST_STEP][PASSED] - if (AprobacionVentas == "Aprobar"): Object: 'Object Repository/Page_Aprobacin de Ventas - KAIZEN/av_btn_aceptar' is clicked on

2020-03-13 11:46:32 - [TEST_STEP][PASSED] - variable = "btn_aprobar_" + IDPedido: null

2020-03-13 11:46:32 - [TEST_STEP][PASSED] - print(variable): null

2020-03-13 11:46:32 - [TEST_STEP][PASSED] - executeJavaScript(document.getElementById('$variable').click();, null): Execute JavaScript 'document.getElementById('btn_aprobar_275').click();' successfully

2020-03-13 11:46:32 - [MESSAGE][PASSED] - Execute JavaScript 'document.getElementById('btn_aprobar_275').click();' successfully

2020-03-13 11:46:32 - [TEST_STEP][PASSED] - click(findTestObject("Page_Aprobacin de Ventas - KAIZEN/av_btn_aceptar")): Object: 'Object Repository/Page_Aprobacin de Ventas - KAIZEN/av_btn_aceptar' is clicked on

2020-03-13 11:46:32 - [MESSAGE][PASSED] - Object: 'Object Repository/Page_Aprobacin de Ventas - KAIZEN/av_btn_aceptar' is clicked on

2020-03-13 11:46:32 - [TEST_STEP][PASSED] - delay(10): Delayed 10 second(s)

2020-03-13 11:46:42 - [MESSAGE][PASSED] - Delayed 10 second(s)

2020-03-13 11:46:42 - [MESSAGE][PASSED] - Call Test Case 'Test Cases/Individual_Tests/Aprobacion_Ventas' successfully

2020-03-13 11:46:42 - [TEST_STEP][PASSED] - callTestCase(findTestCase("Individual_Tests/Login"), ["Evento":"Aprobar", "Index":Index], STOP_ON_FAILURE): Call Test Case 'Test Cases/Individual_Tests/Login' successfully

2020-03-13 11:46:42 - [TEST_CASE][PASSED] - Test Cases/Individual_Tests/Login: Test Cases/Individual_Tests/Login

2020-03-13 11:46:42 - [TEST_STEP][PASSED] - print("Evento Seleccionado: " + Evento + "
"): null

2020-03-13 11:46:42 - [TEST_STEP][PASSED] - openBrowser(Web): Browser is opened with url: 'http://kaizendev.net:8086/Login/Accesar'

2020-03-13 11:46:42 - [MESSAGE][WARNING] - A browser is already opened. Closing browser and opening a new one

2020-03-13 11:46:43 - [MESSAGE][INFO] - Starting 'Chrome' driver

2020-03-13 11:46:53 - [MESSAGE][PASSED] - Browser is opened with url: 'http://kaizendev.net:8086/Login/Accesar'

2020-03-13 11:46:53 - [TEST_STEP][PASSED] - maximizeWindow(): Current window maximized

2020-03-13 11:46:55 - [MESSAGE][PASSED] - Current window maximized

2020-03-13 11:46:55 - [TEST_STEP][PASSED] - if (Evento == "Crear20"): null

2020-03-13 11:46:55 - [TEST_STEP][PASSED] - else if (Evento == "Crear40"): null

2020-03-13 11:46:55 - [TEST_STEP][PASSED] - else if (Evento == "Aprobar"): Object: 'Object Repository/Page_Iniciar Sesion - KAIZEN/is_btn_ingresar_sistema' is clicked on

2020-03-13 11:46:55 - [TEST_STEP][PASSED] - data2 = obtener_excels.obtener_aprobaciones.getValuesExcelAprob20(Index): obtener_excels.obtener_aprobaciones.getValuesExcelAprob20 is PASSED

2020-03-13 11:46:55 - [MESSAGE][PASSED] - obtener_excels.obtener_aprobaciones.getValuesExcelAprob20 is PASSED

2020-03-13 11:46:55 - [TEST_STEP][PASSED] - Usuario = data2[1]: null

2020-03-13 11:46:55 - [TEST_STEP][PASSED] - Contrasena = data2[2]: null

2020-03-13 11:46:55 - [TEST_STEP][PASSED] - setText(findTestObject("Page_Iniciar Sesion - KAIZEN/is_input_email"), Usuario): Text 'automated.test@grupokaizen.net' is set on object 'Object Repository/Page_Iniciar Sesion - KAIZEN/is_input_email'

2020-03-13 11:46:55 - [MESSAGE][PASSED] - Text 'automated.test@grupokaizen.net' is set on object 'Object Repository/Page_Iniciar Sesion - KAIZEN/is_input_email'

2020-03-13 11:46:55 - [TEST_STEP][PASSED] - setEncryptedText(findTestObject("Page_Iniciar Sesion - KAIZEN/IS_input_contrasena"), Contrasena): Text ****** has been set on object 'Object Repository/Page_Iniciar Sesion - KAIZEN/IS_input_contrasena'

2020-03-13 11:46:56 - [MESSAGE][PASSED] - Text ****** has been set on object 'Object Repository/Page_Iniciar Sesion - KAIZEN/IS_input_contrasena'

2020-03-13 11:46:56 - [TEST_STEP][PASSED] - click(findTestObject("Page_Iniciar Sesion - KAIZEN/is_btn_ingresar_sistema")): Object: 'Object Repository/Page_Iniciar Sesion - KAIZEN/is_btn_ingresar_sistema' is clicked on

2020-03-13 11:46:58 - [MESSAGE][PASSED] - Object: 'Object Repository/Page_Iniciar Sesion - KAIZEN/is_btn_ingresar_sistema' is clicked on

2020-03-13 11:46:58 - [MESSAGE][PASSED] - Call Test Case 'Test Cases/Individual_Tests/Login' successfully

2020-03-13 11:46:58 - [TEST_STEP][PASSED] - callTestCase(findTestCase("Individual_Tests/Seleccionar_Idioma"), ["Evento":"Aprobar", "Index":Index], STOP_ON_FAILURE): Call Test Case 'Test Cases/Individual_Tests/Seleccionar_Idioma' successfully

2020-03-13 11:46:58 - [TEST_CASE][PASSED] - Test Cases/Individual_Tests/Seleccionar_Idioma: Test Cases/Individual_Tests/Seleccionar_Idioma

2020-03-13 11:46:58 - [TEST_STEP][PASSED] - Idioma = 0: null

2020-03-13 11:46:58 - [TEST_STEP][PASSED] - if (Evento == "Crear20"): null

2020-03-13 11:46:58 - [TEST_STEP][PASSED] - else if (Evento == "Crear40"): null

2020-03-13 11:46:58 - [TEST_STEP][PASSED] - else if (Evento == "Aprobar"): null

2020-03-13 11:46:58 - [TEST_STEP][PASSED] - data2 = obtener_excels.obtener_aprobaciones.getValuesExcelAprob20(Index): obtener_excels.obtener_aprobaciones.getValuesExcelAprob20 is PASSED

2020-03-13 11:46:58 - [MESSAGE][PASSED] - obtener_excels.obtener_aprobaciones.getValuesExcelAprob20 is PASSED

2020-03-13 11:46:58 - [TEST_STEP][PASSED] - Idioma = data2[0]: null

2020-03-13 11:46:58 - [TEST_STEP][PASSED] - click(findTestObject("Page_- KAIZEN/si_btn_idioma")): Object: 'Object Repository/Page_- KAIZEN/si_btn_idioma' is clicked on

2020-03-13 11:46:59 - [MESSAGE][PASSED] - Object: 'Object Repository/Page_- KAIZEN/si_btn_idioma' is clicked on

2020-03-13 11:46:59 - [TEST_STEP][PASSED] - if (Idioma == "0"): Object: 'Object Repository/Page_- KAIZEN/si_Ingles' is clicked on

2020-03-13 11:46:59 - [TEST_STEP][PASSED] - click(findTestObject("Page_- KAIZEN/si_Ingles")): Object: 'Object Repository/Page_- KAIZEN/si_Ingles' is clicked on

2020-03-13 11:47:00 - [MESSAGE][PASSED] - Object: 'Object Repository/Page_- KAIZEN/si_Ingles' is clicked on

2020-03-13 11:47:00 - [MESSAGE][PASSED] - Call Test Case 'Test Cases/Individual_Tests/Seleccionar_Idioma' successfully

2020-03-13 11:47:00 - [TEST_STEP][PASSED] - callTestCase(findTestCase("Individual_Tests/Aprobacion_Ventas"), ["Index":Index], STOP_ON_FAILURE): Call Test Case 'Test Cases/Individual_Tests/Aprobacion_Ventas' successfully

2020-03-13 11:47:00 - [TEST_CASE][PASSED] - Test Cases/Individual_Tests/Aprobacion_Ventas: Test Cases/Individual_Tests/Aprobacion_Ventas

2020-03-13 11:47:00 - [TEST_STEP][PASSED] - data = obtener_excels.obtener_aprobaciones.getValuesExcelAprob20(Index): obtener_excels.obtener_aprobaciones.getValuesExcelAprob20 is PASSED

2020-03-13 11:47:00 - [MESSAGE][PASSED] - obtener_excels.obtener_aprobaciones.getValuesExcelAprob20 is PASSED

2020-03-13 11:47:00 - [TEST_STEP][PASSED] - IdPedido = data[3]: null

2020-03-13 11:47:00 - [TEST_STEP][PASSED] - Id_Cliente = data[4]: null

2020-03-13 11:47:00 - [TEST_STEP][PASSED] - AprobVentas = data[5]: null

2020-03-13 11:47:00 - [TEST_STEP][PASSED] - print(Id_Cliente + "
"): null

2020-03-13 11:47:00 - [TEST_STEP][PASSED] - print(AprobVentas + "
"): null

2020-03-13 11:47:00 - [TEST_STEP][PASSED] - IDPedido = IdPedido: null

2020-03-13 11:47:00 - [TEST_STEP][PASSED] - IDCliente = Id_Cliente: null

2020-03-13 11:47:00 - [TEST_STEP][PASSED] - AprobacionVentas = AprobVentas: null

2020-03-13 11:47:00 - [TEST_STEP][PASSED] - click(findTestObject("Page_- KAIZEN/av_btn_ventas")): Object: 'Object Repository/Page_- KAIZEN/av_btn_ventas' is clicked on

2020-03-13 11:47:01 - [MESSAGE][PASSED] - Object: 'Object Repository/Page_- KAIZEN/av_btn_ventas' is clicked on

2020-03-13 11:47:01 - [TEST_STEP][PASSED] - click(findTestObject("Page_- KAIZEN/av_btn_aprobacinventas")): Object: 'Object Repository/Page_- KAIZEN/av_btn_aprobacinventas' is clicked on

2020-03-13 11:47:03 - [MESSAGE][PASSED] - Object: 'Object Repository/Page_- KAIZEN/av_btn_aprobacinventas' is clicked on

2020-03-13 11:47:03 - [TEST_STEP][PASSED] - click(findTestObject("Page_Aprobacin de Ventas - KAIZEN/av_click_aprobacionventas")): Object: 'Object Repository/Page_Aprobacin de Ventas - KAIZEN/av_click_aprobacionventas' is clicked on

2020-03-13 11:47:03 - [MESSAGE][PASSED] - Object: 'Object Repository/Page_Aprobacin de Ventas - KAIZEN/av_click_aprobacionventas' is clicked on

2020-03-13 11:47:03 - [TEST_STEP][PASSED] - click(findTestObject("Page_Aprobacin de Ventas - KAIZEN/av_btn_seleccione_cliente")): Object: 'Object Repository/Page_Aprobacin de Ventas - KAIZEN/av_btn_seleccione_cliente' is clicked on

2020-03-13 11:47:04 - [MESSAGE][PASSED] - Object: 'Object Repository/Page_Aprobacin de Ventas - KAIZEN/av_btn_seleccione_cliente' is clicked on

2020-03-13 11:47:04 - [TEST_STEP][PASSED] - click(findTestObject("Page_Aprobacin de Ventas - KAIZEN/av_click_seleccione_cliente")): Object: 'Object Repository/Page_Aprobacin de Ventas - KAIZEN/av_click_seleccione_cliente' is clicked on

2020-03-13 11:47:04 - [MESSAGE][PASSED] - Object: 'Object Repository/Page_Aprobacin de Ventas - KAIZEN/av_click_seleccione_cliente' is clicked on

2020-03-13 11:47:04 - [TEST_STEP][PASSED] - selectOptionByValue(findTestObject("Page_Aprobacin de Ventas - KAIZEN/av_assing_seleccione_cliente"), IDCliente, true): All options with value '17' are selected in object 'Object Repository/Page_Aprobacin de Ventas - KAIZEN/av_assing_seleccione_cliente'  using regular expression

2020-03-13 11:47:06 - [MESSAGE][PASSED] - All options with value '17' are selected in object 'Object Repository/Page_Aprobacin de Ventas - KAIZEN/av_assing_seleccione_cliente'  using regular expression

2020-03-13 11:47:06 - [TEST_STEP][PASSED] - click(findTestObject("Page_Aprobacin de Ventas - KAIZEN/av_btn_Buscar")): Object: 'Object Repository/Page_Aprobacin de Ventas - KAIZEN/av_btn_Buscar' is clicked on

2020-03-13 11:47:07 - [MESSAGE][PASSED] - Object: 'Object Repository/Page_Aprobacin de Ventas - KAIZEN/av_btn_Buscar' is clicked on

2020-03-13 11:47:07 - [TEST_STEP][PASSED] - delay(5): Delayed 5 second(s)

2020-03-13 11:47:12 - [MESSAGE][PASSED] - Delayed 5 second(s)

2020-03-13 11:47:12 - [TEST_STEP][PASSED] - if (AprobacionVentas == "Aprobar"): Object: 'Object Repository/Page_Aprobacin de Ventas - KAIZEN/av_btn_aceptar' is clicked on

2020-03-13 11:47:12 - [TEST_STEP][PASSED] - variable = "btn_aprobar_" + IDPedido: null

2020-03-13 11:47:12 - [TEST_STEP][PASSED] - print(variable): null

2020-03-13 11:47:12 - [TEST_STEP][PASSED] - executeJavaScript(document.getElementById('$variable').click();, null): Execute JavaScript 'document.getElementById('btn_aprobar_276').click();' successfully

2020-03-13 11:47:12 - [MESSAGE][PASSED] - Execute JavaScript 'document.getElementById('btn_aprobar_276').click();' successfully

2020-03-13 11:47:12 - [TEST_STEP][PASSED] - click(findTestObject("Page_Aprobacin de Ventas - KAIZEN/av_btn_aceptar")): Object: 'Object Repository/Page_Aprobacin de Ventas - KAIZEN/av_btn_aceptar' is clicked on

2020-03-13 11:47:13 - [MESSAGE][PASSED] - Object: 'Object Repository/Page_Aprobacin de Ventas - KAIZEN/av_btn_aceptar' is clicked on

2020-03-13 11:47:13 - [TEST_STEP][PASSED] - delay(10): Delayed 10 second(s)

2020-03-13 11:47:23 - [MESSAGE][PASSED] - Delayed 10 second(s)

2020-03-13 11:47:23 - [MESSAGE][PASSED] - Call Test Case 'Test Cases/Individual_Tests/Aprobacion_Ventas' successfully

2020-03-13 11:47:23 - [TEST_STEP][PASSED] - callTestCase(findTestCase("Individual_Tests/Login"), ["Evento":"Aprobar", "Index":Index], STOP_ON_FAILURE): Call Test Case 'Test Cases/Individual_Tests/Login' successfully

2020-03-13 11:47:23 - [TEST_CASE][PASSED] - Test Cases/Individual_Tests/Login: Test Cases/Individual_Tests/Login

2020-03-13 11:47:23 - [TEST_STEP][PASSED] - print("Evento Seleccionado: " + Evento + "
"): null

2020-03-13 11:47:23 - [TEST_STEP][PASSED] - openBrowser(Web): Browser is opened with url: 'http://kaizendev.net:8086/Login/Accesar'

2020-03-13 11:47:23 - [MESSAGE][WARNING] - A browser is already opened. Closing browser and opening a new one

2020-03-13 11:47:24 - [MESSAGE][INFO] - Starting 'Chrome' driver

2020-03-13 11:47:37 - [MESSAGE][PASSED] - Browser is opened with url: 'http://kaizendev.net:8086/Login/Accesar'

2020-03-13 11:47:37 - [TEST_STEP][PASSED] - maximizeWindow(): Current window maximized

2020-03-13 11:47:38 - [MESSAGE][PASSED] - Current window maximized

2020-03-13 11:47:38 - [TEST_STEP][PASSED] - if (Evento == "Crear20"): null

2020-03-13 11:47:38 - [TEST_STEP][PASSED] - else if (Evento == "Crear40"): null

2020-03-13 11:47:38 - [TEST_STEP][PASSED] - else if (Evento == "Aprobar"): Object: 'Object Repository/Page_Iniciar Sesion - KAIZEN/is_btn_ingresar_sistema' is clicked on

2020-03-13 11:47:38 - [TEST_STEP][PASSED] - data2 = obtener_excels.obtener_aprobaciones.getValuesExcelAprob20(Index): obtener_excels.obtener_aprobaciones.getValuesExcelAprob20 is PASSED

2020-03-13 11:47:38 - [MESSAGE][PASSED] - obtener_excels.obtener_aprobaciones.getValuesExcelAprob20 is PASSED

2020-03-13 11:47:38 - [TEST_STEP][PASSED] - Usuario = data2[1]: null

2020-03-13 11:47:38 - [TEST_STEP][PASSED] - Contrasena = data2[2]: null

2020-03-13 11:47:38 - [TEST_STEP][PASSED] - setText(findTestObject("Page_Iniciar Sesion - KAIZEN/is_input_email"), Usuario): Text 'automated.test@grupokaizen.net' is set on object 'Object Repository/Page_Iniciar Sesion - KAIZEN/is_input_email'

2020-03-13 11:47:39 - [MESSAGE][PASSED] - Text 'automated.test@grupokaizen.net' is set on object 'Object Repository/Page_Iniciar Sesion - KAIZEN/is_input_email'

2020-03-13 11:47:39 - [TEST_STEP][PASSED] - setEncryptedText(findTestObject("Page_Iniciar Sesion - KAIZEN/IS_input_contrasena"), Contrasena): Text ****** has been set on object 'Object Repository/Page_Iniciar Sesion - KAIZEN/IS_input_contrasena'

2020-03-13 11:47:40 - [MESSAGE][PASSED] - Text ****** has been set on object 'Object Repository/Page_Iniciar Sesion - KAIZEN/IS_input_contrasena'

2020-03-13 11:47:40 - [TEST_STEP][PASSED] - click(findTestObject("Page_Iniciar Sesion - KAIZEN/is_btn_ingresar_sistema")): Object: 'Object Repository/Page_Iniciar Sesion - KAIZEN/is_btn_ingresar_sistema' is clicked on

2020-03-13 11:47:44 - [MESSAGE][PASSED] - Object: 'Object Repository/Page_Iniciar Sesion - KAIZEN/is_btn_ingresar_sistema' is clicked on

2020-03-13 11:47:44 - [MESSAGE][PASSED] - Call Test Case 'Test Cases/Individual_Tests/Login' successfully

2020-03-13 11:47:44 - [TEST_STEP][PASSED] - callTestCase(findTestCase("Individual_Tests/Seleccionar_Idioma"), ["Evento":"Aprobar", "Index":Index], STOP_ON_FAILURE): Call Test Case 'Test Cases/Individual_Tests/Seleccionar_Idioma' successfully

2020-03-13 11:47:44 - [TEST_CASE][PASSED] - Test Cases/Individual_Tests/Seleccionar_Idioma: Test Cases/Individual_Tests/Seleccionar_Idioma

2020-03-13 11:47:44 - [TEST_STEP][PASSED] - Idioma = 0: null

2020-03-13 11:47:44 - [TEST_STEP][PASSED] - if (Evento == "Crear20"): null

2020-03-13 11:47:44 - [TEST_STEP][PASSED] - else if (Evento == "Crear40"): null

2020-03-13 11:47:44 - [TEST_STEP][PASSED] - else if (Evento == "Aprobar"): null

2020-03-13 11:47:44 - [TEST_STEP][PASSED] - data2 = obtener_excels.obtener_aprobaciones.getValuesExcelAprob20(Index): obtener_excels.obtener_aprobaciones.getValuesExcelAprob20 is PASSED

2020-03-13 11:47:44 - [MESSAGE][PASSED] - obtener_excels.obtener_aprobaciones.getValuesExcelAprob20 is PASSED

2020-03-13 11:47:44 - [TEST_STEP][PASSED] - Idioma = data2[0]: null

2020-03-13 11:47:44 - [TEST_STEP][PASSED] - click(findTestObject("Page_- KAIZEN/si_btn_idioma")): Object: 'Object Repository/Page_- KAIZEN/si_btn_idioma' is clicked on

2020-03-13 11:47:45 - [MESSAGE][PASSED] - Object: 'Object Repository/Page_- KAIZEN/si_btn_idioma' is clicked on

2020-03-13 11:47:45 - [TEST_STEP][PASSED] - if (Idioma == "0"): null

2020-03-13 11:47:45 - [TEST_STEP][PASSED] - else: Object: 'Object Repository/Page_- KAIZEN/si_Spanish' is clicked on

2020-03-13 11:47:45 - [TEST_STEP][PASSED] - click(findTestObject("Page_- KAIZEN/si_Spanish")): Object: 'Object Repository/Page_- KAIZEN/si_Spanish' is clicked on

2020-03-13 11:47:46 - [MESSAGE][PASSED] - Object: 'Object Repository/Page_- KAIZEN/si_Spanish' is clicked on

2020-03-13 11:47:46 - [MESSAGE][PASSED] - Call Test Case 'Test Cases/Individual_Tests/Seleccionar_Idioma' successfully

2020-03-13 11:47:46 - [TEST_STEP][PASSED] - callTestCase(findTestCase("Individual_Tests/Aprobacion_Ventas"), ["Index":Index], STOP_ON_FAILURE): Call Test Case 'Test Cases/Individual_Tests/Aprobacion_Ventas' successfully

2020-03-13 11:47:46 - [TEST_CASE][PASSED] - Test Cases/Individual_Tests/Aprobacion_Ventas: Test Cases/Individual_Tests/Aprobacion_Ventas

2020-03-13 11:47:46 - [TEST_STEP][PASSED] - data = obtener_excels.obtener_aprobaciones.getValuesExcelAprob20(Index): obtener_excels.obtener_aprobaciones.getValuesExcelAprob20 is PASSED

2020-03-13 11:47:46 - [MESSAGE][PASSED] - obtener_excels.obtener_aprobaciones.getValuesExcelAprob20 is PASSED

2020-03-13 11:47:46 - [TEST_STEP][PASSED] - IdPedido = data[3]: null

2020-03-13 11:47:46 - [TEST_STEP][PASSED] - Id_Cliente = data[4]: null

2020-03-13 11:47:46 - [TEST_STEP][PASSED] - AprobVentas = data[5]: null

2020-03-13 11:47:46 - [TEST_STEP][PASSED] - print(Id_Cliente + "
"): null

2020-03-13 11:47:46 - [TEST_STEP][PASSED] - print(AprobVentas + "
"): null

2020-03-13 11:47:46 - [TEST_STEP][PASSED] - IDPedido = IdPedido: null

2020-03-13 11:47:46 - [TEST_STEP][PASSED] - IDCliente = Id_Cliente: null

2020-03-13 11:47:46 - [TEST_STEP][PASSED] - AprobacionVentas = AprobVentas: null

2020-03-13 11:47:46 - [TEST_STEP][PASSED] - click(findTestObject("Page_- KAIZEN/av_btn_ventas")): Object: 'Object Repository/Page_- KAIZEN/av_btn_ventas' is clicked on

2020-03-13 11:47:47 - [MESSAGE][PASSED] - Object: 'Object Repository/Page_- KAIZEN/av_btn_ventas' is clicked on

2020-03-13 11:47:47 - [TEST_STEP][PASSED] - click(findTestObject("Page_- KAIZEN/av_btn_aprobacinventas")): Object: 'Object Repository/Page_- KAIZEN/av_btn_aprobacinventas' is clicked on

2020-03-13 11:47:49 - [MESSAGE][PASSED] - Object: 'Object Repository/Page_- KAIZEN/av_btn_aprobacinventas' is clicked on

2020-03-13 11:47:49 - [TEST_STEP][PASSED] - click(findTestObject("Page_Aprobacin de Ventas - KAIZEN/av_click_aprobacionventas")): Object: 'Object Repository/Page_Aprobacin de Ventas - KAIZEN/av_click_aprobacionventas' is clicked on

2020-03-13 11:47:50 - [MESSAGE][PASSED] - Object: 'Object Repository/Page_Aprobacin de Ventas - KAIZEN/av_click_aprobacionventas' is clicked on

2020-03-13 11:47:50 - [TEST_STEP][PASSED] - click(findTestObject("Page_Aprobacin de Ventas - KAIZEN/av_btn_seleccione_cliente")): Object: 'Object Repository/Page_Aprobacin de Ventas - KAIZEN/av_btn_seleccione_cliente' is clicked on

2020-03-13 11:47:51 - [MESSAGE][PASSED] - Object: 'Object Repository/Page_Aprobacin de Ventas - KAIZEN/av_btn_seleccione_cliente' is clicked on

2020-03-13 11:47:51 - [TEST_STEP][PASSED] - click(findTestObject("Page_Aprobacin de Ventas - KAIZEN/av_click_seleccione_cliente")): Object: 'Object Repository/Page_Aprobacin de Ventas - KAIZEN/av_click_seleccione_cliente' is clicked on

2020-03-13 11:47:51 - [MESSAGE][PASSED] - Object: 'Object Repository/Page_Aprobacin de Ventas - KAIZEN/av_click_seleccione_cliente' is clicked on

2020-03-13 11:47:51 - [TEST_STEP][PASSED] - selectOptionByValue(findTestObject("Page_Aprobacin de Ventas - KAIZEN/av_assing_seleccione_cliente"), IDCliente, true): All options with value '7' are selected in object 'Object Repository/Page_Aprobacin de Ventas - KAIZEN/av_assing_seleccione_cliente'  using regular expression

2020-03-13 11:47:53 - [MESSAGE][PASSED] - All options with value '7' are selected in object 'Object Repository/Page_Aprobacin de Ventas - KAIZEN/av_assing_seleccione_cliente'  using regular expression

2020-03-13 11:47:53 - [TEST_STEP][PASSED] - click(findTestObject("Page_Aprobacin de Ventas - KAIZEN/av_btn_Buscar")): Object: 'Object Repository/Page_Aprobacin de Ventas - KAIZEN/av_btn_Buscar' is clicked on

2020-03-13 11:47:54 - [MESSAGE][PASSED] - Object: 'Object Repository/Page_Aprobacin de Ventas - KAIZEN/av_btn_Buscar' is clicked on

2020-03-13 11:47:54 - [TEST_STEP][PASSED] - delay(5): Delayed 5 second(s)

2020-03-13 11:47:59 - [MESSAGE][PASSED] - Delayed 5 second(s)

2020-03-13 11:47:59 - [TEST_STEP][PASSED] - if (AprobacionVentas == "Aprobar"): Object: 'Object Repository/Page_Aprobacin de Ventas - KAIZEN/av_btn_aceptar' is clicked on

2020-03-13 11:47:59 - [TEST_STEP][PASSED] - variable = "btn_aprobar_" + IDPedido: null

2020-03-13 11:47:59 - [TEST_STEP][PASSED] - print(variable): null

2020-03-13 11:47:59 - [TEST_STEP][PASSED] - executeJavaScript(document.getElementById('$variable').click();, null): Execute JavaScript 'document.getElementById('btn_aprobar_277').click();' successfully

2020-03-13 11:47:59 - [MESSAGE][PASSED] - Execute JavaScript 'document.getElementById('btn_aprobar_277').click();' successfully

2020-03-13 11:47:59 - [TEST_STEP][PASSED] - click(findTestObject("Page_Aprobacin de Ventas - KAIZEN/av_btn_aceptar")): Object: 'Object Repository/Page_Aprobacin de Ventas - KAIZEN/av_btn_aceptar' is clicked on

2020-03-13 11:48:00 - [MESSAGE][PASSED] - Object: 'Object Repository/Page_Aprobacin de Ventas - KAIZEN/av_btn_aceptar' is clicked on

2020-03-13 11:48:00 - [TEST_STEP][PASSED] - delay(10): Delayed 10 second(s)

2020-03-13 11:48:10 - [MESSAGE][PASSED] - Delayed 10 second(s)

2020-03-13 11:48:10 - [MESSAGE][PASSED] - Call Test Case 'Test Cases/Individual_Tests/Aprobacion_Ventas' successfully]]></system-out>
         <system-err><![CDATA[]]></system-err>
      </testcase>
      <testcase name="Test Cases/Secuencias de Ejecucion/TC_Aprobar_Financiera" time="193.537" classname="Test Cases/Secuencias de Ejecucion/TC_Aprobar_Financiera" status="PASSED">
         <system-out><![CDATA[2020-03-13 11:48:10 - [TEST_CASE][PASSED] - Test Cases/Secuencias de Ejecucion/TC_Aprobar_Financiera: Test Cases/Secuencias de Ejecucion/TC_Aprobar_Financiera

2020-03-13 11:48:10 - [TEST_STEP][PASSED] - archivo = $RunConfiguration.getProjectDir()/Pedidos/DataExcel/Aprobaciones_Pedidos.xlsx: null

2020-03-13 11:48:10 - [TEST_STEP][PASSED] - excelData = getExcelDataWithDefaultSheet(archivo, "Sheet1", true): null

2020-03-13 11:48:10 - [TEST_STEP][PASSED] - for ([Index = 1, Index <= excelData.getRowNumbers(), (Index++)]): Call Test Case 'Test Cases/Individual_Tests/Aprobacion_Financiera' successfully

2020-03-13 11:48:10 - [TEST_STEP][PASSED] - callTestCase(findTestCase("Individual_Tests/Login"), ["Evento":"Aprobar", "Index":Index], STOP_ON_FAILURE): Call Test Case 'Test Cases/Individual_Tests/Login' successfully

2020-03-13 11:48:10 - [TEST_CASE][PASSED] - Test Cases/Individual_Tests/Login: Test Cases/Individual_Tests/Login

2020-03-13 11:48:10 - [TEST_STEP][PASSED] - print("Evento Seleccionado: " + Evento + "
"): null

2020-03-13 11:48:10 - [TEST_STEP][PASSED] - openBrowser(Web): Browser is opened with url: 'http://kaizendev.net:8086/Login/Accesar'

2020-03-13 11:48:10 - [MESSAGE][WARNING] - A browser is already opened. Closing browser and opening a new one

2020-03-13 11:48:11 - [MESSAGE][INFO] - Starting 'Chrome' driver

2020-03-13 11:48:31 - [MESSAGE][PASSED] - Browser is opened with url: 'http://kaizendev.net:8086/Login/Accesar'

2020-03-13 11:48:31 - [TEST_STEP][PASSED] - maximizeWindow(): Current window maximized

2020-03-13 11:48:32 - [MESSAGE][PASSED] - Current window maximized

2020-03-13 11:48:32 - [TEST_STEP][PASSED] - if (Evento == "Crear20"): null

2020-03-13 11:48:32 - [TEST_STEP][PASSED] - else if (Evento == "Crear40"): null

2020-03-13 11:48:32 - [TEST_STEP][PASSED] - else if (Evento == "Aprobar"): Object: 'Object Repository/Page_Iniciar Sesion - KAIZEN/is_btn_ingresar_sistema' is clicked on

2020-03-13 11:48:32 - [TEST_STEP][PASSED] - data2 = obtener_excels.obtener_aprobaciones.getValuesExcelAprob20(Index): obtener_excels.obtener_aprobaciones.getValuesExcelAprob20 is PASSED

2020-03-13 11:48:32 - [MESSAGE][PASSED] - obtener_excels.obtener_aprobaciones.getValuesExcelAprob20 is PASSED

2020-03-13 11:48:32 - [TEST_STEP][PASSED] - Usuario = data2[1]: null

2020-03-13 11:48:32 - [TEST_STEP][PASSED] - Contrasena = data2[2]: null

2020-03-13 11:48:32 - [TEST_STEP][PASSED] - setText(findTestObject("Page_Iniciar Sesion - KAIZEN/is_input_email"), Usuario): Text 'automated.test@grupokaizen.net' is set on object 'Object Repository/Page_Iniciar Sesion - KAIZEN/is_input_email'

2020-03-13 11:48:33 - [MESSAGE][PASSED] - Text 'automated.test@grupokaizen.net' is set on object 'Object Repository/Page_Iniciar Sesion - KAIZEN/is_input_email'

2020-03-13 11:48:33 - [TEST_STEP][PASSED] - setEncryptedText(findTestObject("Page_Iniciar Sesion - KAIZEN/IS_input_contrasena"), Contrasena): Text ****** has been set on object 'Object Repository/Page_Iniciar Sesion - KAIZEN/IS_input_contrasena'

2020-03-13 11:48:33 - [MESSAGE][PASSED] - Text ****** has been set on object 'Object Repository/Page_Iniciar Sesion - KAIZEN/IS_input_contrasena'

2020-03-13 11:48:33 - [TEST_STEP][PASSED] - click(findTestObject("Page_Iniciar Sesion - KAIZEN/is_btn_ingresar_sistema")): Object: 'Object Repository/Page_Iniciar Sesion - KAIZEN/is_btn_ingresar_sistema' is clicked on

2020-03-13 11:48:36 - [MESSAGE][PASSED] - Object: 'Object Repository/Page_Iniciar Sesion - KAIZEN/is_btn_ingresar_sistema' is clicked on

2020-03-13 11:48:36 - [MESSAGE][PASSED] - Call Test Case 'Test Cases/Individual_Tests/Login' successfully

2020-03-13 11:48:36 - [TEST_STEP][PASSED] - callTestCase(findTestCase("Individual_Tests/Seleccionar_Idioma"), ["Evento":"Aprobar", "Index":Index], STOP_ON_FAILURE): Call Test Case 'Test Cases/Individual_Tests/Seleccionar_Idioma' successfully

2020-03-13 11:48:36 - [TEST_CASE][PASSED] - Test Cases/Individual_Tests/Seleccionar_Idioma: Test Cases/Individual_Tests/Seleccionar_Idioma

2020-03-13 11:48:36 - [TEST_STEP][PASSED] - Idioma = 0: null

2020-03-13 11:48:36 - [TEST_STEP][PASSED] - if (Evento == "Crear20"): null

2020-03-13 11:48:36 - [TEST_STEP][PASSED] - else if (Evento == "Crear40"): null

2020-03-13 11:48:36 - [TEST_STEP][PASSED] - else if (Evento == "Aprobar"): null

2020-03-13 11:48:36 - [TEST_STEP][PASSED] - data2 = obtener_excels.obtener_aprobaciones.getValuesExcelAprob20(Index): obtener_excels.obtener_aprobaciones.getValuesExcelAprob20 is PASSED

2020-03-13 11:48:36 - [MESSAGE][PASSED] - obtener_excels.obtener_aprobaciones.getValuesExcelAprob20 is PASSED

2020-03-13 11:48:36 - [TEST_STEP][PASSED] - Idioma = data2[0]: null

2020-03-13 11:48:36 - [TEST_STEP][PASSED] - click(findTestObject("Page_- KAIZEN/si_btn_idioma")): Object: 'Object Repository/Page_- KAIZEN/si_btn_idioma' is clicked on

2020-03-13 11:48:37 - [MESSAGE][PASSED] - Object: 'Object Repository/Page_- KAIZEN/si_btn_idioma' is clicked on

2020-03-13 11:48:37 - [TEST_STEP][PASSED] - if (Idioma == "0"): null

2020-03-13 11:48:37 - [TEST_STEP][PASSED] - else: Object: 'Object Repository/Page_- KAIZEN/si_Spanish' is clicked on

2020-03-13 11:48:37 - [TEST_STEP][PASSED] - click(findTestObject("Page_- KAIZEN/si_Spanish")): Object: 'Object Repository/Page_- KAIZEN/si_Spanish' is clicked on

2020-03-13 11:48:38 - [MESSAGE][PASSED] - Object: 'Object Repository/Page_- KAIZEN/si_Spanish' is clicked on

2020-03-13 11:48:38 - [MESSAGE][PASSED] - Call Test Case 'Test Cases/Individual_Tests/Seleccionar_Idioma' successfully

2020-03-13 11:48:38 - [TEST_STEP][PASSED] - callTestCase(findTestCase("Individual_Tests/Aprobacion_Financiera"), ["Index":Index], STOP_ON_FAILURE): Call Test Case 'Test Cases/Individual_Tests/Aprobacion_Financiera' successfully

2020-03-13 11:48:38 - [TEST_CASE][PASSED] - Test Cases/Individual_Tests/Aprobacion_Financiera: Test Cases/Individual_Tests/Aprobacion_Financiera

2020-03-13 11:48:39 - [TEST_STEP][PASSED] - data = obtener_excels.obtener_aprobaciones.getValuesExcelAprob20(Index): obtener_excels.obtener_aprobaciones.getValuesExcelAprob20 is PASSED

2020-03-13 11:48:39 - [MESSAGE][PASSED] - obtener_excels.obtener_aprobaciones.getValuesExcelAprob20 is PASSED

2020-03-13 11:48:39 - [TEST_STEP][PASSED] - IdPedido = data[3]: null

2020-03-13 11:48:39 - [TEST_STEP][PASSED] - Id_Cliente = data[4]: null

2020-03-13 11:48:39 - [TEST_STEP][PASSED] - AprobFinanciera = data[6]: null

2020-03-13 11:48:39 - [TEST_STEP][PASSED] - IDPedido = IdPedido: null

2020-03-13 11:48:39 - [TEST_STEP][PASSED] - IDCliente = Id_Cliente: null

2020-03-13 11:48:39 - [TEST_STEP][PASSED] - AprobacionFinanciera = AprobFinanciera: null

2020-03-13 11:48:39 - [TEST_STEP][PASSED] - click(findTestObject("Object Repository/Page_- KAIZEN/af_btn_Crdito y Cobranza")): Object: 'Object Repository/Page_- KAIZEN/af_btn_Crdito y Cobranza' is clicked on

2020-03-13 11:48:40 - [MESSAGE][PASSED] - Object: 'Object Repository/Page_- KAIZEN/af_btn_Crdito y Cobranza' is clicked on

2020-03-13 11:48:40 - [TEST_STEP][PASSED] - click(findTestObject("Object Repository/Page_- KAIZEN/af_btn_Aprobacin Financiera")): Object: 'Object Repository/Page_- KAIZEN/af_btn_Aprobacin Financiera' is clicked on

2020-03-13 11:48:42 - [MESSAGE][PASSED] - Object: 'Object Repository/Page_- KAIZEN/af_btn_Aprobacin Financiera' is clicked on

2020-03-13 11:48:42 - [TEST_STEP][PASSED] - click(findTestObject("Page_Aprobacion Financiera - KAIZEN/af_click_Aprobacin Financiera")): Object: 'Object Repository/Page_Aprobacion Financiera - KAIZEN/af_click_Aprobacin Financiera' is clicked on

2020-03-13 11:48:50 - [MESSAGE][PASSED] - Object: 'Object Repository/Page_Aprobacion Financiera - KAIZEN/af_click_Aprobacin Financiera' is clicked on

2020-03-13 11:48:50 - [TEST_STEP][PASSED] - click(findTestObject("Page_Aprobacion Financiera - KAIZEN/af_btn_seleccione_cliente")): Object: 'Object Repository/Page_Aprobacion Financiera - KAIZEN/af_btn_seleccione_cliente' is clicked on

2020-03-13 11:48:57 - [MESSAGE][PASSED] - Object: 'Object Repository/Page_Aprobacion Financiera - KAIZEN/af_btn_seleccione_cliente' is clicked on

2020-03-13 11:48:57 - [TEST_STEP][PASSED] - click(findTestObject("Page_Aprobacion Financiera - KAIZEN/af_click_seleccione_cliente")): Object: 'Object Repository/Page_Aprobacion Financiera - KAIZEN/af_click_seleccione_cliente' is clicked on

2020-03-13 11:49:04 - [MESSAGE][PASSED] - Object: 'Object Repository/Page_Aprobacion Financiera - KAIZEN/af_click_seleccione_cliente' is clicked on

2020-03-13 11:49:04 - [TEST_STEP][PASSED] - selectOptionByValue(findTestObject("Page_Aprobacion Financiera - KAIZEN/af_assing_seleccione_cliente"), IDCliente, true): All options with value '2' are selected in object 'Object Repository/Page_Aprobacion Financiera - KAIZEN/af_assing_seleccione_cliente'  using regular expression

2020-03-13 11:49:11 - [MESSAGE][PASSED] - All options with value '2' are selected in object 'Object Repository/Page_Aprobacion Financiera - KAIZEN/af_assing_seleccione_cliente'  using regular expression

2020-03-13 11:49:11 - [TEST_STEP][PASSED] - click(findTestObject("Page_Aprobacion Financiera - KAIZEN/af_btn_Buscar")): Object: 'Object Repository/Page_Aprobacion Financiera - KAIZEN/af_btn_Buscar' is clicked on

2020-03-13 11:49:23 - [MESSAGE][PASSED] - Object: 'Object Repository/Page_Aprobacion Financiera - KAIZEN/af_btn_Buscar' is clicked on

2020-03-13 11:49:23 - [TEST_STEP][PASSED] - delay(5): Delayed 5 second(s)

2020-03-13 11:49:28 - [MESSAGE][PASSED] - Delayed 5 second(s)

2020-03-13 11:49:28 - [TEST_STEP][PASSED] - if (AprobacionFinanciera == "Aprobar"): Object: 'Object Repository/Page_Aprobacion Financiera - KAIZEN/af_btn_Aceptar' is clicked on

2020-03-13 11:49:28 - [TEST_STEP][PASSED] - variable = "btn_aprobar_" + IDPedido: null

2020-03-13 11:49:28 - [TEST_STEP][PASSED] - executeJavaScript(document.getElementById('$variable').click();, null): Execute JavaScript 'document.getElementById('btn_aprobar_275').click();' successfully

2020-03-13 11:49:28 - [MESSAGE][PASSED] - Execute JavaScript 'document.getElementById('btn_aprobar_275').click();' successfully

2020-03-13 11:49:28 - [TEST_STEP][PASSED] - click(findTestObject("Page_Aprobacion Financiera - KAIZEN/af_btn_Aceptar")): Object: 'Object Repository/Page_Aprobacion Financiera - KAIZEN/af_btn_Aceptar' is clicked on

2020-03-13 11:49:30 - [MESSAGE][PASSED] - Object: 'Object Repository/Page_Aprobacion Financiera - KAIZEN/af_btn_Aceptar' is clicked on

2020-03-13 11:49:30 - [TEST_STEP][PASSED] - delay(10): Delayed 10 second(s)

2020-03-13 11:49:40 - [MESSAGE][PASSED] - Delayed 10 second(s)

2020-03-13 11:49:40 - [MESSAGE][PASSED] - Call Test Case 'Test Cases/Individual_Tests/Aprobacion_Financiera' successfully

2020-03-13 11:49:40 - [TEST_STEP][PASSED] - callTestCase(findTestCase("Individual_Tests/Login"), ["Evento":"Aprobar", "Index":Index], STOP_ON_FAILURE): Call Test Case 'Test Cases/Individual_Tests/Login' successfully

2020-03-13 11:49:40 - [TEST_CASE][PASSED] - Test Cases/Individual_Tests/Login: Test Cases/Individual_Tests/Login

2020-03-13 11:49:40 - [TEST_STEP][PASSED] - print("Evento Seleccionado: " + Evento + "
"): null

2020-03-13 11:49:40 - [TEST_STEP][PASSED] - openBrowser(Web): Browser is opened with url: 'http://kaizendev.net:8086/Login/Accesar'

2020-03-13 11:49:40 - [MESSAGE][WARNING] - A browser is already opened. Closing browser and opening a new one

2020-03-13 11:49:41 - [MESSAGE][INFO] - Starting 'Chrome' driver

2020-03-13 11:50:02 - [MESSAGE][PASSED] - Browser is opened with url: 'http://kaizendev.net:8086/Login/Accesar'

2020-03-13 11:50:02 - [TEST_STEP][PASSED] - maximizeWindow(): Current window maximized

2020-03-13 11:50:03 - [MESSAGE][PASSED] - Current window maximized

2020-03-13 11:50:03 - [TEST_STEP][PASSED] - if (Evento == "Crear20"): null

2020-03-13 11:50:03 - [TEST_STEP][PASSED] - else if (Evento == "Crear40"): null

2020-03-13 11:50:03 - [TEST_STEP][PASSED] - else if (Evento == "Aprobar"): Object: 'Object Repository/Page_Iniciar Sesion - KAIZEN/is_btn_ingresar_sistema' is clicked on

2020-03-13 11:50:03 - [TEST_STEP][PASSED] - data2 = obtener_excels.obtener_aprobaciones.getValuesExcelAprob20(Index): obtener_excels.obtener_aprobaciones.getValuesExcelAprob20 is PASSED

2020-03-13 11:50:03 - [MESSAGE][PASSED] - obtener_excels.obtener_aprobaciones.getValuesExcelAprob20 is PASSED

2020-03-13 11:50:03 - [TEST_STEP][PASSED] - Usuario = data2[1]: null

2020-03-13 11:50:03 - [TEST_STEP][PASSED] - Contrasena = data2[2]: null

2020-03-13 11:50:03 - [TEST_STEP][PASSED] - setText(findTestObject("Page_Iniciar Sesion - KAIZEN/is_input_email"), Usuario): Text 'automated.test@grupokaizen.net' is set on object 'Object Repository/Page_Iniciar Sesion - KAIZEN/is_input_email'

2020-03-13 11:50:04 - [MESSAGE][PASSED] - Text 'automated.test@grupokaizen.net' is set on object 'Object Repository/Page_Iniciar Sesion - KAIZEN/is_input_email'

2020-03-13 11:50:04 - [TEST_STEP][PASSED] - setEncryptedText(findTestObject("Page_Iniciar Sesion - KAIZEN/IS_input_contrasena"), Contrasena): Text ****** has been set on object 'Object Repository/Page_Iniciar Sesion - KAIZEN/IS_input_contrasena'

2020-03-13 11:50:04 - [MESSAGE][PASSED] - Text ****** has been set on object 'Object Repository/Page_Iniciar Sesion - KAIZEN/IS_input_contrasena'

2020-03-13 11:50:04 - [TEST_STEP][PASSED] - click(findTestObject("Page_Iniciar Sesion - KAIZEN/is_btn_ingresar_sistema")): Object: 'Object Repository/Page_Iniciar Sesion - KAIZEN/is_btn_ingresar_sistema' is clicked on

2020-03-13 11:50:09 - [MESSAGE][PASSED] - Object: 'Object Repository/Page_Iniciar Sesion - KAIZEN/is_btn_ingresar_sistema' is clicked on

2020-03-13 11:50:09 - [MESSAGE][PASSED] - Call Test Case 'Test Cases/Individual_Tests/Login' successfully

2020-03-13 11:50:09 - [TEST_STEP][PASSED] - callTestCase(findTestCase("Individual_Tests/Seleccionar_Idioma"), ["Evento":"Aprobar", "Index":Index], STOP_ON_FAILURE): Call Test Case 'Test Cases/Individual_Tests/Seleccionar_Idioma' successfully

2020-03-13 11:50:09 - [TEST_CASE][PASSED] - Test Cases/Individual_Tests/Seleccionar_Idioma: Test Cases/Individual_Tests/Seleccionar_Idioma

2020-03-13 11:50:09 - [TEST_STEP][PASSED] - Idioma = 0: null

2020-03-13 11:50:09 - [TEST_STEP][PASSED] - if (Evento == "Crear20"): null

2020-03-13 11:50:09 - [TEST_STEP][PASSED] - else if (Evento == "Crear40"): null

2020-03-13 11:50:09 - [TEST_STEP][PASSED] - else if (Evento == "Aprobar"): null

2020-03-13 11:50:09 - [TEST_STEP][PASSED] - data2 = obtener_excels.obtener_aprobaciones.getValuesExcelAprob20(Index): obtener_excels.obtener_aprobaciones.getValuesExcelAprob20 is PASSED

2020-03-13 11:50:09 - [MESSAGE][PASSED] - obtener_excels.obtener_aprobaciones.getValuesExcelAprob20 is PASSED

2020-03-13 11:50:09 - [TEST_STEP][PASSED] - Idioma = data2[0]: null

2020-03-13 11:50:09 - [TEST_STEP][PASSED] - click(findTestObject("Page_- KAIZEN/si_btn_idioma")): Object: 'Object Repository/Page_- KAIZEN/si_btn_idioma' is clicked on

2020-03-13 11:50:09 - [MESSAGE][PASSED] - Object: 'Object Repository/Page_- KAIZEN/si_btn_idioma' is clicked on

2020-03-13 11:50:09 - [TEST_STEP][PASSED] - if (Idioma == "0"): Object: 'Object Repository/Page_- KAIZEN/si_Ingles' is clicked on

2020-03-13 11:50:09 - [TEST_STEP][PASSED] - click(findTestObject("Page_- KAIZEN/si_Ingles")): Object: 'Object Repository/Page_- KAIZEN/si_Ingles' is clicked on

2020-03-13 11:50:11 - [MESSAGE][PASSED] - Object: 'Object Repository/Page_- KAIZEN/si_Ingles' is clicked on

2020-03-13 11:50:11 - [MESSAGE][PASSED] - Call Test Case 'Test Cases/Individual_Tests/Seleccionar_Idioma' successfully

2020-03-13 11:50:11 - [TEST_STEP][PASSED] - callTestCase(findTestCase("Individual_Tests/Aprobacion_Financiera"), ["Index":Index], STOP_ON_FAILURE): Call Test Case 'Test Cases/Individual_Tests/Aprobacion_Financiera' successfully

2020-03-13 11:50:11 - [TEST_CASE][PASSED] - Test Cases/Individual_Tests/Aprobacion_Financiera: Test Cases/Individual_Tests/Aprobacion_Financiera

2020-03-13 11:50:11 - [TEST_STEP][PASSED] - data = obtener_excels.obtener_aprobaciones.getValuesExcelAprob20(Index): obtener_excels.obtener_aprobaciones.getValuesExcelAprob20 is PASSED

2020-03-13 11:50:11 - [MESSAGE][PASSED] - obtener_excels.obtener_aprobaciones.getValuesExcelAprob20 is PASSED

2020-03-13 11:50:11 - [TEST_STEP][PASSED] - IdPedido = data[3]: null

2020-03-13 11:50:11 - [TEST_STEP][PASSED] - Id_Cliente = data[4]: null

2020-03-13 11:50:11 - [TEST_STEP][PASSED] - AprobFinanciera = data[6]: null

2020-03-13 11:50:11 - [TEST_STEP][PASSED] - IDPedido = IdPedido: null

2020-03-13 11:50:11 - [TEST_STEP][PASSED] - IDCliente = Id_Cliente: null

2020-03-13 11:50:11 - [TEST_STEP][PASSED] - AprobacionFinanciera = AprobFinanciera: null

2020-03-13 11:50:11 - [TEST_STEP][PASSED] - click(findTestObject("Object Repository/Page_- KAIZEN/af_btn_Crdito y Cobranza")): Object: 'Object Repository/Page_- KAIZEN/af_btn_Crdito y Cobranza' is clicked on

2020-03-13 11:50:12 - [MESSAGE][PASSED] - Object: 'Object Repository/Page_- KAIZEN/af_btn_Crdito y Cobranza' is clicked on

2020-03-13 11:50:12 - [TEST_STEP][PASSED] - click(findTestObject("Object Repository/Page_- KAIZEN/af_btn_Aprobacin Financiera")): Object: 'Object Repository/Page_- KAIZEN/af_btn_Aprobacin Financiera' is clicked on

2020-03-13 11:50:15 - [MESSAGE][PASSED] - Object: 'Object Repository/Page_- KAIZEN/af_btn_Aprobacin Financiera' is clicked on

2020-03-13 11:50:15 - [TEST_STEP][PASSED] - click(findTestObject("Page_Aprobacion Financiera - KAIZEN/af_click_Aprobacin Financiera")): Object: 'Object Repository/Page_Aprobacion Financiera - KAIZEN/af_click_Aprobacin Financiera' is clicked on

2020-03-13 11:50:16 - [MESSAGE][PASSED] - Object: 'Object Repository/Page_Aprobacion Financiera - KAIZEN/af_click_Aprobacin Financiera' is clicked on

2020-03-13 11:50:16 - [TEST_STEP][PASSED] - click(findTestObject("Page_Aprobacion Financiera - KAIZEN/af_btn_seleccione_cliente")): Object: 'Object Repository/Page_Aprobacion Financiera - KAIZEN/af_btn_seleccione_cliente' is clicked on

2020-03-13 11:50:17 - [MESSAGE][PASSED] - Object: 'Object Repository/Page_Aprobacion Financiera - KAIZEN/af_btn_seleccione_cliente' is clicked on

2020-03-13 11:50:17 - [TEST_STEP][PASSED] - click(findTestObject("Page_Aprobacion Financiera - KAIZEN/af_click_seleccione_cliente")): Object: 'Object Repository/Page_Aprobacion Financiera - KAIZEN/af_click_seleccione_cliente' is clicked on

2020-03-13 11:50:17 - [MESSAGE][PASSED] - Object: 'Object Repository/Page_Aprobacion Financiera - KAIZEN/af_click_seleccione_cliente' is clicked on

2020-03-13 11:50:17 - [TEST_STEP][PASSED] - selectOptionByValue(findTestObject("Page_Aprobacion Financiera - KAIZEN/af_assing_seleccione_cliente"), IDCliente, true): All options with value '17' are selected in object 'Object Repository/Page_Aprobacion Financiera - KAIZEN/af_assing_seleccione_cliente'  using regular expression

2020-03-13 11:50:19 - [MESSAGE][PASSED] - All options with value '17' are selected in object 'Object Repository/Page_Aprobacion Financiera - KAIZEN/af_assing_seleccione_cliente'  using regular expression

2020-03-13 11:50:19 - [TEST_STEP][PASSED] - click(findTestObject("Page_Aprobacion Financiera - KAIZEN/af_btn_Buscar")): Object: 'Object Repository/Page_Aprobacion Financiera - KAIZEN/af_btn_Buscar' is clicked on

2020-03-13 11:50:21 - [MESSAGE][PASSED] - Object: 'Object Repository/Page_Aprobacion Financiera - KAIZEN/af_btn_Buscar' is clicked on

2020-03-13 11:50:21 - [TEST_STEP][PASSED] - delay(5): Delayed 5 second(s)

2020-03-13 11:50:26 - [MESSAGE][PASSED] - Delayed 5 second(s)

2020-03-13 11:50:26 - [TEST_STEP][PASSED] - if (AprobacionFinanciera == "Aprobar"): Object: 'Object Repository/Page_Aprobacion Financiera - KAIZEN/af_btn_Aceptar' is clicked on

2020-03-13 11:50:26 - [TEST_STEP][PASSED] - variable = "btn_aprobar_" + IDPedido: null

2020-03-13 11:50:26 - [TEST_STEP][PASSED] - executeJavaScript(document.getElementById('$variable').click();, null): Execute JavaScript 'document.getElementById('btn_aprobar_276').click();' successfully

2020-03-13 11:50:26 - [MESSAGE][PASSED] - Execute JavaScript 'document.getElementById('btn_aprobar_276').click();' successfully

2020-03-13 11:50:26 - [TEST_STEP][PASSED] - click(findTestObject("Page_Aprobacion Financiera - KAIZEN/af_btn_Aceptar")): Object: 'Object Repository/Page_Aprobacion Financiera - KAIZEN/af_btn_Aceptar' is clicked on

2020-03-13 11:50:26 - [MESSAGE][PASSED] - Object: 'Object Repository/Page_Aprobacion Financiera - KAIZEN/af_btn_Aceptar' is clicked on

2020-03-13 11:50:26 - [TEST_STEP][PASSED] - delay(10): Delayed 10 second(s)

2020-03-13 11:50:36 - [MESSAGE][PASSED] - Delayed 10 second(s)

2020-03-13 11:50:36 - [MESSAGE][PASSED] - Call Test Case 'Test Cases/Individual_Tests/Aprobacion_Financiera' successfully

2020-03-13 11:50:36 - [TEST_STEP][PASSED] - callTestCase(findTestCase("Individual_Tests/Login"), ["Evento":"Aprobar", "Index":Index], STOP_ON_FAILURE): Call Test Case 'Test Cases/Individual_Tests/Login' successfully

2020-03-13 11:50:36 - [TEST_CASE][PASSED] - Test Cases/Individual_Tests/Login: Test Cases/Individual_Tests/Login

2020-03-13 11:50:36 - [TEST_STEP][PASSED] - print("Evento Seleccionado: " + Evento + "
"): null

2020-03-13 11:50:36 - [TEST_STEP][PASSED] - openBrowser(Web): Browser is opened with url: 'http://kaizendev.net:8086/Login/Accesar'

2020-03-13 11:50:37 - [MESSAGE][WARNING] - A browser is already opened. Closing browser and opening a new one

2020-03-13 11:50:37 - [MESSAGE][INFO] - Starting 'Chrome' driver

2020-03-13 11:50:52 - [MESSAGE][PASSED] - Browser is opened with url: 'http://kaizendev.net:8086/Login/Accesar'

2020-03-13 11:50:52 - [TEST_STEP][PASSED] - maximizeWindow(): Current window maximized

2020-03-13 11:50:53 - [MESSAGE][PASSED] - Current window maximized

2020-03-13 11:50:53 - [TEST_STEP][PASSED] - if (Evento == "Crear20"): null

2020-03-13 11:50:53 - [TEST_STEP][PASSED] - else if (Evento == "Crear40"): null

2020-03-13 11:50:53 - [TEST_STEP][PASSED] - else if (Evento == "Aprobar"): Object: 'Object Repository/Page_Iniciar Sesion - KAIZEN/is_btn_ingresar_sistema' is clicked on

2020-03-13 11:50:53 - [TEST_STEP][PASSED] - data2 = obtener_excels.obtener_aprobaciones.getValuesExcelAprob20(Index): obtener_excels.obtener_aprobaciones.getValuesExcelAprob20 is PASSED

2020-03-13 11:50:53 - [MESSAGE][PASSED] - obtener_excels.obtener_aprobaciones.getValuesExcelAprob20 is PASSED

2020-03-13 11:50:53 - [TEST_STEP][PASSED] - Usuario = data2[1]: null

2020-03-13 11:50:53 - [TEST_STEP][PASSED] - Contrasena = data2[2]: null

2020-03-13 11:50:53 - [TEST_STEP][PASSED] - setText(findTestObject("Page_Iniciar Sesion - KAIZEN/is_input_email"), Usuario): Text 'automated.test@grupokaizen.net' is set on object 'Object Repository/Page_Iniciar Sesion - KAIZEN/is_input_email'

2020-03-13 11:50:54 - [MESSAGE][PASSED] - Text 'automated.test@grupokaizen.net' is set on object 'Object Repository/Page_Iniciar Sesion - KAIZEN/is_input_email'

2020-03-13 11:50:54 - [TEST_STEP][PASSED] - setEncryptedText(findTestObject("Page_Iniciar Sesion - KAIZEN/IS_input_contrasena"), Contrasena): Text ****** has been set on object 'Object Repository/Page_Iniciar Sesion - KAIZEN/IS_input_contrasena'

2020-03-13 11:50:55 - [MESSAGE][PASSED] - Text ****** has been set on object 'Object Repository/Page_Iniciar Sesion - KAIZEN/IS_input_contrasena'

2020-03-13 11:50:55 - [TEST_STEP][PASSED] - click(findTestObject("Page_Iniciar Sesion - KAIZEN/is_btn_ingresar_sistema")): Object: 'Object Repository/Page_Iniciar Sesion - KAIZEN/is_btn_ingresar_sistema' is clicked on

2020-03-13 11:50:56 - [MESSAGE][PASSED] - Object: 'Object Repository/Page_Iniciar Sesion - KAIZEN/is_btn_ingresar_sistema' is clicked on

2020-03-13 11:50:56 - [MESSAGE][PASSED] - Call Test Case 'Test Cases/Individual_Tests/Login' successfully

2020-03-13 11:50:56 - [TEST_STEP][PASSED] - callTestCase(findTestCase("Individual_Tests/Seleccionar_Idioma"), ["Evento":"Aprobar", "Index":Index], STOP_ON_FAILURE): Call Test Case 'Test Cases/Individual_Tests/Seleccionar_Idioma' successfully

2020-03-13 11:50:56 - [TEST_CASE][PASSED] - Test Cases/Individual_Tests/Seleccionar_Idioma: Test Cases/Individual_Tests/Seleccionar_Idioma

2020-03-13 11:50:56 - [TEST_STEP][PASSED] - Idioma = 0: null

2020-03-13 11:50:56 - [TEST_STEP][PASSED] - if (Evento == "Crear20"): null

2020-03-13 11:50:56 - [TEST_STEP][PASSED] - else if (Evento == "Crear40"): null

2020-03-13 11:50:56 - [TEST_STEP][PASSED] - else if (Evento == "Aprobar"): null

2020-03-13 11:50:56 - [TEST_STEP][PASSED] - data2 = obtener_excels.obtener_aprobaciones.getValuesExcelAprob20(Index): obtener_excels.obtener_aprobaciones.getValuesExcelAprob20 is PASSED

2020-03-13 11:50:56 - [MESSAGE][PASSED] - obtener_excels.obtener_aprobaciones.getValuesExcelAprob20 is PASSED

2020-03-13 11:50:56 - [TEST_STEP][PASSED] - Idioma = data2[0]: null

2020-03-13 11:50:56 - [TEST_STEP][PASSED] - click(findTestObject("Page_- KAIZEN/si_btn_idioma")): Object: 'Object Repository/Page_- KAIZEN/si_btn_idioma' is clicked on

2020-03-13 11:50:57 - [MESSAGE][PASSED] - Object: 'Object Repository/Page_- KAIZEN/si_btn_idioma' is clicked on

2020-03-13 11:50:57 - [TEST_STEP][PASSED] - if (Idioma == "0"): null

2020-03-13 11:50:57 - [TEST_STEP][PASSED] - else: Object: 'Object Repository/Page_- KAIZEN/si_Spanish' is clicked on

2020-03-13 11:50:57 - [TEST_STEP][PASSED] - click(findTestObject("Page_- KAIZEN/si_Spanish")): Object: 'Object Repository/Page_- KAIZEN/si_Spanish' is clicked on

2020-03-13 11:50:59 - [MESSAGE][PASSED] - Object: 'Object Repository/Page_- KAIZEN/si_Spanish' is clicked on

2020-03-13 11:50:59 - [MESSAGE][PASSED] - Call Test Case 'Test Cases/Individual_Tests/Seleccionar_Idioma' successfully

2020-03-13 11:50:59 - [TEST_STEP][PASSED] - callTestCase(findTestCase("Individual_Tests/Aprobacion_Financiera"), ["Index":Index], STOP_ON_FAILURE): Call Test Case 'Test Cases/Individual_Tests/Aprobacion_Financiera' successfully

2020-03-13 11:50:59 - [TEST_CASE][PASSED] - Test Cases/Individual_Tests/Aprobacion_Financiera: Test Cases/Individual_Tests/Aprobacion_Financiera

2020-03-13 11:50:59 - [TEST_STEP][PASSED] - data = obtener_excels.obtener_aprobaciones.getValuesExcelAprob20(Index): obtener_excels.obtener_aprobaciones.getValuesExcelAprob20 is PASSED

2020-03-13 11:51:00 - [MESSAGE][PASSED] - obtener_excels.obtener_aprobaciones.getValuesExcelAprob20 is PASSED

2020-03-13 11:51:00 - [TEST_STEP][PASSED] - IdPedido = data[3]: null

2020-03-13 11:51:00 - [TEST_STEP][PASSED] - Id_Cliente = data[4]: null

2020-03-13 11:51:00 - [TEST_STEP][PASSED] - AprobFinanciera = data[6]: null

2020-03-13 11:51:00 - [TEST_STEP][PASSED] - IDPedido = IdPedido: null

2020-03-13 11:51:00 - [TEST_STEP][PASSED] - IDCliente = Id_Cliente: null

2020-03-13 11:51:00 - [TEST_STEP][PASSED] - AprobacionFinanciera = AprobFinanciera: null

2020-03-13 11:51:00 - [TEST_STEP][PASSED] - click(findTestObject("Object Repository/Page_- KAIZEN/af_btn_Crdito y Cobranza")): Object: 'Object Repository/Page_- KAIZEN/af_btn_Crdito y Cobranza' is clicked on

2020-03-13 11:51:00 - [MESSAGE][PASSED] - Object: 'Object Repository/Page_- KAIZEN/af_btn_Crdito y Cobranza' is clicked on

2020-03-13 11:51:00 - [TEST_STEP][PASSED] - click(findTestObject("Object Repository/Page_- KAIZEN/af_btn_Aprobacin Financiera")): Object: 'Object Repository/Page_- KAIZEN/af_btn_Aprobacin Financiera' is clicked on

2020-03-13 11:51:03 - [MESSAGE][PASSED] - Object: 'Object Repository/Page_- KAIZEN/af_btn_Aprobacin Financiera' is clicked on

2020-03-13 11:51:03 - [TEST_STEP][PASSED] - click(findTestObject("Page_Aprobacion Financiera - KAIZEN/af_click_Aprobacin Financiera")): Object: 'Object Repository/Page_Aprobacion Financiera - KAIZEN/af_click_Aprobacin Financiera' is clicked on

2020-03-13 11:51:04 - [MESSAGE][PASSED] - Object: 'Object Repository/Page_Aprobacion Financiera - KAIZEN/af_click_Aprobacin Financiera' is clicked on

2020-03-13 11:51:04 - [TEST_STEP][PASSED] - click(findTestObject("Page_Aprobacion Financiera - KAIZEN/af_btn_seleccione_cliente")): Object: 'Object Repository/Page_Aprobacion Financiera - KAIZEN/af_btn_seleccione_cliente' is clicked on

2020-03-13 11:51:04 - [MESSAGE][PASSED] - Object: 'Object Repository/Page_Aprobacion Financiera - KAIZEN/af_btn_seleccione_cliente' is clicked on

2020-03-13 11:51:04 - [TEST_STEP][PASSED] - click(findTestObject("Page_Aprobacion Financiera - KAIZEN/af_click_seleccione_cliente")): Object: 'Object Repository/Page_Aprobacion Financiera - KAIZEN/af_click_seleccione_cliente' is clicked on

2020-03-13 11:51:05 - [MESSAGE][PASSED] - Object: 'Object Repository/Page_Aprobacion Financiera - KAIZEN/af_click_seleccione_cliente' is clicked on

2020-03-13 11:51:05 - [TEST_STEP][PASSED] - selectOptionByValue(findTestObject("Page_Aprobacion Financiera - KAIZEN/af_assing_seleccione_cliente"), IDCliente, true): All options with value '7' are selected in object 'Object Repository/Page_Aprobacion Financiera - KAIZEN/af_assing_seleccione_cliente'  using regular expression

2020-03-13 11:51:06 - [MESSAGE][PASSED] - All options with value '7' are selected in object 'Object Repository/Page_Aprobacion Financiera - KAIZEN/af_assing_seleccione_cliente'  using regular expression

2020-03-13 11:51:06 - [TEST_STEP][PASSED] - click(findTestObject("Page_Aprobacion Financiera - KAIZEN/af_btn_Buscar")): Object: 'Object Repository/Page_Aprobacion Financiera - KAIZEN/af_btn_Buscar' is clicked on

2020-03-13 11:51:08 - [MESSAGE][PASSED] - Object: 'Object Repository/Page_Aprobacion Financiera - KAIZEN/af_btn_Buscar' is clicked on

2020-03-13 11:51:08 - [TEST_STEP][PASSED] - delay(5): Delayed 5 second(s)

2020-03-13 11:51:13 - [MESSAGE][PASSED] - Delayed 5 second(s)

2020-03-13 11:51:13 - [TEST_STEP][PASSED] - if (AprobacionFinanciera == "Aprobar"): null

2020-03-13 11:51:13 - [TEST_STEP][PASSED] - else: Object: 'Object Repository/Page_Aprobacion Financiera - KAIZEN/af_btn_Aceptar' is clicked on

2020-03-13 11:51:13 - [TEST_STEP][PASSED] - executeJavaScript("document.querySelector(".btn-danger[onclick='AplazarPedido(" + IDPedido + ");']").click()", null): Execute JavaScript 'document.querySelector(".btn-danger[onclick='AplazarPedido(277);']").click()' successfully

2020-03-13 11:51:13 - [MESSAGE][PASSED] - Execute JavaScript 'document.querySelector(".btn-danger[onclick='AplazarPedido(277);']").click()' successfully

2020-03-13 11:51:13 - [TEST_STEP][PASSED] - click(findTestObject("Page_Aprobacion Financiera - KAIZEN/af_btn_Aceptar")): Object: 'Object Repository/Page_Aprobacion Financiera - KAIZEN/af_btn_Aceptar' is clicked on

2020-03-13 11:51:13 - [MESSAGE][PASSED] - Object: 'Object Repository/Page_Aprobacion Financiera - KAIZEN/af_btn_Aceptar' is clicked on

2020-03-13 11:51:13 - [TEST_STEP][PASSED] - delay(10): Delayed 10 second(s)

2020-03-13 11:51:23 - [MESSAGE][PASSED] - Delayed 10 second(s)

2020-03-13 11:51:23 - [MESSAGE][PASSED] - Call Test Case 'Test Cases/Individual_Tests/Aprobacion_Financiera' successfully]]></system-out>
         <system-err><![CDATA[]]></system-err>
      </testcase>
      <testcase name="Test Cases/Secuencias de Ejecucion/TC_Aprobar_Produccion" time="157.55" classname="Test Cases/Secuencias de Ejecucion/TC_Aprobar_Produccion" status="PASSED">
         <system-out><![CDATA[2020-03-13 11:51:24 - [TEST_CASE][PASSED] - Test Cases/Secuencias de Ejecucion/TC_Aprobar_Produccion: Test Cases/Secuencias de Ejecucion/TC_Aprobar_Produccion

2020-03-13 11:51:24 - [TEST_STEP][PASSED] - archivo = $RunConfiguration.getProjectDir()/Pedidos/DataExcel/Aprobaciones_Pedidos.xlsx: null

2020-03-13 11:51:24 - [TEST_STEP][PASSED] - excelData = getExcelDataWithDefaultSheet(archivo, "Sheet1", true): null

2020-03-13 11:51:24 - [TEST_STEP][PASSED] - for ([Index = 1, Index <= excelData.getRowNumbers(), (Index++)]): Call Test Case 'Test Cases/Individual_Tests/Aprobacion_Produccion' successfully

2020-03-13 11:51:24 - [TEST_STEP][PASSED] - callTestCase(findTestCase("Individual_Tests/Login"), ["Evento":"Aprobar", "Index":Index], STOP_ON_FAILURE): Call Test Case 'Test Cases/Individual_Tests/Login' successfully

2020-03-13 11:51:24 - [TEST_CASE][PASSED] - Test Cases/Individual_Tests/Login: Test Cases/Individual_Tests/Login

2020-03-13 11:51:24 - [TEST_STEP][PASSED] - print("Evento Seleccionado: " + Evento + "
"): null

2020-03-13 11:51:24 - [TEST_STEP][PASSED] - openBrowser(Web): Browser is opened with url: 'http://kaizendev.net:8086/Login/Accesar'

2020-03-13 11:51:24 - [MESSAGE][WARNING] - A browser is already opened. Closing browser and opening a new one

2020-03-13 11:51:25 - [MESSAGE][INFO] - Starting 'Chrome' driver

2020-03-13 11:51:39 - [MESSAGE][PASSED] - Browser is opened with url: 'http://kaizendev.net:8086/Login/Accesar'

2020-03-13 11:51:39 - [TEST_STEP][PASSED] - maximizeWindow(): Current window maximized

2020-03-13 11:51:40 - [MESSAGE][PASSED] - Current window maximized

2020-03-13 11:51:40 - [TEST_STEP][PASSED] - if (Evento == "Crear20"): null

2020-03-13 11:51:40 - [TEST_STEP][PASSED] - else if (Evento == "Crear40"): null

2020-03-13 11:51:40 - [TEST_STEP][PASSED] - else if (Evento == "Aprobar"): Object: 'Object Repository/Page_Iniciar Sesion - KAIZEN/is_btn_ingresar_sistema' is clicked on

2020-03-13 11:51:40 - [TEST_STEP][PASSED] - data2 = obtener_excels.obtener_aprobaciones.getValuesExcelAprob20(Index): obtener_excels.obtener_aprobaciones.getValuesExcelAprob20 is PASSED

2020-03-13 11:51:40 - [MESSAGE][PASSED] - obtener_excels.obtener_aprobaciones.getValuesExcelAprob20 is PASSED

2020-03-13 11:51:40 - [TEST_STEP][PASSED] - Usuario = data2[1]: null

2020-03-13 11:51:40 - [TEST_STEP][PASSED] - Contrasena = data2[2]: null

2020-03-13 11:51:40 - [TEST_STEP][PASSED] - setText(findTestObject("Page_Iniciar Sesion - KAIZEN/is_input_email"), Usuario): Text 'automated.test@grupokaizen.net' is set on object 'Object Repository/Page_Iniciar Sesion - KAIZEN/is_input_email'

2020-03-13 11:51:41 - [MESSAGE][PASSED] - Text 'automated.test@grupokaizen.net' is set on object 'Object Repository/Page_Iniciar Sesion - KAIZEN/is_input_email'

2020-03-13 11:51:41 - [TEST_STEP][PASSED] - setEncryptedText(findTestObject("Page_Iniciar Sesion - KAIZEN/IS_input_contrasena"), Contrasena): Text ****** has been set on object 'Object Repository/Page_Iniciar Sesion - KAIZEN/IS_input_contrasena'

2020-03-13 11:51:41 - [MESSAGE][PASSED] - Text ****** has been set on object 'Object Repository/Page_Iniciar Sesion - KAIZEN/IS_input_contrasena'

2020-03-13 11:51:41 - [TEST_STEP][PASSED] - click(findTestObject("Page_Iniciar Sesion - KAIZEN/is_btn_ingresar_sistema")): Object: 'Object Repository/Page_Iniciar Sesion - KAIZEN/is_btn_ingresar_sistema' is clicked on

2020-03-13 11:51:43 - [MESSAGE][PASSED] - Object: 'Object Repository/Page_Iniciar Sesion - KAIZEN/is_btn_ingresar_sistema' is clicked on

2020-03-13 11:51:43 - [MESSAGE][PASSED] - Call Test Case 'Test Cases/Individual_Tests/Login' successfully

2020-03-13 11:51:43 - [TEST_STEP][PASSED] - callTestCase(findTestCase("Individual_Tests/Seleccionar_Idioma"), ["Evento":"Aprobar", "Index":Index], STOP_ON_FAILURE): Call Test Case 'Test Cases/Individual_Tests/Seleccionar_Idioma' successfully

2020-03-13 11:51:43 - [TEST_CASE][PASSED] - Test Cases/Individual_Tests/Seleccionar_Idioma: Test Cases/Individual_Tests/Seleccionar_Idioma

2020-03-13 11:51:43 - [TEST_STEP][PASSED] - Idioma = 0: null

2020-03-13 11:51:43 - [TEST_STEP][PASSED] - if (Evento == "Crear20"): null

2020-03-13 11:51:43 - [TEST_STEP][PASSED] - else if (Evento == "Crear40"): null

2020-03-13 11:51:43 - [TEST_STEP][PASSED] - else if (Evento == "Aprobar"): null

2020-03-13 11:51:43 - [TEST_STEP][PASSED] - data2 = obtener_excels.obtener_aprobaciones.getValuesExcelAprob20(Index): obtener_excels.obtener_aprobaciones.getValuesExcelAprob20 is PASSED

2020-03-13 11:51:43 - [MESSAGE][PASSED] - obtener_excels.obtener_aprobaciones.getValuesExcelAprob20 is PASSED

2020-03-13 11:51:43 - [TEST_STEP][PASSED] - Idioma = data2[0]: null

2020-03-13 11:51:43 - [TEST_STEP][PASSED] - click(findTestObject("Page_- KAIZEN/si_btn_idioma")): Object: 'Object Repository/Page_- KAIZEN/si_btn_idioma' is clicked on

2020-03-13 11:51:44 - [MESSAGE][PASSED] - Object: 'Object Repository/Page_- KAIZEN/si_btn_idioma' is clicked on

2020-03-13 11:51:44 - [TEST_STEP][PASSED] - if (Idioma == "0"): null

2020-03-13 11:51:44 - [TEST_STEP][PASSED] - else: Object: 'Object Repository/Page_- KAIZEN/si_Spanish' is clicked on

2020-03-13 11:51:44 - [TEST_STEP][PASSED] - click(findTestObject("Page_- KAIZEN/si_Spanish")): Object: 'Object Repository/Page_- KAIZEN/si_Spanish' is clicked on

2020-03-13 11:51:45 - [MESSAGE][PASSED] - Object: 'Object Repository/Page_- KAIZEN/si_Spanish' is clicked on

2020-03-13 11:51:45 - [MESSAGE][PASSED] - Call Test Case 'Test Cases/Individual_Tests/Seleccionar_Idioma' successfully

2020-03-13 11:51:45 - [TEST_STEP][PASSED] - callTestCase(findTestCase("Individual_Tests/Aprobacion_Produccion"), ["Index":Index], STOP_ON_FAILURE): Call Test Case 'Test Cases/Individual_Tests/Aprobacion_Produccion' successfully

2020-03-13 11:51:45 - [TEST_CASE][PASSED] - Test Cases/Individual_Tests/Aprobacion_Produccion: Test Cases/Individual_Tests/Aprobacion_Produccion

2020-03-13 11:51:46 - [TEST_STEP][PASSED] - data = obtener_excels.obtener_aprobaciones.getValuesExcelAprob20(Index): obtener_excels.obtener_aprobaciones.getValuesExcelAprob20 is PASSED

2020-03-13 11:51:46 - [MESSAGE][PASSED] - obtener_excels.obtener_aprobaciones.getValuesExcelAprob20 is PASSED

2020-03-13 11:51:46 - [TEST_STEP][PASSED] - IdPedido = data[3]: null

2020-03-13 11:51:46 - [TEST_STEP][PASSED] - Id_Cliente = data[4]: null

2020-03-13 11:51:46 - [TEST_STEP][PASSED] - AprobProduccion = data[7]: null

2020-03-13 11:51:46 - [TEST_STEP][PASSED] - IDPedido = IdPedido: null

2020-03-13 11:51:46 - [TEST_STEP][PASSED] - IDCliente = Id_Cliente: null

2020-03-13 11:51:46 - [TEST_STEP][PASSED] - AprobacionProduccion = AprobProduccion: null

2020-03-13 11:51:46 - [TEST_STEP][PASSED] - click(findTestObject("Object Repository/Page_- KAIZEN/apo_menuOperaciones")): Object: 'Object Repository/Page_- KAIZEN/apo_menuOperaciones' is clicked on

2020-03-13 11:51:46 - [MESSAGE][PASSED] - Object: 'Object Repository/Page_- KAIZEN/apo_menuOperaciones' is clicked on

2020-03-13 11:51:46 - [TEST_STEP][PASSED] - click(findTestObject("Object Repository/Page_- KAIZEN/apo_menu_aprobacion_produccin")): Object: 'Object Repository/Page_- KAIZEN/apo_menu_aprobacion_produccin' is clicked on

2020-03-13 11:51:51 - [MESSAGE][PASSED] - Object: 'Object Repository/Page_- KAIZEN/apo_menu_aprobacion_produccin' is clicked on

2020-03-13 11:51:51 - [TEST_STEP][PASSED] - click(findTestObject("Object Repository/Page_Aprobacin de Produccin - KAIZEN/apo_click_aprobacion_produccin")): Object: 'Object Repository/Page_Aprobacin de Produccin - KAIZEN/apo_click_aprobacion_produccin' is clicked on

2020-03-13 11:51:51 - [MESSAGE][PASSED] - Object: 'Object Repository/Page_Aprobacin de Produccin - KAIZEN/apo_click_aprobacion_produccin' is clicked on

2020-03-13 11:51:51 - [TEST_STEP][PASSED] - click(findTestObject("Object Repository/Page_Aprobacin de Produccin - KAIZEN/apo_seleccione_cliente")): Object: 'Object Repository/Page_Aprobacin de Produccin - KAIZEN/apo_seleccione_cliente' is clicked on

2020-03-13 11:51:52 - [MESSAGE][PASSED] - Object: 'Object Repository/Page_Aprobacin de Produccin - KAIZEN/apo_seleccione_cliente' is clicked on

2020-03-13 11:51:52 - [TEST_STEP][PASSED] - click(findTestObject("Object Repository/Page_Aprobacin de Produccin - KAIZEN/apo_click_selecione_cliente")): Object: 'Object Repository/Page_Aprobacin de Produccin - KAIZEN/apo_click_selecione_cliente' is clicked on

2020-03-13 11:51:52 - [MESSAGE][PASSED] - Object: 'Object Repository/Page_Aprobacin de Produccin - KAIZEN/apo_click_selecione_cliente' is clicked on

2020-03-13 11:51:52 - [TEST_STEP][PASSED] - selectOptionByValue(findTestObject("Object Repository/Page_Aprobacin de Produccin - KAIZEN/apo_assing_selecione_cliente"), IDCliente, true): All options with value '2' are selected in object 'Object Repository/Page_Aprobacin de Produccin - KAIZEN/apo_assing_selecione_cliente'  using regular expression

2020-03-13 11:51:54 - [MESSAGE][PASSED] - All options with value '2' are selected in object 'Object Repository/Page_Aprobacin de Produccin - KAIZEN/apo_assing_selecione_cliente'  using regular expression

2020-03-13 11:51:54 - [TEST_STEP][PASSED] - click(findTestObject("Object Repository/Page_Aprobacin de Produccin - KAIZEN/apo_Buscar")): Object: 'Object Repository/Page_Aprobacin de Produccin - KAIZEN/apo_Buscar' is clicked on

2020-03-13 11:52:00 - [MESSAGE][PASSED] - Object: 'Object Repository/Page_Aprobacin de Produccin - KAIZEN/apo_Buscar' is clicked on

2020-03-13 11:52:00 - [TEST_STEP][PASSED] - executeJavaScript("document.querySelector('.btn-info[href="/PedidoLubricante/DetalleAprobacion/" + IDPedido + "?Ventana=3"]').click()", null): Execute JavaScript 'document.querySelector('.btn-info[href="/PedidoLubricante/DetalleAprobacion/275?Ventana=3"]').click()' successfully

2020-03-13 11:52:02 - [MESSAGE][PASSED] - Execute JavaScript 'document.querySelector('.btn-info[href="/PedidoLubricante/DetalleAprobacion/275?Ventana=3"]').click()' successfully

2020-03-13 11:52:02 - [TEST_STEP][PASSED] - delay(5): Delayed 5 second(s)

2020-03-13 11:52:07 - [MESSAGE][PASSED] - Delayed 5 second(s)

2020-03-13 11:52:07 - [TEST_STEP][PASSED] - if (AprobacionProduccion == "Aprobar"): Object: 'Object Repository/Page_- KAIZEN/apo_btn_Aceptar' is clicked on

2020-03-13 11:52:07 - [TEST_STEP][PASSED] - click(findTestObject("Object Repository/Page_- KAIZEN/apo_Aprobar")): Object: 'Object Repository/Page_- KAIZEN/apo_Aprobar' is clicked on

2020-03-13 11:52:07 - [MESSAGE][PASSED] - Object: 'Object Repository/Page_- KAIZEN/apo_Aprobar' is clicked on

2020-03-13 11:52:07 - [TEST_STEP][PASSED] - click(findTestObject("Object Repository/Page_- KAIZEN/apo_btn_Aceptar")): Object: 'Object Repository/Page_- KAIZEN/apo_btn_Aceptar' is clicked on

2020-03-13 11:52:09 - [MESSAGE][PASSED] - Object: 'Object Repository/Page_- KAIZEN/apo_btn_Aceptar' is clicked on

2020-03-13 11:52:09 - [TEST_STEP][PASSED] - delay(10): Delayed 10 second(s)

2020-03-13 11:52:19 - [MESSAGE][PASSED] - Delayed 10 second(s)

2020-03-13 11:52:19 - [MESSAGE][PASSED] - Call Test Case 'Test Cases/Individual_Tests/Aprobacion_Produccion' successfully

2020-03-13 11:52:19 - [TEST_STEP][PASSED] - callTestCase(findTestCase("Individual_Tests/Login"), ["Evento":"Aprobar", "Index":Index], STOP_ON_FAILURE): Call Test Case 'Test Cases/Individual_Tests/Login' successfully

2020-03-13 11:52:19 - [TEST_CASE][PASSED] - Test Cases/Individual_Tests/Login: Test Cases/Individual_Tests/Login

2020-03-13 11:52:19 - [TEST_STEP][PASSED] - print("Evento Seleccionado: " + Evento + "
"): null

2020-03-13 11:52:19 - [TEST_STEP][PASSED] - openBrowser(Web): Browser is opened with url: 'http://kaizendev.net:8086/Login/Accesar'

2020-03-13 11:52:19 - [MESSAGE][WARNING] - A browser is already opened. Closing browser and opening a new one

2020-03-13 11:52:20 - [MESSAGE][INFO] - Starting 'Chrome' driver

2020-03-13 11:52:34 - [MESSAGE][PASSED] - Browser is opened with url: 'http://kaizendev.net:8086/Login/Accesar'

2020-03-13 11:52:34 - [TEST_STEP][PASSED] - maximizeWindow(): Current window maximized

2020-03-13 11:52:35 - [MESSAGE][PASSED] - Current window maximized

2020-03-13 11:52:35 - [TEST_STEP][PASSED] - if (Evento == "Crear20"): null

2020-03-13 11:52:35 - [TEST_STEP][PASSED] - else if (Evento == "Crear40"): null

2020-03-13 11:52:35 - [TEST_STEP][PASSED] - else if (Evento == "Aprobar"): Object: 'Object Repository/Page_Iniciar Sesion - KAIZEN/is_btn_ingresar_sistema' is clicked on

2020-03-13 11:52:35 - [TEST_STEP][PASSED] - data2 = obtener_excels.obtener_aprobaciones.getValuesExcelAprob20(Index): obtener_excels.obtener_aprobaciones.getValuesExcelAprob20 is PASSED

2020-03-13 11:52:35 - [MESSAGE][PASSED] - obtener_excels.obtener_aprobaciones.getValuesExcelAprob20 is PASSED

2020-03-13 11:52:35 - [TEST_STEP][PASSED] - Usuario = data2[1]: null

2020-03-13 11:52:35 - [TEST_STEP][PASSED] - Contrasena = data2[2]: null

2020-03-13 11:52:35 - [TEST_STEP][PASSED] - setText(findTestObject("Page_Iniciar Sesion - KAIZEN/is_input_email"), Usuario): Text 'automated.test@grupokaizen.net' is set on object 'Object Repository/Page_Iniciar Sesion - KAIZEN/is_input_email'

2020-03-13 11:52:36 - [MESSAGE][PASSED] - Text 'automated.test@grupokaizen.net' is set on object 'Object Repository/Page_Iniciar Sesion - KAIZEN/is_input_email'

2020-03-13 11:52:36 - [TEST_STEP][PASSED] - setEncryptedText(findTestObject("Page_Iniciar Sesion - KAIZEN/IS_input_contrasena"), Contrasena): Text ****** has been set on object 'Object Repository/Page_Iniciar Sesion - KAIZEN/IS_input_contrasena'

2020-03-13 11:52:37 - [MESSAGE][PASSED] - Text ****** has been set on object 'Object Repository/Page_Iniciar Sesion - KAIZEN/IS_input_contrasena'

2020-03-13 11:52:37 - [TEST_STEP][PASSED] - click(findTestObject("Page_Iniciar Sesion - KAIZEN/is_btn_ingresar_sistema")): Object: 'Object Repository/Page_Iniciar Sesion - KAIZEN/is_btn_ingresar_sistema' is clicked on

2020-03-13 11:52:39 - [MESSAGE][PASSED] - Object: 'Object Repository/Page_Iniciar Sesion - KAIZEN/is_btn_ingresar_sistema' is clicked on

2020-03-13 11:52:39 - [MESSAGE][PASSED] - Call Test Case 'Test Cases/Individual_Tests/Login' successfully

2020-03-13 11:52:39 - [TEST_STEP][PASSED] - callTestCase(findTestCase("Individual_Tests/Seleccionar_Idioma"), ["Evento":"Aprobar", "Index":Index], STOP_ON_FAILURE): Call Test Case 'Test Cases/Individual_Tests/Seleccionar_Idioma' successfully

2020-03-13 11:52:39 - [TEST_CASE][PASSED] - Test Cases/Individual_Tests/Seleccionar_Idioma: Test Cases/Individual_Tests/Seleccionar_Idioma

2020-03-13 11:52:39 - [TEST_STEP][PASSED] - Idioma = 0: null

2020-03-13 11:52:39 - [TEST_STEP][PASSED] - if (Evento == "Crear20"): null

2020-03-13 11:52:39 - [TEST_STEP][PASSED] - else if (Evento == "Crear40"): null

2020-03-13 11:52:39 - [TEST_STEP][PASSED] - else if (Evento == "Aprobar"): null

2020-03-13 11:52:39 - [TEST_STEP][PASSED] - data2 = obtener_excels.obtener_aprobaciones.getValuesExcelAprob20(Index): obtener_excels.obtener_aprobaciones.getValuesExcelAprob20 is PASSED

2020-03-13 11:52:39 - [MESSAGE][PASSED] - obtener_excels.obtener_aprobaciones.getValuesExcelAprob20 is PASSED

2020-03-13 11:52:39 - [TEST_STEP][PASSED] - Idioma = data2[0]: null

2020-03-13 11:52:39 - [TEST_STEP][PASSED] - click(findTestObject("Page_- KAIZEN/si_btn_idioma")): Object: 'Object Repository/Page_- KAIZEN/si_btn_idioma' is clicked on

2020-03-13 11:52:39 - [MESSAGE][PASSED] - Object: 'Object Repository/Page_- KAIZEN/si_btn_idioma' is clicked on

2020-03-13 11:52:39 - [TEST_STEP][PASSED] - if (Idioma == "0"): Object: 'Object Repository/Page_- KAIZEN/si_Ingles' is clicked on

2020-03-13 11:52:39 - [TEST_STEP][PASSED] - click(findTestObject("Page_- KAIZEN/si_Ingles")): Object: 'Object Repository/Page_- KAIZEN/si_Ingles' is clicked on

2020-03-13 11:52:41 - [MESSAGE][PASSED] - Object: 'Object Repository/Page_- KAIZEN/si_Ingles' is clicked on

2020-03-13 11:52:41 - [MESSAGE][PASSED] - Call Test Case 'Test Cases/Individual_Tests/Seleccionar_Idioma' successfully

2020-03-13 11:52:41 - [TEST_STEP][PASSED] - callTestCase(findTestCase("Individual_Tests/Aprobacion_Produccion"), ["Index":Index], STOP_ON_FAILURE): Call Test Case 'Test Cases/Individual_Tests/Aprobacion_Produccion' successfully

2020-03-13 11:52:41 - [TEST_CASE][PASSED] - Test Cases/Individual_Tests/Aprobacion_Produccion: Test Cases/Individual_Tests/Aprobacion_Produccion

2020-03-13 11:52:41 - [TEST_STEP][PASSED] - data = obtener_excels.obtener_aprobaciones.getValuesExcelAprob20(Index): obtener_excels.obtener_aprobaciones.getValuesExcelAprob20 is PASSED

2020-03-13 11:52:41 - [MESSAGE][PASSED] - obtener_excels.obtener_aprobaciones.getValuesExcelAprob20 is PASSED

2020-03-13 11:52:41 - [TEST_STEP][PASSED] - IdPedido = data[3]: null

2020-03-13 11:52:41 - [TEST_STEP][PASSED] - Id_Cliente = data[4]: null

2020-03-13 11:52:41 - [TEST_STEP][PASSED] - AprobProduccion = data[7]: null

2020-03-13 11:52:41 - [TEST_STEP][PASSED] - IDPedido = IdPedido: null

2020-03-13 11:52:41 - [TEST_STEP][PASSED] - IDCliente = Id_Cliente: null

2020-03-13 11:52:41 - [TEST_STEP][PASSED] - AprobacionProduccion = AprobProduccion: null

2020-03-13 11:52:41 - [TEST_STEP][PASSED] - click(findTestObject("Object Repository/Page_- KAIZEN/apo_menuOperaciones")): Object: 'Object Repository/Page_- KAIZEN/apo_menuOperaciones' is clicked on

2020-03-13 11:52:42 - [MESSAGE][PASSED] - Object: 'Object Repository/Page_- KAIZEN/apo_menuOperaciones' is clicked on

2020-03-13 11:52:42 - [TEST_STEP][PASSED] - click(findTestObject("Object Repository/Page_- KAIZEN/apo_menu_aprobacion_produccin")): Object: 'Object Repository/Page_- KAIZEN/apo_menu_aprobacion_produccin' is clicked on

2020-03-13 11:52:44 - [MESSAGE][PASSED] - Object: 'Object Repository/Page_- KAIZEN/apo_menu_aprobacion_produccin' is clicked on

2020-03-13 11:52:44 - [TEST_STEP][PASSED] - click(findTestObject("Object Repository/Page_Aprobacin de Produccin - KAIZEN/apo_click_aprobacion_produccin")): Object: 'Object Repository/Page_Aprobacin de Produccin - KAIZEN/apo_click_aprobacion_produccin' is clicked on

2020-03-13 11:52:45 - [MESSAGE][PASSED] - Object: 'Object Repository/Page_Aprobacin de Produccin - KAIZEN/apo_click_aprobacion_produccin' is clicked on

2020-03-13 11:52:45 - [TEST_STEP][PASSED] - click(findTestObject("Object Repository/Page_Aprobacin de Produccin - KAIZEN/apo_seleccione_cliente")): Object: 'Object Repository/Page_Aprobacin de Produccin - KAIZEN/apo_seleccione_cliente' is clicked on

2020-03-13 11:52:45 - [MESSAGE][PASSED] - Object: 'Object Repository/Page_Aprobacin de Produccin - KAIZEN/apo_seleccione_cliente' is clicked on

2020-03-13 11:52:45 - [TEST_STEP][PASSED] - click(findTestObject("Object Repository/Page_Aprobacin de Produccin - KAIZEN/apo_click_selecione_cliente")): Object: 'Object Repository/Page_Aprobacin de Produccin - KAIZEN/apo_click_selecione_cliente' is clicked on

2020-03-13 11:52:46 - [MESSAGE][PASSED] - Object: 'Object Repository/Page_Aprobacin de Produccin - KAIZEN/apo_click_selecione_cliente' is clicked on

2020-03-13 11:52:46 - [TEST_STEP][PASSED] - selectOptionByValue(findTestObject("Object Repository/Page_Aprobacin de Produccin - KAIZEN/apo_assing_selecione_cliente"), IDCliente, true): All options with value '17' are selected in object 'Object Repository/Page_Aprobacin de Produccin - KAIZEN/apo_assing_selecione_cliente'  using regular expression

2020-03-13 11:52:47 - [MESSAGE][PASSED] - All options with value '17' are selected in object 'Object Repository/Page_Aprobacin de Produccin - KAIZEN/apo_assing_selecione_cliente'  using regular expression

2020-03-13 11:52:47 - [TEST_STEP][PASSED] - click(findTestObject("Object Repository/Page_Aprobacin de Produccin - KAIZEN/apo_Buscar")): Object: 'Object Repository/Page_Aprobacin de Produccin - KAIZEN/apo_Buscar' is clicked on

2020-03-13 11:52:48 - [MESSAGE][PASSED] - Object: 'Object Repository/Page_Aprobacin de Produccin - KAIZEN/apo_Buscar' is clicked on

2020-03-13 11:52:48 - [TEST_STEP][PASSED] - executeJavaScript("document.querySelector('.btn-info[href="/PedidoLubricante/DetalleAprobacion/" + IDPedido + "?Ventana=3"]').click()", null): Execute JavaScript 'document.querySelector('.btn-info[href="/PedidoLubricante/DetalleAprobacion/276?Ventana=3"]').click()' successfully

2020-03-13 11:52:49 - [MESSAGE][PASSED] - Execute JavaScript 'document.querySelector('.btn-info[href="/PedidoLubricante/DetalleAprobacion/276?Ventana=3"]').click()' successfully

2020-03-13 11:52:49 - [TEST_STEP][PASSED] - delay(5): Delayed 5 second(s)

2020-03-13 11:52:54 - [MESSAGE][PASSED] - Delayed 5 second(s)

2020-03-13 11:52:54 - [TEST_STEP][PASSED] - if (AprobacionProduccion == "Aprobar"): Object: 'Object Repository/Page_- KAIZEN/apo_btn_Aceptar' is clicked on

2020-03-13 11:52:54 - [TEST_STEP][PASSED] - click(findTestObject("Object Repository/Page_- KAIZEN/apo_Aprobar")): Object: 'Object Repository/Page_- KAIZEN/apo_Aprobar' is clicked on

2020-03-13 11:52:55 - [MESSAGE][PASSED] - Object: 'Object Repository/Page_- KAIZEN/apo_Aprobar' is clicked on

2020-03-13 11:52:55 - [TEST_STEP][PASSED] - click(findTestObject("Object Repository/Page_- KAIZEN/apo_btn_Aceptar")): Object: 'Object Repository/Page_- KAIZEN/apo_btn_Aceptar' is clicked on

2020-03-13 11:52:58 - [MESSAGE][PASSED] - Object: 'Object Repository/Page_- KAIZEN/apo_btn_Aceptar' is clicked on

2020-03-13 11:52:58 - [TEST_STEP][PASSED] - delay(10): Delayed 10 second(s)

2020-03-13 11:53:08 - [MESSAGE][PASSED] - Delayed 10 second(s)

2020-03-13 11:53:08 - [MESSAGE][PASSED] - Call Test Case 'Test Cases/Individual_Tests/Aprobacion_Produccion' successfully

2020-03-13 11:53:08 - [TEST_STEP][PASSED] - callTestCase(findTestCase("Individual_Tests/Login"), ["Evento":"Aprobar", "Index":Index], STOP_ON_FAILURE): Call Test Case 'Test Cases/Individual_Tests/Login' successfully

2020-03-13 11:53:09 - [TEST_CASE][PASSED] - Test Cases/Individual_Tests/Login: Test Cases/Individual_Tests/Login

2020-03-13 11:53:09 - [TEST_STEP][PASSED] - print("Evento Seleccionado: " + Evento + "
"): null

2020-03-13 11:53:09 - [TEST_STEP][PASSED] - openBrowser(Web): Browser is opened with url: 'http://kaizendev.net:8086/Login/Accesar'

2020-03-13 11:53:09 - [MESSAGE][WARNING] - A browser is already opened. Closing browser and opening a new one

2020-03-13 11:53:09 - [MESSAGE][INFO] - Starting 'Chrome' driver

2020-03-13 11:53:29 - [MESSAGE][PASSED] - Browser is opened with url: 'http://kaizendev.net:8086/Login/Accesar'

2020-03-13 11:53:29 - [TEST_STEP][PASSED] - maximizeWindow(): Current window maximized

2020-03-13 11:53:30 - [MESSAGE][PASSED] - Current window maximized

2020-03-13 11:53:30 - [TEST_STEP][PASSED] - if (Evento == "Crear20"): null

2020-03-13 11:53:30 - [TEST_STEP][PASSED] - else if (Evento == "Crear40"): null

2020-03-13 11:53:30 - [TEST_STEP][PASSED] - else if (Evento == "Aprobar"): Object: 'Object Repository/Page_Iniciar Sesion - KAIZEN/is_btn_ingresar_sistema' is clicked on

2020-03-13 11:53:30 - [TEST_STEP][PASSED] - data2 = obtener_excels.obtener_aprobaciones.getValuesExcelAprob20(Index): obtener_excels.obtener_aprobaciones.getValuesExcelAprob20 is PASSED

2020-03-13 11:53:30 - [MESSAGE][PASSED] - obtener_excels.obtener_aprobaciones.getValuesExcelAprob20 is PASSED

2020-03-13 11:53:30 - [TEST_STEP][PASSED] - Usuario = data2[1]: null

2020-03-13 11:53:30 - [TEST_STEP][PASSED] - Contrasena = data2[2]: null

2020-03-13 11:53:30 - [TEST_STEP][PASSED] - setText(findTestObject("Page_Iniciar Sesion - KAIZEN/is_input_email"), Usuario): Text 'automated.test@grupokaizen.net' is set on object 'Object Repository/Page_Iniciar Sesion - KAIZEN/is_input_email'

2020-03-13 11:53:31 - [MESSAGE][PASSED] - Text 'automated.test@grupokaizen.net' is set on object 'Object Repository/Page_Iniciar Sesion - KAIZEN/is_input_email'

2020-03-13 11:53:31 - [TEST_STEP][PASSED] - setEncryptedText(findTestObject("Page_Iniciar Sesion - KAIZEN/IS_input_contrasena"), Contrasena): Text ****** has been set on object 'Object Repository/Page_Iniciar Sesion - KAIZEN/IS_input_contrasena'

2020-03-13 11:53:31 - [MESSAGE][PASSED] - Text ****** has been set on object 'Object Repository/Page_Iniciar Sesion - KAIZEN/IS_input_contrasena'

2020-03-13 11:53:31 - [TEST_STEP][PASSED] - click(findTestObject("Page_Iniciar Sesion - KAIZEN/is_btn_ingresar_sistema")): Object: 'Object Repository/Page_Iniciar Sesion - KAIZEN/is_btn_ingresar_sistema' is clicked on

2020-03-13 11:53:33 - [MESSAGE][PASSED] - Object: 'Object Repository/Page_Iniciar Sesion - KAIZEN/is_btn_ingresar_sistema' is clicked on

2020-03-13 11:53:33 - [MESSAGE][PASSED] - Call Test Case 'Test Cases/Individual_Tests/Login' successfully

2020-03-13 11:53:33 - [TEST_STEP][PASSED] - callTestCase(findTestCase("Individual_Tests/Seleccionar_Idioma"), ["Evento":"Aprobar", "Index":Index], STOP_ON_FAILURE): Call Test Case 'Test Cases/Individual_Tests/Seleccionar_Idioma' successfully

2020-03-13 11:53:33 - [TEST_CASE][PASSED] - Test Cases/Individual_Tests/Seleccionar_Idioma: Test Cases/Individual_Tests/Seleccionar_Idioma

2020-03-13 11:53:33 - [TEST_STEP][PASSED] - Idioma = 0: null

2020-03-13 11:53:33 - [TEST_STEP][PASSED] - if (Evento == "Crear20"): null

2020-03-13 11:53:33 - [TEST_STEP][PASSED] - else if (Evento == "Crear40"): null

2020-03-13 11:53:33 - [TEST_STEP][PASSED] - else if (Evento == "Aprobar"): null

2020-03-13 11:53:33 - [TEST_STEP][PASSED] - data2 = obtener_excels.obtener_aprobaciones.getValuesExcelAprob20(Index): obtener_excels.obtener_aprobaciones.getValuesExcelAprob20 is PASSED

2020-03-13 11:53:34 - [MESSAGE][PASSED] - obtener_excels.obtener_aprobaciones.getValuesExcelAprob20 is PASSED

2020-03-13 11:53:34 - [TEST_STEP][PASSED] - Idioma = data2[0]: null

2020-03-13 11:53:34 - [TEST_STEP][PASSED] - click(findTestObject("Page_- KAIZEN/si_btn_idioma")): Object: 'Object Repository/Page_- KAIZEN/si_btn_idioma' is clicked on

2020-03-13 11:53:34 - [MESSAGE][PASSED] - Object: 'Object Repository/Page_- KAIZEN/si_btn_idioma' is clicked on

2020-03-13 11:53:34 - [TEST_STEP][PASSED] - if (Idioma == "0"): null

2020-03-13 11:53:34 - [TEST_STEP][PASSED] - else: Object: 'Object Repository/Page_- KAIZEN/si_Spanish' is clicked on

2020-03-13 11:53:34 - [TEST_STEP][PASSED] - click(findTestObject("Page_- KAIZEN/si_Spanish")): Object: 'Object Repository/Page_- KAIZEN/si_Spanish' is clicked on

2020-03-13 11:53:36 - [MESSAGE][PASSED] - Object: 'Object Repository/Page_- KAIZEN/si_Spanish' is clicked on

2020-03-13 11:53:36 - [MESSAGE][PASSED] - Call Test Case 'Test Cases/Individual_Tests/Seleccionar_Idioma' successfully

2020-03-13 11:53:36 - [TEST_STEP][PASSED] - callTestCase(findTestCase("Individual_Tests/Aprobacion_Produccion"), ["Index":Index], STOP_ON_FAILURE): Call Test Case 'Test Cases/Individual_Tests/Aprobacion_Produccion' successfully

2020-03-13 11:53:36 - [TEST_CASE][PASSED] - Test Cases/Individual_Tests/Aprobacion_Produccion: Test Cases/Individual_Tests/Aprobacion_Produccion

2020-03-13 11:53:36 - [TEST_STEP][PASSED] - data = obtener_excels.obtener_aprobaciones.getValuesExcelAprob20(Index): obtener_excels.obtener_aprobaciones.getValuesExcelAprob20 is PASSED

2020-03-13 11:53:36 - [MESSAGE][PASSED] - obtener_excels.obtener_aprobaciones.getValuesExcelAprob20 is PASSED

2020-03-13 11:53:36 - [TEST_STEP][PASSED] - IdPedido = data[3]: null

2020-03-13 11:53:36 - [TEST_STEP][PASSED] - Id_Cliente = data[4]: null

2020-03-13 11:53:36 - [TEST_STEP][PASSED] - AprobProduccion = data[7]: null

2020-03-13 11:53:36 - [TEST_STEP][PASSED] - IDPedido = IdPedido: null

2020-03-13 11:53:36 - [TEST_STEP][PASSED] - IDCliente = Id_Cliente: null

2020-03-13 11:53:36 - [TEST_STEP][PASSED] - AprobacionProduccion = AprobProduccion: null

2020-03-13 11:53:36 - [TEST_STEP][PASSED] - click(findTestObject("Object Repository/Page_- KAIZEN/apo_menuOperaciones")): Object: 'Object Repository/Page_- KAIZEN/apo_menuOperaciones' is clicked on

2020-03-13 11:53:36 - [MESSAGE][PASSED] - Object: 'Object Repository/Page_- KAIZEN/apo_menuOperaciones' is clicked on

2020-03-13 11:53:36 - [TEST_STEP][PASSED] - click(findTestObject("Object Repository/Page_- KAIZEN/apo_menu_aprobacion_produccin")): Object: 'Object Repository/Page_- KAIZEN/apo_menu_aprobacion_produccin' is clicked on

2020-03-13 11:53:39 - [MESSAGE][PASSED] - Object: 'Object Repository/Page_- KAIZEN/apo_menu_aprobacion_produccin' is clicked on

2020-03-13 11:53:39 - [TEST_STEP][PASSED] - click(findTestObject("Object Repository/Page_Aprobacin de Produccin - KAIZEN/apo_click_aprobacion_produccin")): Object: 'Object Repository/Page_Aprobacin de Produccin - KAIZEN/apo_click_aprobacion_produccin' is clicked on

2020-03-13 11:53:39 - [MESSAGE][PASSED] - Object: 'Object Repository/Page_Aprobacin de Produccin - KAIZEN/apo_click_aprobacion_produccin' is clicked on

2020-03-13 11:53:39 - [TEST_STEP][PASSED] - click(findTestObject("Object Repository/Page_Aprobacin de Produccin - KAIZEN/apo_seleccione_cliente")): Object: 'Object Repository/Page_Aprobacin de Produccin - KAIZEN/apo_seleccione_cliente' is clicked on

2020-03-13 11:53:40 - [MESSAGE][PASSED] - Object: 'Object Repository/Page_Aprobacin de Produccin - KAIZEN/apo_seleccione_cliente' is clicked on

2020-03-13 11:53:40 - [TEST_STEP][PASSED] - click(findTestObject("Object Repository/Page_Aprobacin de Produccin - KAIZEN/apo_click_selecione_cliente")): Object: 'Object Repository/Page_Aprobacin de Produccin - KAIZEN/apo_click_selecione_cliente' is clicked on

2020-03-13 11:53:40 - [MESSAGE][PASSED] - Object: 'Object Repository/Page_Aprobacin de Produccin - KAIZEN/apo_click_selecione_cliente' is clicked on

2020-03-13 11:53:40 - [TEST_STEP][PASSED] - selectOptionByValue(findTestObject("Object Repository/Page_Aprobacin de Produccin - KAIZEN/apo_assing_selecione_cliente"), IDCliente, true): All options with value '7' are selected in object 'Object Repository/Page_Aprobacin de Produccin - KAIZEN/apo_assing_selecione_cliente'  using regular expression

2020-03-13 11:53:42 - [MESSAGE][PASSED] - All options with value '7' are selected in object 'Object Repository/Page_Aprobacin de Produccin - KAIZEN/apo_assing_selecione_cliente'  using regular expression

2020-03-13 11:53:42 - [TEST_STEP][PASSED] - click(findTestObject("Object Repository/Page_Aprobacin de Produccin - KAIZEN/apo_Buscar")): Object: 'Object Repository/Page_Aprobacin de Produccin - KAIZEN/apo_Buscar' is clicked on

2020-03-13 11:53:44 - [MESSAGE][PASSED] - Object: 'Object Repository/Page_Aprobacin de Produccin - KAIZEN/apo_Buscar' is clicked on

2020-03-13 11:53:44 - [TEST_STEP][PASSED] - executeJavaScript("document.querySelector('.btn-info[href="/PedidoLubricante/DetalleAprobacion/" + IDPedido + "?Ventana=3"]').click()", null): Execute JavaScript 'document.querySelector('.btn-info[href="/PedidoLubricante/DetalleAprobacion/277?Ventana=3"]').click()' successfully

2020-03-13 11:53:45 - [MESSAGE][PASSED] - Execute JavaScript 'document.querySelector('.btn-info[href="/PedidoLubricante/DetalleAprobacion/277?Ventana=3"]').click()' successfully

2020-03-13 11:53:45 - [TEST_STEP][PASSED] - delay(5): Delayed 5 second(s)

2020-03-13 11:53:50 - [MESSAGE][PASSED] - Delayed 5 second(s)

2020-03-13 11:53:50 - [TEST_STEP][PASSED] - if (AprobacionProduccion == "Aprobar"): null

2020-03-13 11:53:50 - [TEST_STEP][PASSED] - else: Object: 'Object Repository/Page_- KAIZEN/apo_btn_Aceptar' is clicked on

2020-03-13 11:53:50 - [TEST_STEP][PASSED] - click(findTestObject("Object Repository/Page_- KAIZEN/apo_Denegar")): Object: 'Object Repository/Page_- KAIZEN/apo_Denegar' is clicked on

2020-03-13 11:53:50 - [MESSAGE][PASSED] - Object: 'Object Repository/Page_- KAIZEN/apo_Denegar' is clicked on

2020-03-13 11:53:50 - [TEST_STEP][PASSED] - click(findTestObject("Object Repository/Page_- KAIZEN/apo_btn_Aceptar")): Object: 'Object Repository/Page_- KAIZEN/apo_btn_Aceptar' is clicked on

2020-03-13 11:53:51 - [MESSAGE][PASSED] - Object: 'Object Repository/Page_- KAIZEN/apo_btn_Aceptar' is clicked on

2020-03-13 11:53:51 - [TEST_STEP][PASSED] - delay(10): Delayed 10 second(s)

2020-03-13 11:54:01 - [MESSAGE][PASSED] - Delayed 10 second(s)

2020-03-13 11:54:01 - [MESSAGE][PASSED] - Call Test Case 'Test Cases/Individual_Tests/Aprobacion_Produccion' successfully]]></system-out>
         <system-err><![CDATA[]]></system-err>
      </testcase>
      <testcase name="Test Cases/Generar_Excels_Secuencias/TC_Generar_Excel_CargosLogisticos" time="5.207" classname="Test Cases/Generar_Excels_Secuencias/TC_Generar_Excel_CargosLogisticos" status="PASSED">
         <system-out><![CDATA[2020-03-13 11:54:01 - [TEST_CASE][PASSED] - Test Cases/Generar_Excels_Secuencias/TC_Generar_Excel_CargosLogisticos: Test Cases/Generar_Excels_Secuencias/TC_Generar_Excel_CargosLogisticos

2020-03-13 11:54:01 - [TEST_STEP][PASSED] - python.ejecutarAleatoriosPython.runPython("Logistica"): python.ejecutarAleatoriosPython.runPython is PASSED

2020-03-13 11:54:06 - [MESSAGE][PASSED] - python.ejecutarAleatoriosPython.runPython is PASSED]]></system-out>
         <system-err><![CDATA[]]></system-err>
      </testcase>
      <testcase name="Test Cases/Secuencias de Ejecucion/TC_Agregar_Cargos_Logisticos" time="107.564" classname="Test Cases/Secuencias de Ejecucion/TC_Agregar_Cargos_Logisticos" status="PASSED">
         <system-out><![CDATA[2020-03-13 11:54:06 - [TEST_CASE][PASSED] - Test Cases/Secuencias de Ejecucion/TC_Agregar_Cargos_Logisticos: Test Cases/Secuencias de Ejecucion/TC_Agregar_Cargos_Logisticos

2020-03-13 11:54:06 - [TEST_STEP][PASSED] - archivo = $RunConfiguration.getProjectDir()/Pedidos/DataExcel/Cargos_Logisticos.xlsx: null

2020-03-13 11:54:06 - [TEST_STEP][PASSED] - excelData = getExcelDataWithDefaultSheet(archivo, "Sheet1", true): null

2020-03-13 11:54:07 - [TEST_STEP][PASSED] - for ([Index = 1, Index <= excelData.getRowNumbers(), (Index++)]): Call Test Case 'Test Cases/Individual_Tests/Agregar_Logistica' successfully

2020-03-13 11:54:07 - [TEST_STEP][PASSED] - callTestCase(findTestCase("Individual_Tests/Login"), ["Evento":"Logistica", "Index":Index], STOP_ON_FAILURE): Call Test Case 'Test Cases/Individual_Tests/Login' successfully

2020-03-13 11:54:07 - [TEST_CASE][PASSED] - Test Cases/Individual_Tests/Login: Test Cases/Individual_Tests/Login

2020-03-13 11:54:07 - [TEST_STEP][PASSED] - print("Evento Seleccionado: " + Evento + "
"): null

2020-03-13 11:54:07 - [TEST_STEP][PASSED] - openBrowser(Web): Browser is opened with url: 'http://kaizendev.net:8086/Login/Accesar'

2020-03-13 11:54:07 - [MESSAGE][WARNING] - A browser is already opened. Closing browser and opening a new one

2020-03-13 11:54:07 - [MESSAGE][INFO] - Starting 'Chrome' driver

2020-03-13 11:54:23 - [MESSAGE][PASSED] - Browser is opened with url: 'http://kaizendev.net:8086/Login/Accesar'

2020-03-13 11:54:23 - [TEST_STEP][PASSED] - maximizeWindow(): Current window maximized

2020-03-13 11:54:24 - [MESSAGE][PASSED] - Current window maximized

2020-03-13 11:54:24 - [TEST_STEP][PASSED] - if (Evento == "Crear20"): null

2020-03-13 11:54:24 - [TEST_STEP][PASSED] - else if (Evento == "Crear40"): null

2020-03-13 11:54:24 - [TEST_STEP][PASSED] - else if (Evento == "Aprobar"): null

2020-03-13 11:54:24 - [TEST_STEP][PASSED] - else if (Evento == "Logistica"): Object: 'Object Repository/Page_Iniciar Sesion - KAIZEN/is_btn_ingresar_sistema' is clicked on

2020-03-13 11:54:24 - [TEST_STEP][PASSED] - data3 = obtener_excels.obtener_logistica.getValuesExcelLogistic(Index): obtener_excels.obtener_logistica.getValuesExcelLogistic is PASSED

2020-03-13 11:54:24 - [MESSAGE][PASSED] - obtener_excels.obtener_logistica.getValuesExcelLogistic is PASSED

2020-03-13 11:54:24 - [TEST_STEP][PASSED] - Usuario = data3[1]: null

2020-03-13 11:54:24 - [TEST_STEP][PASSED] - Contrasena = data3[2]: null

2020-03-13 11:54:24 - [TEST_STEP][PASSED] - setText(findTestObject("Page_Iniciar Sesion - KAIZEN/is_input_email"), Usuario): Text 'automated.test@grupokaizen.net' is set on object 'Object Repository/Page_Iniciar Sesion - KAIZEN/is_input_email'

2020-03-13 11:54:25 - [MESSAGE][PASSED] - Text 'automated.test@grupokaizen.net' is set on object 'Object Repository/Page_Iniciar Sesion - KAIZEN/is_input_email'

2020-03-13 11:54:25 - [TEST_STEP][PASSED] - setEncryptedText(findTestObject("Page_Iniciar Sesion - KAIZEN/IS_input_contrasena"), Contrasena): Text ****** has been set on object 'Object Repository/Page_Iniciar Sesion - KAIZEN/IS_input_contrasena'

2020-03-13 11:54:25 - [MESSAGE][PASSED] - Text ****** has been set on object 'Object Repository/Page_Iniciar Sesion - KAIZEN/IS_input_contrasena'

2020-03-13 11:54:25 - [TEST_STEP][PASSED] - click(findTestObject("Page_Iniciar Sesion - KAIZEN/is_btn_ingresar_sistema")): Object: 'Object Repository/Page_Iniciar Sesion - KAIZEN/is_btn_ingresar_sistema' is clicked on

2020-03-13 11:54:29 - [MESSAGE][PASSED] - Object: 'Object Repository/Page_Iniciar Sesion - KAIZEN/is_btn_ingresar_sistema' is clicked on

2020-03-13 11:54:29 - [MESSAGE][PASSED] - Call Test Case 'Test Cases/Individual_Tests/Login' successfully

2020-03-13 11:54:29 - [TEST_STEP][PASSED] - callTestCase(findTestCase("Individual_Tests/Seleccionar_Idioma"), ["Evento":"Logistica", "Index":Index], STOP_ON_FAILURE): Call Test Case 'Test Cases/Individual_Tests/Seleccionar_Idioma' successfully

2020-03-13 11:54:29 - [TEST_CASE][PASSED] - Test Cases/Individual_Tests/Seleccionar_Idioma: Test Cases/Individual_Tests/Seleccionar_Idioma

2020-03-13 11:54:29 - [TEST_STEP][PASSED] - Idioma = 0: null

2020-03-13 11:54:29 - [TEST_STEP][PASSED] - if (Evento == "Crear20"): null

2020-03-13 11:54:29 - [TEST_STEP][PASSED] - else if (Evento == "Crear40"): null

2020-03-13 11:54:29 - [TEST_STEP][PASSED] - else if (Evento == "Aprobar"): null

2020-03-13 11:54:29 - [TEST_STEP][PASSED] - else if (Evento == "Logistica"): null

2020-03-13 11:54:29 - [TEST_STEP][PASSED] - data3 = obtener_excels.obtener_logistica.getValuesExcelLogistic(Index): obtener_excels.obtener_logistica.getValuesExcelLogistic is PASSED

2020-03-13 11:54:29 - [MESSAGE][PASSED] - obtener_excels.obtener_logistica.getValuesExcelLogistic is PASSED

2020-03-13 11:54:29 - [TEST_STEP][PASSED] - Idioma = data3[0]: null

2020-03-13 11:54:29 - [TEST_STEP][PASSED] - click(findTestObject("Page_- KAIZEN/si_btn_idioma")): Object: 'Object Repository/Page_- KAIZEN/si_btn_idioma' is clicked on

2020-03-13 11:54:30 - [MESSAGE][PASSED] - Object: 'Object Repository/Page_- KAIZEN/si_btn_idioma' is clicked on

2020-03-13 11:54:30 - [TEST_STEP][PASSED] - if (Idioma == "0"): null

2020-03-13 11:54:30 - [TEST_STEP][PASSED] - else: Object: 'Object Repository/Page_- KAIZEN/si_Spanish' is clicked on

2020-03-13 11:54:30 - [TEST_STEP][PASSED] - click(findTestObject("Page_- KAIZEN/si_Spanish")): Object: 'Object Repository/Page_- KAIZEN/si_Spanish' is clicked on

2020-03-13 11:54:31 - [MESSAGE][PASSED] - Object: 'Object Repository/Page_- KAIZEN/si_Spanish' is clicked on

2020-03-13 11:54:31 - [MESSAGE][PASSED] - Call Test Case 'Test Cases/Individual_Tests/Seleccionar_Idioma' successfully

2020-03-13 11:54:31 - [TEST_STEP][PASSED] - callTestCase(findTestCase("Individual_Tests/Agregar_Logistica"), ["Index":Index], STOP_ON_FAILURE): Call Test Case 'Test Cases/Individual_Tests/Agregar_Logistica' successfully

2020-03-13 11:54:31 - [TEST_CASE][PASSED] - Test Cases/Individual_Tests/Agregar_Logistica: Test Cases/Individual_Tests/Agregar_Logistica

2020-03-13 11:54:31 - [TEST_STEP][PASSED] - data = obtener_excels.obtener_logistica.getValuesExcelLogistic(Index): obtener_excels.obtener_logistica.getValuesExcelLogistic is PASSED

2020-03-13 11:54:32 - [MESSAGE][PASSED] - obtener_excels.obtener_logistica.getValuesExcelLogistic is PASSED

2020-03-13 11:54:32 - [TEST_STEP][PASSED] - IdPedido = data[3]: null

2020-03-13 11:54:32 - [TEST_STEP][PASSED] - Id_Cliente = data[4]: null

2020-03-13 11:54:32 - [TEST_STEP][PASSED] - IDCargo = data[5]: null

2020-03-13 11:54:32 - [TEST_STEP][PASSED] - IDCargo2 = data[6]: null

2020-03-13 11:54:32 - [TEST_STEP][PASSED] - IDPedido = IdPedido: null

2020-03-13 11:54:32 - [TEST_STEP][PASSED] - IDCliente = Id_Cliente: null

2020-03-13 11:54:32 - [TEST_STEP][PASSED] - IDCargo = IDCargo: null

2020-03-13 11:54:32 - [TEST_STEP][PASSED] - IDCargo2 = IDCargo2: null

2020-03-13 11:54:32 - [TEST_STEP][PASSED] - click(findTestObject("Object Repository/Page_- KAIZEN/lg_menu_operaciones")): Object: 'Object Repository/Page_- KAIZEN/lg_menu_operaciones' is clicked on

2020-03-13 11:54:32 - [MESSAGE][PASSED] - Object: 'Object Repository/Page_- KAIZEN/lg_menu_operaciones' is clicked on

2020-03-13 11:54:32 - [TEST_STEP][PASSED] - click(findTestObject("Object Repository/Page_- KAIZEN/lg_click_operaciones")): Object: 'Object Repository/Page_- KAIZEN/lg_click_operaciones' is clicked on

2020-03-13 11:54:34 - [MESSAGE][PASSED] - Object: 'Object Repository/Page_- KAIZEN/lg_click_operaciones' is clicked on

2020-03-13 11:54:34 - [TEST_STEP][PASSED] - click(findTestObject("Object Repository/Page_Logstica - KAIZEN/lg_click_operaciones_logistica")): Object: 'Object Repository/Page_Logstica - KAIZEN/lg_click_operaciones_logistica' is clicked on

2020-03-13 11:54:34 - [MESSAGE][PASSED] - Object: 'Object Repository/Page_Logstica - KAIZEN/lg_click_operaciones_logistica' is clicked on

2020-03-13 11:54:34 - [TEST_STEP][PASSED] - click(findTestObject("Object Repository/Page_Logstica - KAIZEN/lg_btn_seleccione_cliente")): Object: 'Object Repository/Page_Logstica - KAIZEN/lg_btn_seleccione_cliente' is clicked on

2020-03-13 11:54:35 - [MESSAGE][PASSED] - Object: 'Object Repository/Page_Logstica - KAIZEN/lg_btn_seleccione_cliente' is clicked on

2020-03-13 11:54:35 - [TEST_STEP][PASSED] - click(findTestObject("Object Repository/Page_Logstica - KAIZEN/lg_click_seleccione_cliente")): Object: 'Object Repository/Page_Logstica - KAIZEN/lg_click_seleccione_cliente' is clicked on

2020-03-13 11:54:36 - [MESSAGE][PASSED] - Object: 'Object Repository/Page_Logstica - KAIZEN/lg_click_seleccione_cliente' is clicked on

2020-03-13 11:54:36 - [TEST_STEP][PASSED] - selectOptionByValue(findTestObject("Object Repository/Page_Logstica - KAIZEN/lg_assing_seleccione_cliente"), IDCliente, true): All options with value '2' are selected in object 'Object Repository/Page_Logstica - KAIZEN/lg_assing_seleccione_cliente'  using regular expression

2020-03-13 11:54:37 - [MESSAGE][PASSED] - All options with value '2' are selected in object 'Object Repository/Page_Logstica - KAIZEN/lg_assing_seleccione_cliente'  using regular expression

2020-03-13 11:54:37 - [TEST_STEP][PASSED] - click(findTestObject("Object Repository/Page_Logstica - KAIZEN/lg_Buscar_pedido")): Object: 'Object Repository/Page_Logstica - KAIZEN/lg_Buscar_pedido' is clicked on

2020-03-13 11:54:40 - [MESSAGE][PASSED] - Object: 'Object Repository/Page_Logstica - KAIZEN/lg_Buscar_pedido' is clicked on

2020-03-13 11:54:40 - [TEST_STEP][PASSED] - executeJavaScript("document.querySelector('.btn-success[href="/PedidoLubricante/Verificacion/" + IDPedido + ""]').click()", null): Execute JavaScript 'document.querySelector('.btn-success[href="/PedidoLubricante/Verificacion/275"]').click()' successfully

2020-03-13 11:54:41 - [MESSAGE][PASSED] - Execute JavaScript 'document.querySelector('.btn-success[href="/PedidoLubricante/Verificacion/275"]').click()' successfully

2020-03-13 11:54:41 - [TEST_STEP][PASSED] - if (IDCargo == IDCargo2): null

2020-03-13 11:54:41 - [TEST_STEP][PASSED] - else: Object: 'Object Repository/Page_- KAIZEN/lg_Aceptar_cargo_logistico' is clicked on

2020-03-13 11:54:41 - [TEST_STEP][PASSED] - click(findTestObject("Object Repository/Page_- KAIZEN/lg_btn_seleccione_cargos_logsticos")): Object: 'Object Repository/Page_- KAIZEN/lg_btn_seleccione_cargos_logsticos' is clicked on

2020-03-13 11:54:42 - [MESSAGE][PASSED] - Object: 'Object Repository/Page_- KAIZEN/lg_btn_seleccione_cargos_logsticos' is clicked on

2020-03-13 11:54:42 - [TEST_STEP][PASSED] - click(findTestObject("Object Repository/Page_- KAIZEN/lg_btn_click_cargos_logsticos")): Object: 'Object Repository/Page_- KAIZEN/lg_btn_click_cargos_logsticos' is clicked on

2020-03-13 11:54:42 - [MESSAGE][PASSED] - Object: 'Object Repository/Page_- KAIZEN/lg_btn_click_cargos_logsticos' is clicked on

2020-03-13 11:54:42 - [TEST_STEP][PASSED] - selectOptionByValue(findTestObject("Object Repository/Page_- KAIZEN/lg_btn_assing_cargos_logsticos"), IDCargo, true): All options with value '27' are selected in object 'Object Repository/Page_- KAIZEN/lg_btn_assing_cargos_logsticos'  using regular expression

2020-03-13 11:54:44 - [MESSAGE][PASSED] - All options with value '27' are selected in object 'Object Repository/Page_- KAIZEN/lg_btn_assing_cargos_logsticos'  using regular expression

2020-03-13 11:54:44 - [TEST_STEP][PASSED] - setText(findTestObject("Object Repository/Page_- KAIZEN/lg_input_Agregar_SELLO"), Sello): Text '1XYZ' is set on object 'Object Repository/Page_- KAIZEN/lg_input_Agregar_SELLO'

2020-03-13 11:54:44 - [MESSAGE][PASSED] - Text '1XYZ' is set on object 'Object Repository/Page_- KAIZEN/lg_input_Agregar_SELLO'

2020-03-13 11:54:44 - [TEST_STEP][PASSED] - setText(findTestObject("Object Repository/Page_- KAIZEN/lg_input_Agregar_NRO_CONTENEDOR"), Contenedor): Text '2XYZ' is set on object 'Object Repository/Page_- KAIZEN/lg_input_Agregar_NRO_CONTENEDOR'

2020-03-13 11:54:45 - [MESSAGE][PASSED] - Text '2XYZ' is set on object 'Object Repository/Page_- KAIZEN/lg_input_Agregar_NRO_CONTENEDOR'

2020-03-13 11:54:45 - [TEST_STEP][PASSED] - setText(findTestObject("Object Repository/Page_- KAIZEN/lg_input_Agregar_NRO_RESERVA"), Reserva): Text '3XYZ' is set on object 'Object Repository/Page_- KAIZEN/lg_input_Agregar_NRO_RESERVA'

2020-03-13 11:54:45 - [MESSAGE][PASSED] - Text '3XYZ' is set on object 'Object Repository/Page_- KAIZEN/lg_input_Agregar_NRO_RESERVA'

2020-03-13 11:54:45 - [TEST_STEP][PASSED] - click(findTestObject("Object Repository/Page_- KAIZEN/lg_btn_Seleccione_naviera_cargos")): Object: 'Object Repository/Page_- KAIZEN/lg_btn_Seleccione_naviera_cargos' is clicked on

2020-03-13 11:54:46 - [MESSAGE][PASSED] - Object: 'Object Repository/Page_- KAIZEN/lg_btn_Seleccione_naviera_cargos' is clicked on

2020-03-13 11:54:46 - [TEST_STEP][PASSED] - click(findTestObject("Object Repository/Page_- KAIZEN/lg_btn_click_naviera_cargos")): Object: 'Object Repository/Page_- KAIZEN/lg_btn_click_naviera_cargos' is clicked on

2020-03-13 11:54:46 - [MESSAGE][PASSED] - Object: 'Object Repository/Page_- KAIZEN/lg_btn_click_naviera_cargos' is clicked on

2020-03-13 11:54:46 - [TEST_STEP][PASSED] - selectOptionByValue(findTestObject("Object Repository/Page_- KAIZEN/lg_btn_assing_naviera_cargos"), Naviera, true): All options with value '1' are selected in object 'Object Repository/Page_- KAIZEN/lg_btn_assing_naviera_cargos'  using regular expression

2020-03-13 11:54:47 - [MESSAGE][PASSED] - All options with value '1' are selected in object 'Object Repository/Page_- KAIZEN/lg_btn_assing_naviera_cargos'  using regular expression

2020-03-13 11:54:47 - [TEST_STEP][PASSED] - click(findTestObject("Object Repository/Page_- KAIZEN/lg_Agregar_cargo_logistico")): Object: 'Object Repository/Page_- KAIZEN/lg_Agregar_cargo_logistico' is clicked on

2020-03-13 11:54:48 - [MESSAGE][PASSED] - Object: 'Object Repository/Page_- KAIZEN/lg_Agregar_cargo_logistico' is clicked on

2020-03-13 11:54:48 - [TEST_STEP][PASSED] - executeJavaScript(document.getElementById('input$IDCargo').value=' + Valor + "'", null): Execute JavaScript 'document.getElementById('input27').value='222.000'' successfully

2020-03-13 11:54:48 - [MESSAGE][PASSED] - Execute JavaScript 'document.getElementById('input27').value='222.000'' successfully

2020-03-13 11:54:48 - [TEST_STEP][PASSED] - click(findTestObject("Object Repository/Page_- KAIZEN/lg_button_OK")): Object: 'Object Repository/Page_- KAIZEN/lg_button_OK' is clicked on

2020-03-13 11:54:49 - [MESSAGE][PASSED] - Object: 'Object Repository/Page_- KAIZEN/lg_button_OK' is clicked on

2020-03-13 11:54:49 - [TEST_STEP][PASSED] - click(findTestObject("Object Repository/Page_- KAIZEN/lg_btn_seleccione_cargos_logsticos")): Object: 'Object Repository/Page_- KAIZEN/lg_btn_seleccione_cargos_logsticos' is clicked on

2020-03-13 11:54:49 - [MESSAGE][PASSED] - Object: 'Object Repository/Page_- KAIZEN/lg_btn_seleccione_cargos_logsticos' is clicked on

2020-03-13 11:54:49 - [TEST_STEP][PASSED] - click(findTestObject("Object Repository/Page_- KAIZEN/lg_btn_click_cargos_logsticos")): Object: 'Object Repository/Page_- KAIZEN/lg_btn_click_cargos_logsticos' is clicked on

2020-03-13 11:54:50 - [MESSAGE][PASSED] - Object: 'Object Repository/Page_- KAIZEN/lg_btn_click_cargos_logsticos' is clicked on

2020-03-13 11:54:50 - [TEST_STEP][PASSED] - selectOptionByValue(findTestObject("Object Repository/Page_- KAIZEN/lg_btn_assing_cargos_logsticos"), IDCargo2, true): All options with value '30' are selected in object 'Object Repository/Page_- KAIZEN/lg_btn_assing_cargos_logsticos'  using regular expression

2020-03-13 11:54:51 - [MESSAGE][PASSED] - All options with value '30' are selected in object 'Object Repository/Page_- KAIZEN/lg_btn_assing_cargos_logsticos'  using regular expression

2020-03-13 11:54:51 - [TEST_STEP][PASSED] - setText(findTestObject("Object Repository/Page_- KAIZEN/lg_input_Agregar_SELLO"), Sello2): Text '4XYZ' is set on object 'Object Repository/Page_- KAIZEN/lg_input_Agregar_SELLO'

2020-03-13 11:54:52 - [MESSAGE][PASSED] - Text '4XYZ' is set on object 'Object Repository/Page_- KAIZEN/lg_input_Agregar_SELLO'

2020-03-13 11:54:52 - [TEST_STEP][PASSED] - setText(findTestObject("Object Repository/Page_- KAIZEN/lg_input_Agregar_NRO_CONTENEDOR"), Contenedor2): Text '5XYZ' is set on object 'Object Repository/Page_- KAIZEN/lg_input_Agregar_NRO_CONTENEDOR'

2020-03-13 11:54:52 - [MESSAGE][PASSED] - Text '5XYZ' is set on object 'Object Repository/Page_- KAIZEN/lg_input_Agregar_NRO_CONTENEDOR'

2020-03-13 11:54:52 - [TEST_STEP][PASSED] - setText(findTestObject("Object Repository/Page_- KAIZEN/lg_input_Agregar_NRO_RESERVA"), Reserva2): Text '6XYZ' is set on object 'Object Repository/Page_- KAIZEN/lg_input_Agregar_NRO_RESERVA'

2020-03-13 11:54:52 - [MESSAGE][PASSED] - Text '6XYZ' is set on object 'Object Repository/Page_- KAIZEN/lg_input_Agregar_NRO_RESERVA'

2020-03-13 11:54:52 - [TEST_STEP][PASSED] - click(findTestObject("Object Repository/Page_- KAIZEN/lg_btn_Seleccione_naviera_cargos")): Object: 'Object Repository/Page_- KAIZEN/lg_btn_Seleccione_naviera_cargos' is clicked on

2020-03-13 11:54:53 - [MESSAGE][PASSED] - Object: 'Object Repository/Page_- KAIZEN/lg_btn_Seleccione_naviera_cargos' is clicked on

2020-03-13 11:54:53 - [TEST_STEP][PASSED] - click(findTestObject("Object Repository/Page_- KAIZEN/lg_btn_click_naviera_cargos")): Object: 'Object Repository/Page_- KAIZEN/lg_btn_click_naviera_cargos' is clicked on

2020-03-13 11:54:53 - [MESSAGE][PASSED] - Object: 'Object Repository/Page_- KAIZEN/lg_btn_click_naviera_cargos' is clicked on

2020-03-13 11:54:53 - [TEST_STEP][PASSED] - selectOptionByValue(findTestObject("Object Repository/Page_- KAIZEN/lg_btn_assing_naviera_cargos"), Naviera, true): All options with value '1' are selected in object 'Object Repository/Page_- KAIZEN/lg_btn_assing_naviera_cargos'  using regular expression

2020-03-13 11:54:54 - [MESSAGE][PASSED] - All options with value '1' are selected in object 'Object Repository/Page_- KAIZEN/lg_btn_assing_naviera_cargos'  using regular expression

2020-03-13 11:54:54 - [TEST_STEP][PASSED] - click(findTestObject("Object Repository/Page_- KAIZEN/lg_Agregar_cargo_logistico")): Object: 'Object Repository/Page_- KAIZEN/lg_Agregar_cargo_logistico' is clicked on

2020-03-13 11:54:54 - [MESSAGE][PASSED] - Object: 'Object Repository/Page_- KAIZEN/lg_Agregar_cargo_logistico' is clicked on

2020-03-13 11:54:54 - [TEST_STEP][PASSED] - executeJavaScript(document.getElementById('input$IDCargo2').value=' + Valor2 + "'", null): Execute JavaScript 'document.getElementById('input30').value='333.000'' successfully

2020-03-13 11:54:54 - [MESSAGE][PASSED] - Execute JavaScript 'document.getElementById('input30').value='333.000'' successfully

2020-03-13 11:54:54 - [TEST_STEP][PASSED] - click(findTestObject("Object Repository/Page_- KAIZEN/lg_button_OK")): Object: 'Object Repository/Page_- KAIZEN/lg_button_OK' is clicked on

2020-03-13 11:54:55 - [MESSAGE][PASSED] - Object: 'Object Repository/Page_- KAIZEN/lg_button_OK' is clicked on

2020-03-13 11:54:55 - [TEST_STEP][PASSED] - click(findTestObject("Object Repository/Page_- KAIZEN/lg_Confirmar-cargo_logistico")): Object: 'Object Repository/Page_- KAIZEN/lg_Confirmar-cargo_logistico' is clicked on

2020-03-13 11:54:56 - [MESSAGE][PASSED] - Object: 'Object Repository/Page_- KAIZEN/lg_Confirmar-cargo_logistico' is clicked on

2020-03-13 11:54:56 - [TEST_STEP][PASSED] - click(findTestObject("Object Repository/Page_- KAIZEN/lg_Aceptar_cargo_logistico")): Object: 'Object Repository/Page_- KAIZEN/lg_Aceptar_cargo_logistico' is clicked on

2020-03-13 11:54:59 - [MESSAGE][PASSED] - Object: 'Object Repository/Page_- KAIZEN/lg_Aceptar_cargo_logistico' is clicked on

2020-03-13 11:54:59 - [MESSAGE][PASSED] - Call Test Case 'Test Cases/Individual_Tests/Agregar_Logistica' successfully

2020-03-13 11:54:59 - [TEST_STEP][PASSED] - callTestCase(findTestCase("Individual_Tests/Login"), ["Evento":"Logistica", "Index":Index], STOP_ON_FAILURE): Call Test Case 'Test Cases/Individual_Tests/Login' successfully

2020-03-13 11:54:59 - [TEST_CASE][PASSED] - Test Cases/Individual_Tests/Login: Test Cases/Individual_Tests/Login

2020-03-13 11:55:00 - [TEST_STEP][PASSED] - print("Evento Seleccionado: " + Evento + "
"): null

2020-03-13 11:55:00 - [TEST_STEP][PASSED] - openBrowser(Web): Browser is opened with url: 'http://kaizendev.net:8086/Login/Accesar'

2020-03-13 11:55:00 - [MESSAGE][WARNING] - A browser is already opened. Closing browser and opening a new one

2020-03-13 11:55:00 - [MESSAGE][INFO] - Starting 'Chrome' driver

2020-03-13 11:55:16 - [MESSAGE][PASSED] - Browser is opened with url: 'http://kaizendev.net:8086/Login/Accesar'

2020-03-13 11:55:16 - [TEST_STEP][PASSED] - maximizeWindow(): Current window maximized

2020-03-13 11:55:17 - [MESSAGE][PASSED] - Current window maximized

2020-03-13 11:55:17 - [TEST_STEP][PASSED] - if (Evento == "Crear20"): null

2020-03-13 11:55:17 - [TEST_STEP][PASSED] - else if (Evento == "Crear40"): null

2020-03-13 11:55:17 - [TEST_STEP][PASSED] - else if (Evento == "Aprobar"): null

2020-03-13 11:55:17 - [TEST_STEP][PASSED] - else if (Evento == "Logistica"): Object: 'Object Repository/Page_Iniciar Sesion - KAIZEN/is_btn_ingresar_sistema' is clicked on

2020-03-13 11:55:17 - [TEST_STEP][PASSED] - data3 = obtener_excels.obtener_logistica.getValuesExcelLogistic(Index): obtener_excels.obtener_logistica.getValuesExcelLogistic is PASSED

2020-03-13 11:55:17 - [MESSAGE][PASSED] - obtener_excels.obtener_logistica.getValuesExcelLogistic is PASSED

2020-03-13 11:55:17 - [TEST_STEP][PASSED] - Usuario = data3[1]: null

2020-03-13 11:55:17 - [TEST_STEP][PASSED] - Contrasena = data3[2]: null

2020-03-13 11:55:17 - [TEST_STEP][PASSED] - setText(findTestObject("Page_Iniciar Sesion - KAIZEN/is_input_email"), Usuario): Text 'automated.test@grupokaizen.net' is set on object 'Object Repository/Page_Iniciar Sesion - KAIZEN/is_input_email'

2020-03-13 11:55:18 - [MESSAGE][PASSED] - Text 'automated.test@grupokaizen.net' is set on object 'Object Repository/Page_Iniciar Sesion - KAIZEN/is_input_email'

2020-03-13 11:55:18 - [TEST_STEP][PASSED] - setEncryptedText(findTestObject("Page_Iniciar Sesion - KAIZEN/IS_input_contrasena"), Contrasena): Text ****** has been set on object 'Object Repository/Page_Iniciar Sesion - KAIZEN/IS_input_contrasena'

2020-03-13 11:55:18 - [MESSAGE][PASSED] - Text ****** has been set on object 'Object Repository/Page_Iniciar Sesion - KAIZEN/IS_input_contrasena'

2020-03-13 11:55:18 - [TEST_STEP][PASSED] - click(findTestObject("Page_Iniciar Sesion - KAIZEN/is_btn_ingresar_sistema")): Object: 'Object Repository/Page_Iniciar Sesion - KAIZEN/is_btn_ingresar_sistema' is clicked on

2020-03-13 11:55:21 - [MESSAGE][PASSED] - Object: 'Object Repository/Page_Iniciar Sesion - KAIZEN/is_btn_ingresar_sistema' is clicked on

2020-03-13 11:55:21 - [MESSAGE][PASSED] - Call Test Case 'Test Cases/Individual_Tests/Login' successfully

2020-03-13 11:55:21 - [TEST_STEP][PASSED] - callTestCase(findTestCase("Individual_Tests/Seleccionar_Idioma"), ["Evento":"Logistica", "Index":Index], STOP_ON_FAILURE): Call Test Case 'Test Cases/Individual_Tests/Seleccionar_Idioma' successfully

2020-03-13 11:55:21 - [TEST_CASE][PASSED] - Test Cases/Individual_Tests/Seleccionar_Idioma: Test Cases/Individual_Tests/Seleccionar_Idioma

2020-03-13 11:55:21 - [TEST_STEP][PASSED] - Idioma = 0: null

2020-03-13 11:55:21 - [TEST_STEP][PASSED] - if (Evento == "Crear20"): null

2020-03-13 11:55:21 - [TEST_STEP][PASSED] - else if (Evento == "Crear40"): null

2020-03-13 11:55:21 - [TEST_STEP][PASSED] - else if (Evento == "Aprobar"): null

2020-03-13 11:55:21 - [TEST_STEP][PASSED] - else if (Evento == "Logistica"): null

2020-03-13 11:55:21 - [TEST_STEP][PASSED] - data3 = obtener_excels.obtener_logistica.getValuesExcelLogistic(Index): obtener_excels.obtener_logistica.getValuesExcelLogistic is PASSED

2020-03-13 11:55:21 - [MESSAGE][PASSED] - obtener_excels.obtener_logistica.getValuesExcelLogistic is PASSED

2020-03-13 11:55:21 - [TEST_STEP][PASSED] - Idioma = data3[0]: null

2020-03-13 11:55:21 - [TEST_STEP][PASSED] - click(findTestObject("Page_- KAIZEN/si_btn_idioma")): Object: 'Object Repository/Page_- KAIZEN/si_btn_idioma' is clicked on

2020-03-13 11:55:22 - [MESSAGE][PASSED] - Object: 'Object Repository/Page_- KAIZEN/si_btn_idioma' is clicked on

2020-03-13 11:55:22 - [TEST_STEP][PASSED] - if (Idioma == "0"): Object: 'Object Repository/Page_- KAIZEN/si_Ingles' is clicked on

2020-03-13 11:55:22 - [TEST_STEP][PASSED] - click(findTestObject("Page_- KAIZEN/si_Ingles")): Object: 'Object Repository/Page_- KAIZEN/si_Ingles' is clicked on

2020-03-13 11:55:24 - [MESSAGE][PASSED] - Object: 'Object Repository/Page_- KAIZEN/si_Ingles' is clicked on

2020-03-13 11:55:24 - [MESSAGE][PASSED] - Call Test Case 'Test Cases/Individual_Tests/Seleccionar_Idioma' successfully

2020-03-13 11:55:24 - [TEST_STEP][PASSED] - callTestCase(findTestCase("Individual_Tests/Agregar_Logistica"), ["Index":Index], STOP_ON_FAILURE): Call Test Case 'Test Cases/Individual_Tests/Agregar_Logistica' successfully

2020-03-13 11:55:24 - [TEST_CASE][PASSED] - Test Cases/Individual_Tests/Agregar_Logistica: Test Cases/Individual_Tests/Agregar_Logistica

2020-03-13 11:55:24 - [TEST_STEP][PASSED] - data = obtener_excels.obtener_logistica.getValuesExcelLogistic(Index): obtener_excels.obtener_logistica.getValuesExcelLogistic is PASSED

2020-03-13 11:55:24 - [MESSAGE][PASSED] - obtener_excels.obtener_logistica.getValuesExcelLogistic is PASSED

2020-03-13 11:55:24 - [TEST_STEP][PASSED] - IdPedido = data[3]: null

2020-03-13 11:55:24 - [TEST_STEP][PASSED] - Id_Cliente = data[4]: null

2020-03-13 11:55:24 - [TEST_STEP][PASSED] - IDCargo = data[5]: null

2020-03-13 11:55:24 - [TEST_STEP][PASSED] - IDCargo2 = data[6]: null

2020-03-13 11:55:24 - [TEST_STEP][PASSED] - IDPedido = IdPedido: null

2020-03-13 11:55:24 - [TEST_STEP][PASSED] - IDCliente = Id_Cliente: null

2020-03-13 11:55:24 - [TEST_STEP][PASSED] - IDCargo = IDCargo: null

2020-03-13 11:55:24 - [TEST_STEP][PASSED] - IDCargo2 = IDCargo2: null

2020-03-13 11:55:24 - [TEST_STEP][PASSED] - click(findTestObject("Object Repository/Page_- KAIZEN/lg_menu_operaciones")): Object: 'Object Repository/Page_- KAIZEN/lg_menu_operaciones' is clicked on

2020-03-13 11:55:25 - [MESSAGE][PASSED] - Object: 'Object Repository/Page_- KAIZEN/lg_menu_operaciones' is clicked on

2020-03-13 11:55:25 - [TEST_STEP][PASSED] - click(findTestObject("Object Repository/Page_- KAIZEN/lg_click_operaciones")): Object: 'Object Repository/Page_- KAIZEN/lg_click_operaciones' is clicked on

2020-03-13 11:55:28 - [MESSAGE][PASSED] - Object: 'Object Repository/Page_- KAIZEN/lg_click_operaciones' is clicked on

2020-03-13 11:55:28 - [TEST_STEP][PASSED] - click(findTestObject("Object Repository/Page_Logstica - KAIZEN/lg_click_operaciones_logistica")): Object: 'Object Repository/Page_Logstica - KAIZEN/lg_click_operaciones_logistica' is clicked on

2020-03-13 11:55:30 - [MESSAGE][PASSED] - Object: 'Object Repository/Page_Logstica - KAIZEN/lg_click_operaciones_logistica' is clicked on

2020-03-13 11:55:30 - [TEST_STEP][PASSED] - click(findTestObject("Object Repository/Page_Logstica - KAIZEN/lg_btn_seleccione_cliente")): Object: 'Object Repository/Page_Logstica - KAIZEN/lg_btn_seleccione_cliente' is clicked on

2020-03-13 11:55:31 - [MESSAGE][PASSED] - Object: 'Object Repository/Page_Logstica - KAIZEN/lg_btn_seleccione_cliente' is clicked on

2020-03-13 11:55:31 - [TEST_STEP][PASSED] - click(findTestObject("Object Repository/Page_Logstica - KAIZEN/lg_click_seleccione_cliente")): Object: 'Object Repository/Page_Logstica - KAIZEN/lg_click_seleccione_cliente' is clicked on

2020-03-13 11:55:31 - [MESSAGE][PASSED] - Object: 'Object Repository/Page_Logstica - KAIZEN/lg_click_seleccione_cliente' is clicked on

2020-03-13 11:55:31 - [TEST_STEP][PASSED] - selectOptionByValue(findTestObject("Object Repository/Page_Logstica - KAIZEN/lg_assing_seleccione_cliente"), IDCliente, true): All options with value '17' are selected in object 'Object Repository/Page_Logstica - KAIZEN/lg_assing_seleccione_cliente'  using regular expression

2020-03-13 11:55:33 - [MESSAGE][PASSED] - All options with value '17' are selected in object 'Object Repository/Page_Logstica - KAIZEN/lg_assing_seleccione_cliente'  using regular expression

2020-03-13 11:55:33 - [TEST_STEP][PASSED] - click(findTestObject("Object Repository/Page_Logstica - KAIZEN/lg_Buscar_pedido")): Object: 'Object Repository/Page_Logstica - KAIZEN/lg_Buscar_pedido' is clicked on

2020-03-13 11:55:35 - [MESSAGE][PASSED] - Object: 'Object Repository/Page_Logstica - KAIZEN/lg_Buscar_pedido' is clicked on

2020-03-13 11:55:35 - [TEST_STEP][PASSED] - executeJavaScript("document.querySelector('.btn-success[href="/PedidoLubricante/Verificacion/" + IDPedido + ""]').click()", null): Execute JavaScript 'document.querySelector('.btn-success[href="/PedidoLubricante/Verificacion/276"]').click()' successfully

2020-03-13 11:55:37 - [MESSAGE][PASSED] - Execute JavaScript 'document.querySelector('.btn-success[href="/PedidoLubricante/Verificacion/276"]').click()' successfully

2020-03-13 11:55:37 - [TEST_STEP][PASSED] - if (IDCargo == IDCargo2): null

2020-03-13 11:55:37 - [TEST_STEP][PASSED] - else: Object: 'Object Repository/Page_- KAIZEN/lg_Aceptar_cargo_logistico' is clicked on

2020-03-13 11:55:37 - [TEST_STEP][PASSED] - click(findTestObject("Object Repository/Page_- KAIZEN/lg_btn_seleccione_cargos_logsticos")): Object: 'Object Repository/Page_- KAIZEN/lg_btn_seleccione_cargos_logsticos' is clicked on

2020-03-13 11:55:38 - [MESSAGE][PASSED] - Object: 'Object Repository/Page_- KAIZEN/lg_btn_seleccione_cargos_logsticos' is clicked on

2020-03-13 11:55:38 - [TEST_STEP][PASSED] - click(findTestObject("Object Repository/Page_- KAIZEN/lg_btn_click_cargos_logsticos")): Object: 'Object Repository/Page_- KAIZEN/lg_btn_click_cargos_logsticos' is clicked on

2020-03-13 11:55:39 - [MESSAGE][PASSED] - Object: 'Object Repository/Page_- KAIZEN/lg_btn_click_cargos_logsticos' is clicked on

2020-03-13 11:55:39 - [TEST_STEP][PASSED] - selectOptionByValue(findTestObject("Object Repository/Page_- KAIZEN/lg_btn_assing_cargos_logsticos"), IDCargo, true): All options with value '25' are selected in object 'Object Repository/Page_- KAIZEN/lg_btn_assing_cargos_logsticos'  using regular expression

2020-03-13 11:55:40 - [MESSAGE][PASSED] - All options with value '25' are selected in object 'Object Repository/Page_- KAIZEN/lg_btn_assing_cargos_logsticos'  using regular expression

2020-03-13 11:55:40 - [TEST_STEP][PASSED] - setText(findTestObject("Object Repository/Page_- KAIZEN/lg_input_Agregar_SELLO"), Sello): Text '1XYZ' is set on object 'Object Repository/Page_- KAIZEN/lg_input_Agregar_SELLO'

2020-03-13 11:55:41 - [MESSAGE][PASSED] - Text '1XYZ' is set on object 'Object Repository/Page_- KAIZEN/lg_input_Agregar_SELLO'

2020-03-13 11:55:41 - [TEST_STEP][PASSED] - setText(findTestObject("Object Repository/Page_- KAIZEN/lg_input_Agregar_NRO_CONTENEDOR"), Contenedor): Text '2XYZ' is set on object 'Object Repository/Page_- KAIZEN/lg_input_Agregar_NRO_CONTENEDOR'

2020-03-13 11:55:41 - [MESSAGE][PASSED] - Text '2XYZ' is set on object 'Object Repository/Page_- KAIZEN/lg_input_Agregar_NRO_CONTENEDOR'

2020-03-13 11:55:41 - [TEST_STEP][PASSED] - setText(findTestObject("Object Repository/Page_- KAIZEN/lg_input_Agregar_NRO_RESERVA"), Reserva): Text '3XYZ' is set on object 'Object Repository/Page_- KAIZEN/lg_input_Agregar_NRO_RESERVA'

2020-03-13 11:55:42 - [MESSAGE][PASSED] - Text '3XYZ' is set on object 'Object Repository/Page_- KAIZEN/lg_input_Agregar_NRO_RESERVA'

2020-03-13 11:55:42 - [TEST_STEP][PASSED] - click(findTestObject("Object Repository/Page_- KAIZEN/lg_btn_Seleccione_naviera_cargos")): Object: 'Object Repository/Page_- KAIZEN/lg_btn_Seleccione_naviera_cargos' is clicked on

2020-03-13 11:55:42 - [MESSAGE][PASSED] - Object: 'Object Repository/Page_- KAIZEN/lg_btn_Seleccione_naviera_cargos' is clicked on

2020-03-13 11:55:42 - [TEST_STEP][PASSED] - click(findTestObject("Object Repository/Page_- KAIZEN/lg_btn_click_naviera_cargos")): Object: 'Object Repository/Page_- KAIZEN/lg_btn_click_naviera_cargos' is clicked on

2020-03-13 11:55:43 - [MESSAGE][PASSED] - Object: 'Object Repository/Page_- KAIZEN/lg_btn_click_naviera_cargos' is clicked on

2020-03-13 11:55:43 - [TEST_STEP][PASSED] - selectOptionByValue(findTestObject("Object Repository/Page_- KAIZEN/lg_btn_assing_naviera_cargos"), Naviera, true): All options with value '1' are selected in object 'Object Repository/Page_- KAIZEN/lg_btn_assing_naviera_cargos'  using regular expression

2020-03-13 11:55:44 - [MESSAGE][PASSED] - All options with value '1' are selected in object 'Object Repository/Page_- KAIZEN/lg_btn_assing_naviera_cargos'  using regular expression

2020-03-13 11:55:44 - [TEST_STEP][PASSED] - click(findTestObject("Object Repository/Page_- KAIZEN/lg_Agregar_cargo_logistico")): Object: 'Object Repository/Page_- KAIZEN/lg_Agregar_cargo_logistico' is clicked on

2020-03-13 11:55:44 - [MESSAGE][PASSED] - Object: 'Object Repository/Page_- KAIZEN/lg_Agregar_cargo_logistico' is clicked on

2020-03-13 11:55:44 - [TEST_STEP][PASSED] - executeJavaScript(document.getElementById('input$IDCargo').value=' + Valor + "'", null): Execute JavaScript 'document.getElementById('input25').value='222.000'' successfully

2020-03-13 11:55:44 - [MESSAGE][PASSED] - Execute JavaScript 'document.getElementById('input25').value='222.000'' successfully

2020-03-13 11:55:44 - [TEST_STEP][PASSED] - click(findTestObject("Object Repository/Page_- KAIZEN/lg_button_OK")): Object: 'Object Repository/Page_- KAIZEN/lg_button_OK' is clicked on

2020-03-13 11:55:45 - [MESSAGE][PASSED] - Object: 'Object Repository/Page_- KAIZEN/lg_button_OK' is clicked on

2020-03-13 11:55:45 - [TEST_STEP][PASSED] - click(findTestObject("Object Repository/Page_- KAIZEN/lg_btn_seleccione_cargos_logsticos")): Object: 'Object Repository/Page_- KAIZEN/lg_btn_seleccione_cargos_logsticos' is clicked on

2020-03-13 11:55:46 - [MESSAGE][PASSED] - Object: 'Object Repository/Page_- KAIZEN/lg_btn_seleccione_cargos_logsticos' is clicked on

2020-03-13 11:55:46 - [TEST_STEP][PASSED] - click(findTestObject("Object Repository/Page_- KAIZEN/lg_btn_click_cargos_logsticos")): Object: 'Object Repository/Page_- KAIZEN/lg_btn_click_cargos_logsticos' is clicked on

2020-03-13 11:55:46 - [MESSAGE][PASSED] - Object: 'Object Repository/Page_- KAIZEN/lg_btn_click_cargos_logsticos' is clicked on

2020-03-13 11:55:46 - [TEST_STEP][PASSED] - selectOptionByValue(findTestObject("Object Repository/Page_- KAIZEN/lg_btn_assing_cargos_logsticos"), IDCargo2, true): All options with value '20' are selected in object 'Object Repository/Page_- KAIZEN/lg_btn_assing_cargos_logsticos'  using regular expression

2020-03-13 11:55:47 - [MESSAGE][PASSED] - All options with value '20' are selected in object 'Object Repository/Page_- KAIZEN/lg_btn_assing_cargos_logsticos'  using regular expression

2020-03-13 11:55:47 - [TEST_STEP][PASSED] - setText(findTestObject("Object Repository/Page_- KAIZEN/lg_input_Agregar_SELLO"), Sello2): Text '4XYZ' is set on object 'Object Repository/Page_- KAIZEN/lg_input_Agregar_SELLO'

2020-03-13 11:55:47 - [MESSAGE][PASSED] - Text '4XYZ' is set on object 'Object Repository/Page_- KAIZEN/lg_input_Agregar_SELLO'

2020-03-13 11:55:47 - [TEST_STEP][PASSED] - setText(findTestObject("Object Repository/Page_- KAIZEN/lg_input_Agregar_NRO_CONTENEDOR"), Contenedor2): Text '5XYZ' is set on object 'Object Repository/Page_- KAIZEN/lg_input_Agregar_NRO_CONTENEDOR'

2020-03-13 11:55:48 - [MESSAGE][PASSED] - Text '5XYZ' is set on object 'Object Repository/Page_- KAIZEN/lg_input_Agregar_NRO_CONTENEDOR'

2020-03-13 11:55:48 - [TEST_STEP][PASSED] - setText(findTestObject("Object Repository/Page_- KAIZEN/lg_input_Agregar_NRO_RESERVA"), Reserva2): Text '6XYZ' is set on object 'Object Repository/Page_- KAIZEN/lg_input_Agregar_NRO_RESERVA'

2020-03-13 11:55:48 - [MESSAGE][PASSED] - Text '6XYZ' is set on object 'Object Repository/Page_- KAIZEN/lg_input_Agregar_NRO_RESERVA'

2020-03-13 11:55:48 - [TEST_STEP][PASSED] - click(findTestObject("Object Repository/Page_- KAIZEN/lg_btn_Seleccione_naviera_cargos")): Object: 'Object Repository/Page_- KAIZEN/lg_btn_Seleccione_naviera_cargos' is clicked on

2020-03-13 11:55:48 - [MESSAGE][PASSED] - Object: 'Object Repository/Page_- KAIZEN/lg_btn_Seleccione_naviera_cargos' is clicked on

2020-03-13 11:55:48 - [TEST_STEP][PASSED] - click(findTestObject("Object Repository/Page_- KAIZEN/lg_btn_click_naviera_cargos")): Object: 'Object Repository/Page_- KAIZEN/lg_btn_click_naviera_cargos' is clicked on

2020-03-13 11:55:49 - [MESSAGE][PASSED] - Object: 'Object Repository/Page_- KAIZEN/lg_btn_click_naviera_cargos' is clicked on

2020-03-13 11:55:49 - [TEST_STEP][PASSED] - selectOptionByValue(findTestObject("Object Repository/Page_- KAIZEN/lg_btn_assing_naviera_cargos"), Naviera, true): All options with value '1' are selected in object 'Object Repository/Page_- KAIZEN/lg_btn_assing_naviera_cargos'  using regular expression

2020-03-13 11:55:50 - [MESSAGE][PASSED] - All options with value '1' are selected in object 'Object Repository/Page_- KAIZEN/lg_btn_assing_naviera_cargos'  using regular expression

2020-03-13 11:55:50 - [TEST_STEP][PASSED] - click(findTestObject("Object Repository/Page_- KAIZEN/lg_Agregar_cargo_logistico")): Object: 'Object Repository/Page_- KAIZEN/lg_Agregar_cargo_logistico' is clicked on

2020-03-13 11:55:50 - [MESSAGE][PASSED] - Object: 'Object Repository/Page_- KAIZEN/lg_Agregar_cargo_logistico' is clicked on

2020-03-13 11:55:50 - [TEST_STEP][PASSED] - executeJavaScript(document.getElementById('input$IDCargo2').value=' + Valor2 + "'", null): Execute JavaScript 'document.getElementById('input20').value='333.000'' successfully

2020-03-13 11:55:50 - [MESSAGE][PASSED] - Execute JavaScript 'document.getElementById('input20').value='333.000'' successfully

2020-03-13 11:55:50 - [TEST_STEP][PASSED] - click(findTestObject("Object Repository/Page_- KAIZEN/lg_button_OK")): Object: 'Object Repository/Page_- KAIZEN/lg_button_OK' is clicked on

2020-03-13 11:55:51 - [MESSAGE][PASSED] - Object: 'Object Repository/Page_- KAIZEN/lg_button_OK' is clicked on

2020-03-13 11:55:51 - [TEST_STEP][PASSED] - click(findTestObject("Object Repository/Page_- KAIZEN/lg_Confirmar-cargo_logistico")): Object: 'Object Repository/Page_- KAIZEN/lg_Confirmar-cargo_logistico' is clicked on

2020-03-13 11:55:52 - [MESSAGE][PASSED] - Object: 'Object Repository/Page_- KAIZEN/lg_Confirmar-cargo_logistico' is clicked on

2020-03-13 11:55:52 - [TEST_STEP][PASSED] - click(findTestObject("Object Repository/Page_- KAIZEN/lg_Aceptar_cargo_logistico")): Object: 'Object Repository/Page_- KAIZEN/lg_Aceptar_cargo_logistico' is clicked on

2020-03-13 11:55:54 - [MESSAGE][PASSED] - Object: 'Object Repository/Page_- KAIZEN/lg_Aceptar_cargo_logistico' is clicked on

2020-03-13 11:55:54 - [MESSAGE][PASSED] - Call Test Case 'Test Cases/Individual_Tests/Agregar_Logistica' successfully]]></system-out>
         <system-err><![CDATA[]]></system-err>
      </testcase>
      <testcase name="Test Cases/Generar_Excels_Secuencias/TC_Generar_Excel_Produccion" time="4.156" classname="Test Cases/Generar_Excels_Secuencias/TC_Generar_Excel_Produccion" status="PASSED">
         <system-out><![CDATA[2020-03-13 11:55:54 - [TEST_CASE][PASSED] - Test Cases/Generar_Excels_Secuencias/TC_Generar_Excel_Produccion: Test Cases/Generar_Excels_Secuencias/TC_Generar_Excel_Produccion

2020-03-13 11:55:54 - [TEST_STEP][PASSED] - python.ejecutarAleatoriosPython.runPython("Produccion"): python.ejecutarAleatoriosPython.runPython is PASSED

2020-03-13 11:55:58 - [MESSAGE][PASSED] - python.ejecutarAleatoriosPython.runPython is PASSED]]></system-out>
         <system-err><![CDATA[]]></system-err>
      </testcase>
      <testcase name="Test Cases/Secuencias de Ejecucion/TC_Agregar_Orden_Produccion" time="74.167" classname="Test Cases/Secuencias de Ejecucion/TC_Agregar_Orden_Produccion" status="PASSED">
         <system-out><![CDATA[2020-03-13 11:55:58 - [TEST_CASE][PASSED] - Test Cases/Secuencias de Ejecucion/TC_Agregar_Orden_Produccion: Test Cases/Secuencias de Ejecucion/TC_Agregar_Orden_Produccion

2020-03-13 11:55:58 - [TEST_STEP][PASSED] - archivo = $RunConfiguration.getProjectDir()/Pedidos/DataExcel/Orden_Produccion.xlsx: null

2020-03-13 11:55:58 - [TEST_STEP][PASSED] - excelData = getExcelDataWithDefaultSheet(archivo, "Sheet1", true): null

2020-03-13 11:55:58 - [TEST_STEP][PASSED] - for ([Index = 1, Index <= excelData.getRowNumbers(), (Index++)]): Call Test Case 'Test Cases/Individual_Tests/Orden_Produccion' successfully

2020-03-13 11:55:58 - [TEST_STEP][PASSED] - callTestCase(findTestCase("Individual_Tests/Login"), ["Evento":"Produccion", "Index":Index], STOP_ON_FAILURE): Call Test Case 'Test Cases/Individual_Tests/Login' successfully

2020-03-13 11:55:58 - [TEST_CASE][PASSED] - Test Cases/Individual_Tests/Login: Test Cases/Individual_Tests/Login

2020-03-13 11:55:58 - [TEST_STEP][PASSED] - print("Evento Seleccionado: " + Evento + "
"): null

2020-03-13 11:55:58 - [TEST_STEP][PASSED] - openBrowser(Web): Browser is opened with url: 'http://kaizendev.net:8086/Login/Accesar'

2020-03-13 11:55:58 - [MESSAGE][WARNING] - A browser is already opened. Closing browser and opening a new one

2020-03-13 11:55:59 - [MESSAGE][INFO] - Starting 'Chrome' driver

2020-03-13 11:56:12 - [MESSAGE][PASSED] - Browser is opened with url: 'http://kaizendev.net:8086/Login/Accesar'

2020-03-13 11:56:12 - [TEST_STEP][PASSED] - maximizeWindow(): Current window maximized

2020-03-13 11:56:13 - [MESSAGE][PASSED] - Current window maximized

2020-03-13 11:56:13 - [TEST_STEP][PASSED] - if (Evento == "Crear20"): null

2020-03-13 11:56:13 - [TEST_STEP][PASSED] - else if (Evento == "Crear40"): null

2020-03-13 11:56:13 - [TEST_STEP][PASSED] - else if (Evento == "Aprobar"): null

2020-03-13 11:56:13 - [TEST_STEP][PASSED] - else if (Evento == "Logistica"): null

2020-03-13 11:56:13 - [TEST_STEP][PASSED] - else if (Evento == "Produccion"): Object: 'Object Repository/Page_Iniciar Sesion - KAIZEN/is_btn_ingresar_sistema' is clicked on

2020-03-13 11:56:13 - [TEST_STEP][PASSED] - data4 = obtener_excels.obtener_produccion.getValuesExcelProduction(Index): obtener_excels.obtener_produccion.getValuesExcelProduction is PASSED

2020-03-13 11:56:13 - [MESSAGE][PASSED] - obtener_excels.obtener_produccion.getValuesExcelProduction is PASSED

2020-03-13 11:56:13 - [TEST_STEP][PASSED] - Usuario = data4[1]: null

2020-03-13 11:56:13 - [TEST_STEP][PASSED] - Contrasena = data4[2]: null

2020-03-13 11:56:13 - [TEST_STEP][PASSED] - setText(findTestObject("Page_Iniciar Sesion - KAIZEN/is_input_email"), Usuario): Text 'automated.test@grupokaizen.net' is set on object 'Object Repository/Page_Iniciar Sesion - KAIZEN/is_input_email'

2020-03-13 11:56:13 - [MESSAGE][PASSED] - Text 'automated.test@grupokaizen.net' is set on object 'Object Repository/Page_Iniciar Sesion - KAIZEN/is_input_email'

2020-03-13 11:56:13 - [TEST_STEP][PASSED] - setEncryptedText(findTestObject("Page_Iniciar Sesion - KAIZEN/IS_input_contrasena"), Contrasena): Text ****** has been set on object 'Object Repository/Page_Iniciar Sesion - KAIZEN/IS_input_contrasena'

2020-03-13 11:56:14 - [MESSAGE][PASSED] - Text ****** has been set on object 'Object Repository/Page_Iniciar Sesion - KAIZEN/IS_input_contrasena'

2020-03-13 11:56:14 - [TEST_STEP][PASSED] - click(findTestObject("Page_Iniciar Sesion - KAIZEN/is_btn_ingresar_sistema")): Object: 'Object Repository/Page_Iniciar Sesion - KAIZEN/is_btn_ingresar_sistema' is clicked on

2020-03-13 11:56:16 - [MESSAGE][PASSED] - Object: 'Object Repository/Page_Iniciar Sesion - KAIZEN/is_btn_ingresar_sistema' is clicked on

2020-03-13 11:56:16 - [MESSAGE][PASSED] - Call Test Case 'Test Cases/Individual_Tests/Login' successfully

2020-03-13 11:56:16 - [TEST_STEP][PASSED] - callTestCase(findTestCase("Individual_Tests/Seleccionar_Idioma"), ["Evento":"Produccion", "Index":Index], STOP_ON_FAILURE): Call Test Case 'Test Cases/Individual_Tests/Seleccionar_Idioma' successfully

2020-03-13 11:56:16 - [TEST_CASE][PASSED] - Test Cases/Individual_Tests/Seleccionar_Idioma: Test Cases/Individual_Tests/Seleccionar_Idioma

2020-03-13 11:56:16 - [TEST_STEP][PASSED] - Idioma = 0: null

2020-03-13 11:56:16 - [TEST_STEP][PASSED] - if (Evento == "Crear20"): null

2020-03-13 11:56:16 - [TEST_STEP][PASSED] - else if (Evento == "Crear40"): null

2020-03-13 11:56:16 - [TEST_STEP][PASSED] - else if (Evento == "Aprobar"): null

2020-03-13 11:56:16 - [TEST_STEP][PASSED] - else if (Evento == "Logistica"): null

2020-03-13 11:56:16 - [TEST_STEP][PASSED] - else if (Evento == "Produccion"): null

2020-03-13 11:56:16 - [TEST_STEP][PASSED] - data4 = obtener_excels.obtener_produccion.getValuesExcelProduction(Index): obtener_excels.obtener_produccion.getValuesExcelProduction is PASSED

2020-03-13 11:56:16 - [MESSAGE][PASSED] - obtener_excels.obtener_produccion.getValuesExcelProduction is PASSED

2020-03-13 11:56:16 - [TEST_STEP][PASSED] - Idioma = data4[0]: null

2020-03-13 11:56:16 - [TEST_STEP][PASSED] - click(findTestObject("Page_- KAIZEN/si_btn_idioma")): Object: 'Object Repository/Page_- KAIZEN/si_btn_idioma' is clicked on

2020-03-13 11:56:16 - [MESSAGE][PASSED] - Object: 'Object Repository/Page_- KAIZEN/si_btn_idioma' is clicked on

2020-03-13 11:56:16 - [TEST_STEP][PASSED] - if (Idioma == "0"): null

2020-03-13 11:56:16 - [TEST_STEP][PASSED] - else: Object: 'Object Repository/Page_- KAIZEN/si_Spanish' is clicked on

2020-03-13 11:56:16 - [TEST_STEP][PASSED] - click(findTestObject("Page_- KAIZEN/si_Spanish")): Object: 'Object Repository/Page_- KAIZEN/si_Spanish' is clicked on

2020-03-13 11:56:17 - [MESSAGE][PASSED] - Object: 'Object Repository/Page_- KAIZEN/si_Spanish' is clicked on

2020-03-13 11:56:17 - [MESSAGE][PASSED] - Call Test Case 'Test Cases/Individual_Tests/Seleccionar_Idioma' successfully

2020-03-13 11:56:17 - [TEST_STEP][PASSED] - callTestCase(findTestCase("Individual_Tests/Orden_Produccion"), ["Index":Index], STOP_ON_FAILURE): Call Test Case 'Test Cases/Individual_Tests/Orden_Produccion' successfully

2020-03-13 11:56:17 - [TEST_CASE][PASSED] - Test Cases/Individual_Tests/Orden_Produccion: Test Cases/Individual_Tests/Orden_Produccion

2020-03-13 11:56:18 - [TEST_STEP][PASSED] - data = obtener_excels.obtener_produccion.getValuesExcelProduction(Index): obtener_excels.obtener_produccion.getValuesExcelProduction is PASSED

2020-03-13 11:56:18 - [MESSAGE][PASSED] - obtener_excels.obtener_produccion.getValuesExcelProduction is PASSED

2020-03-13 11:56:18 - [TEST_STEP][PASSED] - IdPedido = data[3]: null

2020-03-13 11:56:18 - [TEST_STEP][PASSED] - IDPedido = IdPedido: null

2020-03-13 11:56:18 - [TEST_STEP][PASSED] - click(findTestObject("Object Repository/Page_- KAIZEN/op_menu_Operaciones")): Object: 'Object Repository/Page_- KAIZEN/op_menu_Operaciones' is clicked on

2020-03-13 11:56:18 - [MESSAGE][PASSED] - Object: 'Object Repository/Page_- KAIZEN/op_menu_Operaciones' is clicked on

2020-03-13 11:56:18 - [TEST_STEP][PASSED] - click(findTestObject("Object Repository/Page_- KAIZEN/op_click_Orden de Produccin")): Object: 'Object Repository/Page_- KAIZEN/op_click_Orden de Produccin' is clicked on

2020-03-13 11:56:20 - [MESSAGE][PASSED] - Object: 'Object Repository/Page_- KAIZEN/op_click_Orden de Produccin' is clicked on

2020-03-13 11:56:20 - [TEST_STEP][PASSED] - click(findTestObject("Object Repository/Page_Index - KAIZEN/op_buscador_Produccion")): Object: 'Object Repository/Page_Index - KAIZEN/op_buscador_Produccion' is clicked on

2020-03-13 11:56:21 - [MESSAGE][PASSED] - Object: 'Object Repository/Page_Index - KAIZEN/op_buscador_Produccion' is clicked on

2020-03-13 11:56:21 - [TEST_STEP][PASSED] - click(findTestObject("Object Repository/Page_Index - KAIZEN/opp_buscar_orden")): Object: 'Object Repository/Page_Index - KAIZEN/opp_buscar_orden' is clicked on

2020-03-13 11:56:21 - [MESSAGE][PASSED] - Object: 'Object Repository/Page_Index - KAIZEN/opp_buscar_orden' is clicked on

2020-03-13 11:56:21 - [TEST_STEP][PASSED] - setText(findTestObject("Object Repository/Page_Index - KAIZEN/opp_escribir_orden"), IDPedido): Text '275' is set on object 'Object Repository/Page_Index - KAIZEN/opp_escribir_orden'

2020-03-13 11:56:22 - [MESSAGE][PASSED] - Text '275' is set on object 'Object Repository/Page_Index - KAIZEN/opp_escribir_orden'

2020-03-13 11:56:22 - [TEST_STEP][PASSED] - sendKeys(findTestObject("Object Repository/Page_Index - KAIZEN/opp_escribir_orden"), Keys.chord(ENTER)): Keys 'ENTER + ' sent to object: 'Object Repository/Page_Index - KAIZEN/opp_escribir_orden'

2020-03-13 11:56:23 - [MESSAGE][PASSED] - Keys 'ENTER + ' sent to object: 'Object Repository/Page_Index - KAIZEN/opp_escribir_orden'

2020-03-13 11:56:23 - [TEST_STEP][PASSED] - click(findTestObject("Object Repository/Page_Index - KAIZEN/op_btn_Buscar")): Object: 'Object Repository/Page_Index - KAIZEN/op_btn_Buscar' is clicked on

2020-03-13 11:56:24 - [MESSAGE][PASSED] - Object: 'Object Repository/Page_Index - KAIZEN/op_btn_Buscar' is clicked on

2020-03-13 11:56:24 - [TEST_STEP][PASSED] - click(findTestObject("Object Repository/Page_Index - KAIZEN/op_click_selecione_pedido")): Object: 'Object Repository/Page_Index - KAIZEN/op_click_selecione_pedido' is clicked on

2020-03-13 11:56:25 - [MESSAGE][PASSED] - Object: 'Object Repository/Page_Index - KAIZEN/op_click_selecione_pedido' is clicked on

2020-03-13 11:56:25 - [TEST_STEP][PASSED] - click(findTestObject("Object Repository/Page_- KAIZEN/op_Iniciar Produccin")): Object: 'Object Repository/Page_- KAIZEN/op_Iniciar Produccin' is clicked on

2020-03-13 11:56:27 - [MESSAGE][PASSED] - Object: 'Object Repository/Page_- KAIZEN/op_Iniciar Produccin' is clicked on

2020-03-13 11:56:27 - [TEST_STEP][PASSED] - click(findTestObject("Object Repository/Page_Index - KAIZEN/op_buscador_Produccion")): Object: 'Object Repository/Page_Index - KAIZEN/op_buscador_Produccion' is clicked on

2020-03-13 11:56:28 - [MESSAGE][PASSED] - Object: 'Object Repository/Page_Index - KAIZEN/op_buscador_Produccion' is clicked on

2020-03-13 11:56:28 - [TEST_STEP][PASSED] - click(findTestObject("Object Repository/Page_Index - KAIZEN/opp_buscar_orden")): Object: 'Object Repository/Page_Index - KAIZEN/opp_buscar_orden' is clicked on

2020-03-13 11:56:29 - [MESSAGE][PASSED] - Object: 'Object Repository/Page_Index - KAIZEN/opp_buscar_orden' is clicked on

2020-03-13 11:56:29 - [TEST_STEP][PASSED] - setText(findTestObject("Object Repository/Page_Index - KAIZEN/opp_escribir_orden"), IDPedido): Text '275' is set on object 'Object Repository/Page_Index - KAIZEN/opp_escribir_orden'

2020-03-13 11:56:30 - [MESSAGE][PASSED] - Text '275' is set on object 'Object Repository/Page_Index - KAIZEN/opp_escribir_orden'

2020-03-13 11:56:30 - [TEST_STEP][PASSED] - sendKeys(findTestObject("Object Repository/Page_Index - KAIZEN/opp_escribir_orden"), Keys.chord(ENTER)): Keys 'ENTER + ' sent to object: 'Object Repository/Page_Index - KAIZEN/opp_escribir_orden'

2020-03-13 11:56:30 - [MESSAGE][PASSED] - Keys 'ENTER + ' sent to object: 'Object Repository/Page_Index - KAIZEN/opp_escribir_orden'

2020-03-13 11:56:30 - [TEST_STEP][PASSED] - click(findTestObject("Object Repository/Page_Index - KAIZEN/op_btn_Buscar")): Object: 'Object Repository/Page_Index - KAIZEN/op_btn_Buscar' is clicked on

2020-03-13 11:56:31 - [MESSAGE][PASSED] - Object: 'Object Repository/Page_Index - KAIZEN/op_btn_Buscar' is clicked on

2020-03-13 11:56:31 - [TEST_STEP][PASSED] - click(findTestObject("Object Repository/Page_Index - KAIZEN/op_click_FInalizar_produccion")): Object: 'Object Repository/Page_Index - KAIZEN/op_click_FInalizar_produccion' is clicked on

2020-03-13 11:56:32 - [MESSAGE][PASSED] - Object: 'Object Repository/Page_Index - KAIZEN/op_click_FInalizar_produccion' is clicked on

2020-03-13 11:56:32 - [TEST_STEP][PASSED] - click(findTestObject("Object Repository/Page_- KAIZEN/op_Finalizar Produccin")): Object: 'Object Repository/Page_- KAIZEN/op_Finalizar Produccin' is clicked on

2020-03-13 11:56:33 - [MESSAGE][PASSED] - Object: 'Object Repository/Page_- KAIZEN/op_Finalizar Produccin' is clicked on

2020-03-13 11:56:33 - [MESSAGE][PASSED] - Call Test Case 'Test Cases/Individual_Tests/Orden_Produccion' successfully

2020-03-13 11:56:33 - [TEST_STEP][PASSED] - callTestCase(findTestCase("Individual_Tests/Login"), ["Evento":"Produccion", "Index":Index], STOP_ON_FAILURE): Call Test Case 'Test Cases/Individual_Tests/Login' successfully

2020-03-13 11:56:34 - [TEST_CASE][PASSED] - Test Cases/Individual_Tests/Login: Test Cases/Individual_Tests/Login

2020-03-13 11:56:34 - [TEST_STEP][PASSED] - print("Evento Seleccionado: " + Evento + "
"): null

2020-03-13 11:56:34 - [TEST_STEP][PASSED] - openBrowser(Web): Browser is opened with url: 'http://kaizendev.net:8086/Login/Accesar'

2020-03-13 11:56:34 - [MESSAGE][WARNING] - A browser is already opened. Closing browser and opening a new one

2020-03-13 11:56:34 - [MESSAGE][INFO] - Starting 'Chrome' driver

2020-03-13 11:56:48 - [MESSAGE][PASSED] - Browser is opened with url: 'http://kaizendev.net:8086/Login/Accesar'

2020-03-13 11:56:48 - [TEST_STEP][PASSED] - maximizeWindow(): Current window maximized

2020-03-13 11:56:49 - [MESSAGE][PASSED] - Current window maximized

2020-03-13 11:56:49 - [TEST_STEP][PASSED] - if (Evento == "Crear20"): null

2020-03-13 11:56:49 - [TEST_STEP][PASSED] - else if (Evento == "Crear40"): null

2020-03-13 11:56:49 - [TEST_STEP][PASSED] - else if (Evento == "Aprobar"): null

2020-03-13 11:56:49 - [TEST_STEP][PASSED] - else if (Evento == "Logistica"): null

2020-03-13 11:56:49 - [TEST_STEP][PASSED] - else if (Evento == "Produccion"): Object: 'Object Repository/Page_Iniciar Sesion - KAIZEN/is_btn_ingresar_sistema' is clicked on

2020-03-13 11:56:49 - [TEST_STEP][PASSED] - data4 = obtener_excels.obtener_produccion.getValuesExcelProduction(Index): obtener_excels.obtener_produccion.getValuesExcelProduction is PASSED

2020-03-13 11:56:49 - [MESSAGE][PASSED] - obtener_excels.obtener_produccion.getValuesExcelProduction is PASSED

2020-03-13 11:56:49 - [TEST_STEP][PASSED] - Usuario = data4[1]: null

2020-03-13 11:56:49 - [TEST_STEP][PASSED] - Contrasena = data4[2]: null

2020-03-13 11:56:49 - [TEST_STEP][PASSED] - setText(findTestObject("Page_Iniciar Sesion - KAIZEN/is_input_email"), Usuario): Text 'automated.test@grupokaizen.net' is set on object 'Object Repository/Page_Iniciar Sesion - KAIZEN/is_input_email'

2020-03-13 11:56:50 - [MESSAGE][PASSED] - Text 'automated.test@grupokaizen.net' is set on object 'Object Repository/Page_Iniciar Sesion - KAIZEN/is_input_email'

2020-03-13 11:56:50 - [TEST_STEP][PASSED] - setEncryptedText(findTestObject("Page_Iniciar Sesion - KAIZEN/IS_input_contrasena"), Contrasena): Text ****** has been set on object 'Object Repository/Page_Iniciar Sesion - KAIZEN/IS_input_contrasena'

2020-03-13 11:56:50 - [MESSAGE][PASSED] - Text ****** has been set on object 'Object Repository/Page_Iniciar Sesion - KAIZEN/IS_input_contrasena'

2020-03-13 11:56:50 - [TEST_STEP][PASSED] - click(findTestObject("Page_Iniciar Sesion - KAIZEN/is_btn_ingresar_sistema")): Object: 'Object Repository/Page_Iniciar Sesion - KAIZEN/is_btn_ingresar_sistema' is clicked on

2020-03-13 11:56:52 - [MESSAGE][PASSED] - Object: 'Object Repository/Page_Iniciar Sesion - KAIZEN/is_btn_ingresar_sistema' is clicked on

2020-03-13 11:56:52 - [MESSAGE][PASSED] - Call Test Case 'Test Cases/Individual_Tests/Login' successfully

2020-03-13 11:56:52 - [TEST_STEP][PASSED] - callTestCase(findTestCase("Individual_Tests/Seleccionar_Idioma"), ["Evento":"Produccion", "Index":Index], STOP_ON_FAILURE): Call Test Case 'Test Cases/Individual_Tests/Seleccionar_Idioma' successfully

2020-03-13 11:56:52 - [TEST_CASE][PASSED] - Test Cases/Individual_Tests/Seleccionar_Idioma: Test Cases/Individual_Tests/Seleccionar_Idioma

2020-03-13 11:56:52 - [TEST_STEP][PASSED] - Idioma = 0: null

2020-03-13 11:56:52 - [TEST_STEP][PASSED] - if (Evento == "Crear20"): null

2020-03-13 11:56:52 - [TEST_STEP][PASSED] - else if (Evento == "Crear40"): null

2020-03-13 11:56:52 - [TEST_STEP][PASSED] - else if (Evento == "Aprobar"): null

2020-03-13 11:56:52 - [TEST_STEP][PASSED] - else if (Evento == "Logistica"): null

2020-03-13 11:56:52 - [TEST_STEP][PASSED] - else if (Evento == "Produccion"): null

2020-03-13 11:56:52 - [TEST_STEP][PASSED] - data4 = obtener_excels.obtener_produccion.getValuesExcelProduction(Index): obtener_excels.obtener_produccion.getValuesExcelProduction is PASSED

2020-03-13 11:56:52 - [MESSAGE][PASSED] - obtener_excels.obtener_produccion.getValuesExcelProduction is PASSED

2020-03-13 11:56:52 - [TEST_STEP][PASSED] - Idioma = data4[0]: null

2020-03-13 11:56:52 - [TEST_STEP][PASSED] - click(findTestObject("Page_- KAIZEN/si_btn_idioma")): Object: 'Object Repository/Page_- KAIZEN/si_btn_idioma' is clicked on

2020-03-13 11:56:53 - [MESSAGE][PASSED] - Object: 'Object Repository/Page_- KAIZEN/si_btn_idioma' is clicked on

2020-03-13 11:56:53 - [TEST_STEP][PASSED] - if (Idioma == "0"): Object: 'Object Repository/Page_- KAIZEN/si_Ingles' is clicked on

2020-03-13 11:56:53 - [TEST_STEP][PASSED] - click(findTestObject("Page_- KAIZEN/si_Ingles")): Object: 'Object Repository/Page_- KAIZEN/si_Ingles' is clicked on

2020-03-13 11:56:55 - [MESSAGE][PASSED] - Object: 'Object Repository/Page_- KAIZEN/si_Ingles' is clicked on

2020-03-13 11:56:55 - [MESSAGE][PASSED] - Call Test Case 'Test Cases/Individual_Tests/Seleccionar_Idioma' successfully

2020-03-13 11:56:55 - [TEST_STEP][PASSED] - callTestCase(findTestCase("Individual_Tests/Orden_Produccion"), ["Index":Index], STOP_ON_FAILURE): Call Test Case 'Test Cases/Individual_Tests/Orden_Produccion' successfully

2020-03-13 11:56:55 - [TEST_CASE][PASSED] - Test Cases/Individual_Tests/Orden_Produccion: Test Cases/Individual_Tests/Orden_Produccion

2020-03-13 11:56:55 - [TEST_STEP][PASSED] - data = obtener_excels.obtener_produccion.getValuesExcelProduction(Index): obtener_excels.obtener_produccion.getValuesExcelProduction is PASSED

2020-03-13 11:56:55 - [MESSAGE][PASSED] - obtener_excels.obtener_produccion.getValuesExcelProduction is PASSED

2020-03-13 11:56:55 - [TEST_STEP][PASSED] - IdPedido = data[3]: null

2020-03-13 11:56:55 - [TEST_STEP][PASSED] - IDPedido = IdPedido: null

2020-03-13 11:56:55 - [TEST_STEP][PASSED] - click(findTestObject("Object Repository/Page_- KAIZEN/op_menu_Operaciones")): Object: 'Object Repository/Page_- KAIZEN/op_menu_Operaciones' is clicked on

2020-03-13 11:56:56 - [MESSAGE][PASSED] - Object: 'Object Repository/Page_- KAIZEN/op_menu_Operaciones' is clicked on

2020-03-13 11:56:56 - [TEST_STEP][PASSED] - click(findTestObject("Object Repository/Page_- KAIZEN/op_click_Orden de Produccin")): Object: 'Object Repository/Page_- KAIZEN/op_click_Orden de Produccin' is clicked on

2020-03-13 11:56:57 - [MESSAGE][PASSED] - Object: 'Object Repository/Page_- KAIZEN/op_click_Orden de Produccin' is clicked on

2020-03-13 11:56:57 - [TEST_STEP][PASSED] - click(findTestObject("Object Repository/Page_Index - KAIZEN/op_buscador_Produccion")): Object: 'Object Repository/Page_Index - KAIZEN/op_buscador_Produccion' is clicked on

2020-03-13 11:56:58 - [MESSAGE][PASSED] - Object: 'Object Repository/Page_Index - KAIZEN/op_buscador_Produccion' is clicked on

2020-03-13 11:56:58 - [TEST_STEP][PASSED] - click(findTestObject("Object Repository/Page_Index - KAIZEN/opp_buscar_orden")): Object: 'Object Repository/Page_Index - KAIZEN/opp_buscar_orden' is clicked on

2020-03-13 11:56:59 - [MESSAGE][PASSED] - Object: 'Object Repository/Page_Index - KAIZEN/opp_buscar_orden' is clicked on

2020-03-13 11:56:59 - [TEST_STEP][PASSED] - setText(findTestObject("Object Repository/Page_Index - KAIZEN/opp_escribir_orden"), IDPedido): Text '276' is set on object 'Object Repository/Page_Index - KAIZEN/opp_escribir_orden'

2020-03-13 11:56:59 - [MESSAGE][PASSED] - Text '276' is set on object 'Object Repository/Page_Index - KAIZEN/opp_escribir_orden'

2020-03-13 11:56:59 - [TEST_STEP][PASSED] - sendKeys(findTestObject("Object Repository/Page_Index - KAIZEN/opp_escribir_orden"), Keys.chord(ENTER)): Keys 'ENTER + ' sent to object: 'Object Repository/Page_Index - KAIZEN/opp_escribir_orden'

2020-03-13 11:57:00 - [MESSAGE][PASSED] - Keys 'ENTER + ' sent to object: 'Object Repository/Page_Index - KAIZEN/opp_escribir_orden'

2020-03-13 11:57:00 - [TEST_STEP][PASSED] - click(findTestObject("Object Repository/Page_Index - KAIZEN/op_btn_Buscar")): Object: 'Object Repository/Page_Index - KAIZEN/op_btn_Buscar' is clicked on

2020-03-13 11:57:01 - [MESSAGE][PASSED] - Object: 'Object Repository/Page_Index - KAIZEN/op_btn_Buscar' is clicked on

2020-03-13 11:57:01 - [TEST_STEP][PASSED] - click(findTestObject("Object Repository/Page_Index - KAIZEN/op_click_selecione_pedido")): Object: 'Object Repository/Page_Index - KAIZEN/op_click_selecione_pedido' is clicked on

2020-03-13 11:57:03 - [MESSAGE][PASSED] - Object: 'Object Repository/Page_Index - KAIZEN/op_click_selecione_pedido' is clicked on

2020-03-13 11:57:03 - [TEST_STEP][PASSED] - click(findTestObject("Object Repository/Page_- KAIZEN/op_Iniciar Produccin")): Object: 'Object Repository/Page_- KAIZEN/op_Iniciar Produccin' is clicked on

2020-03-13 11:57:06 - [MESSAGE][PASSED] - Object: 'Object Repository/Page_- KAIZEN/op_Iniciar Produccin' is clicked on

2020-03-13 11:57:06 - [TEST_STEP][PASSED] - click(findTestObject("Object Repository/Page_Index - KAIZEN/op_buscador_Produccion")): Object: 'Object Repository/Page_Index - KAIZEN/op_buscador_Produccion' is clicked on

2020-03-13 11:57:06 - [MESSAGE][PASSED] - Object: 'Object Repository/Page_Index - KAIZEN/op_buscador_Produccion' is clicked on

2020-03-13 11:57:06 - [TEST_STEP][PASSED] - click(findTestObject("Object Repository/Page_Index - KAIZEN/opp_buscar_orden")): Object: 'Object Repository/Page_Index - KAIZEN/opp_buscar_orden' is clicked on

2020-03-13 11:57:07 - [MESSAGE][PASSED] - Object: 'Object Repository/Page_Index - KAIZEN/opp_buscar_orden' is clicked on

2020-03-13 11:57:07 - [TEST_STEP][PASSED] - setText(findTestObject("Object Repository/Page_Index - KAIZEN/opp_escribir_orden"), IDPedido): Text '276' is set on object 'Object Repository/Page_Index - KAIZEN/opp_escribir_orden'

2020-03-13 11:57:08 - [MESSAGE][PASSED] - Text '276' is set on object 'Object Repository/Page_Index - KAIZEN/opp_escribir_orden'

2020-03-13 11:57:08 - [TEST_STEP][PASSED] - sendKeys(findTestObject("Object Repository/Page_Index - KAIZEN/opp_escribir_orden"), Keys.chord(ENTER)): Keys 'ENTER + ' sent to object: 'Object Repository/Page_Index - KAIZEN/opp_escribir_orden'

2020-03-13 11:57:08 - [MESSAGE][PASSED] - Keys 'ENTER + ' sent to object: 'Object Repository/Page_Index - KAIZEN/opp_escribir_orden'

2020-03-13 11:57:08 - [TEST_STEP][PASSED] - click(findTestObject("Object Repository/Page_Index - KAIZEN/op_btn_Buscar")): Object: 'Object Repository/Page_Index - KAIZEN/op_btn_Buscar' is clicked on

2020-03-13 11:57:09 - [MESSAGE][PASSED] - Object: 'Object Repository/Page_Index - KAIZEN/op_btn_Buscar' is clicked on

2020-03-13 11:57:09 - [TEST_STEP][PASSED] - click(findTestObject("Object Repository/Page_Index - KAIZEN/op_click_FInalizar_produccion")): Object: 'Object Repository/Page_Index - KAIZEN/op_click_FInalizar_produccion' is clicked on

2020-03-13 11:57:10 - [MESSAGE][PASSED] - Object: 'Object Repository/Page_Index - KAIZEN/op_click_FInalizar_produccion' is clicked on

2020-03-13 11:57:10 - [TEST_STEP][PASSED] - click(findTestObject("Object Repository/Page_- KAIZEN/op_Finalizar Produccin")): Object: 'Object Repository/Page_- KAIZEN/op_Finalizar Produccin' is clicked on

2020-03-13 11:57:12 - [MESSAGE][PASSED] - Object: 'Object Repository/Page_- KAIZEN/op_Finalizar Produccin' is clicked on

2020-03-13 11:57:12 - [MESSAGE][PASSED] - Call Test Case 'Test Cases/Individual_Tests/Orden_Produccion' successfully]]></system-out>
         <system-err><![CDATA[]]></system-err>
      </testcase>
      <testcase name="Test Cases/Generar_Excels_Secuencias/TC_Generar_Excel_Inventario" time="4.99" classname="Test Cases/Generar_Excels_Secuencias/TC_Generar_Excel_Inventario" status="PASSED">
         <system-out><![CDATA[2020-03-13 11:57:12 - [TEST_CASE][PASSED] - Test Cases/Generar_Excels_Secuencias/TC_Generar_Excel_Inventario: Test Cases/Generar_Excels_Secuencias/TC_Generar_Excel_Inventario

2020-03-13 11:57:12 - [TEST_STEP][PASSED] - python.ejecutarAleatoriosPython.runPython("Inventario"): python.ejecutarAleatoriosPython.runPython is PASSED

2020-03-13 11:57:17 - [MESSAGE][PASSED] - python.ejecutarAleatoriosPython.runPython is PASSED]]></system-out>
         <system-err><![CDATA[]]></system-err>
      </testcase>
      <testcase name="Test Cases/Secuencias de Ejecucion/TC_Agregar_Inventario" time="114.787" classname="Test Cases/Secuencias de Ejecucion/TC_Agregar_Inventario" status="PASSED">
         <system-out><![CDATA[2020-03-13 11:57:17 - [TEST_CASE][PASSED] - Test Cases/Secuencias de Ejecucion/TC_Agregar_Inventario: Test Cases/Secuencias de Ejecucion/TC_Agregar_Inventario

2020-03-13 11:57:17 - [TEST_STEP][PASSED] - archivo = $RunConfiguration.getProjectDir()/Pedidos/DataExcel/Inventario.xlsx: null

2020-03-13 11:57:17 - [TEST_STEP][PASSED] - excelData = getExcelDataWithDefaultSheet(archivo, "Sheet1", true): null

2020-03-13 11:57:17 - [TEST_STEP][PASSED] - for ([Index = 1, Index <= excelData.getRowNumbers(), (Index++)]): Call Test Case 'Test Cases/Individual_Tests/Inventario' successfully

2020-03-13 11:57:17 - [TEST_STEP][PASSED] - callTestCase(findTestCase("Individual_Tests/Login"), ["Evento":"Inventario", "Index":Index], STOP_ON_FAILURE): Call Test Case 'Test Cases/Individual_Tests/Login' successfully

2020-03-13 11:57:18 - [TEST_CASE][PASSED] - Test Cases/Individual_Tests/Login: Test Cases/Individual_Tests/Login

2020-03-13 11:57:18 - [TEST_STEP][PASSED] - print("Evento Seleccionado: " + Evento + "
"): null

2020-03-13 11:57:18 - [TEST_STEP][PASSED] - openBrowser(Web): Browser is opened with url: 'http://kaizendev.net:8086/Login/Accesar'

2020-03-13 11:57:18 - [MESSAGE][WARNING] - A browser is already opened. Closing browser and opening a new one

2020-03-13 11:57:18 - [MESSAGE][INFO] - Starting 'Chrome' driver

2020-03-13 11:57:31 - [MESSAGE][PASSED] - Browser is opened with url: 'http://kaizendev.net:8086/Login/Accesar'

2020-03-13 11:57:31 - [TEST_STEP][PASSED] - maximizeWindow(): Current window maximized

2020-03-13 11:57:32 - [MESSAGE][PASSED] - Current window maximized

2020-03-13 11:57:32 - [TEST_STEP][PASSED] - if (Evento == "Crear20"): null

2020-03-13 11:57:32 - [TEST_STEP][PASSED] - else if (Evento == "Crear40"): null

2020-03-13 11:57:32 - [TEST_STEP][PASSED] - else if (Evento == "Aprobar"): null

2020-03-13 11:57:32 - [TEST_STEP][PASSED] - else if (Evento == "Logistica"): null

2020-03-13 11:57:32 - [TEST_STEP][PASSED] - else if (Evento == "Produccion"): null

2020-03-13 11:57:32 - [TEST_STEP][PASSED] - else if (Evento == "Inventario"): Object: 'Object Repository/Page_Iniciar Sesion - KAIZEN/is_btn_ingresar_sistema' is clicked on

2020-03-13 11:57:32 - [TEST_STEP][PASSED] - data5 = obtener_excels.obtener_inventario.getValuesExcelInventary(Index): obtener_excels.obtener_inventario.getValuesExcelInventary is PASSED

2020-03-13 11:57:32 - [MESSAGE][PASSED] - obtener_excels.obtener_inventario.getValuesExcelInventary is PASSED

2020-03-13 11:57:32 - [TEST_STEP][PASSED] - Usuario = data5[1]: null

2020-03-13 11:57:32 - [TEST_STEP][PASSED] - Contrasena = data5[2]: null

2020-03-13 11:57:32 - [TEST_STEP][PASSED] - setText(findTestObject("Page_Iniciar Sesion - KAIZEN/is_input_email"), Usuario): Text 'automated.test@grupokaizen.net' is set on object 'Object Repository/Page_Iniciar Sesion - KAIZEN/is_input_email'

2020-03-13 11:57:33 - [MESSAGE][PASSED] - Text 'automated.test@grupokaizen.net' is set on object 'Object Repository/Page_Iniciar Sesion - KAIZEN/is_input_email'

2020-03-13 11:57:33 - [TEST_STEP][PASSED] - setEncryptedText(findTestObject("Page_Iniciar Sesion - KAIZEN/IS_input_contrasena"), Contrasena): Text ****** has been set on object 'Object Repository/Page_Iniciar Sesion - KAIZEN/IS_input_contrasena'

2020-03-13 11:57:33 - [MESSAGE][PASSED] - Text ****** has been set on object 'Object Repository/Page_Iniciar Sesion - KAIZEN/IS_input_contrasena'

2020-03-13 11:57:33 - [TEST_STEP][PASSED] - click(findTestObject("Page_Iniciar Sesion - KAIZEN/is_btn_ingresar_sistema")): Object: 'Object Repository/Page_Iniciar Sesion - KAIZEN/is_btn_ingresar_sistema' is clicked on

2020-03-13 11:57:36 - [MESSAGE][PASSED] - Object: 'Object Repository/Page_Iniciar Sesion - KAIZEN/is_btn_ingresar_sistema' is clicked on

2020-03-13 11:57:36 - [MESSAGE][PASSED] - Call Test Case 'Test Cases/Individual_Tests/Login' successfully

2020-03-13 11:57:36 - [TEST_STEP][PASSED] - callTestCase(findTestCase("Individual_Tests/Seleccionar_Idioma"), ["Evento":"Inventario", "Index":Index], STOP_ON_FAILURE): Call Test Case 'Test Cases/Individual_Tests/Seleccionar_Idioma' successfully

2020-03-13 11:57:36 - [TEST_CASE][PASSED] - Test Cases/Individual_Tests/Seleccionar_Idioma: Test Cases/Individual_Tests/Seleccionar_Idioma

2020-03-13 11:57:36 - [TEST_STEP][PASSED] - Idioma = 0: null

2020-03-13 11:57:36 - [TEST_STEP][PASSED] - if (Evento == "Crear20"): null

2020-03-13 11:57:36 - [TEST_STEP][PASSED] - else if (Evento == "Crear40"): null

2020-03-13 11:57:36 - [TEST_STEP][PASSED] - else if (Evento == "Aprobar"): null

2020-03-13 11:57:36 - [TEST_STEP][PASSED] - else if (Evento == "Logistica"): null

2020-03-13 11:57:36 - [TEST_STEP][PASSED] - else if (Evento == "Produccion"): null

2020-03-13 11:57:36 - [TEST_STEP][PASSED] - else if (Evento == "Inventario"): null

2020-03-13 11:57:36 - [TEST_STEP][PASSED] - data5 = obtener_excels.obtener_inventario.getValuesExcelInventary(Index): obtener_excels.obtener_inventario.getValuesExcelInventary is PASSED

2020-03-13 11:57:36 - [MESSAGE][PASSED] - obtener_excels.obtener_inventario.getValuesExcelInventary is PASSED

2020-03-13 11:57:36 - [TEST_STEP][PASSED] - Idioma = data5[0]: null

2020-03-13 11:57:36 - [TEST_STEP][PASSED] - click(findTestObject("Page_- KAIZEN/si_btn_idioma")): Object: 'Object Repository/Page_- KAIZEN/si_btn_idioma' is clicked on

2020-03-13 11:57:36 - [MESSAGE][PASSED] - Object: 'Object Repository/Page_- KAIZEN/si_btn_idioma' is clicked on

2020-03-13 11:57:36 - [TEST_STEP][PASSED] - if (Idioma == "0"): null

2020-03-13 11:57:36 - [TEST_STEP][PASSED] - else: Object: 'Object Repository/Page_- KAIZEN/si_Spanish' is clicked on

2020-03-13 11:57:36 - [TEST_STEP][PASSED] - click(findTestObject("Page_- KAIZEN/si_Spanish")): Object: 'Object Repository/Page_- KAIZEN/si_Spanish' is clicked on

2020-03-13 11:57:38 - [MESSAGE][PASSED] - Object: 'Object Repository/Page_- KAIZEN/si_Spanish' is clicked on

2020-03-13 11:57:38 - [MESSAGE][PASSED] - Call Test Case 'Test Cases/Individual_Tests/Seleccionar_Idioma' successfully

2020-03-13 11:57:38 - [TEST_STEP][PASSED] - callTestCase(findTestCase("Individual_Tests/Inventario"), ["Index":Index], STOP_ON_FAILURE): Call Test Case 'Test Cases/Individual_Tests/Inventario' successfully

2020-03-13 11:57:38 - [TEST_CASE][PASSED] - Test Cases/Individual_Tests/Inventario: Test Cases/Individual_Tests/Inventario

2020-03-13 11:57:38 - [TEST_STEP][PASSED] - data = obtener_excels.obtener_inventario.getValuesExcelInventary(Index): obtener_excels.obtener_inventario.getValuesExcelInventary is PASSED

2020-03-13 11:57:38 - [MESSAGE][PASSED] - obtener_excels.obtener_inventario.getValuesExcelInventary is PASSED

2020-03-13 11:57:38 - [TEST_STEP][PASSED] - CodProducto = data[3]: null

2020-03-13 11:57:38 - [TEST_STEP][PASSED] - Cantidad = data[4]: null

2020-03-13 11:57:38 - [TEST_STEP][PASSED] - click(findTestObject("Object Repository/Page_Agregar Productos - KAIZEN/iv_btn_menu_Inventario")): Object: 'Object Repository/Page_Agregar Productos - KAIZEN/iv_btn_menu_Inventario' is clicked on

2020-03-13 11:57:39 - [MESSAGE][PASSED] - Object: 'Object Repository/Page_Agregar Productos - KAIZEN/iv_btn_menu_Inventario' is clicked on

2020-03-13 11:57:39 - [TEST_STEP][PASSED] - click(findTestObject("Object Repository/Page_Agregar Productos - KAIZEN/iv_btn_menu_Movimientos")): Object: 'Object Repository/Page_Agregar Productos - KAIZEN/iv_btn_menu_Movimientos' is clicked on

2020-03-13 11:57:41 - [MESSAGE][PASSED] - Object: 'Object Repository/Page_Agregar Productos - KAIZEN/iv_btn_menu_Movimientos' is clicked on

2020-03-13 11:57:41 - [TEST_STEP][PASSED] - click(findTestObject("Object Repository/Page_Index - KAIZEN/iv_btn_Agregar_inventario")): Object: 'Object Repository/Page_Index - KAIZEN/iv_btn_Agregar_inventario' is clicked on

2020-03-13 11:57:45 - [MESSAGE][PASSED] - Object: 'Object Repository/Page_Index - KAIZEN/iv_btn_Agregar_inventario' is clicked on

2020-03-13 11:57:45 - [TEST_STEP][PASSED] - selectOptionByValue(findTestObject("Object Repository/Page_Create - KAIZEN/iv_select_concepto"), Concepto, true): All options with value 'EntradaDeMercancias' are selected in object 'Object Repository/Page_Create - KAIZEN/iv_select_concepto'  using regular expression

2020-03-13 11:57:47 - [MESSAGE][PASSED] - All options with value 'EntradaDeMercancias' are selected in object 'Object Repository/Page_Create - KAIZEN/iv_select_concepto'  using regular expression

2020-03-13 11:57:47 - [TEST_STEP][PASSED] - selectOptionByValue(findTestObject("Object Repository/Page_Create - KAIZEN/iv_select_motivo"), Motivo, true): All options with value 'EntradaPorFabricacion' are selected in object 'Object Repository/Page_Create - KAIZEN/iv_select_motivo'  using regular expression

2020-03-13 11:57:48 - [MESSAGE][PASSED] - All options with value 'EntradaPorFabricacion' are selected in object 'Object Repository/Page_Create - KAIZEN/iv_select_motivo'  using regular expression

2020-03-13 11:57:48 - [TEST_STEP][PASSED] - click(findTestObject("Object Repository/Page_Create - KAIZEN/iv_btn_Buscar Producto")): Object: 'Object Repository/Page_Create - KAIZEN/iv_btn_Buscar Producto' is clicked on

2020-03-13 11:57:48 - [MESSAGE][PASSED] - Object: 'Object Repository/Page_Create - KAIZEN/iv_btn_Buscar Producto' is clicked on

2020-03-13 11:57:48 - [TEST_STEP][PASSED] - setText(findTestObject("Object Repository/Page_Create - KAIZEN/iv_input_Buscar Producto"), CodProducto): Text 'PV-002' is set on object 'Object Repository/Page_Create - KAIZEN/iv_input_Buscar Producto'

2020-03-13 11:57:49 - [MESSAGE][PASSED] - Text 'PV-002' is set on object 'Object Repository/Page_Create - KAIZEN/iv_input_Buscar Producto'

2020-03-13 11:57:49 - [TEST_STEP][PASSED] - sendKeys(findTestObject("Object Repository/Page_Create - KAIZEN/iv_input_Buscar Producto"), Keys.chord(ENTER)): Keys 'ENTER + ' sent to object: 'Object Repository/Page_Create - KAIZEN/iv_input_Buscar Producto'

2020-03-13 11:57:50 - [MESSAGE][PASSED] - Keys 'ENTER + ' sent to object: 'Object Repository/Page_Create - KAIZEN/iv_input_Buscar Producto'

2020-03-13 11:57:50 - [TEST_STEP][PASSED] - setText(findTestObject("Object Repository/Page_Create - KAIZEN/iv_input_Cantidad"), Cantidad): Text '24' is set on object 'Object Repository/Page_Create - KAIZEN/iv_input_Cantidad'

2020-03-13 11:57:50 - [MESSAGE][PASSED] - Text '24' is set on object 'Object Repository/Page_Create - KAIZEN/iv_input_Cantidad'

2020-03-13 11:57:50 - [TEST_STEP][PASSED] - click(findTestObject("Object Repository/Page_Create - KAIZEN/iv_btn_Guardar")): Object: 'Object Repository/Page_Create - KAIZEN/iv_btn_Guardar' is clicked on

2020-03-13 11:57:52 - [MESSAGE][PASSED] - Object: 'Object Repository/Page_Create - KAIZEN/iv_btn_Guardar' is clicked on

2020-03-13 11:57:52 - [TEST_STEP][PASSED] - verifyElementPresent(findTestObject("Object Repository/Page_Index - KAIZEN/iv_btn_Agregar_inventario"), 5): Object 'Object Repository/Page_Index - KAIZEN/iv_btn_Agregar_inventario' is present

2020-03-13 11:57:53 - [MESSAGE][PASSED] - Object 'Object Repository/Page_Index - KAIZEN/iv_btn_Agregar_inventario' is present

2020-03-13 11:57:53 - [MESSAGE][PASSED] - Call Test Case 'Test Cases/Individual_Tests/Inventario' successfully

2020-03-13 11:57:53 - [TEST_STEP][PASSED] - callTestCase(findTestCase("Individual_Tests/Login"), ["Evento":"Inventario", "Index":Index], STOP_ON_FAILURE): Call Test Case 'Test Cases/Individual_Tests/Login' successfully

2020-03-13 11:57:53 - [TEST_CASE][PASSED] - Test Cases/Individual_Tests/Login: Test Cases/Individual_Tests/Login

2020-03-13 11:57:53 - [TEST_STEP][PASSED] - print("Evento Seleccionado: " + Evento + "
"): null

2020-03-13 11:57:53 - [TEST_STEP][PASSED] - openBrowser(Web): Browser is opened with url: 'http://kaizendev.net:8086/Login/Accesar'

2020-03-13 11:57:53 - [MESSAGE][WARNING] - A browser is already opened. Closing browser and opening a new one

2020-03-13 11:57:54 - [MESSAGE][INFO] - Starting 'Chrome' driver

2020-03-13 11:58:07 - [MESSAGE][PASSED] - Browser is opened with url: 'http://kaizendev.net:8086/Login/Accesar'

2020-03-13 11:58:07 - [TEST_STEP][PASSED] - maximizeWindow(): Current window maximized

2020-03-13 11:58:08 - [MESSAGE][PASSED] - Current window maximized

2020-03-13 11:58:08 - [TEST_STEP][PASSED] - if (Evento == "Crear20"): null

2020-03-13 11:58:08 - [TEST_STEP][PASSED] - else if (Evento == "Crear40"): null

2020-03-13 11:58:08 - [TEST_STEP][PASSED] - else if (Evento == "Aprobar"): null

2020-03-13 11:58:08 - [TEST_STEP][PASSED] - else if (Evento == "Logistica"): null

2020-03-13 11:58:08 - [TEST_STEP][PASSED] - else if (Evento == "Produccion"): null

2020-03-13 11:58:08 - [TEST_STEP][PASSED] - else if (Evento == "Inventario"): Object: 'Object Repository/Page_Iniciar Sesion - KAIZEN/is_btn_ingresar_sistema' is clicked on

2020-03-13 11:58:08 - [TEST_STEP][PASSED] - data5 = obtener_excels.obtener_inventario.getValuesExcelInventary(Index): obtener_excels.obtener_inventario.getValuesExcelInventary is PASSED

2020-03-13 11:58:08 - [MESSAGE][PASSED] - obtener_excels.obtener_inventario.getValuesExcelInventary is PASSED

2020-03-13 11:58:08 - [TEST_STEP][PASSED] - Usuario = data5[1]: null

2020-03-13 11:58:08 - [TEST_STEP][PASSED] - Contrasena = data5[2]: null

2020-03-13 11:58:08 - [TEST_STEP][PASSED] - setText(findTestObject("Page_Iniciar Sesion - KAIZEN/is_input_email"), Usuario): Text 'automated.test@grupokaizen.net' is set on object 'Object Repository/Page_Iniciar Sesion - KAIZEN/is_input_email'

2020-03-13 11:58:09 - [MESSAGE][PASSED] - Text 'automated.test@grupokaizen.net' is set on object 'Object Repository/Page_Iniciar Sesion - KAIZEN/is_input_email'

2020-03-13 11:58:09 - [TEST_STEP][PASSED] - setEncryptedText(findTestObject("Page_Iniciar Sesion - KAIZEN/IS_input_contrasena"), Contrasena): Text ****** has been set on object 'Object Repository/Page_Iniciar Sesion - KAIZEN/IS_input_contrasena'

2020-03-13 11:58:10 - [MESSAGE][PASSED] - Text ****** has been set on object 'Object Repository/Page_Iniciar Sesion - KAIZEN/IS_input_contrasena'

2020-03-13 11:58:10 - [TEST_STEP][PASSED] - click(findTestObject("Page_Iniciar Sesion - KAIZEN/is_btn_ingresar_sistema")): Object: 'Object Repository/Page_Iniciar Sesion - KAIZEN/is_btn_ingresar_sistema' is clicked on

2020-03-13 11:58:49 - [MESSAGE][PASSED] - Object: 'Object Repository/Page_Iniciar Sesion - KAIZEN/is_btn_ingresar_sistema' is clicked on

2020-03-13 11:58:49 - [MESSAGE][PASSED] - Call Test Case 'Test Cases/Individual_Tests/Login' successfully

2020-03-13 11:58:49 - [TEST_STEP][PASSED] - callTestCase(findTestCase("Individual_Tests/Seleccionar_Idioma"), ["Evento":"Inventario", "Index":Index], STOP_ON_FAILURE): Call Test Case 'Test Cases/Individual_Tests/Seleccionar_Idioma' successfully

2020-03-13 11:58:49 - [TEST_CASE][PASSED] - Test Cases/Individual_Tests/Seleccionar_Idioma: Test Cases/Individual_Tests/Seleccionar_Idioma

2020-03-13 11:58:49 - [TEST_STEP][PASSED] - Idioma = 0: null

2020-03-13 11:58:49 - [TEST_STEP][PASSED] - if (Evento == "Crear20"): null

2020-03-13 11:58:49 - [TEST_STEP][PASSED] - else if (Evento == "Crear40"): null

2020-03-13 11:58:49 - [TEST_STEP][PASSED] - else if (Evento == "Aprobar"): null

2020-03-13 11:58:49 - [TEST_STEP][PASSED] - else if (Evento == "Logistica"): null

2020-03-13 11:58:49 - [TEST_STEP][PASSED] - else if (Evento == "Produccion"): null

2020-03-13 11:58:49 - [TEST_STEP][PASSED] - else if (Evento == "Inventario"): null

2020-03-13 11:58:49 - [TEST_STEP][PASSED] - data5 = obtener_excels.obtener_inventario.getValuesExcelInventary(Index): obtener_excels.obtener_inventario.getValuesExcelInventary is PASSED

2020-03-13 11:58:49 - [MESSAGE][PASSED] - obtener_excels.obtener_inventario.getValuesExcelInventary is PASSED

2020-03-13 11:58:49 - [TEST_STEP][PASSED] - Idioma = data5[0]: null

2020-03-13 11:58:49 - [TEST_STEP][PASSED] - click(findTestObject("Page_- KAIZEN/si_btn_idioma")): Object: 'Object Repository/Page_- KAIZEN/si_btn_idioma' is clicked on

2020-03-13 11:58:49 - [MESSAGE][PASSED] - Object: 'Object Repository/Page_- KAIZEN/si_btn_idioma' is clicked on

2020-03-13 11:58:49 - [TEST_STEP][PASSED] - if (Idioma == "0"): Object: 'Object Repository/Page_- KAIZEN/si_Ingles' is clicked on

2020-03-13 11:58:49 - [TEST_STEP][PASSED] - click(findTestObject("Page_- KAIZEN/si_Ingles")): Object: 'Object Repository/Page_- KAIZEN/si_Ingles' is clicked on

2020-03-13 11:58:51 - [MESSAGE][PASSED] - Object: 'Object Repository/Page_- KAIZEN/si_Ingles' is clicked on

2020-03-13 11:58:51 - [MESSAGE][PASSED] - Call Test Case 'Test Cases/Individual_Tests/Seleccionar_Idioma' successfully

2020-03-13 11:58:51 - [TEST_STEP][PASSED] - callTestCase(findTestCase("Individual_Tests/Inventario"), ["Index":Index], STOP_ON_FAILURE): Call Test Case 'Test Cases/Individual_Tests/Inventario' successfully

2020-03-13 11:58:51 - [TEST_CASE][PASSED] - Test Cases/Individual_Tests/Inventario: Test Cases/Individual_Tests/Inventario

2020-03-13 11:58:51 - [TEST_STEP][PASSED] - data = obtener_excels.obtener_inventario.getValuesExcelInventary(Index): obtener_excels.obtener_inventario.getValuesExcelInventary is PASSED

2020-03-13 11:58:51 - [MESSAGE][PASSED] - obtener_excels.obtener_inventario.getValuesExcelInventary is PASSED

2020-03-13 11:58:51 - [TEST_STEP][PASSED] - CodProducto = data[3]: null

2020-03-13 11:58:51 - [TEST_STEP][PASSED] - Cantidad = data[4]: null

2020-03-13 11:58:51 - [TEST_STEP][PASSED] - click(findTestObject("Object Repository/Page_Agregar Productos - KAIZEN/iv_btn_menu_Inventario")): Object: 'Object Repository/Page_Agregar Productos - KAIZEN/iv_btn_menu_Inventario' is clicked on

2020-03-13 11:58:52 - [MESSAGE][PASSED] - Object: 'Object Repository/Page_Agregar Productos - KAIZEN/iv_btn_menu_Inventario' is clicked on

2020-03-13 11:58:52 - [TEST_STEP][PASSED] - click(findTestObject("Object Repository/Page_Agregar Productos - KAIZEN/iv_btn_menu_Movimientos")): Object: 'Object Repository/Page_Agregar Productos - KAIZEN/iv_btn_menu_Movimientos' is clicked on

2020-03-13 11:58:55 - [MESSAGE][PASSED] - Object: 'Object Repository/Page_Agregar Productos - KAIZEN/iv_btn_menu_Movimientos' is clicked on

2020-03-13 11:58:55 - [TEST_STEP][PASSED] - click(findTestObject("Object Repository/Page_Index - KAIZEN/iv_btn_Agregar_inventario")): Object: 'Object Repository/Page_Index - KAIZEN/iv_btn_Agregar_inventario' is clicked on

2020-03-13 11:59:03 - [MESSAGE][PASSED] - Object: 'Object Repository/Page_Index - KAIZEN/iv_btn_Agregar_inventario' is clicked on

2020-03-13 11:59:03 - [TEST_STEP][PASSED] - selectOptionByValue(findTestObject("Object Repository/Page_Create - KAIZEN/iv_select_concepto"), Concepto, true): All options with value 'EntradaDeMercancias' are selected in object 'Object Repository/Page_Create - KAIZEN/iv_select_concepto'  using regular expression

2020-03-13 11:59:04 - [MESSAGE][PASSED] - All options with value 'EntradaDeMercancias' are selected in object 'Object Repository/Page_Create - KAIZEN/iv_select_concepto'  using regular expression

2020-03-13 11:59:04 - [TEST_STEP][PASSED] - selectOptionByValue(findTestObject("Object Repository/Page_Create - KAIZEN/iv_select_motivo"), Motivo, true): All options with value 'EntradaPorFabricacion' are selected in object 'Object Repository/Page_Create - KAIZEN/iv_select_motivo'  using regular expression

2020-03-13 11:59:06 - [MESSAGE][PASSED] - All options with value 'EntradaPorFabricacion' are selected in object 'Object Repository/Page_Create - KAIZEN/iv_select_motivo'  using regular expression

2020-03-13 11:59:06 - [TEST_STEP][PASSED] - click(findTestObject("Object Repository/Page_Create - KAIZEN/iv_btn_Buscar Producto")): Object: 'Object Repository/Page_Create - KAIZEN/iv_btn_Buscar Producto' is clicked on

2020-03-13 11:59:06 - [MESSAGE][PASSED] - Object: 'Object Repository/Page_Create - KAIZEN/iv_btn_Buscar Producto' is clicked on

2020-03-13 11:59:06 - [TEST_STEP][PASSED] - setText(findTestObject("Object Repository/Page_Create - KAIZEN/iv_input_Buscar Producto"), CodProducto): Text '2663-101-455' is set on object 'Object Repository/Page_Create - KAIZEN/iv_input_Buscar Producto'

2020-03-13 11:59:07 - [MESSAGE][PASSED] - Text '2663-101-455' is set on object 'Object Repository/Page_Create - KAIZEN/iv_input_Buscar Producto'

2020-03-13 11:59:07 - [TEST_STEP][PASSED] - sendKeys(findTestObject("Object Repository/Page_Create - KAIZEN/iv_input_Buscar Producto"), Keys.chord(ENTER)): Keys 'ENTER + ' sent to object: 'Object Repository/Page_Create - KAIZEN/iv_input_Buscar Producto'

2020-03-13 11:59:08 - [MESSAGE][PASSED] - Keys 'ENTER + ' sent to object: 'Object Repository/Page_Create - KAIZEN/iv_input_Buscar Producto'

2020-03-13 11:59:08 - [TEST_STEP][PASSED] - setText(findTestObject("Object Repository/Page_Create - KAIZEN/iv_input_Cantidad"), Cantidad): Text '24' is set on object 'Object Repository/Page_Create - KAIZEN/iv_input_Cantidad'

2020-03-13 11:59:08 - [MESSAGE][PASSED] - Text '24' is set on object 'Object Repository/Page_Create - KAIZEN/iv_input_Cantidad'

2020-03-13 11:59:08 - [TEST_STEP][PASSED] - click(findTestObject("Object Repository/Page_Create - KAIZEN/iv_btn_Guardar")): Object: 'Object Repository/Page_Create - KAIZEN/iv_btn_Guardar' is clicked on

2020-03-13 11:59:11 - [MESSAGE][PASSED] - Object: 'Object Repository/Page_Create - KAIZEN/iv_btn_Guardar' is clicked on

2020-03-13 11:59:11 - [TEST_STEP][PASSED] - verifyElementPresent(findTestObject("Object Repository/Page_Index - KAIZEN/iv_btn_Agregar_inventario"), 5): Object 'Object Repository/Page_Index - KAIZEN/iv_btn_Agregar_inventario' is present

2020-03-13 11:59:12 - [MESSAGE][PASSED] - Object 'Object Repository/Page_Index - KAIZEN/iv_btn_Agregar_inventario' is present

2020-03-13 11:59:12 - [MESSAGE][PASSED] - Call Test Case 'Test Cases/Individual_Tests/Inventario' successfully]]></system-out>
         <system-err><![CDATA[]]></system-err>
      </testcase>
      <testcase name="Test Cases/Generar_Excels_Secuencias/TC_Generar_Excel_Despachar" time="5.166" classname="Test Cases/Generar_Excels_Secuencias/TC_Generar_Excel_Despachar" status="PASSED">
         <system-out><![CDATA[2020-03-13 11:59:12 - [TEST_CASE][PASSED] - Test Cases/Generar_Excels_Secuencias/TC_Generar_Excel_Despachar: Test Cases/Generar_Excels_Secuencias/TC_Generar_Excel_Despachar

2020-03-13 11:59:12 - [TEST_STEP][PASSED] - python.ejecutarAleatoriosPython.runPython("Despacho"): python.ejecutarAleatoriosPython.runPython is PASSED

2020-03-13 11:59:17 - [MESSAGE][PASSED] - python.ejecutarAleatoriosPython.runPython is PASSED]]></system-out>
         <system-err><![CDATA[]]></system-err>
      </testcase>
      <testcase name="Test Cases/Secuencias de Ejecucion/TC_Agregar_Despacho" time="58.176" classname="Test Cases/Secuencias de Ejecucion/TC_Agregar_Despacho" status="FAILED">
         <failure type="FAILED" message="Test Cases/Secuencias de Ejecucion/TC_Agregar_Despacho FAILED.
Reason:
com.kms.katalon.core.exception.StepFailedException: Call Test Case 'Test Cases/Individual_Tests/Despacho' failed
	at com.kms.katalon.core.keyword.builtin.CallTestCaseKeyword$_callTestCase_closure1.doCall(CallTestCaseKeyword.groovy:63)
	at com.kms.katalon.core.keyword.builtin.CallTestCaseKeyword$_callTestCase_closure1.call(CallTestCaseKeyword.groovy)
	at com.kms.katalon.core.keyword.internal.KeywordMain.runKeyword(KeywordMain.groovy:68)
	at com.kms.katalon.core.keyword.builtin.CallTestCaseKeyword.callTestCase(CallTestCaseKeyword.groovy:81)
	at com.kms.katalon.core.keyword.builtin.CallTestCaseKeyword.execute(CallTestCaseKeyword.groovy:44)
	at com.kms.katalon.core.keyword.internal.KeywordExecutor.executeKeywordForPlatform(KeywordExecutor.groovy:72)
	at com.kms.katalon.core.keyword.BuiltinKeywords.callTestCase(BuiltinKeywords.groovy:334)
	at TC_Agregar_Despacho.run(TC_Agregar_Despacho:31)
	at com.kms.katalon.core.main.ScriptEngine.run(ScriptEngine.java:194)
	at com.kms.katalon.core.main.ScriptEngine.runScriptAsRawText(ScriptEngine.java:119)
	at com.kms.katalon.core.main.TestCaseExecutor.runScript(TestCaseExecutor.java:337)
	at com.kms.katalon.core.main.TestCaseExecutor.doExecute(TestCaseExecutor.java:328)
	at com.kms.katalon.core.main.TestCaseExecutor.processExecutionPhase(TestCaseExecutor.java:307)
	at com.kms.katalon.core.main.TestCaseExecutor.accessMainPhase(TestCaseExecutor.java:299)
	at com.kms.katalon.core.main.TestCaseExecutor.execute(TestCaseExecutor.java:233)
	at com.kms.katalon.core.main.TestSuiteExecutor.accessTestCaseMainPhase(TestSuiteExecutor.java:169)
	at com.kms.katalon.core.main.TestSuiteExecutor.accessTestSuiteMainPhase(TestSuiteExecutor.java:142)
	at com.kms.katalon.core.main.TestSuiteExecutor.execute(TestSuiteExecutor.java:91)
	at com.kms.katalon.core.main.TestCaseMain.startTestSuite(TestCaseMain.java:157)
	at com.kms.katalon.core.main.TestCaseMain$startTestSuite$0.call(Unknown Source)
	at TempTestSuite1584113979946.run(TempTestSuite1584113979946.groovy:36)
Caused by: com.kms.katalon.core.exception.StepFailedException: Unable to execute JavaScript.
	at com.kms.katalon.core.webui.keyword.internal.WebUIKeywordMain.stepFailed(WebUIKeywordMain.groovy:64)
	at com.kms.katalon.core.webui.keyword.internal.WebUIKeywordMain.runKeyword(WebUIKeywordMain.groovy:26)
	at com.kms.katalon.core.webui.keyword.builtin.ExecuteJavaScriptKeyword.executeJavascript(ExecuteJavascriptKeyword.groovy:42)
	at com.kms.katalon.core.webui.keyword.builtin.ExecuteJavaScriptKeyword.execute(ExecuteJavascriptKeyword.groovy:37)
	at com.kms.katalon.core.keyword.internal.KeywordExecutor.executeKeywordForPlatform(KeywordExecutor.groovy:72)
	at com.kms.katalon.core.webui.keyword.WebUiBuiltInKeywords.executeJavaScript(WebUiBuiltInKeywords.groovy:3787)
	at com.kms.katalon.core.webui.keyword.WebUiBuiltInKeywords$executeJavaScript$4.call(Unknown Source)
	at Despacho.run(Despacho:32)
	at com.kms.katalon.core.main.ScriptEngine.run(ScriptEngine.java:194)
	at com.kms.katalon.core.main.ScriptEngine.runScriptAsRawText(ScriptEngine.java:119)
	at com.kms.katalon.core.main.TestCaseExecutor.runScript(TestCaseExecutor.java:337)
	at com.kms.katalon.core.main.TestCaseExecutor.doExecute(TestCaseExecutor.java:328)
	at com.kms.katalon.core.main.TestCaseExecutor.processExecutionPhase(TestCaseExecutor.java:307)
	at com.kms.katalon.core.main.TestCaseExecutor.accessMainPhase(TestCaseExecutor.java:299)
	at com.kms.katalon.core.main.TestCaseExecutor.execute(TestCaseExecutor.java:233)
	at com.kms.katalon.core.main.TestCaseMain.runTestCase(TestCaseMain.java:114)
	at com.kms.katalon.core.keyword.builtin.CallTestCaseKeyword$_callTestCase_closure1.doCall(CallTestCaseKeyword.groovy:59)
	... 20 more
Caused by: org.openqa.selenium.JavascriptException: javascript error: Cannot read property 'click' of null
  (Session info: chrome=80.0.3987.132)
Build info: version: '3.141.59', revision: 'e82be7d358', time: '2018-11-14T08:25:53'
System info: host: 'LAPTOP-K43U1BVQ', ip: '192.168.99.1', os.name: 'Windows 10', os.arch: 'amd64', os.version: '10.0', java.version: '1.8.0_181'
Driver info: com.kms.katalon.selenium.driver.CChromeDriver
Capabilities {acceptInsecureCerts: false, browserName: chrome, browserVersion: 80.0.3987.132, chrome: {chromedriverVersion: 79.0.3945.36 (3582db32b3389..., userDataDir: C:\Users\kaizen\AppData\Loc...}, goog:chromeOptions: {debuggerAddress: localhost:13453}, javascriptEnabled: true, networkConnectionEnabled: false, pageLoadStrategy: normal, platform: WINDOWS, platformName: WINDOWS, proxy: Proxy(), setWindowRect: true, strictFileInteractability: false, timeouts: {implicit: 0, pageLoad: 300000, script: 30000}, unhandledPromptBehavior: dismiss and notify}
Session ID: 17e95f4eb308c85fecd45eef53f27854
	at org.openqa.selenium.remote.http.W3CHttpResponseCodec.createException(W3CHttpResponseCodec.java:187)
	at org.openqa.selenium.remote.http.W3CHttpResponseCodec.decode(W3CHttpResponseCodec.java:122)
	at org.openqa.selenium.remote.http.W3CHttpResponseCodec.decode(W3CHttpResponseCodec.java:49)
	at org.openqa.selenium.remote.HttpCommandExecutor.execute(HttpCommandExecutor.java:158)
	at org.openqa.selenium.remote.service.DriverCommandExecutor.execute(DriverCommandExecutor.java:83)
	at org.openqa.selenium.remote.RemoteWebDriver.execute(RemoteWebDriver.java:552)
	at com.kms.katalon.selenium.driver.CChromeDriver.execute(CChromeDriver.java:19)
	at org.openqa.selenium.remote.RemoteWebDriver.executeScript(RemoteWebDriver.java:489)
	at org.openqa.selenium.support.events.EventFiringWebDriver.lambda$new$1(EventFiringWebDriver.java:105)
	at com.sun.proxy.$Proxy9.executeScript(Unknown Source)
	at org.openqa.selenium.support.events.EventFiringWebDriver.executeScript(EventFiringWebDriver.java:229)
	at com.kms.katalon.core.webui.keyword.builtin.ExecuteJavaScriptKeyword$_executeJavascript_closure1.doCall(ExecuteJavascriptKeyword.groovy:48)
	at com.kms.katalon.core.webui.keyword.builtin.ExecuteJavaScriptKeyword$_executeJavascript_closure1.call(ExecuteJavascriptKeyword.groovy)
	at com.kms.katalon.core.webui.keyword.internal.WebUIKeywordMain.runKeyword(WebUIKeywordMain.groovy:20)
	... 35 more
"/>
         <system-out><![CDATA[2020-03-13 11:59:17 - [TEST_CASE][FAILED] - Test Cases/Secuencias de Ejecucion/TC_Agregar_Despacho: Test Cases/Secuencias de Ejecucion/TC_Agregar_Despacho FAILED.
Reason:
com.kms.katalon.core.exception.StepFailedException: Call Test Case 'Test Cases/Individual_Tests/Despacho' failed
	at com.kms.katalon.core.keyword.builtin.CallTestCaseKeyword$_callTestCase_closure1.doCall(CallTestCaseKeyword.groovy:63)
	at com.kms.katalon.core.keyword.builtin.CallTestCaseKeyword$_callTestCase_closure1.call(CallTestCaseKeyword.groovy)
	at com.kms.katalon.core.keyword.internal.KeywordMain.runKeyword(KeywordMain.groovy:68)
	at com.kms.katalon.core.keyword.builtin.CallTestCaseKeyword.callTestCase(CallTestCaseKeyword.groovy:81)
	at com.kms.katalon.core.keyword.builtin.CallTestCaseKeyword.execute(CallTestCaseKeyword.groovy:44)
	at com.kms.katalon.core.keyword.internal.KeywordExecutor.executeKeywordForPlatform(KeywordExecutor.groovy:72)
	at com.kms.katalon.core.keyword.BuiltinKeywords.callTestCase(BuiltinKeywords.groovy:334)
	at TC_Agregar_Despacho.run(TC_Agregar_Despacho:31)
	at com.kms.katalon.core.main.ScriptEngine.run(ScriptEngine.java:194)
	at com.kms.katalon.core.main.ScriptEngine.runScriptAsRawText(ScriptEngine.java:119)
	at com.kms.katalon.core.main.TestCaseExecutor.runScript(TestCaseExecutor.java:337)
	at com.kms.katalon.core.main.TestCaseExecutor.doExecute(TestCaseExecutor.java:328)
	at com.kms.katalon.core.main.TestCaseExecutor.processExecutionPhase(TestCaseExecutor.java:307)
	at com.kms.katalon.core.main.TestCaseExecutor.accessMainPhase(TestCaseExecutor.java:299)
	at com.kms.katalon.core.main.TestCaseExecutor.execute(TestCaseExecutor.java:233)
	at com.kms.katalon.core.main.TestSuiteExecutor.accessTestCaseMainPhase(TestSuiteExecutor.java:169)
	at com.kms.katalon.core.main.TestSuiteExecutor.accessTestSuiteMainPhase(TestSuiteExecutor.java:142)
	at com.kms.katalon.core.main.TestSuiteExecutor.execute(TestSuiteExecutor.java:91)
	at com.kms.katalon.core.main.TestCaseMain.startTestSuite(TestCaseMain.java:157)
	at com.kms.katalon.core.main.TestCaseMain$startTestSuite$0.call(Unknown Source)
	at TempTestSuite1584113979946.run(TempTestSuite1584113979946.groovy:36)
Caused by: com.kms.katalon.core.exception.StepFailedException: Unable to execute JavaScript.
	at com.kms.katalon.core.webui.keyword.internal.WebUIKeywordMain.stepFailed(WebUIKeywordMain.groovy:64)
	at com.kms.katalon.core.webui.keyword.internal.WebUIKeywordMain.runKeyword(WebUIKeywordMain.groovy:26)
	at com.kms.katalon.core.webui.keyword.builtin.ExecuteJavaScriptKeyword.executeJavascript(ExecuteJavascriptKeyword.groovy:42)
	at com.kms.katalon.core.webui.keyword.builtin.ExecuteJavaScriptKeyword.execute(ExecuteJavascriptKeyword.groovy:37)
	at com.kms.katalon.core.keyword.internal.KeywordExecutor.executeKeywordForPlatform(KeywordExecutor.groovy:72)
	at com.kms.katalon.core.webui.keyword.WebUiBuiltInKeywords.executeJavaScript(WebUiBuiltInKeywords.groovy:3787)
	at com.kms.katalon.core.webui.keyword.WebUiBuiltInKeywords$executeJavaScript$4.call(Unknown Source)
	at Despacho.run(Despacho:32)
	at com.kms.katalon.core.main.ScriptEngine.run(ScriptEngine.java:194)
	at com.kms.katalon.core.main.ScriptEngine.runScriptAsRawText(ScriptEngine.java:119)
	at com.kms.katalon.core.main.TestCaseExecutor.runScript(TestCaseExecutor.java:337)
	at com.kms.katalon.core.main.TestCaseExecutor.doExecute(TestCaseExecutor.java:328)
	at com.kms.katalon.core.main.TestCaseExecutor.processExecutionPhase(TestCaseExecutor.java:307)
	at com.kms.katalon.core.main.TestCaseExecutor.accessMainPhase(TestCaseExecutor.java:299)
	at com.kms.katalon.core.main.TestCaseExecutor.execute(TestCaseExecutor.java:233)
	at com.kms.katalon.core.main.TestCaseMain.runTestCase(TestCaseMain.java:114)
	at com.kms.katalon.core.keyword.builtin.CallTestCaseKeyword$_callTestCase_closure1.doCall(CallTestCaseKeyword.groovy:59)
	... 20 more
Caused by: org.openqa.selenium.JavascriptException: javascript error: Cannot read property 'click' of null
  (Session info: chrome=80.0.3987.132)
Build info: version: '3.141.59', revision: 'e82be7d358', time: '2018-11-14T08:25:53'
System info: host: 'LAPTOP-K43U1BVQ', ip: '192.168.99.1', os.name: 'Windows 10', os.arch: 'amd64', os.version: '10.0', java.version: '1.8.0_181'
Driver info: com.kms.katalon.selenium.driver.CChromeDriver
Capabilities {acceptInsecureCerts: false, browserName: chrome, browserVersion: 80.0.3987.132, chrome: {chromedriverVersion: 79.0.3945.36 (3582db32b3389..., userDataDir: C:\Users\kaizen\AppData\Loc...}, goog:chromeOptions: {debuggerAddress: localhost:13453}, javascriptEnabled: true, networkConnectionEnabled: false, pageLoadStrategy: normal, platform: WINDOWS, platformName: WINDOWS, proxy: Proxy(), setWindowRect: true, strictFileInteractability: false, timeouts: {implicit: 0, pageLoad: 300000, script: 30000}, unhandledPromptBehavior: dismiss and notify}
Session ID: 17e95f4eb308c85fecd45eef53f27854
	at org.openqa.selenium.remote.http.W3CHttpResponseCodec.createException(W3CHttpResponseCodec.java:187)
	at org.openqa.selenium.remote.http.W3CHttpResponseCodec.decode(W3CHttpResponseCodec.java:122)
	at org.openqa.selenium.remote.http.W3CHttpResponseCodec.decode(W3CHttpResponseCodec.java:49)
	at org.openqa.selenium.remote.HttpCommandExecutor.execute(HttpCommandExecutor.java:158)
	at org.openqa.selenium.remote.service.DriverCommandExecutor.execute(DriverCommandExecutor.java:83)
	at org.openqa.selenium.remote.RemoteWebDriver.execute(RemoteWebDriver.java:552)
	at com.kms.katalon.selenium.driver.CChromeDriver.execute(CChromeDriver.java:19)
	at org.openqa.selenium.remote.RemoteWebDriver.executeScript(RemoteWebDriver.java:489)
	at org.openqa.selenium.support.events.EventFiringWebDriver.lambda$new$1(EventFiringWebDriver.java:105)
	at com.sun.proxy.$Proxy9.executeScript(Unknown Source)
	at org.openqa.selenium.support.events.EventFiringWebDriver.executeScript(EventFiringWebDriver.java:229)
	at com.kms.katalon.core.webui.keyword.builtin.ExecuteJavaScriptKeyword$_executeJavascript_closure1.doCall(ExecuteJavascriptKeyword.groovy:48)
	at com.kms.katalon.core.webui.keyword.builtin.ExecuteJavaScriptKeyword$_executeJavascript_closure1.call(ExecuteJavascriptKeyword.groovy)
	at com.kms.katalon.core.webui.keyword.internal.WebUIKeywordMain.runKeyword(WebUIKeywordMain.groovy:20)
	... 35 more


2020-03-13 11:59:17 - [TEST_STEP][PASSED] - archivo = $RunConfiguration.getProjectDir()/Pedidos/DataExcel/Despacho.xlsx: null

2020-03-13 11:59:17 - [TEST_STEP][PASSED] - excelData = getExcelDataWithDefaultSheet(archivo, "Sheet1", true): null

2020-03-13 11:59:17 - [TEST_STEP][FAILED] - for ([Index = 1, Index <= excelData.getRowNumbers(), (Index++)]): Unable to call Test Case 'Test Cases/Individual_Tests/Despacho' (Root cause: com.kms.katalon.core.exception.StepFailedException: Call Test Case 'Test Cases/Individual_Tests/Despacho' failed
	at com.kms.katalon.core.keyword.builtin.CallTestCaseKeyword$_callTestCase_closure1.doCall(CallTestCaseKeyword.groovy:63)
	at com.kms.katalon.core.keyword.builtin.CallTestCaseKeyword$_callTestCase_closure1.call(CallTestCaseKeyword.groovy)
	at com.kms.katalon.core.keyword.internal.KeywordMain.runKeyword(KeywordMain.groovy:68)
	at com.kms.katalon.core.keyword.builtin.CallTestCaseKeyword.callTestCase(CallTestCaseKeyword.groovy:81)
	at com.kms.katalon.core.keyword.builtin.CallTestCaseKeyword.execute(CallTestCaseKeyword.groovy:44)
	at com.kms.katalon.core.keyword.internal.KeywordExecutor.executeKeywordForPlatform(KeywordExecutor.groovy:72)
	at com.kms.katalon.core.keyword.BuiltinKeywords.callTestCase(BuiltinKeywords.groovy:334)
	at TC_Agregar_Despacho.run(TC_Agregar_Despacho:31)
	at com.kms.katalon.core.main.ScriptEngine.run(ScriptEngine.java:194)
	at com.kms.katalon.core.main.ScriptEngine.runScriptAsRawText(ScriptEngine.java:119)
	at com.kms.katalon.core.main.TestCaseExecutor.runScript(TestCaseExecutor.java:337)
	at com.kms.katalon.core.main.TestCaseExecutor.doExecute(TestCaseExecutor.java:328)
	at com.kms.katalon.core.main.TestCaseExecutor.processExecutionPhase(TestCaseExecutor.java:307)
	at com.kms.katalon.core.main.TestCaseExecutor.accessMainPhase(TestCaseExecutor.java:299)
	at com.kms.katalon.core.main.TestCaseExecutor.execute(TestCaseExecutor.java:233)
	at com.kms.katalon.core.main.TestSuiteExecutor.accessTestCaseMainPhase(TestSuiteExecutor.java:169)
	at com.kms.katalon.core.main.TestSuiteExecutor.accessTestSuiteMainPhase(TestSuiteExecutor.java:142)
	at com.kms.katalon.core.main.TestSuiteExecutor.execute(TestSuiteExecutor.java:91)
	at com.kms.katalon.core.main.TestCaseMain.startTestSuite(TestCaseMain.java:157)
	at com.kms.katalon.core.main.TestCaseMain$startTestSuite$0.call(Unknown Source)
	at TempTestSuite1584113979946.run(TempTestSuite1584113979946.groovy:36)
Caused by: com.kms.katalon.core.exception.StepFailedException: Unable to execute JavaScript.
	at com.kms.katalon.core.webui.keyword.internal.WebUIKeywordMain.stepFailed(WebUIKeywordMain.groovy:64)
	at com.kms.katalon.core.webui.keyword.internal.WebUIKeywordMain.runKeyword(WebUIKeywordMain.groovy:26)
	at com.kms.katalon.core.webui.keyword.builtin.ExecuteJavaScriptKeyword.executeJavascript(ExecuteJavascriptKeyword.groovy:42)
	at com.kms.katalon.core.webui.keyword.builtin.ExecuteJavaScriptKeyword.execute(ExecuteJavascriptKeyword.groovy:37)
	at com.kms.katalon.core.keyword.internal.KeywordExecutor.executeKeywordForPlatform(KeywordExecutor.groovy:72)
	at com.kms.katalon.core.webui.keyword.WebUiBuiltInKeywords.executeJavaScript(WebUiBuiltInKeywords.groovy:3787)
	at com.kms.katalon.core.webui.keyword.WebUiBuiltInKeywords$executeJavaScript$4.call(Unknown Source)
	at Despacho.run(Despacho:32)
	at com.kms.katalon.core.main.ScriptEngine.run(ScriptEngine.java:194)
	at com.kms.katalon.core.main.ScriptEngine.runScriptAsRawText(ScriptEngine.java:119)
	at com.kms.katalon.core.main.TestCaseExecutor.runScript(TestCaseExecutor.java:337)
	at com.kms.katalon.core.main.TestCaseExecutor.doExecute(TestCaseExecutor.java:328)
	at com.kms.katalon.core.main.TestCaseExecutor.processExecutionPhase(TestCaseExecutor.java:307)
	at com.kms.katalon.core.main.TestCaseExecutor.accessMainPhase(TestCaseExecutor.java:299)
	at com.kms.katalon.core.main.TestCaseExecutor.execute(TestCaseExecutor.java:233)
	at com.kms.katalon.core.main.TestCaseMain.runTestCase(TestCaseMain.java:114)
	at com.kms.katalon.core.keyword.builtin.CallTestCaseKeyword$_callTestCase_closure1.doCall(CallTestCaseKeyword.groovy:59)
	... 20 more
Caused by: org.openqa.selenium.JavascriptException: javascript error: Cannot read property 'click' of null
  (Session info: chrome=80.0.3987.132)
Build info: version: '3.141.59', revision: 'e82be7d358', time: '2018-11-14T08:25:53'
System info: host: 'LAPTOP-K43U1BVQ', ip: '192.168.99.1', os.name: 'Windows 10', os.arch: 'amd64', os.version: '10.0', java.version: '1.8.0_181'
Driver info: com.kms.katalon.selenium.driver.CChromeDriver
Capabilities {acceptInsecureCerts: false, browserName: chrome, browserVersion: 80.0.3987.132, chrome: {chromedriverVersion: 79.0.3945.36 (3582db32b3389..., userDataDir: C:\Users\kaizen\AppData\Loc...}, goog:chromeOptions: {debuggerAddress: localhost:13453}, javascriptEnabled: true, networkConnectionEnabled: false, pageLoadStrategy: normal, platform: WINDOWS, platformName: WINDOWS, proxy: Proxy(), setWindowRect: true, strictFileInteractability: false, timeouts: {implicit: 0, pageLoad: 300000, script: 30000}, unhandledPromptBehavior: dismiss and notify}
Session ID: 17e95f4eb308c85fecd45eef53f27854
	at org.openqa.selenium.remote.http.W3CHttpResponseCodec.createException(W3CHttpResponseCodec.java:187)
	at org.openqa.selenium.remote.http.W3CHttpResponseCodec.decode(W3CHttpResponseCodec.java:122)
	at org.openqa.selenium.remote.http.W3CHttpResponseCodec.decode(W3CHttpResponseCodec.java:49)
	at org.openqa.selenium.remote.HttpCommandExecutor.execute(HttpCommandExecutor.java:158)
	at org.openqa.selenium.remote.service.DriverCommandExecutor.execute(DriverCommandExecutor.java:83)
	at org.openqa.selenium.remote.RemoteWebDriver.execute(RemoteWebDriver.java:552)
	at com.kms.katalon.selenium.driver.CChromeDriver.execute(CChromeDriver.java:19)
	at org.openqa.selenium.remote.RemoteWebDriver.executeScript(RemoteWebDriver.java:489)
	at org.openqa.selenium.support.events.EventFiringWebDriver.lambda$new$1(EventFiringWebDriver.java:105)
	at com.sun.proxy.$Proxy9.executeScript(Unknown Source)
	at org.openqa.selenium.support.events.EventFiringWebDriver.executeScript(EventFiringWebDriver.java:229)
	at com.kms.katalon.core.webui.keyword.builtin.ExecuteJavaScriptKeyword$_executeJavascript_closure1.doCall(ExecuteJavascriptKeyword.groovy:48)
	at com.kms.katalon.core.webui.keyword.builtin.ExecuteJavaScriptKeyword$_executeJavascript_closure1.call(ExecuteJavascriptKeyword.groovy)
	at com.kms.katalon.core.webui.keyword.internal.WebUIKeywordMain.runKeyword(WebUIKeywordMain.groovy:20)
	... 35 more
)

2020-03-13 11:59:17 - [TEST_STEP][PASSED] - callTestCase(findTestCase("Individual_Tests/Login"), ["Evento":"Despacho", "Index":Index, "Usuario":Usuario, "Contrasena":Contrasena], STOP_ON_FAILURE): Call Test Case 'Test Cases/Individual_Tests/Login' successfully

2020-03-13 11:59:17 - [TEST_CASE][PASSED] - Test Cases/Individual_Tests/Login: Test Cases/Individual_Tests/Login

2020-03-13 11:59:17 - [TEST_STEP][PASSED] - print("Evento Seleccionado: " + Evento + "
"): null

2020-03-13 11:59:17 - [TEST_STEP][PASSED] - openBrowser(Web): Browser is opened with url: 'http://kaizendev.net:8086/Login/Accesar'

2020-03-13 11:59:18 - [MESSAGE][WARNING] - A browser is already opened. Closing browser and opening a new one

2020-03-13 11:59:18 - [MESSAGE][INFO] - Starting 'Chrome' driver

2020-03-13 11:59:32 - [MESSAGE][PASSED] - Browser is opened with url: 'http://kaizendev.net:8086/Login/Accesar'

2020-03-13 11:59:32 - [TEST_STEP][PASSED] - maximizeWindow(): Current window maximized

2020-03-13 11:59:33 - [MESSAGE][PASSED] - Current window maximized

2020-03-13 11:59:33 - [TEST_STEP][PASSED] - if (Evento == "Crear20"): null

2020-03-13 11:59:33 - [TEST_STEP][PASSED] - else if (Evento == "Crear40"): null

2020-03-13 11:59:33 - [TEST_STEP][PASSED] - else if (Evento == "Aprobar"): null

2020-03-13 11:59:33 - [TEST_STEP][PASSED] - else if (Evento == "Logistica"): null

2020-03-13 11:59:33 - [TEST_STEP][PASSED] - else if (Evento == "Produccion"): null

2020-03-13 11:59:33 - [TEST_STEP][PASSED] - else if (Evento == "Inventario"): null

2020-03-13 11:59:33 - [TEST_STEP][PASSED] - else if (Evento == "Despacho"): Object: 'Object Repository/Page_Iniciar Sesion - KAIZEN/is_btn_ingresar_sistema' is clicked on

2020-03-13 11:59:33 - [TEST_STEP][PASSED] - data6 = obtener_excels.obtener_despacho.getValuesExcelDespach(Index): obtener_excels.obtener_despacho.getValuesExcelDespach is PASSED

2020-03-13 11:59:33 - [MESSAGE][PASSED] - obtener_excels.obtener_despacho.getValuesExcelDespach is PASSED

2020-03-13 11:59:33 - [TEST_STEP][PASSED] - Usuario = data6[1]: null

2020-03-13 11:59:33 - [TEST_STEP][PASSED] - Contrasena = data6[2]: null

2020-03-13 11:59:33 - [TEST_STEP][PASSED] - setText(findTestObject("Page_Iniciar Sesion - KAIZEN/is_input_email"), Usuario): Text 'automated.test@grupokaizen.net' is set on object 'Object Repository/Page_Iniciar Sesion - KAIZEN/is_input_email'

2020-03-13 11:59:34 - [MESSAGE][PASSED] - Text 'automated.test@grupokaizen.net' is set on object 'Object Repository/Page_Iniciar Sesion - KAIZEN/is_input_email'

2020-03-13 11:59:34 - [TEST_STEP][PASSED] - setEncryptedText(findTestObject("Page_Iniciar Sesion - KAIZEN/IS_input_contrasena"), Contrasena): Text ****** has been set on object 'Object Repository/Page_Iniciar Sesion - KAIZEN/IS_input_contrasena'

2020-03-13 11:59:34 - [MESSAGE][PASSED] - Text ****** has been set on object 'Object Repository/Page_Iniciar Sesion - KAIZEN/IS_input_contrasena'

2020-03-13 11:59:34 - [TEST_STEP][PASSED] - click(findTestObject("Page_Iniciar Sesion - KAIZEN/is_btn_ingresar_sistema")): Object: 'Object Repository/Page_Iniciar Sesion - KAIZEN/is_btn_ingresar_sistema' is clicked on

2020-03-13 11:59:36 - [MESSAGE][PASSED] - Object: 'Object Repository/Page_Iniciar Sesion - KAIZEN/is_btn_ingresar_sistema' is clicked on

2020-03-13 11:59:36 - [MESSAGE][PASSED] - Call Test Case 'Test Cases/Individual_Tests/Login' successfully

2020-03-13 11:59:36 - [TEST_STEP][PASSED] - callTestCase(findTestCase("Individual_Tests/Seleccionar_Idioma"), ["Evento":"Despacho", "Index":Index], STOP_ON_FAILURE): Call Test Case 'Test Cases/Individual_Tests/Seleccionar_Idioma' successfully

2020-03-13 11:59:36 - [TEST_CASE][PASSED] - Test Cases/Individual_Tests/Seleccionar_Idioma: Test Cases/Individual_Tests/Seleccionar_Idioma

2020-03-13 11:59:36 - [TEST_STEP][PASSED] - Idioma = 0: null

2020-03-13 11:59:36 - [TEST_STEP][PASSED] - if (Evento == "Crear20"): null

2020-03-13 11:59:36 - [TEST_STEP][PASSED] - else if (Evento == "Crear40"): null

2020-03-13 11:59:36 - [TEST_STEP][PASSED] - else if (Evento == "Aprobar"): null

2020-03-13 11:59:36 - [TEST_STEP][PASSED] - else if (Evento == "Logistica"): null

2020-03-13 11:59:36 - [TEST_STEP][PASSED] - else if (Evento == "Produccion"): null

2020-03-13 11:59:36 - [TEST_STEP][PASSED] - else if (Evento == "Inventario"): null

2020-03-13 11:59:36 - [TEST_STEP][PASSED] - else if (Evento == "Despacho"): null

2020-03-13 11:59:36 - [TEST_STEP][PASSED] - data6 = obtener_excels.obtener_despacho.getValuesExcelDespach(Index): obtener_excels.obtener_despacho.getValuesExcelDespach is PASSED

2020-03-13 11:59:36 - [MESSAGE][PASSED] - obtener_excels.obtener_despacho.getValuesExcelDespach is PASSED

2020-03-13 11:59:36 - [TEST_STEP][PASSED] - Idioma = data6[0]: null

2020-03-13 11:59:36 - [TEST_STEP][PASSED] - click(findTestObject("Page_- KAIZEN/si_btn_idioma")): Object: 'Object Repository/Page_- KAIZEN/si_btn_idioma' is clicked on

2020-03-13 11:59:37 - [MESSAGE][PASSED] - Object: 'Object Repository/Page_- KAIZEN/si_btn_idioma' is clicked on

2020-03-13 11:59:37 - [TEST_STEP][PASSED] - if (Idioma == "0"): null

2020-03-13 11:59:37 - [TEST_STEP][PASSED] - else: Object: 'Object Repository/Page_- KAIZEN/si_Spanish' is clicked on

2020-03-13 11:59:37 - [TEST_STEP][PASSED] - click(findTestObject("Page_- KAIZEN/si_Spanish")): Object: 'Object Repository/Page_- KAIZEN/si_Spanish' is clicked on

2020-03-13 11:59:38 - [MESSAGE][PASSED] - Object: 'Object Repository/Page_- KAIZEN/si_Spanish' is clicked on

2020-03-13 11:59:38 - [MESSAGE][PASSED] - Call Test Case 'Test Cases/Individual_Tests/Seleccionar_Idioma' successfully

2020-03-13 11:59:38 - [TEST_STEP][PASSED] - callTestCase(findTestCase("Individual_Tests/Despacho"), ["Index":Index], STOP_ON_FAILURE): Call Test Case 'Test Cases/Individual_Tests/Despacho' successfully

2020-03-13 11:59:38 - [TEST_CASE][PASSED] - Test Cases/Individual_Tests/Despacho: Test Cases/Individual_Tests/Despacho

2020-03-13 11:59:38 - [TEST_STEP][PASSED] - data = obtener_excels.obtener_despacho.getValuesExcelDespach(Index): obtener_excels.obtener_despacho.getValuesExcelDespach is PASSED

2020-03-13 11:59:38 - [MESSAGE][PASSED] - obtener_excels.obtener_despacho.getValuesExcelDespach is PASSED

2020-03-13 11:59:38 - [TEST_STEP][PASSED] - IdPedido = data[3]: null

2020-03-13 11:59:38 - [TEST_STEP][PASSED] - Id_Cliente = data[4]: null

2020-03-13 11:59:38 - [TEST_STEP][PASSED] - CantProd = data[5]: null

2020-03-13 11:59:38 - [TEST_STEP][PASSED] - IDPedido = IdPedido: null

2020-03-13 11:59:38 - [TEST_STEP][PASSED] - IDCliente = Id_Cliente: null

2020-03-13 11:59:38 - [TEST_STEP][PASSED] - CantProductos = CantProd: null

2020-03-13 11:59:38 - [TEST_STEP][PASSED] - click(findTestObject("Object Repository/Page_- KAIZEN/dp_menu_Operaciones")): Object: 'Object Repository/Page_- KAIZEN/dp_menu_Operaciones' is clicked on

2020-03-13 11:59:39 - [MESSAGE][PASSED] - Object: 'Object Repository/Page_- KAIZEN/dp_menu_Operaciones' is clicked on

2020-03-13 11:59:39 - [TEST_STEP][PASSED] - click(findTestObject("Object Repository/Page_- KAIZEN/dp_menu_Lista de Empaque")): Object: 'Object Repository/Page_- KAIZEN/dp_menu_Lista de Empaque' is clicked on

2020-03-13 11:59:40 - [MESSAGE][PASSED] - Object: 'Object Repository/Page_- KAIZEN/dp_menu_Lista de Empaque' is clicked on

2020-03-13 11:59:40 - [TEST_STEP][PASSED] - executeJavaScript("document.querySelector('.btn-success[href="/DespachoPedido/Edit/" + IDPedido + ""]').click()", null): Execute JavaScript 'document.querySelector('.btn-success[href="/DespachoPedido/Edit/275"]').click()' successfully

2020-03-13 11:59:43 - [MESSAGE][PASSED] - Execute JavaScript 'document.querySelector('.btn-success[href="/DespachoPedido/Edit/275"]').click()' successfully

2020-03-13 11:59:43 - [TEST_STEP][PASSED] - for ([i = 1, i <= CantProductosDespachar, (i++)]): Object: 'Object Repository/Page_Lista de Empaque - KAIZEN/dp_click_mas_1' is clicked on

2020-03-13 11:59:43 - [TEST_STEP][PASSED] - if (CantProductos == "1"): Object: 'Object Repository/Page_Lista de Empaque - KAIZEN/dp_click_mas_1' is clicked on

2020-03-13 11:59:43 - [TEST_STEP][PASSED] - click(findTestObject("Object Repository/Page_Lista de Empaque - KAIZEN/dp_click_mas_1")): Object: 'Object Repository/Page_Lista de Empaque - KAIZEN/dp_click_mas_1' is clicked on

2020-03-13 11:59:44 - [MESSAGE][PASSED] - Object: 'Object Repository/Page_Lista de Empaque - KAIZEN/dp_click_mas_1' is clicked on

2020-03-13 11:59:44 - [TEST_STEP][PASSED] - if (CantProductos == "1"): Object: 'Object Repository/Page_Lista de Empaque - KAIZEN/dp_click_mas_1' is clicked on

2020-03-13 11:59:44 - [TEST_STEP][PASSED] - click(findTestObject("Object Repository/Page_Lista de Empaque - KAIZEN/dp_click_mas_1")): Object: 'Object Repository/Page_Lista de Empaque - KAIZEN/dp_click_mas_1' is clicked on

2020-03-13 11:59:46 - [MESSAGE][PASSED] - Object: 'Object Repository/Page_Lista de Empaque - KAIZEN/dp_click_mas_1' is clicked on

2020-03-13 11:59:46 - [TEST_STEP][PASSED] - executeJavaScript("document.querySelector(".btn-warning[onclick='GuardarModal()']").click()", null): Execute JavaScript 'document.querySelector(".btn-warning[onclick='GuardarModal()']").click()' successfully

2020-03-13 11:59:46 - [MESSAGE][PASSED] - Execute JavaScript 'document.querySelector(".btn-warning[onclick='GuardarModal()']").click()' successfully

2020-03-13 11:59:46 - [TEST_STEP][PASSED] - click(findTestObject("Object Repository/Page_Lista de Empaque - KAIZEN/dp_Aceptar")): Object: 'Object Repository/Page_Lista de Empaque - KAIZEN/dp_Aceptar' is clicked on

2020-03-13 11:59:50 - [MESSAGE][PASSED] - Object: 'Object Repository/Page_Lista de Empaque - KAIZEN/dp_Aceptar' is clicked on

2020-03-13 11:59:50 - [MESSAGE][PASSED] - Call Test Case 'Test Cases/Individual_Tests/Despacho' successfully

2020-03-13 11:59:50 - [TEST_STEP][PASSED] - callTestCase(findTestCase("Individual_Tests/Login"), ["Evento":"Despacho", "Index":Index, "Usuario":Usuario, "Contrasena":Contrasena], STOP_ON_FAILURE): Call Test Case 'Test Cases/Individual_Tests/Login' successfully

2020-03-13 11:59:50 - [TEST_CASE][PASSED] - Test Cases/Individual_Tests/Login: Test Cases/Individual_Tests/Login

2020-03-13 11:59:50 - [TEST_STEP][PASSED] - print("Evento Seleccionado: " + Evento + "
"): null

2020-03-13 11:59:50 - [TEST_STEP][PASSED] - openBrowser(Web): Browser is opened with url: 'http://kaizendev.net:8086/Login/Accesar'

2020-03-13 11:59:50 - [MESSAGE][WARNING] - A browser is already opened. Closing browser and opening a new one

2020-03-13 11:59:51 - [MESSAGE][INFO] - Starting 'Chrome' driver

2020-03-13 12:00:06 - [MESSAGE][PASSED] - Browser is opened with url: 'http://kaizendev.net:8086/Login/Accesar'

2020-03-13 12:00:06 - [TEST_STEP][PASSED] - maximizeWindow(): Current window maximized

2020-03-13 12:00:07 - [MESSAGE][PASSED] - Current window maximized

2020-03-13 12:00:07 - [TEST_STEP][PASSED] - if (Evento == "Crear20"): null

2020-03-13 12:00:07 - [TEST_STEP][PASSED] - else if (Evento == "Crear40"): null

2020-03-13 12:00:07 - [TEST_STEP][PASSED] - else if (Evento == "Aprobar"): null

2020-03-13 12:00:07 - [TEST_STEP][PASSED] - else if (Evento == "Logistica"): null

2020-03-13 12:00:07 - [TEST_STEP][PASSED] - else if (Evento == "Produccion"): null

2020-03-13 12:00:07 - [TEST_STEP][PASSED] - else if (Evento == "Inventario"): null

2020-03-13 12:00:07 - [TEST_STEP][PASSED] - else if (Evento == "Despacho"): Object: 'Object Repository/Page_Iniciar Sesion - KAIZEN/is_btn_ingresar_sistema' is clicked on

2020-03-13 12:00:07 - [TEST_STEP][PASSED] - data6 = obtener_excels.obtener_despacho.getValuesExcelDespach(Index): obtener_excels.obtener_despacho.getValuesExcelDespach is PASSED

2020-03-13 12:00:07 - [MESSAGE][PASSED] - obtener_excels.obtener_despacho.getValuesExcelDespach is PASSED

2020-03-13 12:00:07 - [TEST_STEP][PASSED] - Usuario = data6[1]: null

2020-03-13 12:00:07 - [TEST_STEP][PASSED] - Contrasena = data6[2]: null

2020-03-13 12:00:07 - [TEST_STEP][PASSED] - setText(findTestObject("Page_Iniciar Sesion - KAIZEN/is_input_email"), Usuario): Text 'automated.test@grupokaizen.net' is set on object 'Object Repository/Page_Iniciar Sesion - KAIZEN/is_input_email'

2020-03-13 12:00:08 - [MESSAGE][PASSED] - Text 'automated.test@grupokaizen.net' is set on object 'Object Repository/Page_Iniciar Sesion - KAIZEN/is_input_email'

2020-03-13 12:00:08 - [TEST_STEP][PASSED] - setEncryptedText(findTestObject("Page_Iniciar Sesion - KAIZEN/IS_input_contrasena"), Contrasena): Text ****** has been set on object 'Object Repository/Page_Iniciar Sesion - KAIZEN/IS_input_contrasena'

2020-03-13 12:00:08 - [MESSAGE][PASSED] - Text ****** has been set on object 'Object Repository/Page_Iniciar Sesion - KAIZEN/IS_input_contrasena'

2020-03-13 12:00:08 - [TEST_STEP][PASSED] - click(findTestObject("Page_Iniciar Sesion - KAIZEN/is_btn_ingresar_sistema")): Object: 'Object Repository/Page_Iniciar Sesion - KAIZEN/is_btn_ingresar_sistema' is clicked on

2020-03-13 12:00:10 - [MESSAGE][PASSED] - Object: 'Object Repository/Page_Iniciar Sesion - KAIZEN/is_btn_ingresar_sistema' is clicked on

2020-03-13 12:00:10 - [MESSAGE][PASSED] - Call Test Case 'Test Cases/Individual_Tests/Login' successfully

2020-03-13 12:00:10 - [TEST_STEP][PASSED] - callTestCase(findTestCase("Individual_Tests/Seleccionar_Idioma"), ["Evento":"Despacho", "Index":Index], STOP_ON_FAILURE): Call Test Case 'Test Cases/Individual_Tests/Seleccionar_Idioma' successfully

2020-03-13 12:00:10 - [TEST_CASE][PASSED] - Test Cases/Individual_Tests/Seleccionar_Idioma: Test Cases/Individual_Tests/Seleccionar_Idioma

2020-03-13 12:00:10 - [TEST_STEP][PASSED] - Idioma = 0: null

2020-03-13 12:00:10 - [TEST_STEP][PASSED] - if (Evento == "Crear20"): null

2020-03-13 12:00:10 - [TEST_STEP][PASSED] - else if (Evento == "Crear40"): null

2020-03-13 12:00:10 - [TEST_STEP][PASSED] - else if (Evento == "Aprobar"): null

2020-03-13 12:00:10 - [TEST_STEP][PASSED] - else if (Evento == "Logistica"): null

2020-03-13 12:00:10 - [TEST_STEP][PASSED] - else if (Evento == "Produccion"): null

2020-03-13 12:00:10 - [TEST_STEP][PASSED] - else if (Evento == "Inventario"): null

2020-03-13 12:00:10 - [TEST_STEP][PASSED] - else if (Evento == "Despacho"): null

2020-03-13 12:00:10 - [TEST_STEP][PASSED] - data6 = obtener_excels.obtener_despacho.getValuesExcelDespach(Index): obtener_excels.obtener_despacho.getValuesExcelDespach is PASSED

2020-03-13 12:00:10 - [MESSAGE][PASSED] - obtener_excels.obtener_despacho.getValuesExcelDespach is PASSED

2020-03-13 12:00:10 - [TEST_STEP][PASSED] - Idioma = data6[0]: null

2020-03-13 12:00:10 - [TEST_STEP][PASSED] - click(findTestObject("Page_- KAIZEN/si_btn_idioma")): Object: 'Object Repository/Page_- KAIZEN/si_btn_idioma' is clicked on

2020-03-13 12:00:10 - [MESSAGE][PASSED] - Object: 'Object Repository/Page_- KAIZEN/si_btn_idioma' is clicked on

2020-03-13 12:00:10 - [TEST_STEP][PASSED] - if (Idioma == "0"): null

2020-03-13 12:00:10 - [TEST_STEP][PASSED] - else: Object: 'Object Repository/Page_- KAIZEN/si_Spanish' is clicked on

2020-03-13 12:00:10 - [TEST_STEP][PASSED] - click(findTestObject("Page_- KAIZEN/si_Spanish")): Object: 'Object Repository/Page_- KAIZEN/si_Spanish' is clicked on

2020-03-13 12:00:11 - [MESSAGE][PASSED] - Object: 'Object Repository/Page_- KAIZEN/si_Spanish' is clicked on

2020-03-13 12:00:11 - [MESSAGE][PASSED] - Call Test Case 'Test Cases/Individual_Tests/Seleccionar_Idioma' successfully

2020-03-13 12:00:11 - [TEST_STEP][FAILED] - callTestCase(findTestCase("Individual_Tests/Despacho"), ["Index":Index], STOP_ON_FAILURE): Unable to call Test Case 'Test Cases/Individual_Tests/Despacho' (Root cause: com.kms.katalon.core.exception.StepFailedException: Call Test Case 'Test Cases/Individual_Tests/Despacho' failed
	at com.kms.katalon.core.keyword.builtin.CallTestCaseKeyword$_callTestCase_closure1.doCall(CallTestCaseKeyword.groovy:63)
	at com.kms.katalon.core.keyword.builtin.CallTestCaseKeyword$_callTestCase_closure1.call(CallTestCaseKeyword.groovy)
	at com.kms.katalon.core.keyword.internal.KeywordMain.runKeyword(KeywordMain.groovy:68)
	at com.kms.katalon.core.keyword.builtin.CallTestCaseKeyword.callTestCase(CallTestCaseKeyword.groovy:81)
	at com.kms.katalon.core.keyword.builtin.CallTestCaseKeyword.execute(CallTestCaseKeyword.groovy:44)
	at com.kms.katalon.core.keyword.internal.KeywordExecutor.executeKeywordForPlatform(KeywordExecutor.groovy:72)
	at com.kms.katalon.core.keyword.BuiltinKeywords.callTestCase(BuiltinKeywords.groovy:334)
	at TC_Agregar_Despacho.run(TC_Agregar_Despacho:31)
	at com.kms.katalon.core.main.ScriptEngine.run(ScriptEngine.java:194)
	at com.kms.katalon.core.main.ScriptEngine.runScriptAsRawText(ScriptEngine.java:119)
	at com.kms.katalon.core.main.TestCaseExecutor.runScript(TestCaseExecutor.java:337)
	at com.kms.katalon.core.main.TestCaseExecutor.doExecute(TestCaseExecutor.java:328)
	at com.kms.katalon.core.main.TestCaseExecutor.processExecutionPhase(TestCaseExecutor.java:307)
	at com.kms.katalon.core.main.TestCaseExecutor.accessMainPhase(TestCaseExecutor.java:299)
	at com.kms.katalon.core.main.TestCaseExecutor.execute(TestCaseExecutor.java:233)
	at com.kms.katalon.core.main.TestSuiteExecutor.accessTestCaseMainPhase(TestSuiteExecutor.java:169)
	at com.kms.katalon.core.main.TestSuiteExecutor.accessTestSuiteMainPhase(TestSuiteExecutor.java:142)
	at com.kms.katalon.core.main.TestSuiteExecutor.execute(TestSuiteExecutor.java:91)
	at com.kms.katalon.core.main.TestCaseMain.startTestSuite(TestCaseMain.java:157)
	at com.kms.katalon.core.main.TestCaseMain$startTestSuite$0.call(Unknown Source)
	at TempTestSuite1584113979946.run(TempTestSuite1584113979946.groovy:36)
Caused by: com.kms.katalon.core.exception.StepFailedException: Unable to execute JavaScript.
	at com.kms.katalon.core.webui.keyword.internal.WebUIKeywordMain.stepFailed(WebUIKeywordMain.groovy:64)
	at com.kms.katalon.core.webui.keyword.internal.WebUIKeywordMain.runKeyword(WebUIKeywordMain.groovy:26)
	at com.kms.katalon.core.webui.keyword.builtin.ExecuteJavaScriptKeyword.executeJavascript(ExecuteJavascriptKeyword.groovy:42)
	at com.kms.katalon.core.webui.keyword.builtin.ExecuteJavaScriptKeyword.execute(ExecuteJavascriptKeyword.groovy:37)
	at com.kms.katalon.core.keyword.internal.KeywordExecutor.executeKeywordForPlatform(KeywordExecutor.groovy:72)
	at com.kms.katalon.core.webui.keyword.WebUiBuiltInKeywords.executeJavaScript(WebUiBuiltInKeywords.groovy:3787)
	at com.kms.katalon.core.webui.keyword.WebUiBuiltInKeywords$executeJavaScript$4.call(Unknown Source)
	at Despacho.run(Despacho:32)
	at com.kms.katalon.core.main.ScriptEngine.run(ScriptEngine.java:194)
	at com.kms.katalon.core.main.ScriptEngine.runScriptAsRawText(ScriptEngine.java:119)
	at com.kms.katalon.core.main.TestCaseExecutor.runScript(TestCaseExecutor.java:337)
	at com.kms.katalon.core.main.TestCaseExecutor.doExecute(TestCaseExecutor.java:328)
	at com.kms.katalon.core.main.TestCaseExecutor.processExecutionPhase(TestCaseExecutor.java:307)
	at com.kms.katalon.core.main.TestCaseExecutor.accessMainPhase(TestCaseExecutor.java:299)
	at com.kms.katalon.core.main.TestCaseExecutor.execute(TestCaseExecutor.java:233)
	at com.kms.katalon.core.main.TestCaseMain.runTestCase(TestCaseMain.java:114)
	at com.kms.katalon.core.keyword.builtin.CallTestCaseKeyword$_callTestCase_closure1.doCall(CallTestCaseKeyword.groovy:59)
	... 20 more
Caused by: org.openqa.selenium.JavascriptException: javascript error: Cannot read property 'click' of null
  (Session info: chrome=80.0.3987.132)
Build info: version: '3.141.59', revision: 'e82be7d358', time: '2018-11-14T08:25:53'
System info: host: 'LAPTOP-K43U1BVQ', ip: '192.168.99.1', os.name: 'Windows 10', os.arch: 'amd64', os.version: '10.0', java.version: '1.8.0_181'
Driver info: com.kms.katalon.selenium.driver.CChromeDriver
Capabilities {acceptInsecureCerts: false, browserName: chrome, browserVersion: 80.0.3987.132, chrome: {chromedriverVersion: 79.0.3945.36 (3582db32b3389..., userDataDir: C:\Users\kaizen\AppData\Loc...}, goog:chromeOptions: {debuggerAddress: localhost:13453}, javascriptEnabled: true, networkConnectionEnabled: false, pageLoadStrategy: normal, platform: WINDOWS, platformName: WINDOWS, proxy: Proxy(), setWindowRect: true, strictFileInteractability: false, timeouts: {implicit: 0, pageLoad: 300000, script: 30000}, unhandledPromptBehavior: dismiss and notify}
Session ID: 17e95f4eb308c85fecd45eef53f27854
	at org.openqa.selenium.remote.http.W3CHttpResponseCodec.createException(W3CHttpResponseCodec.java:187)
	at org.openqa.selenium.remote.http.W3CHttpResponseCodec.decode(W3CHttpResponseCodec.java:122)
	at org.openqa.selenium.remote.http.W3CHttpResponseCodec.decode(W3CHttpResponseCodec.java:49)
	at org.openqa.selenium.remote.HttpCommandExecutor.execute(HttpCommandExecutor.java:158)
	at org.openqa.selenium.remote.service.DriverCommandExecutor.execute(DriverCommandExecutor.java:83)
	at org.openqa.selenium.remote.RemoteWebDriver.execute(RemoteWebDriver.java:552)
	at com.kms.katalon.selenium.driver.CChromeDriver.execute(CChromeDriver.java:19)
	at org.openqa.selenium.remote.RemoteWebDriver.executeScript(RemoteWebDriver.java:489)
	at org.openqa.selenium.support.events.EventFiringWebDriver.lambda$new$1(EventFiringWebDriver.java:105)
	at com.sun.proxy.$Proxy9.executeScript(Unknown Source)
	at org.openqa.selenium.support.events.EventFiringWebDriver.executeScript(EventFiringWebDriver.java:229)
	at com.kms.katalon.core.webui.keyword.builtin.ExecuteJavaScriptKeyword$_executeJavascript_closure1.doCall(ExecuteJavascriptKeyword.groovy:48)
	at com.kms.katalon.core.webui.keyword.builtin.ExecuteJavaScriptKeyword$_executeJavascript_closure1.call(ExecuteJavascriptKeyword.groovy)
	at com.kms.katalon.core.webui.keyword.internal.WebUIKeywordMain.runKeyword(WebUIKeywordMain.groovy:20)
	... 35 more
)

2020-03-13 12:00:11 - [TEST_CASE][FAILED] - Test Cases/Individual_Tests/Despacho: Test Cases/Individual_Tests/Despacho FAILED.
Reason:
com.kms.katalon.core.exception.StepFailedException: Unable to execute JavaScript.
	at com.kms.katalon.core.webui.keyword.internal.WebUIKeywordMain.stepFailed(WebUIKeywordMain.groovy:64)
	at com.kms.katalon.core.webui.keyword.internal.WebUIKeywordMain.runKeyword(WebUIKeywordMain.groovy:26)
	at com.kms.katalon.core.webui.keyword.builtin.ExecuteJavaScriptKeyword.executeJavascript(ExecuteJavascriptKeyword.groovy:42)
	at com.kms.katalon.core.webui.keyword.builtin.ExecuteJavaScriptKeyword.execute(ExecuteJavascriptKeyword.groovy:37)
	at com.kms.katalon.core.keyword.internal.KeywordExecutor.executeKeywordForPlatform(KeywordExecutor.groovy:72)
	at com.kms.katalon.core.webui.keyword.WebUiBuiltInKeywords.executeJavaScript(WebUiBuiltInKeywords.groovy:3787)
	at com.kms.katalon.core.webui.keyword.WebUiBuiltInKeywords$executeJavaScript$4.call(Unknown Source)
	at Despacho.run(Despacho:32)
	at com.kms.katalon.core.main.ScriptEngine.run(ScriptEngine.java:194)
	at com.kms.katalon.core.main.ScriptEngine.runScriptAsRawText(ScriptEngine.java:119)
	at com.kms.katalon.core.main.TestCaseExecutor.runScript(TestCaseExecutor.java:337)
	at com.kms.katalon.core.main.TestCaseExecutor.doExecute(TestCaseExecutor.java:328)
	at com.kms.katalon.core.main.TestCaseExecutor.processExecutionPhase(TestCaseExecutor.java:307)
	at com.kms.katalon.core.main.TestCaseExecutor.accessMainPhase(TestCaseExecutor.java:299)
	at com.kms.katalon.core.main.TestCaseExecutor.execute(TestCaseExecutor.java:233)
	at com.kms.katalon.core.main.TestCaseMain.runTestCase(TestCaseMain.java:114)
	at com.kms.katalon.core.keyword.builtin.CallTestCaseKeyword$_callTestCase_closure1.doCall(CallTestCaseKeyword.groovy:59)
	at com.kms.katalon.core.keyword.builtin.CallTestCaseKeyword$_callTestCase_closure1.call(CallTestCaseKeyword.groovy)
	at com.kms.katalon.core.keyword.internal.KeywordMain.runKeyword(KeywordMain.groovy:68)
	at com.kms.katalon.core.keyword.builtin.CallTestCaseKeyword.callTestCase(CallTestCaseKeyword.groovy:81)
	at com.kms.katalon.core.keyword.builtin.CallTestCaseKeyword.execute(CallTestCaseKeyword.groovy:44)
	at com.kms.katalon.core.keyword.internal.KeywordExecutor.executeKeywordForPlatform(KeywordExecutor.groovy:72)
	at com.kms.katalon.core.keyword.BuiltinKeywords.callTestCase(BuiltinKeywords.groovy:334)
	at TC_Agregar_Despacho.run(TC_Agregar_Despacho:31)
	at com.kms.katalon.core.main.ScriptEngine.run(ScriptEngine.java:194)
	at com.kms.katalon.core.main.ScriptEngine.runScriptAsRawText(ScriptEngine.java:119)
	at com.kms.katalon.core.main.TestCaseExecutor.runScript(TestCaseExecutor.java:337)
	at com.kms.katalon.core.main.TestCaseExecutor.doExecute(TestCaseExecutor.java:328)
	at com.kms.katalon.core.main.TestCaseExecutor.processExecutionPhase(TestCaseExecutor.java:307)
	at com.kms.katalon.core.main.TestCaseExecutor.accessMainPhase(TestCaseExecutor.java:299)
	at com.kms.katalon.core.main.TestCaseExecutor.execute(TestCaseExecutor.java:233)
	at com.kms.katalon.core.main.TestSuiteExecutor.accessTestCaseMainPhase(TestSuiteExecutor.java:169)
	at com.kms.katalon.core.main.TestSuiteExecutor.accessTestSuiteMainPhase(TestSuiteExecutor.java:142)
	at com.kms.katalon.core.main.TestSuiteExecutor.execute(TestSuiteExecutor.java:91)
	at com.kms.katalon.core.main.TestCaseMain.startTestSuite(TestCaseMain.java:157)
	at com.kms.katalon.core.main.TestCaseMain$startTestSuite$0.call(Unknown Source)
	at TempTestSuite1584113979946.run(TempTestSuite1584113979946.groovy:36)
Caused by: org.openqa.selenium.JavascriptException: javascript error: Cannot read property 'click' of null
  (Session info: chrome=80.0.3987.132)
Build info: version: '3.141.59', revision: 'e82be7d358', time: '2018-11-14T08:25:53'
System info: host: 'LAPTOP-K43U1BVQ', ip: '192.168.99.1', os.name: 'Windows 10', os.arch: 'amd64', os.version: '10.0', java.version: '1.8.0_181'
Driver info: com.kms.katalon.selenium.driver.CChromeDriver
Capabilities {acceptInsecureCerts: false, browserName: chrome, browserVersion: 80.0.3987.132, chrome: {chromedriverVersion: 79.0.3945.36 (3582db32b3389..., userDataDir: C:\Users\kaizen\AppData\Loc...}, goog:chromeOptions: {debuggerAddress: localhost:13453}, javascriptEnabled: true, networkConnectionEnabled: false, pageLoadStrategy: normal, platform: WINDOWS, platformName: WINDOWS, proxy: Proxy(), setWindowRect: true, strictFileInteractability: false, timeouts: {implicit: 0, pageLoad: 300000, script: 30000}, unhandledPromptBehavior: dismiss and notify}
Session ID: 17e95f4eb308c85fecd45eef53f27854
	at org.openqa.selenium.remote.http.W3CHttpResponseCodec.createException(W3CHttpResponseCodec.java:187)
	at org.openqa.selenium.remote.http.W3CHttpResponseCodec.decode(W3CHttpResponseCodec.java:122)
	at org.openqa.selenium.remote.http.W3CHttpResponseCodec.decode(W3CHttpResponseCodec.java:49)
	at org.openqa.selenium.remote.HttpCommandExecutor.execute(HttpCommandExecutor.java:158)
	at org.openqa.selenium.remote.service.DriverCommandExecutor.execute(DriverCommandExecutor.java:83)
	at org.openqa.selenium.remote.RemoteWebDriver.execute(RemoteWebDriver.java:552)
	at com.kms.katalon.selenium.driver.CChromeDriver.execute(CChromeDriver.java:19)
	at org.openqa.selenium.remote.RemoteWebDriver.executeScript(RemoteWebDriver.java:489)
	at org.openqa.selenium.support.events.EventFiringWebDriver.lambda$new$1(EventFiringWebDriver.java:105)
	at com.sun.proxy.$Proxy9.executeScript(Unknown Source)
	at org.openqa.selenium.support.events.EventFiringWebDriver.executeScript(EventFiringWebDriver.java:229)
	at com.kms.katalon.core.webui.keyword.builtin.ExecuteJavaScriptKeyword$_executeJavascript_closure1.doCall(ExecuteJavascriptKeyword.groovy:48)
	at com.kms.katalon.core.webui.keyword.builtin.ExecuteJavaScriptKeyword$_executeJavascript_closure1.call(ExecuteJavascriptKeyword.groovy)
	at com.kms.katalon.core.webui.keyword.internal.WebUIKeywordMain.runKeyword(WebUIKeywordMain.groovy:20)
	... 35 more


2020-03-13 12:00:11 - [TEST_STEP][PASSED] - data = obtener_excels.obtener_despacho.getValuesExcelDespach(Index): obtener_excels.obtener_despacho.getValuesExcelDespach is PASSED

2020-03-13 12:00:11 - [MESSAGE][PASSED] - obtener_excels.obtener_despacho.getValuesExcelDespach is PASSED

2020-03-13 12:00:11 - [TEST_STEP][PASSED] - IdPedido = data[3]: null

2020-03-13 12:00:11 - [TEST_STEP][PASSED] - Id_Cliente = data[4]: null

2020-03-13 12:00:11 - [TEST_STEP][PASSED] - CantProd = data[5]: null

2020-03-13 12:00:11 - [TEST_STEP][PASSED] - IDPedido = IdPedido: null

2020-03-13 12:00:11 - [TEST_STEP][PASSED] - IDCliente = Id_Cliente: null

2020-03-13 12:00:11 - [TEST_STEP][PASSED] - CantProductos = CantProd: null

2020-03-13 12:00:11 - [TEST_STEP][PASSED] - click(findTestObject("Object Repository/Page_- KAIZEN/dp_menu_Operaciones")): Object: 'Object Repository/Page_- KAIZEN/dp_menu_Operaciones' is clicked on

2020-03-13 12:00:12 - [MESSAGE][PASSED] - Object: 'Object Repository/Page_- KAIZEN/dp_menu_Operaciones' is clicked on

2020-03-13 12:00:12 - [TEST_STEP][PASSED] - click(findTestObject("Object Repository/Page_- KAIZEN/dp_menu_Lista de Empaque")): Object: 'Object Repository/Page_- KAIZEN/dp_menu_Lista de Empaque' is clicked on

2020-03-13 12:00:15 - [MESSAGE][PASSED] - Object: 'Object Repository/Page_- KAIZEN/dp_menu_Lista de Empaque' is clicked on

2020-03-13 12:00:15 - [TEST_STEP][FAILED] - executeJavaScript("document.querySelector('.btn-success[href="/DespachoPedido/Edit/" + IDPedido + ""]').click()", null): Unable to execute JavaScript. (Root cause: com.kms.katalon.core.exception.StepFailedException: Unable to execute JavaScript.
	at com.kms.katalon.core.webui.keyword.internal.WebUIKeywordMain.stepFailed(WebUIKeywordMain.groovy:64)
	at com.kms.katalon.core.webui.keyword.internal.WebUIKeywordMain.runKeyword(WebUIKeywordMain.groovy:26)
	at com.kms.katalon.core.webui.keyword.builtin.ExecuteJavaScriptKeyword.executeJavascript(ExecuteJavascriptKeyword.groovy:42)
	at com.kms.katalon.core.webui.keyword.builtin.ExecuteJavaScriptKeyword.execute(ExecuteJavascriptKeyword.groovy:37)
	at com.kms.katalon.core.keyword.internal.KeywordExecutor.executeKeywordForPlatform(KeywordExecutor.groovy:72)
	at com.kms.katalon.core.webui.keyword.WebUiBuiltInKeywords.executeJavaScript(WebUiBuiltInKeywords.groovy:3787)
	at com.kms.katalon.core.webui.keyword.WebUiBuiltInKeywords$executeJavaScript$4.call(Unknown Source)
	at Despacho.run(Despacho:32)
	at com.kms.katalon.core.main.ScriptEngine.run(ScriptEngine.java:194)
	at com.kms.katalon.core.main.ScriptEngine.runScriptAsRawText(ScriptEngine.java:119)
	at com.kms.katalon.core.main.TestCaseExecutor.runScript(TestCaseExecutor.java:337)
	at com.kms.katalon.core.main.TestCaseExecutor.doExecute(TestCaseExecutor.java:328)
	at com.kms.katalon.core.main.TestCaseExecutor.processExecutionPhase(TestCaseExecutor.java:307)
	at com.kms.katalon.core.main.TestCaseExecutor.accessMainPhase(TestCaseExecutor.java:299)
	at com.kms.katalon.core.main.TestCaseExecutor.execute(TestCaseExecutor.java:233)
	at com.kms.katalon.core.main.TestCaseMain.runTestCase(TestCaseMain.java:114)
	at com.kms.katalon.core.keyword.builtin.CallTestCaseKeyword$_callTestCase_closure1.doCall(CallTestCaseKeyword.groovy:59)
	at com.kms.katalon.core.keyword.builtin.CallTestCaseKeyword$_callTestCase_closure1.call(CallTestCaseKeyword.groovy)
	at com.kms.katalon.core.keyword.internal.KeywordMain.runKeyword(KeywordMain.groovy:68)
	at com.kms.katalon.core.keyword.builtin.CallTestCaseKeyword.callTestCase(CallTestCaseKeyword.groovy:81)
	at com.kms.katalon.core.keyword.builtin.CallTestCaseKeyword.execute(CallTestCaseKeyword.groovy:44)
	at com.kms.katalon.core.keyword.internal.KeywordExecutor.executeKeywordForPlatform(KeywordExecutor.groovy:72)
	at com.kms.katalon.core.keyword.BuiltinKeywords.callTestCase(BuiltinKeywords.groovy:334)
	at TC_Agregar_Despacho.run(TC_Agregar_Despacho:31)
	at com.kms.katalon.core.main.ScriptEngine.run(ScriptEngine.java:194)
	at com.kms.katalon.core.main.ScriptEngine.runScriptAsRawText(ScriptEngine.java:119)
	at com.kms.katalon.core.main.TestCaseExecutor.runScript(TestCaseExecutor.java:337)
	at com.kms.katalon.core.main.TestCaseExecutor.doExecute(TestCaseExecutor.java:328)
	at com.kms.katalon.core.main.TestCaseExecutor.processExecutionPhase(TestCaseExecutor.java:307)
	at com.kms.katalon.core.main.TestCaseExecutor.accessMainPhase(TestCaseExecutor.java:299)
	at com.kms.katalon.core.main.TestCaseExecutor.execute(TestCaseExecutor.java:233)
	at com.kms.katalon.core.main.TestSuiteExecutor.accessTestCaseMainPhase(TestSuiteExecutor.java:169)
	at com.kms.katalon.core.main.TestSuiteExecutor.accessTestSuiteMainPhase(TestSuiteExecutor.java:142)
	at com.kms.katalon.core.main.TestSuiteExecutor.execute(TestSuiteExecutor.java:91)
	at com.kms.katalon.core.main.TestCaseMain.startTestSuite(TestCaseMain.java:157)
	at com.kms.katalon.core.main.TestCaseMain$startTestSuite$0.call(Unknown Source)
	at TempTestSuite1584113979946.run(TempTestSuite1584113979946.groovy:36)
Caused by: org.openqa.selenium.JavascriptException: javascript error: Cannot read property 'click' of null
  (Session info: chrome=80.0.3987.132)
Build info: version: '3.141.59', revision: 'e82be7d358', time: '2018-11-14T08:25:53'
System info: host: 'LAPTOP-K43U1BVQ', ip: '192.168.99.1', os.name: 'Windows 10', os.arch: 'amd64', os.version: '10.0', java.version: '1.8.0_181'
Driver info: com.kms.katalon.selenium.driver.CChromeDriver
Capabilities {acceptInsecureCerts: false, browserName: chrome, browserVersion: 80.0.3987.132, chrome: {chromedriverVersion: 79.0.3945.36 (3582db32b3389..., userDataDir: C:\Users\kaizen\AppData\Loc...}, goog:chromeOptions: {debuggerAddress: localhost:13453}, javascriptEnabled: true, networkConnectionEnabled: false, pageLoadStrategy: normal, platform: WINDOWS, platformName: WINDOWS, proxy: Proxy(), setWindowRect: true, strictFileInteractability: false, timeouts: {implicit: 0, pageLoad: 300000, script: 30000}, unhandledPromptBehavior: dismiss and notify}
Session ID: 17e95f4eb308c85fecd45eef53f27854
	at org.openqa.selenium.remote.http.W3CHttpResponseCodec.createException(W3CHttpResponseCodec.java:187)
	at org.openqa.selenium.remote.http.W3CHttpResponseCodec.decode(W3CHttpResponseCodec.java:122)
	at org.openqa.selenium.remote.http.W3CHttpResponseCodec.decode(W3CHttpResponseCodec.java:49)
	at org.openqa.selenium.remote.HttpCommandExecutor.execute(HttpCommandExecutor.java:158)
	at org.openqa.selenium.remote.service.DriverCommandExecutor.execute(DriverCommandExecutor.java:83)
	at org.openqa.selenium.remote.RemoteWebDriver.execute(RemoteWebDriver.java:552)
	at com.kms.katalon.selenium.driver.CChromeDriver.execute(CChromeDriver.java:19)
	at org.openqa.selenium.remote.RemoteWebDriver.executeScript(RemoteWebDriver.java:489)
	at org.openqa.selenium.support.events.EventFiringWebDriver.lambda$new$1(EventFiringWebDriver.java:105)
	at com.sun.proxy.$Proxy9.executeScript(Unknown Source)
	at org.openqa.selenium.support.events.EventFiringWebDriver.executeScript(EventFiringWebDriver.java:229)
	at com.kms.katalon.core.webui.keyword.builtin.ExecuteJavaScriptKeyword$_executeJavascript_closure1.doCall(ExecuteJavascriptKeyword.groovy:48)
	at com.kms.katalon.core.webui.keyword.builtin.ExecuteJavaScriptKeyword$_executeJavascript_closure1.call(ExecuteJavascriptKeyword.groovy)
	at com.kms.katalon.core.webui.keyword.internal.WebUIKeywordMain.runKeyword(WebUIKeywordMain.groovy:20)
	at com.kms.katalon.core.webui.keyword.builtin.ExecuteJavaScriptKeyword.executeJavascript(ExecuteJavascriptKeyword.groovy:42)
	at com.kms.katalon.core.webui.keyword.builtin.ExecuteJavaScriptKeyword.execute(ExecuteJavascriptKeyword.groovy:37)
	at com.kms.katalon.core.keyword.internal.KeywordExecutor.executeKeywordForPlatform(KeywordExecutor.groovy:72)
	at com.kms.katalon.core.webui.keyword.WebUiBuiltInKeywords.executeJavaScript(WebUiBuiltInKeywords.groovy:3787)
	at com.kms.katalon.core.webui.keyword.WebUiBuiltInKeywords$executeJavaScript$4.call(Unknown Source)
	at Script1582302053560.run(Script1582302053560.groovy:32)
	at com.kms.katalon.core.main.ScriptEngine.run(ScriptEngine.java:194)
	at com.kms.katalon.core.main.ScriptEngine.runScriptAsRawText(ScriptEngine.java:119)
	at com.kms.katalon.core.main.TestCaseExecutor.runScript(TestCaseExecutor.java:337)
	at com.kms.katalon.core.main.TestCaseExecutor.doExecute(TestCaseExecutor.java:328)
	at com.kms.katalon.core.main.TestCaseExecutor.processExecutionPhase(TestCaseExecutor.java:307)
	at com.kms.katalon.core.main.TestCaseExecutor.accessMainPhase(TestCaseExecutor.java:299)
	at com.kms.katalon.core.main.TestCaseExecutor.execute(TestCaseExecutor.java:233)
	at com.kms.katalon.core.main.TestCaseMain.runTestCase(TestCaseMain.java:114)
	at com.kms.katalon.core.keyword.builtin.CallTestCaseKeyword$_callTestCase_closure1.doCall(CallTestCaseKeyword.groovy:59)
	at com.kms.katalon.core.keyword.builtin.CallTestCaseKeyword$_callTestCase_closure1.call(CallTestCaseKeyword.groovy)
	at com.kms.katalon.core.keyword.internal.KeywordMain.runKeyword(KeywordMain.groovy:68)
	at com.kms.katalon.core.keyword.builtin.CallTestCaseKeyword.callTestCase(CallTestCaseKeyword.groovy:81)
	at com.kms.katalon.core.keyword.builtin.CallTestCaseKeyword.execute(CallTestCaseKeyword.groovy:44)
	at com.kms.katalon.core.keyword.internal.KeywordExecutor.executeKeywordForPlatform(KeywordExecutor.groovy:72)
	at com.kms.katalon.core.keyword.BuiltinKeywords.callTestCase(BuiltinKeywords.groovy:334)
	at Script1582301870684.run(Script1582301870684.groovy:31)
	... 13 more
)

2020-03-13 12:00:15 - [MESSAGE][FAILED] - Unable to execute JavaScript. (Root cause: com.kms.katalon.core.exception.StepFailedException: Unable to execute JavaScript.
	at com.kms.katalon.core.webui.keyword.internal.WebUIKeywordMain.stepFailed(WebUIKeywordMain.groovy:64)
	at com.kms.katalon.core.webui.keyword.internal.WebUIKeywordMain.runKeyword(WebUIKeywordMain.groovy:26)
	at com.kms.katalon.core.webui.keyword.builtin.ExecuteJavaScriptKeyword.executeJavascript(ExecuteJavascriptKeyword.groovy:42)
	at com.kms.katalon.core.webui.keyword.builtin.ExecuteJavaScriptKeyword.execute(ExecuteJavascriptKeyword.groovy:37)
	at com.kms.katalon.core.keyword.internal.KeywordExecutor.executeKeywordForPlatform(KeywordExecutor.groovy:72)
	at com.kms.katalon.core.webui.keyword.WebUiBuiltInKeywords.executeJavaScript(WebUiBuiltInKeywords.groovy:3787)
	at com.kms.katalon.core.webui.keyword.WebUiBuiltInKeywords$executeJavaScript$4.call(Unknown Source)
	at Despacho.run(Despacho:32)
	at com.kms.katalon.core.main.ScriptEngine.run(ScriptEngine.java:194)
	at com.kms.katalon.core.main.ScriptEngine.runScriptAsRawText(ScriptEngine.java:119)
	at com.kms.katalon.core.main.TestCaseExecutor.runScript(TestCaseExecutor.java:337)
	at com.kms.katalon.core.main.TestCaseExecutor.doExecute(TestCaseExecutor.java:328)
	at com.kms.katalon.core.main.TestCaseExecutor.processExecutionPhase(TestCaseExecutor.java:307)
	at com.kms.katalon.core.main.TestCaseExecutor.accessMainPhase(TestCaseExecutor.java:299)
	at com.kms.katalon.core.main.TestCaseExecutor.execute(TestCaseExecutor.java:233)
	at com.kms.katalon.core.main.TestCaseMain.runTestCase(TestCaseMain.java:114)
	at com.kms.katalon.core.keyword.builtin.CallTestCaseKeyword$_callTestCase_closure1.doCall(CallTestCaseKeyword.groovy:59)
	at com.kms.katalon.core.keyword.builtin.CallTestCaseKeyword$_callTestCase_closure1.call(CallTestCaseKeyword.groovy)
	at com.kms.katalon.core.keyword.internal.KeywordMain.runKeyword(KeywordMain.groovy:68)
	at com.kms.katalon.core.keyword.builtin.CallTestCaseKeyword.callTestCase(CallTestCaseKeyword.groovy:81)
	at com.kms.katalon.core.keyword.builtin.CallTestCaseKeyword.execute(CallTestCaseKeyword.groovy:44)
	at com.kms.katalon.core.keyword.internal.KeywordExecutor.executeKeywordForPlatform(KeywordExecutor.groovy:72)
	at com.kms.katalon.core.keyword.BuiltinKeywords.callTestCase(BuiltinKeywords.groovy:334)
	at TC_Agregar_Despacho.run(TC_Agregar_Despacho:31)
	at com.kms.katalon.core.main.ScriptEngine.run(ScriptEngine.java:194)
	at com.kms.katalon.core.main.ScriptEngine.runScriptAsRawText(ScriptEngine.java:119)
	at com.kms.katalon.core.main.TestCaseExecutor.runScript(TestCaseExecutor.java:337)
	at com.kms.katalon.core.main.TestCaseExecutor.doExecute(TestCaseExecutor.java:328)
	at com.kms.katalon.core.main.TestCaseExecutor.processExecutionPhase(TestCaseExecutor.java:307)
	at com.kms.katalon.core.main.TestCaseExecutor.accessMainPhase(TestCaseExecutor.java:299)
	at com.kms.katalon.core.main.TestCaseExecutor.execute(TestCaseExecutor.java:233)
	at com.kms.katalon.core.main.TestSuiteExecutor.accessTestCaseMainPhase(TestSuiteExecutor.java:169)
	at com.kms.katalon.core.main.TestSuiteExecutor.accessTestSuiteMainPhase(TestSuiteExecutor.java:142)
	at com.kms.katalon.core.main.TestSuiteExecutor.execute(TestSuiteExecutor.java:91)
	at com.kms.katalon.core.main.TestCaseMain.startTestSuite(TestCaseMain.java:157)
	at com.kms.katalon.core.main.TestCaseMain$startTestSuite$0.call(Unknown Source)
	at TempTestSuite1584113979946.run(TempTestSuite1584113979946.groovy:36)
Caused by: org.openqa.selenium.JavascriptException: javascript error: Cannot read property 'click' of null
  (Session info: chrome=80.0.3987.132)
Build info: version: '3.141.59', revision: 'e82be7d358', time: '2018-11-14T08:25:53'
System info: host: 'LAPTOP-K43U1BVQ', ip: '192.168.99.1', os.name: 'Windows 10', os.arch: 'amd64', os.version: '10.0', java.version: '1.8.0_181'
Driver info: com.kms.katalon.selenium.driver.CChromeDriver
Capabilities {acceptInsecureCerts: false, browserName: chrome, browserVersion: 80.0.3987.132, chrome: {chromedriverVersion: 79.0.3945.36 (3582db32b3389..., userDataDir: C:\Users\kaizen\AppData\Loc...}, goog:chromeOptions: {debuggerAddress: localhost:13453}, javascriptEnabled: true, networkConnectionEnabled: false, pageLoadStrategy: normal, platform: WINDOWS, platformName: WINDOWS, proxy: Proxy(), setWindowRect: true, strictFileInteractability: false, timeouts: {implicit: 0, pageLoad: 300000, script: 30000}, unhandledPromptBehavior: dismiss and notify}
Session ID: 17e95f4eb308c85fecd45eef53f27854
	at org.openqa.selenium.remote.http.W3CHttpResponseCodec.createException(W3CHttpResponseCodec.java:187)
	at org.openqa.selenium.remote.http.W3CHttpResponseCodec.decode(W3CHttpResponseCodec.java:122)
	at org.openqa.selenium.remote.http.W3CHttpResponseCodec.decode(W3CHttpResponseCodec.java:49)
	at org.openqa.selenium.remote.HttpCommandExecutor.execute(HttpCommandExecutor.java:158)
	at org.openqa.selenium.remote.service.DriverCommandExecutor.execute(DriverCommandExecutor.java:83)
	at org.openqa.selenium.remote.RemoteWebDriver.execute(RemoteWebDriver.java:552)
	at com.kms.katalon.selenium.driver.CChromeDriver.execute(CChromeDriver.java:19)
	at org.openqa.selenium.remote.RemoteWebDriver.executeScript(RemoteWebDriver.java:489)
	at org.openqa.selenium.support.events.EventFiringWebDriver.lambda$new$1(EventFiringWebDriver.java:105)
	at com.sun.proxy.$Proxy9.executeScript(Unknown Source)
	at org.openqa.selenium.support.events.EventFiringWebDriver.executeScript(EventFiringWebDriver.java:229)
	at com.kms.katalon.core.webui.keyword.builtin.ExecuteJavaScriptKeyword$_executeJavascript_closure1.doCall(ExecuteJavascriptKeyword.groovy:48)
	at com.kms.katalon.core.webui.keyword.builtin.ExecuteJavaScriptKeyword$_executeJavascript_closure1.call(ExecuteJavascriptKeyword.groovy)
	at com.kms.katalon.core.webui.keyword.internal.WebUIKeywordMain.runKeyword(WebUIKeywordMain.groovy:20)
	at com.kms.katalon.core.webui.keyword.builtin.ExecuteJavaScriptKeyword.executeJavascript(ExecuteJavascriptKeyword.groovy:42)
	at com.kms.katalon.core.webui.keyword.builtin.ExecuteJavaScriptKeyword.execute(ExecuteJavascriptKeyword.groovy:37)
	at com.kms.katalon.core.keyword.internal.KeywordExecutor.executeKeywordForPlatform(KeywordExecutor.groovy:72)
	at com.kms.katalon.core.webui.keyword.WebUiBuiltInKeywords.executeJavaScript(WebUiBuiltInKeywords.groovy:3787)
	at com.kms.katalon.core.webui.keyword.WebUiBuiltInKeywords$executeJavaScript$4.call(Unknown Source)
	at Script1582302053560.run(Script1582302053560.groovy:32)
	at com.kms.katalon.core.main.ScriptEngine.run(ScriptEngine.java:194)
	at com.kms.katalon.core.main.ScriptEngine.runScriptAsRawText(ScriptEngine.java:119)
	at com.kms.katalon.core.main.TestCaseExecutor.runScript(TestCaseExecutor.java:337)
	at com.kms.katalon.core.main.TestCaseExecutor.doExecute(TestCaseExecutor.java:328)
	at com.kms.katalon.core.main.TestCaseExecutor.processExecutionPhase(TestCaseExecutor.java:307)
	at com.kms.katalon.core.main.TestCaseExecutor.accessMainPhase(TestCaseExecutor.java:299)
	at com.kms.katalon.core.main.TestCaseExecutor.execute(TestCaseExecutor.java:233)
	at com.kms.katalon.core.main.TestCaseMain.runTestCase(TestCaseMain.java:114)
	at com.kms.katalon.core.keyword.builtin.CallTestCaseKeyword$_callTestCase_closure1.doCall(CallTestCaseKeyword.groovy:59)
	at com.kms.katalon.core.keyword.builtin.CallTestCaseKeyword$_callTestCase_closure1.call(CallTestCaseKeyword.groovy)
	at com.kms.katalon.core.keyword.internal.KeywordMain.runKeyword(KeywordMain.groovy:68)
	at com.kms.katalon.core.keyword.builtin.CallTestCaseKeyword.callTestCase(CallTestCaseKeyword.groovy:81)
	at com.kms.katalon.core.keyword.builtin.CallTestCaseKeyword.execute(CallTestCaseKeyword.groovy:44)
	at com.kms.katalon.core.keyword.internal.KeywordExecutor.executeKeywordForPlatform(KeywordExecutor.groovy:72)
	at com.kms.katalon.core.keyword.BuiltinKeywords.callTestCase(BuiltinKeywords.groovy:334)
	at Script1582301870684.run(Script1582301870684.groovy:31)
	... 13 more
)
[[ATTACHMENT|C:\\Users\\kaizen\\git\\AutomatizacionKatalon\\Reports\\20200313_113935\\Funcionalidades_Pedidos\\Flujo Completo 40 pies\\20200313_113935\\1584115215247.png]]

2020-03-13 12:00:15 - [MESSAGE][FAILED] - Unable to call Test Case 'Test Cases/Individual_Tests/Despacho' (Root cause: com.kms.katalon.core.exception.StepFailedException: Call Test Case 'Test Cases/Individual_Tests/Despacho' failed
	at com.kms.katalon.core.keyword.builtin.CallTestCaseKeyword$_callTestCase_closure1.doCall(CallTestCaseKeyword.groovy:63)
	at com.kms.katalon.core.keyword.builtin.CallTestCaseKeyword$_callTestCase_closure1.call(CallTestCaseKeyword.groovy)
	at com.kms.katalon.core.keyword.internal.KeywordMain.runKeyword(KeywordMain.groovy:68)
	at com.kms.katalon.core.keyword.builtin.CallTestCaseKeyword.callTestCase(CallTestCaseKeyword.groovy:81)
	at com.kms.katalon.core.keyword.builtin.CallTestCaseKeyword.execute(CallTestCaseKeyword.groovy:44)
	at com.kms.katalon.core.keyword.internal.KeywordExecutor.executeKeywordForPlatform(KeywordExecutor.groovy:72)
	at com.kms.katalon.core.keyword.BuiltinKeywords.callTestCase(BuiltinKeywords.groovy:334)
	at TC_Agregar_Despacho.run(TC_Agregar_Despacho:31)
	at com.kms.katalon.core.main.ScriptEngine.run(ScriptEngine.java:194)
	at com.kms.katalon.core.main.ScriptEngine.runScriptAsRawText(ScriptEngine.java:119)
	at com.kms.katalon.core.main.TestCaseExecutor.runScript(TestCaseExecutor.java:337)
	at com.kms.katalon.core.main.TestCaseExecutor.doExecute(TestCaseExecutor.java:328)
	at com.kms.katalon.core.main.TestCaseExecutor.processExecutionPhase(TestCaseExecutor.java:307)
	at com.kms.katalon.core.main.TestCaseExecutor.accessMainPhase(TestCaseExecutor.java:299)
	at com.kms.katalon.core.main.TestCaseExecutor.execute(TestCaseExecutor.java:233)
	at com.kms.katalon.core.main.TestSuiteExecutor.accessTestCaseMainPhase(TestSuiteExecutor.java:169)
	at com.kms.katalon.core.main.TestSuiteExecutor.accessTestSuiteMainPhase(TestSuiteExecutor.java:142)
	at com.kms.katalon.core.main.TestSuiteExecutor.execute(TestSuiteExecutor.java:91)
	at com.kms.katalon.core.main.TestCaseMain.startTestSuite(TestCaseMain.java:157)
	at com.kms.katalon.core.main.TestCaseMain$startTestSuite$0.call(Unknown Source)
	at TempTestSuite1584113979946.run(TempTestSuite1584113979946.groovy:36)
Caused by: com.kms.katalon.core.exception.StepFailedException: Unable to execute JavaScript.
	at com.kms.katalon.core.webui.keyword.internal.WebUIKeywordMain.stepFailed(WebUIKeywordMain.groovy:64)
	at com.kms.katalon.core.webui.keyword.internal.WebUIKeywordMain.runKeyword(WebUIKeywordMain.groovy:26)
	at com.kms.katalon.core.webui.keyword.builtin.ExecuteJavaScriptKeyword.executeJavascript(ExecuteJavascriptKeyword.groovy:42)
	at com.kms.katalon.core.webui.keyword.builtin.ExecuteJavaScriptKeyword.execute(ExecuteJavascriptKeyword.groovy:37)
	at com.kms.katalon.core.keyword.internal.KeywordExecutor.executeKeywordForPlatform(KeywordExecutor.groovy:72)
	at com.kms.katalon.core.webui.keyword.WebUiBuiltInKeywords.executeJavaScript(WebUiBuiltInKeywords.groovy:3787)
	at com.kms.katalon.core.webui.keyword.WebUiBuiltInKeywords$executeJavaScript$4.call(Unknown Source)
	at Despacho.run(Despacho:32)
	at com.kms.katalon.core.main.ScriptEngine.run(ScriptEngine.java:194)
	at com.kms.katalon.core.main.ScriptEngine.runScriptAsRawText(ScriptEngine.java:119)
	at com.kms.katalon.core.main.TestCaseExecutor.runScript(TestCaseExecutor.java:337)
	at com.kms.katalon.core.main.TestCaseExecutor.doExecute(TestCaseExecutor.java:328)
	at com.kms.katalon.core.main.TestCaseExecutor.processExecutionPhase(TestCaseExecutor.java:307)
	at com.kms.katalon.core.main.TestCaseExecutor.accessMainPhase(TestCaseExecutor.java:299)
	at com.kms.katalon.core.main.TestCaseExecutor.execute(TestCaseExecutor.java:233)
	at com.kms.katalon.core.main.TestCaseMain.runTestCase(TestCaseMain.java:114)
	at com.kms.katalon.core.keyword.builtin.CallTestCaseKeyword$_callTestCase_closure1.doCall(CallTestCaseKeyword.groovy:59)
	... 20 more
Caused by: org.openqa.selenium.JavascriptException: javascript error: Cannot read property 'click' of null
  (Session info: chrome=80.0.3987.132)
Build info: version: '3.141.59', revision: 'e82be7d358', time: '2018-11-14T08:25:53'
System info: host: 'LAPTOP-K43U1BVQ', ip: '192.168.99.1', os.name: 'Windows 10', os.arch: 'amd64', os.version: '10.0', java.version: '1.8.0_181'
Driver info: com.kms.katalon.selenium.driver.CChromeDriver
Capabilities {acceptInsecureCerts: false, browserName: chrome, browserVersion: 80.0.3987.132, chrome: {chromedriverVersion: 79.0.3945.36 (3582db32b3389..., userDataDir: C:\Users\kaizen\AppData\Loc...}, goog:chromeOptions: {debuggerAddress: localhost:13453}, javascriptEnabled: true, networkConnectionEnabled: false, pageLoadStrategy: normal, platform: WINDOWS, platformName: WINDOWS, proxy: Proxy(), setWindowRect: true, strictFileInteractability: false, timeouts: {implicit: 0, pageLoad: 300000, script: 30000}, unhandledPromptBehavior: dismiss and notify}
Session ID: 17e95f4eb308c85fecd45eef53f27854
	at org.openqa.selenium.remote.http.W3CHttpResponseCodec.createException(W3CHttpResponseCodec.java:187)
	at org.openqa.selenium.remote.http.W3CHttpResponseCodec.decode(W3CHttpResponseCodec.java:122)
	at org.openqa.selenium.remote.http.W3CHttpResponseCodec.decode(W3CHttpResponseCodec.java:49)
	at org.openqa.selenium.remote.HttpCommandExecutor.execute(HttpCommandExecutor.java:158)
	at org.openqa.selenium.remote.service.DriverCommandExecutor.execute(DriverCommandExecutor.java:83)
	at org.openqa.selenium.remote.RemoteWebDriver.execute(RemoteWebDriver.java:552)
	at com.kms.katalon.selenium.driver.CChromeDriver.execute(CChromeDriver.java:19)
	at org.openqa.selenium.remote.RemoteWebDriver.executeScript(RemoteWebDriver.java:489)
	at org.openqa.selenium.support.events.EventFiringWebDriver.lambda$new$1(EventFiringWebDriver.java:105)
	at com.sun.proxy.$Proxy9.executeScript(Unknown Source)
	at org.openqa.selenium.support.events.EventFiringWebDriver.executeScript(EventFiringWebDriver.java:229)
	at com.kms.katalon.core.webui.keyword.builtin.ExecuteJavaScriptKeyword$_executeJavascript_closure1.doCall(ExecuteJavascriptKeyword.groovy:48)
	at com.kms.katalon.core.webui.keyword.builtin.ExecuteJavaScriptKeyword$_executeJavascript_closure1.call(ExecuteJavascriptKeyword.groovy)
	at com.kms.katalon.core.webui.keyword.internal.WebUIKeywordMain.runKeyword(WebUIKeywordMain.groovy:20)
	... 35 more
)]]></system-out>
         <system-err><![CDATA[2020-03-13 11:59:17 - [TEST_CASE][FAILED] - Test Cases/Secuencias de Ejecucion/TC_Agregar_Despacho: Test Cases/Secuencias de Ejecucion/TC_Agregar_Despacho FAILED.
Reason:
com.kms.katalon.core.exception.StepFailedException: Call Test Case 'Test Cases/Individual_Tests/Despacho' failed
	at com.kms.katalon.core.keyword.builtin.CallTestCaseKeyword$_callTestCase_closure1.doCall(CallTestCaseKeyword.groovy:63)
	at com.kms.katalon.core.keyword.builtin.CallTestCaseKeyword$_callTestCase_closure1.call(CallTestCaseKeyword.groovy)
	at com.kms.katalon.core.keyword.internal.KeywordMain.runKeyword(KeywordMain.groovy:68)
	at com.kms.katalon.core.keyword.builtin.CallTestCaseKeyword.callTestCase(CallTestCaseKeyword.groovy:81)
	at com.kms.katalon.core.keyword.builtin.CallTestCaseKeyword.execute(CallTestCaseKeyword.groovy:44)
	at com.kms.katalon.core.keyword.internal.KeywordExecutor.executeKeywordForPlatform(KeywordExecutor.groovy:72)
	at com.kms.katalon.core.keyword.BuiltinKeywords.callTestCase(BuiltinKeywords.groovy:334)
	at TC_Agregar_Despacho.run(TC_Agregar_Despacho:31)
	at com.kms.katalon.core.main.ScriptEngine.run(ScriptEngine.java:194)
	at com.kms.katalon.core.main.ScriptEngine.runScriptAsRawText(ScriptEngine.java:119)
	at com.kms.katalon.core.main.TestCaseExecutor.runScript(TestCaseExecutor.java:337)
	at com.kms.katalon.core.main.TestCaseExecutor.doExecute(TestCaseExecutor.java:328)
	at com.kms.katalon.core.main.TestCaseExecutor.processExecutionPhase(TestCaseExecutor.java:307)
	at com.kms.katalon.core.main.TestCaseExecutor.accessMainPhase(TestCaseExecutor.java:299)
	at com.kms.katalon.core.main.TestCaseExecutor.execute(TestCaseExecutor.java:233)
	at com.kms.katalon.core.main.TestSuiteExecutor.accessTestCaseMainPhase(TestSuiteExecutor.java:169)
	at com.kms.katalon.core.main.TestSuiteExecutor.accessTestSuiteMainPhase(TestSuiteExecutor.java:142)
	at com.kms.katalon.core.main.TestSuiteExecutor.execute(TestSuiteExecutor.java:91)
	at com.kms.katalon.core.main.TestCaseMain.startTestSuite(TestCaseMain.java:157)
	at com.kms.katalon.core.main.TestCaseMain$startTestSuite$0.call(Unknown Source)
	at TempTestSuite1584113979946.run(TempTestSuite1584113979946.groovy:36)
Caused by: com.kms.katalon.core.exception.StepFailedException: Unable to execute JavaScript.
	at com.kms.katalon.core.webui.keyword.internal.WebUIKeywordMain.stepFailed(WebUIKeywordMain.groovy:64)
	at com.kms.katalon.core.webui.keyword.internal.WebUIKeywordMain.runKeyword(WebUIKeywordMain.groovy:26)
	at com.kms.katalon.core.webui.keyword.builtin.ExecuteJavaScriptKeyword.executeJavascript(ExecuteJavascriptKeyword.groovy:42)
	at com.kms.katalon.core.webui.keyword.builtin.ExecuteJavaScriptKeyword.execute(ExecuteJavascriptKeyword.groovy:37)
	at com.kms.katalon.core.keyword.internal.KeywordExecutor.executeKeywordForPlatform(KeywordExecutor.groovy:72)
	at com.kms.katalon.core.webui.keyword.WebUiBuiltInKeywords.executeJavaScript(WebUiBuiltInKeywords.groovy:3787)
	at com.kms.katalon.core.webui.keyword.WebUiBuiltInKeywords$executeJavaScript$4.call(Unknown Source)
	at Despacho.run(Despacho:32)
	at com.kms.katalon.core.main.ScriptEngine.run(ScriptEngine.java:194)
	at com.kms.katalon.core.main.ScriptEngine.runScriptAsRawText(ScriptEngine.java:119)
	at com.kms.katalon.core.main.TestCaseExecutor.runScript(TestCaseExecutor.java:337)
	at com.kms.katalon.core.main.TestCaseExecutor.doExecute(TestCaseExecutor.java:328)
	at com.kms.katalon.core.main.TestCaseExecutor.processExecutionPhase(TestCaseExecutor.java:307)
	at com.kms.katalon.core.main.TestCaseExecutor.accessMainPhase(TestCaseExecutor.java:299)
	at com.kms.katalon.core.main.TestCaseExecutor.execute(TestCaseExecutor.java:233)
	at com.kms.katalon.core.main.TestCaseMain.runTestCase(TestCaseMain.java:114)
	at com.kms.katalon.core.keyword.builtin.CallTestCaseKeyword$_callTestCase_closure1.doCall(CallTestCaseKeyword.groovy:59)
	... 20 more
Caused by: org.openqa.selenium.JavascriptException: javascript error: Cannot read property 'click' of null
  (Session info: chrome=80.0.3987.132)
Build info: version: '3.141.59', revision: 'e82be7d358', time: '2018-11-14T08:25:53'
System info: host: 'LAPTOP-K43U1BVQ', ip: '192.168.99.1', os.name: 'Windows 10', os.arch: 'amd64', os.version: '10.0', java.version: '1.8.0_181'
Driver info: com.kms.katalon.selenium.driver.CChromeDriver
Capabilities {acceptInsecureCerts: false, browserName: chrome, browserVersion: 80.0.3987.132, chrome: {chromedriverVersion: 79.0.3945.36 (3582db32b3389..., userDataDir: C:\Users\kaizen\AppData\Loc...}, goog:chromeOptions: {debuggerAddress: localhost:13453}, javascriptEnabled: true, networkConnectionEnabled: false, pageLoadStrategy: normal, platform: WINDOWS, platformName: WINDOWS, proxy: Proxy(), setWindowRect: true, strictFileInteractability: false, timeouts: {implicit: 0, pageLoad: 300000, script: 30000}, unhandledPromptBehavior: dismiss and notify}
Session ID: 17e95f4eb308c85fecd45eef53f27854
	at org.openqa.selenium.remote.http.W3CHttpResponseCodec.createException(W3CHttpResponseCodec.java:187)
	at org.openqa.selenium.remote.http.W3CHttpResponseCodec.decode(W3CHttpResponseCodec.java:122)
	at org.openqa.selenium.remote.http.W3CHttpResponseCodec.decode(W3CHttpResponseCodec.java:49)
	at org.openqa.selenium.remote.HttpCommandExecutor.execute(HttpCommandExecutor.java:158)
	at org.openqa.selenium.remote.service.DriverCommandExecutor.execute(DriverCommandExecutor.java:83)
	at org.openqa.selenium.remote.RemoteWebDriver.execute(RemoteWebDriver.java:552)
	at com.kms.katalon.selenium.driver.CChromeDriver.execute(CChromeDriver.java:19)
	at org.openqa.selenium.remote.RemoteWebDriver.executeScript(RemoteWebDriver.java:489)
	at org.openqa.selenium.support.events.EventFiringWebDriver.lambda$new$1(EventFiringWebDriver.java:105)
	at com.sun.proxy.$Proxy9.executeScript(Unknown Source)
	at org.openqa.selenium.support.events.EventFiringWebDriver.executeScript(EventFiringWebDriver.java:229)
	at com.kms.katalon.core.webui.keyword.builtin.ExecuteJavaScriptKeyword$_executeJavascript_closure1.doCall(ExecuteJavascriptKeyword.groovy:48)
	at com.kms.katalon.core.webui.keyword.builtin.ExecuteJavaScriptKeyword$_executeJavascript_closure1.call(ExecuteJavascriptKeyword.groovy)
	at com.kms.katalon.core.webui.keyword.internal.WebUIKeywordMain.runKeyword(WebUIKeywordMain.groovy:20)
	... 35 more]]></system-err>
      </testcase>
      <system-out><![CDATA[2020-03-13 11:39:43 - [TEST_SUITE][FAILED] - Flujo Completo 40 pies: Test Cases/Secuencias de Ejecucion/TC_Agregar_Despacho FAILED.
Reason:
com.kms.katalon.core.exception.StepFailedException: Call Test Case 'Test Cases/Individual_Tests/Despacho' failed
	at com.kms.katalon.core.keyword.builtin.CallTestCaseKeyword$_callTestCase_closure1.doCall(CallTestCaseKeyword.groovy:63)
	at com.kms.katalon.core.keyword.builtin.CallTestCaseKeyword$_callTestCase_closure1.call(CallTestCaseKeyword.groovy)
	at com.kms.katalon.core.keyword.internal.KeywordMain.runKeyword(KeywordMain.groovy:68)
	at com.kms.katalon.core.keyword.builtin.CallTestCaseKeyword.callTestCase(CallTestCaseKeyword.groovy:81)
	at com.kms.katalon.core.keyword.builtin.CallTestCaseKeyword.execute(CallTestCaseKeyword.groovy:44)
	at com.kms.katalon.core.keyword.internal.KeywordExecutor.executeKeywordForPlatform(KeywordExecutor.groovy:72)
	at com.kms.katalon.core.keyword.BuiltinKeywords.callTestCase(BuiltinKeywords.groovy:334)
	at TC_Agregar_Despacho.run(TC_Agregar_Despacho:31)
	at com.kms.katalon.core.main.ScriptEngine.run(ScriptEngine.java:194)
	at com.kms.katalon.core.main.ScriptEngine.runScriptAsRawText(ScriptEngine.java:119)
	at com.kms.katalon.core.main.TestCaseExecutor.runScript(TestCaseExecutor.java:337)
	at com.kms.katalon.core.main.TestCaseExecutor.doExecute(TestCaseExecutor.java:328)
	at com.kms.katalon.core.main.TestCaseExecutor.processExecutionPhase(TestCaseExecutor.java:307)
	at com.kms.katalon.core.main.TestCaseExecutor.accessMainPhase(TestCaseExecutor.java:299)
	at com.kms.katalon.core.main.TestCaseExecutor.execute(TestCaseExecutor.java:233)
	at com.kms.katalon.core.main.TestSuiteExecutor.accessTestCaseMainPhase(TestSuiteExecutor.java:169)
	at com.kms.katalon.core.main.TestSuiteExecutor.accessTestSuiteMainPhase(TestSuiteExecutor.java:142)
	at com.kms.katalon.core.main.TestSuiteExecutor.execute(TestSuiteExecutor.java:91)
	at com.kms.katalon.core.main.TestCaseMain.startTestSuite(TestCaseMain.java:157)
	at com.kms.katalon.core.main.TestCaseMain$startTestSuite$0.call(Unknown Source)
	at TempTestSuite1584113979946.run(TempTestSuite1584113979946.groovy:36)
Caused by: com.kms.katalon.core.exception.StepFailedException: Unable to execute JavaScript.
	at com.kms.katalon.core.webui.keyword.internal.WebUIKeywordMain.stepFailed(WebUIKeywordMain.groovy:64)
	at com.kms.katalon.core.webui.keyword.internal.WebUIKeywordMain.runKeyword(WebUIKeywordMain.groovy:26)
	at com.kms.katalon.core.webui.keyword.builtin.ExecuteJavaScriptKeyword.executeJavascript(ExecuteJavascriptKeyword.groovy:42)
	at com.kms.katalon.core.webui.keyword.builtin.ExecuteJavaScriptKeyword.execute(ExecuteJavascriptKeyword.groovy:37)
	at com.kms.katalon.core.keyword.internal.KeywordExecutor.executeKeywordForPlatform(KeywordExecutor.groovy:72)
	at com.kms.katalon.core.webui.keyword.WebUiBuiltInKeywords.executeJavaScript(WebUiBuiltInKeywords.groovy:3787)
	at com.kms.katalon.core.webui.keyword.WebUiBuiltInKeywords$executeJavaScript$4.call(Unknown Source)
	at Despacho.run(Despacho:32)
	at com.kms.katalon.core.main.ScriptEngine.run(ScriptEngine.java:194)
	at com.kms.katalon.core.main.ScriptEngine.runScriptAsRawText(ScriptEngine.java:119)
	at com.kms.katalon.core.main.TestCaseExecutor.runScript(TestCaseExecutor.java:337)
	at com.kms.katalon.core.main.TestCaseExecutor.doExecute(TestCaseExecutor.java:328)
	at com.kms.katalon.core.main.TestCaseExecutor.processExecutionPhase(TestCaseExecutor.java:307)
	at com.kms.katalon.core.main.TestCaseExecutor.accessMainPhase(TestCaseExecutor.java:299)
	at com.kms.katalon.core.main.TestCaseExecutor.execute(TestCaseExecutor.java:233)
	at com.kms.katalon.core.main.TestCaseMain.runTestCase(TestCaseMain.java:114)
	at com.kms.katalon.core.keyword.builtin.CallTestCaseKeyword$_callTestCase_closure1.doCall(CallTestCaseKeyword.groovy:59)
	... 20 more
Caused by: org.openqa.selenium.JavascriptException: javascript error: Cannot read property 'click' of null
  (Session info: chrome=80.0.3987.132)
Build info: version: '3.141.59', revision: 'e82be7d358', time: '2018-11-14T08:25:53'
System info: host: 'LAPTOP-K43U1BVQ', ip: '192.168.99.1', os.name: 'Windows 10', os.arch: 'amd64', os.version: '10.0', java.version: '1.8.0_181'
Driver info: com.kms.katalon.selenium.driver.CChromeDriver
Capabilities {acceptInsecureCerts: false, browserName: chrome, browserVersion: 80.0.3987.132, chrome: {chromedriverVersion: 79.0.3945.36 (3582db32b3389..., userDataDir: C:\Users\kaizen\AppData\Loc...}, goog:chromeOptions: {debuggerAddress: localhost:13453}, javascriptEnabled: true, networkConnectionEnabled: false, pageLoadStrategy: normal, platform: WINDOWS, platformName: WINDOWS, proxy: Proxy(), setWindowRect: true, strictFileInteractability: false, timeouts: {implicit: 0, pageLoad: 300000, script: 30000}, unhandledPromptBehavior: dismiss and notify}
Session ID: 17e95f4eb308c85fecd45eef53f27854
	at org.openqa.selenium.remote.http.W3CHttpResponseCodec.createException(W3CHttpResponseCodec.java:187)
	at org.openqa.selenium.remote.http.W3CHttpResponseCodec.decode(W3CHttpResponseCodec.java:122)
	at org.openqa.selenium.remote.http.W3CHttpResponseCodec.decode(W3CHttpResponseCodec.java:49)
	at org.openqa.selenium.remote.HttpCommandExecutor.execute(HttpCommandExecutor.java:158)
	at org.openqa.selenium.remote.service.DriverCommandExecutor.execute(DriverCommandExecutor.java:83)
	at org.openqa.selenium.remote.RemoteWebDriver.execute(RemoteWebDriver.java:552)
	at com.kms.katalon.selenium.driver.CChromeDriver.execute(CChromeDriver.java:19)
	at org.openqa.selenium.remote.RemoteWebDriver.executeScript(RemoteWebDriver.java:489)
	at org.openqa.selenium.support.events.EventFiringWebDriver.lambda$new$1(EventFiringWebDriver.java:105)
	at com.sun.proxy.$Proxy9.executeScript(Unknown Source)
	at org.openqa.selenium.support.events.EventFiringWebDriver.executeScript(EventFiringWebDriver.java:229)
	at com.kms.katalon.core.webui.keyword.builtin.ExecuteJavaScriptKeyword$_executeJavascript_closure1.doCall(ExecuteJavascriptKeyword.groovy:48)
	at com.kms.katalon.core.webui.keyword.builtin.ExecuteJavaScriptKeyword$_executeJavascript_closure1.call(ExecuteJavascriptKeyword.groovy)
	at com.kms.katalon.core.webui.keyword.internal.WebUIKeywordMain.runKeyword(WebUIKeywordMain.groovy:20)
	... 35 more]]></system-out>
      <system-err><![CDATA[2020-03-13 11:39:43 - [TEST_SUITE][FAILED] - Flujo Completo 40 pies: Test Cases/Secuencias de Ejecucion/TC_Agregar_Despacho FAILED.
Reason:
com.kms.katalon.core.exception.StepFailedException: Call Test Case 'Test Cases/Individual_Tests/Despacho' failed
	at com.kms.katalon.core.keyword.builtin.CallTestCaseKeyword$_callTestCase_closure1.doCall(CallTestCaseKeyword.groovy:63)
	at com.kms.katalon.core.keyword.builtin.CallTestCaseKeyword$_callTestCase_closure1.call(CallTestCaseKeyword.groovy)
	at com.kms.katalon.core.keyword.internal.KeywordMain.runKeyword(KeywordMain.groovy:68)
	at com.kms.katalon.core.keyword.builtin.CallTestCaseKeyword.callTestCase(CallTestCaseKeyword.groovy:81)
	at com.kms.katalon.core.keyword.builtin.CallTestCaseKeyword.execute(CallTestCaseKeyword.groovy:44)
	at com.kms.katalon.core.keyword.internal.KeywordExecutor.executeKeywordForPlatform(KeywordExecutor.groovy:72)
	at com.kms.katalon.core.keyword.BuiltinKeywords.callTestCase(BuiltinKeywords.groovy:334)
	at TC_Agregar_Despacho.run(TC_Agregar_Despacho:31)
	at com.kms.katalon.core.main.ScriptEngine.run(ScriptEngine.java:194)
	at com.kms.katalon.core.main.ScriptEngine.runScriptAsRawText(ScriptEngine.java:119)
	at com.kms.katalon.core.main.TestCaseExecutor.runScript(TestCaseExecutor.java:337)
	at com.kms.katalon.core.main.TestCaseExecutor.doExecute(TestCaseExecutor.java:328)
	at com.kms.katalon.core.main.TestCaseExecutor.processExecutionPhase(TestCaseExecutor.java:307)
	at com.kms.katalon.core.main.TestCaseExecutor.accessMainPhase(TestCaseExecutor.java:299)
	at com.kms.katalon.core.main.TestCaseExecutor.execute(TestCaseExecutor.java:233)
	at com.kms.katalon.core.main.TestSuiteExecutor.accessTestCaseMainPhase(TestSuiteExecutor.java:169)
	at com.kms.katalon.core.main.TestSuiteExecutor.accessTestSuiteMainPhase(TestSuiteExecutor.java:142)
	at com.kms.katalon.core.main.TestSuiteExecutor.execute(TestSuiteExecutor.java:91)
	at com.kms.katalon.core.main.TestCaseMain.startTestSuite(TestCaseMain.java:157)
	at com.kms.katalon.core.main.TestCaseMain$startTestSuite$0.call(Unknown Source)
	at TempTestSuite1584113979946.run(TempTestSuite1584113979946.groovy:36)
Caused by: com.kms.katalon.core.exception.StepFailedException: Unable to execute JavaScript.
	at com.kms.katalon.core.webui.keyword.internal.WebUIKeywordMain.stepFailed(WebUIKeywordMain.groovy:64)
	at com.kms.katalon.core.webui.keyword.internal.WebUIKeywordMain.runKeyword(WebUIKeywordMain.groovy:26)
	at com.kms.katalon.core.webui.keyword.builtin.ExecuteJavaScriptKeyword.executeJavascript(ExecuteJavascriptKeyword.groovy:42)
	at com.kms.katalon.core.webui.keyword.builtin.ExecuteJavaScriptKeyword.execute(ExecuteJavascriptKeyword.groovy:37)
	at com.kms.katalon.core.keyword.internal.KeywordExecutor.executeKeywordForPlatform(KeywordExecutor.groovy:72)
	at com.kms.katalon.core.webui.keyword.WebUiBuiltInKeywords.executeJavaScript(WebUiBuiltInKeywords.groovy:3787)
	at com.kms.katalon.core.webui.keyword.WebUiBuiltInKeywords$executeJavaScript$4.call(Unknown Source)
	at Despacho.run(Despacho:32)
	at com.kms.katalon.core.main.ScriptEngine.run(ScriptEngine.java:194)
	at com.kms.katalon.core.main.ScriptEngine.runScriptAsRawText(ScriptEngine.java:119)
	at com.kms.katalon.core.main.TestCaseExecutor.runScript(TestCaseExecutor.java:337)
	at com.kms.katalon.core.main.TestCaseExecutor.doExecute(TestCaseExecutor.java:328)
	at com.kms.katalon.core.main.TestCaseExecutor.processExecutionPhase(TestCaseExecutor.java:307)
	at com.kms.katalon.core.main.TestCaseExecutor.accessMainPhase(TestCaseExecutor.java:299)
	at com.kms.katalon.core.main.TestCaseExecutor.execute(TestCaseExecutor.java:233)
	at com.kms.katalon.core.main.TestCaseMain.runTestCase(TestCaseMain.java:114)
	at com.kms.katalon.core.keyword.builtin.CallTestCaseKeyword$_callTestCase_closure1.doCall(CallTestCaseKeyword.groovy:59)
	... 20 more
Caused by: org.openqa.selenium.JavascriptException: javascript error: Cannot read property 'click' of null
  (Session info: chrome=80.0.3987.132)
Build info: version: '3.141.59', revision: 'e82be7d358', time: '2018-11-14T08:25:53'
System info: host: 'LAPTOP-K43U1BVQ', ip: '192.168.99.1', os.name: 'Windows 10', os.arch: 'amd64', os.version: '10.0', java.version: '1.8.0_181'
Driver info: com.kms.katalon.selenium.driver.CChromeDriver
Capabilities {acceptInsecureCerts: false, browserName: chrome, browserVersion: 80.0.3987.132, chrome: {chromedriverVersion: 79.0.3945.36 (3582db32b3389..., userDataDir: C:\Users\kaizen\AppData\Loc...}, goog:chromeOptions: {debuggerAddress: localhost:13453}, javascriptEnabled: true, networkConnectionEnabled: false, pageLoadStrategy: normal, platform: WINDOWS, platformName: WINDOWS, proxy: Proxy(), setWindowRect: true, strictFileInteractability: false, timeouts: {implicit: 0, pageLoad: 300000, script: 30000}, unhandledPromptBehavior: dismiss and notify}
Session ID: 17e95f4eb308c85fecd45eef53f27854
	at org.openqa.selenium.remote.http.W3CHttpResponseCodec.createException(W3CHttpResponseCodec.java:187)
	at org.openqa.selenium.remote.http.W3CHttpResponseCodec.decode(W3CHttpResponseCodec.java:122)
	at org.openqa.selenium.remote.http.W3CHttpResponseCodec.decode(W3CHttpResponseCodec.java:49)
	at org.openqa.selenium.remote.HttpCommandExecutor.execute(HttpCommandExecutor.java:158)
	at org.openqa.selenium.remote.service.DriverCommandExecutor.execute(DriverCommandExecutor.java:83)
	at org.openqa.selenium.remote.RemoteWebDriver.execute(RemoteWebDriver.java:552)
	at com.kms.katalon.selenium.driver.CChromeDriver.execute(CChromeDriver.java:19)
	at org.openqa.selenium.remote.RemoteWebDriver.executeScript(RemoteWebDriver.java:489)
	at org.openqa.selenium.support.events.EventFiringWebDriver.lambda$new$1(EventFiringWebDriver.java:105)
	at com.sun.proxy.$Proxy9.executeScript(Unknown Source)
	at org.openqa.selenium.support.events.EventFiringWebDriver.executeScript(EventFiringWebDriver.java:229)
	at com.kms.katalon.core.webui.keyword.builtin.ExecuteJavaScriptKeyword$_executeJavascript_closure1.doCall(ExecuteJavascriptKeyword.groovy:48)
	at com.kms.katalon.core.webui.keyword.builtin.ExecuteJavaScriptKeyword$_executeJavascript_closure1.call(ExecuteJavascriptKeyword.groovy)
	at com.kms.katalon.core.webui.keyword.internal.WebUIKeywordMain.runKeyword(WebUIKeywordMain.groovy:20)
	... 35 more]]></system-err>
   </testsuite>
</testsuites>
