<?xml version="1.0" encoding="UTF-8"?>
<testsuites name="Flujo Completo 40 pies" time="1511.307" tests="14" failures="2" errors="0">
   <testsuite name="Flujo Completo 40 pies" tests="14" failures="2" errors="0" time="1511.307" timestamp="2020-03-09 12:15:05" hostname="kaizen - LAPTOP-K43U1BVQ" id="Test Suites/Funcionalidades_Pedidos/Flujo Completo 40 pies">
      <properties>
         <property name="deviceName" value=""/>
         <property name="devicePlatform" value=""/>
         <property name="logFolder" value="C:\\Users\\kaizen\\git\\AutomatizacionKatalon\\Reports\\20200309_121503\\Funcionalidades_Pedidos\\Flujo Completo 40 pies\\20200309_121503"/>
         <property name="logFiles" value="C:\\Users\\kaizen\\git\\AutomatizacionKatalon\\Reports\\20200309_121503\\Funcionalidades_Pedidos\\Flujo Completo 40 pies\\20200309_121503\\execution0.log"/>
         <property name="attachments" value="C:\\Users\\kaizen\\git\\AutomatizacionKatalon\\Reports\\20200309_121503\\Funcionalidades_Pedidos\\Flujo Completo 40 pies\\20200309_121503\\1583771176644.png"/>
         <property name="hostName" value="kaizen - LAPTOP-K43U1BVQ"/>
         <property name="os" value="Windows 10 64bit"/>
         <property name="katalonVersion" value="7.2.1.1"/>
         <property name="browser" value="Chrome 80.0.3987.132"/>
         <property name="hostAddress" value="192.168.99.1"/>
         <property name="sessionId" value="26d6edf39c701849bed556015c98ef0b"/>
         <property name="seleniumVersion" value="3.141.59"/>
         <property name="proxyInformation" value="ProxyInformation{proxyOption=NO_PROXY, proxyServerType=HTTP, password=, proxyServerAddress=, proxyServerPort=0, executionList=}"/>
         <property name="platform" value="Windows 10"/>
      </properties>
      <testcase name="Test Cases/Generar_Excels_Secuencias/TC_Generar_Excel_Pedidos_40pies" time="7.505" classname="Test Cases/Generar_Excels_Secuencias/TC_Generar_Excel_Pedidos_40pies" status="PASSED">
         <system-out><![CDATA[2020-03-09 12:15:06 - [TEST_CASE][PASSED] - Test Cases/Generar_Excels_Secuencias/TC_Generar_Excel_Pedidos_40pies: Test Cases/Generar_Excels_Secuencias/TC_Generar_Excel_Pedidos_40pies

2020-03-09 12:15:06 - [TEST_STEP][PASSED] - python.ejecutarAleatoriosPython.runPython("Crear40"): python.ejecutarAleatoriosPython.runPython is PASSED

2020-03-09 12:15:13 - [MESSAGE][PASSED] - python.ejecutarAleatoriosPython.runPython is PASSED]]></system-out>
         <system-err><![CDATA[]]></system-err>
      </testcase>
      <testcase name="Test Cases/Secuencias de Ejecucion/TC_Crear_Pedido_40pies" time="378.194" classname="Test Cases/Secuencias de Ejecucion/TC_Crear_Pedido_40pies" status="PASSED">
         <system-out><![CDATA[2020-03-09 12:15:13 - [TEST_CASE][PASSED] - Test Cases/Secuencias de Ejecucion/TC_Crear_Pedido_40pies: Test Cases/Secuencias de Ejecucion/TC_Crear_Pedido_40pies

2020-03-09 12:15:14 - [TEST_STEP][PASSED] - archivo = $RunConfiguration.getProjectDir()/Pedidos/DataExcel/Crear_Pedido40pies.xlsx: null

2020-03-09 12:15:14 - [TEST_STEP][PASSED] - excelData = getExcelDataWithDefaultSheet(archivo, "Sheet1", true): null

2020-03-09 12:15:14 - [TEST_STEP][PASSED] - for ([Index = 1, Index <= excelData.getRowNumbers(), (Index++)]): Call Test Case 'Test Cases/Individual_Tests/Seleccionar_Productos40pies' successfully

2020-03-09 12:15:15 - [TEST_STEP][PASSED] - callTestCase(findTestCase("Individual_Tests/Login"), ["Evento":"Crear40", "Index":Index], STOP_ON_FAILURE): Call Test Case 'Test Cases/Individual_Tests/Login' successfully

2020-03-09 12:15:15 - [TEST_CASE][PASSED] - Test Cases/Individual_Tests/Login: Test Cases/Individual_Tests/Login

2020-03-09 12:15:15 - [TEST_STEP][PASSED] - print("Evento Seleccionado: " + Evento + "
"): null

2020-03-09 12:15:15 - [TEST_STEP][PASSED] - openBrowser(Web): Browser is opened with url: 'http://test.kaizendev.net/Login/Accesar?salir=true'

2020-03-09 12:15:16 - [MESSAGE][INFO] - Starting 'Chrome' driver

2020-03-09 12:15:16 - [MESSAGE][INFO] - Action delay is set to 0 seconds

2020-03-09 12:15:45 - [MESSAGE][PASSED] - Browser is opened with url: 'http://test.kaizendev.net/Login/Accesar?salir=true'

2020-03-09 12:15:45 - [TEST_STEP][PASSED] - maximizeWindow(): Current window maximized

2020-03-09 12:15:46 - [MESSAGE][PASSED] - Current window maximized

2020-03-09 12:15:46 - [TEST_STEP][PASSED] - if (Evento == "Crear20"): null

2020-03-09 12:15:46 - [TEST_STEP][PASSED] - else if (Evento == "Crear40"): Object: 'Object Repository/Page_Iniciar Sesion - KAIZEN/is_btn_ingresar_sistema' is clicked on

2020-03-09 12:15:46 - [TEST_STEP][PASSED] - data7 = obtener_excels.obtener_pedidos40pies.getValuesExcelCreate40(Index): obtener_excels.obtener_pedidos40pies.getValuesExcelCreate40 is PASSED

2020-03-09 12:15:47 - [MESSAGE][PASSED] - obtener_excels.obtener_pedidos40pies.getValuesExcelCreate40 is PASSED

2020-03-09 12:15:47 - [TEST_STEP][PASSED] - Usuario = data7[1]: null

2020-03-09 12:15:47 - [TEST_STEP][PASSED] - Contrasena = data7[2]: null

2020-03-09 12:15:47 - [TEST_STEP][PASSED] - setText(findTestObject("Page_Iniciar Sesion - KAIZEN/is_input_email"), Usuario): Text 'automated.test@grupokaizen.net' is set on object 'Object Repository/Page_Iniciar Sesion - KAIZEN/is_input_email'

2020-03-09 12:15:48 - [MESSAGE][PASSED] - Text 'automated.test@grupokaizen.net' is set on object 'Object Repository/Page_Iniciar Sesion - KAIZEN/is_input_email'

2020-03-09 12:15:48 - [TEST_STEP][PASSED] - setEncryptedText(findTestObject("Page_Iniciar Sesion - KAIZEN/IS_input_contrasena"), Contrasena): Text ****** has been set on object 'Object Repository/Page_Iniciar Sesion - KAIZEN/IS_input_contrasena'

2020-03-09 12:15:48 - [MESSAGE][PASSED] - Text ****** has been set on object 'Object Repository/Page_Iniciar Sesion - KAIZEN/IS_input_contrasena'

2020-03-09 12:15:48 - [TEST_STEP][PASSED] - click(findTestObject("Page_Iniciar Sesion - KAIZEN/is_btn_ingresar_sistema")): Object: 'Object Repository/Page_Iniciar Sesion - KAIZEN/is_btn_ingresar_sistema' is clicked on

2020-03-09 12:15:52 - [MESSAGE][PASSED] - Object: 'Object Repository/Page_Iniciar Sesion - KAIZEN/is_btn_ingresar_sistema' is clicked on

2020-03-09 12:15:52 - [MESSAGE][PASSED] - Call Test Case 'Test Cases/Individual_Tests/Login' successfully

2020-03-09 12:15:52 - [TEST_STEP][PASSED] - callTestCase(findTestCase("Individual_Tests/Seleccionar_Idioma"), ["Evento":"Crear40", "Index":Index], STOP_ON_FAILURE): Call Test Case 'Test Cases/Individual_Tests/Seleccionar_Idioma' successfully

2020-03-09 12:15:52 - [TEST_CASE][PASSED] - Test Cases/Individual_Tests/Seleccionar_Idioma: Test Cases/Individual_Tests/Seleccionar_Idioma

2020-03-09 12:15:53 - [TEST_STEP][PASSED] - Idioma = 0: null

2020-03-09 12:15:53 - [TEST_STEP][PASSED] - if (Evento == "Crear20"): null

2020-03-09 12:15:53 - [TEST_STEP][PASSED] - else if (Evento == "Crear40"): null

2020-03-09 12:15:53 - [TEST_STEP][PASSED] - data7 = obtener_excels.obtener_pedidos40pies.getValuesExcelCreate40(Index): obtener_excels.obtener_pedidos40pies.getValuesExcelCreate40 is PASSED

2020-03-09 12:15:53 - [MESSAGE][PASSED] - obtener_excels.obtener_pedidos40pies.getValuesExcelCreate40 is PASSED

2020-03-09 12:15:53 - [TEST_STEP][PASSED] - Idioma = data7[0]: null

2020-03-09 12:15:53 - [TEST_STEP][PASSED] - click(findTestObject("Page_- KAIZEN/si_btn_idioma")): Object: 'Object Repository/Page_- KAIZEN/si_btn_idioma' is clicked on

2020-03-09 12:15:53 - [MESSAGE][PASSED] - Object: 'Object Repository/Page_- KAIZEN/si_btn_idioma' is clicked on

2020-03-09 12:15:53 - [TEST_STEP][PASSED] - if (Idioma == "0"): null

2020-03-09 12:15:53 - [TEST_STEP][PASSED] - else: Object: 'Object Repository/Page_- KAIZEN/si_Spanish' is clicked on

2020-03-09 12:15:53 - [TEST_STEP][PASSED] - click(findTestObject("Page_- KAIZEN/si_Spanish")): Object: 'Object Repository/Page_- KAIZEN/si_Spanish' is clicked on

2020-03-09 12:15:55 - [MESSAGE][PASSED] - Object: 'Object Repository/Page_- KAIZEN/si_Spanish' is clicked on

2020-03-09 12:15:55 - [MESSAGE][PASSED] - Call Test Case 'Test Cases/Individual_Tests/Seleccionar_Idioma' successfully

2020-03-09 12:15:55 - [TEST_STEP][PASSED] - callTestCase(findTestCase("Individual_Tests/Anadir_pedido"), [:], STOP_ON_FAILURE): Call Test Case 'Test Cases/Individual_Tests/Anadir_pedido' successfully

2020-03-09 12:15:55 - [TEST_CASE][PASSED] - Test Cases/Individual_Tests/Anadir_pedido: Test Cases/Individual_Tests/Anadir_pedido

2020-03-09 12:15:55 - [TEST_STEP][PASSED] - click(findTestObject("Page_- KAIZEN/bp_menu_pedido")): Object: 'Object Repository/Page_- KAIZEN/bp_menu_pedido' is clicked on

2020-03-09 12:15:56 - [MESSAGE][PASSED] - Object: 'Object Repository/Page_- KAIZEN/bp_menu_pedido' is clicked on

2020-03-09 12:15:56 - [TEST_STEP][PASSED] - click(findTestObject("Page_- KAIZEN/bp_click_menu_pedido")): Object: 'Object Repository/Page_- KAIZEN/bp_click_menu_pedido' is clicked on

2020-03-09 12:15:59 - [MESSAGE][PASSED] - Object: 'Object Repository/Page_- KAIZEN/bp_click_menu_pedido' is clicked on

2020-03-09 12:15:59 - [TEST_STEP][PASSED] - click(findTestObject("Page_Pedidos de Lubricantes - KAIZEN/ap_btn_agregar")): Object: 'Object Repository/Page_Pedidos de Lubricantes - KAIZEN/ap_btn_agregar' is clicked on

2020-03-09 12:16:21 - [MESSAGE][PASSED] - Object: 'Object Repository/Page_Pedidos de Lubricantes - KAIZEN/ap_btn_agregar' is clicked on

2020-03-09 12:16:21 - [MESSAGE][PASSED] - Call Test Case 'Test Cases/Individual_Tests/Anadir_pedido' successfully

2020-03-09 12:16:21 - [TEST_STEP][PASSED] - callTestCase(findTestCase("Individual_Tests/Seleccionar_Cliente"), ["Evento":"Crear40", "Index":Index], STOP_ON_FAILURE): Call Test Case 'Test Cases/Individual_Tests/Seleccionar_Cliente' successfully

2020-03-09 12:16:21 - [TEST_CASE][PASSED] - Test Cases/Individual_Tests/Seleccionar_Cliente: Test Cases/Individual_Tests/Seleccionar_Cliente

2020-03-09 12:16:21 - [TEST_STEP][PASSED] - Nombre = <not implemented yet for class: org.codehaus.groovy.ast.expr.EmptyExpression>: null

2020-03-09 12:16:21 - [TEST_STEP][PASSED] - Direccion = <not implemented yet for class: org.codehaus.groovy.ast.expr.EmptyExpression>: null

2020-03-09 12:16:21 - [TEST_STEP][PASSED] - Contenedor = <not implemented yet for class: org.codehaus.groovy.ast.expr.EmptyExpression>: null

2020-03-09 12:16:21 - [TEST_STEP][PASSED] - if (Evento == "Crear20"): null

2020-03-09 12:16:21 - [TEST_STEP][PASSED] - else if (Evento == "Crear40"): null

2020-03-09 12:16:21 - [TEST_STEP][PASSED] - data = obtener_excels.obtener_pedidos40pies.getValuesExcelCreate40(Index): obtener_excels.obtener_pedidos40pies.getValuesExcelCreate40 is PASSED

2020-03-09 12:16:21 - [MESSAGE][PASSED] - obtener_excels.obtener_pedidos40pies.getValuesExcelCreate40 is PASSED

2020-03-09 12:16:21 - [TEST_STEP][PASSED] - Nombre = data[3]: null

2020-03-09 12:16:21 - [TEST_STEP][PASSED] - Direccion = data[4]: null

2020-03-09 12:16:21 - [TEST_STEP][PASSED] - Contenedor = data[5]: null

2020-03-09 12:16:21 - [TEST_STEP][PASSED] - delay(2): Delayed 2 second(s)

2020-03-09 12:16:23 - [MESSAGE][PASSED] - Delayed 2 second(s)

2020-03-09 12:16:23 - [TEST_STEP][PASSED] - element = executeJavaScript("return document.getElementById('ID_CLIENTE_LIST').value;", null): Execute JavaScript 'return document.getElementById('ID_CLIENTE_LIST').value;' successfully

2020-03-09 12:16:23 - [MESSAGE][PASSED] - Execute JavaScript 'return document.getElementById('ID_CLIENTE_LIST').value;' successfully

2020-03-09 12:16:23 - [TEST_STEP][PASSED] - if (element == Nombre): null

2020-03-09 12:16:23 - [TEST_STEP][PASSED] - else: Object: 'Object Repository/Page_- KAIZEN/sc_btn_next' is clicked on

2020-03-09 12:16:23 - [TEST_STEP][PASSED] - print(Nombre + "
"): null

2020-03-09 12:16:23 - [TEST_STEP][PASSED] - click(findTestObject("Page_- KAIZEN/sc_select_cliente1")): Object: 'Object Repository/Page_- KAIZEN/sc_select_cliente1' is clicked on

2020-03-09 12:16:24 - [MESSAGE][PASSED] - Object: 'Object Repository/Page_- KAIZEN/sc_select_cliente1' is clicked on

2020-03-09 12:16:24 - [TEST_STEP][PASSED] - click(findTestObject("Page_- KAIZEN/sc_select_cliente2")): Object: 'Object Repository/Page_- KAIZEN/sc_select_cliente2' is clicked on

2020-03-09 12:16:25 - [MESSAGE][PASSED] - Object: 'Object Repository/Page_- KAIZEN/sc_select_cliente2' is clicked on

2020-03-09 12:16:25 - [TEST_STEP][PASSED] - waitForElementPresent(findTestObject("Page_- KAIZEN/sc_select_cliente3"), 5): Object 'Object Repository/Page_- KAIZEN/sc_select_cliente3' is present

2020-03-09 12:16:26 - [MESSAGE][PASSED] - Object 'Object Repository/Page_- KAIZEN/sc_select_cliente3' is present

2020-03-09 12:16:26 - [TEST_STEP][PASSED] - selectOptionByValue(findTestObject("Page_- KAIZEN/sc_select_cliente3"), Nombre.toString(), true): All options with value '2' are selected in object 'Object Repository/Page_- KAIZEN/sc_select_cliente3'  using regular expression

2020-03-09 12:16:30 - [MESSAGE][PASSED] - All options with value '2' are selected in object 'Object Repository/Page_- KAIZEN/sc_select_cliente3'  using regular expression

2020-03-09 12:16:30 - [TEST_STEP][PASSED] - waitForElementPresent(findTestObject("Page_- KAIZEN/sc_span_select_address"), 5): Object 'Object Repository/Page_- KAIZEN/sc_span_select_address' is present

2020-03-09 12:16:30 - [MESSAGE][PASSED] - Object 'Object Repository/Page_- KAIZEN/sc_span_select_address' is present

2020-03-09 12:16:30 - [TEST_STEP][PASSED] - click(findTestObject("Page_- KAIZEN/sc_span_select_address")): Object: 'Object Repository/Page_- KAIZEN/sc_span_select_address' is clicked on

2020-03-09 12:16:31 - [MESSAGE][PASSED] - Object: 'Object Repository/Page_- KAIZEN/sc_span_select_address' is clicked on

2020-03-09 12:16:31 - [TEST_STEP][PASSED] - selectOptionByValue(findTestObject("Page_- KAIZEN/sc_assing_select_address"), Direccion, true): All options with value '8' are selected in object 'Object Repository/Page_- KAIZEN/sc_assing_select_address'  using regular expression

2020-03-09 12:16:32 - [MESSAGE][PASSED] - All options with value '8' are selected in object 'Object Repository/Page_- KAIZEN/sc_assing_select_address'  using regular expression

2020-03-09 12:16:32 - [TEST_STEP][PASSED] - delay(5): Delayed 5 second(s)

2020-03-09 12:16:37 - [MESSAGE][PASSED] - Delayed 5 second(s)

2020-03-09 12:16:37 - [TEST_STEP][PASSED] - if (Contenedor == "20"): null

2020-03-09 12:16:37 - [TEST_STEP][PASSED] - else: Execute JavaScript 'document.querySelector(".btn-primary[onclick='opcCont(40)']").click()' successfully

2020-03-09 12:16:37 - [TEST_STEP][PASSED] - executeJavaScript("document.querySelector(".btn-primary[onclick='opcCont(40)']").click()", null): Execute JavaScript 'document.querySelector(".btn-primary[onclick='opcCont(40)']").click()' successfully

2020-03-09 12:16:37 - [MESSAGE][PASSED] - Execute JavaScript 'document.querySelector(".btn-primary[onclick='opcCont(40)']").click()' successfully

2020-03-09 12:16:37 - [TEST_STEP][PASSED] - delay(2): Delayed 2 second(s)

2020-03-09 12:16:39 - [MESSAGE][PASSED] - Delayed 2 second(s)

2020-03-09 12:16:39 - [TEST_STEP][PASSED] - waitForElementVisible(findTestObject("Page_- KAIZEN/sc_btn_next"), 3): Object 'Object Repository/Page_- KAIZEN/sc_btn_next' is visible

2020-03-09 12:16:40 - [MESSAGE][PASSED] - Object 'Object Repository/Page_- KAIZEN/sc_btn_next' is visible

2020-03-09 12:16:40 - [TEST_STEP][PASSED] - click(findTestObject("Page_- KAIZEN/sc_btn_next")): Object: 'Object Repository/Page_- KAIZEN/sc_btn_next' is clicked on

2020-03-09 12:16:40 - [MESSAGE][PASSED] - Object: 'Object Repository/Page_- KAIZEN/sc_btn_next' is clicked on

2020-03-09 12:16:40 - [MESSAGE][PASSED] - Call Test Case 'Test Cases/Individual_Tests/Seleccionar_Cliente' successfully

2020-03-09 12:16:40 - [TEST_STEP][PASSED] - callTestCase(findTestCase("Individual_Tests/Seleccionar_Incoterm"), ["Evento":"Crear40", "Index":Index], STOP_ON_FAILURE): Call Test Case 'Test Cases/Individual_Tests/Seleccionar_Incoterm' successfully

2020-03-09 12:16:40 - [TEST_CASE][PASSED] - Test Cases/Individual_Tests/Seleccionar_Incoterm: Test Cases/Individual_Tests/Seleccionar_Incoterm

2020-03-09 12:16:40 - [TEST_STEP][PASSED] - Incoterm = <not implemented yet for class: org.codehaus.groovy.ast.expr.EmptyExpression>: null

2020-03-09 12:16:40 - [TEST_STEP][PASSED] - if (Evento == "Crear20"): null

2020-03-09 12:16:40 - [TEST_STEP][PASSED] - else if (Evento == "Crear40"): null

2020-03-09 12:16:40 - [TEST_STEP][PASSED] - data = obtener_excels.obtener_pedidos40pies.getValuesExcelCreate40(Index): obtener_excels.obtener_pedidos40pies.getValuesExcelCreate40 is PASSED

2020-03-09 12:16:40 - [MESSAGE][PASSED] - obtener_excels.obtener_pedidos40pies.getValuesExcelCreate40 is PASSED

2020-03-09 12:16:40 - [TEST_STEP][PASSED] - Incoterm = data[6]: null

2020-03-09 12:16:40 - [TEST_STEP][PASSED] - selectOptionByValue(findTestObject("Page_- KAIZEN/sin_select_incoterm"), Incoterm, true): All options with value 'EXW' are selected in object 'Object Repository/Page_- KAIZEN/sin_select_incoterm'  using regular expression

2020-03-09 12:16:41 - [MESSAGE][PASSED] - All options with value 'EXW' are selected in object 'Object Repository/Page_- KAIZEN/sin_select_incoterm'  using regular expression

2020-03-09 12:16:41 - [TEST_STEP][PASSED] - click(findTestObject("Page_- KAIZEN/sc_btn_next")): Object: 'Object Repository/Page_- KAIZEN/sc_btn_next' is clicked on

2020-03-09 12:16:42 - [MESSAGE][PASSED] - Object: 'Object Repository/Page_- KAIZEN/sc_btn_next' is clicked on

2020-03-09 12:16:42 - [MESSAGE][PASSED] - Call Test Case 'Test Cases/Individual_Tests/Seleccionar_Incoterm' successfully

2020-03-09 12:16:42 - [TEST_STEP][PASSED] - callTestCase(findTestCase("Individual_Tests/Seleccionar_Opcion_Compra"), ["Evento":"Crear40", "Index":Index], STOP_ON_FAILURE): Call Test Case 'Test Cases/Individual_Tests/Seleccionar_Opcion_Compra' successfully

2020-03-09 12:16:42 - [TEST_CASE][PASSED] - Test Cases/Individual_Tests/Seleccionar_Opcion_Compra: Test Cases/Individual_Tests/Seleccionar_Opcion_Compra

2020-03-09 12:16:42 - [TEST_STEP][PASSED] - OpCompra1 = 0: null

2020-03-09 12:16:42 - [TEST_STEP][PASSED] - if (Evento == "Crear20"): null

2020-03-09 12:16:42 - [TEST_STEP][PASSED] - else if (Evento == "Crear40"): null

2020-03-09 12:16:42 - [TEST_STEP][PASSED] - OpCompra1 = OpcionCompra: null

2020-03-09 12:16:42 - [TEST_STEP][PASSED] - delay(7): Delayed 7 second(s)

2020-03-09 12:16:49 - [MESSAGE][PASSED] - Delayed 7 second(s)

2020-03-09 12:16:49 - [TEST_STEP][PASSED] - waitForElementClickable(findTestObject("Page_- KAIZEN/so_SelectorOP"), 7): Object 'Object Repository/Page_- KAIZEN/so_SelectorOP' is clickable

2020-03-09 12:16:50 - [MESSAGE][PASSED] - Object 'Object Repository/Page_- KAIZEN/so_SelectorOP' is clickable

2020-03-09 12:16:50 - [TEST_STEP][PASSED] - delay(3): Delayed 3 second(s)

2020-03-09 12:16:53 - [MESSAGE][PASSED] - Delayed 3 second(s)

2020-03-09 12:16:53 - [TEST_STEP][PASSED] - click(findTestObject("Page_- KAIZEN/so_select_SeleccioneOPCION")): Object: 'Object Repository/Page_- KAIZEN/so_select_SeleccioneOPCION' is clicked on

2020-03-09 12:16:53 - [MESSAGE][PASSED] - Object: 'Object Repository/Page_- KAIZEN/so_select_SeleccioneOPCION' is clicked on

2020-03-09 12:16:53 - [TEST_STEP][PASSED] - selectOptionByValue(findTestObject("Page_- KAIZEN/so_select_SeleccioneOPCION"), OpCompra1, true): All options with value '23' are selected in object 'Object Repository/Page_- KAIZEN/so_select_SeleccioneOPCION'  using regular expression

2020-03-09 12:16:56 - [MESSAGE][PASSED] - All options with value '23' are selected in object 'Object Repository/Page_- KAIZEN/so_select_SeleccioneOPCION'  using regular expression

2020-03-09 12:16:56 - [TEST_STEP][PASSED] - waitForElementPresent(findTestObject("Page_- KAIZEN/sc_btn_next"), 7): Object 'Object Repository/Page_- KAIZEN/sc_btn_next' is present

2020-03-09 12:16:56 - [MESSAGE][PASSED] - Object 'Object Repository/Page_- KAIZEN/sc_btn_next' is present

2020-03-09 12:16:56 - [TEST_STEP][PASSED] - click(findTestObject("Page_- KAIZEN/sc_btn_next")): Object: 'Object Repository/Page_- KAIZEN/sc_btn_next' is clicked on

2020-03-09 12:16:57 - [MESSAGE][PASSED] - Object: 'Object Repository/Page_- KAIZEN/sc_btn_next' is clicked on

2020-03-09 12:16:57 - [MESSAGE][PASSED] - Call Test Case 'Test Cases/Individual_Tests/Seleccionar_Opcion_Compra' successfully

2020-03-09 12:16:57 - [TEST_STEP][PASSED] - callTestCase(findTestCase("Individual_Tests/Seleccionar_Productos40pies"), ["Index":Index], STOP_ON_FAILURE): Call Test Case 'Test Cases/Individual_Tests/Seleccionar_Productos40pies' successfully

2020-03-09 12:16:57 - [TEST_CASE][PASSED] - Test Cases/Individual_Tests/Seleccionar_Productos40pies: Test Cases/Individual_Tests/Seleccionar_Productos40pies

2020-03-09 12:16:57 - [TEST_STEP][PASSED] - data = obtener_excels.obtener_pedidos40pies.getValuesExcelCreate40(Index): obtener_excels.obtener_pedidos40pies.getValuesExcelCreate40 is PASSED

2020-03-09 12:16:57 - [MESSAGE][PASSED] - obtener_excels.obtener_pedidos40pies.getValuesExcelCreate40 is PASSED

2020-03-09 12:16:57 - [TEST_STEP][PASSED] - IDProductoSoportaPeso = data[9]: null

2020-03-09 12:16:57 - [TEST_STEP][PASSED] - IDProductoNoSoportaPeso = data[11]: null

2020-03-09 12:16:57 - [TEST_STEP][PASSED] - Cantidad = <not implemented yet for class: org.codehaus.groovy.ast.expr.EmptyExpression>: null

2020-03-09 12:16:57 - [TEST_STEP][PASSED] - Iterar = data[13]: null

2020-03-09 12:16:57 - [TEST_STEP][PASSED] - CapacidadDisponible = data[8].toInteger(): null

2020-03-09 12:16:57 - [TEST_STEP][PASSED] - PesoProducto = data[10].toInteger(): null

2020-03-09 12:16:57 - [TEST_STEP][PASSED] - PesoProducto2 = data[12].toInteger(): null

2020-03-09 12:16:57 - [TEST_STEP][PASSED] - CantidadBase = <not implemented yet for class: org.codehaus.groovy.ast.expr.EmptyExpression>: null

2020-03-09 12:16:57 - [TEST_STEP][PASSED] - CantidadAñadida = <not implemented yet for class: org.codehaus.groovy.ast.expr.EmptyExpression>: null

2020-03-09 12:16:57 - [TEST_STEP][PASSED] - CantidadRestante = <not implemented yet for class: org.codehaus.groovy.ast.expr.EmptyExpression>: null

2020-03-09 12:16:57 - [TEST_STEP][PASSED] - Elementos = <not implemented yet for class: org.codehaus.groovy.ast.expr.EmptyExpression>: null

2020-03-09 12:16:57 - [TEST_STEP][PASSED] - cantProductos = Iterar.toInteger(): null

2020-03-09 12:16:57 - [TEST_STEP][PASSED] - CantidadSoporta = <not implemented yet for class: org.codehaus.groovy.ast.expr.EmptyExpression>: null

2020-03-09 12:16:57 - [TEST_STEP][PASSED] - CantidadNoSoporta = <not implemented yet for class: org.codehaus.groovy.ast.expr.EmptyExpression>: null

2020-03-09 12:16:57 - [TEST_STEP][PASSED] - print(Iterar): null

2020-03-09 12:16:57 - [TEST_STEP][PASSED] - IDPedidoCreado = executeJavaScript("return document.getElementById('IdPedido').value;", null): Execute JavaScript 'return document.getElementById('IdPedido').value;' successfully

2020-03-09 12:16:57 - [MESSAGE][PASSED] - Execute JavaScript 'return document.getElementById('IdPedido').value;' successfully

2020-03-09 12:16:57 - [TEST_STEP][PASSED] - IDPedidoCreado1 = IDPedidoCreado.toInteger(): null

2020-03-09 12:16:57 - [TEST_STEP][PASSED] - exportar_archivos.Ex_guardar_pedidos_creados.demoKey(IDPedidoCreado1, cantProductos): exportar_archivos.Ex_guardar_pedidos_creados.demoKey is PASSED

2020-03-09 12:16:58 - [MESSAGE][PASSED] - exportar_archivos.Ex_guardar_pedidos_creados.demoKey is PASSED

2020-03-09 12:16:58 - [TEST_STEP][PASSED] - boton = executeJavaScript("return document.getElementById("btn_next").style.display;", null): Execute JavaScript 'return document.getElementById("btn_next").style.display;' successfully

2020-03-09 12:16:58 - [MESSAGE][PASSED] - Execute JavaScript 'return document.getElementById("btn_next").style.display;' successfully

2020-03-09 12:16:58 - [TEST_STEP][PASSED] - if (boton == "block"): null

2020-03-09 12:16:58 - [TEST_STEP][PASSED] - else: Browser is closed

2020-03-09 12:16:58 - [TEST_STEP][PASSED] - if (Iterar == "1" && PesoProducto <= CapacidadDisponible): Browser is closed

2020-03-09 12:16:58 - [TEST_STEP][PASSED] - CantidadBase = CandidadSoporta: null

2020-03-09 12:16:58 - [TEST_STEP][PASSED] - Cantidad = CantidadBase: null

2020-03-09 12:16:58 - [TEST_STEP][PASSED] - Producto = IDProductoSoportaPeso: null

2020-03-09 12:16:58 - [TEST_STEP][PASSED] - click(findTestObject("Page_- KAIZEN/sp_Element_producto")): Object: 'Object Repository/Page_- KAIZEN/sp_Element_producto' is clicked on

2020-03-09 12:16:58 - [MESSAGE][PASSED] - Object: 'Object Repository/Page_- KAIZEN/sp_Element_producto' is clicked on

2020-03-09 12:16:58 - [TEST_STEP][PASSED] - click(findTestObject("Page_- KAIZEN/sp_click_select_product")): Object: 'Object Repository/Page_- KAIZEN/sp_click_select_product' is clicked on

2020-03-09 12:16:58 - [MESSAGE][PASSED] - Object: 'Object Repository/Page_- KAIZEN/sp_click_select_product' is clicked on

2020-03-09 12:16:58 - [TEST_STEP][PASSED] - selectOptionByValue(findTestObject("Page_- KAIZEN/sp_assing_select_product"), Producto, true): All options with value '572' are selected in object 'Object Repository/Page_- KAIZEN/sp_assing_select_product'  using regular expression

2020-03-09 12:17:00 - [MESSAGE][PASSED] - All options with value '572' are selected in object 'Object Repository/Page_- KAIZEN/sp_assing_select_product'  using regular expression

2020-03-09 12:17:00 - [TEST_STEP][PASSED] - setText(findTestObject("Page_- KAIZEN/sp_input_product_quantity"), Cantidad): Text '18' is set on object 'Object Repository/Page_- KAIZEN/sp_input_product_quantity'

2020-03-09 12:17:00 - [MESSAGE][PASSED] - Text '18' is set on object 'Object Repository/Page_- KAIZEN/sp_input_product_quantity'

2020-03-09 12:17:00 - [TEST_STEP][PASSED] - click(findTestObject("Page_- KAIZEN/sp_btn_add_product")): Object: 'Object Repository/Page_- KAIZEN/sp_btn_add_product' is clicked on

2020-03-09 12:17:02 - [MESSAGE][PASSED] - Object: 'Object Repository/Page_- KAIZEN/sp_btn_add_product' is clicked on

2020-03-09 12:17:02 - [TEST_STEP][PASSED] - CantidadSoporta = Cantidad.toInteger(): null

2020-03-09 12:17:02 - [TEST_STEP][PASSED] - CantidadAñadida = CantidadSoporta * PesoProducto: null

2020-03-09 12:17:02 - [TEST_STEP][PASSED] - CantidadRestante = CapacidadDisponible - CantidadAñadida: null

2020-03-09 12:17:02 - [TEST_STEP][PASSED] - Elementos = CantidadRestante / PesoProducto: null

2020-03-09 12:17:02 - [TEST_STEP][PASSED] - Cantidad2 = Elementos.toString(): null

2020-03-09 12:17:02 - [TEST_STEP][PASSED] - click(findTestObject("Page_- KAIZEN/sp_Element_producto")): Object: 'Object Repository/Page_- KAIZEN/sp_Element_producto' is clicked on

2020-03-09 12:17:02 - [MESSAGE][PASSED] - Object: 'Object Repository/Page_- KAIZEN/sp_Element_producto' is clicked on

2020-03-09 12:17:02 - [TEST_STEP][PASSED] - click(findTestObject("Page_- KAIZEN/sp_click_select_product")): Object: 'Object Repository/Page_- KAIZEN/sp_click_select_product' is clicked on

2020-03-09 12:17:03 - [MESSAGE][PASSED] - Object: 'Object Repository/Page_- KAIZEN/sp_click_select_product' is clicked on

2020-03-09 12:17:03 - [TEST_STEP][PASSED] - selectOptionByValue(findTestObject("Page_- KAIZEN/sp_assing_select_product"), Producto, true): All options with value '572' are selected in object 'Object Repository/Page_- KAIZEN/sp_assing_select_product'  using regular expression

2020-03-09 12:17:04 - [MESSAGE][PASSED] - All options with value '572' are selected in object 'Object Repository/Page_- KAIZEN/sp_assing_select_product'  using regular expression

2020-03-09 12:17:04 - [TEST_STEP][PASSED] - setText(findTestObject("Page_- KAIZEN/sp_input_product_quantity"), Cantidad2): Text '6' is set on object 'Object Repository/Page_- KAIZEN/sp_input_product_quantity'

2020-03-09 12:17:05 - [MESSAGE][PASSED] - Text '6' is set on object 'Object Repository/Page_- KAIZEN/sp_input_product_quantity'

2020-03-09 12:17:05 - [TEST_STEP][PASSED] - click(findTestObject("Page_- KAIZEN/sp_btn_add_product")): Object: 'Object Repository/Page_- KAIZEN/sp_btn_add_product' is clicked on

2020-03-09 12:17:06 - [MESSAGE][PASSED] - Object: 'Object Repository/Page_- KAIZEN/sp_btn_add_product' is clicked on

2020-03-09 12:17:06 - [TEST_STEP][PASSED] - delay(10): Delayed 10 second(s)

2020-03-09 12:17:16 - [MESSAGE][PASSED] - Delayed 10 second(s)

2020-03-09 12:17:16 - [TEST_STEP][PASSED] - boton2 = executeJavaScript("return document.getElementById("btn_next").style.display;", null): Execute JavaScript 'return document.getElementById("btn_next").style.display;' successfully

2020-03-09 12:17:16 - [MESSAGE][PASSED] - Execute JavaScript 'return document.getElementById("btn_next").style.display;' successfully

2020-03-09 12:17:16 - [TEST_STEP][PASSED] - if (boton2 == "none"): null

2020-03-09 12:17:16 - [TEST_STEP][PASSED] - else: Browser is closed

2020-03-09 12:17:16 - [TEST_STEP][PASSED] - click(findTestObject("Page_- KAIZEN/sp_Siguiente")): Object: 'Object Repository/Page_- KAIZEN/sp_Siguiente' is clicked on

2020-03-09 12:17:18 - [MESSAGE][PASSED] - Object: 'Object Repository/Page_- KAIZEN/sp_Siguiente' is clicked on

2020-03-09 12:17:18 - [TEST_STEP][PASSED] - click(findTestObject("Page_- KAIZEN/sp_btn_finish")): Object: 'Object Repository/Page_- KAIZEN/sp_btn_finish' is clicked on

2020-03-09 12:17:22 - [MESSAGE][PASSED] - Object: 'Object Repository/Page_- KAIZEN/sp_btn_finish' is clicked on

2020-03-09 12:17:22 - [TEST_STEP][PASSED] - delay(3): Delayed 3 second(s)

2020-03-09 12:17:25 - [MESSAGE][PASSED] - Delayed 3 second(s)

2020-03-09 12:17:25 - [TEST_STEP][PASSED] - closeBrowser(): Browser is closed

2020-03-09 12:17:26 - [MESSAGE][PASSED] - Browser is closed

2020-03-09 12:17:26 - [MESSAGE][PASSED] - Call Test Case 'Test Cases/Individual_Tests/Seleccionar_Productos40pies' successfully

2020-03-09 12:17:26 - [TEST_STEP][PASSED] - callTestCase(findTestCase("Individual_Tests/Login"), ["Evento":"Crear40", "Index":Index], STOP_ON_FAILURE): Call Test Case 'Test Cases/Individual_Tests/Login' successfully

2020-03-09 12:17:26 - [TEST_CASE][PASSED] - Test Cases/Individual_Tests/Login: Test Cases/Individual_Tests/Login

2020-03-09 12:17:26 - [TEST_STEP][PASSED] - print("Evento Seleccionado: " + Evento + "
"): null

2020-03-09 12:17:26 - [TEST_STEP][PASSED] - openBrowser(Web): Browser is opened with url: 'http://test.kaizendev.net/Login/Accesar?salir=true'

2020-03-09 12:17:26 - [MESSAGE][INFO] - Starting 'Chrome' driver

2020-03-09 12:17:52 - [MESSAGE][PASSED] - Browser is opened with url: 'http://test.kaizendev.net/Login/Accesar?salir=true'

2020-03-09 12:17:52 - [TEST_STEP][PASSED] - maximizeWindow(): Current window maximized

2020-03-09 12:17:54 - [MESSAGE][PASSED] - Current window maximized

2020-03-09 12:17:54 - [TEST_STEP][PASSED] - if (Evento == "Crear20"): null

2020-03-09 12:17:54 - [TEST_STEP][PASSED] - else if (Evento == "Crear40"): Object: 'Object Repository/Page_Iniciar Sesion - KAIZEN/is_btn_ingresar_sistema' is clicked on

2020-03-09 12:17:54 - [TEST_STEP][PASSED] - data7 = obtener_excels.obtener_pedidos40pies.getValuesExcelCreate40(Index): obtener_excels.obtener_pedidos40pies.getValuesExcelCreate40 is PASSED

2020-03-09 12:17:54 - [MESSAGE][PASSED] - obtener_excels.obtener_pedidos40pies.getValuesExcelCreate40 is PASSED

2020-03-09 12:17:54 - [TEST_STEP][PASSED] - Usuario = data7[1]: null

2020-03-09 12:17:54 - [TEST_STEP][PASSED] - Contrasena = data7[2]: null

2020-03-09 12:17:54 - [TEST_STEP][PASSED] - setText(findTestObject("Page_Iniciar Sesion - KAIZEN/is_input_email"), Usuario): Text 'automated.test@grupokaizen.net' is set on object 'Object Repository/Page_Iniciar Sesion - KAIZEN/is_input_email'

2020-03-09 12:17:54 - [MESSAGE][PASSED] - Text 'automated.test@grupokaizen.net' is set on object 'Object Repository/Page_Iniciar Sesion - KAIZEN/is_input_email'

2020-03-09 12:17:54 - [TEST_STEP][PASSED] - setEncryptedText(findTestObject("Page_Iniciar Sesion - KAIZEN/IS_input_contrasena"), Contrasena): Text ****** has been set on object 'Object Repository/Page_Iniciar Sesion - KAIZEN/IS_input_contrasena'

2020-03-09 12:17:55 - [MESSAGE][PASSED] - Text ****** has been set on object 'Object Repository/Page_Iniciar Sesion - KAIZEN/IS_input_contrasena'

2020-03-09 12:17:55 - [TEST_STEP][PASSED] - click(findTestObject("Page_Iniciar Sesion - KAIZEN/is_btn_ingresar_sistema")): Object: 'Object Repository/Page_Iniciar Sesion - KAIZEN/is_btn_ingresar_sistema' is clicked on

2020-03-09 12:18:00 - [MESSAGE][PASSED] - Object: 'Object Repository/Page_Iniciar Sesion - KAIZEN/is_btn_ingresar_sistema' is clicked on

2020-03-09 12:18:00 - [MESSAGE][PASSED] - Call Test Case 'Test Cases/Individual_Tests/Login' successfully

2020-03-09 12:18:00 - [TEST_STEP][PASSED] - callTestCase(findTestCase("Individual_Tests/Seleccionar_Idioma"), ["Evento":"Crear40", "Index":Index], STOP_ON_FAILURE): Call Test Case 'Test Cases/Individual_Tests/Seleccionar_Idioma' successfully

2020-03-09 12:18:00 - [TEST_CASE][PASSED] - Test Cases/Individual_Tests/Seleccionar_Idioma: Test Cases/Individual_Tests/Seleccionar_Idioma

2020-03-09 12:18:00 - [TEST_STEP][PASSED] - Idioma = 0: null

2020-03-09 12:18:00 - [TEST_STEP][PASSED] - if (Evento == "Crear20"): null

2020-03-09 12:18:00 - [TEST_STEP][PASSED] - else if (Evento == "Crear40"): null

2020-03-09 12:18:00 - [TEST_STEP][PASSED] - data7 = obtener_excels.obtener_pedidos40pies.getValuesExcelCreate40(Index): obtener_excels.obtener_pedidos40pies.getValuesExcelCreate40 is PASSED

2020-03-09 12:18:00 - [MESSAGE][PASSED] - obtener_excels.obtener_pedidos40pies.getValuesExcelCreate40 is PASSED

2020-03-09 12:18:00 - [TEST_STEP][PASSED] - Idioma = data7[0]: null

2020-03-09 12:18:00 - [TEST_STEP][PASSED] - click(findTestObject("Page_- KAIZEN/si_btn_idioma")): Object: 'Object Repository/Page_- KAIZEN/si_btn_idioma' is clicked on

2020-03-09 12:18:00 - [MESSAGE][PASSED] - Object: 'Object Repository/Page_- KAIZEN/si_btn_idioma' is clicked on

2020-03-09 12:18:00 - [TEST_STEP][PASSED] - if (Idioma == "0"): null

2020-03-09 12:18:00 - [TEST_STEP][PASSED] - else: Object: 'Object Repository/Page_- KAIZEN/si_Spanish' is clicked on

2020-03-09 12:18:00 - [TEST_STEP][PASSED] - click(findTestObject("Page_- KAIZEN/si_Spanish")): Object: 'Object Repository/Page_- KAIZEN/si_Spanish' is clicked on

2020-03-09 12:18:03 - [MESSAGE][PASSED] - Object: 'Object Repository/Page_- KAIZEN/si_Spanish' is clicked on

2020-03-09 12:18:03 - [MESSAGE][PASSED] - Call Test Case 'Test Cases/Individual_Tests/Seleccionar_Idioma' successfully

2020-03-09 12:18:03 - [TEST_STEP][PASSED] - callTestCase(findTestCase("Individual_Tests/Anadir_pedido"), [:], STOP_ON_FAILURE): Call Test Case 'Test Cases/Individual_Tests/Anadir_pedido' successfully

2020-03-09 12:18:03 - [TEST_CASE][PASSED] - Test Cases/Individual_Tests/Anadir_pedido: Test Cases/Individual_Tests/Anadir_pedido

2020-03-09 12:18:03 - [TEST_STEP][PASSED] - click(findTestObject("Page_- KAIZEN/bp_menu_pedido")): Object: 'Object Repository/Page_- KAIZEN/bp_menu_pedido' is clicked on

2020-03-09 12:18:04 - [MESSAGE][PASSED] - Object: 'Object Repository/Page_- KAIZEN/bp_menu_pedido' is clicked on

2020-03-09 12:18:04 - [TEST_STEP][PASSED] - click(findTestObject("Page_- KAIZEN/bp_click_menu_pedido")): Object: 'Object Repository/Page_- KAIZEN/bp_click_menu_pedido' is clicked on

2020-03-09 12:18:07 - [MESSAGE][PASSED] - Object: 'Object Repository/Page_- KAIZEN/bp_click_menu_pedido' is clicked on

2020-03-09 12:18:07 - [TEST_STEP][PASSED] - click(findTestObject("Page_Pedidos de Lubricantes - KAIZEN/ap_btn_agregar")): Object: 'Object Repository/Page_Pedidos de Lubricantes - KAIZEN/ap_btn_agregar' is clicked on

2020-03-09 12:18:18 - [MESSAGE][PASSED] - Object: 'Object Repository/Page_Pedidos de Lubricantes - KAIZEN/ap_btn_agregar' is clicked on

2020-03-09 12:18:18 - [MESSAGE][PASSED] - Call Test Case 'Test Cases/Individual_Tests/Anadir_pedido' successfully

2020-03-09 12:18:18 - [TEST_STEP][PASSED] - callTestCase(findTestCase("Individual_Tests/Seleccionar_Cliente"), ["Evento":"Crear40", "Index":Index], STOP_ON_FAILURE): Call Test Case 'Test Cases/Individual_Tests/Seleccionar_Cliente' successfully

2020-03-09 12:18:18 - [TEST_CASE][PASSED] - Test Cases/Individual_Tests/Seleccionar_Cliente: Test Cases/Individual_Tests/Seleccionar_Cliente

2020-03-09 12:18:18 - [TEST_STEP][PASSED] - Nombre = <not implemented yet for class: org.codehaus.groovy.ast.expr.EmptyExpression>: null

2020-03-09 12:18:18 - [TEST_STEP][PASSED] - Direccion = <not implemented yet for class: org.codehaus.groovy.ast.expr.EmptyExpression>: null

2020-03-09 12:18:18 - [TEST_STEP][PASSED] - Contenedor = <not implemented yet for class: org.codehaus.groovy.ast.expr.EmptyExpression>: null

2020-03-09 12:18:18 - [TEST_STEP][PASSED] - if (Evento == "Crear20"): null

2020-03-09 12:18:18 - [TEST_STEP][PASSED] - else if (Evento == "Crear40"): null

2020-03-09 12:18:18 - [TEST_STEP][PASSED] - data = obtener_excels.obtener_pedidos40pies.getValuesExcelCreate40(Index): obtener_excels.obtener_pedidos40pies.getValuesExcelCreate40 is PASSED

2020-03-09 12:18:18 - [MESSAGE][PASSED] - obtener_excels.obtener_pedidos40pies.getValuesExcelCreate40 is PASSED

2020-03-09 12:18:18 - [TEST_STEP][PASSED] - Nombre = data[3]: null

2020-03-09 12:18:18 - [TEST_STEP][PASSED] - Direccion = data[4]: null

2020-03-09 12:18:18 - [TEST_STEP][PASSED] - Contenedor = data[5]: null

2020-03-09 12:18:18 - [TEST_STEP][PASSED] - delay(2): Delayed 2 second(s)

2020-03-09 12:18:20 - [MESSAGE][PASSED] - Delayed 2 second(s)

2020-03-09 12:18:20 - [TEST_STEP][PASSED] - element = executeJavaScript("return document.getElementById('ID_CLIENTE_LIST').value;", null): Execute JavaScript 'return document.getElementById('ID_CLIENTE_LIST').value;' successfully

2020-03-09 12:18:20 - [MESSAGE][PASSED] - Execute JavaScript 'return document.getElementById('ID_CLIENTE_LIST').value;' successfully

2020-03-09 12:18:20 - [TEST_STEP][PASSED] - if (element == Nombre): null

2020-03-09 12:18:20 - [TEST_STEP][PASSED] - else: Object: 'Object Repository/Page_- KAIZEN/sc_btn_next' is clicked on

2020-03-09 12:18:20 - [TEST_STEP][PASSED] - print(Nombre + "
"): null

2020-03-09 12:18:20 - [TEST_STEP][PASSED] - click(findTestObject("Page_- KAIZEN/sc_select_cliente1")): Object: 'Object Repository/Page_- KAIZEN/sc_select_cliente1' is clicked on

2020-03-09 12:18:21 - [MESSAGE][PASSED] - Object: 'Object Repository/Page_- KAIZEN/sc_select_cliente1' is clicked on

2020-03-09 12:18:21 - [TEST_STEP][PASSED] - click(findTestObject("Page_- KAIZEN/sc_select_cliente2")): Object: 'Object Repository/Page_- KAIZEN/sc_select_cliente2' is clicked on

2020-03-09 12:18:22 - [MESSAGE][PASSED] - Object: 'Object Repository/Page_- KAIZEN/sc_select_cliente2' is clicked on

2020-03-09 12:18:22 - [TEST_STEP][PASSED] - waitForElementPresent(findTestObject("Page_- KAIZEN/sc_select_cliente3"), 5): Object 'Object Repository/Page_- KAIZEN/sc_select_cliente3' is present

2020-03-09 12:18:22 - [MESSAGE][PASSED] - Object 'Object Repository/Page_- KAIZEN/sc_select_cliente3' is present

2020-03-09 12:18:22 - [TEST_STEP][PASSED] - selectOptionByValue(findTestObject("Page_- KAIZEN/sc_select_cliente3"), Nombre.toString(), true): All options with value '7' are selected in object 'Object Repository/Page_- KAIZEN/sc_select_cliente3'  using regular expression

2020-03-09 12:18:24 - [MESSAGE][PASSED] - All options with value '7' are selected in object 'Object Repository/Page_- KAIZEN/sc_select_cliente3'  using regular expression

2020-03-09 12:18:24 - [TEST_STEP][PASSED] - waitForElementPresent(findTestObject("Page_- KAIZEN/sc_span_select_address"), 5): Object 'Object Repository/Page_- KAIZEN/sc_span_select_address' is present

2020-03-09 12:18:25 - [MESSAGE][PASSED] - Object 'Object Repository/Page_- KAIZEN/sc_span_select_address' is present

2020-03-09 12:18:25 - [TEST_STEP][PASSED] - click(findTestObject("Page_- KAIZEN/sc_span_select_address")): Object: 'Object Repository/Page_- KAIZEN/sc_span_select_address' is clicked on

2020-03-09 12:18:25 - [MESSAGE][PASSED] - Object: 'Object Repository/Page_- KAIZEN/sc_span_select_address' is clicked on

2020-03-09 12:18:25 - [TEST_STEP][PASSED] - selectOptionByValue(findTestObject("Page_- KAIZEN/sc_assing_select_address"), Direccion, true): All options with value '3' are selected in object 'Object Repository/Page_- KAIZEN/sc_assing_select_address'  using regular expression

2020-03-09 12:18:26 - [MESSAGE][PASSED] - All options with value '3' are selected in object 'Object Repository/Page_- KAIZEN/sc_assing_select_address'  using regular expression

2020-03-09 12:18:26 - [TEST_STEP][PASSED] - delay(5): Delayed 5 second(s)

2020-03-09 12:18:31 - [MESSAGE][PASSED] - Delayed 5 second(s)

2020-03-09 12:18:31 - [TEST_STEP][PASSED] - if (Contenedor == "20"): null

2020-03-09 12:18:31 - [TEST_STEP][PASSED] - else: Execute JavaScript 'document.querySelector(".btn-primary[onclick='opcCont(40)']").click()' successfully

2020-03-09 12:18:31 - [TEST_STEP][PASSED] - executeJavaScript("document.querySelector(".btn-primary[onclick='opcCont(40)']").click()", null): Execute JavaScript 'document.querySelector(".btn-primary[onclick='opcCont(40)']").click()' successfully

2020-03-09 12:18:32 - [MESSAGE][PASSED] - Execute JavaScript 'document.querySelector(".btn-primary[onclick='opcCont(40)']").click()' successfully

2020-03-09 12:18:32 - [TEST_STEP][PASSED] - delay(2): Delayed 2 second(s)

2020-03-09 12:18:34 - [MESSAGE][PASSED] - Delayed 2 second(s)

2020-03-09 12:18:34 - [TEST_STEP][PASSED] - waitForElementVisible(findTestObject("Page_- KAIZEN/sc_btn_next"), 3): Object 'Object Repository/Page_- KAIZEN/sc_btn_next' is visible

2020-03-09 12:18:34 - [MESSAGE][PASSED] - Object 'Object Repository/Page_- KAIZEN/sc_btn_next' is visible

2020-03-09 12:18:34 - [TEST_STEP][PASSED] - click(findTestObject("Page_- KAIZEN/sc_btn_next")): Object: 'Object Repository/Page_- KAIZEN/sc_btn_next' is clicked on

2020-03-09 12:18:35 - [MESSAGE][PASSED] - Object: 'Object Repository/Page_- KAIZEN/sc_btn_next' is clicked on

2020-03-09 12:18:35 - [MESSAGE][PASSED] - Call Test Case 'Test Cases/Individual_Tests/Seleccionar_Cliente' successfully

2020-03-09 12:18:35 - [TEST_STEP][PASSED] - callTestCase(findTestCase("Individual_Tests/Seleccionar_Incoterm"), ["Evento":"Crear40", "Index":Index], STOP_ON_FAILURE): Call Test Case 'Test Cases/Individual_Tests/Seleccionar_Incoterm' successfully

2020-03-09 12:18:35 - [TEST_CASE][PASSED] - Test Cases/Individual_Tests/Seleccionar_Incoterm: Test Cases/Individual_Tests/Seleccionar_Incoterm

2020-03-09 12:18:35 - [TEST_STEP][PASSED] - Incoterm = <not implemented yet for class: org.codehaus.groovy.ast.expr.EmptyExpression>: null

2020-03-09 12:18:35 - [TEST_STEP][PASSED] - if (Evento == "Crear20"): null

2020-03-09 12:18:35 - [TEST_STEP][PASSED] - else if (Evento == "Crear40"): null

2020-03-09 12:18:35 - [TEST_STEP][PASSED] - data = obtener_excels.obtener_pedidos40pies.getValuesExcelCreate40(Index): obtener_excels.obtener_pedidos40pies.getValuesExcelCreate40 is PASSED

2020-03-09 12:18:35 - [MESSAGE][PASSED] - obtener_excels.obtener_pedidos40pies.getValuesExcelCreate40 is PASSED

2020-03-09 12:18:35 - [TEST_STEP][PASSED] - Incoterm = data[6]: null

2020-03-09 12:18:35 - [TEST_STEP][PASSED] - selectOptionByValue(findTestObject("Page_- KAIZEN/sin_select_incoterm"), Incoterm, true): All options with value 'EXW' are selected in object 'Object Repository/Page_- KAIZEN/sin_select_incoterm'  using regular expression

2020-03-09 12:18:36 - [MESSAGE][PASSED] - All options with value 'EXW' are selected in object 'Object Repository/Page_- KAIZEN/sin_select_incoterm'  using regular expression

2020-03-09 12:18:36 - [TEST_STEP][PASSED] - click(findTestObject("Page_- KAIZEN/sc_btn_next")): Object: 'Object Repository/Page_- KAIZEN/sc_btn_next' is clicked on

2020-03-09 12:18:36 - [MESSAGE][PASSED] - Object: 'Object Repository/Page_- KAIZEN/sc_btn_next' is clicked on

2020-03-09 12:18:36 - [MESSAGE][PASSED] - Call Test Case 'Test Cases/Individual_Tests/Seleccionar_Incoterm' successfully

2020-03-09 12:18:36 - [TEST_STEP][PASSED] - callTestCase(findTestCase("Individual_Tests/Seleccionar_Opcion_Compra"), ["Evento":"Crear40", "Index":Index], STOP_ON_FAILURE): Call Test Case 'Test Cases/Individual_Tests/Seleccionar_Opcion_Compra' successfully

2020-03-09 12:18:36 - [TEST_CASE][PASSED] - Test Cases/Individual_Tests/Seleccionar_Opcion_Compra: Test Cases/Individual_Tests/Seleccionar_Opcion_Compra

2020-03-09 12:18:36 - [TEST_STEP][PASSED] - OpCompra1 = 0: null

2020-03-09 12:18:36 - [TEST_STEP][PASSED] - if (Evento == "Crear20"): null

2020-03-09 12:18:36 - [TEST_STEP][PASSED] - else if (Evento == "Crear40"): null

2020-03-09 12:18:36 - [TEST_STEP][PASSED] - OpCompra1 = OpcionCompra: null

2020-03-09 12:18:36 - [TEST_STEP][PASSED] - delay(7): Delayed 7 second(s)

2020-03-09 12:18:43 - [MESSAGE][PASSED] - Delayed 7 second(s)

2020-03-09 12:18:43 - [TEST_STEP][PASSED] - waitForElementClickable(findTestObject("Page_- KAIZEN/so_SelectorOP"), 7): Object 'Object Repository/Page_- KAIZEN/so_SelectorOP' is clickable

2020-03-09 12:18:44 - [MESSAGE][PASSED] - Object 'Object Repository/Page_- KAIZEN/so_SelectorOP' is clickable

2020-03-09 12:18:44 - [TEST_STEP][PASSED] - delay(3): Delayed 3 second(s)

2020-03-09 12:18:47 - [MESSAGE][PASSED] - Delayed 3 second(s)

2020-03-09 12:18:47 - [TEST_STEP][PASSED] - click(findTestObject("Page_- KAIZEN/so_select_SeleccioneOPCION")): Object: 'Object Repository/Page_- KAIZEN/so_select_SeleccioneOPCION' is clicked on

2020-03-09 12:18:47 - [MESSAGE][PASSED] - Object: 'Object Repository/Page_- KAIZEN/so_select_SeleccioneOPCION' is clicked on

2020-03-09 12:18:47 - [TEST_STEP][PASSED] - selectOptionByValue(findTestObject("Page_- KAIZEN/so_select_SeleccioneOPCION"), OpCompra1, true): All options with value '23' are selected in object 'Object Repository/Page_- KAIZEN/so_select_SeleccioneOPCION'  using regular expression

2020-03-09 12:18:48 - [MESSAGE][PASSED] - All options with value '23' are selected in object 'Object Repository/Page_- KAIZEN/so_select_SeleccioneOPCION'  using regular expression

2020-03-09 12:18:48 - [TEST_STEP][PASSED] - waitForElementPresent(findTestObject("Page_- KAIZEN/sc_btn_next"), 7): Object 'Object Repository/Page_- KAIZEN/sc_btn_next' is present

2020-03-09 12:18:49 - [MESSAGE][PASSED] - Object 'Object Repository/Page_- KAIZEN/sc_btn_next' is present

2020-03-09 12:18:49 - [TEST_STEP][PASSED] - click(findTestObject("Page_- KAIZEN/sc_btn_next")): Object: 'Object Repository/Page_- KAIZEN/sc_btn_next' is clicked on

2020-03-09 12:18:50 - [MESSAGE][PASSED] - Object: 'Object Repository/Page_- KAIZEN/sc_btn_next' is clicked on

2020-03-09 12:18:50 - [MESSAGE][PASSED] - Call Test Case 'Test Cases/Individual_Tests/Seleccionar_Opcion_Compra' successfully

2020-03-09 12:18:50 - [TEST_STEP][PASSED] - callTestCase(findTestCase("Individual_Tests/Seleccionar_Productos40pies"), ["Index":Index], STOP_ON_FAILURE): Call Test Case 'Test Cases/Individual_Tests/Seleccionar_Productos40pies' successfully

2020-03-09 12:18:50 - [TEST_CASE][PASSED] - Test Cases/Individual_Tests/Seleccionar_Productos40pies: Test Cases/Individual_Tests/Seleccionar_Productos40pies

2020-03-09 12:18:50 - [TEST_STEP][PASSED] - data = obtener_excels.obtener_pedidos40pies.getValuesExcelCreate40(Index): obtener_excels.obtener_pedidos40pies.getValuesExcelCreate40 is PASSED

2020-03-09 12:18:50 - [MESSAGE][PASSED] - obtener_excels.obtener_pedidos40pies.getValuesExcelCreate40 is PASSED

2020-03-09 12:18:50 - [TEST_STEP][PASSED] - IDProductoSoportaPeso = data[9]: null

2020-03-09 12:18:50 - [TEST_STEP][PASSED] - IDProductoNoSoportaPeso = data[11]: null

2020-03-09 12:18:50 - [TEST_STEP][PASSED] - Cantidad = <not implemented yet for class: org.codehaus.groovy.ast.expr.EmptyExpression>: null

2020-03-09 12:18:50 - [TEST_STEP][PASSED] - Iterar = data[13]: null

2020-03-09 12:18:50 - [TEST_STEP][PASSED] - CapacidadDisponible = data[8].toInteger(): null

2020-03-09 12:18:50 - [TEST_STEP][PASSED] - PesoProducto = data[10].toInteger(): null

2020-03-09 12:18:50 - [TEST_STEP][PASSED] - PesoProducto2 = data[12].toInteger(): null

2020-03-09 12:18:50 - [TEST_STEP][PASSED] - CantidadBase = <not implemented yet for class: org.codehaus.groovy.ast.expr.EmptyExpression>: null

2020-03-09 12:18:50 - [TEST_STEP][PASSED] - CantidadAñadida = <not implemented yet for class: org.codehaus.groovy.ast.expr.EmptyExpression>: null

2020-03-09 12:18:50 - [TEST_STEP][PASSED] - CantidadRestante = <not implemented yet for class: org.codehaus.groovy.ast.expr.EmptyExpression>: null

2020-03-09 12:18:50 - [TEST_STEP][PASSED] - Elementos = <not implemented yet for class: org.codehaus.groovy.ast.expr.EmptyExpression>: null

2020-03-09 12:18:50 - [TEST_STEP][PASSED] - cantProductos = Iterar.toInteger(): null

2020-03-09 12:18:50 - [TEST_STEP][PASSED] - CantidadSoporta = <not implemented yet for class: org.codehaus.groovy.ast.expr.EmptyExpression>: null

2020-03-09 12:18:50 - [TEST_STEP][PASSED] - CantidadNoSoporta = <not implemented yet for class: org.codehaus.groovy.ast.expr.EmptyExpression>: null

2020-03-09 12:18:50 - [TEST_STEP][PASSED] - print(Iterar): null

2020-03-09 12:18:50 - [TEST_STEP][PASSED] - IDPedidoCreado = executeJavaScript("return document.getElementById('IdPedido').value;", null): Execute JavaScript 'return document.getElementById('IdPedido').value;' successfully

2020-03-09 12:18:50 - [MESSAGE][PASSED] - Execute JavaScript 'return document.getElementById('IdPedido').value;' successfully

2020-03-09 12:18:50 - [TEST_STEP][PASSED] - IDPedidoCreado1 = IDPedidoCreado.toInteger(): null

2020-03-09 12:18:50 - [TEST_STEP][PASSED] - exportar_archivos.Ex_guardar_pedidos_creados.demoKey(IDPedidoCreado1, cantProductos): exportar_archivos.Ex_guardar_pedidos_creados.demoKey is PASSED

2020-03-09 12:18:50 - [MESSAGE][PASSED] - exportar_archivos.Ex_guardar_pedidos_creados.demoKey is PASSED

2020-03-09 12:18:50 - [TEST_STEP][PASSED] - boton = executeJavaScript("return document.getElementById("btn_next").style.display;", null): Execute JavaScript 'return document.getElementById("btn_next").style.display;' successfully

2020-03-09 12:18:50 - [MESSAGE][PASSED] - Execute JavaScript 'return document.getElementById("btn_next").style.display;' successfully

2020-03-09 12:18:50 - [TEST_STEP][PASSED] - if (boton == "block"): null

2020-03-09 12:18:50 - [TEST_STEP][PASSED] - else: Browser is closed

2020-03-09 12:18:50 - [TEST_STEP][PASSED] - if (Iterar == "1" && PesoProducto <= CapacidadDisponible): null

2020-03-09 12:18:50 - [TEST_STEP][PASSED] - else if (Iterar == "2" && PesoProducto2 <= CapacidadDisponible): Browser is closed

2020-03-09 12:18:50 - [TEST_STEP][PASSED] - CantidadBase = CantidadNoSoporta: null

2020-03-09 12:18:50 - [TEST_STEP][PASSED] - Cantidad = CantidadBase: null

2020-03-09 12:18:50 - [TEST_STEP][PASSED] - Producto = IDProductoNoSoportaPeso: null

2020-03-09 12:18:50 - [TEST_STEP][PASSED] - click(findTestObject("Page_- KAIZEN/sp_Element_producto")): Object: 'Object Repository/Page_- KAIZEN/sp_Element_producto' is clicked on

2020-03-09 12:18:50 - [MESSAGE][PASSED] - Object: 'Object Repository/Page_- KAIZEN/sp_Element_producto' is clicked on

2020-03-09 12:18:50 - [TEST_STEP][PASSED] - click(findTestObject("Page_- KAIZEN/sp_click_select_product")): Object: 'Object Repository/Page_- KAIZEN/sp_click_select_product' is clicked on

2020-03-09 12:18:51 - [MESSAGE][PASSED] - Object: 'Object Repository/Page_- KAIZEN/sp_click_select_product' is clicked on

2020-03-09 12:18:51 - [TEST_STEP][PASSED] - selectOptionByValue(findTestObject("Page_- KAIZEN/sp_assing_select_product"), Producto, true): All options with value '312' are selected in object 'Object Repository/Page_- KAIZEN/sp_assing_select_product'  using regular expression

2020-03-09 12:18:52 - [MESSAGE][PASSED] - All options with value '312' are selected in object 'Object Repository/Page_- KAIZEN/sp_assing_select_product'  using regular expression

2020-03-09 12:18:52 - [TEST_STEP][PASSED] - setText(findTestObject("Page_- KAIZEN/sp_input_product_quantity"), Cantidad): Text '16' is set on object 'Object Repository/Page_- KAIZEN/sp_input_product_quantity'

2020-03-09 12:18:52 - [MESSAGE][PASSED] - Text '16' is set on object 'Object Repository/Page_- KAIZEN/sp_input_product_quantity'

2020-03-09 12:18:52 - [TEST_STEP][PASSED] - click(findTestObject("Page_- KAIZEN/sp_btn_add_product")): Object: 'Object Repository/Page_- KAIZEN/sp_btn_add_product' is clicked on

2020-03-09 12:18:54 - [MESSAGE][PASSED] - Object: 'Object Repository/Page_- KAIZEN/sp_btn_add_product' is clicked on

2020-03-09 12:18:54 - [TEST_STEP][PASSED] - CantidadNoSoporta = Cantidad.toInteger(): null

2020-03-09 12:18:54 - [TEST_STEP][PASSED] - CantidadAñadida = CantidadNoSoporta * PesoProducto2: null

2020-03-09 12:18:54 - [TEST_STEP][PASSED] - CantidadRestante = CapacidadDisponible - CantidadAñadida: null

2020-03-09 12:18:54 - [TEST_STEP][PASSED] - Elementos = CantidadRestante / PesoProducto: null

2020-03-09 12:18:54 - [TEST_STEP][PASSED] - Cantidad2 = Elementos.toString(): null

2020-03-09 12:18:54 - [TEST_STEP][PASSED] - Producto = IDProductoSoportaPeso: null

2020-03-09 12:18:54 - [TEST_STEP][PASSED] - click(findTestObject("Page_- KAIZEN/sp_Element_producto")): Object: 'Object Repository/Page_- KAIZEN/sp_Element_producto' is clicked on

2020-03-09 12:18:54 - [MESSAGE][PASSED] - Object: 'Object Repository/Page_- KAIZEN/sp_Element_producto' is clicked on

2020-03-09 12:18:54 - [TEST_STEP][PASSED] - click(findTestObject("Page_- KAIZEN/sp_click_select_product")): Object: 'Object Repository/Page_- KAIZEN/sp_click_select_product' is clicked on

2020-03-09 12:18:55 - [MESSAGE][PASSED] - Object: 'Object Repository/Page_- KAIZEN/sp_click_select_product' is clicked on

2020-03-09 12:18:55 - [TEST_STEP][PASSED] - selectOptionByValue(findTestObject("Page_- KAIZEN/sp_assing_select_product"), Producto, true): All options with value '580' are selected in object 'Object Repository/Page_- KAIZEN/sp_assing_select_product'  using regular expression

2020-03-09 12:18:56 - [MESSAGE][PASSED] - All options with value '580' are selected in object 'Object Repository/Page_- KAIZEN/sp_assing_select_product'  using regular expression

2020-03-09 12:18:56 - [TEST_STEP][PASSED] - setText(findTestObject("Page_- KAIZEN/sp_input_product_quantity"), Cantidad2): Text '6' is set on object 'Object Repository/Page_- KAIZEN/sp_input_product_quantity'

2020-03-09 12:18:56 - [MESSAGE][PASSED] - Text '6' is set on object 'Object Repository/Page_- KAIZEN/sp_input_product_quantity'

2020-03-09 12:18:56 - [TEST_STEP][PASSED] - click(findTestObject("Page_- KAIZEN/sp_btn_add_product")): Object: 'Object Repository/Page_- KAIZEN/sp_btn_add_product' is clicked on

2020-03-09 12:18:59 - [MESSAGE][PASSED] - Object: 'Object Repository/Page_- KAIZEN/sp_btn_add_product' is clicked on

2020-03-09 12:18:59 - [TEST_STEP][PASSED] - delay(10): Delayed 10 second(s)

2020-03-09 12:19:09 - [MESSAGE][PASSED] - Delayed 10 second(s)

2020-03-09 12:19:09 - [TEST_STEP][PASSED] - boton3 = executeJavaScript("return document.getElementById("btn_next").style.display;", null): Execute JavaScript 'return document.getElementById("btn_next").style.display;' successfully

2020-03-09 12:19:09 - [MESSAGE][PASSED] - Execute JavaScript 'return document.getElementById("btn_next").style.display;' successfully

2020-03-09 12:19:09 - [TEST_STEP][PASSED] - if (boton3 == "none"): null

2020-03-09 12:19:09 - [TEST_STEP][PASSED] - else: Browser is closed

2020-03-09 12:19:09 - [TEST_STEP][PASSED] - click(findTestObject("Page_- KAIZEN/sp_Siguiente")): Object: 'Object Repository/Page_- KAIZEN/sp_Siguiente' is clicked on

2020-03-09 12:19:11 - [MESSAGE][PASSED] - Object: 'Object Repository/Page_- KAIZEN/sp_Siguiente' is clicked on

2020-03-09 12:19:11 - [TEST_STEP][PASSED] - click(findTestObject("Page_- KAIZEN/sp_btn_finish")): Object: 'Object Repository/Page_- KAIZEN/sp_btn_finish' is clicked on

2020-03-09 12:19:15 - [MESSAGE][PASSED] - Object: 'Object Repository/Page_- KAIZEN/sp_btn_finish' is clicked on

2020-03-09 12:19:15 - [TEST_STEP][PASSED] - delay(5): Delayed 5 second(s)

2020-03-09 12:19:20 - [MESSAGE][PASSED] - Delayed 5 second(s)

2020-03-09 12:19:20 - [TEST_STEP][PASSED] - closeBrowser(): Browser is closed

2020-03-09 12:19:21 - [MESSAGE][PASSED] - Browser is closed

2020-03-09 12:19:21 - [MESSAGE][PASSED] - Call Test Case 'Test Cases/Individual_Tests/Seleccionar_Productos40pies' successfully

2020-03-09 12:19:21 - [TEST_STEP][PASSED] - callTestCase(findTestCase("Individual_Tests/Login"), ["Evento":"Crear40", "Index":Index], STOP_ON_FAILURE): Call Test Case 'Test Cases/Individual_Tests/Login' successfully

2020-03-09 12:19:21 - [TEST_CASE][PASSED] - Test Cases/Individual_Tests/Login: Test Cases/Individual_Tests/Login

2020-03-09 12:19:21 - [TEST_STEP][PASSED] - print("Evento Seleccionado: " + Evento + "
"): null

2020-03-09 12:19:21 - [TEST_STEP][PASSED] - openBrowser(Web): Browser is opened with url: 'http://test.kaizendev.net/Login/Accesar?salir=true'

2020-03-09 12:19:21 - [MESSAGE][INFO] - Starting 'Chrome' driver

2020-03-09 12:19:54 - [MESSAGE][PASSED] - Browser is opened with url: 'http://test.kaizendev.net/Login/Accesar?salir=true'

2020-03-09 12:19:54 - [TEST_STEP][PASSED] - maximizeWindow(): Current window maximized

2020-03-09 12:19:56 - [MESSAGE][PASSED] - Current window maximized

2020-03-09 12:19:56 - [TEST_STEP][PASSED] - if (Evento == "Crear20"): null

2020-03-09 12:19:56 - [TEST_STEP][PASSED] - else if (Evento == "Crear40"): Object: 'Object Repository/Page_Iniciar Sesion - KAIZEN/is_btn_ingresar_sistema' is clicked on

2020-03-09 12:19:56 - [TEST_STEP][PASSED] - data7 = obtener_excels.obtener_pedidos40pies.getValuesExcelCreate40(Index): obtener_excels.obtener_pedidos40pies.getValuesExcelCreate40 is PASSED

2020-03-09 12:19:56 - [MESSAGE][PASSED] - obtener_excels.obtener_pedidos40pies.getValuesExcelCreate40 is PASSED

2020-03-09 12:19:56 - [TEST_STEP][PASSED] - Usuario = data7[1]: null

2020-03-09 12:19:56 - [TEST_STEP][PASSED] - Contrasena = data7[2]: null

2020-03-09 12:19:56 - [TEST_STEP][PASSED] - setText(findTestObject("Page_Iniciar Sesion - KAIZEN/is_input_email"), Usuario): Text 'automated.test@grupokaizen.net' is set on object 'Object Repository/Page_Iniciar Sesion - KAIZEN/is_input_email'

2020-03-09 12:19:56 - [MESSAGE][PASSED] - Text 'automated.test@grupokaizen.net' is set on object 'Object Repository/Page_Iniciar Sesion - KAIZEN/is_input_email'

2020-03-09 12:19:56 - [TEST_STEP][PASSED] - setEncryptedText(findTestObject("Page_Iniciar Sesion - KAIZEN/IS_input_contrasena"), Contrasena): Text ****** has been set on object 'Object Repository/Page_Iniciar Sesion - KAIZEN/IS_input_contrasena'

2020-03-09 12:19:57 - [MESSAGE][PASSED] - Text ****** has been set on object 'Object Repository/Page_Iniciar Sesion - KAIZEN/IS_input_contrasena'

2020-03-09 12:19:57 - [TEST_STEP][PASSED] - click(findTestObject("Page_Iniciar Sesion - KAIZEN/is_btn_ingresar_sistema")): Object: 'Object Repository/Page_Iniciar Sesion - KAIZEN/is_btn_ingresar_sistema' is clicked on

2020-03-09 12:20:02 - [MESSAGE][PASSED] - Object: 'Object Repository/Page_Iniciar Sesion - KAIZEN/is_btn_ingresar_sistema' is clicked on

2020-03-09 12:20:02 - [MESSAGE][PASSED] - Call Test Case 'Test Cases/Individual_Tests/Login' successfully

2020-03-09 12:20:02 - [TEST_STEP][PASSED] - callTestCase(findTestCase("Individual_Tests/Seleccionar_Idioma"), ["Evento":"Crear40", "Index":Index], STOP_ON_FAILURE): Call Test Case 'Test Cases/Individual_Tests/Seleccionar_Idioma' successfully

2020-03-09 12:20:02 - [TEST_CASE][PASSED] - Test Cases/Individual_Tests/Seleccionar_Idioma: Test Cases/Individual_Tests/Seleccionar_Idioma

2020-03-09 12:20:02 - [TEST_STEP][PASSED] - Idioma = 0: null

2020-03-09 12:20:02 - [TEST_STEP][PASSED] - if (Evento == "Crear20"): null

2020-03-09 12:20:02 - [TEST_STEP][PASSED] - else if (Evento == "Crear40"): null

2020-03-09 12:20:02 - [TEST_STEP][PASSED] - data7 = obtener_excels.obtener_pedidos40pies.getValuesExcelCreate40(Index): obtener_excels.obtener_pedidos40pies.getValuesExcelCreate40 is PASSED

2020-03-09 12:20:02 - [MESSAGE][PASSED] - obtener_excels.obtener_pedidos40pies.getValuesExcelCreate40 is PASSED

2020-03-09 12:20:02 - [TEST_STEP][PASSED] - Idioma = data7[0]: null

2020-03-09 12:20:02 - [TEST_STEP][PASSED] - click(findTestObject("Page_- KAIZEN/si_btn_idioma")): Object: 'Object Repository/Page_- KAIZEN/si_btn_idioma' is clicked on

2020-03-09 12:20:02 - [MESSAGE][PASSED] - Object: 'Object Repository/Page_- KAIZEN/si_btn_idioma' is clicked on

2020-03-09 12:20:02 - [TEST_STEP][PASSED] - if (Idioma == "0"): Object: 'Object Repository/Page_- KAIZEN/si_Ingles' is clicked on

2020-03-09 12:20:02 - [TEST_STEP][PASSED] - click(findTestObject("Page_- KAIZEN/si_Ingles")): Object: 'Object Repository/Page_- KAIZEN/si_Ingles' is clicked on

2020-03-09 12:20:04 - [MESSAGE][PASSED] - Object: 'Object Repository/Page_- KAIZEN/si_Ingles' is clicked on

2020-03-09 12:20:04 - [MESSAGE][PASSED] - Call Test Case 'Test Cases/Individual_Tests/Seleccionar_Idioma' successfully

2020-03-09 12:20:04 - [TEST_STEP][PASSED] - callTestCase(findTestCase("Individual_Tests/Anadir_pedido"), [:], STOP_ON_FAILURE): Call Test Case 'Test Cases/Individual_Tests/Anadir_pedido' successfully

2020-03-09 12:20:04 - [TEST_CASE][PASSED] - Test Cases/Individual_Tests/Anadir_pedido: Test Cases/Individual_Tests/Anadir_pedido

2020-03-09 12:20:04 - [TEST_STEP][PASSED] - click(findTestObject("Page_- KAIZEN/bp_menu_pedido")): Object: 'Object Repository/Page_- KAIZEN/bp_menu_pedido' is clicked on

2020-03-09 12:20:05 - [MESSAGE][PASSED] - Object: 'Object Repository/Page_- KAIZEN/bp_menu_pedido' is clicked on

2020-03-09 12:20:05 - [TEST_STEP][PASSED] - click(findTestObject("Page_- KAIZEN/bp_click_menu_pedido")): Object: 'Object Repository/Page_- KAIZEN/bp_click_menu_pedido' is clicked on

2020-03-09 12:20:10 - [MESSAGE][PASSED] - Object: 'Object Repository/Page_- KAIZEN/bp_click_menu_pedido' is clicked on

2020-03-09 12:20:10 - [TEST_STEP][PASSED] - click(findTestObject("Page_Pedidos de Lubricantes - KAIZEN/ap_btn_agregar")): Object: 'Object Repository/Page_Pedidos de Lubricantes - KAIZEN/ap_btn_agregar' is clicked on

2020-03-09 12:20:29 - [MESSAGE][PASSED] - Object: 'Object Repository/Page_Pedidos de Lubricantes - KAIZEN/ap_btn_agregar' is clicked on

2020-03-09 12:20:29 - [MESSAGE][PASSED] - Call Test Case 'Test Cases/Individual_Tests/Anadir_pedido' successfully

2020-03-09 12:20:29 - [TEST_STEP][PASSED] - callTestCase(findTestCase("Individual_Tests/Seleccionar_Cliente"), ["Evento":"Crear40", "Index":Index], STOP_ON_FAILURE): Call Test Case 'Test Cases/Individual_Tests/Seleccionar_Cliente' successfully

2020-03-09 12:20:29 - [TEST_CASE][PASSED] - Test Cases/Individual_Tests/Seleccionar_Cliente: Test Cases/Individual_Tests/Seleccionar_Cliente

2020-03-09 12:20:29 - [TEST_STEP][PASSED] - Nombre = <not implemented yet for class: org.codehaus.groovy.ast.expr.EmptyExpression>: null

2020-03-09 12:20:29 - [TEST_STEP][PASSED] - Direccion = <not implemented yet for class: org.codehaus.groovy.ast.expr.EmptyExpression>: null

2020-03-09 12:20:29 - [TEST_STEP][PASSED] - Contenedor = <not implemented yet for class: org.codehaus.groovy.ast.expr.EmptyExpression>: null

2020-03-09 12:20:29 - [TEST_STEP][PASSED] - if (Evento == "Crear20"): null

2020-03-09 12:20:29 - [TEST_STEP][PASSED] - else if (Evento == "Crear40"): null

2020-03-09 12:20:29 - [TEST_STEP][PASSED] - data = obtener_excels.obtener_pedidos40pies.getValuesExcelCreate40(Index): obtener_excels.obtener_pedidos40pies.getValuesExcelCreate40 is PASSED

2020-03-09 12:20:29 - [MESSAGE][PASSED] - obtener_excels.obtener_pedidos40pies.getValuesExcelCreate40 is PASSED

2020-03-09 12:20:29 - [TEST_STEP][PASSED] - Nombre = data[3]: null

2020-03-09 12:20:29 - [TEST_STEP][PASSED] - Direccion = data[4]: null

2020-03-09 12:20:29 - [TEST_STEP][PASSED] - Contenedor = data[5]: null

2020-03-09 12:20:29 - [TEST_STEP][PASSED] - delay(2): Delayed 2 second(s)

2020-03-09 12:20:31 - [MESSAGE][PASSED] - Delayed 2 second(s)

2020-03-09 12:20:31 - [TEST_STEP][PASSED] - element = executeJavaScript("return document.getElementById('ID_CLIENTE_LIST').value;", null): Execute JavaScript 'return document.getElementById('ID_CLIENTE_LIST').value;' successfully

2020-03-09 12:20:31 - [MESSAGE][PASSED] - Execute JavaScript 'return document.getElementById('ID_CLIENTE_LIST').value;' successfully

2020-03-09 12:20:31 - [TEST_STEP][PASSED] - if (element == Nombre): null

2020-03-09 12:20:31 - [TEST_STEP][PASSED] - else: Object: 'Object Repository/Page_- KAIZEN/sc_btn_next' is clicked on

2020-03-09 12:20:31 - [TEST_STEP][PASSED] - print(Nombre + "
"): null

2020-03-09 12:20:31 - [TEST_STEP][PASSED] - click(findTestObject("Page_- KAIZEN/sc_select_cliente1")): Object: 'Object Repository/Page_- KAIZEN/sc_select_cliente1' is clicked on

2020-03-09 12:20:32 - [MESSAGE][PASSED] - Object: 'Object Repository/Page_- KAIZEN/sc_select_cliente1' is clicked on

2020-03-09 12:20:32 - [TEST_STEP][PASSED] - click(findTestObject("Page_- KAIZEN/sc_select_cliente2")): Object: 'Object Repository/Page_- KAIZEN/sc_select_cliente2' is clicked on

2020-03-09 12:20:33 - [MESSAGE][PASSED] - Object: 'Object Repository/Page_- KAIZEN/sc_select_cliente2' is clicked on

2020-03-09 12:20:33 - [TEST_STEP][PASSED] - waitForElementPresent(findTestObject("Page_- KAIZEN/sc_select_cliente3"), 5): Object 'Object Repository/Page_- KAIZEN/sc_select_cliente3' is present

2020-03-09 12:20:33 - [MESSAGE][PASSED] - Object 'Object Repository/Page_- KAIZEN/sc_select_cliente3' is present

2020-03-09 12:20:33 - [TEST_STEP][PASSED] - selectOptionByValue(findTestObject("Page_- KAIZEN/sc_select_cliente3"), Nombre.toString(), true): All options with value '17' are selected in object 'Object Repository/Page_- KAIZEN/sc_select_cliente3'  using regular expression

2020-03-09 12:20:35 - [MESSAGE][PASSED] - All options with value '17' are selected in object 'Object Repository/Page_- KAIZEN/sc_select_cliente3'  using regular expression

2020-03-09 12:20:35 - [TEST_STEP][PASSED] - waitForElementPresent(findTestObject("Page_- KAIZEN/sc_span_select_address"), 5): Object 'Object Repository/Page_- KAIZEN/sc_span_select_address' is present

2020-03-09 12:20:36 - [MESSAGE][PASSED] - Object 'Object Repository/Page_- KAIZEN/sc_span_select_address' is present

2020-03-09 12:20:36 - [TEST_STEP][PASSED] - click(findTestObject("Page_- KAIZEN/sc_span_select_address")): Object: 'Object Repository/Page_- KAIZEN/sc_span_select_address' is clicked on

2020-03-09 12:20:36 - [MESSAGE][PASSED] - Object: 'Object Repository/Page_- KAIZEN/sc_span_select_address' is clicked on

2020-03-09 12:20:36 - [TEST_STEP][PASSED] - selectOptionByValue(findTestObject("Page_- KAIZEN/sc_assing_select_address"), Direccion, true): All options with value '5' are selected in object 'Object Repository/Page_- KAIZEN/sc_assing_select_address'  using regular expression

2020-03-09 12:20:38 - [MESSAGE][PASSED] - All options with value '5' are selected in object 'Object Repository/Page_- KAIZEN/sc_assing_select_address'  using regular expression

2020-03-09 12:20:38 - [TEST_STEP][PASSED] - delay(5): Delayed 5 second(s)

2020-03-09 12:20:43 - [MESSAGE][PASSED] - Delayed 5 second(s)

2020-03-09 12:20:43 - [TEST_STEP][PASSED] - if (Contenedor == "20"): null

2020-03-09 12:20:43 - [TEST_STEP][PASSED] - else: Execute JavaScript 'document.querySelector(".btn-primary[onclick='opcCont(40)']").click()' successfully

2020-03-09 12:20:43 - [TEST_STEP][PASSED] - executeJavaScript("document.querySelector(".btn-primary[onclick='opcCont(40)']").click()", null): Execute JavaScript 'document.querySelector(".btn-primary[onclick='opcCont(40)']").click()' successfully

2020-03-09 12:20:43 - [MESSAGE][PASSED] - Execute JavaScript 'document.querySelector(".btn-primary[onclick='opcCont(40)']").click()' successfully

2020-03-09 12:20:43 - [TEST_STEP][PASSED] - delay(2): Delayed 2 second(s)

2020-03-09 12:20:45 - [MESSAGE][PASSED] - Delayed 2 second(s)

2020-03-09 12:20:45 - [TEST_STEP][PASSED] - waitForElementVisible(findTestObject("Page_- KAIZEN/sc_btn_next"), 3): Object 'Object Repository/Page_- KAIZEN/sc_btn_next' is visible

2020-03-09 12:20:45 - [MESSAGE][PASSED] - Object 'Object Repository/Page_- KAIZEN/sc_btn_next' is visible

2020-03-09 12:20:45 - [TEST_STEP][PASSED] - click(findTestObject("Page_- KAIZEN/sc_btn_next")): Object: 'Object Repository/Page_- KAIZEN/sc_btn_next' is clicked on

2020-03-09 12:20:46 - [MESSAGE][PASSED] - Object: 'Object Repository/Page_- KAIZEN/sc_btn_next' is clicked on

2020-03-09 12:20:46 - [MESSAGE][PASSED] - Call Test Case 'Test Cases/Individual_Tests/Seleccionar_Cliente' successfully

2020-03-09 12:20:46 - [TEST_STEP][PASSED] - callTestCase(findTestCase("Individual_Tests/Seleccionar_Incoterm"), ["Evento":"Crear40", "Index":Index], STOP_ON_FAILURE): Call Test Case 'Test Cases/Individual_Tests/Seleccionar_Incoterm' successfully

2020-03-09 12:20:46 - [TEST_CASE][PASSED] - Test Cases/Individual_Tests/Seleccionar_Incoterm: Test Cases/Individual_Tests/Seleccionar_Incoterm

2020-03-09 12:20:46 - [TEST_STEP][PASSED] - Incoterm = <not implemented yet for class: org.codehaus.groovy.ast.expr.EmptyExpression>: null

2020-03-09 12:20:46 - [TEST_STEP][PASSED] - if (Evento == "Crear20"): null

2020-03-09 12:20:46 - [TEST_STEP][PASSED] - else if (Evento == "Crear40"): null

2020-03-09 12:20:46 - [TEST_STEP][PASSED] - data = obtener_excels.obtener_pedidos40pies.getValuesExcelCreate40(Index): obtener_excels.obtener_pedidos40pies.getValuesExcelCreate40 is PASSED

2020-03-09 12:20:46 - [MESSAGE][PASSED] - obtener_excels.obtener_pedidos40pies.getValuesExcelCreate40 is PASSED

2020-03-09 12:20:46 - [TEST_STEP][PASSED] - Incoterm = data[6]: null

2020-03-09 12:20:46 - [TEST_STEP][PASSED] - selectOptionByValue(findTestObject("Page_- KAIZEN/sin_select_incoterm"), Incoterm, true): All options with value 'CIF' are selected in object 'Object Repository/Page_- KAIZEN/sin_select_incoterm'  using regular expression

2020-03-09 12:20:47 - [MESSAGE][PASSED] - All options with value 'CIF' are selected in object 'Object Repository/Page_- KAIZEN/sin_select_incoterm'  using regular expression

2020-03-09 12:20:47 - [TEST_STEP][PASSED] - click(findTestObject("Page_- KAIZEN/sc_btn_next")): Object: 'Object Repository/Page_- KAIZEN/sc_btn_next' is clicked on

2020-03-09 12:20:48 - [MESSAGE][PASSED] - Object: 'Object Repository/Page_- KAIZEN/sc_btn_next' is clicked on

2020-03-09 12:20:48 - [MESSAGE][PASSED] - Call Test Case 'Test Cases/Individual_Tests/Seleccionar_Incoterm' successfully

2020-03-09 12:20:48 - [TEST_STEP][PASSED] - callTestCase(findTestCase("Individual_Tests/Seleccionar_Opcion_Compra"), ["Evento":"Crear40", "Index":Index], STOP_ON_FAILURE): Call Test Case 'Test Cases/Individual_Tests/Seleccionar_Opcion_Compra' successfully

2020-03-09 12:20:48 - [TEST_CASE][PASSED] - Test Cases/Individual_Tests/Seleccionar_Opcion_Compra: Test Cases/Individual_Tests/Seleccionar_Opcion_Compra

2020-03-09 12:20:48 - [TEST_STEP][PASSED] - OpCompra1 = 0: null

2020-03-09 12:20:48 - [TEST_STEP][PASSED] - if (Evento == "Crear20"): null

2020-03-09 12:20:48 - [TEST_STEP][PASSED] - else if (Evento == "Crear40"): null

2020-03-09 12:20:48 - [TEST_STEP][PASSED] - OpCompra1 = OpcionCompra: null

2020-03-09 12:20:48 - [TEST_STEP][PASSED] - delay(7): Delayed 7 second(s)

2020-03-09 12:20:55 - [MESSAGE][PASSED] - Delayed 7 second(s)

2020-03-09 12:20:55 - [TEST_STEP][PASSED] - waitForElementClickable(findTestObject("Page_- KAIZEN/so_SelectorOP"), 7): Object 'Object Repository/Page_- KAIZEN/so_SelectorOP' is clickable

2020-03-09 12:20:55 - [MESSAGE][PASSED] - Object 'Object Repository/Page_- KAIZEN/so_SelectorOP' is clickable

2020-03-09 12:20:55 - [TEST_STEP][PASSED] - delay(3): Delayed 3 second(s)

2020-03-09 12:20:58 - [MESSAGE][PASSED] - Delayed 3 second(s)

2020-03-09 12:20:58 - [TEST_STEP][PASSED] - click(findTestObject("Page_- KAIZEN/so_select_SeleccioneOPCION")): Object: 'Object Repository/Page_- KAIZEN/so_select_SeleccioneOPCION' is clicked on

2020-03-09 12:20:58 - [MESSAGE][PASSED] - Object: 'Object Repository/Page_- KAIZEN/so_select_SeleccioneOPCION' is clicked on

2020-03-09 12:20:58 - [TEST_STEP][PASSED] - selectOptionByValue(findTestObject("Page_- KAIZEN/so_select_SeleccioneOPCION"), OpCompra1, true): All options with value '23' are selected in object 'Object Repository/Page_- KAIZEN/so_select_SeleccioneOPCION'  using regular expression

2020-03-09 12:21:00 - [MESSAGE][PASSED] - All options with value '23' are selected in object 'Object Repository/Page_- KAIZEN/so_select_SeleccioneOPCION'  using regular expression

2020-03-09 12:21:00 - [TEST_STEP][PASSED] - waitForElementPresent(findTestObject("Page_- KAIZEN/sc_btn_next"), 7): Object 'Object Repository/Page_- KAIZEN/sc_btn_next' is present

2020-03-09 12:21:01 - [MESSAGE][PASSED] - Object 'Object Repository/Page_- KAIZEN/sc_btn_next' is present

2020-03-09 12:21:01 - [TEST_STEP][PASSED] - click(findTestObject("Page_- KAIZEN/sc_btn_next")): Object: 'Object Repository/Page_- KAIZEN/sc_btn_next' is clicked on

2020-03-09 12:21:01 - [MESSAGE][PASSED] - Object: 'Object Repository/Page_- KAIZEN/sc_btn_next' is clicked on

2020-03-09 12:21:01 - [MESSAGE][PASSED] - Call Test Case 'Test Cases/Individual_Tests/Seleccionar_Opcion_Compra' successfully

2020-03-09 12:21:01 - [TEST_STEP][PASSED] - callTestCase(findTestCase("Individual_Tests/Seleccionar_Productos40pies"), ["Index":Index], STOP_ON_FAILURE): Call Test Case 'Test Cases/Individual_Tests/Seleccionar_Productos40pies' successfully

2020-03-09 12:21:01 - [TEST_CASE][PASSED] - Test Cases/Individual_Tests/Seleccionar_Productos40pies: Test Cases/Individual_Tests/Seleccionar_Productos40pies

2020-03-09 12:21:02 - [TEST_STEP][PASSED] - data = obtener_excels.obtener_pedidos40pies.getValuesExcelCreate40(Index): obtener_excels.obtener_pedidos40pies.getValuesExcelCreate40 is PASSED

2020-03-09 12:21:02 - [MESSAGE][PASSED] - obtener_excels.obtener_pedidos40pies.getValuesExcelCreate40 is PASSED

2020-03-09 12:21:02 - [TEST_STEP][PASSED] - IDProductoSoportaPeso = data[9]: null

2020-03-09 12:21:02 - [TEST_STEP][PASSED] - IDProductoNoSoportaPeso = data[11]: null

2020-03-09 12:21:02 - [TEST_STEP][PASSED] - Cantidad = <not implemented yet for class: org.codehaus.groovy.ast.expr.EmptyExpression>: null

2020-03-09 12:21:02 - [TEST_STEP][PASSED] - Iterar = data[13]: null

2020-03-09 12:21:02 - [TEST_STEP][PASSED] - CapacidadDisponible = data[8].toInteger(): null

2020-03-09 12:21:02 - [TEST_STEP][PASSED] - PesoProducto = data[10].toInteger(): null

2020-03-09 12:21:02 - [TEST_STEP][PASSED] - PesoProducto2 = data[12].toInteger(): null

2020-03-09 12:21:02 - [TEST_STEP][PASSED] - CantidadBase = <not implemented yet for class: org.codehaus.groovy.ast.expr.EmptyExpression>: null

2020-03-09 12:21:02 - [TEST_STEP][PASSED] - CantidadAñadida = <not implemented yet for class: org.codehaus.groovy.ast.expr.EmptyExpression>: null

2020-03-09 12:21:02 - [TEST_STEP][PASSED] - CantidadRestante = <not implemented yet for class: org.codehaus.groovy.ast.expr.EmptyExpression>: null

2020-03-09 12:21:02 - [TEST_STEP][PASSED] - Elementos = <not implemented yet for class: org.codehaus.groovy.ast.expr.EmptyExpression>: null

2020-03-09 12:21:02 - [TEST_STEP][PASSED] - cantProductos = Iterar.toInteger(): null

2020-03-09 12:21:02 - [TEST_STEP][PASSED] - CantidadSoporta = <not implemented yet for class: org.codehaus.groovy.ast.expr.EmptyExpression>: null

2020-03-09 12:21:02 - [TEST_STEP][PASSED] - CantidadNoSoporta = <not implemented yet for class: org.codehaus.groovy.ast.expr.EmptyExpression>: null

2020-03-09 12:21:02 - [TEST_STEP][PASSED] - print(Iterar): null

2020-03-09 12:21:02 - [TEST_STEP][PASSED] - IDPedidoCreado = executeJavaScript("return document.getElementById('IdPedido').value;", null): Execute JavaScript 'return document.getElementById('IdPedido').value;' successfully

2020-03-09 12:21:02 - [MESSAGE][PASSED] - Execute JavaScript 'return document.getElementById('IdPedido').value;' successfully

2020-03-09 12:21:02 - [TEST_STEP][PASSED] - IDPedidoCreado1 = IDPedidoCreado.toInteger(): null

2020-03-09 12:21:02 - [TEST_STEP][PASSED] - exportar_archivos.Ex_guardar_pedidos_creados.demoKey(IDPedidoCreado1, cantProductos): exportar_archivos.Ex_guardar_pedidos_creados.demoKey is PASSED

2020-03-09 12:21:02 - [MESSAGE][PASSED] - exportar_archivos.Ex_guardar_pedidos_creados.demoKey is PASSED

2020-03-09 12:21:02 - [TEST_STEP][PASSED] - boton = executeJavaScript("return document.getElementById("btn_next").style.display;", null): Execute JavaScript 'return document.getElementById("btn_next").style.display;' successfully

2020-03-09 12:21:02 - [MESSAGE][PASSED] - Execute JavaScript 'return document.getElementById("btn_next").style.display;' successfully

2020-03-09 12:21:02 - [TEST_STEP][PASSED] - if (boton == "block"): null

2020-03-09 12:21:02 - [TEST_STEP][PASSED] - else: Browser is closed

2020-03-09 12:21:02 - [TEST_STEP][PASSED] - if (Iterar == "1" && PesoProducto <= CapacidadDisponible): Browser is closed

2020-03-09 12:21:02 - [TEST_STEP][PASSED] - CantidadBase = CandidadSoporta: null

2020-03-09 12:21:02 - [TEST_STEP][PASSED] - Cantidad = CantidadBase: null

2020-03-09 12:21:02 - [TEST_STEP][PASSED] - Producto = IDProductoSoportaPeso: null

2020-03-09 12:21:02 - [TEST_STEP][PASSED] - click(findTestObject("Page_- KAIZEN/sp_Element_producto")): Object: 'Object Repository/Page_- KAIZEN/sp_Element_producto' is clicked on

2020-03-09 12:21:03 - [MESSAGE][PASSED] - Object: 'Object Repository/Page_- KAIZEN/sp_Element_producto' is clicked on

2020-03-09 12:21:03 - [TEST_STEP][PASSED] - click(findTestObject("Page_- KAIZEN/sp_click_select_product")): Object: 'Object Repository/Page_- KAIZEN/sp_click_select_product' is clicked on

2020-03-09 12:21:04 - [MESSAGE][PASSED] - Object: 'Object Repository/Page_- KAIZEN/sp_click_select_product' is clicked on

2020-03-09 12:21:04 - [TEST_STEP][PASSED] - selectOptionByValue(findTestObject("Page_- KAIZEN/sp_assing_select_product"), Producto, true): All options with value '582' are selected in object 'Object Repository/Page_- KAIZEN/sp_assing_select_product'  using regular expression

2020-03-09 12:21:05 - [MESSAGE][PASSED] - All options with value '582' are selected in object 'Object Repository/Page_- KAIZEN/sp_assing_select_product'  using regular expression

2020-03-09 12:21:05 - [TEST_STEP][PASSED] - setText(findTestObject("Page_- KAIZEN/sp_input_product_quantity"), Cantidad): Text '18' is set on object 'Object Repository/Page_- KAIZEN/sp_input_product_quantity'

2020-03-09 12:21:05 - [MESSAGE][PASSED] - Text '18' is set on object 'Object Repository/Page_- KAIZEN/sp_input_product_quantity'

2020-03-09 12:21:05 - [TEST_STEP][PASSED] - click(findTestObject("Page_- KAIZEN/sp_btn_add_product")): Object: 'Object Repository/Page_- KAIZEN/sp_btn_add_product' is clicked on

2020-03-09 12:21:07 - [MESSAGE][PASSED] - Object: 'Object Repository/Page_- KAIZEN/sp_btn_add_product' is clicked on

2020-03-09 12:21:07 - [TEST_STEP][PASSED] - CantidadSoporta = Cantidad.toInteger(): null

2020-03-09 12:21:07 - [TEST_STEP][PASSED] - CantidadAñadida = CantidadSoporta * PesoProducto: null

2020-03-09 12:21:07 - [TEST_STEP][PASSED] - CantidadRestante = CapacidadDisponible - CantidadAñadida: null

2020-03-09 12:21:07 - [TEST_STEP][PASSED] - Elementos = CantidadRestante / PesoProducto: null

2020-03-09 12:21:07 - [TEST_STEP][PASSED] - Cantidad2 = Elementos.toString(): null

2020-03-09 12:21:07 - [TEST_STEP][PASSED] - click(findTestObject("Page_- KAIZEN/sp_Element_producto")): Object: 'Object Repository/Page_- KAIZEN/sp_Element_producto' is clicked on

2020-03-09 12:21:07 - [MESSAGE][PASSED] - Object: 'Object Repository/Page_- KAIZEN/sp_Element_producto' is clicked on

2020-03-09 12:21:07 - [TEST_STEP][PASSED] - click(findTestObject("Page_- KAIZEN/sp_click_select_product")): Object: 'Object Repository/Page_- KAIZEN/sp_click_select_product' is clicked on

2020-03-09 12:21:08 - [MESSAGE][PASSED] - Object: 'Object Repository/Page_- KAIZEN/sp_click_select_product' is clicked on

2020-03-09 12:21:08 - [TEST_STEP][PASSED] - selectOptionByValue(findTestObject("Page_- KAIZEN/sp_assing_select_product"), Producto, true): All options with value '582' are selected in object 'Object Repository/Page_- KAIZEN/sp_assing_select_product'  using regular expression

2020-03-09 12:21:09 - [MESSAGE][PASSED] - All options with value '582' are selected in object 'Object Repository/Page_- KAIZEN/sp_assing_select_product'  using regular expression

2020-03-09 12:21:09 - [TEST_STEP][PASSED] - setText(findTestObject("Page_- KAIZEN/sp_input_product_quantity"), Cantidad2): Text '6' is set on object 'Object Repository/Page_- KAIZEN/sp_input_product_quantity'

2020-03-09 12:21:10 - [MESSAGE][PASSED] - Text '6' is set on object 'Object Repository/Page_- KAIZEN/sp_input_product_quantity'

2020-03-09 12:21:10 - [TEST_STEP][PASSED] - click(findTestObject("Page_- KAIZEN/sp_btn_add_product")): Object: 'Object Repository/Page_- KAIZEN/sp_btn_add_product' is clicked on

2020-03-09 12:21:11 - [MESSAGE][PASSED] - Object: 'Object Repository/Page_- KAIZEN/sp_btn_add_product' is clicked on

2020-03-09 12:21:11 - [TEST_STEP][PASSED] - delay(10): Delayed 10 second(s)

2020-03-09 12:21:21 - [MESSAGE][PASSED] - Delayed 10 second(s)

2020-03-09 12:21:21 - [TEST_STEP][PASSED] - boton2 = executeJavaScript("return document.getElementById("btn_next").style.display;", null): Execute JavaScript 'return document.getElementById("btn_next").style.display;' successfully

2020-03-09 12:21:21 - [MESSAGE][PASSED] - Execute JavaScript 'return document.getElementById("btn_next").style.display;' successfully

2020-03-09 12:21:21 - [TEST_STEP][PASSED] - if (boton2 == "none"): null

2020-03-09 12:21:21 - [TEST_STEP][PASSED] - else: Browser is closed

2020-03-09 12:21:21 - [TEST_STEP][PASSED] - click(findTestObject("Page_- KAIZEN/sp_Siguiente")): Object: 'Object Repository/Page_- KAIZEN/sp_Siguiente' is clicked on

2020-03-09 12:21:22 - [MESSAGE][PASSED] - Object: 'Object Repository/Page_- KAIZEN/sp_Siguiente' is clicked on

2020-03-09 12:21:22 - [TEST_STEP][PASSED] - click(findTestObject("Page_- KAIZEN/sp_btn_finish")): Object: 'Object Repository/Page_- KAIZEN/sp_btn_finish' is clicked on

2020-03-09 12:21:28 - [MESSAGE][PASSED] - Object: 'Object Repository/Page_- KAIZEN/sp_btn_finish' is clicked on

2020-03-09 12:21:28 - [TEST_STEP][PASSED] - delay(3): Delayed 3 second(s)

2020-03-09 12:21:31 - [MESSAGE][PASSED] - Delayed 3 second(s)

2020-03-09 12:21:31 - [TEST_STEP][PASSED] - closeBrowser(): Browser is closed

2020-03-09 12:21:32 - [MESSAGE][PASSED] - Browser is closed

2020-03-09 12:21:32 - [MESSAGE][PASSED] - Call Test Case 'Test Cases/Individual_Tests/Seleccionar_Productos40pies' successfully]]></system-out>
         <system-err><![CDATA[]]></system-err>
      </testcase>
      <testcase name="Test Cases/Generar_Excels_Secuencias/TC_Generar_Excel_Aprobaciones" time="5.42" classname="Test Cases/Generar_Excels_Secuencias/TC_Generar_Excel_Aprobaciones" status="PASSED">
         <system-out><![CDATA[2020-03-09 12:21:32 - [TEST_CASE][PASSED] - Test Cases/Generar_Excels_Secuencias/TC_Generar_Excel_Aprobaciones: Test Cases/Generar_Excels_Secuencias/TC_Generar_Excel_Aprobaciones

2020-03-09 12:21:32 - [TEST_STEP][PASSED] - python.ejecutarAleatoriosPython.runPython("Aprobar"): python.ejecutarAleatoriosPython.runPython is PASSED

2020-03-09 12:21:37 - [MESSAGE][PASSED] - python.ejecutarAleatoriosPython.runPython is PASSED]]></system-out>
         <system-err><![CDATA[]]></system-err>
      </testcase>
      <testcase name="Test Cases/Secuencias de Ejecucion/TC_Aprobar_Ventas" time="279.693" classname="Test Cases/Secuencias de Ejecucion/TC_Aprobar_Ventas" status="FAILED">
         <failure type="FAILED" message="Test Cases/Secuencias de Ejecucion/TC_Aprobar_Ventas FAILED.
Reason:
com.kms.katalon.core.exception.StepFailedException: Call Test Case 'Test Cases/Individual_Tests/Aprobacion_Ventas' failed
	at com.kms.katalon.core.keyword.builtin.CallTestCaseKeyword$_callTestCase_closure1.doCall(CallTestCaseKeyword.groovy:63)
	at com.kms.katalon.core.keyword.builtin.CallTestCaseKeyword$_callTestCase_closure1.call(CallTestCaseKeyword.groovy)
	at com.kms.katalon.core.keyword.internal.KeywordMain.runKeyword(KeywordMain.groovy:68)
	at com.kms.katalon.core.keyword.builtin.CallTestCaseKeyword.callTestCase(CallTestCaseKeyword.groovy:81)
	at com.kms.katalon.core.keyword.builtin.CallTestCaseKeyword.execute(CallTestCaseKeyword.groovy:44)
	at com.kms.katalon.core.keyword.internal.KeywordExecutor.executeKeywordForPlatform(KeywordExecutor.groovy:72)
	at com.kms.katalon.core.keyword.BuiltinKeywords.callTestCase(BuiltinKeywords.groovy:334)
	at TC_Aprobar_Ventas.run(TC_Aprobar_Ventas:33)
	at com.kms.katalon.core.main.ScriptEngine.run(ScriptEngine.java:194)
	at com.kms.katalon.core.main.ScriptEngine.runScriptAsRawText(ScriptEngine.java:119)
	at com.kms.katalon.core.main.TestCaseExecutor.runScript(TestCaseExecutor.java:337)
	at com.kms.katalon.core.main.TestCaseExecutor.doExecute(TestCaseExecutor.java:328)
	at com.kms.katalon.core.main.TestCaseExecutor.processExecutionPhase(TestCaseExecutor.java:307)
	at com.kms.katalon.core.main.TestCaseExecutor.accessMainPhase(TestCaseExecutor.java:299)
	at com.kms.katalon.core.main.TestCaseExecutor.execute(TestCaseExecutor.java:233)
	at com.kms.katalon.core.main.TestSuiteExecutor.accessTestCaseMainPhase(TestSuiteExecutor.java:169)
	at com.kms.katalon.core.main.TestSuiteExecutor.accessTestSuiteMainPhase(TestSuiteExecutor.java:142)
	at com.kms.katalon.core.main.TestSuiteExecutor.execute(TestSuiteExecutor.java:91)
	at com.kms.katalon.core.main.TestCaseMain.startTestSuite(TestCaseMain.java:157)
	at com.kms.katalon.core.main.TestCaseMain$startTestSuite$0.call(Unknown Source)
	at TempTestSuite1583770503367.run(TempTestSuite1583770503367.groovy:36)
Caused by: com.kms.katalon.core.exception.StepFailedException: Unable to click on object 'Object Repository/Page_- KAIZEN/av_btn_ventas'
	at com.kms.katalon.core.webui.keyword.internal.WebUIKeywordMain.stepFailed(WebUIKeywordMain.groovy:64)
	at com.kms.katalon.core.webui.keyword.internal.WebUIKeywordMain.runKeyword(WebUIKeywordMain.groovy:26)
	at com.kms.katalon.core.webui.keyword.builtin.ClickKeyword.click(ClickKeyword.groovy:102)
	at com.kms.katalon.core.webui.keyword.builtin.ClickKeyword.execute(ClickKeyword.groovy:43)
	at com.kms.katalon.core.keyword.internal.KeywordExecutor.executeKeywordForPlatform(KeywordExecutor.groovy:72)
	at com.kms.katalon.core.webui.keyword.WebUiBuiltInKeywords.click(WebUiBuiltInKeywords.groovy:616)
	at com.kms.katalon.core.webui.keyword.WebUiBuiltInKeywords$click$3.call(Unknown Source)
	at Aprobacion_Ventas.run(Aprobacion_Ventas:30)
	at com.kms.katalon.core.main.ScriptEngine.run(ScriptEngine.java:194)
	at com.kms.katalon.core.main.ScriptEngine.runScriptAsRawText(ScriptEngine.java:119)
	at com.kms.katalon.core.main.TestCaseExecutor.runScript(TestCaseExecutor.java:337)
	at com.kms.katalon.core.main.TestCaseExecutor.doExecute(TestCaseExecutor.java:328)
	at com.kms.katalon.core.main.TestCaseExecutor.processExecutionPhase(TestCaseExecutor.java:307)
	at com.kms.katalon.core.main.TestCaseExecutor.accessMainPhase(TestCaseExecutor.java:299)
	at com.kms.katalon.core.main.TestCaseExecutor.execute(TestCaseExecutor.java:233)
	at com.kms.katalon.core.main.TestCaseMain.runTestCase(TestCaseMain.java:114)
	at com.kms.katalon.core.keyword.builtin.CallTestCaseKeyword$_callTestCase_closure1.doCall(CallTestCaseKeyword.groovy:59)
	... 20 more
Caused by: com.kms.katalon.core.webui.exception.WebElementNotFoundException: Web element with id: 'Object Repository/Page_- KAIZEN/av_btn_ventas' located by 'By.xpath: //ul[@id='side-menu']/li[4]/a' not found
	at com.kms.katalon.core.webui.common.WebUiCommonHelper.findWebElement(WebUiCommonHelper.java:1154)
	at com.kms.katalon.core.webui.keyword.internal.WebUIAbstractKeyword.findWebElement(WebUIAbstractKeyword.groovy:27)
	at com.kms.katalon.core.webui.keyword.internal.WebUIAbstractKeyword.findWebElement(WebUIAbstractKeyword.groovy:26)
	at com.kms.katalon.core.webui.keyword.builtin.ClickKeyword$_click_closure1.doCall(ClickKeyword.groovy:67)
	at com.kms.katalon.core.webui.keyword.builtin.ClickKeyword$_click_closure1.call(ClickKeyword.groovy)
	at com.kms.katalon.core.webui.keyword.internal.WebUIKeywordMain.runKeyword(WebUIKeywordMain.groovy:20)
	... 35 more
"/>
         <system-out><![CDATA[2020-03-09 12:21:37 - [TEST_CASE][FAILED] - Test Cases/Secuencias de Ejecucion/TC_Aprobar_Ventas: Test Cases/Secuencias de Ejecucion/TC_Aprobar_Ventas FAILED.
Reason:
com.kms.katalon.core.exception.StepFailedException: Call Test Case 'Test Cases/Individual_Tests/Aprobacion_Ventas' failed
	at com.kms.katalon.core.keyword.builtin.CallTestCaseKeyword$_callTestCase_closure1.doCall(CallTestCaseKeyword.groovy:63)
	at com.kms.katalon.core.keyword.builtin.CallTestCaseKeyword$_callTestCase_closure1.call(CallTestCaseKeyword.groovy)
	at com.kms.katalon.core.keyword.internal.KeywordMain.runKeyword(KeywordMain.groovy:68)
	at com.kms.katalon.core.keyword.builtin.CallTestCaseKeyword.callTestCase(CallTestCaseKeyword.groovy:81)
	at com.kms.katalon.core.keyword.builtin.CallTestCaseKeyword.execute(CallTestCaseKeyword.groovy:44)
	at com.kms.katalon.core.keyword.internal.KeywordExecutor.executeKeywordForPlatform(KeywordExecutor.groovy:72)
	at com.kms.katalon.core.keyword.BuiltinKeywords.callTestCase(BuiltinKeywords.groovy:334)
	at TC_Aprobar_Ventas.run(TC_Aprobar_Ventas:33)
	at com.kms.katalon.core.main.ScriptEngine.run(ScriptEngine.java:194)
	at com.kms.katalon.core.main.ScriptEngine.runScriptAsRawText(ScriptEngine.java:119)
	at com.kms.katalon.core.main.TestCaseExecutor.runScript(TestCaseExecutor.java:337)
	at com.kms.katalon.core.main.TestCaseExecutor.doExecute(TestCaseExecutor.java:328)
	at com.kms.katalon.core.main.TestCaseExecutor.processExecutionPhase(TestCaseExecutor.java:307)
	at com.kms.katalon.core.main.TestCaseExecutor.accessMainPhase(TestCaseExecutor.java:299)
	at com.kms.katalon.core.main.TestCaseExecutor.execute(TestCaseExecutor.java:233)
	at com.kms.katalon.core.main.TestSuiteExecutor.accessTestCaseMainPhase(TestSuiteExecutor.java:169)
	at com.kms.katalon.core.main.TestSuiteExecutor.accessTestSuiteMainPhase(TestSuiteExecutor.java:142)
	at com.kms.katalon.core.main.TestSuiteExecutor.execute(TestSuiteExecutor.java:91)
	at com.kms.katalon.core.main.TestCaseMain.startTestSuite(TestCaseMain.java:157)
	at com.kms.katalon.core.main.TestCaseMain$startTestSuite$0.call(Unknown Source)
	at TempTestSuite1583770503367.run(TempTestSuite1583770503367.groovy:36)
Caused by: com.kms.katalon.core.exception.StepFailedException: Unable to click on object 'Object Repository/Page_- KAIZEN/av_btn_ventas'
	at com.kms.katalon.core.webui.keyword.internal.WebUIKeywordMain.stepFailed(WebUIKeywordMain.groovy:64)
	at com.kms.katalon.core.webui.keyword.internal.WebUIKeywordMain.runKeyword(WebUIKeywordMain.groovy:26)
	at com.kms.katalon.core.webui.keyword.builtin.ClickKeyword.click(ClickKeyword.groovy:102)
	at com.kms.katalon.core.webui.keyword.builtin.ClickKeyword.execute(ClickKeyword.groovy:43)
	at com.kms.katalon.core.keyword.internal.KeywordExecutor.executeKeywordForPlatform(KeywordExecutor.groovy:72)
	at com.kms.katalon.core.webui.keyword.WebUiBuiltInKeywords.click(WebUiBuiltInKeywords.groovy:616)
	at com.kms.katalon.core.webui.keyword.WebUiBuiltInKeywords$click$3.call(Unknown Source)
	at Aprobacion_Ventas.run(Aprobacion_Ventas:30)
	at com.kms.katalon.core.main.ScriptEngine.run(ScriptEngine.java:194)
	at com.kms.katalon.core.main.ScriptEngine.runScriptAsRawText(ScriptEngine.java:119)
	at com.kms.katalon.core.main.TestCaseExecutor.runScript(TestCaseExecutor.java:337)
	at com.kms.katalon.core.main.TestCaseExecutor.doExecute(TestCaseExecutor.java:328)
	at com.kms.katalon.core.main.TestCaseExecutor.processExecutionPhase(TestCaseExecutor.java:307)
	at com.kms.katalon.core.main.TestCaseExecutor.accessMainPhase(TestCaseExecutor.java:299)
	at com.kms.katalon.core.main.TestCaseExecutor.execute(TestCaseExecutor.java:233)
	at com.kms.katalon.core.main.TestCaseMain.runTestCase(TestCaseMain.java:114)
	at com.kms.katalon.core.keyword.builtin.CallTestCaseKeyword$_callTestCase_closure1.doCall(CallTestCaseKeyword.groovy:59)
	... 20 more
Caused by: com.kms.katalon.core.webui.exception.WebElementNotFoundException: Web element with id: 'Object Repository/Page_- KAIZEN/av_btn_ventas' located by 'By.xpath: //ul[@id='side-menu']/li[4]/a' not found
	at com.kms.katalon.core.webui.common.WebUiCommonHelper.findWebElement(WebUiCommonHelper.java:1154)
	at com.kms.katalon.core.webui.keyword.internal.WebUIAbstractKeyword.findWebElement(WebUIAbstractKeyword.groovy:27)
	at com.kms.katalon.core.webui.keyword.internal.WebUIAbstractKeyword.findWebElement(WebUIAbstractKeyword.groovy:26)
	at com.kms.katalon.core.webui.keyword.builtin.ClickKeyword$_click_closure1.doCall(ClickKeyword.groovy:67)
	at com.kms.katalon.core.webui.keyword.builtin.ClickKeyword$_click_closure1.call(ClickKeyword.groovy)
	at com.kms.katalon.core.webui.keyword.internal.WebUIKeywordMain.runKeyword(WebUIKeywordMain.groovy:20)
	... 35 more


2020-03-09 12:21:37 - [TEST_STEP][PASSED] - archivo = $RunConfiguration.getProjectDir()/Pedidos/DataExcel/AprobacionesPedidos_20pies.xlsx: null

2020-03-09 12:21:37 - [TEST_STEP][PASSED] - excelData = getExcelDataWithDefaultSheet(archivo, "Sheet1", true): null

2020-03-09 12:21:37 - [TEST_STEP][FAILED] - for ([Index = 1, Index <= excelData.getRowNumbers(), (Index++)]): Unable to call Test Case 'Test Cases/Individual_Tests/Aprobacion_Ventas' (Root cause: com.kms.katalon.core.exception.StepFailedException: Call Test Case 'Test Cases/Individual_Tests/Aprobacion_Ventas' failed
	at com.kms.katalon.core.keyword.builtin.CallTestCaseKeyword$_callTestCase_closure1.doCall(CallTestCaseKeyword.groovy:63)
	at com.kms.katalon.core.keyword.builtin.CallTestCaseKeyword$_callTestCase_closure1.call(CallTestCaseKeyword.groovy)
	at com.kms.katalon.core.keyword.internal.KeywordMain.runKeyword(KeywordMain.groovy:68)
	at com.kms.katalon.core.keyword.builtin.CallTestCaseKeyword.callTestCase(CallTestCaseKeyword.groovy:81)
	at com.kms.katalon.core.keyword.builtin.CallTestCaseKeyword.execute(CallTestCaseKeyword.groovy:44)
	at com.kms.katalon.core.keyword.internal.KeywordExecutor.executeKeywordForPlatform(KeywordExecutor.groovy:72)
	at com.kms.katalon.core.keyword.BuiltinKeywords.callTestCase(BuiltinKeywords.groovy:334)
	at TC_Aprobar_Ventas.run(TC_Aprobar_Ventas:33)
	at com.kms.katalon.core.main.ScriptEngine.run(ScriptEngine.java:194)
	at com.kms.katalon.core.main.ScriptEngine.runScriptAsRawText(ScriptEngine.java:119)
	at com.kms.katalon.core.main.TestCaseExecutor.runScript(TestCaseExecutor.java:337)
	at com.kms.katalon.core.main.TestCaseExecutor.doExecute(TestCaseExecutor.java:328)
	at com.kms.katalon.core.main.TestCaseExecutor.processExecutionPhase(TestCaseExecutor.java:307)
	at com.kms.katalon.core.main.TestCaseExecutor.accessMainPhase(TestCaseExecutor.java:299)
	at com.kms.katalon.core.main.TestCaseExecutor.execute(TestCaseExecutor.java:233)
	at com.kms.katalon.core.main.TestSuiteExecutor.accessTestCaseMainPhase(TestSuiteExecutor.java:169)
	at com.kms.katalon.core.main.TestSuiteExecutor.accessTestSuiteMainPhase(TestSuiteExecutor.java:142)
	at com.kms.katalon.core.main.TestSuiteExecutor.execute(TestSuiteExecutor.java:91)
	at com.kms.katalon.core.main.TestCaseMain.startTestSuite(TestCaseMain.java:157)
	at com.kms.katalon.core.main.TestCaseMain$startTestSuite$0.call(Unknown Source)
	at TempTestSuite1583770503367.run(TempTestSuite1583770503367.groovy:36)
Caused by: com.kms.katalon.core.exception.StepFailedException: Unable to click on object 'Object Repository/Page_- KAIZEN/av_btn_ventas'
	at com.kms.katalon.core.webui.keyword.internal.WebUIKeywordMain.stepFailed(WebUIKeywordMain.groovy:64)
	at com.kms.katalon.core.webui.keyword.internal.WebUIKeywordMain.runKeyword(WebUIKeywordMain.groovy:26)
	at com.kms.katalon.core.webui.keyword.builtin.ClickKeyword.click(ClickKeyword.groovy:102)
	at com.kms.katalon.core.webui.keyword.builtin.ClickKeyword.execute(ClickKeyword.groovy:43)
	at com.kms.katalon.core.keyword.internal.KeywordExecutor.executeKeywordForPlatform(KeywordExecutor.groovy:72)
	at com.kms.katalon.core.webui.keyword.WebUiBuiltInKeywords.click(WebUiBuiltInKeywords.groovy:616)
	at com.kms.katalon.core.webui.keyword.WebUiBuiltInKeywords$click$3.call(Unknown Source)
	at Aprobacion_Ventas.run(Aprobacion_Ventas:30)
	at com.kms.katalon.core.main.ScriptEngine.run(ScriptEngine.java:194)
	at com.kms.katalon.core.main.ScriptEngine.runScriptAsRawText(ScriptEngine.java:119)
	at com.kms.katalon.core.main.TestCaseExecutor.runScript(TestCaseExecutor.java:337)
	at com.kms.katalon.core.main.TestCaseExecutor.doExecute(TestCaseExecutor.java:328)
	at com.kms.katalon.core.main.TestCaseExecutor.processExecutionPhase(TestCaseExecutor.java:307)
	at com.kms.katalon.core.main.TestCaseExecutor.accessMainPhase(TestCaseExecutor.java:299)
	at com.kms.katalon.core.main.TestCaseExecutor.execute(TestCaseExecutor.java:233)
	at com.kms.katalon.core.main.TestCaseMain.runTestCase(TestCaseMain.java:114)
	at com.kms.katalon.core.keyword.builtin.CallTestCaseKeyword$_callTestCase_closure1.doCall(CallTestCaseKeyword.groovy:59)
	... 20 more
Caused by: com.kms.katalon.core.webui.exception.WebElementNotFoundException: Web element with id: 'Object Repository/Page_- KAIZEN/av_btn_ventas' located by 'By.xpath: //ul[@id='side-menu']/li[4]/a' not found
	at com.kms.katalon.core.webui.common.WebUiCommonHelper.findWebElement(WebUiCommonHelper.java:1154)
	at com.kms.katalon.core.webui.keyword.internal.WebUIAbstractKeyword.findWebElement(WebUIAbstractKeyword.groovy:27)
	at com.kms.katalon.core.webui.keyword.internal.WebUIAbstractKeyword.findWebElement(WebUIAbstractKeyword.groovy:26)
	at com.kms.katalon.core.webui.keyword.builtin.ClickKeyword$_click_closure1.doCall(ClickKeyword.groovy:67)
	at com.kms.katalon.core.webui.keyword.builtin.ClickKeyword$_click_closure1.call(ClickKeyword.groovy)
	at com.kms.katalon.core.webui.keyword.internal.WebUIKeywordMain.runKeyword(WebUIKeywordMain.groovy:20)
	... 35 more
)

2020-03-09 12:21:37 - [TEST_STEP][PASSED] - callTestCase(findTestCase("Individual_Tests/Login"), ["Evento":"Aprobar", "Index":Index], STOP_ON_FAILURE): Call Test Case 'Test Cases/Individual_Tests/Login' successfully

2020-03-09 12:21:37 - [TEST_CASE][PASSED] - Test Cases/Individual_Tests/Login: Test Cases/Individual_Tests/Login

2020-03-09 12:21:37 - [TEST_STEP][PASSED] - print("Evento Seleccionado: " + Evento + "
"): null

2020-03-09 12:21:37 - [TEST_STEP][PASSED] - openBrowser(Web): Browser is opened with url: 'http://test.kaizendev.net/Login/Accesar?salir=true'

2020-03-09 12:21:37 - [MESSAGE][INFO] - Starting 'Chrome' driver

2020-03-09 12:22:18 - [MESSAGE][PASSED] - Browser is opened with url: 'http://test.kaizendev.net/Login/Accesar?salir=true'

2020-03-09 12:22:18 - [TEST_STEP][PASSED] - maximizeWindow(): Current window maximized

2020-03-09 12:22:19 - [MESSAGE][PASSED] - Current window maximized

2020-03-09 12:22:19 - [TEST_STEP][PASSED] - if (Evento == "Crear20"): null

2020-03-09 12:22:19 - [TEST_STEP][PASSED] - else if (Evento == "Crear40"): null

2020-03-09 12:22:19 - [TEST_STEP][PASSED] - else if (Evento == "Aprobar"): Object: 'Object Repository/Page_Iniciar Sesion - KAIZEN/is_btn_ingresar_sistema' is clicked on

2020-03-09 12:22:19 - [TEST_STEP][PASSED] - data2 = obtener_excels.obtener_aprobaciones.getValuesExcelAprob20(Index): obtener_excels.obtener_aprobaciones.getValuesExcelAprob20 is PASSED

2020-03-09 12:22:19 - [MESSAGE][PASSED] - obtener_excels.obtener_aprobaciones.getValuesExcelAprob20 is PASSED

2020-03-09 12:22:19 - [TEST_STEP][PASSED] - Usuario = data2[1]: null

2020-03-09 12:22:19 - [TEST_STEP][PASSED] - Contrasena = data2[2]: null

2020-03-09 12:22:19 - [TEST_STEP][PASSED] - setText(findTestObject("Page_Iniciar Sesion - KAIZEN/is_input_email"), Usuario): Text 'automated.test@grupokaizen.net' is set on object 'Object Repository/Page_Iniciar Sesion - KAIZEN/is_input_email'

2020-03-09 12:22:20 - [MESSAGE][PASSED] - Text 'automated.test@grupokaizen.net' is set on object 'Object Repository/Page_Iniciar Sesion - KAIZEN/is_input_email'

2020-03-09 12:22:20 - [TEST_STEP][PASSED] - setEncryptedText(findTestObject("Page_Iniciar Sesion - KAIZEN/IS_input_contrasena"), Contrasena): Text ****** has been set on object 'Object Repository/Page_Iniciar Sesion - KAIZEN/IS_input_contrasena'

2020-03-09 12:22:20 - [MESSAGE][PASSED] - Text ****** has been set on object 'Object Repository/Page_Iniciar Sesion - KAIZEN/IS_input_contrasena'

2020-03-09 12:22:20 - [TEST_STEP][PASSED] - click(findTestObject("Page_Iniciar Sesion - KAIZEN/is_btn_ingresar_sistema")): Object: 'Object Repository/Page_Iniciar Sesion - KAIZEN/is_btn_ingresar_sistema' is clicked on

2020-03-09 12:22:26 - [MESSAGE][PASSED] - Object: 'Object Repository/Page_Iniciar Sesion - KAIZEN/is_btn_ingresar_sistema' is clicked on

2020-03-09 12:22:26 - [MESSAGE][PASSED] - Call Test Case 'Test Cases/Individual_Tests/Login' successfully

2020-03-09 12:22:26 - [TEST_STEP][PASSED] - callTestCase(findTestCase("Individual_Tests/Seleccionar_Idioma"), ["Evento":"Aprobar", "Index":Index], STOP_ON_FAILURE): Call Test Case 'Test Cases/Individual_Tests/Seleccionar_Idioma' successfully

2020-03-09 12:22:26 - [TEST_CASE][PASSED] - Test Cases/Individual_Tests/Seleccionar_Idioma: Test Cases/Individual_Tests/Seleccionar_Idioma

2020-03-09 12:22:26 - [TEST_STEP][PASSED] - Idioma = 0: null

2020-03-09 12:22:26 - [TEST_STEP][PASSED] - if (Evento == "Crear20"): null

2020-03-09 12:22:26 - [TEST_STEP][PASSED] - else if (Evento == "Crear40"): null

2020-03-09 12:22:26 - [TEST_STEP][PASSED] - else if (Evento == "Aprobar"): null

2020-03-09 12:22:26 - [TEST_STEP][PASSED] - data2 = obtener_excels.obtener_aprobaciones.getValuesExcelAprob20(Index): obtener_excels.obtener_aprobaciones.getValuesExcelAprob20 is PASSED

2020-03-09 12:22:26 - [MESSAGE][PASSED] - obtener_excels.obtener_aprobaciones.getValuesExcelAprob20 is PASSED

2020-03-09 12:22:26 - [TEST_STEP][PASSED] - Idioma = data2[0]: null

2020-03-09 12:22:26 - [TEST_STEP][PASSED] - click(findTestObject("Page_- KAIZEN/si_btn_idioma")): Object: 'Object Repository/Page_- KAIZEN/si_btn_idioma' is clicked on

2020-03-09 12:22:26 - [MESSAGE][PASSED] - Object: 'Object Repository/Page_- KAIZEN/si_btn_idioma' is clicked on

2020-03-09 12:22:26 - [TEST_STEP][PASSED] - if (Idioma == "0"): null

2020-03-09 12:22:26 - [TEST_STEP][PASSED] - else: Object: 'Object Repository/Page_- KAIZEN/si_Spanish' is clicked on

2020-03-09 12:22:26 - [TEST_STEP][PASSED] - click(findTestObject("Page_- KAIZEN/si_Spanish")): Object: 'Object Repository/Page_- KAIZEN/si_Spanish' is clicked on

2020-03-09 12:22:29 - [MESSAGE][PASSED] - Object: 'Object Repository/Page_- KAIZEN/si_Spanish' is clicked on

2020-03-09 12:22:29 - [MESSAGE][PASSED] - Call Test Case 'Test Cases/Individual_Tests/Seleccionar_Idioma' successfully

2020-03-09 12:22:29 - [TEST_STEP][PASSED] - callTestCase(findTestCase("Individual_Tests/Aprobacion_Ventas"), ["Index":Index], STOP_ON_FAILURE): Call Test Case 'Test Cases/Individual_Tests/Aprobacion_Ventas' successfully

2020-03-09 12:22:29 - [TEST_CASE][PASSED] - Test Cases/Individual_Tests/Aprobacion_Ventas: Test Cases/Individual_Tests/Aprobacion_Ventas

2020-03-09 12:22:29 - [TEST_STEP][PASSED] - data = obtener_excels.obtener_aprobaciones.getValuesExcelAprob20(Index): obtener_excels.obtener_aprobaciones.getValuesExcelAprob20 is PASSED

2020-03-09 12:22:29 - [MESSAGE][PASSED] - obtener_excels.obtener_aprobaciones.getValuesExcelAprob20 is PASSED

2020-03-09 12:22:29 - [TEST_STEP][PASSED] - IdPedido = data[3]: null

2020-03-09 12:22:29 - [TEST_STEP][PASSED] - Id_Cliente = data[4]: null

2020-03-09 12:22:29 - [TEST_STEP][PASSED] - AprobVentas = data[5]: null

2020-03-09 12:22:29 - [TEST_STEP][PASSED] - print(Id_Cliente + "
"): null

2020-03-09 12:22:29 - [TEST_STEP][PASSED] - print(AprobVentas + "
"): null

2020-03-09 12:22:29 - [TEST_STEP][PASSED] - IDPedido = IdPedido: null

2020-03-09 12:22:29 - [TEST_STEP][PASSED] - IDCliente = Id_Cliente: null

2020-03-09 12:22:29 - [TEST_STEP][PASSED] - AprobacionVentas = AprobVentas: null

2020-03-09 12:22:29 - [TEST_STEP][PASSED] - click(findTestObject("Page_- KAIZEN/av_btn_ventas")): Object: 'Object Repository/Page_- KAIZEN/av_btn_ventas' is clicked on

2020-03-09 12:22:30 - [MESSAGE][PASSED] - Object: 'Object Repository/Page_- KAIZEN/av_btn_ventas' is clicked on

2020-03-09 12:22:30 - [TEST_STEP][PASSED] - click(findTestObject("Page_- KAIZEN/av_btn_aprobacinventas")): Object: 'Object Repository/Page_- KAIZEN/av_btn_aprobacinventas' is clicked on

2020-03-09 12:22:34 - [MESSAGE][PASSED] - Object: 'Object Repository/Page_- KAIZEN/av_btn_aprobacinventas' is clicked on

2020-03-09 12:22:34 - [TEST_STEP][PASSED] - click(findTestObject("Page_Aprobacin de Ventas - KAIZEN/av_click_aprobacionventas")): Object: 'Object Repository/Page_Aprobacin de Ventas - KAIZEN/av_click_aprobacionventas' is clicked on

2020-03-09 12:22:35 - [MESSAGE][PASSED] - Object: 'Object Repository/Page_Aprobacin de Ventas - KAIZEN/av_click_aprobacionventas' is clicked on

2020-03-09 12:22:35 - [TEST_STEP][PASSED] - click(findTestObject("Page_Aprobacin de Ventas - KAIZEN/av_btn_seleccione_cliente")): Object: 'Object Repository/Page_Aprobacin de Ventas - KAIZEN/av_btn_seleccione_cliente' is clicked on

2020-03-09 12:22:35 - [MESSAGE][PASSED] - Object: 'Object Repository/Page_Aprobacin de Ventas - KAIZEN/av_btn_seleccione_cliente' is clicked on

2020-03-09 12:22:35 - [TEST_STEP][PASSED] - click(findTestObject("Page_Aprobacin de Ventas - KAIZEN/av_click_seleccione_cliente")): Object: 'Object Repository/Page_Aprobacin de Ventas - KAIZEN/av_click_seleccione_cliente' is clicked on

2020-03-09 12:22:36 - [MESSAGE][PASSED] - Object: 'Object Repository/Page_Aprobacin de Ventas - KAIZEN/av_click_seleccione_cliente' is clicked on

2020-03-09 12:22:36 - [TEST_STEP][PASSED] - selectOptionByValue(findTestObject("Page_Aprobacin de Ventas - KAIZEN/av_assing_seleccione_cliente"), IDCliente, true): All options with value '4' are selected in object 'Object Repository/Page_Aprobacin de Ventas - KAIZEN/av_assing_seleccione_cliente'  using regular expression

2020-03-09 12:22:38 - [MESSAGE][PASSED] - All options with value '4' are selected in object 'Object Repository/Page_Aprobacin de Ventas - KAIZEN/av_assing_seleccione_cliente'  using regular expression

2020-03-09 12:22:38 - [TEST_STEP][PASSED] - click(findTestObject("Page_Aprobacin de Ventas - KAIZEN/av_btn_Buscar")): Object: 'Object Repository/Page_Aprobacin de Ventas - KAIZEN/av_btn_Buscar' is clicked on

2020-03-09 12:22:40 - [MESSAGE][PASSED] - Object: 'Object Repository/Page_Aprobacin de Ventas - KAIZEN/av_btn_Buscar' is clicked on

2020-03-09 12:22:40 - [TEST_STEP][PASSED] - delay(5): Delayed 5 second(s)

2020-03-09 12:22:45 - [MESSAGE][PASSED] - Delayed 5 second(s)

2020-03-09 12:22:45 - [TEST_STEP][PASSED] - if (AprobacionVentas == "Aprobar"): Object: 'Object Repository/Page_Aprobacin de Ventas - KAIZEN/av_btn_aceptar' is clicked on

2020-03-09 12:22:45 - [TEST_STEP][PASSED] - variable = "btn_aprobar_" + IDPedido: null

2020-03-09 12:22:45 - [TEST_STEP][PASSED] - print(variable): null

2020-03-09 12:22:45 - [TEST_STEP][PASSED] - executeJavaScript(document.getElementById('$variable').click();, null): Execute JavaScript 'document.getElementById('btn_aprobar_255').click();' successfully

2020-03-09 12:22:45 - [MESSAGE][PASSED] - Execute JavaScript 'document.getElementById('btn_aprobar_255').click();' successfully

2020-03-09 12:22:45 - [TEST_STEP][PASSED] - click(findTestObject("Page_Aprobacin de Ventas - KAIZEN/av_btn_aceptar")): Object: 'Object Repository/Page_Aprobacin de Ventas - KAIZEN/av_btn_aceptar' is clicked on

2020-03-09 12:22:45 - [MESSAGE][PASSED] - Object: 'Object Repository/Page_Aprobacin de Ventas - KAIZEN/av_btn_aceptar' is clicked on

2020-03-09 12:22:45 - [TEST_STEP][PASSED] - delay(10): Delayed 10 second(s)

2020-03-09 12:22:55 - [MESSAGE][PASSED] - Delayed 10 second(s)

2020-03-09 12:22:55 - [MESSAGE][PASSED] - Call Test Case 'Test Cases/Individual_Tests/Aprobacion_Ventas' successfully

2020-03-09 12:22:55 - [TEST_STEP][PASSED] - callTestCase(findTestCase("Individual_Tests/Login"), ["Evento":"Aprobar", "Index":Index], STOP_ON_FAILURE): Call Test Case 'Test Cases/Individual_Tests/Login' successfully

2020-03-09 12:22:55 - [TEST_CASE][PASSED] - Test Cases/Individual_Tests/Login: Test Cases/Individual_Tests/Login

2020-03-09 12:22:55 - [TEST_STEP][PASSED] - print("Evento Seleccionado: " + Evento + "
"): null

2020-03-09 12:22:55 - [TEST_STEP][PASSED] - openBrowser(Web): Browser is opened with url: 'http://test.kaizendev.net/Login/Accesar?salir=true'

2020-03-09 12:22:55 - [MESSAGE][WARNING] - A browser is already opened. Closing browser and opening a new one

2020-03-09 12:22:56 - [MESSAGE][INFO] - Starting 'Chrome' driver

2020-03-09 12:23:36 - [MESSAGE][PASSED] - Browser is opened with url: 'http://test.kaizendev.net/Login/Accesar?salir=true'

2020-03-09 12:23:36 - [TEST_STEP][PASSED] - maximizeWindow(): Current window maximized

2020-03-09 12:23:37 - [MESSAGE][PASSED] - Current window maximized

2020-03-09 12:23:37 - [TEST_STEP][PASSED] - if (Evento == "Crear20"): null

2020-03-09 12:23:37 - [TEST_STEP][PASSED] - else if (Evento == "Crear40"): null

2020-03-09 12:23:37 - [TEST_STEP][PASSED] - else if (Evento == "Aprobar"): Object: 'Object Repository/Page_Iniciar Sesion - KAIZEN/is_btn_ingresar_sistema' is clicked on

2020-03-09 12:23:37 - [TEST_STEP][PASSED] - data2 = obtener_excels.obtener_aprobaciones.getValuesExcelAprob20(Index): obtener_excels.obtener_aprobaciones.getValuesExcelAprob20 is PASSED

2020-03-09 12:23:37 - [MESSAGE][PASSED] - obtener_excels.obtener_aprobaciones.getValuesExcelAprob20 is PASSED

2020-03-09 12:23:37 - [TEST_STEP][PASSED] - Usuario = data2[1]: null

2020-03-09 12:23:37 - [TEST_STEP][PASSED] - Contrasena = data2[2]: null

2020-03-09 12:23:37 - [TEST_STEP][PASSED] - setText(findTestObject("Page_Iniciar Sesion - KAIZEN/is_input_email"), Usuario): Text 'automated.test@grupokaizen.net' is set on object 'Object Repository/Page_Iniciar Sesion - KAIZEN/is_input_email'

2020-03-09 12:23:38 - [MESSAGE][PASSED] - Text 'automated.test@grupokaizen.net' is set on object 'Object Repository/Page_Iniciar Sesion - KAIZEN/is_input_email'

2020-03-09 12:23:38 - [TEST_STEP][PASSED] - setEncryptedText(findTestObject("Page_Iniciar Sesion - KAIZEN/IS_input_contrasena"), Contrasena): Text ****** has been set on object 'Object Repository/Page_Iniciar Sesion - KAIZEN/IS_input_contrasena'

2020-03-09 12:23:38 - [MESSAGE][PASSED] - Text ****** has been set on object 'Object Repository/Page_Iniciar Sesion - KAIZEN/IS_input_contrasena'

2020-03-09 12:23:38 - [TEST_STEP][PASSED] - click(findTestObject("Page_Iniciar Sesion - KAIZEN/is_btn_ingresar_sistema")): Object: 'Object Repository/Page_Iniciar Sesion - KAIZEN/is_btn_ingresar_sistema' is clicked on

2020-03-09 12:23:41 - [MESSAGE][PASSED] - Object: 'Object Repository/Page_Iniciar Sesion - KAIZEN/is_btn_ingresar_sistema' is clicked on

2020-03-09 12:23:41 - [MESSAGE][PASSED] - Call Test Case 'Test Cases/Individual_Tests/Login' successfully

2020-03-09 12:23:41 - [TEST_STEP][PASSED] - callTestCase(findTestCase("Individual_Tests/Seleccionar_Idioma"), ["Evento":"Aprobar", "Index":Index], STOP_ON_FAILURE): Call Test Case 'Test Cases/Individual_Tests/Seleccionar_Idioma' successfully

2020-03-09 12:23:41 - [TEST_CASE][PASSED] - Test Cases/Individual_Tests/Seleccionar_Idioma: Test Cases/Individual_Tests/Seleccionar_Idioma

2020-03-09 12:23:41 - [TEST_STEP][PASSED] - Idioma = 0: null

2020-03-09 12:23:41 - [TEST_STEP][PASSED] - if (Evento == "Crear20"): null

2020-03-09 12:23:41 - [TEST_STEP][PASSED] - else if (Evento == "Crear40"): null

2020-03-09 12:23:41 - [TEST_STEP][PASSED] - else if (Evento == "Aprobar"): null

2020-03-09 12:23:41 - [TEST_STEP][PASSED] - data2 = obtener_excels.obtener_aprobaciones.getValuesExcelAprob20(Index): obtener_excels.obtener_aprobaciones.getValuesExcelAprob20 is PASSED

2020-03-09 12:23:42 - [MESSAGE][PASSED] - obtener_excels.obtener_aprobaciones.getValuesExcelAprob20 is PASSED

2020-03-09 12:23:42 - [TEST_STEP][PASSED] - Idioma = data2[0]: null

2020-03-09 12:23:42 - [TEST_STEP][PASSED] - click(findTestObject("Page_- KAIZEN/si_btn_idioma")): Object: 'Object Repository/Page_- KAIZEN/si_btn_idioma' is clicked on

2020-03-09 12:23:42 - [MESSAGE][PASSED] - Object: 'Object Repository/Page_- KAIZEN/si_btn_idioma' is clicked on

2020-03-09 12:23:42 - [TEST_STEP][PASSED] - if (Idioma == "0"): Object: 'Object Repository/Page_- KAIZEN/si_Ingles' is clicked on

2020-03-09 12:23:42 - [TEST_STEP][PASSED] - click(findTestObject("Page_- KAIZEN/si_Ingles")): Object: 'Object Repository/Page_- KAIZEN/si_Ingles' is clicked on

2020-03-09 12:23:43 - [MESSAGE][PASSED] - Object: 'Object Repository/Page_- KAIZEN/si_Ingles' is clicked on

2020-03-09 12:23:43 - [MESSAGE][PASSED] - Call Test Case 'Test Cases/Individual_Tests/Seleccionar_Idioma' successfully

2020-03-09 12:23:43 - [TEST_STEP][PASSED] - callTestCase(findTestCase("Individual_Tests/Aprobacion_Ventas"), ["Index":Index], STOP_ON_FAILURE): Call Test Case 'Test Cases/Individual_Tests/Aprobacion_Ventas' successfully

2020-03-09 12:23:43 - [TEST_CASE][PASSED] - Test Cases/Individual_Tests/Aprobacion_Ventas: Test Cases/Individual_Tests/Aprobacion_Ventas

2020-03-09 12:23:43 - [TEST_STEP][PASSED] - data = obtener_excels.obtener_aprobaciones.getValuesExcelAprob20(Index): obtener_excels.obtener_aprobaciones.getValuesExcelAprob20 is PASSED

2020-03-09 12:23:44 - [MESSAGE][PASSED] - obtener_excels.obtener_aprobaciones.getValuesExcelAprob20 is PASSED

2020-03-09 12:23:44 - [TEST_STEP][PASSED] - IdPedido = data[3]: null

2020-03-09 12:23:44 - [TEST_STEP][PASSED] - Id_Cliente = data[4]: null

2020-03-09 12:23:44 - [TEST_STEP][PASSED] - AprobVentas = data[5]: null

2020-03-09 12:23:44 - [TEST_STEP][PASSED] - print(Id_Cliente + "
"): null

2020-03-09 12:23:44 - [TEST_STEP][PASSED] - print(AprobVentas + "
"): null

2020-03-09 12:23:44 - [TEST_STEP][PASSED] - IDPedido = IdPedido: null

2020-03-09 12:23:44 - [TEST_STEP][PASSED] - IDCliente = Id_Cliente: null

2020-03-09 12:23:44 - [TEST_STEP][PASSED] - AprobacionVentas = AprobVentas: null

2020-03-09 12:23:44 - [TEST_STEP][PASSED] - click(findTestObject("Page_- KAIZEN/av_btn_ventas")): Object: 'Object Repository/Page_- KAIZEN/av_btn_ventas' is clicked on

2020-03-09 12:23:45 - [MESSAGE][PASSED] - Object: 'Object Repository/Page_- KAIZEN/av_btn_ventas' is clicked on

2020-03-09 12:23:45 - [TEST_STEP][PASSED] - click(findTestObject("Page_- KAIZEN/av_btn_aprobacinventas")): Object: 'Object Repository/Page_- KAIZEN/av_btn_aprobacinventas' is clicked on

2020-03-09 12:23:50 - [MESSAGE][PASSED] - Object: 'Object Repository/Page_- KAIZEN/av_btn_aprobacinventas' is clicked on

2020-03-09 12:23:50 - [TEST_STEP][PASSED] - click(findTestObject("Page_Aprobacin de Ventas - KAIZEN/av_click_aprobacionventas")): Object: 'Object Repository/Page_Aprobacin de Ventas - KAIZEN/av_click_aprobacionventas' is clicked on

2020-03-09 12:23:50 - [MESSAGE][PASSED] - Object: 'Object Repository/Page_Aprobacin de Ventas - KAIZEN/av_click_aprobacionventas' is clicked on

2020-03-09 12:23:50 - [TEST_STEP][PASSED] - click(findTestObject("Page_Aprobacin de Ventas - KAIZEN/av_btn_seleccione_cliente")): Object: 'Object Repository/Page_Aprobacin de Ventas - KAIZEN/av_btn_seleccione_cliente' is clicked on

2020-03-09 12:23:51 - [MESSAGE][PASSED] - Object: 'Object Repository/Page_Aprobacin de Ventas - KAIZEN/av_btn_seleccione_cliente' is clicked on

2020-03-09 12:23:51 - [TEST_STEP][PASSED] - click(findTestObject("Page_Aprobacin de Ventas - KAIZEN/av_click_seleccione_cliente")): Object: 'Object Repository/Page_Aprobacin de Ventas - KAIZEN/av_click_seleccione_cliente' is clicked on

2020-03-09 12:23:51 - [MESSAGE][PASSED] - Object: 'Object Repository/Page_Aprobacin de Ventas - KAIZEN/av_click_seleccione_cliente' is clicked on

2020-03-09 12:23:51 - [TEST_STEP][PASSED] - selectOptionByValue(findTestObject("Page_Aprobacin de Ventas - KAIZEN/av_assing_seleccione_cliente"), IDCliente, true): All options with value '7' are selected in object 'Object Repository/Page_Aprobacin de Ventas - KAIZEN/av_assing_seleccione_cliente'  using regular expression

2020-03-09 12:23:53 - [MESSAGE][PASSED] - All options with value '7' are selected in object 'Object Repository/Page_Aprobacin de Ventas - KAIZEN/av_assing_seleccione_cliente'  using regular expression

2020-03-09 12:23:53 - [TEST_STEP][PASSED] - click(findTestObject("Page_Aprobacin de Ventas - KAIZEN/av_btn_Buscar")): Object: 'Object Repository/Page_Aprobacin de Ventas - KAIZEN/av_btn_Buscar' is clicked on

2020-03-09 12:23:54 - [MESSAGE][PASSED] - Object: 'Object Repository/Page_Aprobacin de Ventas - KAIZEN/av_btn_Buscar' is clicked on

2020-03-09 12:23:54 - [TEST_STEP][PASSED] - delay(5): Delayed 5 second(s)

2020-03-09 12:23:59 - [MESSAGE][PASSED] - Delayed 5 second(s)

2020-03-09 12:23:59 - [TEST_STEP][PASSED] - if (AprobacionVentas == "Aprobar"): Object: 'Object Repository/Page_Aprobacin de Ventas - KAIZEN/av_btn_aceptar' is clicked on

2020-03-09 12:23:59 - [TEST_STEP][PASSED] - variable = "btn_aprobar_" + IDPedido: null

2020-03-09 12:23:59 - [TEST_STEP][PASSED] - print(variable): null

2020-03-09 12:23:59 - [TEST_STEP][PASSED] - executeJavaScript(document.getElementById('$variable').click();, null): Execute JavaScript 'document.getElementById('btn_aprobar_256').click();' successfully

2020-03-09 12:23:59 - [MESSAGE][PASSED] - Execute JavaScript 'document.getElementById('btn_aprobar_256').click();' successfully

2020-03-09 12:23:59 - [TEST_STEP][PASSED] - click(findTestObject("Page_Aprobacin de Ventas - KAIZEN/av_btn_aceptar")): Object: 'Object Repository/Page_Aprobacin de Ventas - KAIZEN/av_btn_aceptar' is clicked on

2020-03-09 12:24:00 - [MESSAGE][PASSED] - Object: 'Object Repository/Page_Aprobacin de Ventas - KAIZEN/av_btn_aceptar' is clicked on

2020-03-09 12:24:00 - [TEST_STEP][PASSED] - delay(10): Delayed 10 second(s)

2020-03-09 12:24:10 - [MESSAGE][PASSED] - Delayed 10 second(s)

2020-03-09 12:24:10 - [MESSAGE][PASSED] - Call Test Case 'Test Cases/Individual_Tests/Aprobacion_Ventas' successfully

2020-03-09 12:24:10 - [TEST_STEP][PASSED] - callTestCase(findTestCase("Individual_Tests/Login"), ["Evento":"Aprobar", "Index":Index], STOP_ON_FAILURE): Call Test Case 'Test Cases/Individual_Tests/Login' successfully

2020-03-09 12:24:10 - [TEST_CASE][PASSED] - Test Cases/Individual_Tests/Login: Test Cases/Individual_Tests/Login

2020-03-09 12:24:10 - [TEST_STEP][PASSED] - print("Evento Seleccionado: " + Evento + "
"): null

2020-03-09 12:24:10 - [TEST_STEP][PASSED] - openBrowser(Web): Browser is opened with url: 'http://test.kaizendev.net/Login/Accesar?salir=true'

2020-03-09 12:24:10 - [MESSAGE][WARNING] - A browser is already opened. Closing browser and opening a new one

2020-03-09 12:24:11 - [MESSAGE][INFO] - Starting 'Chrome' driver

2020-03-09 12:24:35 - [MESSAGE][PASSED] - Browser is opened with url: 'http://test.kaizendev.net/Login/Accesar?salir=true'

2020-03-09 12:24:35 - [TEST_STEP][PASSED] - maximizeWindow(): Current window maximized

2020-03-09 12:24:36 - [MESSAGE][PASSED] - Current window maximized

2020-03-09 12:24:36 - [TEST_STEP][PASSED] - if (Evento == "Crear20"): null

2020-03-09 12:24:36 - [TEST_STEP][PASSED] - else if (Evento == "Crear40"): null

2020-03-09 12:24:36 - [TEST_STEP][PASSED] - else if (Evento == "Aprobar"): Object: 'Object Repository/Page_Iniciar Sesion - KAIZEN/is_btn_ingresar_sistema' is clicked on

2020-03-09 12:24:36 - [TEST_STEP][PASSED] - data2 = obtener_excels.obtener_aprobaciones.getValuesExcelAprob20(Index): obtener_excels.obtener_aprobaciones.getValuesExcelAprob20 is PASSED

2020-03-09 12:24:36 - [MESSAGE][PASSED] - obtener_excels.obtener_aprobaciones.getValuesExcelAprob20 is PASSED

2020-03-09 12:24:36 - [TEST_STEP][PASSED] - Usuario = data2[1]: null

2020-03-09 12:24:36 - [TEST_STEP][PASSED] - Contrasena = data2[2]: null

2020-03-09 12:24:36 - [TEST_STEP][PASSED] - setText(findTestObject("Page_Iniciar Sesion - KAIZEN/is_input_email"), Usuario): Text 'automated.test@grupokaizen.net' is set on object 'Object Repository/Page_Iniciar Sesion - KAIZEN/is_input_email'

2020-03-09 12:24:37 - [MESSAGE][PASSED] - Text 'automated.test@grupokaizen.net' is set on object 'Object Repository/Page_Iniciar Sesion - KAIZEN/is_input_email'

2020-03-09 12:24:37 - [TEST_STEP][PASSED] - setEncryptedText(findTestObject("Page_Iniciar Sesion - KAIZEN/IS_input_contrasena"), Contrasena): Text ****** has been set on object 'Object Repository/Page_Iniciar Sesion - KAIZEN/IS_input_contrasena'

2020-03-09 12:24:37 - [MESSAGE][PASSED] - Text ****** has been set on object 'Object Repository/Page_Iniciar Sesion - KAIZEN/IS_input_contrasena'

2020-03-09 12:24:37 - [TEST_STEP][PASSED] - click(findTestObject("Page_Iniciar Sesion - KAIZEN/is_btn_ingresar_sistema")): Object: 'Object Repository/Page_Iniciar Sesion - KAIZEN/is_btn_ingresar_sistema' is clicked on

2020-03-09 12:25:05 - [MESSAGE][PASSED] - Object: 'Object Repository/Page_Iniciar Sesion - KAIZEN/is_btn_ingresar_sistema' is clicked on

2020-03-09 12:25:05 - [MESSAGE][PASSED] - Call Test Case 'Test Cases/Individual_Tests/Login' successfully

2020-03-09 12:25:05 - [TEST_STEP][PASSED] - callTestCase(findTestCase("Individual_Tests/Seleccionar_Idioma"), ["Evento":"Aprobar", "Index":Index], STOP_ON_FAILURE): Call Test Case 'Test Cases/Individual_Tests/Seleccionar_Idioma' successfully

2020-03-09 12:25:05 - [TEST_CASE][PASSED] - Test Cases/Individual_Tests/Seleccionar_Idioma: Test Cases/Individual_Tests/Seleccionar_Idioma

2020-03-09 12:25:05 - [TEST_STEP][PASSED] - Idioma = 0: null

2020-03-09 12:25:05 - [TEST_STEP][PASSED] - if (Evento == "Crear20"): null

2020-03-09 12:25:05 - [TEST_STEP][PASSED] - else if (Evento == "Crear40"): null

2020-03-09 12:25:05 - [TEST_STEP][PASSED] - else if (Evento == "Aprobar"): null

2020-03-09 12:25:05 - [TEST_STEP][PASSED] - data2 = obtener_excels.obtener_aprobaciones.getValuesExcelAprob20(Index): obtener_excels.obtener_aprobaciones.getValuesExcelAprob20 is PASSED

2020-03-09 12:25:05 - [MESSAGE][PASSED] - obtener_excels.obtener_aprobaciones.getValuesExcelAprob20 is PASSED

2020-03-09 12:25:05 - [TEST_STEP][PASSED] - Idioma = data2[0]: null

2020-03-09 12:25:05 - [TEST_STEP][PASSED] - click(findTestObject("Page_- KAIZEN/si_btn_idioma")): Object: 'Object Repository/Page_- KAIZEN/si_btn_idioma' is clicked on

2020-03-09 12:25:31 - [MESSAGE][PASSED] - Object: 'Object Repository/Page_- KAIZEN/si_btn_idioma' is clicked on

2020-03-09 12:25:31 - [TEST_STEP][PASSED] - if (Idioma == "0"): null

2020-03-09 12:25:31 - [TEST_STEP][PASSED] - else: Object: 'Object Repository/Page_- KAIZEN/si_Spanish' is clicked on

2020-03-09 12:25:31 - [TEST_STEP][PASSED] - click(findTestObject("Page_- KAIZEN/si_Spanish")): Object: 'Object Repository/Page_- KAIZEN/si_Spanish' is clicked on

2020-03-09 12:25:44 - [MESSAGE][PASSED] - Object: 'Object Repository/Page_- KAIZEN/si_Spanish' is clicked on

2020-03-09 12:25:44 - [MESSAGE][PASSED] - Call Test Case 'Test Cases/Individual_Tests/Seleccionar_Idioma' successfully

2020-03-09 12:25:44 - [TEST_STEP][FAILED] - callTestCase(findTestCase("Individual_Tests/Aprobacion_Ventas"), ["Index":Index], STOP_ON_FAILURE): Unable to call Test Case 'Test Cases/Individual_Tests/Aprobacion_Ventas' (Root cause: com.kms.katalon.core.exception.StepFailedException: Call Test Case 'Test Cases/Individual_Tests/Aprobacion_Ventas' failed
	at com.kms.katalon.core.keyword.builtin.CallTestCaseKeyword$_callTestCase_closure1.doCall(CallTestCaseKeyword.groovy:63)
	at com.kms.katalon.core.keyword.builtin.CallTestCaseKeyword$_callTestCase_closure1.call(CallTestCaseKeyword.groovy)
	at com.kms.katalon.core.keyword.internal.KeywordMain.runKeyword(KeywordMain.groovy:68)
	at com.kms.katalon.core.keyword.builtin.CallTestCaseKeyword.callTestCase(CallTestCaseKeyword.groovy:81)
	at com.kms.katalon.core.keyword.builtin.CallTestCaseKeyword.execute(CallTestCaseKeyword.groovy:44)
	at com.kms.katalon.core.keyword.internal.KeywordExecutor.executeKeywordForPlatform(KeywordExecutor.groovy:72)
	at com.kms.katalon.core.keyword.BuiltinKeywords.callTestCase(BuiltinKeywords.groovy:334)
	at TC_Aprobar_Ventas.run(TC_Aprobar_Ventas:33)
	at com.kms.katalon.core.main.ScriptEngine.run(ScriptEngine.java:194)
	at com.kms.katalon.core.main.ScriptEngine.runScriptAsRawText(ScriptEngine.java:119)
	at com.kms.katalon.core.main.TestCaseExecutor.runScript(TestCaseExecutor.java:337)
	at com.kms.katalon.core.main.TestCaseExecutor.doExecute(TestCaseExecutor.java:328)
	at com.kms.katalon.core.main.TestCaseExecutor.processExecutionPhase(TestCaseExecutor.java:307)
	at com.kms.katalon.core.main.TestCaseExecutor.accessMainPhase(TestCaseExecutor.java:299)
	at com.kms.katalon.core.main.TestCaseExecutor.execute(TestCaseExecutor.java:233)
	at com.kms.katalon.core.main.TestSuiteExecutor.accessTestCaseMainPhase(TestSuiteExecutor.java:169)
	at com.kms.katalon.core.main.TestSuiteExecutor.accessTestSuiteMainPhase(TestSuiteExecutor.java:142)
	at com.kms.katalon.core.main.TestSuiteExecutor.execute(TestSuiteExecutor.java:91)
	at com.kms.katalon.core.main.TestCaseMain.startTestSuite(TestCaseMain.java:157)
	at com.kms.katalon.core.main.TestCaseMain$startTestSuite$0.call(Unknown Source)
	at TempTestSuite1583770503367.run(TempTestSuite1583770503367.groovy:36)
Caused by: com.kms.katalon.core.exception.StepFailedException: Unable to click on object 'Object Repository/Page_- KAIZEN/av_btn_ventas'
	at com.kms.katalon.core.webui.keyword.internal.WebUIKeywordMain.stepFailed(WebUIKeywordMain.groovy:64)
	at com.kms.katalon.core.webui.keyword.internal.WebUIKeywordMain.runKeyword(WebUIKeywordMain.groovy:26)
	at com.kms.katalon.core.webui.keyword.builtin.ClickKeyword.click(ClickKeyword.groovy:102)
	at com.kms.katalon.core.webui.keyword.builtin.ClickKeyword.execute(ClickKeyword.groovy:43)
	at com.kms.katalon.core.keyword.internal.KeywordExecutor.executeKeywordForPlatform(KeywordExecutor.groovy:72)
	at com.kms.katalon.core.webui.keyword.WebUiBuiltInKeywords.click(WebUiBuiltInKeywords.groovy:616)
	at com.kms.katalon.core.webui.keyword.WebUiBuiltInKeywords$click$3.call(Unknown Source)
	at Aprobacion_Ventas.run(Aprobacion_Ventas:30)
	at com.kms.katalon.core.main.ScriptEngine.run(ScriptEngine.java:194)
	at com.kms.katalon.core.main.ScriptEngine.runScriptAsRawText(ScriptEngine.java:119)
	at com.kms.katalon.core.main.TestCaseExecutor.runScript(TestCaseExecutor.java:337)
	at com.kms.katalon.core.main.TestCaseExecutor.doExecute(TestCaseExecutor.java:328)
	at com.kms.katalon.core.main.TestCaseExecutor.processExecutionPhase(TestCaseExecutor.java:307)
	at com.kms.katalon.core.main.TestCaseExecutor.accessMainPhase(TestCaseExecutor.java:299)
	at com.kms.katalon.core.main.TestCaseExecutor.execute(TestCaseExecutor.java:233)
	at com.kms.katalon.core.main.TestCaseMain.runTestCase(TestCaseMain.java:114)
	at com.kms.katalon.core.keyword.builtin.CallTestCaseKeyword$_callTestCase_closure1.doCall(CallTestCaseKeyword.groovy:59)
	... 20 more
Caused by: com.kms.katalon.core.webui.exception.WebElementNotFoundException: Web element with id: 'Object Repository/Page_- KAIZEN/av_btn_ventas' located by 'By.xpath: //ul[@id='side-menu']/li[4]/a' not found
	at com.kms.katalon.core.webui.common.WebUiCommonHelper.findWebElement(WebUiCommonHelper.java:1154)
	at com.kms.katalon.core.webui.keyword.internal.WebUIAbstractKeyword.findWebElement(WebUIAbstractKeyword.groovy:27)
	at com.kms.katalon.core.webui.keyword.internal.WebUIAbstractKeyword.findWebElement(WebUIAbstractKeyword.groovy:26)
	at com.kms.katalon.core.webui.keyword.builtin.ClickKeyword$_click_closure1.doCall(ClickKeyword.groovy:67)
	at com.kms.katalon.core.webui.keyword.builtin.ClickKeyword$_click_closure1.call(ClickKeyword.groovy)
	at com.kms.katalon.core.webui.keyword.internal.WebUIKeywordMain.runKeyword(WebUIKeywordMain.groovy:20)
	... 35 more
)

2020-03-09 12:25:44 - [TEST_CASE][FAILED] - Test Cases/Individual_Tests/Aprobacion_Ventas: Test Cases/Individual_Tests/Aprobacion_Ventas FAILED.
Reason:
com.kms.katalon.core.exception.StepFailedException: Unable to click on object 'Object Repository/Page_- KAIZEN/av_btn_ventas'
	at com.kms.katalon.core.webui.keyword.internal.WebUIKeywordMain.stepFailed(WebUIKeywordMain.groovy:64)
	at com.kms.katalon.core.webui.keyword.internal.WebUIKeywordMain.runKeyword(WebUIKeywordMain.groovy:26)
	at com.kms.katalon.core.webui.keyword.builtin.ClickKeyword.click(ClickKeyword.groovy:102)
	at com.kms.katalon.core.webui.keyword.builtin.ClickKeyword.execute(ClickKeyword.groovy:43)
	at com.kms.katalon.core.keyword.internal.KeywordExecutor.executeKeywordForPlatform(KeywordExecutor.groovy:72)
	at com.kms.katalon.core.webui.keyword.WebUiBuiltInKeywords.click(WebUiBuiltInKeywords.groovy:616)
	at com.kms.katalon.core.webui.keyword.WebUiBuiltInKeywords$click$3.call(Unknown Source)
	at Aprobacion_Ventas.run(Aprobacion_Ventas:30)
	at com.kms.katalon.core.main.ScriptEngine.run(ScriptEngine.java:194)
	at com.kms.katalon.core.main.ScriptEngine.runScriptAsRawText(ScriptEngine.java:119)
	at com.kms.katalon.core.main.TestCaseExecutor.runScript(TestCaseExecutor.java:337)
	at com.kms.katalon.core.main.TestCaseExecutor.doExecute(TestCaseExecutor.java:328)
	at com.kms.katalon.core.main.TestCaseExecutor.processExecutionPhase(TestCaseExecutor.java:307)
	at com.kms.katalon.core.main.TestCaseExecutor.accessMainPhase(TestCaseExecutor.java:299)
	at com.kms.katalon.core.main.TestCaseExecutor.execute(TestCaseExecutor.java:233)
	at com.kms.katalon.core.main.TestCaseMain.runTestCase(TestCaseMain.java:114)
	at com.kms.katalon.core.keyword.builtin.CallTestCaseKeyword$_callTestCase_closure1.doCall(CallTestCaseKeyword.groovy:59)
	at com.kms.katalon.core.keyword.builtin.CallTestCaseKeyword$_callTestCase_closure1.call(CallTestCaseKeyword.groovy)
	at com.kms.katalon.core.keyword.internal.KeywordMain.runKeyword(KeywordMain.groovy:68)
	at com.kms.katalon.core.keyword.builtin.CallTestCaseKeyword.callTestCase(CallTestCaseKeyword.groovy:81)
	at com.kms.katalon.core.keyword.builtin.CallTestCaseKeyword.execute(CallTestCaseKeyword.groovy:44)
	at com.kms.katalon.core.keyword.internal.KeywordExecutor.executeKeywordForPlatform(KeywordExecutor.groovy:72)
	at com.kms.katalon.core.keyword.BuiltinKeywords.callTestCase(BuiltinKeywords.groovy:334)
	at TC_Aprobar_Ventas.run(TC_Aprobar_Ventas:33)
	at com.kms.katalon.core.main.ScriptEngine.run(ScriptEngine.java:194)
	at com.kms.katalon.core.main.ScriptEngine.runScriptAsRawText(ScriptEngine.java:119)
	at com.kms.katalon.core.main.TestCaseExecutor.runScript(TestCaseExecutor.java:337)
	at com.kms.katalon.core.main.TestCaseExecutor.doExecute(TestCaseExecutor.java:328)
	at com.kms.katalon.core.main.TestCaseExecutor.processExecutionPhase(TestCaseExecutor.java:307)
	at com.kms.katalon.core.main.TestCaseExecutor.accessMainPhase(TestCaseExecutor.java:299)
	at com.kms.katalon.core.main.TestCaseExecutor.execute(TestCaseExecutor.java:233)
	at com.kms.katalon.core.main.TestSuiteExecutor.accessTestCaseMainPhase(TestSuiteExecutor.java:169)
	at com.kms.katalon.core.main.TestSuiteExecutor.accessTestSuiteMainPhase(TestSuiteExecutor.java:142)
	at com.kms.katalon.core.main.TestSuiteExecutor.execute(TestSuiteExecutor.java:91)
	at com.kms.katalon.core.main.TestCaseMain.startTestSuite(TestCaseMain.java:157)
	at com.kms.katalon.core.main.TestCaseMain$startTestSuite$0.call(Unknown Source)
	at TempTestSuite1583770503367.run(TempTestSuite1583770503367.groovy:36)
Caused by: com.kms.katalon.core.webui.exception.WebElementNotFoundException: Web element with id: 'Object Repository/Page_- KAIZEN/av_btn_ventas' located by 'By.xpath: //ul[@id='side-menu']/li[4]/a' not found
	at com.kms.katalon.core.webui.common.WebUiCommonHelper.findWebElement(WebUiCommonHelper.java:1154)
	at com.kms.katalon.core.webui.keyword.internal.WebUIAbstractKeyword.findWebElement(WebUIAbstractKeyword.groovy:27)
	at com.kms.katalon.core.webui.keyword.internal.WebUIAbstractKeyword.findWebElement(WebUIAbstractKeyword.groovy:26)
	at com.kms.katalon.core.webui.keyword.builtin.ClickKeyword$_click_closure1.doCall(ClickKeyword.groovy:67)
	at com.kms.katalon.core.webui.keyword.builtin.ClickKeyword$_click_closure1.call(ClickKeyword.groovy)
	at com.kms.katalon.core.webui.keyword.internal.WebUIKeywordMain.runKeyword(WebUIKeywordMain.groovy:20)
	... 35 more


2020-03-09 12:25:44 - [TEST_STEP][PASSED] - data = obtener_excels.obtener_aprobaciones.getValuesExcelAprob20(Index): obtener_excels.obtener_aprobaciones.getValuesExcelAprob20 is PASSED

2020-03-09 12:25:44 - [MESSAGE][PASSED] - obtener_excels.obtener_aprobaciones.getValuesExcelAprob20 is PASSED

2020-03-09 12:25:44 - [TEST_STEP][PASSED] - IdPedido = data[3]: null

2020-03-09 12:25:44 - [TEST_STEP][PASSED] - Id_Cliente = data[4]: null

2020-03-09 12:25:44 - [TEST_STEP][PASSED] - AprobVentas = data[5]: null

2020-03-09 12:25:44 - [TEST_STEP][PASSED] - print(Id_Cliente + "
"): null

2020-03-09 12:25:44 - [TEST_STEP][PASSED] - print(AprobVentas + "
"): null

2020-03-09 12:25:44 - [TEST_STEP][PASSED] - IDPedido = IdPedido: null

2020-03-09 12:25:44 - [TEST_STEP][PASSED] - IDCliente = Id_Cliente: null

2020-03-09 12:25:44 - [TEST_STEP][PASSED] - AprobacionVentas = AprobVentas: null

2020-03-09 12:25:44 - [TEST_STEP][FAILED] - click(findTestObject("Page_- KAIZEN/av_btn_ventas")): Unable to click on object 'Object Repository/Page_- KAIZEN/av_btn_ventas' (Root cause: com.kms.katalon.core.exception.StepFailedException: Unable to click on object 'Object Repository/Page_- KAIZEN/av_btn_ventas'
	at com.kms.katalon.core.webui.keyword.internal.WebUIKeywordMain.stepFailed(WebUIKeywordMain.groovy:64)
	at com.kms.katalon.core.webui.keyword.internal.WebUIKeywordMain.runKeyword(WebUIKeywordMain.groovy:26)
	at com.kms.katalon.core.webui.keyword.builtin.ClickKeyword.click(ClickKeyword.groovy:102)
	at com.kms.katalon.core.webui.keyword.builtin.ClickKeyword.execute(ClickKeyword.groovy:43)
	at com.kms.katalon.core.keyword.internal.KeywordExecutor.executeKeywordForPlatform(KeywordExecutor.groovy:72)
	at com.kms.katalon.core.webui.keyword.WebUiBuiltInKeywords.click(WebUiBuiltInKeywords.groovy:616)
	at com.kms.katalon.core.webui.keyword.WebUiBuiltInKeywords$click$3.call(Unknown Source)
	at Aprobacion_Ventas.run(Aprobacion_Ventas:30)
	at com.kms.katalon.core.main.ScriptEngine.run(ScriptEngine.java:194)
	at com.kms.katalon.core.main.ScriptEngine.runScriptAsRawText(ScriptEngine.java:119)
	at com.kms.katalon.core.main.TestCaseExecutor.runScript(TestCaseExecutor.java:337)
	at com.kms.katalon.core.main.TestCaseExecutor.doExecute(TestCaseExecutor.java:328)
	at com.kms.katalon.core.main.TestCaseExecutor.processExecutionPhase(TestCaseExecutor.java:307)
	at com.kms.katalon.core.main.TestCaseExecutor.accessMainPhase(TestCaseExecutor.java:299)
	at com.kms.katalon.core.main.TestCaseExecutor.execute(TestCaseExecutor.java:233)
	at com.kms.katalon.core.main.TestCaseMain.runTestCase(TestCaseMain.java:114)
	at com.kms.katalon.core.keyword.builtin.CallTestCaseKeyword$_callTestCase_closure1.doCall(CallTestCaseKeyword.groovy:59)
	at com.kms.katalon.core.keyword.builtin.CallTestCaseKeyword$_callTestCase_closure1.call(CallTestCaseKeyword.groovy)
	at com.kms.katalon.core.keyword.internal.KeywordMain.runKeyword(KeywordMain.groovy:68)
	at com.kms.katalon.core.keyword.builtin.CallTestCaseKeyword.callTestCase(CallTestCaseKeyword.groovy:81)
	at com.kms.katalon.core.keyword.builtin.CallTestCaseKeyword.execute(CallTestCaseKeyword.groovy:44)
	at com.kms.katalon.core.keyword.internal.KeywordExecutor.executeKeywordForPlatform(KeywordExecutor.groovy:72)
	at com.kms.katalon.core.keyword.BuiltinKeywords.callTestCase(BuiltinKeywords.groovy:334)
	at TC_Aprobar_Ventas.run(TC_Aprobar_Ventas:33)
	at com.kms.katalon.core.main.ScriptEngine.run(ScriptEngine.java:194)
	at com.kms.katalon.core.main.ScriptEngine.runScriptAsRawText(ScriptEngine.java:119)
	at com.kms.katalon.core.main.TestCaseExecutor.runScript(TestCaseExecutor.java:337)
	at com.kms.katalon.core.main.TestCaseExecutor.doExecute(TestCaseExecutor.java:328)
	at com.kms.katalon.core.main.TestCaseExecutor.processExecutionPhase(TestCaseExecutor.java:307)
	at com.kms.katalon.core.main.TestCaseExecutor.accessMainPhase(TestCaseExecutor.java:299)
	at com.kms.katalon.core.main.TestCaseExecutor.execute(TestCaseExecutor.java:233)
	at com.kms.katalon.core.main.TestSuiteExecutor.accessTestCaseMainPhase(TestSuiteExecutor.java:169)
	at com.kms.katalon.core.main.TestSuiteExecutor.accessTestSuiteMainPhase(TestSuiteExecutor.java:142)
	at com.kms.katalon.core.main.TestSuiteExecutor.execute(TestSuiteExecutor.java:91)
	at com.kms.katalon.core.main.TestCaseMain.startTestSuite(TestCaseMain.java:157)
	at com.kms.katalon.core.main.TestCaseMain$startTestSuite$0.call(Unknown Source)
	at TempTestSuite1583770503367.run(TempTestSuite1583770503367.groovy:36)
Caused by: com.kms.katalon.core.webui.exception.WebElementNotFoundException: Web element with id: 'Object Repository/Page_- KAIZEN/av_btn_ventas' located by 'By.xpath: //ul[@id='side-menu']/li[4]/a' not found
	at com.kms.katalon.core.webui.common.WebUiCommonHelper.findWebElement(WebUiCommonHelper.java:1154)
	at com.kms.katalon.core.webui.keyword.internal.WebUIAbstractKeyword.findWebElement(WebUIAbstractKeyword.groovy:27)
	at com.kms.katalon.core.webui.keyword.internal.WebUIAbstractKeyword.findWebElement(WebUIAbstractKeyword.groovy:26)
	at com.kms.katalon.core.webui.keyword.builtin.ClickKeyword$_click_closure1.doCall(ClickKeyword.groovy:67)
	at com.kms.katalon.core.webui.keyword.builtin.ClickKeyword$_click_closure1.call(ClickKeyword.groovy)
	at com.kms.katalon.core.webui.keyword.internal.WebUIKeywordMain.runKeyword(WebUIKeywordMain.groovy:20)
	at com.kms.katalon.core.webui.keyword.builtin.ClickKeyword.click(ClickKeyword.groovy:102)
	at com.kms.katalon.core.webui.keyword.builtin.ClickKeyword.execute(ClickKeyword.groovy:43)
	at com.kms.katalon.core.keyword.internal.KeywordExecutor.executeKeywordForPlatform(KeywordExecutor.groovy:72)
	at com.kms.katalon.core.webui.keyword.WebUiBuiltInKeywords.click(WebUiBuiltInKeywords.groovy:616)
	at com.kms.katalon.core.webui.keyword.WebUiBuiltInKeywords$click$3.call(Unknown Source)
	at Script1582302053508.run(Script1582302053508.groovy:30)
	at com.kms.katalon.core.main.ScriptEngine.run(ScriptEngine.java:194)
	at com.kms.katalon.core.main.ScriptEngine.runScriptAsRawText(ScriptEngine.java:119)
	at com.kms.katalon.core.main.TestCaseExecutor.runScript(TestCaseExecutor.java:337)
	at com.kms.katalon.core.main.TestCaseExecutor.doExecute(TestCaseExecutor.java:328)
	at com.kms.katalon.core.main.TestCaseExecutor.processExecutionPhase(TestCaseExecutor.java:307)
	at com.kms.katalon.core.main.TestCaseExecutor.accessMainPhase(TestCaseExecutor.java:299)
	at com.kms.katalon.core.main.TestCaseExecutor.execute(TestCaseExecutor.java:233)
	at com.kms.katalon.core.main.TestCaseMain.runTestCase(TestCaseMain.java:114)
	at com.kms.katalon.core.keyword.builtin.CallTestCaseKeyword$_callTestCase_closure1.doCall(CallTestCaseKeyword.groovy:59)
	at com.kms.katalon.core.keyword.builtin.CallTestCaseKeyword$_callTestCase_closure1.call(CallTestCaseKeyword.groovy)
	at com.kms.katalon.core.keyword.internal.KeywordMain.runKeyword(KeywordMain.groovy:68)
	at com.kms.katalon.core.keyword.builtin.CallTestCaseKeyword.callTestCase(CallTestCaseKeyword.groovy:81)
	at com.kms.katalon.core.keyword.builtin.CallTestCaseKeyword.execute(CallTestCaseKeyword.groovy:44)
	at com.kms.katalon.core.keyword.internal.KeywordExecutor.executeKeywordForPlatform(KeywordExecutor.groovy:72)
	at com.kms.katalon.core.keyword.BuiltinKeywords.callTestCase(BuiltinKeywords.groovy:334)
	at Script1581961232038.run(Script1581961232038.groovy:33)
	... 13 more
)

2020-03-09 12:26:16 - [MESSAGE][INFO] - Unable to find the element located by 'By.xpath: //ul[@id='side-menu']/li[4]/a'. Please recheck the objects properties to make sure the desired element is located. 

2020-03-09 12:26:17 - [MESSAGE][FAILED] - Unable to click on object 'Object Repository/Page_- KAIZEN/av_btn_ventas' (Root cause: com.kms.katalon.core.exception.StepFailedException: Unable to click on object 'Object Repository/Page_- KAIZEN/av_btn_ventas'
	at com.kms.katalon.core.webui.keyword.internal.WebUIKeywordMain.stepFailed(WebUIKeywordMain.groovy:64)
	at com.kms.katalon.core.webui.keyword.internal.WebUIKeywordMain.runKeyword(WebUIKeywordMain.groovy:26)
	at com.kms.katalon.core.webui.keyword.builtin.ClickKeyword.click(ClickKeyword.groovy:102)
	at com.kms.katalon.core.webui.keyword.builtin.ClickKeyword.execute(ClickKeyword.groovy:43)
	at com.kms.katalon.core.keyword.internal.KeywordExecutor.executeKeywordForPlatform(KeywordExecutor.groovy:72)
	at com.kms.katalon.core.webui.keyword.WebUiBuiltInKeywords.click(WebUiBuiltInKeywords.groovy:616)
	at com.kms.katalon.core.webui.keyword.WebUiBuiltInKeywords$click$3.call(Unknown Source)
	at Aprobacion_Ventas.run(Aprobacion_Ventas:30)
	at com.kms.katalon.core.main.ScriptEngine.run(ScriptEngine.java:194)
	at com.kms.katalon.core.main.ScriptEngine.runScriptAsRawText(ScriptEngine.java:119)
	at com.kms.katalon.core.main.TestCaseExecutor.runScript(TestCaseExecutor.java:337)
	at com.kms.katalon.core.main.TestCaseExecutor.doExecute(TestCaseExecutor.java:328)
	at com.kms.katalon.core.main.TestCaseExecutor.processExecutionPhase(TestCaseExecutor.java:307)
	at com.kms.katalon.core.main.TestCaseExecutor.accessMainPhase(TestCaseExecutor.java:299)
	at com.kms.katalon.core.main.TestCaseExecutor.execute(TestCaseExecutor.java:233)
	at com.kms.katalon.core.main.TestCaseMain.runTestCase(TestCaseMain.java:114)
	at com.kms.katalon.core.keyword.builtin.CallTestCaseKeyword$_callTestCase_closure1.doCall(CallTestCaseKeyword.groovy:59)
	at com.kms.katalon.core.keyword.builtin.CallTestCaseKeyword$_callTestCase_closure1.call(CallTestCaseKeyword.groovy)
	at com.kms.katalon.core.keyword.internal.KeywordMain.runKeyword(KeywordMain.groovy:68)
	at com.kms.katalon.core.keyword.builtin.CallTestCaseKeyword.callTestCase(CallTestCaseKeyword.groovy:81)
	at com.kms.katalon.core.keyword.builtin.CallTestCaseKeyword.execute(CallTestCaseKeyword.groovy:44)
	at com.kms.katalon.core.keyword.internal.KeywordExecutor.executeKeywordForPlatform(KeywordExecutor.groovy:72)
	at com.kms.katalon.core.keyword.BuiltinKeywords.callTestCase(BuiltinKeywords.groovy:334)
	at TC_Aprobar_Ventas.run(TC_Aprobar_Ventas:33)
	at com.kms.katalon.core.main.ScriptEngine.run(ScriptEngine.java:194)
	at com.kms.katalon.core.main.ScriptEngine.runScriptAsRawText(ScriptEngine.java:119)
	at com.kms.katalon.core.main.TestCaseExecutor.runScript(TestCaseExecutor.java:337)
	at com.kms.katalon.core.main.TestCaseExecutor.doExecute(TestCaseExecutor.java:328)
	at com.kms.katalon.core.main.TestCaseExecutor.processExecutionPhase(TestCaseExecutor.java:307)
	at com.kms.katalon.core.main.TestCaseExecutor.accessMainPhase(TestCaseExecutor.java:299)
	at com.kms.katalon.core.main.TestCaseExecutor.execute(TestCaseExecutor.java:233)
	at com.kms.katalon.core.main.TestSuiteExecutor.accessTestCaseMainPhase(TestSuiteExecutor.java:169)
	at com.kms.katalon.core.main.TestSuiteExecutor.accessTestSuiteMainPhase(TestSuiteExecutor.java:142)
	at com.kms.katalon.core.main.TestSuiteExecutor.execute(TestSuiteExecutor.java:91)
	at com.kms.katalon.core.main.TestCaseMain.startTestSuite(TestCaseMain.java:157)
	at com.kms.katalon.core.main.TestCaseMain$startTestSuite$0.call(Unknown Source)
	at TempTestSuite1583770503367.run(TempTestSuite1583770503367.groovy:36)
Caused by: com.kms.katalon.core.webui.exception.WebElementNotFoundException: Web element with id: 'Object Repository/Page_- KAIZEN/av_btn_ventas' located by 'By.xpath: //ul[@id='side-menu']/li[4]/a' not found
	at com.kms.katalon.core.webui.common.WebUiCommonHelper.findWebElement(WebUiCommonHelper.java:1154)
	at com.kms.katalon.core.webui.keyword.internal.WebUIAbstractKeyword.findWebElement(WebUIAbstractKeyword.groovy:27)
	at com.kms.katalon.core.webui.keyword.internal.WebUIAbstractKeyword.findWebElement(WebUIAbstractKeyword.groovy:26)
	at com.kms.katalon.core.webui.keyword.builtin.ClickKeyword$_click_closure1.doCall(ClickKeyword.groovy:67)
	at com.kms.katalon.core.webui.keyword.builtin.ClickKeyword$_click_closure1.call(ClickKeyword.groovy)
	at com.kms.katalon.core.webui.keyword.internal.WebUIKeywordMain.runKeyword(WebUIKeywordMain.groovy:20)
	at com.kms.katalon.core.webui.keyword.builtin.ClickKeyword.click(ClickKeyword.groovy:102)
	at com.kms.katalon.core.webui.keyword.builtin.ClickKeyword.execute(ClickKeyword.groovy:43)
	at com.kms.katalon.core.keyword.internal.KeywordExecutor.executeKeywordForPlatform(KeywordExecutor.groovy:72)
	at com.kms.katalon.core.webui.keyword.WebUiBuiltInKeywords.click(WebUiBuiltInKeywords.groovy:616)
	at com.kms.katalon.core.webui.keyword.WebUiBuiltInKeywords$click$3.call(Unknown Source)
	at Script1582302053508.run(Script1582302053508.groovy:30)
	at com.kms.katalon.core.main.ScriptEngine.run(ScriptEngine.java:194)
	at com.kms.katalon.core.main.ScriptEngine.runScriptAsRawText(ScriptEngine.java:119)
	at com.kms.katalon.core.main.TestCaseExecutor.runScript(TestCaseExecutor.java:337)
	at com.kms.katalon.core.main.TestCaseExecutor.doExecute(TestCaseExecutor.java:328)
	at com.kms.katalon.core.main.TestCaseExecutor.processExecutionPhase(TestCaseExecutor.java:307)
	at com.kms.katalon.core.main.TestCaseExecutor.accessMainPhase(TestCaseExecutor.java:299)
	at com.kms.katalon.core.main.TestCaseExecutor.execute(TestCaseExecutor.java:233)
	at com.kms.katalon.core.main.TestCaseMain.runTestCase(TestCaseMain.java:114)
	at com.kms.katalon.core.keyword.builtin.CallTestCaseKeyword$_callTestCase_closure1.doCall(CallTestCaseKeyword.groovy:59)
	at com.kms.katalon.core.keyword.builtin.CallTestCaseKeyword$_callTestCase_closure1.call(CallTestCaseKeyword.groovy)
	at com.kms.katalon.core.keyword.internal.KeywordMain.runKeyword(KeywordMain.groovy:68)
	at com.kms.katalon.core.keyword.builtin.CallTestCaseKeyword.callTestCase(CallTestCaseKeyword.groovy:81)
	at com.kms.katalon.core.keyword.builtin.CallTestCaseKeyword.execute(CallTestCaseKeyword.groovy:44)
	at com.kms.katalon.core.keyword.internal.KeywordExecutor.executeKeywordForPlatform(KeywordExecutor.groovy:72)
	at com.kms.katalon.core.keyword.BuiltinKeywords.callTestCase(BuiltinKeywords.groovy:334)
	at Script1581961232038.run(Script1581961232038.groovy:33)
	... 13 more
)
[[ATTACHMENT|C:\\Users\\kaizen\\git\\AutomatizacionKatalon\\Reports\\20200309_121503\\Funcionalidades_Pedidos\\Flujo Completo 40 pies\\20200309_121503\\1583771176644.png]]

2020-03-09 12:26:17 - [MESSAGE][FAILED] - Unable to call Test Case 'Test Cases/Individual_Tests/Aprobacion_Ventas' (Root cause: com.kms.katalon.core.exception.StepFailedException: Call Test Case 'Test Cases/Individual_Tests/Aprobacion_Ventas' failed
	at com.kms.katalon.core.keyword.builtin.CallTestCaseKeyword$_callTestCase_closure1.doCall(CallTestCaseKeyword.groovy:63)
	at com.kms.katalon.core.keyword.builtin.CallTestCaseKeyword$_callTestCase_closure1.call(CallTestCaseKeyword.groovy)
	at com.kms.katalon.core.keyword.internal.KeywordMain.runKeyword(KeywordMain.groovy:68)
	at com.kms.katalon.core.keyword.builtin.CallTestCaseKeyword.callTestCase(CallTestCaseKeyword.groovy:81)
	at com.kms.katalon.core.keyword.builtin.CallTestCaseKeyword.execute(CallTestCaseKeyword.groovy:44)
	at com.kms.katalon.core.keyword.internal.KeywordExecutor.executeKeywordForPlatform(KeywordExecutor.groovy:72)
	at com.kms.katalon.core.keyword.BuiltinKeywords.callTestCase(BuiltinKeywords.groovy:334)
	at TC_Aprobar_Ventas.run(TC_Aprobar_Ventas:33)
	at com.kms.katalon.core.main.ScriptEngine.run(ScriptEngine.java:194)
	at com.kms.katalon.core.main.ScriptEngine.runScriptAsRawText(ScriptEngine.java:119)
	at com.kms.katalon.core.main.TestCaseExecutor.runScript(TestCaseExecutor.java:337)
	at com.kms.katalon.core.main.TestCaseExecutor.doExecute(TestCaseExecutor.java:328)
	at com.kms.katalon.core.main.TestCaseExecutor.processExecutionPhase(TestCaseExecutor.java:307)
	at com.kms.katalon.core.main.TestCaseExecutor.accessMainPhase(TestCaseExecutor.java:299)
	at com.kms.katalon.core.main.TestCaseExecutor.execute(TestCaseExecutor.java:233)
	at com.kms.katalon.core.main.TestSuiteExecutor.accessTestCaseMainPhase(TestSuiteExecutor.java:169)
	at com.kms.katalon.core.main.TestSuiteExecutor.accessTestSuiteMainPhase(TestSuiteExecutor.java:142)
	at com.kms.katalon.core.main.TestSuiteExecutor.execute(TestSuiteExecutor.java:91)
	at com.kms.katalon.core.main.TestCaseMain.startTestSuite(TestCaseMain.java:157)
	at com.kms.katalon.core.main.TestCaseMain$startTestSuite$0.call(Unknown Source)
	at TempTestSuite1583770503367.run(TempTestSuite1583770503367.groovy:36)
Caused by: com.kms.katalon.core.exception.StepFailedException: Unable to click on object 'Object Repository/Page_- KAIZEN/av_btn_ventas'
	at com.kms.katalon.core.webui.keyword.internal.WebUIKeywordMain.stepFailed(WebUIKeywordMain.groovy:64)
	at com.kms.katalon.core.webui.keyword.internal.WebUIKeywordMain.runKeyword(WebUIKeywordMain.groovy:26)
	at com.kms.katalon.core.webui.keyword.builtin.ClickKeyword.click(ClickKeyword.groovy:102)
	at com.kms.katalon.core.webui.keyword.builtin.ClickKeyword.execute(ClickKeyword.groovy:43)
	at com.kms.katalon.core.keyword.internal.KeywordExecutor.executeKeywordForPlatform(KeywordExecutor.groovy:72)
	at com.kms.katalon.core.webui.keyword.WebUiBuiltInKeywords.click(WebUiBuiltInKeywords.groovy:616)
	at com.kms.katalon.core.webui.keyword.WebUiBuiltInKeywords$click$3.call(Unknown Source)
	at Aprobacion_Ventas.run(Aprobacion_Ventas:30)
	at com.kms.katalon.core.main.ScriptEngine.run(ScriptEngine.java:194)
	at com.kms.katalon.core.main.ScriptEngine.runScriptAsRawText(ScriptEngine.java:119)
	at com.kms.katalon.core.main.TestCaseExecutor.runScript(TestCaseExecutor.java:337)
	at com.kms.katalon.core.main.TestCaseExecutor.doExecute(TestCaseExecutor.java:328)
	at com.kms.katalon.core.main.TestCaseExecutor.processExecutionPhase(TestCaseExecutor.java:307)
	at com.kms.katalon.core.main.TestCaseExecutor.accessMainPhase(TestCaseExecutor.java:299)
	at com.kms.katalon.core.main.TestCaseExecutor.execute(TestCaseExecutor.java:233)
	at com.kms.katalon.core.main.TestCaseMain.runTestCase(TestCaseMain.java:114)
	at com.kms.katalon.core.keyword.builtin.CallTestCaseKeyword$_callTestCase_closure1.doCall(CallTestCaseKeyword.groovy:59)
	... 20 more
Caused by: com.kms.katalon.core.webui.exception.WebElementNotFoundException: Web element with id: 'Object Repository/Page_- KAIZEN/av_btn_ventas' located by 'By.xpath: //ul[@id='side-menu']/li[4]/a' not found
	at com.kms.katalon.core.webui.common.WebUiCommonHelper.findWebElement(WebUiCommonHelper.java:1154)
	at com.kms.katalon.core.webui.keyword.internal.WebUIAbstractKeyword.findWebElement(WebUIAbstractKeyword.groovy:27)
	at com.kms.katalon.core.webui.keyword.internal.WebUIAbstractKeyword.findWebElement(WebUIAbstractKeyword.groovy:26)
	at com.kms.katalon.core.webui.keyword.builtin.ClickKeyword$_click_closure1.doCall(ClickKeyword.groovy:67)
	at com.kms.katalon.core.webui.keyword.builtin.ClickKeyword$_click_closure1.call(ClickKeyword.groovy)
	at com.kms.katalon.core.webui.keyword.internal.WebUIKeywordMain.runKeyword(WebUIKeywordMain.groovy:20)
	... 35 more
)]]></system-out>
         <system-err><![CDATA[2020-03-09 12:21:37 - [TEST_CASE][FAILED] - Test Cases/Secuencias de Ejecucion/TC_Aprobar_Ventas: Test Cases/Secuencias de Ejecucion/TC_Aprobar_Ventas FAILED.
Reason:
com.kms.katalon.core.exception.StepFailedException: Call Test Case 'Test Cases/Individual_Tests/Aprobacion_Ventas' failed
	at com.kms.katalon.core.keyword.builtin.CallTestCaseKeyword$_callTestCase_closure1.doCall(CallTestCaseKeyword.groovy:63)
	at com.kms.katalon.core.keyword.builtin.CallTestCaseKeyword$_callTestCase_closure1.call(CallTestCaseKeyword.groovy)
	at com.kms.katalon.core.keyword.internal.KeywordMain.runKeyword(KeywordMain.groovy:68)
	at com.kms.katalon.core.keyword.builtin.CallTestCaseKeyword.callTestCase(CallTestCaseKeyword.groovy:81)
	at com.kms.katalon.core.keyword.builtin.CallTestCaseKeyword.execute(CallTestCaseKeyword.groovy:44)
	at com.kms.katalon.core.keyword.internal.KeywordExecutor.executeKeywordForPlatform(KeywordExecutor.groovy:72)
	at com.kms.katalon.core.keyword.BuiltinKeywords.callTestCase(BuiltinKeywords.groovy:334)
	at TC_Aprobar_Ventas.run(TC_Aprobar_Ventas:33)
	at com.kms.katalon.core.main.ScriptEngine.run(ScriptEngine.java:194)
	at com.kms.katalon.core.main.ScriptEngine.runScriptAsRawText(ScriptEngine.java:119)
	at com.kms.katalon.core.main.TestCaseExecutor.runScript(TestCaseExecutor.java:337)
	at com.kms.katalon.core.main.TestCaseExecutor.doExecute(TestCaseExecutor.java:328)
	at com.kms.katalon.core.main.TestCaseExecutor.processExecutionPhase(TestCaseExecutor.java:307)
	at com.kms.katalon.core.main.TestCaseExecutor.accessMainPhase(TestCaseExecutor.java:299)
	at com.kms.katalon.core.main.TestCaseExecutor.execute(TestCaseExecutor.java:233)
	at com.kms.katalon.core.main.TestSuiteExecutor.accessTestCaseMainPhase(TestSuiteExecutor.java:169)
	at com.kms.katalon.core.main.TestSuiteExecutor.accessTestSuiteMainPhase(TestSuiteExecutor.java:142)
	at com.kms.katalon.core.main.TestSuiteExecutor.execute(TestSuiteExecutor.java:91)
	at com.kms.katalon.core.main.TestCaseMain.startTestSuite(TestCaseMain.java:157)
	at com.kms.katalon.core.main.TestCaseMain$startTestSuite$0.call(Unknown Source)
	at TempTestSuite1583770503367.run(TempTestSuite1583770503367.groovy:36)
Caused by: com.kms.katalon.core.exception.StepFailedException: Unable to click on object 'Object Repository/Page_- KAIZEN/av_btn_ventas'
	at com.kms.katalon.core.webui.keyword.internal.WebUIKeywordMain.stepFailed(WebUIKeywordMain.groovy:64)
	at com.kms.katalon.core.webui.keyword.internal.WebUIKeywordMain.runKeyword(WebUIKeywordMain.groovy:26)
	at com.kms.katalon.core.webui.keyword.builtin.ClickKeyword.click(ClickKeyword.groovy:102)
	at com.kms.katalon.core.webui.keyword.builtin.ClickKeyword.execute(ClickKeyword.groovy:43)
	at com.kms.katalon.core.keyword.internal.KeywordExecutor.executeKeywordForPlatform(KeywordExecutor.groovy:72)
	at com.kms.katalon.core.webui.keyword.WebUiBuiltInKeywords.click(WebUiBuiltInKeywords.groovy:616)
	at com.kms.katalon.core.webui.keyword.WebUiBuiltInKeywords$click$3.call(Unknown Source)
	at Aprobacion_Ventas.run(Aprobacion_Ventas:30)
	at com.kms.katalon.core.main.ScriptEngine.run(ScriptEngine.java:194)
	at com.kms.katalon.core.main.ScriptEngine.runScriptAsRawText(ScriptEngine.java:119)
	at com.kms.katalon.core.main.TestCaseExecutor.runScript(TestCaseExecutor.java:337)
	at com.kms.katalon.core.main.TestCaseExecutor.doExecute(TestCaseExecutor.java:328)
	at com.kms.katalon.core.main.TestCaseExecutor.processExecutionPhase(TestCaseExecutor.java:307)
	at com.kms.katalon.core.main.TestCaseExecutor.accessMainPhase(TestCaseExecutor.java:299)
	at com.kms.katalon.core.main.TestCaseExecutor.execute(TestCaseExecutor.java:233)
	at com.kms.katalon.core.main.TestCaseMain.runTestCase(TestCaseMain.java:114)
	at com.kms.katalon.core.keyword.builtin.CallTestCaseKeyword$_callTestCase_closure1.doCall(CallTestCaseKeyword.groovy:59)
	... 20 more
Caused by: com.kms.katalon.core.webui.exception.WebElementNotFoundException: Web element with id: 'Object Repository/Page_- KAIZEN/av_btn_ventas' located by 'By.xpath: //ul[@id='side-menu']/li[4]/a' not found
	at com.kms.katalon.core.webui.common.WebUiCommonHelper.findWebElement(WebUiCommonHelper.java:1154)
	at com.kms.katalon.core.webui.keyword.internal.WebUIAbstractKeyword.findWebElement(WebUIAbstractKeyword.groovy:27)
	at com.kms.katalon.core.webui.keyword.internal.WebUIAbstractKeyword.findWebElement(WebUIAbstractKeyword.groovy:26)
	at com.kms.katalon.core.webui.keyword.builtin.ClickKeyword$_click_closure1.doCall(ClickKeyword.groovy:67)
	at com.kms.katalon.core.webui.keyword.builtin.ClickKeyword$_click_closure1.call(ClickKeyword.groovy)
	at com.kms.katalon.core.webui.keyword.internal.WebUIKeywordMain.runKeyword(WebUIKeywordMain.groovy:20)
	... 35 more]]></system-err>
      </testcase>
      <testcase name="Test Cases/Secuencias de Ejecucion/TC_Aprobar_Financiera" time="303.631" classname="Test Cases/Secuencias de Ejecucion/TC_Aprobar_Financiera" status="FAILED">
         <failure type="FAILED" message="Test Cases/Secuencias de Ejecucion/TC_Aprobar_Financiera FAILED.
Reason:
com.kms.katalon.core.exception.StepFailedException: Call Test Case 'Test Cases/Individual_Tests/Login' failed
	at com.kms.katalon.core.keyword.builtin.CallTestCaseKeyword$_callTestCase_closure1.doCall(CallTestCaseKeyword.groovy:63)
	at com.kms.katalon.core.keyword.builtin.CallTestCaseKeyword$_callTestCase_closure1.call(CallTestCaseKeyword.groovy)
	at com.kms.katalon.core.keyword.internal.KeywordMain.runKeyword(KeywordMain.groovy:68)
	at com.kms.katalon.core.keyword.builtin.CallTestCaseKeyword.callTestCase(CallTestCaseKeyword.groovy:81)
	at com.kms.katalon.core.keyword.builtin.CallTestCaseKeyword.execute(CallTestCaseKeyword.groovy:44)
	at com.kms.katalon.core.keyword.internal.KeywordExecutor.executeKeywordForPlatform(KeywordExecutor.groovy:72)
	at com.kms.katalon.core.keyword.BuiltinKeywords.callTestCase(BuiltinKeywords.groovy:334)
	at TC_Aprobar_Financiera.run(TC_Aprobar_Financiera:27)
	at com.kms.katalon.core.main.ScriptEngine.run(ScriptEngine.java:194)
	at com.kms.katalon.core.main.ScriptEngine.runScriptAsRawText(ScriptEngine.java:119)
	at com.kms.katalon.core.main.TestCaseExecutor.runScript(TestCaseExecutor.java:337)
	at com.kms.katalon.core.main.TestCaseExecutor.doExecute(TestCaseExecutor.java:328)
	at com.kms.katalon.core.main.TestCaseExecutor.processExecutionPhase(TestCaseExecutor.java:307)
	at com.kms.katalon.core.main.TestCaseExecutor.accessMainPhase(TestCaseExecutor.java:299)
	at com.kms.katalon.core.main.TestCaseExecutor.execute(TestCaseExecutor.java:233)
	at com.kms.katalon.core.main.TestSuiteExecutor.accessTestCaseMainPhase(TestSuiteExecutor.java:169)
	at com.kms.katalon.core.main.TestSuiteExecutor.accessTestSuiteMainPhase(TestSuiteExecutor.java:142)
	at com.kms.katalon.core.main.TestSuiteExecutor.execute(TestSuiteExecutor.java:91)
	at com.kms.katalon.core.main.TestCaseMain.startTestSuite(TestCaseMain.java:157)
	at com.kms.katalon.core.main.TestCaseMain$startTestSuite$0.call(Unknown Source)
	at TempTestSuite1583770503367.run(TempTestSuite1583770503367.groovy:36)
Caused by: com.kms.katalon.core.exception.StepFailedException: Unable to open browser with url: 'http://test.kaizendev.net/Login/Accesar?salir=true'
	at com.kms.katalon.core.webui.keyword.internal.WebUIKeywordMain.stepFailed(WebUIKeywordMain.groovy:64)
	at com.kms.katalon.core.webui.keyword.internal.WebUIKeywordMain.runKeyword(WebUIKeywordMain.groovy:26)
	at com.kms.katalon.core.webui.keyword.builtin.OpenBrowserKeyword.openBrowser(OpenBrowserKeyword.groovy:81)
	at com.kms.katalon.core.webui.keyword.builtin.OpenBrowserKeyword.execute(OpenBrowserKeyword.groovy:67)
	at com.kms.katalon.core.keyword.internal.KeywordExecutor.executeKeywordForPlatform(KeywordExecutor.groovy:72)
	at com.kms.katalon.core.webui.keyword.WebUiBuiltInKeywords.openBrowser(WebUiBuiltInKeywords.groovy:60)
	at com.kms.katalon.core.webui.keyword.WebUiBuiltInKeywords$openBrowser.call(Unknown Source)
	at Login.run(Login:21)
	at com.kms.katalon.core.main.ScriptEngine.run(ScriptEngine.java:194)
	at com.kms.katalon.core.main.ScriptEngine.runScriptAsRawText(ScriptEngine.java:119)
	at com.kms.katalon.core.main.TestCaseExecutor.runScript(TestCaseExecutor.java:337)
	at com.kms.katalon.core.main.TestCaseExecutor.doExecute(TestCaseExecutor.java:328)
	at com.kms.katalon.core.main.TestCaseExecutor.processExecutionPhase(TestCaseExecutor.java:307)
	at com.kms.katalon.core.main.TestCaseExecutor.accessMainPhase(TestCaseExecutor.java:299)
	at com.kms.katalon.core.main.TestCaseExecutor.execute(TestCaseExecutor.java:233)
	at com.kms.katalon.core.main.TestCaseMain.runTestCase(TestCaseMain.java:114)
	at com.kms.katalon.core.keyword.builtin.CallTestCaseKeyword$_callTestCase_closure1.doCall(CallTestCaseKeyword.groovy:59)
	... 20 more
Caused by: org.openqa.selenium.TimeoutException: timeout
  (Session info: chrome=80.0.3987.132)
Build info: version: '3.141.59', revision: 'e82be7d358', time: '2018-11-14T08:25:53'
System info: host: 'LAPTOP-K43U1BVQ', ip: '192.168.99.1', os.name: 'Windows 10', os.arch: 'amd64', os.version: '10.0', java.version: '1.8.0_181'
Driver info: com.kms.katalon.selenium.driver.CChromeDriver
Capabilities {acceptInsecureCerts: false, browserName: chrome, browserVersion: 80.0.3987.132, chrome: {chromedriverVersion: 79.0.3945.36 (3582db32b3389..., userDataDir: C:\Users\kaizen\AppData\Loc...}, goog:chromeOptions: {debuggerAddress: localhost:54063}, javascriptEnabled: true, networkConnectionEnabled: false, pageLoadStrategy: normal, platform: WINDOWS, platformName: WINDOWS, proxy: Proxy(), setWindowRect: true, strictFileInteractability: false, timeouts: {implicit: 0, pageLoad: 300000, script: 30000}, unhandledPromptBehavior: dismiss and notify}
Session ID: 8c32a7e1e42a13f36f19a4e2b52b0dd2
	at org.openqa.selenium.remote.http.W3CHttpResponseCodec.createException(W3CHttpResponseCodec.java:187)
	at org.openqa.selenium.remote.http.W3CHttpResponseCodec.decode(W3CHttpResponseCodec.java:122)
	at org.openqa.selenium.remote.http.W3CHttpResponseCodec.decode(W3CHttpResponseCodec.java:49)
	at org.openqa.selenium.remote.HttpCommandExecutor.execute(HttpCommandExecutor.java:158)
	at org.openqa.selenium.remote.service.DriverCommandExecutor.execute(DriverCommandExecutor.java:83)
	at org.openqa.selenium.remote.RemoteWebDriver.execute(RemoteWebDriver.java:552)
	at com.kms.katalon.selenium.driver.CChromeDriver.execute(CChromeDriver.java:19)
	at org.openqa.selenium.remote.RemoteWebDriver.get(RemoteWebDriver.java:277)
	at org.openqa.selenium.support.events.EventFiringWebDriver.lambda$new$1(EventFiringWebDriver.java:105)
	at com.sun.proxy.$Proxy8.get(Unknown Source)
	at org.openqa.selenium.support.events.EventFiringWebDriver.get(EventFiringWebDriver.java:165)
	at com.kms.katalon.core.webui.keyword.builtin.OpenBrowserKeyword$_openBrowser_closure1.doCall(OpenBrowserKeyword.groovy:78)
	at com.kms.katalon.core.webui.keyword.builtin.OpenBrowserKeyword$_openBrowser_closure1.call(OpenBrowserKeyword.groovy)
	at com.kms.katalon.core.webui.keyword.internal.WebUIKeywordMain.runKeyword(WebUIKeywordMain.groovy:20)
	... 35 more
"/>
         <system-out><![CDATA[2020-03-09 12:26:17 - [TEST_CASE][FAILED] - Test Cases/Secuencias de Ejecucion/TC_Aprobar_Financiera: Test Cases/Secuencias de Ejecucion/TC_Aprobar_Financiera FAILED.
Reason:
com.kms.katalon.core.exception.StepFailedException: Call Test Case 'Test Cases/Individual_Tests/Login' failed
	at com.kms.katalon.core.keyword.builtin.CallTestCaseKeyword$_callTestCase_closure1.doCall(CallTestCaseKeyword.groovy:63)
	at com.kms.katalon.core.keyword.builtin.CallTestCaseKeyword$_callTestCase_closure1.call(CallTestCaseKeyword.groovy)
	at com.kms.katalon.core.keyword.internal.KeywordMain.runKeyword(KeywordMain.groovy:68)
	at com.kms.katalon.core.keyword.builtin.CallTestCaseKeyword.callTestCase(CallTestCaseKeyword.groovy:81)
	at com.kms.katalon.core.keyword.builtin.CallTestCaseKeyword.execute(CallTestCaseKeyword.groovy:44)
	at com.kms.katalon.core.keyword.internal.KeywordExecutor.executeKeywordForPlatform(KeywordExecutor.groovy:72)
	at com.kms.katalon.core.keyword.BuiltinKeywords.callTestCase(BuiltinKeywords.groovy:334)
	at TC_Aprobar_Financiera.run(TC_Aprobar_Financiera:27)
	at com.kms.katalon.core.main.ScriptEngine.run(ScriptEngine.java:194)
	at com.kms.katalon.core.main.ScriptEngine.runScriptAsRawText(ScriptEngine.java:119)
	at com.kms.katalon.core.main.TestCaseExecutor.runScript(TestCaseExecutor.java:337)
	at com.kms.katalon.core.main.TestCaseExecutor.doExecute(TestCaseExecutor.java:328)
	at com.kms.katalon.core.main.TestCaseExecutor.processExecutionPhase(TestCaseExecutor.java:307)
	at com.kms.katalon.core.main.TestCaseExecutor.accessMainPhase(TestCaseExecutor.java:299)
	at com.kms.katalon.core.main.TestCaseExecutor.execute(TestCaseExecutor.java:233)
	at com.kms.katalon.core.main.TestSuiteExecutor.accessTestCaseMainPhase(TestSuiteExecutor.java:169)
	at com.kms.katalon.core.main.TestSuiteExecutor.accessTestSuiteMainPhase(TestSuiteExecutor.java:142)
	at com.kms.katalon.core.main.TestSuiteExecutor.execute(TestSuiteExecutor.java:91)
	at com.kms.katalon.core.main.TestCaseMain.startTestSuite(TestCaseMain.java:157)
	at com.kms.katalon.core.main.TestCaseMain$startTestSuite$0.call(Unknown Source)
	at TempTestSuite1583770503367.run(TempTestSuite1583770503367.groovy:36)
Caused by: com.kms.katalon.core.exception.StepFailedException: Unable to open browser with url: 'http://test.kaizendev.net/Login/Accesar?salir=true'
	at com.kms.katalon.core.webui.keyword.internal.WebUIKeywordMain.stepFailed(WebUIKeywordMain.groovy:64)
	at com.kms.katalon.core.webui.keyword.internal.WebUIKeywordMain.runKeyword(WebUIKeywordMain.groovy:26)
	at com.kms.katalon.core.webui.keyword.builtin.OpenBrowserKeyword.openBrowser(OpenBrowserKeyword.groovy:81)
	at com.kms.katalon.core.webui.keyword.builtin.OpenBrowserKeyword.execute(OpenBrowserKeyword.groovy:67)
	at com.kms.katalon.core.keyword.internal.KeywordExecutor.executeKeywordForPlatform(KeywordExecutor.groovy:72)
	at com.kms.katalon.core.webui.keyword.WebUiBuiltInKeywords.openBrowser(WebUiBuiltInKeywords.groovy:60)
	at com.kms.katalon.core.webui.keyword.WebUiBuiltInKeywords$openBrowser.call(Unknown Source)
	at Login.run(Login:21)
	at com.kms.katalon.core.main.ScriptEngine.run(ScriptEngine.java:194)
	at com.kms.katalon.core.main.ScriptEngine.runScriptAsRawText(ScriptEngine.java:119)
	at com.kms.katalon.core.main.TestCaseExecutor.runScript(TestCaseExecutor.java:337)
	at com.kms.katalon.core.main.TestCaseExecutor.doExecute(TestCaseExecutor.java:328)
	at com.kms.katalon.core.main.TestCaseExecutor.processExecutionPhase(TestCaseExecutor.java:307)
	at com.kms.katalon.core.main.TestCaseExecutor.accessMainPhase(TestCaseExecutor.java:299)
	at com.kms.katalon.core.main.TestCaseExecutor.execute(TestCaseExecutor.java:233)
	at com.kms.katalon.core.main.TestCaseMain.runTestCase(TestCaseMain.java:114)
	at com.kms.katalon.core.keyword.builtin.CallTestCaseKeyword$_callTestCase_closure1.doCall(CallTestCaseKeyword.groovy:59)
	... 20 more
Caused by: org.openqa.selenium.TimeoutException: timeout
  (Session info: chrome=80.0.3987.132)
Build info: version: '3.141.59', revision: 'e82be7d358', time: '2018-11-14T08:25:53'
System info: host: 'LAPTOP-K43U1BVQ', ip: '192.168.99.1', os.name: 'Windows 10', os.arch: 'amd64', os.version: '10.0', java.version: '1.8.0_181'
Driver info: com.kms.katalon.selenium.driver.CChromeDriver
Capabilities {acceptInsecureCerts: false, browserName: chrome, browserVersion: 80.0.3987.132, chrome: {chromedriverVersion: 79.0.3945.36 (3582db32b3389..., userDataDir: C:\Users\kaizen\AppData\Loc...}, goog:chromeOptions: {debuggerAddress: localhost:54063}, javascriptEnabled: true, networkConnectionEnabled: false, pageLoadStrategy: normal, platform: WINDOWS, platformName: WINDOWS, proxy: Proxy(), setWindowRect: true, strictFileInteractability: false, timeouts: {implicit: 0, pageLoad: 300000, script: 30000}, unhandledPromptBehavior: dismiss and notify}
Session ID: 8c32a7e1e42a13f36f19a4e2b52b0dd2
	at org.openqa.selenium.remote.http.W3CHttpResponseCodec.createException(W3CHttpResponseCodec.java:187)
	at org.openqa.selenium.remote.http.W3CHttpResponseCodec.decode(W3CHttpResponseCodec.java:122)
	at org.openqa.selenium.remote.http.W3CHttpResponseCodec.decode(W3CHttpResponseCodec.java:49)
	at org.openqa.selenium.remote.HttpCommandExecutor.execute(HttpCommandExecutor.java:158)
	at org.openqa.selenium.remote.service.DriverCommandExecutor.execute(DriverCommandExecutor.java:83)
	at org.openqa.selenium.remote.RemoteWebDriver.execute(RemoteWebDriver.java:552)
	at com.kms.katalon.selenium.driver.CChromeDriver.execute(CChromeDriver.java:19)
	at org.openqa.selenium.remote.RemoteWebDriver.get(RemoteWebDriver.java:277)
	at org.openqa.selenium.support.events.EventFiringWebDriver.lambda$new$1(EventFiringWebDriver.java:105)
	at com.sun.proxy.$Proxy8.get(Unknown Source)
	at org.openqa.selenium.support.events.EventFiringWebDriver.get(EventFiringWebDriver.java:165)
	at com.kms.katalon.core.webui.keyword.builtin.OpenBrowserKeyword$_openBrowser_closure1.doCall(OpenBrowserKeyword.groovy:78)
	at com.kms.katalon.core.webui.keyword.builtin.OpenBrowserKeyword$_openBrowser_closure1.call(OpenBrowserKeyword.groovy)
	at com.kms.katalon.core.webui.keyword.internal.WebUIKeywordMain.runKeyword(WebUIKeywordMain.groovy:20)
	... 35 more


2020-03-09 12:26:17 - [TEST_STEP][PASSED] - archivo = $RunConfiguration.getProjectDir()/Pedidos/DataExcel/AprobacionesPedidos_20pies.xlsx: null

2020-03-09 12:26:17 - [TEST_STEP][PASSED] - excelData = getExcelDataWithDefaultSheet(archivo, "Sheet1", true): null

2020-03-09 12:26:17 - [TEST_STEP][FAILED] - for ([Index = 1, Index <= excelData.getRowNumbers(), (Index++)]): Unable to call Test Case 'Test Cases/Individual_Tests/Login' (Root cause: com.kms.katalon.core.exception.StepFailedException: Call Test Case 'Test Cases/Individual_Tests/Login' failed
	at com.kms.katalon.core.keyword.builtin.CallTestCaseKeyword$_callTestCase_closure1.doCall(CallTestCaseKeyword.groovy:63)
	at com.kms.katalon.core.keyword.builtin.CallTestCaseKeyword$_callTestCase_closure1.call(CallTestCaseKeyword.groovy)
	at com.kms.katalon.core.keyword.internal.KeywordMain.runKeyword(KeywordMain.groovy:68)
	at com.kms.katalon.core.keyword.builtin.CallTestCaseKeyword.callTestCase(CallTestCaseKeyword.groovy:81)
	at com.kms.katalon.core.keyword.builtin.CallTestCaseKeyword.execute(CallTestCaseKeyword.groovy:44)
	at com.kms.katalon.core.keyword.internal.KeywordExecutor.executeKeywordForPlatform(KeywordExecutor.groovy:72)
	at com.kms.katalon.core.keyword.BuiltinKeywords.callTestCase(BuiltinKeywords.groovy:334)
	at TC_Aprobar_Financiera.run(TC_Aprobar_Financiera:27)
	at com.kms.katalon.core.main.ScriptEngine.run(ScriptEngine.java:194)
	at com.kms.katalon.core.main.ScriptEngine.runScriptAsRawText(ScriptEngine.java:119)
	at com.kms.katalon.core.main.TestCaseExecutor.runScript(TestCaseExecutor.java:337)
	at com.kms.katalon.core.main.TestCaseExecutor.doExecute(TestCaseExecutor.java:328)
	at com.kms.katalon.core.main.TestCaseExecutor.processExecutionPhase(TestCaseExecutor.java:307)
	at com.kms.katalon.core.main.TestCaseExecutor.accessMainPhase(TestCaseExecutor.java:299)
	at com.kms.katalon.core.main.TestCaseExecutor.execute(TestCaseExecutor.java:233)
	at com.kms.katalon.core.main.TestSuiteExecutor.accessTestCaseMainPhase(TestSuiteExecutor.java:169)
	at com.kms.katalon.core.main.TestSuiteExecutor.accessTestSuiteMainPhase(TestSuiteExecutor.java:142)
	at com.kms.katalon.core.main.TestSuiteExecutor.execute(TestSuiteExecutor.java:91)
	at com.kms.katalon.core.main.TestCaseMain.startTestSuite(TestCaseMain.java:157)
	at com.kms.katalon.core.main.TestCaseMain$startTestSuite$0.call(Unknown Source)
	at TempTestSuite1583770503367.run(TempTestSuite1583770503367.groovy:36)
Caused by: com.kms.katalon.core.exception.StepFailedException: Unable to open browser with url: 'http://test.kaizendev.net/Login/Accesar?salir=true'
	at com.kms.katalon.core.webui.keyword.internal.WebUIKeywordMain.stepFailed(WebUIKeywordMain.groovy:64)
	at com.kms.katalon.core.webui.keyword.internal.WebUIKeywordMain.runKeyword(WebUIKeywordMain.groovy:26)
	at com.kms.katalon.core.webui.keyword.builtin.OpenBrowserKeyword.openBrowser(OpenBrowserKeyword.groovy:81)
	at com.kms.katalon.core.webui.keyword.builtin.OpenBrowserKeyword.execute(OpenBrowserKeyword.groovy:67)
	at com.kms.katalon.core.keyword.internal.KeywordExecutor.executeKeywordForPlatform(KeywordExecutor.groovy:72)
	at com.kms.katalon.core.webui.keyword.WebUiBuiltInKeywords.openBrowser(WebUiBuiltInKeywords.groovy:60)
	at com.kms.katalon.core.webui.keyword.WebUiBuiltInKeywords$openBrowser.call(Unknown Source)
	at Login.run(Login:21)
	at com.kms.katalon.core.main.ScriptEngine.run(ScriptEngine.java:194)
	at com.kms.katalon.core.main.ScriptEngine.runScriptAsRawText(ScriptEngine.java:119)
	at com.kms.katalon.core.main.TestCaseExecutor.runScript(TestCaseExecutor.java:337)
	at com.kms.katalon.core.main.TestCaseExecutor.doExecute(TestCaseExecutor.java:328)
	at com.kms.katalon.core.main.TestCaseExecutor.processExecutionPhase(TestCaseExecutor.java:307)
	at com.kms.katalon.core.main.TestCaseExecutor.accessMainPhase(TestCaseExecutor.java:299)
	at com.kms.katalon.core.main.TestCaseExecutor.execute(TestCaseExecutor.java:233)
	at com.kms.katalon.core.main.TestCaseMain.runTestCase(TestCaseMain.java:114)
	at com.kms.katalon.core.keyword.builtin.CallTestCaseKeyword$_callTestCase_closure1.doCall(CallTestCaseKeyword.groovy:59)
	... 20 more
Caused by: org.openqa.selenium.TimeoutException: timeout
  (Session info: chrome=80.0.3987.132)
Build info: version: '3.141.59', revision: 'e82be7d358', time: '2018-11-14T08:25:53'
System info: host: 'LAPTOP-K43U1BVQ', ip: '192.168.99.1', os.name: 'Windows 10', os.arch: 'amd64', os.version: '10.0', java.version: '1.8.0_181'
Driver info: com.kms.katalon.selenium.driver.CChromeDriver
Capabilities {acceptInsecureCerts: false, browserName: chrome, browserVersion: 80.0.3987.132, chrome: {chromedriverVersion: 79.0.3945.36 (3582db32b3389..., userDataDir: C:\Users\kaizen\AppData\Loc...}, goog:chromeOptions: {debuggerAddress: localhost:54063}, javascriptEnabled: true, networkConnectionEnabled: false, pageLoadStrategy: normal, platform: WINDOWS, platformName: WINDOWS, proxy: Proxy(), setWindowRect: true, strictFileInteractability: false, timeouts: {implicit: 0, pageLoad: 300000, script: 30000}, unhandledPromptBehavior: dismiss and notify}
Session ID: 8c32a7e1e42a13f36f19a4e2b52b0dd2
	at org.openqa.selenium.remote.http.W3CHttpResponseCodec.createException(W3CHttpResponseCodec.java:187)
	at org.openqa.selenium.remote.http.W3CHttpResponseCodec.decode(W3CHttpResponseCodec.java:122)
	at org.openqa.selenium.remote.http.W3CHttpResponseCodec.decode(W3CHttpResponseCodec.java:49)
	at org.openqa.selenium.remote.HttpCommandExecutor.execute(HttpCommandExecutor.java:158)
	at org.openqa.selenium.remote.service.DriverCommandExecutor.execute(DriverCommandExecutor.java:83)
	at org.openqa.selenium.remote.RemoteWebDriver.execute(RemoteWebDriver.java:552)
	at com.kms.katalon.selenium.driver.CChromeDriver.execute(CChromeDriver.java:19)
	at org.openqa.selenium.remote.RemoteWebDriver.get(RemoteWebDriver.java:277)
	at org.openqa.selenium.support.events.EventFiringWebDriver.lambda$new$1(EventFiringWebDriver.java:105)
	at com.sun.proxy.$Proxy8.get(Unknown Source)
	at org.openqa.selenium.support.events.EventFiringWebDriver.get(EventFiringWebDriver.java:165)
	at com.kms.katalon.core.webui.keyword.builtin.OpenBrowserKeyword$_openBrowser_closure1.doCall(OpenBrowserKeyword.groovy:78)
	at com.kms.katalon.core.webui.keyword.builtin.OpenBrowserKeyword$_openBrowser_closure1.call(OpenBrowserKeyword.groovy)
	at com.kms.katalon.core.webui.keyword.internal.WebUIKeywordMain.runKeyword(WebUIKeywordMain.groovy:20)
	... 35 more
)

2020-03-09 12:26:17 - [TEST_STEP][FAILED] - callTestCase(findTestCase("Individual_Tests/Login"), ["Evento":"Aprobar", "Index":Index], STOP_ON_FAILURE): Unable to call Test Case 'Test Cases/Individual_Tests/Login' (Root cause: com.kms.katalon.core.exception.StepFailedException: Call Test Case 'Test Cases/Individual_Tests/Login' failed
	at com.kms.katalon.core.keyword.builtin.CallTestCaseKeyword$_callTestCase_closure1.doCall(CallTestCaseKeyword.groovy:63)
	at com.kms.katalon.core.keyword.builtin.CallTestCaseKeyword$_callTestCase_closure1.call(CallTestCaseKeyword.groovy)
	at com.kms.katalon.core.keyword.internal.KeywordMain.runKeyword(KeywordMain.groovy:68)
	at com.kms.katalon.core.keyword.builtin.CallTestCaseKeyword.callTestCase(CallTestCaseKeyword.groovy:81)
	at com.kms.katalon.core.keyword.builtin.CallTestCaseKeyword.execute(CallTestCaseKeyword.groovy:44)
	at com.kms.katalon.core.keyword.internal.KeywordExecutor.executeKeywordForPlatform(KeywordExecutor.groovy:72)
	at com.kms.katalon.core.keyword.BuiltinKeywords.callTestCase(BuiltinKeywords.groovy:334)
	at TC_Aprobar_Financiera.run(TC_Aprobar_Financiera:27)
	at com.kms.katalon.core.main.ScriptEngine.run(ScriptEngine.java:194)
	at com.kms.katalon.core.main.ScriptEngine.runScriptAsRawText(ScriptEngine.java:119)
	at com.kms.katalon.core.main.TestCaseExecutor.runScript(TestCaseExecutor.java:337)
	at com.kms.katalon.core.main.TestCaseExecutor.doExecute(TestCaseExecutor.java:328)
	at com.kms.katalon.core.main.TestCaseExecutor.processExecutionPhase(TestCaseExecutor.java:307)
	at com.kms.katalon.core.main.TestCaseExecutor.accessMainPhase(TestCaseExecutor.java:299)
	at com.kms.katalon.core.main.TestCaseExecutor.execute(TestCaseExecutor.java:233)
	at com.kms.katalon.core.main.TestSuiteExecutor.accessTestCaseMainPhase(TestSuiteExecutor.java:169)
	at com.kms.katalon.core.main.TestSuiteExecutor.accessTestSuiteMainPhase(TestSuiteExecutor.java:142)
	at com.kms.katalon.core.main.TestSuiteExecutor.execute(TestSuiteExecutor.java:91)
	at com.kms.katalon.core.main.TestCaseMain.startTestSuite(TestCaseMain.java:157)
	at com.kms.katalon.core.main.TestCaseMain$startTestSuite$0.call(Unknown Source)
	at TempTestSuite1583770503367.run(TempTestSuite1583770503367.groovy:36)
Caused by: com.kms.katalon.core.exception.StepFailedException: Unable to open browser with url: 'http://test.kaizendev.net/Login/Accesar?salir=true'
	at com.kms.katalon.core.webui.keyword.internal.WebUIKeywordMain.stepFailed(WebUIKeywordMain.groovy:64)
	at com.kms.katalon.core.webui.keyword.internal.WebUIKeywordMain.runKeyword(WebUIKeywordMain.groovy:26)
	at com.kms.katalon.core.webui.keyword.builtin.OpenBrowserKeyword.openBrowser(OpenBrowserKeyword.groovy:81)
	at com.kms.katalon.core.webui.keyword.builtin.OpenBrowserKeyword.execute(OpenBrowserKeyword.groovy:67)
	at com.kms.katalon.core.keyword.internal.KeywordExecutor.executeKeywordForPlatform(KeywordExecutor.groovy:72)
	at com.kms.katalon.core.webui.keyword.WebUiBuiltInKeywords.openBrowser(WebUiBuiltInKeywords.groovy:60)
	at com.kms.katalon.core.webui.keyword.WebUiBuiltInKeywords$openBrowser.call(Unknown Source)
	at Login.run(Login:21)
	at com.kms.katalon.core.main.ScriptEngine.run(ScriptEngine.java:194)
	at com.kms.katalon.core.main.ScriptEngine.runScriptAsRawText(ScriptEngine.java:119)
	at com.kms.katalon.core.main.TestCaseExecutor.runScript(TestCaseExecutor.java:337)
	at com.kms.katalon.core.main.TestCaseExecutor.doExecute(TestCaseExecutor.java:328)
	at com.kms.katalon.core.main.TestCaseExecutor.processExecutionPhase(TestCaseExecutor.java:307)
	at com.kms.katalon.core.main.TestCaseExecutor.accessMainPhase(TestCaseExecutor.java:299)
	at com.kms.katalon.core.main.TestCaseExecutor.execute(TestCaseExecutor.java:233)
	at com.kms.katalon.core.main.TestCaseMain.runTestCase(TestCaseMain.java:114)
	at com.kms.katalon.core.keyword.builtin.CallTestCaseKeyword$_callTestCase_closure1.doCall(CallTestCaseKeyword.groovy:59)
	... 20 more
Caused by: org.openqa.selenium.TimeoutException: timeout
  (Session info: chrome=80.0.3987.132)
Build info: version: '3.141.59', revision: 'e82be7d358', time: '2018-11-14T08:25:53'
System info: host: 'LAPTOP-K43U1BVQ', ip: '192.168.99.1', os.name: 'Windows 10', os.arch: 'amd64', os.version: '10.0', java.version: '1.8.0_181'
Driver info: com.kms.katalon.selenium.driver.CChromeDriver
Capabilities {acceptInsecureCerts: false, browserName: chrome, browserVersion: 80.0.3987.132, chrome: {chromedriverVersion: 79.0.3945.36 (3582db32b3389..., userDataDir: C:\Users\kaizen\AppData\Loc...}, goog:chromeOptions: {debuggerAddress: localhost:54063}, javascriptEnabled: true, networkConnectionEnabled: false, pageLoadStrategy: normal, platform: WINDOWS, platformName: WINDOWS, proxy: Proxy(), setWindowRect: true, strictFileInteractability: false, timeouts: {implicit: 0, pageLoad: 300000, script: 30000}, unhandledPromptBehavior: dismiss and notify}
Session ID: 8c32a7e1e42a13f36f19a4e2b52b0dd2
	at org.openqa.selenium.remote.http.W3CHttpResponseCodec.createException(W3CHttpResponseCodec.java:187)
	at org.openqa.selenium.remote.http.W3CHttpResponseCodec.decode(W3CHttpResponseCodec.java:122)
	at org.openqa.selenium.remote.http.W3CHttpResponseCodec.decode(W3CHttpResponseCodec.java:49)
	at org.openqa.selenium.remote.HttpCommandExecutor.execute(HttpCommandExecutor.java:158)
	at org.openqa.selenium.remote.service.DriverCommandExecutor.execute(DriverCommandExecutor.java:83)
	at org.openqa.selenium.remote.RemoteWebDriver.execute(RemoteWebDriver.java:552)
	at com.kms.katalon.selenium.driver.CChromeDriver.execute(CChromeDriver.java:19)
	at org.openqa.selenium.remote.RemoteWebDriver.get(RemoteWebDriver.java:277)
	at org.openqa.selenium.support.events.EventFiringWebDriver.lambda$new$1(EventFiringWebDriver.java:105)
	at com.sun.proxy.$Proxy8.get(Unknown Source)
	at org.openqa.selenium.support.events.EventFiringWebDriver.get(EventFiringWebDriver.java:165)
	at com.kms.katalon.core.webui.keyword.builtin.OpenBrowserKeyword$_openBrowser_closure1.doCall(OpenBrowserKeyword.groovy:78)
	at com.kms.katalon.core.webui.keyword.builtin.OpenBrowserKeyword$_openBrowser_closure1.call(OpenBrowserKeyword.groovy)
	at com.kms.katalon.core.webui.keyword.internal.WebUIKeywordMain.runKeyword(WebUIKeywordMain.groovy:20)
	... 35 more
)

2020-03-09 12:26:17 - [TEST_CASE][FAILED] - Test Cases/Individual_Tests/Login: Test Cases/Individual_Tests/Login FAILED.
Reason:
com.kms.katalon.core.exception.StepFailedException: Unable to open browser with url: 'http://test.kaizendev.net/Login/Accesar?salir=true'
	at com.kms.katalon.core.webui.keyword.internal.WebUIKeywordMain.stepFailed(WebUIKeywordMain.groovy:64)
	at com.kms.katalon.core.webui.keyword.internal.WebUIKeywordMain.runKeyword(WebUIKeywordMain.groovy:26)
	at com.kms.katalon.core.webui.keyword.builtin.OpenBrowserKeyword.openBrowser(OpenBrowserKeyword.groovy:81)
	at com.kms.katalon.core.webui.keyword.builtin.OpenBrowserKeyword.execute(OpenBrowserKeyword.groovy:67)
	at com.kms.katalon.core.keyword.internal.KeywordExecutor.executeKeywordForPlatform(KeywordExecutor.groovy:72)
	at com.kms.katalon.core.webui.keyword.WebUiBuiltInKeywords.openBrowser(WebUiBuiltInKeywords.groovy:60)
	at com.kms.katalon.core.webui.keyword.WebUiBuiltInKeywords$openBrowser.call(Unknown Source)
	at Login.run(Login:21)
	at com.kms.katalon.core.main.ScriptEngine.run(ScriptEngine.java:194)
	at com.kms.katalon.core.main.ScriptEngine.runScriptAsRawText(ScriptEngine.java:119)
	at com.kms.katalon.core.main.TestCaseExecutor.runScript(TestCaseExecutor.java:337)
	at com.kms.katalon.core.main.TestCaseExecutor.doExecute(TestCaseExecutor.java:328)
	at com.kms.katalon.core.main.TestCaseExecutor.processExecutionPhase(TestCaseExecutor.java:307)
	at com.kms.katalon.core.main.TestCaseExecutor.accessMainPhase(TestCaseExecutor.java:299)
	at com.kms.katalon.core.main.TestCaseExecutor.execute(TestCaseExecutor.java:233)
	at com.kms.katalon.core.main.TestCaseMain.runTestCase(TestCaseMain.java:114)
	at com.kms.katalon.core.keyword.builtin.CallTestCaseKeyword$_callTestCase_closure1.doCall(CallTestCaseKeyword.groovy:59)
	at com.kms.katalon.core.keyword.builtin.CallTestCaseKeyword$_callTestCase_closure1.call(CallTestCaseKeyword.groovy)
	at com.kms.katalon.core.keyword.internal.KeywordMain.runKeyword(KeywordMain.groovy:68)
	at com.kms.katalon.core.keyword.builtin.CallTestCaseKeyword.callTestCase(CallTestCaseKeyword.groovy:81)
	at com.kms.katalon.core.keyword.builtin.CallTestCaseKeyword.execute(CallTestCaseKeyword.groovy:44)
	at com.kms.katalon.core.keyword.internal.KeywordExecutor.executeKeywordForPlatform(KeywordExecutor.groovy:72)
	at com.kms.katalon.core.keyword.BuiltinKeywords.callTestCase(BuiltinKeywords.groovy:334)
	at TC_Aprobar_Financiera.run(TC_Aprobar_Financiera:27)
	at com.kms.katalon.core.main.ScriptEngine.run(ScriptEngine.java:194)
	at com.kms.katalon.core.main.ScriptEngine.runScriptAsRawText(ScriptEngine.java:119)
	at com.kms.katalon.core.main.TestCaseExecutor.runScript(TestCaseExecutor.java:337)
	at com.kms.katalon.core.main.TestCaseExecutor.doExecute(TestCaseExecutor.java:328)
	at com.kms.katalon.core.main.TestCaseExecutor.processExecutionPhase(TestCaseExecutor.java:307)
	at com.kms.katalon.core.main.TestCaseExecutor.accessMainPhase(TestCaseExecutor.java:299)
	at com.kms.katalon.core.main.TestCaseExecutor.execute(TestCaseExecutor.java:233)
	at com.kms.katalon.core.main.TestSuiteExecutor.accessTestCaseMainPhase(TestSuiteExecutor.java:169)
	at com.kms.katalon.core.main.TestSuiteExecutor.accessTestSuiteMainPhase(TestSuiteExecutor.java:142)
	at com.kms.katalon.core.main.TestSuiteExecutor.execute(TestSuiteExecutor.java:91)
	at com.kms.katalon.core.main.TestCaseMain.startTestSuite(TestCaseMain.java:157)
	at com.kms.katalon.core.main.TestCaseMain$startTestSuite$0.call(Unknown Source)
	at TempTestSuite1583770503367.run(TempTestSuite1583770503367.groovy:36)
Caused by: org.openqa.selenium.TimeoutException: timeout
  (Session info: chrome=80.0.3987.132)
Build info: version: '3.141.59', revision: 'e82be7d358', time: '2018-11-14T08:25:53'
System info: host: 'LAPTOP-K43U1BVQ', ip: '192.168.99.1', os.name: 'Windows 10', os.arch: 'amd64', os.version: '10.0', java.version: '1.8.0_181'
Driver info: com.kms.katalon.selenium.driver.CChromeDriver
Capabilities {acceptInsecureCerts: false, browserName: chrome, browserVersion: 80.0.3987.132, chrome: {chromedriverVersion: 79.0.3945.36 (3582db32b3389..., userDataDir: C:\Users\kaizen\AppData\Loc...}, goog:chromeOptions: {debuggerAddress: localhost:54063}, javascriptEnabled: true, networkConnectionEnabled: false, pageLoadStrategy: normal, platform: WINDOWS, platformName: WINDOWS, proxy: Proxy(), setWindowRect: true, strictFileInteractability: false, timeouts: {implicit: 0, pageLoad: 300000, script: 30000}, unhandledPromptBehavior: dismiss and notify}
Session ID: 8c32a7e1e42a13f36f19a4e2b52b0dd2
	at org.openqa.selenium.remote.http.W3CHttpResponseCodec.createException(W3CHttpResponseCodec.java:187)
	at org.openqa.selenium.remote.http.W3CHttpResponseCodec.decode(W3CHttpResponseCodec.java:122)
	at org.openqa.selenium.remote.http.W3CHttpResponseCodec.decode(W3CHttpResponseCodec.java:49)
	at org.openqa.selenium.remote.HttpCommandExecutor.execute(HttpCommandExecutor.java:158)
	at org.openqa.selenium.remote.service.DriverCommandExecutor.execute(DriverCommandExecutor.java:83)
	at org.openqa.selenium.remote.RemoteWebDriver.execute(RemoteWebDriver.java:552)
	at com.kms.katalon.selenium.driver.CChromeDriver.execute(CChromeDriver.java:19)
	at org.openqa.selenium.remote.RemoteWebDriver.get(RemoteWebDriver.java:277)
	at org.openqa.selenium.support.events.EventFiringWebDriver.lambda$new$1(EventFiringWebDriver.java:105)
	at com.sun.proxy.$Proxy8.get(Unknown Source)
	at org.openqa.selenium.support.events.EventFiringWebDriver.get(EventFiringWebDriver.java:165)
	at com.kms.katalon.core.webui.keyword.builtin.OpenBrowserKeyword$_openBrowser_closure1.doCall(OpenBrowserKeyword.groovy:78)
	at com.kms.katalon.core.webui.keyword.builtin.OpenBrowserKeyword$_openBrowser_closure1.call(OpenBrowserKeyword.groovy)
	at com.kms.katalon.core.webui.keyword.internal.WebUIKeywordMain.runKeyword(WebUIKeywordMain.groovy:20)
	... 35 more


2020-03-09 12:26:17 - [TEST_STEP][PASSED] - print("Evento Seleccionado: " + Evento + "
"): null

2020-03-09 12:26:17 - [TEST_STEP][FAILED] - openBrowser(Web): Unable to open browser with url: 'http://test.kaizendev.net/Login/Accesar?salir=true' (Root cause: com.kms.katalon.core.exception.StepFailedException: Unable to open browser with url: 'http://test.kaizendev.net/Login/Accesar?salir=true'
	at com.kms.katalon.core.webui.keyword.internal.WebUIKeywordMain.stepFailed(WebUIKeywordMain.groovy:64)
	at com.kms.katalon.core.webui.keyword.internal.WebUIKeywordMain.runKeyword(WebUIKeywordMain.groovy:26)
	at com.kms.katalon.core.webui.keyword.builtin.OpenBrowserKeyword.openBrowser(OpenBrowserKeyword.groovy:81)
	at com.kms.katalon.core.webui.keyword.builtin.OpenBrowserKeyword.execute(OpenBrowserKeyword.groovy:67)
	at com.kms.katalon.core.keyword.internal.KeywordExecutor.executeKeywordForPlatform(KeywordExecutor.groovy:72)
	at com.kms.katalon.core.webui.keyword.WebUiBuiltInKeywords.openBrowser(WebUiBuiltInKeywords.groovy:60)
	at com.kms.katalon.core.webui.keyword.WebUiBuiltInKeywords$openBrowser.call(Unknown Source)
	at Login.run(Login:21)
	at com.kms.katalon.core.main.ScriptEngine.run(ScriptEngine.java:194)
	at com.kms.katalon.core.main.ScriptEngine.runScriptAsRawText(ScriptEngine.java:119)
	at com.kms.katalon.core.main.TestCaseExecutor.runScript(TestCaseExecutor.java:337)
	at com.kms.katalon.core.main.TestCaseExecutor.doExecute(TestCaseExecutor.java:328)
	at com.kms.katalon.core.main.TestCaseExecutor.processExecutionPhase(TestCaseExecutor.java:307)
	at com.kms.katalon.core.main.TestCaseExecutor.accessMainPhase(TestCaseExecutor.java:299)
	at com.kms.katalon.core.main.TestCaseExecutor.execute(TestCaseExecutor.java:233)
	at com.kms.katalon.core.main.TestCaseMain.runTestCase(TestCaseMain.java:114)
	at com.kms.katalon.core.keyword.builtin.CallTestCaseKeyword$_callTestCase_closure1.doCall(CallTestCaseKeyword.groovy:59)
	at com.kms.katalon.core.keyword.builtin.CallTestCaseKeyword$_callTestCase_closure1.call(CallTestCaseKeyword.groovy)
	at com.kms.katalon.core.keyword.internal.KeywordMain.runKeyword(KeywordMain.groovy:68)
	at com.kms.katalon.core.keyword.builtin.CallTestCaseKeyword.callTestCase(CallTestCaseKeyword.groovy:81)
	at com.kms.katalon.core.keyword.builtin.CallTestCaseKeyword.execute(CallTestCaseKeyword.groovy:44)
	at com.kms.katalon.core.keyword.internal.KeywordExecutor.executeKeywordForPlatform(KeywordExecutor.groovy:72)
	at com.kms.katalon.core.keyword.BuiltinKeywords.callTestCase(BuiltinKeywords.groovy:334)
	at TC_Aprobar_Financiera.run(TC_Aprobar_Financiera:27)
	at com.kms.katalon.core.main.ScriptEngine.run(ScriptEngine.java:194)
	at com.kms.katalon.core.main.ScriptEngine.runScriptAsRawText(ScriptEngine.java:119)
	at com.kms.katalon.core.main.TestCaseExecutor.runScript(TestCaseExecutor.java:337)
	at com.kms.katalon.core.main.TestCaseExecutor.doExecute(TestCaseExecutor.java:328)
	at com.kms.katalon.core.main.TestCaseExecutor.processExecutionPhase(TestCaseExecutor.java:307)
	at com.kms.katalon.core.main.TestCaseExecutor.accessMainPhase(TestCaseExecutor.java:299)
	at com.kms.katalon.core.main.TestCaseExecutor.execute(TestCaseExecutor.java:233)
	at com.kms.katalon.core.main.TestSuiteExecutor.accessTestCaseMainPhase(TestSuiteExecutor.java:169)
	at com.kms.katalon.core.main.TestSuiteExecutor.accessTestSuiteMainPhase(TestSuiteExecutor.java:142)
	at com.kms.katalon.core.main.TestSuiteExecutor.execute(TestSuiteExecutor.java:91)
	at com.kms.katalon.core.main.TestCaseMain.startTestSuite(TestCaseMain.java:157)
	at com.kms.katalon.core.main.TestCaseMain$startTestSuite$0.call(Unknown Source)
	at TempTestSuite1583770503367.run(TempTestSuite1583770503367.groovy:36)
Caused by: org.openqa.selenium.TimeoutException: timeout
  (Session info: chrome=80.0.3987.132)
Build info: version: '3.141.59', revision: 'e82be7d358', time: '2018-11-14T08:25:53'
System info: host: 'LAPTOP-K43U1BVQ', ip: '192.168.99.1', os.name: 'Windows 10', os.arch: 'amd64', os.version: '10.0', java.version: '1.8.0_181'
Driver info: com.kms.katalon.selenium.driver.CChromeDriver
Capabilities {acceptInsecureCerts: false, browserName: chrome, browserVersion: 80.0.3987.132, chrome: {chromedriverVersion: 79.0.3945.36 (3582db32b3389..., userDataDir: C:\Users\kaizen\AppData\Loc...}, goog:chromeOptions: {debuggerAddress: localhost:54063}, javascriptEnabled: true, networkConnectionEnabled: false, pageLoadStrategy: normal, platform: WINDOWS, platformName: WINDOWS, proxy: Proxy(), setWindowRect: true, strictFileInteractability: false, timeouts: {implicit: 0, pageLoad: 300000, script: 30000}, unhandledPromptBehavior: dismiss and notify}
Session ID: 8c32a7e1e42a13f36f19a4e2b52b0dd2
	at org.openqa.selenium.remote.http.W3CHttpResponseCodec.createException(W3CHttpResponseCodec.java:187)
	at org.openqa.selenium.remote.http.W3CHttpResponseCodec.decode(W3CHttpResponseCodec.java:122)
	at org.openqa.selenium.remote.http.W3CHttpResponseCodec.decode(W3CHttpResponseCodec.java:49)
	at org.openqa.selenium.remote.HttpCommandExecutor.execute(HttpCommandExecutor.java:158)
	at org.openqa.selenium.remote.service.DriverCommandExecutor.execute(DriverCommandExecutor.java:83)
	at org.openqa.selenium.remote.RemoteWebDriver.execute(RemoteWebDriver.java:552)
	at com.kms.katalon.selenium.driver.CChromeDriver.execute(CChromeDriver.java:19)
	at org.openqa.selenium.remote.RemoteWebDriver.get(RemoteWebDriver.java:277)
	at org.openqa.selenium.support.events.EventFiringWebDriver.lambda$new$1(EventFiringWebDriver.java:105)
	at com.sun.proxy.$Proxy8.get(Unknown Source)
	at org.openqa.selenium.support.events.EventFiringWebDriver.get(EventFiringWebDriver.java:165)
	at com.kms.katalon.core.webui.keyword.builtin.OpenBrowserKeyword$_openBrowser_closure1.doCall(OpenBrowserKeyword.groovy:78)
	at com.kms.katalon.core.webui.keyword.builtin.OpenBrowserKeyword$_openBrowser_closure1.call(OpenBrowserKeyword.groovy)
	at com.kms.katalon.core.webui.keyword.internal.WebUIKeywordMain.runKeyword(WebUIKeywordMain.groovy:20)
	at com.kms.katalon.core.webui.keyword.builtin.OpenBrowserKeyword.openBrowser(OpenBrowserKeyword.groovy:81)
	at com.kms.katalon.core.webui.keyword.builtin.OpenBrowserKeyword.execute(OpenBrowserKeyword.groovy:67)
	at com.kms.katalon.core.keyword.internal.KeywordExecutor.executeKeywordForPlatform(KeywordExecutor.groovy:72)
	at com.kms.katalon.core.webui.keyword.WebUiBuiltInKeywords.openBrowser(WebUiBuiltInKeywords.groovy:60)
	at com.kms.katalon.core.webui.keyword.WebUiBuiltInKeywords$openBrowser.call(Unknown Source)
	at Script1582302053606.run(Script1582302053606.groovy:21)
	at com.kms.katalon.core.main.ScriptEngine.run(ScriptEngine.java:194)
	at com.kms.katalon.core.main.ScriptEngine.runScriptAsRawText(ScriptEngine.java:119)
	at com.kms.katalon.core.main.TestCaseExecutor.runScript(TestCaseExecutor.java:337)
	at com.kms.katalon.core.main.TestCaseExecutor.doExecute(TestCaseExecutor.java:328)
	at com.kms.katalon.core.main.TestCaseExecutor.processExecutionPhase(TestCaseExecutor.java:307)
	at com.kms.katalon.core.main.TestCaseExecutor.accessMainPhase(TestCaseExecutor.java:299)
	at com.kms.katalon.core.main.TestCaseExecutor.execute(TestCaseExecutor.java:233)
	at com.kms.katalon.core.main.TestCaseMain.runTestCase(TestCaseMain.java:114)
	at com.kms.katalon.core.keyword.builtin.CallTestCaseKeyword$_callTestCase_closure1.doCall(CallTestCaseKeyword.groovy:59)
	at com.kms.katalon.core.keyword.builtin.CallTestCaseKeyword$_callTestCase_closure1.call(CallTestCaseKeyword.groovy)
	at com.kms.katalon.core.keyword.internal.KeywordMain.runKeyword(KeywordMain.groovy:68)
	at com.kms.katalon.core.keyword.builtin.CallTestCaseKeyword.callTestCase(CallTestCaseKeyword.groovy:81)
	at com.kms.katalon.core.keyword.builtin.CallTestCaseKeyword.execute(CallTestCaseKeyword.groovy:44)
	at com.kms.katalon.core.keyword.internal.KeywordExecutor.executeKeywordForPlatform(KeywordExecutor.groovy:72)
	at com.kms.katalon.core.keyword.BuiltinKeywords.callTestCase(BuiltinKeywords.groovy:334)
	at Script1581961220348.run(Script1581961220348.groovy:27)
	... 13 more
)

2020-03-09 12:26:17 - [MESSAGE][WARNING] - A browser is already opened. Closing browser and opening a new one

2020-03-09 12:26:18 - [MESSAGE][INFO] - Starting 'Chrome' driver

2020-03-09 12:31:20 - [MESSAGE][FAILED] - Unable to open browser with url: 'http://test.kaizendev.net/Login/Accesar?salir=true' (Root cause: com.kms.katalon.core.exception.StepFailedException: Unable to open browser with url: 'http://test.kaizendev.net/Login/Accesar?salir=true'
	at com.kms.katalon.core.webui.keyword.internal.WebUIKeywordMain.stepFailed(WebUIKeywordMain.groovy:64)
	at com.kms.katalon.core.webui.keyword.internal.WebUIKeywordMain.runKeyword(WebUIKeywordMain.groovy:26)
	at com.kms.katalon.core.webui.keyword.builtin.OpenBrowserKeyword.openBrowser(OpenBrowserKeyword.groovy:81)
	at com.kms.katalon.core.webui.keyword.builtin.OpenBrowserKeyword.execute(OpenBrowserKeyword.groovy:67)
	at com.kms.katalon.core.keyword.internal.KeywordExecutor.executeKeywordForPlatform(KeywordExecutor.groovy:72)
	at com.kms.katalon.core.webui.keyword.WebUiBuiltInKeywords.openBrowser(WebUiBuiltInKeywords.groovy:60)
	at com.kms.katalon.core.webui.keyword.WebUiBuiltInKeywords$openBrowser.call(Unknown Source)
	at Login.run(Login:21)
	at com.kms.katalon.core.main.ScriptEngine.run(ScriptEngine.java:194)
	at com.kms.katalon.core.main.ScriptEngine.runScriptAsRawText(ScriptEngine.java:119)
	at com.kms.katalon.core.main.TestCaseExecutor.runScript(TestCaseExecutor.java:337)
	at com.kms.katalon.core.main.TestCaseExecutor.doExecute(TestCaseExecutor.java:328)
	at com.kms.katalon.core.main.TestCaseExecutor.processExecutionPhase(TestCaseExecutor.java:307)
	at com.kms.katalon.core.main.TestCaseExecutor.accessMainPhase(TestCaseExecutor.java:299)
	at com.kms.katalon.core.main.TestCaseExecutor.execute(TestCaseExecutor.java:233)
	at com.kms.katalon.core.main.TestCaseMain.runTestCase(TestCaseMain.java:114)
	at com.kms.katalon.core.keyword.builtin.CallTestCaseKeyword$_callTestCase_closure1.doCall(CallTestCaseKeyword.groovy:59)
	at com.kms.katalon.core.keyword.builtin.CallTestCaseKeyword$_callTestCase_closure1.call(CallTestCaseKeyword.groovy)
	at com.kms.katalon.core.keyword.internal.KeywordMain.runKeyword(KeywordMain.groovy:68)
	at com.kms.katalon.core.keyword.builtin.CallTestCaseKeyword.callTestCase(CallTestCaseKeyword.groovy:81)
	at com.kms.katalon.core.keyword.builtin.CallTestCaseKeyword.execute(CallTestCaseKeyword.groovy:44)
	at com.kms.katalon.core.keyword.internal.KeywordExecutor.executeKeywordForPlatform(KeywordExecutor.groovy:72)
	at com.kms.katalon.core.keyword.BuiltinKeywords.callTestCase(BuiltinKeywords.groovy:334)
	at TC_Aprobar_Financiera.run(TC_Aprobar_Financiera:27)
	at com.kms.katalon.core.main.ScriptEngine.run(ScriptEngine.java:194)
	at com.kms.katalon.core.main.ScriptEngine.runScriptAsRawText(ScriptEngine.java:119)
	at com.kms.katalon.core.main.TestCaseExecutor.runScript(TestCaseExecutor.java:337)
	at com.kms.katalon.core.main.TestCaseExecutor.doExecute(TestCaseExecutor.java:328)
	at com.kms.katalon.core.main.TestCaseExecutor.processExecutionPhase(TestCaseExecutor.java:307)
	at com.kms.katalon.core.main.TestCaseExecutor.accessMainPhase(TestCaseExecutor.java:299)
	at com.kms.katalon.core.main.TestCaseExecutor.execute(TestCaseExecutor.java:233)
	at com.kms.katalon.core.main.TestSuiteExecutor.accessTestCaseMainPhase(TestSuiteExecutor.java:169)
	at com.kms.katalon.core.main.TestSuiteExecutor.accessTestSuiteMainPhase(TestSuiteExecutor.java:142)
	at com.kms.katalon.core.main.TestSuiteExecutor.execute(TestSuiteExecutor.java:91)
	at com.kms.katalon.core.main.TestCaseMain.startTestSuite(TestCaseMain.java:157)
	at com.kms.katalon.core.main.TestCaseMain$startTestSuite$0.call(Unknown Source)
	at TempTestSuite1583770503367.run(TempTestSuite1583770503367.groovy:36)
Caused by: org.openqa.selenium.TimeoutException: timeout
  (Session info: chrome=80.0.3987.132)
Build info: version: '3.141.59', revision: 'e82be7d358', time: '2018-11-14T08:25:53'
System info: host: 'LAPTOP-K43U1BVQ', ip: '192.168.99.1', os.name: 'Windows 10', os.arch: 'amd64', os.version: '10.0', java.version: '1.8.0_181'
Driver info: com.kms.katalon.selenium.driver.CChromeDriver
Capabilities {acceptInsecureCerts: false, browserName: chrome, browserVersion: 80.0.3987.132, chrome: {chromedriverVersion: 79.0.3945.36 (3582db32b3389..., userDataDir: C:\Users\kaizen\AppData\Loc...}, goog:chromeOptions: {debuggerAddress: localhost:54063}, javascriptEnabled: true, networkConnectionEnabled: false, pageLoadStrategy: normal, platform: WINDOWS, platformName: WINDOWS, proxy: Proxy(), setWindowRect: true, strictFileInteractability: false, timeouts: {implicit: 0, pageLoad: 300000, script: 30000}, unhandledPromptBehavior: dismiss and notify}
Session ID: 8c32a7e1e42a13f36f19a4e2b52b0dd2
	at org.openqa.selenium.remote.http.W3CHttpResponseCodec.createException(W3CHttpResponseCodec.java:187)
	at org.openqa.selenium.remote.http.W3CHttpResponseCodec.decode(W3CHttpResponseCodec.java:122)
	at org.openqa.selenium.remote.http.W3CHttpResponseCodec.decode(W3CHttpResponseCodec.java:49)
	at org.openqa.selenium.remote.HttpCommandExecutor.execute(HttpCommandExecutor.java:158)
	at org.openqa.selenium.remote.service.DriverCommandExecutor.execute(DriverCommandExecutor.java:83)
	at org.openqa.selenium.remote.RemoteWebDriver.execute(RemoteWebDriver.java:552)
	at com.kms.katalon.selenium.driver.CChromeDriver.execute(CChromeDriver.java:19)
	at org.openqa.selenium.remote.RemoteWebDriver.get(RemoteWebDriver.java:277)
	at org.openqa.selenium.support.events.EventFiringWebDriver.lambda$new$1(EventFiringWebDriver.java:105)
	at com.sun.proxy.$Proxy8.get(Unknown Source)
	at org.openqa.selenium.support.events.EventFiringWebDriver.get(EventFiringWebDriver.java:165)
	at com.kms.katalon.core.webui.keyword.builtin.OpenBrowserKeyword$_openBrowser_closure1.doCall(OpenBrowserKeyword.groovy:78)
	at com.kms.katalon.core.webui.keyword.builtin.OpenBrowserKeyword$_openBrowser_closure1.call(OpenBrowserKeyword.groovy)
	at com.kms.katalon.core.webui.keyword.internal.WebUIKeywordMain.runKeyword(WebUIKeywordMain.groovy:20)
	at com.kms.katalon.core.webui.keyword.builtin.OpenBrowserKeyword.openBrowser(OpenBrowserKeyword.groovy:81)
	at com.kms.katalon.core.webui.keyword.builtin.OpenBrowserKeyword.execute(OpenBrowserKeyword.groovy:67)
	at com.kms.katalon.core.keyword.internal.KeywordExecutor.executeKeywordForPlatform(KeywordExecutor.groovy:72)
	at com.kms.katalon.core.webui.keyword.WebUiBuiltInKeywords.openBrowser(WebUiBuiltInKeywords.groovy:60)
	at com.kms.katalon.core.webui.keyword.WebUiBuiltInKeywords$openBrowser.call(Unknown Source)
	at Script1582302053606.run(Script1582302053606.groovy:21)
	at com.kms.katalon.core.main.ScriptEngine.run(ScriptEngine.java:194)
	at com.kms.katalon.core.main.ScriptEngine.runScriptAsRawText(ScriptEngine.java:119)
	at com.kms.katalon.core.main.TestCaseExecutor.runScript(TestCaseExecutor.java:337)
	at com.kms.katalon.core.main.TestCaseExecutor.doExecute(TestCaseExecutor.java:328)
	at com.kms.katalon.core.main.TestCaseExecutor.processExecutionPhase(TestCaseExecutor.java:307)
	at com.kms.katalon.core.main.TestCaseExecutor.accessMainPhase(TestCaseExecutor.java:299)
	at com.kms.katalon.core.main.TestCaseExecutor.execute(TestCaseExecutor.java:233)
	at com.kms.katalon.core.main.TestCaseMain.runTestCase(TestCaseMain.java:114)
	at com.kms.katalon.core.keyword.builtin.CallTestCaseKeyword$_callTestCase_closure1.doCall(CallTestCaseKeyword.groovy:59)
	at com.kms.katalon.core.keyword.builtin.CallTestCaseKeyword$_callTestCase_closure1.call(CallTestCaseKeyword.groovy)
	at com.kms.katalon.core.keyword.internal.KeywordMain.runKeyword(KeywordMain.groovy:68)
	at com.kms.katalon.core.keyword.builtin.CallTestCaseKeyword.callTestCase(CallTestCaseKeyword.groovy:81)
	at com.kms.katalon.core.keyword.builtin.CallTestCaseKeyword.execute(CallTestCaseKeyword.groovy:44)
	at com.kms.katalon.core.keyword.internal.KeywordExecutor.executeKeywordForPlatform(KeywordExecutor.groovy:72)
	at com.kms.katalon.core.keyword.BuiltinKeywords.callTestCase(BuiltinKeywords.groovy:334)
	at Script1581961220348.run(Script1581961220348.groovy:27)
	... 13 more
)

2020-03-09 12:31:20 - [MESSAGE][FAILED] - Unable to call Test Case 'Test Cases/Individual_Tests/Login' (Root cause: com.kms.katalon.core.exception.StepFailedException: Call Test Case 'Test Cases/Individual_Tests/Login' failed
	at com.kms.katalon.core.keyword.builtin.CallTestCaseKeyword$_callTestCase_closure1.doCall(CallTestCaseKeyword.groovy:63)
	at com.kms.katalon.core.keyword.builtin.CallTestCaseKeyword$_callTestCase_closure1.call(CallTestCaseKeyword.groovy)
	at com.kms.katalon.core.keyword.internal.KeywordMain.runKeyword(KeywordMain.groovy:68)
	at com.kms.katalon.core.keyword.builtin.CallTestCaseKeyword.callTestCase(CallTestCaseKeyword.groovy:81)
	at com.kms.katalon.core.keyword.builtin.CallTestCaseKeyword.execute(CallTestCaseKeyword.groovy:44)
	at com.kms.katalon.core.keyword.internal.KeywordExecutor.executeKeywordForPlatform(KeywordExecutor.groovy:72)
	at com.kms.katalon.core.keyword.BuiltinKeywords.callTestCase(BuiltinKeywords.groovy:334)
	at TC_Aprobar_Financiera.run(TC_Aprobar_Financiera:27)
	at com.kms.katalon.core.main.ScriptEngine.run(ScriptEngine.java:194)
	at com.kms.katalon.core.main.ScriptEngine.runScriptAsRawText(ScriptEngine.java:119)
	at com.kms.katalon.core.main.TestCaseExecutor.runScript(TestCaseExecutor.java:337)
	at com.kms.katalon.core.main.TestCaseExecutor.doExecute(TestCaseExecutor.java:328)
	at com.kms.katalon.core.main.TestCaseExecutor.processExecutionPhase(TestCaseExecutor.java:307)
	at com.kms.katalon.core.main.TestCaseExecutor.accessMainPhase(TestCaseExecutor.java:299)
	at com.kms.katalon.core.main.TestCaseExecutor.execute(TestCaseExecutor.java:233)
	at com.kms.katalon.core.main.TestSuiteExecutor.accessTestCaseMainPhase(TestSuiteExecutor.java:169)
	at com.kms.katalon.core.main.TestSuiteExecutor.accessTestSuiteMainPhase(TestSuiteExecutor.java:142)
	at com.kms.katalon.core.main.TestSuiteExecutor.execute(TestSuiteExecutor.java:91)
	at com.kms.katalon.core.main.TestCaseMain.startTestSuite(TestCaseMain.java:157)
	at com.kms.katalon.core.main.TestCaseMain$startTestSuite$0.call(Unknown Source)
	at TempTestSuite1583770503367.run(TempTestSuite1583770503367.groovy:36)
Caused by: com.kms.katalon.core.exception.StepFailedException: Unable to open browser with url: 'http://test.kaizendev.net/Login/Accesar?salir=true'
	at com.kms.katalon.core.webui.keyword.internal.WebUIKeywordMain.stepFailed(WebUIKeywordMain.groovy:64)
	at com.kms.katalon.core.webui.keyword.internal.WebUIKeywordMain.runKeyword(WebUIKeywordMain.groovy:26)
	at com.kms.katalon.core.webui.keyword.builtin.OpenBrowserKeyword.openBrowser(OpenBrowserKeyword.groovy:81)
	at com.kms.katalon.core.webui.keyword.builtin.OpenBrowserKeyword.execute(OpenBrowserKeyword.groovy:67)
	at com.kms.katalon.core.keyword.internal.KeywordExecutor.executeKeywordForPlatform(KeywordExecutor.groovy:72)
	at com.kms.katalon.core.webui.keyword.WebUiBuiltInKeywords.openBrowser(WebUiBuiltInKeywords.groovy:60)
	at com.kms.katalon.core.webui.keyword.WebUiBuiltInKeywords$openBrowser.call(Unknown Source)
	at Login.run(Login:21)
	at com.kms.katalon.core.main.ScriptEngine.run(ScriptEngine.java:194)
	at com.kms.katalon.core.main.ScriptEngine.runScriptAsRawText(ScriptEngine.java:119)
	at com.kms.katalon.core.main.TestCaseExecutor.runScript(TestCaseExecutor.java:337)
	at com.kms.katalon.core.main.TestCaseExecutor.doExecute(TestCaseExecutor.java:328)
	at com.kms.katalon.core.main.TestCaseExecutor.processExecutionPhase(TestCaseExecutor.java:307)
	at com.kms.katalon.core.main.TestCaseExecutor.accessMainPhase(TestCaseExecutor.java:299)
	at com.kms.katalon.core.main.TestCaseExecutor.execute(TestCaseExecutor.java:233)
	at com.kms.katalon.core.main.TestCaseMain.runTestCase(TestCaseMain.java:114)
	at com.kms.katalon.core.keyword.builtin.CallTestCaseKeyword$_callTestCase_closure1.doCall(CallTestCaseKeyword.groovy:59)
	... 20 more
Caused by: org.openqa.selenium.TimeoutException: timeout
  (Session info: chrome=80.0.3987.132)
Build info: version: '3.141.59', revision: 'e82be7d358', time: '2018-11-14T08:25:53'
System info: host: 'LAPTOP-K43U1BVQ', ip: '192.168.99.1', os.name: 'Windows 10', os.arch: 'amd64', os.version: '10.0', java.version: '1.8.0_181'
Driver info: com.kms.katalon.selenium.driver.CChromeDriver
Capabilities {acceptInsecureCerts: false, browserName: chrome, browserVersion: 80.0.3987.132, chrome: {chromedriverVersion: 79.0.3945.36 (3582db32b3389..., userDataDir: C:\Users\kaizen\AppData\Loc...}, goog:chromeOptions: {debuggerAddress: localhost:54063}, javascriptEnabled: true, networkConnectionEnabled: false, pageLoadStrategy: normal, platform: WINDOWS, platformName: WINDOWS, proxy: Proxy(), setWindowRect: true, strictFileInteractability: false, timeouts: {implicit: 0, pageLoad: 300000, script: 30000}, unhandledPromptBehavior: dismiss and notify}
Session ID: 8c32a7e1e42a13f36f19a4e2b52b0dd2
	at org.openqa.selenium.remote.http.W3CHttpResponseCodec.createException(W3CHttpResponseCodec.java:187)
	at org.openqa.selenium.remote.http.W3CHttpResponseCodec.decode(W3CHttpResponseCodec.java:122)
	at org.openqa.selenium.remote.http.W3CHttpResponseCodec.decode(W3CHttpResponseCodec.java:49)
	at org.openqa.selenium.remote.HttpCommandExecutor.execute(HttpCommandExecutor.java:158)
	at org.openqa.selenium.remote.service.DriverCommandExecutor.execute(DriverCommandExecutor.java:83)
	at org.openqa.selenium.remote.RemoteWebDriver.execute(RemoteWebDriver.java:552)
	at com.kms.katalon.selenium.driver.CChromeDriver.execute(CChromeDriver.java:19)
	at org.openqa.selenium.remote.RemoteWebDriver.get(RemoteWebDriver.java:277)
	at org.openqa.selenium.support.events.EventFiringWebDriver.lambda$new$1(EventFiringWebDriver.java:105)
	at com.sun.proxy.$Proxy8.get(Unknown Source)
	at org.openqa.selenium.support.events.EventFiringWebDriver.get(EventFiringWebDriver.java:165)
	at com.kms.katalon.core.webui.keyword.builtin.OpenBrowserKeyword$_openBrowser_closure1.doCall(OpenBrowserKeyword.groovy:78)
	at com.kms.katalon.core.webui.keyword.builtin.OpenBrowserKeyword$_openBrowser_closure1.call(OpenBrowserKeyword.groovy)
	at com.kms.katalon.core.webui.keyword.internal.WebUIKeywordMain.runKeyword(WebUIKeywordMain.groovy:20)
	... 35 more
)]]></system-out>
         <system-err><![CDATA[2020-03-09 12:26:17 - [TEST_CASE][FAILED] - Test Cases/Secuencias de Ejecucion/TC_Aprobar_Financiera: Test Cases/Secuencias de Ejecucion/TC_Aprobar_Financiera FAILED.
Reason:
com.kms.katalon.core.exception.StepFailedException: Call Test Case 'Test Cases/Individual_Tests/Login' failed
	at com.kms.katalon.core.keyword.builtin.CallTestCaseKeyword$_callTestCase_closure1.doCall(CallTestCaseKeyword.groovy:63)
	at com.kms.katalon.core.keyword.builtin.CallTestCaseKeyword$_callTestCase_closure1.call(CallTestCaseKeyword.groovy)
	at com.kms.katalon.core.keyword.internal.KeywordMain.runKeyword(KeywordMain.groovy:68)
	at com.kms.katalon.core.keyword.builtin.CallTestCaseKeyword.callTestCase(CallTestCaseKeyword.groovy:81)
	at com.kms.katalon.core.keyword.builtin.CallTestCaseKeyword.execute(CallTestCaseKeyword.groovy:44)
	at com.kms.katalon.core.keyword.internal.KeywordExecutor.executeKeywordForPlatform(KeywordExecutor.groovy:72)
	at com.kms.katalon.core.keyword.BuiltinKeywords.callTestCase(BuiltinKeywords.groovy:334)
	at TC_Aprobar_Financiera.run(TC_Aprobar_Financiera:27)
	at com.kms.katalon.core.main.ScriptEngine.run(ScriptEngine.java:194)
	at com.kms.katalon.core.main.ScriptEngine.runScriptAsRawText(ScriptEngine.java:119)
	at com.kms.katalon.core.main.TestCaseExecutor.runScript(TestCaseExecutor.java:337)
	at com.kms.katalon.core.main.TestCaseExecutor.doExecute(TestCaseExecutor.java:328)
	at com.kms.katalon.core.main.TestCaseExecutor.processExecutionPhase(TestCaseExecutor.java:307)
	at com.kms.katalon.core.main.TestCaseExecutor.accessMainPhase(TestCaseExecutor.java:299)
	at com.kms.katalon.core.main.TestCaseExecutor.execute(TestCaseExecutor.java:233)
	at com.kms.katalon.core.main.TestSuiteExecutor.accessTestCaseMainPhase(TestSuiteExecutor.java:169)
	at com.kms.katalon.core.main.TestSuiteExecutor.accessTestSuiteMainPhase(TestSuiteExecutor.java:142)
	at com.kms.katalon.core.main.TestSuiteExecutor.execute(TestSuiteExecutor.java:91)
	at com.kms.katalon.core.main.TestCaseMain.startTestSuite(TestCaseMain.java:157)
	at com.kms.katalon.core.main.TestCaseMain$startTestSuite$0.call(Unknown Source)
	at TempTestSuite1583770503367.run(TempTestSuite1583770503367.groovy:36)
Caused by: com.kms.katalon.core.exception.StepFailedException: Unable to open browser with url: 'http://test.kaizendev.net/Login/Accesar?salir=true'
	at com.kms.katalon.core.webui.keyword.internal.WebUIKeywordMain.stepFailed(WebUIKeywordMain.groovy:64)
	at com.kms.katalon.core.webui.keyword.internal.WebUIKeywordMain.runKeyword(WebUIKeywordMain.groovy:26)
	at com.kms.katalon.core.webui.keyword.builtin.OpenBrowserKeyword.openBrowser(OpenBrowserKeyword.groovy:81)
	at com.kms.katalon.core.webui.keyword.builtin.OpenBrowserKeyword.execute(OpenBrowserKeyword.groovy:67)
	at com.kms.katalon.core.keyword.internal.KeywordExecutor.executeKeywordForPlatform(KeywordExecutor.groovy:72)
	at com.kms.katalon.core.webui.keyword.WebUiBuiltInKeywords.openBrowser(WebUiBuiltInKeywords.groovy:60)
	at com.kms.katalon.core.webui.keyword.WebUiBuiltInKeywords$openBrowser.call(Unknown Source)
	at Login.run(Login:21)
	at com.kms.katalon.core.main.ScriptEngine.run(ScriptEngine.java:194)
	at com.kms.katalon.core.main.ScriptEngine.runScriptAsRawText(ScriptEngine.java:119)
	at com.kms.katalon.core.main.TestCaseExecutor.runScript(TestCaseExecutor.java:337)
	at com.kms.katalon.core.main.TestCaseExecutor.doExecute(TestCaseExecutor.java:328)
	at com.kms.katalon.core.main.TestCaseExecutor.processExecutionPhase(TestCaseExecutor.java:307)
	at com.kms.katalon.core.main.TestCaseExecutor.accessMainPhase(TestCaseExecutor.java:299)
	at com.kms.katalon.core.main.TestCaseExecutor.execute(TestCaseExecutor.java:233)
	at com.kms.katalon.core.main.TestCaseMain.runTestCase(TestCaseMain.java:114)
	at com.kms.katalon.core.keyword.builtin.CallTestCaseKeyword$_callTestCase_closure1.doCall(CallTestCaseKeyword.groovy:59)
	... 20 more
Caused by: org.openqa.selenium.TimeoutException: timeout
  (Session info: chrome=80.0.3987.132)
Build info: version: '3.141.59', revision: 'e82be7d358', time: '2018-11-14T08:25:53'
System info: host: 'LAPTOP-K43U1BVQ', ip: '192.168.99.1', os.name: 'Windows 10', os.arch: 'amd64', os.version: '10.0', java.version: '1.8.0_181'
Driver info: com.kms.katalon.selenium.driver.CChromeDriver
Capabilities {acceptInsecureCerts: false, browserName: chrome, browserVersion: 80.0.3987.132, chrome: {chromedriverVersion: 79.0.3945.36 (3582db32b3389..., userDataDir: C:\Users\kaizen\AppData\Loc...}, goog:chromeOptions: {debuggerAddress: localhost:54063}, javascriptEnabled: true, networkConnectionEnabled: false, pageLoadStrategy: normal, platform: WINDOWS, platformName: WINDOWS, proxy: Proxy(), setWindowRect: true, strictFileInteractability: false, timeouts: {implicit: 0, pageLoad: 300000, script: 30000}, unhandledPromptBehavior: dismiss and notify}
Session ID: 8c32a7e1e42a13f36f19a4e2b52b0dd2
	at org.openqa.selenium.remote.http.W3CHttpResponseCodec.createException(W3CHttpResponseCodec.java:187)
	at org.openqa.selenium.remote.http.W3CHttpResponseCodec.decode(W3CHttpResponseCodec.java:122)
	at org.openqa.selenium.remote.http.W3CHttpResponseCodec.decode(W3CHttpResponseCodec.java:49)
	at org.openqa.selenium.remote.HttpCommandExecutor.execute(HttpCommandExecutor.java:158)
	at org.openqa.selenium.remote.service.DriverCommandExecutor.execute(DriverCommandExecutor.java:83)
	at org.openqa.selenium.remote.RemoteWebDriver.execute(RemoteWebDriver.java:552)
	at com.kms.katalon.selenium.driver.CChromeDriver.execute(CChromeDriver.java:19)
	at org.openqa.selenium.remote.RemoteWebDriver.get(RemoteWebDriver.java:277)
	at org.openqa.selenium.support.events.EventFiringWebDriver.lambda$new$1(EventFiringWebDriver.java:105)
	at com.sun.proxy.$Proxy8.get(Unknown Source)
	at org.openqa.selenium.support.events.EventFiringWebDriver.get(EventFiringWebDriver.java:165)
	at com.kms.katalon.core.webui.keyword.builtin.OpenBrowserKeyword$_openBrowser_closure1.doCall(OpenBrowserKeyword.groovy:78)
	at com.kms.katalon.core.webui.keyword.builtin.OpenBrowserKeyword$_openBrowser_closure1.call(OpenBrowserKeyword.groovy)
	at com.kms.katalon.core.webui.keyword.internal.WebUIKeywordMain.runKeyword(WebUIKeywordMain.groovy:20)
	... 35 more]]></system-err>
      </testcase>
      <testcase name="Test Cases/Secuencias de Ejecucion/TC_Aprobar_Produccion" time="512.666" classname="Test Cases/Secuencias de Ejecucion/TC_Aprobar_Produccion" status="PASSED">
         <system-out><![CDATA[2020-03-09 12:31:20 - [TEST_CASE][PASSED] - Test Cases/Secuencias de Ejecucion/TC_Aprobar_Produccion: Test Cases/Secuencias de Ejecucion/TC_Aprobar_Produccion

2020-03-09 12:31:21 - [TEST_STEP][PASSED] - archivo = $RunConfiguration.getProjectDir()/Pedidos/DataExcel/AprobacionesPedidos_20pies.xlsx: null

2020-03-09 12:31:21 - [TEST_STEP][PASSED] - excelData = getExcelDataWithDefaultSheet(archivo, "Sheet1", true): null

2020-03-09 12:31:21 - [TEST_STEP][PASSED] - for ([Index = 1, Index <= excelData.getRowNumbers(), (Index++)]): Call Test Case 'Test Cases/Individual_Tests/Aprobacion_Produccion' successfully

2020-03-09 12:31:21 - [TEST_STEP][PASSED] - callTestCase(findTestCase("Individual_Tests/Login"), ["Evento":"Aprobar", "Index":Index], STOP_ON_FAILURE): Call Test Case 'Test Cases/Individual_Tests/Login' successfully

2020-03-09 12:31:21 - [TEST_CASE][PASSED] - Test Cases/Individual_Tests/Login: Test Cases/Individual_Tests/Login

2020-03-09 12:31:21 - [TEST_STEP][PASSED] - print("Evento Seleccionado: " + Evento + "
"): null

2020-03-09 12:31:21 - [TEST_STEP][PASSED] - openBrowser(Web): Browser is opened with url: 'http://test.kaizendev.net/Login/Accesar?salir=true'

2020-03-09 12:31:21 - [MESSAGE][WARNING] - A browser is already opened. Closing browser and opening a new one

2020-03-09 12:31:22 - [MESSAGE][INFO] - Starting 'Chrome' driver

2020-03-09 12:31:55 - [MESSAGE][PASSED] - Browser is opened with url: 'http://test.kaizendev.net/Login/Accesar?salir=true'

2020-03-09 12:31:55 - [TEST_STEP][PASSED] - maximizeWindow(): Current window maximized

2020-03-09 12:31:56 - [MESSAGE][PASSED] - Current window maximized

2020-03-09 12:31:56 - [TEST_STEP][PASSED] - if (Evento == "Crear20"): null

2020-03-09 12:31:56 - [TEST_STEP][PASSED] - else if (Evento == "Crear40"): null

2020-03-09 12:31:56 - [TEST_STEP][PASSED] - else if (Evento == "Aprobar"): Object: 'Object Repository/Page_Iniciar Sesion - KAIZEN/is_btn_ingresar_sistema' is clicked on

2020-03-09 12:31:56 - [TEST_STEP][PASSED] - data2 = obtener_excels.obtener_aprobaciones.getValuesExcelAprob20(Index): obtener_excels.obtener_aprobaciones.getValuesExcelAprob20 is PASSED

2020-03-09 12:31:56 - [MESSAGE][PASSED] - obtener_excels.obtener_aprobaciones.getValuesExcelAprob20 is PASSED

2020-03-09 12:31:56 - [TEST_STEP][PASSED] - Usuario = data2[1]: null

2020-03-09 12:31:56 - [TEST_STEP][PASSED] - Contrasena = data2[2]: null

2020-03-09 12:31:56 - [TEST_STEP][PASSED] - setText(findTestObject("Page_Iniciar Sesion - KAIZEN/is_input_email"), Usuario): Text 'automated.test@grupokaizen.net' is set on object 'Object Repository/Page_Iniciar Sesion - KAIZEN/is_input_email'

2020-03-09 12:31:57 - [MESSAGE][PASSED] - Text 'automated.test@grupokaizen.net' is set on object 'Object Repository/Page_Iniciar Sesion - KAIZEN/is_input_email'

2020-03-09 12:31:57 - [TEST_STEP][PASSED] - setEncryptedText(findTestObject("Page_Iniciar Sesion - KAIZEN/IS_input_contrasena"), Contrasena): Text ****** has been set on object 'Object Repository/Page_Iniciar Sesion - KAIZEN/IS_input_contrasena'

2020-03-09 12:31:57 - [MESSAGE][PASSED] - Text ****** has been set on object 'Object Repository/Page_Iniciar Sesion - KAIZEN/IS_input_contrasena'

2020-03-09 12:31:57 - [TEST_STEP][PASSED] - click(findTestObject("Page_Iniciar Sesion - KAIZEN/is_btn_ingresar_sistema")): Object: 'Object Repository/Page_Iniciar Sesion - KAIZEN/is_btn_ingresar_sistema' is clicked on

2020-03-09 12:32:02 - [MESSAGE][PASSED] - Object: 'Object Repository/Page_Iniciar Sesion - KAIZEN/is_btn_ingresar_sistema' is clicked on

2020-03-09 12:32:02 - [MESSAGE][PASSED] - Call Test Case 'Test Cases/Individual_Tests/Login' successfully

2020-03-09 12:32:02 - [TEST_STEP][PASSED] - callTestCase(findTestCase("Individual_Tests/Seleccionar_Idioma"), ["Evento":"Aprobar", "Index":Index], STOP_ON_FAILURE): Call Test Case 'Test Cases/Individual_Tests/Seleccionar_Idioma' successfully

2020-03-09 12:32:02 - [TEST_CASE][PASSED] - Test Cases/Individual_Tests/Seleccionar_Idioma: Test Cases/Individual_Tests/Seleccionar_Idioma

2020-03-09 12:32:02 - [TEST_STEP][PASSED] - Idioma = 0: null

2020-03-09 12:32:02 - [TEST_STEP][PASSED] - if (Evento == "Crear20"): null

2020-03-09 12:32:02 - [TEST_STEP][PASSED] - else if (Evento == "Crear40"): null

2020-03-09 12:32:02 - [TEST_STEP][PASSED] - else if (Evento == "Aprobar"): null

2020-03-09 12:32:02 - [TEST_STEP][PASSED] - data2 = obtener_excels.obtener_aprobaciones.getValuesExcelAprob20(Index): obtener_excels.obtener_aprobaciones.getValuesExcelAprob20 is PASSED

2020-03-09 12:32:02 - [MESSAGE][PASSED] - obtener_excels.obtener_aprobaciones.getValuesExcelAprob20 is PASSED

2020-03-09 12:32:02 - [TEST_STEP][PASSED] - Idioma = data2[0]: null

2020-03-09 12:32:02 - [TEST_STEP][PASSED] - click(findTestObject("Page_- KAIZEN/si_btn_idioma")): Object: 'Object Repository/Page_- KAIZEN/si_btn_idioma' is clicked on

2020-03-09 12:32:02 - [MESSAGE][PASSED] - Object: 'Object Repository/Page_- KAIZEN/si_btn_idioma' is clicked on

2020-03-09 12:32:02 - [TEST_STEP][PASSED] - if (Idioma == "0"): null

2020-03-09 12:32:02 - [TEST_STEP][PASSED] - else: Object: 'Object Repository/Page_- KAIZEN/si_Spanish' is clicked on

2020-03-09 12:32:02 - [TEST_STEP][PASSED] - click(findTestObject("Page_- KAIZEN/si_Spanish")): Object: 'Object Repository/Page_- KAIZEN/si_Spanish' is clicked on

2020-03-09 12:32:11 - [MESSAGE][PASSED] - Object: 'Object Repository/Page_- KAIZEN/si_Spanish' is clicked on

2020-03-09 12:32:11 - [MESSAGE][PASSED] - Call Test Case 'Test Cases/Individual_Tests/Seleccionar_Idioma' successfully

2020-03-09 12:32:11 - [TEST_STEP][PASSED] - callTestCase(findTestCase("Individual_Tests/Aprobacion_Produccion"), ["Index":Index], STOP_ON_FAILURE): Call Test Case 'Test Cases/Individual_Tests/Aprobacion_Produccion' successfully

2020-03-09 12:32:11 - [TEST_CASE][PASSED] - Test Cases/Individual_Tests/Aprobacion_Produccion: Test Cases/Individual_Tests/Aprobacion_Produccion

2020-03-09 12:32:12 - [TEST_STEP][PASSED] - data = obtener_excels.obtener_aprobaciones.getValuesExcelAprob20(Index): obtener_excels.obtener_aprobaciones.getValuesExcelAprob20 is PASSED

2020-03-09 12:32:12 - [MESSAGE][PASSED] - obtener_excels.obtener_aprobaciones.getValuesExcelAprob20 is PASSED

2020-03-09 12:32:12 - [TEST_STEP][PASSED] - IdPedido = data[3]: null

2020-03-09 12:32:12 - [TEST_STEP][PASSED] - Id_Cliente = data[4]: null

2020-03-09 12:32:12 - [TEST_STEP][PASSED] - AprobProduccion = data[7]: null

2020-03-09 12:32:12 - [TEST_STEP][PASSED] - IDPedido = IdPedido: null

2020-03-09 12:32:12 - [TEST_STEP][PASSED] - IDCliente = Id_Cliente: null

2020-03-09 12:32:12 - [TEST_STEP][PASSED] - AprobacionProduccion = AprobProduccion: null

2020-03-09 12:32:12 - [TEST_STEP][PASSED] - click(findTestObject("Object Repository/Page_- KAIZEN/apo_menuOperaciones")): Object: 'Object Repository/Page_- KAIZEN/apo_menuOperaciones' is clicked on

2020-03-09 12:32:13 - [MESSAGE][PASSED] - Object: 'Object Repository/Page_- KAIZEN/apo_menuOperaciones' is clicked on

2020-03-09 12:32:13 - [TEST_STEP][PASSED] - click(findTestObject("Object Repository/Page_- KAIZEN/apo_menu_aprobacion_produccin")): Object: 'Object Repository/Page_- KAIZEN/apo_menu_aprobacion_produccin' is clicked on

2020-03-09 12:32:20 - [MESSAGE][PASSED] - Object: 'Object Repository/Page_- KAIZEN/apo_menu_aprobacion_produccin' is clicked on

2020-03-09 12:32:20 - [TEST_STEP][PASSED] - click(findTestObject("Object Repository/Page_Aprobacin de Produccin - KAIZEN/apo_click_aprobacion_produccin")): Object: 'Object Repository/Page_Aprobacin de Produccin - KAIZEN/apo_click_aprobacion_produccin' is clicked on

2020-03-09 12:32:20 - [MESSAGE][PASSED] - Object: 'Object Repository/Page_Aprobacin de Produccin - KAIZEN/apo_click_aprobacion_produccin' is clicked on

2020-03-09 12:32:20 - [TEST_STEP][PASSED] - click(findTestObject("Object Repository/Page_Aprobacin de Produccin - KAIZEN/apo_seleccione_cliente")): Object: 'Object Repository/Page_Aprobacin de Produccin - KAIZEN/apo_seleccione_cliente' is clicked on

2020-03-09 12:32:21 - [MESSAGE][PASSED] - Object: 'Object Repository/Page_Aprobacin de Produccin - KAIZEN/apo_seleccione_cliente' is clicked on

2020-03-09 12:32:21 - [TEST_STEP][PASSED] - click(findTestObject("Object Repository/Page_Aprobacin de Produccin - KAIZEN/apo_click_selecione_cliente")): Object: 'Object Repository/Page_Aprobacin de Produccin - KAIZEN/apo_click_selecione_cliente' is clicked on

2020-03-09 12:32:22 - [MESSAGE][PASSED] - Object: 'Object Repository/Page_Aprobacin de Produccin - KAIZEN/apo_click_selecione_cliente' is clicked on

2020-03-09 12:32:22 - [TEST_STEP][PASSED] - selectOptionByValue(findTestObject("Object Repository/Page_Aprobacin de Produccin - KAIZEN/apo_assing_selecione_cliente"), IDCliente, true): All options with value '4' are selected in object 'Object Repository/Page_Aprobacin de Produccin - KAIZEN/apo_assing_selecione_cliente'  using regular expression

2020-03-09 12:32:24 - [MESSAGE][PASSED] - All options with value '4' are selected in object 'Object Repository/Page_Aprobacin de Produccin - KAIZEN/apo_assing_selecione_cliente'  using regular expression

2020-03-09 12:32:24 - [TEST_STEP][PASSED] - click(findTestObject("Object Repository/Page_Aprobacin de Produccin - KAIZEN/apo_Buscar")): Object: 'Object Repository/Page_Aprobacin de Produccin - KAIZEN/apo_Buscar' is clicked on

2020-03-09 12:32:29 - [MESSAGE][PASSED] - Object: 'Object Repository/Page_Aprobacin de Produccin - KAIZEN/apo_Buscar' is clicked on

2020-03-09 12:32:29 - [TEST_STEP][PASSED] - executeJavaScript("document.querySelector('.btn-info[href="/PedidoLubricante/DetalleAprobacion/" + IDPedido + "?Ventana=3"]').click()", null): Execute JavaScript 'document.querySelector('.btn-info[href="/PedidoLubricante/DetalleAprobacion/255?Ventana=3"]').click()' successfully

2020-03-09 12:32:32 - [MESSAGE][PASSED] - Execute JavaScript 'document.querySelector('.btn-info[href="/PedidoLubricante/DetalleAprobacion/255?Ventana=3"]').click()' successfully

2020-03-09 12:32:32 - [TEST_STEP][PASSED] - delay(5): Delayed 5 second(s)

2020-03-09 12:32:37 - [MESSAGE][PASSED] - Delayed 5 second(s)

2020-03-09 12:32:37 - [TEST_STEP][PASSED] - if (AprobacionProduccion == "Aprobar"): Object: 'Object Repository/Page_- KAIZEN/apo_btn_Aceptar' is clicked on

2020-03-09 12:32:37 - [TEST_STEP][PASSED] - click(findTestObject("Object Repository/Page_- KAIZEN/apo_Aprobar")): Object: 'Object Repository/Page_- KAIZEN/apo_Aprobar' is clicked on

2020-03-09 12:32:38 - [MESSAGE][PASSED] - Object: 'Object Repository/Page_- KAIZEN/apo_Aprobar' is clicked on

2020-03-09 12:32:38 - [TEST_STEP][PASSED] - click(findTestObject("Object Repository/Page_- KAIZEN/apo_btn_Aceptar")): Object: 'Object Repository/Page_- KAIZEN/apo_btn_Aceptar' is clicked on

2020-03-09 12:32:41 - [MESSAGE][PASSED] - Object: 'Object Repository/Page_- KAIZEN/apo_btn_Aceptar' is clicked on

2020-03-09 12:32:41 - [TEST_STEP][PASSED] - delay(10): Delayed 10 second(s)

2020-03-09 12:32:51 - [MESSAGE][PASSED] - Delayed 10 second(s)

2020-03-09 12:32:51 - [MESSAGE][PASSED] - Call Test Case 'Test Cases/Individual_Tests/Aprobacion_Produccion' successfully

2020-03-09 12:32:51 - [TEST_STEP][PASSED] - callTestCase(findTestCase("Individual_Tests/Login"), ["Evento":"Aprobar", "Index":Index], STOP_ON_FAILURE): Call Test Case 'Test Cases/Individual_Tests/Login' successfully

2020-03-09 12:32:51 - [TEST_CASE][PASSED] - Test Cases/Individual_Tests/Login: Test Cases/Individual_Tests/Login

2020-03-09 12:32:51 - [TEST_STEP][PASSED] - print("Evento Seleccionado: " + Evento + "
"): null

2020-03-09 12:32:51 - [TEST_STEP][PASSED] - openBrowser(Web): Browser is opened with url: 'http://test.kaizendev.net/Login/Accesar?salir=true'

2020-03-09 12:32:51 - [MESSAGE][WARNING] - A browser is already opened. Closing browser and opening a new one

2020-03-09 12:32:52 - [MESSAGE][INFO] - Starting 'Chrome' driver

2020-03-09 12:33:26 - [MESSAGE][PASSED] - Browser is opened with url: 'http://test.kaizendev.net/Login/Accesar?salir=true'

2020-03-09 12:33:26 - [TEST_STEP][PASSED] - maximizeWindow(): Current window maximized

2020-03-09 12:33:27 - [MESSAGE][PASSED] - Current window maximized

2020-03-09 12:33:27 - [TEST_STEP][PASSED] - if (Evento == "Crear20"): null

2020-03-09 12:33:27 - [TEST_STEP][PASSED] - else if (Evento == "Crear40"): null

2020-03-09 12:33:27 - [TEST_STEP][PASSED] - else if (Evento == "Aprobar"): Object: 'Object Repository/Page_Iniciar Sesion - KAIZEN/is_btn_ingresar_sistema' is clicked on

2020-03-09 12:33:27 - [TEST_STEP][PASSED] - data2 = obtener_excels.obtener_aprobaciones.getValuesExcelAprob20(Index): obtener_excels.obtener_aprobaciones.getValuesExcelAprob20 is PASSED

2020-03-09 12:33:27 - [MESSAGE][PASSED] - obtener_excels.obtener_aprobaciones.getValuesExcelAprob20 is PASSED

2020-03-09 12:33:27 - [TEST_STEP][PASSED] - Usuario = data2[1]: null

2020-03-09 12:33:27 - [TEST_STEP][PASSED] - Contrasena = data2[2]: null

2020-03-09 12:33:27 - [TEST_STEP][PASSED] - setText(findTestObject("Page_Iniciar Sesion - KAIZEN/is_input_email"), Usuario): Text 'automated.test@grupokaizen.net' is set on object 'Object Repository/Page_Iniciar Sesion - KAIZEN/is_input_email'

2020-03-09 12:33:28 - [MESSAGE][PASSED] - Text 'automated.test@grupokaizen.net' is set on object 'Object Repository/Page_Iniciar Sesion - KAIZEN/is_input_email'

2020-03-09 12:33:28 - [TEST_STEP][PASSED] - setEncryptedText(findTestObject("Page_Iniciar Sesion - KAIZEN/IS_input_contrasena"), Contrasena): Text ****** has been set on object 'Object Repository/Page_Iniciar Sesion - KAIZEN/IS_input_contrasena'

2020-03-09 12:33:28 - [MESSAGE][PASSED] - Text ****** has been set on object 'Object Repository/Page_Iniciar Sesion - KAIZEN/IS_input_contrasena'

2020-03-09 12:33:28 - [TEST_STEP][PASSED] - click(findTestObject("Page_Iniciar Sesion - KAIZEN/is_btn_ingresar_sistema")): Object: 'Object Repository/Page_Iniciar Sesion - KAIZEN/is_btn_ingresar_sistema' is clicked on

2020-03-09 12:33:34 - [MESSAGE][PASSED] - Object: 'Object Repository/Page_Iniciar Sesion - KAIZEN/is_btn_ingresar_sistema' is clicked on

2020-03-09 12:33:34 - [MESSAGE][PASSED] - Call Test Case 'Test Cases/Individual_Tests/Login' successfully

2020-03-09 12:33:34 - [TEST_STEP][PASSED] - callTestCase(findTestCase("Individual_Tests/Seleccionar_Idioma"), ["Evento":"Aprobar", "Index":Index], STOP_ON_FAILURE): Call Test Case 'Test Cases/Individual_Tests/Seleccionar_Idioma' successfully

2020-03-09 12:33:34 - [TEST_CASE][PASSED] - Test Cases/Individual_Tests/Seleccionar_Idioma: Test Cases/Individual_Tests/Seleccionar_Idioma

2020-03-09 12:33:34 - [TEST_STEP][PASSED] - Idioma = 0: null

2020-03-09 12:33:34 - [TEST_STEP][PASSED] - if (Evento == "Crear20"): null

2020-03-09 12:33:34 - [TEST_STEP][PASSED] - else if (Evento == "Crear40"): null

2020-03-09 12:33:34 - [TEST_STEP][PASSED] - else if (Evento == "Aprobar"): null

2020-03-09 12:33:34 - [TEST_STEP][PASSED] - data2 = obtener_excels.obtener_aprobaciones.getValuesExcelAprob20(Index): obtener_excels.obtener_aprobaciones.getValuesExcelAprob20 is PASSED

2020-03-09 12:33:35 - [MESSAGE][PASSED] - obtener_excels.obtener_aprobaciones.getValuesExcelAprob20 is PASSED

2020-03-09 12:33:35 - [TEST_STEP][PASSED] - Idioma = data2[0]: null

2020-03-09 12:33:35 - [TEST_STEP][PASSED] - click(findTestObject("Page_- KAIZEN/si_btn_idioma")): Object: 'Object Repository/Page_- KAIZEN/si_btn_idioma' is clicked on

2020-03-09 12:33:35 - [MESSAGE][PASSED] - Object: 'Object Repository/Page_- KAIZEN/si_btn_idioma' is clicked on

2020-03-09 12:33:35 - [TEST_STEP][PASSED] - if (Idioma == "0"): Object: 'Object Repository/Page_- KAIZEN/si_Ingles' is clicked on

2020-03-09 12:33:35 - [TEST_STEP][PASSED] - click(findTestObject("Page_- KAIZEN/si_Ingles")): Object: 'Object Repository/Page_- KAIZEN/si_Ingles' is clicked on

2020-03-09 12:33:38 - [MESSAGE][PASSED] - Object: 'Object Repository/Page_- KAIZEN/si_Ingles' is clicked on

2020-03-09 12:33:38 - [MESSAGE][PASSED] - Call Test Case 'Test Cases/Individual_Tests/Seleccionar_Idioma' successfully

2020-03-09 12:33:38 - [TEST_STEP][PASSED] - callTestCase(findTestCase("Individual_Tests/Aprobacion_Produccion"), ["Index":Index], STOP_ON_FAILURE): Call Test Case 'Test Cases/Individual_Tests/Aprobacion_Produccion' successfully

2020-03-09 12:33:38 - [TEST_CASE][PASSED] - Test Cases/Individual_Tests/Aprobacion_Produccion: Test Cases/Individual_Tests/Aprobacion_Produccion

2020-03-09 12:33:38 - [TEST_STEP][PASSED] - data = obtener_excels.obtener_aprobaciones.getValuesExcelAprob20(Index): obtener_excels.obtener_aprobaciones.getValuesExcelAprob20 is PASSED

2020-03-09 12:33:38 - [MESSAGE][PASSED] - obtener_excels.obtener_aprobaciones.getValuesExcelAprob20 is PASSED

2020-03-09 12:33:38 - [TEST_STEP][PASSED] - IdPedido = data[3]: null

2020-03-09 12:33:38 - [TEST_STEP][PASSED] - Id_Cliente = data[4]: null

2020-03-09 12:33:38 - [TEST_STEP][PASSED] - AprobProduccion = data[7]: null

2020-03-09 12:33:38 - [TEST_STEP][PASSED] - IDPedido = IdPedido: null

2020-03-09 12:33:38 - [TEST_STEP][PASSED] - IDCliente = Id_Cliente: null

2020-03-09 12:33:38 - [TEST_STEP][PASSED] - AprobacionProduccion = AprobProduccion: null

2020-03-09 12:33:38 - [TEST_STEP][PASSED] - click(findTestObject("Object Repository/Page_- KAIZEN/apo_menuOperaciones")): Object: 'Object Repository/Page_- KAIZEN/apo_menuOperaciones' is clicked on

2020-03-09 12:33:39 - [MESSAGE][PASSED] - Object: 'Object Repository/Page_- KAIZEN/apo_menuOperaciones' is clicked on

2020-03-09 12:33:39 - [TEST_STEP][PASSED] - click(findTestObject("Object Repository/Page_- KAIZEN/apo_menu_aprobacion_produccin")): Object: 'Object Repository/Page_- KAIZEN/apo_menu_aprobacion_produccin' is clicked on

2020-03-09 12:33:41 - [MESSAGE][PASSED] - Object: 'Object Repository/Page_- KAIZEN/apo_menu_aprobacion_produccin' is clicked on

2020-03-09 12:33:41 - [TEST_STEP][PASSED] - click(findTestObject("Object Repository/Page_Aprobacin de Produccin - KAIZEN/apo_click_aprobacion_produccin")): Object: 'Object Repository/Page_Aprobacin de Produccin - KAIZEN/apo_click_aprobacion_produccin' is clicked on

2020-03-09 12:33:42 - [MESSAGE][PASSED] - Object: 'Object Repository/Page_Aprobacin de Produccin - KAIZEN/apo_click_aprobacion_produccin' is clicked on

2020-03-09 12:33:42 - [TEST_STEP][PASSED] - click(findTestObject("Object Repository/Page_Aprobacin de Produccin - KAIZEN/apo_seleccione_cliente")): Object: 'Object Repository/Page_Aprobacin de Produccin - KAIZEN/apo_seleccione_cliente' is clicked on

2020-03-09 12:33:43 - [MESSAGE][PASSED] - Object: 'Object Repository/Page_Aprobacin de Produccin - KAIZEN/apo_seleccione_cliente' is clicked on

2020-03-09 12:33:43 - [TEST_STEP][PASSED] - click(findTestObject("Object Repository/Page_Aprobacin de Produccin - KAIZEN/apo_click_selecione_cliente")): Object: 'Object Repository/Page_Aprobacin de Produccin - KAIZEN/apo_click_selecione_cliente' is clicked on

2020-03-09 12:33:43 - [MESSAGE][PASSED] - Object: 'Object Repository/Page_Aprobacin de Produccin - KAIZEN/apo_click_selecione_cliente' is clicked on

2020-03-09 12:33:43 - [TEST_STEP][PASSED] - selectOptionByValue(findTestObject("Object Repository/Page_Aprobacin de Produccin - KAIZEN/apo_assing_selecione_cliente"), IDCliente, true): All options with value '7' are selected in object 'Object Repository/Page_Aprobacin de Produccin - KAIZEN/apo_assing_selecione_cliente'  using regular expression

2020-03-09 12:33:45 - [MESSAGE][PASSED] - All options with value '7' are selected in object 'Object Repository/Page_Aprobacin de Produccin - KAIZEN/apo_assing_selecione_cliente'  using regular expression

2020-03-09 12:33:45 - [TEST_STEP][PASSED] - click(findTestObject("Object Repository/Page_Aprobacin de Produccin - KAIZEN/apo_Buscar")): Object: 'Object Repository/Page_Aprobacin de Produccin - KAIZEN/apo_Buscar' is clicked on

2020-03-09 12:33:47 - [MESSAGE][PASSED] - Object: 'Object Repository/Page_Aprobacin de Produccin - KAIZEN/apo_Buscar' is clicked on

2020-03-09 12:33:47 - [TEST_STEP][PASSED] - executeJavaScript("document.querySelector('.btn-info[href="/PedidoLubricante/DetalleAprobacion/" + IDPedido + "?Ventana=3"]').click()", null): Execute JavaScript 'document.querySelector('.btn-info[href="/PedidoLubricante/DetalleAprobacion/256?Ventana=3"]').click()' successfully

2020-03-09 12:33:50 - [MESSAGE][PASSED] - Execute JavaScript 'document.querySelector('.btn-info[href="/PedidoLubricante/DetalleAprobacion/256?Ventana=3"]').click()' successfully

2020-03-09 12:33:50 - [TEST_STEP][PASSED] - delay(5): Delayed 5 second(s)

2020-03-09 12:33:55 - [MESSAGE][PASSED] - Delayed 5 second(s)

2020-03-09 12:33:55 - [TEST_STEP][PASSED] - if (AprobacionProduccion == "Aprobar"): Object: 'Object Repository/Page_- KAIZEN/apo_btn_Aceptar' is clicked on

2020-03-09 12:33:55 - [TEST_STEP][PASSED] - click(findTestObject("Object Repository/Page_- KAIZEN/apo_Aprobar")): Object: 'Object Repository/Page_- KAIZEN/apo_Aprobar' is clicked on

2020-03-09 12:33:55 - [MESSAGE][PASSED] - Object: 'Object Repository/Page_- KAIZEN/apo_Aprobar' is clicked on

2020-03-09 12:33:55 - [TEST_STEP][PASSED] - click(findTestObject("Object Repository/Page_- KAIZEN/apo_btn_Aceptar")): Object: 'Object Repository/Page_- KAIZEN/apo_btn_Aceptar' is clicked on

2020-03-09 12:33:57 - [MESSAGE][PASSED] - Object: 'Object Repository/Page_- KAIZEN/apo_btn_Aceptar' is clicked on

2020-03-09 12:33:57 - [TEST_STEP][PASSED] - delay(10): Delayed 10 second(s)

2020-03-09 12:34:07 - [MESSAGE][PASSED] - Delayed 10 second(s)

2020-03-09 12:34:07 - [MESSAGE][PASSED] - Call Test Case 'Test Cases/Individual_Tests/Aprobacion_Produccion' successfully

2020-03-09 12:34:07 - [TEST_STEP][PASSED] - callTestCase(findTestCase("Individual_Tests/Login"), ["Evento":"Aprobar", "Index":Index], STOP_ON_FAILURE): Call Test Case 'Test Cases/Individual_Tests/Login' successfully

2020-03-09 12:34:07 - [TEST_CASE][PASSED] - Test Cases/Individual_Tests/Login: Test Cases/Individual_Tests/Login

2020-03-09 12:34:07 - [TEST_STEP][PASSED] - print("Evento Seleccionado: " + Evento + "
"): null

2020-03-09 12:34:07 - [TEST_STEP][PASSED] - openBrowser(Web): Browser is opened with url: 'http://test.kaizendev.net/Login/Accesar?salir=true'

2020-03-09 12:34:07 - [MESSAGE][WARNING] - A browser is already opened. Closing browser and opening a new one

2020-03-09 12:34:08 - [MESSAGE][INFO] - Starting 'Chrome' driver

2020-03-09 12:34:35 - [MESSAGE][PASSED] - Browser is opened with url: 'http://test.kaizendev.net/Login/Accesar?salir=true'

2020-03-09 12:34:35 - [TEST_STEP][PASSED] - maximizeWindow(): Current window maximized

2020-03-09 12:34:37 - [MESSAGE][PASSED] - Current window maximized

2020-03-09 12:34:37 - [TEST_STEP][PASSED] - if (Evento == "Crear20"): null

2020-03-09 12:34:37 - [TEST_STEP][PASSED] - else if (Evento == "Crear40"): null

2020-03-09 12:34:37 - [TEST_STEP][PASSED] - else if (Evento == "Aprobar"): Object: 'Object Repository/Page_Iniciar Sesion - KAIZEN/is_btn_ingresar_sistema' is clicked on

2020-03-09 12:34:37 - [TEST_STEP][PASSED] - data2 = obtener_excels.obtener_aprobaciones.getValuesExcelAprob20(Index): obtener_excels.obtener_aprobaciones.getValuesExcelAprob20 is PASSED

2020-03-09 12:34:37 - [MESSAGE][PASSED] - obtener_excels.obtener_aprobaciones.getValuesExcelAprob20 is PASSED

2020-03-09 12:34:37 - [TEST_STEP][PASSED] - Usuario = data2[1]: null

2020-03-09 12:34:37 - [TEST_STEP][PASSED] - Contrasena = data2[2]: null

2020-03-09 12:34:37 - [TEST_STEP][PASSED] - setText(findTestObject("Page_Iniciar Sesion - KAIZEN/is_input_email"), Usuario): Text 'automated.test@grupokaizen.net' is set on object 'Object Repository/Page_Iniciar Sesion - KAIZEN/is_input_email'

2020-03-09 12:34:37 - [MESSAGE][PASSED] - Text 'automated.test@grupokaizen.net' is set on object 'Object Repository/Page_Iniciar Sesion - KAIZEN/is_input_email'

2020-03-09 12:34:37 - [TEST_STEP][PASSED] - setEncryptedText(findTestObject("Page_Iniciar Sesion - KAIZEN/IS_input_contrasena"), Contrasena): Text ****** has been set on object 'Object Repository/Page_Iniciar Sesion - KAIZEN/IS_input_contrasena'

2020-03-09 12:34:38 - [MESSAGE][PASSED] - Text ****** has been set on object 'Object Repository/Page_Iniciar Sesion - KAIZEN/IS_input_contrasena'

2020-03-09 12:34:38 - [TEST_STEP][PASSED] - click(findTestObject("Page_Iniciar Sesion - KAIZEN/is_btn_ingresar_sistema")): Object: 'Object Repository/Page_Iniciar Sesion - KAIZEN/is_btn_ingresar_sistema' is clicked on

2020-03-09 12:34:41 - [MESSAGE][PASSED] - Object: 'Object Repository/Page_Iniciar Sesion - KAIZEN/is_btn_ingresar_sistema' is clicked on

2020-03-09 12:34:41 - [MESSAGE][PASSED] - Call Test Case 'Test Cases/Individual_Tests/Login' successfully

2020-03-09 12:34:41 - [TEST_STEP][PASSED] - callTestCase(findTestCase("Individual_Tests/Seleccionar_Idioma"), ["Evento":"Aprobar", "Index":Index], STOP_ON_FAILURE): Call Test Case 'Test Cases/Individual_Tests/Seleccionar_Idioma' successfully

2020-03-09 12:34:41 - [TEST_CASE][PASSED] - Test Cases/Individual_Tests/Seleccionar_Idioma: Test Cases/Individual_Tests/Seleccionar_Idioma

2020-03-09 12:34:41 - [TEST_STEP][PASSED] - Idioma = 0: null

2020-03-09 12:34:41 - [TEST_STEP][PASSED] - if (Evento == "Crear20"): null

2020-03-09 12:34:41 - [TEST_STEP][PASSED] - else if (Evento == "Crear40"): null

2020-03-09 12:34:41 - [TEST_STEP][PASSED] - else if (Evento == "Aprobar"): null

2020-03-09 12:34:41 - [TEST_STEP][PASSED] - data2 = obtener_excels.obtener_aprobaciones.getValuesExcelAprob20(Index): obtener_excels.obtener_aprobaciones.getValuesExcelAprob20 is PASSED

2020-03-09 12:34:41 - [MESSAGE][PASSED] - obtener_excels.obtener_aprobaciones.getValuesExcelAprob20 is PASSED

2020-03-09 12:34:41 - [TEST_STEP][PASSED] - Idioma = data2[0]: null

2020-03-09 12:34:41 - [TEST_STEP][PASSED] - click(findTestObject("Page_- KAIZEN/si_btn_idioma")): Object: 'Object Repository/Page_- KAIZEN/si_btn_idioma' is clicked on

2020-03-09 12:34:42 - [MESSAGE][PASSED] - Object: 'Object Repository/Page_- KAIZEN/si_btn_idioma' is clicked on

2020-03-09 12:34:42 - [TEST_STEP][PASSED] - if (Idioma == "0"): null

2020-03-09 12:34:42 - [TEST_STEP][PASSED] - else: Object: 'Object Repository/Page_- KAIZEN/si_Spanish' is clicked on

2020-03-09 12:34:42 - [TEST_STEP][PASSED] - click(findTestObject("Page_- KAIZEN/si_Spanish")): Object: 'Object Repository/Page_- KAIZEN/si_Spanish' is clicked on

2020-03-09 12:34:44 - [MESSAGE][PASSED] - Object: 'Object Repository/Page_- KAIZEN/si_Spanish' is clicked on

2020-03-09 12:34:44 - [MESSAGE][PASSED] - Call Test Case 'Test Cases/Individual_Tests/Seleccionar_Idioma' successfully

2020-03-09 12:34:44 - [TEST_STEP][PASSED] - callTestCase(findTestCase("Individual_Tests/Aprobacion_Produccion"), ["Index":Index], STOP_ON_FAILURE): Call Test Case 'Test Cases/Individual_Tests/Aprobacion_Produccion' successfully

2020-03-09 12:34:45 - [TEST_CASE][PASSED] - Test Cases/Individual_Tests/Aprobacion_Produccion: Test Cases/Individual_Tests/Aprobacion_Produccion

2020-03-09 12:34:45 - [TEST_STEP][PASSED] - data = obtener_excels.obtener_aprobaciones.getValuesExcelAprob20(Index): obtener_excels.obtener_aprobaciones.getValuesExcelAprob20 is PASSED

2020-03-09 12:34:45 - [MESSAGE][PASSED] - obtener_excels.obtener_aprobaciones.getValuesExcelAprob20 is PASSED

2020-03-09 12:34:45 - [TEST_STEP][PASSED] - IdPedido = data[3]: null

2020-03-09 12:34:45 - [TEST_STEP][PASSED] - Id_Cliente = data[4]: null

2020-03-09 12:34:45 - [TEST_STEP][PASSED] - AprobProduccion = data[7]: null

2020-03-09 12:34:45 - [TEST_STEP][PASSED] - IDPedido = IdPedido: null

2020-03-09 12:34:45 - [TEST_STEP][PASSED] - IDCliente = Id_Cliente: null

2020-03-09 12:34:45 - [TEST_STEP][PASSED] - AprobacionProduccion = AprobProduccion: null

2020-03-09 12:34:45 - [TEST_STEP][PASSED] - click(findTestObject("Object Repository/Page_- KAIZEN/apo_menuOperaciones")): Object: 'Object Repository/Page_- KAIZEN/apo_menuOperaciones' is clicked on

2020-03-09 12:34:45 - [MESSAGE][PASSED] - Object: 'Object Repository/Page_- KAIZEN/apo_menuOperaciones' is clicked on

2020-03-09 12:34:45 - [TEST_STEP][PASSED] - click(findTestObject("Object Repository/Page_- KAIZEN/apo_menu_aprobacion_produccin")): Object: 'Object Repository/Page_- KAIZEN/apo_menu_aprobacion_produccin' is clicked on

2020-03-09 12:34:49 - [MESSAGE][PASSED] - Object: 'Object Repository/Page_- KAIZEN/apo_menu_aprobacion_produccin' is clicked on

2020-03-09 12:34:49 - [TEST_STEP][PASSED] - click(findTestObject("Object Repository/Page_Aprobacin de Produccin - KAIZEN/apo_click_aprobacion_produccin")): Object: 'Object Repository/Page_Aprobacin de Produccin - KAIZEN/apo_click_aprobacion_produccin' is clicked on

2020-03-09 12:34:50 - [MESSAGE][PASSED] - Object: 'Object Repository/Page_Aprobacin de Produccin - KAIZEN/apo_click_aprobacion_produccin' is clicked on

2020-03-09 12:34:50 - [TEST_STEP][PASSED] - click(findTestObject("Object Repository/Page_Aprobacin de Produccin - KAIZEN/apo_seleccione_cliente")): Object: 'Object Repository/Page_Aprobacin de Produccin - KAIZEN/apo_seleccione_cliente' is clicked on

2020-03-09 12:34:51 - [MESSAGE][PASSED] - Object: 'Object Repository/Page_Aprobacin de Produccin - KAIZEN/apo_seleccione_cliente' is clicked on

2020-03-09 12:34:51 - [TEST_STEP][PASSED] - click(findTestObject("Object Repository/Page_Aprobacin de Produccin - KAIZEN/apo_click_selecione_cliente")): Object: 'Object Repository/Page_Aprobacin de Produccin - KAIZEN/apo_click_selecione_cliente' is clicked on

2020-03-09 12:34:52 - [MESSAGE][PASSED] - Object: 'Object Repository/Page_Aprobacin de Produccin - KAIZEN/apo_click_selecione_cliente' is clicked on

2020-03-09 12:34:52 - [TEST_STEP][PASSED] - selectOptionByValue(findTestObject("Object Repository/Page_Aprobacin de Produccin - KAIZEN/apo_assing_selecione_cliente"), IDCliente, true): All options with value '3' are selected in object 'Object Repository/Page_Aprobacin de Produccin - KAIZEN/apo_assing_selecione_cliente'  using regular expression

2020-03-09 12:34:53 - [MESSAGE][PASSED] - All options with value '3' are selected in object 'Object Repository/Page_Aprobacin de Produccin - KAIZEN/apo_assing_selecione_cliente'  using regular expression

2020-03-09 12:34:53 - [TEST_STEP][PASSED] - click(findTestObject("Object Repository/Page_Aprobacin de Produccin - KAIZEN/apo_Buscar")): Object: 'Object Repository/Page_Aprobacin de Produccin - KAIZEN/apo_Buscar' is clicked on

2020-03-09 12:34:55 - [MESSAGE][PASSED] - Object: 'Object Repository/Page_Aprobacin de Produccin - KAIZEN/apo_Buscar' is clicked on

2020-03-09 12:34:55 - [TEST_STEP][PASSED] - executeJavaScript("document.querySelector('.btn-info[href="/PedidoLubricante/DetalleAprobacion/" + IDPedido + "?Ventana=3"]').click()", null): Execute JavaScript 'document.querySelector('.btn-info[href="/PedidoLubricante/DetalleAprobacion/257?Ventana=3"]').click()' successfully

2020-03-09 12:34:57 - [MESSAGE][PASSED] - Execute JavaScript 'document.querySelector('.btn-info[href="/PedidoLubricante/DetalleAprobacion/257?Ventana=3"]').click()' successfully

2020-03-09 12:34:57 - [TEST_STEP][PASSED] - delay(5): Delayed 5 second(s)

2020-03-09 12:35:02 - [MESSAGE][PASSED] - Delayed 5 second(s)

2020-03-09 12:35:02 - [TEST_STEP][PASSED] - if (AprobacionProduccion == "Aprobar"): Object: 'Object Repository/Page_- KAIZEN/apo_btn_Aceptar' is clicked on

2020-03-09 12:35:02 - [TEST_STEP][PASSED] - click(findTestObject("Object Repository/Page_- KAIZEN/apo_Aprobar")): Object: 'Object Repository/Page_- KAIZEN/apo_Aprobar' is clicked on

2020-03-09 12:35:03 - [MESSAGE][PASSED] - Object: 'Object Repository/Page_- KAIZEN/apo_Aprobar' is clicked on

2020-03-09 12:35:03 - [TEST_STEP][PASSED] - click(findTestObject("Object Repository/Page_- KAIZEN/apo_btn_Aceptar")): Object: 'Object Repository/Page_- KAIZEN/apo_btn_Aceptar' is clicked on

2020-03-09 12:35:05 - [MESSAGE][PASSED] - Object: 'Object Repository/Page_- KAIZEN/apo_btn_Aceptar' is clicked on

2020-03-09 12:35:05 - [TEST_STEP][PASSED] - delay(10): Delayed 10 second(s)

2020-03-09 12:35:15 - [MESSAGE][PASSED] - Delayed 10 second(s)

2020-03-09 12:35:15 - [MESSAGE][PASSED] - Call Test Case 'Test Cases/Individual_Tests/Aprobacion_Produccion' successfully

2020-03-09 12:35:15 - [TEST_STEP][PASSED] - callTestCase(findTestCase("Individual_Tests/Login"), ["Evento":"Aprobar", "Index":Index], STOP_ON_FAILURE): Call Test Case 'Test Cases/Individual_Tests/Login' successfully

2020-03-09 12:35:16 - [TEST_CASE][PASSED] - Test Cases/Individual_Tests/Login: Test Cases/Individual_Tests/Login

2020-03-09 12:35:16 - [TEST_STEP][PASSED] - print("Evento Seleccionado: " + Evento + "
"): null

2020-03-09 12:35:16 - [TEST_STEP][PASSED] - openBrowser(Web): Browser is opened with url: 'http://test.kaizendev.net/Login/Accesar?salir=true'

2020-03-09 12:35:16 - [MESSAGE][WARNING] - A browser is already opened. Closing browser and opening a new one

2020-03-09 12:35:20 - [MESSAGE][INFO] - Starting 'Chrome' driver

2020-03-09 12:35:47 - [MESSAGE][PASSED] - Browser is opened with url: 'http://test.kaizendev.net/Login/Accesar?salir=true'

2020-03-09 12:35:47 - [TEST_STEP][PASSED] - maximizeWindow(): Current window maximized

2020-03-09 12:35:48 - [MESSAGE][PASSED] - Current window maximized

2020-03-09 12:35:48 - [TEST_STEP][PASSED] - if (Evento == "Crear20"): null

2020-03-09 12:35:48 - [TEST_STEP][PASSED] - else if (Evento == "Crear40"): null

2020-03-09 12:35:48 - [TEST_STEP][PASSED] - else if (Evento == "Aprobar"): Object: 'Object Repository/Page_Iniciar Sesion - KAIZEN/is_btn_ingresar_sistema' is clicked on

2020-03-09 12:35:48 - [TEST_STEP][PASSED] - data2 = obtener_excels.obtener_aprobaciones.getValuesExcelAprob20(Index): obtener_excels.obtener_aprobaciones.getValuesExcelAprob20 is PASSED

2020-03-09 12:35:48 - [MESSAGE][PASSED] - obtener_excels.obtener_aprobaciones.getValuesExcelAprob20 is PASSED

2020-03-09 12:35:48 - [TEST_STEP][PASSED] - Usuario = data2[1]: null

2020-03-09 12:35:48 - [TEST_STEP][PASSED] - Contrasena = data2[2]: null

2020-03-09 12:35:48 - [TEST_STEP][PASSED] - setText(findTestObject("Page_Iniciar Sesion - KAIZEN/is_input_email"), Usuario): Text 'automated.test@grupokaizen.net' is set on object 'Object Repository/Page_Iniciar Sesion - KAIZEN/is_input_email'

2020-03-09 12:35:49 - [MESSAGE][PASSED] - Text 'automated.test@grupokaizen.net' is set on object 'Object Repository/Page_Iniciar Sesion - KAIZEN/is_input_email'

2020-03-09 12:35:49 - [TEST_STEP][PASSED] - setEncryptedText(findTestObject("Page_Iniciar Sesion - KAIZEN/IS_input_contrasena"), Contrasena): Text ****** has been set on object 'Object Repository/Page_Iniciar Sesion - KAIZEN/IS_input_contrasena'

2020-03-09 12:35:50 - [MESSAGE][PASSED] - Text ****** has been set on object 'Object Repository/Page_Iniciar Sesion - KAIZEN/IS_input_contrasena'

2020-03-09 12:35:50 - [TEST_STEP][PASSED] - click(findTestObject("Page_Iniciar Sesion - KAIZEN/is_btn_ingresar_sistema")): Object: 'Object Repository/Page_Iniciar Sesion - KAIZEN/is_btn_ingresar_sistema' is clicked on

2020-03-09 12:35:56 - [MESSAGE][PASSED] - Object: 'Object Repository/Page_Iniciar Sesion - KAIZEN/is_btn_ingresar_sistema' is clicked on

2020-03-09 12:35:56 - [MESSAGE][PASSED] - Call Test Case 'Test Cases/Individual_Tests/Login' successfully

2020-03-09 12:35:56 - [TEST_STEP][PASSED] - callTestCase(findTestCase("Individual_Tests/Seleccionar_Idioma"), ["Evento":"Aprobar", "Index":Index], STOP_ON_FAILURE): Call Test Case 'Test Cases/Individual_Tests/Seleccionar_Idioma' successfully

2020-03-09 12:35:56 - [TEST_CASE][PASSED] - Test Cases/Individual_Tests/Seleccionar_Idioma: Test Cases/Individual_Tests/Seleccionar_Idioma

2020-03-09 12:35:56 - [TEST_STEP][PASSED] - Idioma = 0: null

2020-03-09 12:35:56 - [TEST_STEP][PASSED] - if (Evento == "Crear20"): null

2020-03-09 12:35:56 - [TEST_STEP][PASSED] - else if (Evento == "Crear40"): null

2020-03-09 12:35:56 - [TEST_STEP][PASSED] - else if (Evento == "Aprobar"): null

2020-03-09 12:35:56 - [TEST_STEP][PASSED] - data2 = obtener_excels.obtener_aprobaciones.getValuesExcelAprob20(Index): obtener_excels.obtener_aprobaciones.getValuesExcelAprob20 is PASSED

2020-03-09 12:35:56 - [MESSAGE][PASSED] - obtener_excels.obtener_aprobaciones.getValuesExcelAprob20 is PASSED

2020-03-09 12:35:56 - [TEST_STEP][PASSED] - Idioma = data2[0]: null

2020-03-09 12:35:56 - [TEST_STEP][PASSED] - click(findTestObject("Page_- KAIZEN/si_btn_idioma")): Object: 'Object Repository/Page_- KAIZEN/si_btn_idioma' is clicked on

2020-03-09 12:35:56 - [MESSAGE][PASSED] - Object: 'Object Repository/Page_- KAIZEN/si_btn_idioma' is clicked on

2020-03-09 12:35:56 - [TEST_STEP][PASSED] - if (Idioma == "0"): Object: 'Object Repository/Page_- KAIZEN/si_Ingles' is clicked on

2020-03-09 12:35:56 - [TEST_STEP][PASSED] - click(findTestObject("Page_- KAIZEN/si_Ingles")): Object: 'Object Repository/Page_- KAIZEN/si_Ingles' is clicked on

2020-03-09 12:35:59 - [MESSAGE][PASSED] - Object: 'Object Repository/Page_- KAIZEN/si_Ingles' is clicked on

2020-03-09 12:35:59 - [MESSAGE][PASSED] - Call Test Case 'Test Cases/Individual_Tests/Seleccionar_Idioma' successfully

2020-03-09 12:35:59 - [TEST_STEP][PASSED] - callTestCase(findTestCase("Individual_Tests/Aprobacion_Produccion"), ["Index":Index], STOP_ON_FAILURE): Call Test Case 'Test Cases/Individual_Tests/Aprobacion_Produccion' successfully

2020-03-09 12:35:59 - [TEST_CASE][PASSED] - Test Cases/Individual_Tests/Aprobacion_Produccion: Test Cases/Individual_Tests/Aprobacion_Produccion

2020-03-09 12:35:59 - [TEST_STEP][PASSED] - data = obtener_excels.obtener_aprobaciones.getValuesExcelAprob20(Index): obtener_excels.obtener_aprobaciones.getValuesExcelAprob20 is PASSED

2020-03-09 12:35:59 - [MESSAGE][PASSED] - obtener_excels.obtener_aprobaciones.getValuesExcelAprob20 is PASSED

2020-03-09 12:35:59 - [TEST_STEP][PASSED] - IdPedido = data[3]: null

2020-03-09 12:35:59 - [TEST_STEP][PASSED] - Id_Cliente = data[4]: null

2020-03-09 12:35:59 - [TEST_STEP][PASSED] - AprobProduccion = data[7]: null

2020-03-09 12:35:59 - [TEST_STEP][PASSED] - IDPedido = IdPedido: null

2020-03-09 12:35:59 - [TEST_STEP][PASSED] - IDCliente = Id_Cliente: null

2020-03-09 12:35:59 - [TEST_STEP][PASSED] - AprobacionProduccion = AprobProduccion: null

2020-03-09 12:35:59 - [TEST_STEP][PASSED] - click(findTestObject("Object Repository/Page_- KAIZEN/apo_menuOperaciones")): Object: 'Object Repository/Page_- KAIZEN/apo_menuOperaciones' is clicked on

2020-03-09 12:36:00 - [MESSAGE][PASSED] - Object: 'Object Repository/Page_- KAIZEN/apo_menuOperaciones' is clicked on

2020-03-09 12:36:00 - [TEST_STEP][PASSED] - click(findTestObject("Object Repository/Page_- KAIZEN/apo_menu_aprobacion_produccin")): Object: 'Object Repository/Page_- KAIZEN/apo_menu_aprobacion_produccin' is clicked on

2020-03-09 12:36:04 - [MESSAGE][PASSED] - Object: 'Object Repository/Page_- KAIZEN/apo_menu_aprobacion_produccin' is clicked on

2020-03-09 12:36:04 - [TEST_STEP][PASSED] - click(findTestObject("Object Repository/Page_Aprobacin de Produccin - KAIZEN/apo_click_aprobacion_produccin")): Object: 'Object Repository/Page_Aprobacin de Produccin - KAIZEN/apo_click_aprobacion_produccin' is clicked on

2020-03-09 12:36:05 - [MESSAGE][PASSED] - Object: 'Object Repository/Page_Aprobacin de Produccin - KAIZEN/apo_click_aprobacion_produccin' is clicked on

2020-03-09 12:36:05 - [TEST_STEP][PASSED] - click(findTestObject("Object Repository/Page_Aprobacin de Produccin - KAIZEN/apo_seleccione_cliente")): Object: 'Object Repository/Page_Aprobacin de Produccin - KAIZEN/apo_seleccione_cliente' is clicked on

2020-03-09 12:36:06 - [MESSAGE][PASSED] - Object: 'Object Repository/Page_Aprobacin de Produccin - KAIZEN/apo_seleccione_cliente' is clicked on

2020-03-09 12:36:06 - [TEST_STEP][PASSED] - click(findTestObject("Object Repository/Page_Aprobacin de Produccin - KAIZEN/apo_click_selecione_cliente")): Object: 'Object Repository/Page_Aprobacin de Produccin - KAIZEN/apo_click_selecione_cliente' is clicked on

2020-03-09 12:36:06 - [MESSAGE][PASSED] - Object: 'Object Repository/Page_Aprobacin de Produccin - KAIZEN/apo_click_selecione_cliente' is clicked on

2020-03-09 12:36:06 - [TEST_STEP][PASSED] - selectOptionByValue(findTestObject("Object Repository/Page_Aprobacin de Produccin - KAIZEN/apo_assing_selecione_cliente"), IDCliente, true): All options with value '2' are selected in object 'Object Repository/Page_Aprobacin de Produccin - KAIZEN/apo_assing_selecione_cliente'  using regular expression

2020-03-09 12:36:08 - [MESSAGE][PASSED] - All options with value '2' are selected in object 'Object Repository/Page_Aprobacin de Produccin - KAIZEN/apo_assing_selecione_cliente'  using regular expression

2020-03-09 12:36:08 - [TEST_STEP][PASSED] - click(findTestObject("Object Repository/Page_Aprobacin de Produccin - KAIZEN/apo_Buscar")): Object: 'Object Repository/Page_Aprobacin de Produccin - KAIZEN/apo_Buscar' is clicked on

2020-03-09 12:36:10 - [MESSAGE][PASSED] - Object: 'Object Repository/Page_Aprobacin de Produccin - KAIZEN/apo_Buscar' is clicked on

2020-03-09 12:36:10 - [TEST_STEP][PASSED] - executeJavaScript("document.querySelector('.btn-info[href="/PedidoLubricante/DetalleAprobacion/" + IDPedido + "?Ventana=3"]').click()", null): Execute JavaScript 'document.querySelector('.btn-info[href="/PedidoLubricante/DetalleAprobacion/258?Ventana=3"]').click()' successfully

2020-03-09 12:36:13 - [MESSAGE][PASSED] - Execute JavaScript 'document.querySelector('.btn-info[href="/PedidoLubricante/DetalleAprobacion/258?Ventana=3"]').click()' successfully

2020-03-09 12:36:13 - [TEST_STEP][PASSED] - delay(5): Delayed 5 second(s)

2020-03-09 12:36:18 - [MESSAGE][PASSED] - Delayed 5 second(s)

2020-03-09 12:36:18 - [TEST_STEP][PASSED] - if (AprobacionProduccion == "Aprobar"): null

2020-03-09 12:36:18 - [TEST_STEP][PASSED] - else: Object: 'Object Repository/Page_- KAIZEN/apo_btn_Aceptar' is clicked on

2020-03-09 12:36:18 - [TEST_STEP][PASSED] - click(findTestObject("Object Repository/Page_- KAIZEN/apo_Denegar")): Object: 'Object Repository/Page_- KAIZEN/apo_Denegar' is clicked on

2020-03-09 12:36:18 - [MESSAGE][PASSED] - Object: 'Object Repository/Page_- KAIZEN/apo_Denegar' is clicked on

2020-03-09 12:36:18 - [TEST_STEP][PASSED] - click(findTestObject("Object Repository/Page_- KAIZEN/apo_btn_Aceptar")): Object: 'Object Repository/Page_- KAIZEN/apo_btn_Aceptar' is clicked on

2020-03-09 12:36:19 - [MESSAGE][PASSED] - Object: 'Object Repository/Page_- KAIZEN/apo_btn_Aceptar' is clicked on

2020-03-09 12:36:19 - [TEST_STEP][PASSED] - delay(10): Delayed 10 second(s)

2020-03-09 12:36:29 - [MESSAGE][PASSED] - Delayed 10 second(s)

2020-03-09 12:36:29 - [MESSAGE][PASSED] - Call Test Case 'Test Cases/Individual_Tests/Aprobacion_Produccion' successfully

2020-03-09 12:36:29 - [TEST_STEP][PASSED] - callTestCase(findTestCase("Individual_Tests/Login"), ["Evento":"Aprobar", "Index":Index], STOP_ON_FAILURE): Call Test Case 'Test Cases/Individual_Tests/Login' successfully

2020-03-09 12:36:29 - [TEST_CASE][PASSED] - Test Cases/Individual_Tests/Login: Test Cases/Individual_Tests/Login

2020-03-09 12:36:29 - [TEST_STEP][PASSED] - print("Evento Seleccionado: " + Evento + "
"): null

2020-03-09 12:36:29 - [TEST_STEP][PASSED] - openBrowser(Web): Browser is opened with url: 'http://test.kaizendev.net/Login/Accesar?salir=true'

2020-03-09 12:36:29 - [MESSAGE][WARNING] - A browser is already opened. Closing browser and opening a new one

2020-03-09 12:36:30 - [MESSAGE][INFO] - Starting 'Chrome' driver

2020-03-09 12:37:19 - [MESSAGE][PASSED] - Browser is opened with url: 'http://test.kaizendev.net/Login/Accesar?salir=true'

2020-03-09 12:37:19 - [TEST_STEP][PASSED] - maximizeWindow(): Current window maximized

2020-03-09 12:37:20 - [MESSAGE][PASSED] - Current window maximized

2020-03-09 12:37:20 - [TEST_STEP][PASSED] - if (Evento == "Crear20"): null

2020-03-09 12:37:20 - [TEST_STEP][PASSED] - else if (Evento == "Crear40"): null

2020-03-09 12:37:20 - [TEST_STEP][PASSED] - else if (Evento == "Aprobar"): Object: 'Object Repository/Page_Iniciar Sesion - KAIZEN/is_btn_ingresar_sistema' is clicked on

2020-03-09 12:37:20 - [TEST_STEP][PASSED] - data2 = obtener_excels.obtener_aprobaciones.getValuesExcelAprob20(Index): obtener_excels.obtener_aprobaciones.getValuesExcelAprob20 is PASSED

2020-03-09 12:37:20 - [MESSAGE][PASSED] - obtener_excels.obtener_aprobaciones.getValuesExcelAprob20 is PASSED

2020-03-09 12:37:20 - [TEST_STEP][PASSED] - Usuario = data2[1]: null

2020-03-09 12:37:20 - [TEST_STEP][PASSED] - Contrasena = data2[2]: null

2020-03-09 12:37:20 - [TEST_STEP][PASSED] - setText(findTestObject("Page_Iniciar Sesion - KAIZEN/is_input_email"), Usuario): Text 'automated.test@grupokaizen.net' is set on object 'Object Repository/Page_Iniciar Sesion - KAIZEN/is_input_email'

2020-03-09 12:37:21 - [MESSAGE][PASSED] - Text 'automated.test@grupokaizen.net' is set on object 'Object Repository/Page_Iniciar Sesion - KAIZEN/is_input_email'

2020-03-09 12:37:21 - [TEST_STEP][PASSED] - setEncryptedText(findTestObject("Page_Iniciar Sesion - KAIZEN/IS_input_contrasena"), Contrasena): Text ****** has been set on object 'Object Repository/Page_Iniciar Sesion - KAIZEN/IS_input_contrasena'

2020-03-09 12:37:22 - [MESSAGE][PASSED] - Text ****** has been set on object 'Object Repository/Page_Iniciar Sesion - KAIZEN/IS_input_contrasena'

2020-03-09 12:37:22 - [TEST_STEP][PASSED] - click(findTestObject("Page_Iniciar Sesion - KAIZEN/is_btn_ingresar_sistema")): Object: 'Object Repository/Page_Iniciar Sesion - KAIZEN/is_btn_ingresar_sistema' is clicked on

2020-03-09 12:37:27 - [MESSAGE][PASSED] - Object: 'Object Repository/Page_Iniciar Sesion - KAIZEN/is_btn_ingresar_sistema' is clicked on

2020-03-09 12:37:27 - [MESSAGE][PASSED] - Call Test Case 'Test Cases/Individual_Tests/Login' successfully

2020-03-09 12:37:27 - [TEST_STEP][PASSED] - callTestCase(findTestCase("Individual_Tests/Seleccionar_Idioma"), ["Evento":"Aprobar", "Index":Index], STOP_ON_FAILURE): Call Test Case 'Test Cases/Individual_Tests/Seleccionar_Idioma' successfully

2020-03-09 12:37:27 - [TEST_CASE][PASSED] - Test Cases/Individual_Tests/Seleccionar_Idioma: Test Cases/Individual_Tests/Seleccionar_Idioma

2020-03-09 12:37:27 - [TEST_STEP][PASSED] - Idioma = 0: null

2020-03-09 12:37:27 - [TEST_STEP][PASSED] - if (Evento == "Crear20"): null

2020-03-09 12:37:27 - [TEST_STEP][PASSED] - else if (Evento == "Crear40"): null

2020-03-09 12:37:27 - [TEST_STEP][PASSED] - else if (Evento == "Aprobar"): null

2020-03-09 12:37:27 - [TEST_STEP][PASSED] - data2 = obtener_excels.obtener_aprobaciones.getValuesExcelAprob20(Index): obtener_excels.obtener_aprobaciones.getValuesExcelAprob20 is PASSED

2020-03-09 12:37:27 - [MESSAGE][PASSED] - obtener_excels.obtener_aprobaciones.getValuesExcelAprob20 is PASSED

2020-03-09 12:37:27 - [TEST_STEP][PASSED] - Idioma = data2[0]: null

2020-03-09 12:37:27 - [TEST_STEP][PASSED] - click(findTestObject("Page_- KAIZEN/si_btn_idioma")): Object: 'Object Repository/Page_- KAIZEN/si_btn_idioma' is clicked on

2020-03-09 12:37:28 - [MESSAGE][PASSED] - Object: 'Object Repository/Page_- KAIZEN/si_btn_idioma' is clicked on

2020-03-09 12:37:28 - [TEST_STEP][PASSED] - if (Idioma == "0"): null

2020-03-09 12:37:28 - [TEST_STEP][PASSED] - else: Object: 'Object Repository/Page_- KAIZEN/si_Spanish' is clicked on

2020-03-09 12:37:28 - [TEST_STEP][PASSED] - click(findTestObject("Page_- KAIZEN/si_Spanish")): Object: 'Object Repository/Page_- KAIZEN/si_Spanish' is clicked on

2020-03-09 12:37:30 - [MESSAGE][PASSED] - Object: 'Object Repository/Page_- KAIZEN/si_Spanish' is clicked on

2020-03-09 12:37:30 - [MESSAGE][PASSED] - Call Test Case 'Test Cases/Individual_Tests/Seleccionar_Idioma' successfully

2020-03-09 12:37:30 - [TEST_STEP][PASSED] - callTestCase(findTestCase("Individual_Tests/Aprobacion_Produccion"), ["Index":Index], STOP_ON_FAILURE): Call Test Case 'Test Cases/Individual_Tests/Aprobacion_Produccion' successfully

2020-03-09 12:37:31 - [TEST_CASE][PASSED] - Test Cases/Individual_Tests/Aprobacion_Produccion: Test Cases/Individual_Tests/Aprobacion_Produccion

2020-03-09 12:37:31 - [TEST_STEP][PASSED] - data = obtener_excels.obtener_aprobaciones.getValuesExcelAprob20(Index): obtener_excels.obtener_aprobaciones.getValuesExcelAprob20 is PASSED

2020-03-09 12:37:31 - [MESSAGE][PASSED] - obtener_excels.obtener_aprobaciones.getValuesExcelAprob20 is PASSED

2020-03-09 12:37:31 - [TEST_STEP][PASSED] - IdPedido = data[3]: null

2020-03-09 12:37:31 - [TEST_STEP][PASSED] - Id_Cliente = data[4]: null

2020-03-09 12:37:31 - [TEST_STEP][PASSED] - AprobProduccion = data[7]: null

2020-03-09 12:37:31 - [TEST_STEP][PASSED] - IDPedido = IdPedido: null

2020-03-09 12:37:31 - [TEST_STEP][PASSED] - IDCliente = Id_Cliente: null

2020-03-09 12:37:31 - [TEST_STEP][PASSED] - AprobacionProduccion = AprobProduccion: null

2020-03-09 12:37:31 - [TEST_STEP][PASSED] - click(findTestObject("Object Repository/Page_- KAIZEN/apo_menuOperaciones")): Object: 'Object Repository/Page_- KAIZEN/apo_menuOperaciones' is clicked on

2020-03-09 12:37:31 - [MESSAGE][PASSED] - Object: 'Object Repository/Page_- KAIZEN/apo_menuOperaciones' is clicked on

2020-03-09 12:37:31 - [TEST_STEP][PASSED] - click(findTestObject("Object Repository/Page_- KAIZEN/apo_menu_aprobacion_produccin")): Object: 'Object Repository/Page_- KAIZEN/apo_menu_aprobacion_produccin' is clicked on

2020-03-09 12:37:33 - [MESSAGE][PASSED] - Object: 'Object Repository/Page_- KAIZEN/apo_menu_aprobacion_produccin' is clicked on

2020-03-09 12:37:33 - [TEST_STEP][PASSED] - click(findTestObject("Object Repository/Page_Aprobacin de Produccin - KAIZEN/apo_click_aprobacion_produccin")): Object: 'Object Repository/Page_Aprobacin de Produccin - KAIZEN/apo_click_aprobacion_produccin' is clicked on

2020-03-09 12:37:34 - [MESSAGE][PASSED] - Object: 'Object Repository/Page_Aprobacin de Produccin - KAIZEN/apo_click_aprobacion_produccin' is clicked on

2020-03-09 12:37:34 - [TEST_STEP][PASSED] - click(findTestObject("Object Repository/Page_Aprobacin de Produccin - KAIZEN/apo_seleccione_cliente")): Object: 'Object Repository/Page_Aprobacin de Produccin - KAIZEN/apo_seleccione_cliente' is clicked on

2020-03-09 12:37:35 - [MESSAGE][PASSED] - Object: 'Object Repository/Page_Aprobacin de Produccin - KAIZEN/apo_seleccione_cliente' is clicked on

2020-03-09 12:37:35 - [TEST_STEP][PASSED] - click(findTestObject("Object Repository/Page_Aprobacin de Produccin - KAIZEN/apo_click_selecione_cliente")): Object: 'Object Repository/Page_Aprobacin de Produccin - KAIZEN/apo_click_selecione_cliente' is clicked on

2020-03-09 12:37:35 - [MESSAGE][PASSED] - Object: 'Object Repository/Page_Aprobacin de Produccin - KAIZEN/apo_click_selecione_cliente' is clicked on

2020-03-09 12:37:35 - [TEST_STEP][PASSED] - selectOptionByValue(findTestObject("Object Repository/Page_Aprobacin de Produccin - KAIZEN/apo_assing_selecione_cliente"), IDCliente, true): All options with value '7' are selected in object 'Object Repository/Page_Aprobacin de Produccin - KAIZEN/apo_assing_selecione_cliente'  using regular expression

2020-03-09 12:37:38 - [MESSAGE][PASSED] - All options with value '7' are selected in object 'Object Repository/Page_Aprobacin de Produccin - KAIZEN/apo_assing_selecione_cliente'  using regular expression

2020-03-09 12:37:38 - [TEST_STEP][PASSED] - click(findTestObject("Object Repository/Page_Aprobacin de Produccin - KAIZEN/apo_Buscar")): Object: 'Object Repository/Page_Aprobacin de Produccin - KAIZEN/apo_Buscar' is clicked on

2020-03-09 12:37:43 - [MESSAGE][PASSED] - Object: 'Object Repository/Page_Aprobacin de Produccin - KAIZEN/apo_Buscar' is clicked on

2020-03-09 12:37:43 - [TEST_STEP][PASSED] - executeJavaScript("document.querySelector('.btn-info[href="/PedidoLubricante/DetalleAprobacion/" + IDPedido + "?Ventana=3"]').click()", null): Execute JavaScript 'document.querySelector('.btn-info[href="/PedidoLubricante/DetalleAprobacion/259?Ventana=3"]').click()' successfully

2020-03-09 12:37:47 - [MESSAGE][PASSED] - Execute JavaScript 'document.querySelector('.btn-info[href="/PedidoLubricante/DetalleAprobacion/259?Ventana=3"]').click()' successfully

2020-03-09 12:37:47 - [TEST_STEP][PASSED] - delay(5): Delayed 5 second(s)

2020-03-09 12:37:52 - [MESSAGE][PASSED] - Delayed 5 second(s)

2020-03-09 12:37:52 - [TEST_STEP][PASSED] - if (AprobacionProduccion == "Aprobar"): Object: 'Object Repository/Page_- KAIZEN/apo_btn_Aceptar' is clicked on

2020-03-09 12:37:52 - [TEST_STEP][PASSED] - click(findTestObject("Object Repository/Page_- KAIZEN/apo_Aprobar")): Object: 'Object Repository/Page_- KAIZEN/apo_Aprobar' is clicked on

2020-03-09 12:37:53 - [MESSAGE][PASSED] - Object: 'Object Repository/Page_- KAIZEN/apo_Aprobar' is clicked on

2020-03-09 12:37:53 - [TEST_STEP][PASSED] - click(findTestObject("Object Repository/Page_- KAIZEN/apo_btn_Aceptar")): Object: 'Object Repository/Page_- KAIZEN/apo_btn_Aceptar' is clicked on

2020-03-09 12:37:55 - [MESSAGE][PASSED] - Object: 'Object Repository/Page_- KAIZEN/apo_btn_Aceptar' is clicked on

2020-03-09 12:37:55 - [TEST_STEP][PASSED] - delay(10): Delayed 10 second(s)

2020-03-09 12:38:05 - [MESSAGE][PASSED] - Delayed 10 second(s)

2020-03-09 12:38:05 - [MESSAGE][PASSED] - Call Test Case 'Test Cases/Individual_Tests/Aprobacion_Produccion' successfully

2020-03-09 12:38:05 - [TEST_STEP][PASSED] - callTestCase(findTestCase("Individual_Tests/Login"), ["Evento":"Aprobar", "Index":Index], STOP_ON_FAILURE): Call Test Case 'Test Cases/Individual_Tests/Login' successfully

2020-03-09 12:38:05 - [TEST_CASE][PASSED] - Test Cases/Individual_Tests/Login: Test Cases/Individual_Tests/Login

2020-03-09 12:38:05 - [TEST_STEP][PASSED] - print("Evento Seleccionado: " + Evento + "
"): null

2020-03-09 12:38:05 - [TEST_STEP][PASSED] - openBrowser(Web): Browser is opened with url: 'http://test.kaizendev.net/Login/Accesar?salir=true'

2020-03-09 12:38:05 - [MESSAGE][WARNING] - A browser is already opened. Closing browser and opening a new one

2020-03-09 12:38:06 - [MESSAGE][INFO] - Starting 'Chrome' driver

2020-03-09 12:39:01 - [MESSAGE][PASSED] - Browser is opened with url: 'http://test.kaizendev.net/Login/Accesar?salir=true'

2020-03-09 12:39:01 - [TEST_STEP][PASSED] - maximizeWindow(): Current window maximized

2020-03-09 12:39:02 - [MESSAGE][PASSED] - Current window maximized

2020-03-09 12:39:02 - [TEST_STEP][PASSED] - if (Evento == "Crear20"): null

2020-03-09 12:39:02 - [TEST_STEP][PASSED] - else if (Evento == "Crear40"): null

2020-03-09 12:39:02 - [TEST_STEP][PASSED] - else if (Evento == "Aprobar"): Object: 'Object Repository/Page_Iniciar Sesion - KAIZEN/is_btn_ingresar_sistema' is clicked on

2020-03-09 12:39:02 - [TEST_STEP][PASSED] - data2 = obtener_excels.obtener_aprobaciones.getValuesExcelAprob20(Index): obtener_excels.obtener_aprobaciones.getValuesExcelAprob20 is PASSED

2020-03-09 12:39:02 - [MESSAGE][PASSED] - obtener_excels.obtener_aprobaciones.getValuesExcelAprob20 is PASSED

2020-03-09 12:39:02 - [TEST_STEP][PASSED] - Usuario = data2[1]: null

2020-03-09 12:39:02 - [TEST_STEP][PASSED] - Contrasena = data2[2]: null

2020-03-09 12:39:02 - [TEST_STEP][PASSED] - setText(findTestObject("Page_Iniciar Sesion - KAIZEN/is_input_email"), Usuario): Text 'automated.test@grupokaizen.net' is set on object 'Object Repository/Page_Iniciar Sesion - KAIZEN/is_input_email'

2020-03-09 12:39:03 - [MESSAGE][PASSED] - Text 'automated.test@grupokaizen.net' is set on object 'Object Repository/Page_Iniciar Sesion - KAIZEN/is_input_email'

2020-03-09 12:39:03 - [TEST_STEP][PASSED] - setEncryptedText(findTestObject("Page_Iniciar Sesion - KAIZEN/IS_input_contrasena"), Contrasena): Text ****** has been set on object 'Object Repository/Page_Iniciar Sesion - KAIZEN/IS_input_contrasena'

2020-03-09 12:39:04 - [MESSAGE][PASSED] - Text ****** has been set on object 'Object Repository/Page_Iniciar Sesion - KAIZEN/IS_input_contrasena'

2020-03-09 12:39:04 - [TEST_STEP][PASSED] - click(findTestObject("Page_Iniciar Sesion - KAIZEN/is_btn_ingresar_sistema")): Object: 'Object Repository/Page_Iniciar Sesion - KAIZEN/is_btn_ingresar_sistema' is clicked on

2020-03-09 12:39:11 - [MESSAGE][PASSED] - Object: 'Object Repository/Page_Iniciar Sesion - KAIZEN/is_btn_ingresar_sistema' is clicked on

2020-03-09 12:39:11 - [MESSAGE][PASSED] - Call Test Case 'Test Cases/Individual_Tests/Login' successfully

2020-03-09 12:39:11 - [TEST_STEP][PASSED] - callTestCase(findTestCase("Individual_Tests/Seleccionar_Idioma"), ["Evento":"Aprobar", "Index":Index], STOP_ON_FAILURE): Call Test Case 'Test Cases/Individual_Tests/Seleccionar_Idioma' successfully

2020-03-09 12:39:11 - [TEST_CASE][PASSED] - Test Cases/Individual_Tests/Seleccionar_Idioma: Test Cases/Individual_Tests/Seleccionar_Idioma

2020-03-09 12:39:11 - [TEST_STEP][PASSED] - Idioma = 0: null

2020-03-09 12:39:11 - [TEST_STEP][PASSED] - if (Evento == "Crear20"): null

2020-03-09 12:39:11 - [TEST_STEP][PASSED] - else if (Evento == "Crear40"): null

2020-03-09 12:39:11 - [TEST_STEP][PASSED] - else if (Evento == "Aprobar"): null

2020-03-09 12:39:11 - [TEST_STEP][PASSED] - data2 = obtener_excels.obtener_aprobaciones.getValuesExcelAprob20(Index): obtener_excels.obtener_aprobaciones.getValuesExcelAprob20 is PASSED

2020-03-09 12:39:11 - [MESSAGE][PASSED] - obtener_excels.obtener_aprobaciones.getValuesExcelAprob20 is PASSED

2020-03-09 12:39:11 - [TEST_STEP][PASSED] - Idioma = data2[0]: null

2020-03-09 12:39:11 - [TEST_STEP][PASSED] - click(findTestObject("Page_- KAIZEN/si_btn_idioma")): Object: 'Object Repository/Page_- KAIZEN/si_btn_idioma' is clicked on

2020-03-09 12:39:11 - [MESSAGE][PASSED] - Object: 'Object Repository/Page_- KAIZEN/si_btn_idioma' is clicked on

2020-03-09 12:39:11 - [TEST_STEP][PASSED] - if (Idioma == "0"): Object: 'Object Repository/Page_- KAIZEN/si_Ingles' is clicked on

2020-03-09 12:39:11 - [TEST_STEP][PASSED] - click(findTestObject("Page_- KAIZEN/si_Ingles")): Object: 'Object Repository/Page_- KAIZEN/si_Ingles' is clicked on

2020-03-09 12:39:17 - [MESSAGE][PASSED] - Object: 'Object Repository/Page_- KAIZEN/si_Ingles' is clicked on

2020-03-09 12:39:17 - [MESSAGE][PASSED] - Call Test Case 'Test Cases/Individual_Tests/Seleccionar_Idioma' successfully

2020-03-09 12:39:17 - [TEST_STEP][PASSED] - callTestCase(findTestCase("Individual_Tests/Aprobacion_Produccion"), ["Index":Index], STOP_ON_FAILURE): Call Test Case 'Test Cases/Individual_Tests/Aprobacion_Produccion' successfully

2020-03-09 12:39:17 - [TEST_CASE][PASSED] - Test Cases/Individual_Tests/Aprobacion_Produccion: Test Cases/Individual_Tests/Aprobacion_Produccion

2020-03-09 12:39:17 - [TEST_STEP][PASSED] - data = obtener_excels.obtener_aprobaciones.getValuesExcelAprob20(Index): obtener_excels.obtener_aprobaciones.getValuesExcelAprob20 is PASSED

2020-03-09 12:39:17 - [MESSAGE][PASSED] - obtener_excels.obtener_aprobaciones.getValuesExcelAprob20 is PASSED

2020-03-09 12:39:17 - [TEST_STEP][PASSED] - IdPedido = data[3]: null

2020-03-09 12:39:17 - [TEST_STEP][PASSED] - Id_Cliente = data[4]: null

2020-03-09 12:39:17 - [TEST_STEP][PASSED] - AprobProduccion = data[7]: null

2020-03-09 12:39:17 - [TEST_STEP][PASSED] - IDPedido = IdPedido: null

2020-03-09 12:39:17 - [TEST_STEP][PASSED] - IDCliente = Id_Cliente: null

2020-03-09 12:39:17 - [TEST_STEP][PASSED] - AprobacionProduccion = AprobProduccion: null

2020-03-09 12:39:17 - [TEST_STEP][PASSED] - click(findTestObject("Object Repository/Page_- KAIZEN/apo_menuOperaciones")): Object: 'Object Repository/Page_- KAIZEN/apo_menuOperaciones' is clicked on

2020-03-09 12:39:17 - [MESSAGE][PASSED] - Object: 'Object Repository/Page_- KAIZEN/apo_menuOperaciones' is clicked on

2020-03-09 12:39:17 - [TEST_STEP][PASSED] - click(findTestObject("Object Repository/Page_- KAIZEN/apo_menu_aprobacion_produccin")): Object: 'Object Repository/Page_- KAIZEN/apo_menu_aprobacion_produccin' is clicked on

2020-03-09 12:39:23 - [MESSAGE][PASSED] - Object: 'Object Repository/Page_- KAIZEN/apo_menu_aprobacion_produccin' is clicked on

2020-03-09 12:39:23 - [TEST_STEP][PASSED] - click(findTestObject("Object Repository/Page_Aprobacin de Produccin - KAIZEN/apo_click_aprobacion_produccin")): Object: 'Object Repository/Page_Aprobacin de Produccin - KAIZEN/apo_click_aprobacion_produccin' is clicked on

2020-03-09 12:39:24 - [MESSAGE][PASSED] - Object: 'Object Repository/Page_Aprobacin de Produccin - KAIZEN/apo_click_aprobacion_produccin' is clicked on

2020-03-09 12:39:24 - [TEST_STEP][PASSED] - click(findTestObject("Object Repository/Page_Aprobacin de Produccin - KAIZEN/apo_seleccione_cliente")): Object: 'Object Repository/Page_Aprobacin de Produccin - KAIZEN/apo_seleccione_cliente' is clicked on

2020-03-09 12:39:24 - [MESSAGE][PASSED] - Object: 'Object Repository/Page_Aprobacin de Produccin - KAIZEN/apo_seleccione_cliente' is clicked on

2020-03-09 12:39:24 - [TEST_STEP][PASSED] - click(findTestObject("Object Repository/Page_Aprobacin de Produccin - KAIZEN/apo_click_selecione_cliente")): Object: 'Object Repository/Page_Aprobacin de Produccin - KAIZEN/apo_click_selecione_cliente' is clicked on

2020-03-09 12:39:25 - [MESSAGE][PASSED] - Object: 'Object Repository/Page_Aprobacin de Produccin - KAIZEN/apo_click_selecione_cliente' is clicked on

2020-03-09 12:39:25 - [TEST_STEP][PASSED] - selectOptionByValue(findTestObject("Object Repository/Page_Aprobacin de Produccin - KAIZEN/apo_assing_selecione_cliente"), IDCliente, true): All options with value '17' are selected in object 'Object Repository/Page_Aprobacin de Produccin - KAIZEN/apo_assing_selecione_cliente'  using regular expression

2020-03-09 12:39:27 - [MESSAGE][PASSED] - All options with value '17' are selected in object 'Object Repository/Page_Aprobacin de Produccin - KAIZEN/apo_assing_selecione_cliente'  using regular expression

2020-03-09 12:39:27 - [TEST_STEP][PASSED] - click(findTestObject("Object Repository/Page_Aprobacin de Produccin - KAIZEN/apo_Buscar")): Object: 'Object Repository/Page_Aprobacin de Produccin - KAIZEN/apo_Buscar' is clicked on

2020-03-09 12:39:31 - [MESSAGE][PASSED] - Object: 'Object Repository/Page_Aprobacin de Produccin - KAIZEN/apo_Buscar' is clicked on

2020-03-09 12:39:31 - [TEST_STEP][PASSED] - executeJavaScript("document.querySelector('.btn-info[href="/PedidoLubricante/DetalleAprobacion/" + IDPedido + "?Ventana=3"]').click()", null): Execute JavaScript 'document.querySelector('.btn-info[href="/PedidoLubricante/DetalleAprobacion/260?Ventana=3"]').click()' successfully

2020-03-09 12:39:34 - [MESSAGE][PASSED] - Execute JavaScript 'document.querySelector('.btn-info[href="/PedidoLubricante/DetalleAprobacion/260?Ventana=3"]').click()' successfully

2020-03-09 12:39:34 - [TEST_STEP][PASSED] - delay(5): Delayed 5 second(s)

2020-03-09 12:39:39 - [MESSAGE][PASSED] - Delayed 5 second(s)

2020-03-09 12:39:39 - [TEST_STEP][PASSED] - if (AprobacionProduccion == "Aprobar"): Object: 'Object Repository/Page_- KAIZEN/apo_btn_Aceptar' is clicked on

2020-03-09 12:39:39 - [TEST_STEP][PASSED] - click(findTestObject("Object Repository/Page_- KAIZEN/apo_Aprobar")): Object: 'Object Repository/Page_- KAIZEN/apo_Aprobar' is clicked on

2020-03-09 12:39:40 - [MESSAGE][PASSED] - Object: 'Object Repository/Page_- KAIZEN/apo_Aprobar' is clicked on

2020-03-09 12:39:40 - [TEST_STEP][PASSED] - click(findTestObject("Object Repository/Page_- KAIZEN/apo_btn_Aceptar")): Object: 'Object Repository/Page_- KAIZEN/apo_btn_Aceptar' is clicked on

2020-03-09 12:39:43 - [MESSAGE][PASSED] - Object: 'Object Repository/Page_- KAIZEN/apo_btn_Aceptar' is clicked on

2020-03-09 12:39:43 - [TEST_STEP][PASSED] - delay(10): Delayed 10 second(s)

2020-03-09 12:39:53 - [MESSAGE][PASSED] - Delayed 10 second(s)

2020-03-09 12:39:53 - [MESSAGE][PASSED] - Call Test Case 'Test Cases/Individual_Tests/Aprobacion_Produccion' successfully]]></system-out>
         <system-err><![CDATA[]]></system-err>
      </testcase>
      <testcase name="Test Cases/Generar_Excels_Secuencias/TC_Generar_Excel_CargosLogisticos" time="6.809" classname="Test Cases/Generar_Excels_Secuencias/TC_Generar_Excel_CargosLogisticos" status="PASSED">
         <system-out><![CDATA[2020-03-09 12:39:53 - [TEST_CASE][PASSED] - Test Cases/Generar_Excels_Secuencias/TC_Generar_Excel_CargosLogisticos: Test Cases/Generar_Excels_Secuencias/TC_Generar_Excel_CargosLogisticos

2020-03-09 12:39:53 - [TEST_STEP][PASSED] - python.ejecutarAleatoriosPython.runPython("Logistica"): python.ejecutarAleatoriosPython.runPython is PASSED

2020-03-09 12:40:00 - [MESSAGE][PASSED] - python.ejecutarAleatoriosPython.runPython is PASSED]]></system-out>
         <system-err><![CDATA[]]></system-err>
      </testcase>
      <testcase name="Test Cases/Secuencias de Ejecucion/TC_Agregar_Cargos_Logisticos" time="0.203" classname="Test Cases/Secuencias de Ejecucion/TC_Agregar_Cargos_Logisticos" status="PASSED">
         <system-out><![CDATA[2020-03-09 12:40:00 - [TEST_CASE][PASSED] - Test Cases/Secuencias de Ejecucion/TC_Agregar_Cargos_Logisticos: Test Cases/Secuencias de Ejecucion/TC_Agregar_Cargos_Logisticos

2020-03-09 12:40:00 - [TEST_STEP][PASSED] - archivo = $RunConfiguration.getProjectDir()/Pedidos/DataExcel/Cargos_Logisticos20pies.xlsx: null

2020-03-09 12:40:00 - [TEST_STEP][PASSED] - excelData = getExcelDataWithDefaultSheet(archivo, "Sheet1", true): null

2020-03-09 12:40:00 - [TEST_STEP][PASSED] - for ([Index = 1, Index <= excelData.getRowNumbers(), (Index++)]): null]]></system-out>
         <system-err><![CDATA[]]></system-err>
      </testcase>
      <testcase name="Test Cases/Generar_Excels_Secuencias/TC_Generar_Excel_Produccion" time="5.047" classname="Test Cases/Generar_Excels_Secuencias/TC_Generar_Excel_Produccion" status="PASSED">
         <system-out><![CDATA[2020-03-09 12:40:00 - [TEST_CASE][PASSED] - Test Cases/Generar_Excels_Secuencias/TC_Generar_Excel_Produccion: Test Cases/Generar_Excels_Secuencias/TC_Generar_Excel_Produccion

2020-03-09 12:40:00 - [TEST_STEP][PASSED] - python.ejecutarAleatoriosPython.runPython("Produccion"): python.ejecutarAleatoriosPython.runPython is PASSED

2020-03-09 12:40:05 - [MESSAGE][PASSED] - python.ejecutarAleatoriosPython.runPython is PASSED]]></system-out>
         <system-err><![CDATA[]]></system-err>
      </testcase>
      <testcase name="Test Cases/Secuencias de Ejecucion/TC_Agregar_Orden_Produccion" time="0.275" classname="Test Cases/Secuencias de Ejecucion/TC_Agregar_Orden_Produccion" status="PASSED">
         <system-out><![CDATA[2020-03-09 12:40:05 - [TEST_CASE][PASSED] - Test Cases/Secuencias de Ejecucion/TC_Agregar_Orden_Produccion: Test Cases/Secuencias de Ejecucion/TC_Agregar_Orden_Produccion

2020-03-09 12:40:05 - [TEST_STEP][PASSED] - archivo = $RunConfiguration.getProjectDir()/Pedidos/DataExcel/Orden_Produccion_20pies.xlsx: null

2020-03-09 12:40:05 - [TEST_STEP][PASSED] - excelData = getExcelDataWithDefaultSheet(archivo, "Sheet1", true): null

2020-03-09 12:40:05 - [TEST_STEP][PASSED] - for ([Index = 1, Index <= excelData.getRowNumbers(), (Index++)]): null]]></system-out>
         <system-err><![CDATA[]]></system-err>
      </testcase>
      <testcase name="Test Cases/Generar_Excels_Secuencias/TC_Generar_Excel_Inventario" time="5.132" classname="Test Cases/Generar_Excels_Secuencias/TC_Generar_Excel_Inventario" status="PASSED">
         <system-out><![CDATA[2020-03-09 12:40:05 - [TEST_CASE][PASSED] - Test Cases/Generar_Excels_Secuencias/TC_Generar_Excel_Inventario: Test Cases/Generar_Excels_Secuencias/TC_Generar_Excel_Inventario

2020-03-09 12:40:06 - [TEST_STEP][PASSED] - python.ejecutarAleatoriosPython.runPython("Inventario"): python.ejecutarAleatoriosPython.runPython is PASSED

2020-03-09 12:40:10 - [MESSAGE][PASSED] - python.ejecutarAleatoriosPython.runPython is PASSED]]></system-out>
         <system-err><![CDATA[]]></system-err>
      </testcase>
      <testcase name="Test Cases/Secuencias de Ejecucion/TC_Agregar_Inventario" time="0.328" classname="Test Cases/Secuencias de Ejecucion/TC_Agregar_Inventario" status="PASSED">
         <system-out><![CDATA[2020-03-09 12:40:10 - [TEST_CASE][PASSED] - Test Cases/Secuencias de Ejecucion/TC_Agregar_Inventario: Test Cases/Secuencias de Ejecucion/TC_Agregar_Inventario

2020-03-09 12:40:11 - [TEST_STEP][PASSED] - archivo = $RunConfiguration.getProjectDir()/Pedidos/DataExcel/Inventario_20pies.xlsx: null

2020-03-09 12:40:11 - [TEST_STEP][PASSED] - excelData = getExcelDataWithDefaultSheet(archivo, "Sheet1", true): null

2020-03-09 12:40:11 - [TEST_STEP][PASSED] - for ([Index = 1, Index <= excelData.getRowNumbers(), (Index++)]): null]]></system-out>
         <system-err><![CDATA[]]></system-err>
      </testcase>
      <testcase name="Test Cases/Generar_Excels_Secuencias/TC_Generar_Excel_Despachar" time="4.847" classname="Test Cases/Generar_Excels_Secuencias/TC_Generar_Excel_Despachar" status="PASSED">
         <system-out><![CDATA[2020-03-09 12:40:11 - [TEST_CASE][PASSED] - Test Cases/Generar_Excels_Secuencias/TC_Generar_Excel_Despachar: Test Cases/Generar_Excels_Secuencias/TC_Generar_Excel_Despachar

2020-03-09 12:40:11 - [TEST_STEP][PASSED] - python.ejecutarAleatoriosPython.runPython("Despacho"): python.ejecutarAleatoriosPython.runPython is PASSED

2020-03-09 12:40:16 - [MESSAGE][PASSED] - python.ejecutarAleatoriosPython.runPython is PASSED]]></system-out>
         <system-err><![CDATA[]]></system-err>
      </testcase>
      <testcase name="Test Cases/Secuencias de Ejecucion/TC_Agregar_Despacho" time="0.323" classname="Test Cases/Secuencias de Ejecucion/TC_Agregar_Despacho" status="PASSED">
         <system-out><![CDATA[2020-03-09 12:40:16 - [TEST_CASE][PASSED] - Test Cases/Secuencias de Ejecucion/TC_Agregar_Despacho: Test Cases/Secuencias de Ejecucion/TC_Agregar_Despacho

2020-03-09 12:40:16 - [TEST_STEP][PASSED] - archivo = $RunConfiguration.getProjectDir()/Pedidos/DataExcel/Despacho_20pies.xlsx: null

2020-03-09 12:40:16 - [TEST_STEP][PASSED] - excelData = getExcelDataWithDefaultSheet(archivo, "Sheet1", true): null

2020-03-09 12:40:16 - [TEST_STEP][PASSED] - for ([Index = 1, Index <= excelData.getRowNumbers(), (Index++)]): null]]></system-out>
         <system-err><![CDATA[]]></system-err>
      </testcase>
      <system-out><![CDATA[2020-03-09 12:15:05 - [TEST_SUITE][FAILED] - Flujo Completo 40 pies: Test Cases/Secuencias de Ejecucion/TC_Aprobar_Ventas FAILED.
Reason:
com.kms.katalon.core.exception.StepFailedException: Call Test Case 'Test Cases/Individual_Tests/Aprobacion_Ventas' failed
	at com.kms.katalon.core.keyword.builtin.CallTestCaseKeyword$_callTestCase_closure1.doCall(CallTestCaseKeyword.groovy:63)
	at com.kms.katalon.core.keyword.builtin.CallTestCaseKeyword$_callTestCase_closure1.call(CallTestCaseKeyword.groovy)
	at com.kms.katalon.core.keyword.internal.KeywordMain.runKeyword(KeywordMain.groovy:68)
	at com.kms.katalon.core.keyword.builtin.CallTestCaseKeyword.callTestCase(CallTestCaseKeyword.groovy:81)
	at com.kms.katalon.core.keyword.builtin.CallTestCaseKeyword.execute(CallTestCaseKeyword.groovy:44)
	at com.kms.katalon.core.keyword.internal.KeywordExecutor.executeKeywordForPlatform(KeywordExecutor.groovy:72)
	at com.kms.katalon.core.keyword.BuiltinKeywords.callTestCase(BuiltinKeywords.groovy:334)
	at TC_Aprobar_Ventas.run(TC_Aprobar_Ventas:33)
	at com.kms.katalon.core.main.ScriptEngine.run(ScriptEngine.java:194)
	at com.kms.katalon.core.main.ScriptEngine.runScriptAsRawText(ScriptEngine.java:119)
	at com.kms.katalon.core.main.TestCaseExecutor.runScript(TestCaseExecutor.java:337)
	at com.kms.katalon.core.main.TestCaseExecutor.doExecute(TestCaseExecutor.java:328)
	at com.kms.katalon.core.main.TestCaseExecutor.processExecutionPhase(TestCaseExecutor.java:307)
	at com.kms.katalon.core.main.TestCaseExecutor.accessMainPhase(TestCaseExecutor.java:299)
	at com.kms.katalon.core.main.TestCaseExecutor.execute(TestCaseExecutor.java:233)
	at com.kms.katalon.core.main.TestSuiteExecutor.accessTestCaseMainPhase(TestSuiteExecutor.java:169)
	at com.kms.katalon.core.main.TestSuiteExecutor.accessTestSuiteMainPhase(TestSuiteExecutor.java:142)
	at com.kms.katalon.core.main.TestSuiteExecutor.execute(TestSuiteExecutor.java:91)
	at com.kms.katalon.core.main.TestCaseMain.startTestSuite(TestCaseMain.java:157)
	at com.kms.katalon.core.main.TestCaseMain$startTestSuite$0.call(Unknown Source)
	at TempTestSuite1583770503367.run(TempTestSuite1583770503367.groovy:36)
Caused by: com.kms.katalon.core.exception.StepFailedException: Unable to click on object 'Object Repository/Page_- KAIZEN/av_btn_ventas'
	at com.kms.katalon.core.webui.keyword.internal.WebUIKeywordMain.stepFailed(WebUIKeywordMain.groovy:64)
	at com.kms.katalon.core.webui.keyword.internal.WebUIKeywordMain.runKeyword(WebUIKeywordMain.groovy:26)
	at com.kms.katalon.core.webui.keyword.builtin.ClickKeyword.click(ClickKeyword.groovy:102)
	at com.kms.katalon.core.webui.keyword.builtin.ClickKeyword.execute(ClickKeyword.groovy:43)
	at com.kms.katalon.core.keyword.internal.KeywordExecutor.executeKeywordForPlatform(KeywordExecutor.groovy:72)
	at com.kms.katalon.core.webui.keyword.WebUiBuiltInKeywords.click(WebUiBuiltInKeywords.groovy:616)
	at com.kms.katalon.core.webui.keyword.WebUiBuiltInKeywords$click$3.call(Unknown Source)
	at Aprobacion_Ventas.run(Aprobacion_Ventas:30)
	at com.kms.katalon.core.main.ScriptEngine.run(ScriptEngine.java:194)
	at com.kms.katalon.core.main.ScriptEngine.runScriptAsRawText(ScriptEngine.java:119)
	at com.kms.katalon.core.main.TestCaseExecutor.runScript(TestCaseExecutor.java:337)
	at com.kms.katalon.core.main.TestCaseExecutor.doExecute(TestCaseExecutor.java:328)
	at com.kms.katalon.core.main.TestCaseExecutor.processExecutionPhase(TestCaseExecutor.java:307)
	at com.kms.katalon.core.main.TestCaseExecutor.accessMainPhase(TestCaseExecutor.java:299)
	at com.kms.katalon.core.main.TestCaseExecutor.execute(TestCaseExecutor.java:233)
	at com.kms.katalon.core.main.TestCaseMain.runTestCase(TestCaseMain.java:114)
	at com.kms.katalon.core.keyword.builtin.CallTestCaseKeyword$_callTestCase_closure1.doCall(CallTestCaseKeyword.groovy:59)
	... 20 more
Caused by: com.kms.katalon.core.webui.exception.WebElementNotFoundException: Web element with id: 'Object Repository/Page_- KAIZEN/av_btn_ventas' located by 'By.xpath: //ul[@id='side-menu']/li[4]/a' not found
	at com.kms.katalon.core.webui.common.WebUiCommonHelper.findWebElement(WebUiCommonHelper.java:1154)
	at com.kms.katalon.core.webui.keyword.internal.WebUIAbstractKeyword.findWebElement(WebUIAbstractKeyword.groovy:27)
	at com.kms.katalon.core.webui.keyword.internal.WebUIAbstractKeyword.findWebElement(WebUIAbstractKeyword.groovy:26)
	at com.kms.katalon.core.webui.keyword.builtin.ClickKeyword$_click_closure1.doCall(ClickKeyword.groovy:67)
	at com.kms.katalon.core.webui.keyword.builtin.ClickKeyword$_click_closure1.call(ClickKeyword.groovy)
	at com.kms.katalon.core.webui.keyword.internal.WebUIKeywordMain.runKeyword(WebUIKeywordMain.groovy:20)
	... 35 more]]></system-out>
      <system-err><![CDATA[2020-03-09 12:15:05 - [TEST_SUITE][FAILED] - Flujo Completo 40 pies: Test Cases/Secuencias de Ejecucion/TC_Aprobar_Ventas FAILED.
Reason:
com.kms.katalon.core.exception.StepFailedException: Call Test Case 'Test Cases/Individual_Tests/Aprobacion_Ventas' failed
	at com.kms.katalon.core.keyword.builtin.CallTestCaseKeyword$_callTestCase_closure1.doCall(CallTestCaseKeyword.groovy:63)
	at com.kms.katalon.core.keyword.builtin.CallTestCaseKeyword$_callTestCase_closure1.call(CallTestCaseKeyword.groovy)
	at com.kms.katalon.core.keyword.internal.KeywordMain.runKeyword(KeywordMain.groovy:68)
	at com.kms.katalon.core.keyword.builtin.CallTestCaseKeyword.callTestCase(CallTestCaseKeyword.groovy:81)
	at com.kms.katalon.core.keyword.builtin.CallTestCaseKeyword.execute(CallTestCaseKeyword.groovy:44)
	at com.kms.katalon.core.keyword.internal.KeywordExecutor.executeKeywordForPlatform(KeywordExecutor.groovy:72)
	at com.kms.katalon.core.keyword.BuiltinKeywords.callTestCase(BuiltinKeywords.groovy:334)
	at TC_Aprobar_Ventas.run(TC_Aprobar_Ventas:33)
	at com.kms.katalon.core.main.ScriptEngine.run(ScriptEngine.java:194)
	at com.kms.katalon.core.main.ScriptEngine.runScriptAsRawText(ScriptEngine.java:119)
	at com.kms.katalon.core.main.TestCaseExecutor.runScript(TestCaseExecutor.java:337)
	at com.kms.katalon.core.main.TestCaseExecutor.doExecute(TestCaseExecutor.java:328)
	at com.kms.katalon.core.main.TestCaseExecutor.processExecutionPhase(TestCaseExecutor.java:307)
	at com.kms.katalon.core.main.TestCaseExecutor.accessMainPhase(TestCaseExecutor.java:299)
	at com.kms.katalon.core.main.TestCaseExecutor.execute(TestCaseExecutor.java:233)
	at com.kms.katalon.core.main.TestSuiteExecutor.accessTestCaseMainPhase(TestSuiteExecutor.java:169)
	at com.kms.katalon.core.main.TestSuiteExecutor.accessTestSuiteMainPhase(TestSuiteExecutor.java:142)
	at com.kms.katalon.core.main.TestSuiteExecutor.execute(TestSuiteExecutor.java:91)
	at com.kms.katalon.core.main.TestCaseMain.startTestSuite(TestCaseMain.java:157)
	at com.kms.katalon.core.main.TestCaseMain$startTestSuite$0.call(Unknown Source)
	at TempTestSuite1583770503367.run(TempTestSuite1583770503367.groovy:36)
Caused by: com.kms.katalon.core.exception.StepFailedException: Unable to click on object 'Object Repository/Page_- KAIZEN/av_btn_ventas'
	at com.kms.katalon.core.webui.keyword.internal.WebUIKeywordMain.stepFailed(WebUIKeywordMain.groovy:64)
	at com.kms.katalon.core.webui.keyword.internal.WebUIKeywordMain.runKeyword(WebUIKeywordMain.groovy:26)
	at com.kms.katalon.core.webui.keyword.builtin.ClickKeyword.click(ClickKeyword.groovy:102)
	at com.kms.katalon.core.webui.keyword.builtin.ClickKeyword.execute(ClickKeyword.groovy:43)
	at com.kms.katalon.core.keyword.internal.KeywordExecutor.executeKeywordForPlatform(KeywordExecutor.groovy:72)
	at com.kms.katalon.core.webui.keyword.WebUiBuiltInKeywords.click(WebUiBuiltInKeywords.groovy:616)
	at com.kms.katalon.core.webui.keyword.WebUiBuiltInKeywords$click$3.call(Unknown Source)
	at Aprobacion_Ventas.run(Aprobacion_Ventas:30)
	at com.kms.katalon.core.main.ScriptEngine.run(ScriptEngine.java:194)
	at com.kms.katalon.core.main.ScriptEngine.runScriptAsRawText(ScriptEngine.java:119)
	at com.kms.katalon.core.main.TestCaseExecutor.runScript(TestCaseExecutor.java:337)
	at com.kms.katalon.core.main.TestCaseExecutor.doExecute(TestCaseExecutor.java:328)
	at com.kms.katalon.core.main.TestCaseExecutor.processExecutionPhase(TestCaseExecutor.java:307)
	at com.kms.katalon.core.main.TestCaseExecutor.accessMainPhase(TestCaseExecutor.java:299)
	at com.kms.katalon.core.main.TestCaseExecutor.execute(TestCaseExecutor.java:233)
	at com.kms.katalon.core.main.TestCaseMain.runTestCase(TestCaseMain.java:114)
	at com.kms.katalon.core.keyword.builtin.CallTestCaseKeyword$_callTestCase_closure1.doCall(CallTestCaseKeyword.groovy:59)
	... 20 more
Caused by: com.kms.katalon.core.webui.exception.WebElementNotFoundException: Web element with id: 'Object Repository/Page_- KAIZEN/av_btn_ventas' located by 'By.xpath: //ul[@id='side-menu']/li[4]/a' not found
	at com.kms.katalon.core.webui.common.WebUiCommonHelper.findWebElement(WebUiCommonHelper.java:1154)
	at com.kms.katalon.core.webui.keyword.internal.WebUIAbstractKeyword.findWebElement(WebUIAbstractKeyword.groovy:27)
	at com.kms.katalon.core.webui.keyword.internal.WebUIAbstractKeyword.findWebElement(WebUIAbstractKeyword.groovy:26)
	at com.kms.katalon.core.webui.keyword.builtin.ClickKeyword$_click_closure1.doCall(ClickKeyword.groovy:67)
	at com.kms.katalon.core.webui.keyword.builtin.ClickKeyword$_click_closure1.call(ClickKeyword.groovy)
	at com.kms.katalon.core.webui.keyword.internal.WebUIKeywordMain.runKeyword(WebUIKeywordMain.groovy:20)
	... 35 more]]></system-err>
   </testsuite>
</testsuites>
