<?xml version="1.0" encoding="UTF-8"?>
<testsuites name="Flujo Completo Mov Inventario" time="1005.173" tests="1" failures="1" errors="0">
   <testsuite name="Flujo Completo Mov Inventario" tests="1" failures="1" errors="0" time="1005.173" timestamp="2020-02-25 11:57:41" hostname="kaizen - LAPTOP-K43U1BVQ" id="Test Suites/Funcionalidades_Pedidos/Flujo Completo Mov Inventario">
      <properties>
         <property name="deviceName" value=""/>
         <property name="devicePlatform" value=""/>
         <property name="logFolder" value="C:\\Users\\kaizen\\git\\AutomatizacionKatalon\\Reports\\20200225_115734\\Funcionalidades_Pedidos\\Flujo Completo Mov Inventario\\20200225_115734"/>
         <property name="logFiles" value="C:\\Users\\kaizen\\git\\AutomatizacionKatalon\\Reports\\20200225_115734\\Funcionalidades_Pedidos\\Flujo Completo Mov Inventario\\20200225_115734\\execution0.log"/>
         <property name="attachments" value="C:\\Users\\kaizen\\git\\AutomatizacionKatalon\\Reports\\20200225_115734\\Funcionalidades_Pedidos\\Flujo Completo Mov Inventario\\20200225_115734\\1582647265744.png"/>
         <property name="hostName" value="kaizen - LAPTOP-K43U1BVQ"/>
         <property name="os" value="Windows 10 64bit"/>
         <property name="katalonVersion" value="7.2.1.1"/>
         <property name="browser" value="Chrome 80.0.3987.122"/>
         <property name="hostAddress" value="192.168.99.1"/>
         <property name="sessionId" value="6893f4249d31530976f4a0dd2c988c58"/>
         <property name="seleniumVersion" value="3.141.59"/>
         <property name="proxyInformation" value="ProxyInformation{proxyOption=NO_PROXY, proxyServerType=HTTP, password=, proxyServerAddress=, proxyServerPort=0, executionList=}"/>
         <property name="platform" value="Windows 10"/>
      </properties>
      <testcase name="Test Cases/Secuencias de Ejecucion/TC_Agregar_Producto_Almacen" time="1004.037" classname="Test Cases/Secuencias de Ejecucion/TC_Agregar_Producto_Almacen" status="FAILED">
         <failure type="FAILED" message="Test Cases/Secuencias de Ejecucion/TC_Agregar_Producto_Almacen FAILED.
Reason:
com.kms.katalon.core.exception.StepFailedException: Call Test Case 'Test Cases/Individual_Tests/Anadir_Producto_Almacen' failed
	at com.kms.katalon.core.keyword.builtin.CallTestCaseKeyword$_callTestCase_closure1.doCall(CallTestCaseKeyword.groovy:63)
	at com.kms.katalon.core.keyword.builtin.CallTestCaseKeyword$_callTestCase_closure1.call(CallTestCaseKeyword.groovy)
	at com.kms.katalon.core.keyword.internal.KeywordMain.runKeyword(KeywordMain.groovy:68)
	at com.kms.katalon.core.keyword.builtin.CallTestCaseKeyword.callTestCase(CallTestCaseKeyword.groovy:81)
	at com.kms.katalon.core.keyword.builtin.CallTestCaseKeyword.execute(CallTestCaseKeyword.groovy:44)
	at com.kms.katalon.core.keyword.internal.KeywordExecutor.executeKeywordForPlatform(KeywordExecutor.groovy:72)
	at com.kms.katalon.core.keyword.BuiltinKeywords.callTestCase(BuiltinKeywords.groovy:334)
	at TC_Agregar_Producto_Almacen.run(TC_Agregar_Producto_Almacen:30)
	at com.kms.katalon.core.main.ScriptEngine.run(ScriptEngine.java:194)
	at com.kms.katalon.core.main.ScriptEngine.runScriptAsRawText(ScriptEngine.java:119)
	at com.kms.katalon.core.main.TestCaseExecutor.runScript(TestCaseExecutor.java:337)
	at com.kms.katalon.core.main.TestCaseExecutor.doExecute(TestCaseExecutor.java:328)
	at com.kms.katalon.core.main.TestCaseExecutor.processExecutionPhase(TestCaseExecutor.java:307)
	at com.kms.katalon.core.main.TestCaseExecutor.accessMainPhase(TestCaseExecutor.java:299)
	at com.kms.katalon.core.main.TestCaseExecutor.execute(TestCaseExecutor.java:233)
	at com.kms.katalon.core.main.TestSuiteExecutor.accessTestCaseMainPhase(TestSuiteExecutor.java:169)
	at com.kms.katalon.core.main.TestSuiteExecutor.accessTestSuiteMainPhase(TestSuiteExecutor.java:142)
	at com.kms.katalon.core.main.TestSuiteExecutor.execute(TestSuiteExecutor.java:91)
	at com.kms.katalon.core.main.TestCaseMain.startTestSuite(TestCaseMain.java:157)
	at com.kms.katalon.core.main.TestCaseMain$startTestSuite$0.call(Unknown Source)
	at TempTestSuite1582646259293.run(TempTestSuite1582646259293.groovy:36)
Caused by: com.kms.katalon.core.exception.StepFailedException: Unable to click on object 'Object Repository/Page_Index - KAIZEN/mvi_agregar'
	at com.kms.katalon.core.webui.keyword.internal.WebUIKeywordMain.stepFailed(WebUIKeywordMain.groovy:64)
	at com.kms.katalon.core.webui.keyword.internal.WebUIKeywordMain.runKeyword(WebUIKeywordMain.groovy:26)
	at com.kms.katalon.core.webui.keyword.builtin.ClickKeyword.click(ClickKeyword.groovy:102)
	at com.kms.katalon.core.webui.keyword.builtin.ClickKeyword.execute(ClickKeyword.groovy:43)
	at com.kms.katalon.core.keyword.internal.KeywordExecutor.executeKeywordForPlatform(KeywordExecutor.groovy:72)
	at com.kms.katalon.core.webui.keyword.WebUiBuiltInKeywords.click(WebUiBuiltInKeywords.groovy:616)
	at com.kms.katalon.core.webui.keyword.WebUiBuiltInKeywords$click$3.call(Unknown Source)
	at Anadir_Producto_Almacen.run(Anadir_Producto_Almacen:33)
	at com.kms.katalon.core.main.ScriptEngine.run(ScriptEngine.java:194)
	at com.kms.katalon.core.main.ScriptEngine.runScriptAsRawText(ScriptEngine.java:119)
	at com.kms.katalon.core.main.TestCaseExecutor.runScript(TestCaseExecutor.java:337)
	at com.kms.katalon.core.main.TestCaseExecutor.doExecute(TestCaseExecutor.java:328)
	at com.kms.katalon.core.main.TestCaseExecutor.processExecutionPhase(TestCaseExecutor.java:307)
	at com.kms.katalon.core.main.TestCaseExecutor.accessMainPhase(TestCaseExecutor.java:299)
	at com.kms.katalon.core.main.TestCaseExecutor.execute(TestCaseExecutor.java:233)
	at com.kms.katalon.core.main.TestCaseMain.runTestCase(TestCaseMain.java:114)
	at com.kms.katalon.core.keyword.builtin.CallTestCaseKeyword$_callTestCase_closure1.doCall(CallTestCaseKeyword.groovy:59)
	... 20 more
Caused by: com.kms.katalon.core.webui.exception.WebElementNotFoundException: Web element with id: 'Object Repository/Page_Index - KAIZEN/mvi_agregar' located by 'By.xpath: //div[@id='page-wrapper']/div/div/div[2]/a' not found
	at com.kms.katalon.core.webui.common.WebUiCommonHelper.findWebElement(WebUiCommonHelper.java:1154)
	at com.kms.katalon.core.webui.keyword.internal.WebUIAbstractKeyword.findWebElement(WebUIAbstractKeyword.groovy:27)
	at com.kms.katalon.core.webui.keyword.internal.WebUIAbstractKeyword.findWebElement(WebUIAbstractKeyword.groovy:26)
	at com.kms.katalon.core.webui.keyword.builtin.ClickKeyword$_click_closure1.doCall(ClickKeyword.groovy:67)
	at com.kms.katalon.core.webui.keyword.builtin.ClickKeyword$_click_closure1.call(ClickKeyword.groovy)
	at com.kms.katalon.core.webui.keyword.internal.WebUIKeywordMain.runKeyword(WebUIKeywordMain.groovy:20)
	... 35 more
"/>
         <system-out><![CDATA[2020-02-25 11:57:42 - [TEST_CASE][FAILED] - Test Cases/Secuencias de Ejecucion/TC_Agregar_Producto_Almacen: Test Cases/Secuencias de Ejecucion/TC_Agregar_Producto_Almacen FAILED.
Reason:
com.kms.katalon.core.exception.StepFailedException: Call Test Case 'Test Cases/Individual_Tests/Anadir_Producto_Almacen' failed
	at com.kms.katalon.core.keyword.builtin.CallTestCaseKeyword$_callTestCase_closure1.doCall(CallTestCaseKeyword.groovy:63)
	at com.kms.katalon.core.keyword.builtin.CallTestCaseKeyword$_callTestCase_closure1.call(CallTestCaseKeyword.groovy)
	at com.kms.katalon.core.keyword.internal.KeywordMain.runKeyword(KeywordMain.groovy:68)
	at com.kms.katalon.core.keyword.builtin.CallTestCaseKeyword.callTestCase(CallTestCaseKeyword.groovy:81)
	at com.kms.katalon.core.keyword.builtin.CallTestCaseKeyword.execute(CallTestCaseKeyword.groovy:44)
	at com.kms.katalon.core.keyword.internal.KeywordExecutor.executeKeywordForPlatform(KeywordExecutor.groovy:72)
	at com.kms.katalon.core.keyword.BuiltinKeywords.callTestCase(BuiltinKeywords.groovy:334)
	at TC_Agregar_Producto_Almacen.run(TC_Agregar_Producto_Almacen:30)
	at com.kms.katalon.core.main.ScriptEngine.run(ScriptEngine.java:194)
	at com.kms.katalon.core.main.ScriptEngine.runScriptAsRawText(ScriptEngine.java:119)
	at com.kms.katalon.core.main.TestCaseExecutor.runScript(TestCaseExecutor.java:337)
	at com.kms.katalon.core.main.TestCaseExecutor.doExecute(TestCaseExecutor.java:328)
	at com.kms.katalon.core.main.TestCaseExecutor.processExecutionPhase(TestCaseExecutor.java:307)
	at com.kms.katalon.core.main.TestCaseExecutor.accessMainPhase(TestCaseExecutor.java:299)
	at com.kms.katalon.core.main.TestCaseExecutor.execute(TestCaseExecutor.java:233)
	at com.kms.katalon.core.main.TestSuiteExecutor.accessTestCaseMainPhase(TestSuiteExecutor.java:169)
	at com.kms.katalon.core.main.TestSuiteExecutor.accessTestSuiteMainPhase(TestSuiteExecutor.java:142)
	at com.kms.katalon.core.main.TestSuiteExecutor.execute(TestSuiteExecutor.java:91)
	at com.kms.katalon.core.main.TestCaseMain.startTestSuite(TestCaseMain.java:157)
	at com.kms.katalon.core.main.TestCaseMain$startTestSuite$0.call(Unknown Source)
	at TempTestSuite1582646259293.run(TempTestSuite1582646259293.groovy:36)
Caused by: com.kms.katalon.core.exception.StepFailedException: Unable to click on object 'Object Repository/Page_Index - KAIZEN/mvi_agregar'
	at com.kms.katalon.core.webui.keyword.internal.WebUIKeywordMain.stepFailed(WebUIKeywordMain.groovy:64)
	at com.kms.katalon.core.webui.keyword.internal.WebUIKeywordMain.runKeyword(WebUIKeywordMain.groovy:26)
	at com.kms.katalon.core.webui.keyword.builtin.ClickKeyword.click(ClickKeyword.groovy:102)
	at com.kms.katalon.core.webui.keyword.builtin.ClickKeyword.execute(ClickKeyword.groovy:43)
	at com.kms.katalon.core.keyword.internal.KeywordExecutor.executeKeywordForPlatform(KeywordExecutor.groovy:72)
	at com.kms.katalon.core.webui.keyword.WebUiBuiltInKeywords.click(WebUiBuiltInKeywords.groovy:616)
	at com.kms.katalon.core.webui.keyword.WebUiBuiltInKeywords$click$3.call(Unknown Source)
	at Anadir_Producto_Almacen.run(Anadir_Producto_Almacen:33)
	at com.kms.katalon.core.main.ScriptEngine.run(ScriptEngine.java:194)
	at com.kms.katalon.core.main.ScriptEngine.runScriptAsRawText(ScriptEngine.java:119)
	at com.kms.katalon.core.main.TestCaseExecutor.runScript(TestCaseExecutor.java:337)
	at com.kms.katalon.core.main.TestCaseExecutor.doExecute(TestCaseExecutor.java:328)
	at com.kms.katalon.core.main.TestCaseExecutor.processExecutionPhase(TestCaseExecutor.java:307)
	at com.kms.katalon.core.main.TestCaseExecutor.accessMainPhase(TestCaseExecutor.java:299)
	at com.kms.katalon.core.main.TestCaseExecutor.execute(TestCaseExecutor.java:233)
	at com.kms.katalon.core.main.TestCaseMain.runTestCase(TestCaseMain.java:114)
	at com.kms.katalon.core.keyword.builtin.CallTestCaseKeyword$_callTestCase_closure1.doCall(CallTestCaseKeyword.groovy:59)
	... 20 more
Caused by: com.kms.katalon.core.webui.exception.WebElementNotFoundException: Web element with id: 'Object Repository/Page_Index - KAIZEN/mvi_agregar' located by 'By.xpath: //div[@id='page-wrapper']/div/div/div[2]/a' not found
	at com.kms.katalon.core.webui.common.WebUiCommonHelper.findWebElement(WebUiCommonHelper.java:1154)
	at com.kms.katalon.core.webui.keyword.internal.WebUIAbstractKeyword.findWebElement(WebUIAbstractKeyword.groovy:27)
	at com.kms.katalon.core.webui.keyword.internal.WebUIAbstractKeyword.findWebElement(WebUIAbstractKeyword.groovy:26)
	at com.kms.katalon.core.webui.keyword.builtin.ClickKeyword$_click_closure1.doCall(ClickKeyword.groovy:67)
	at com.kms.katalon.core.webui.keyword.builtin.ClickKeyword$_click_closure1.call(ClickKeyword.groovy)
	at com.kms.katalon.core.webui.keyword.internal.WebUIKeywordMain.runKeyword(WebUIKeywordMain.groovy:20)
	... 35 more


2020-02-25 11:57:42 - [TEST_STEP][PASSED] - archivo = $RunConfiguration.getProjectDir()/Pedidos/DataExcel/ProductoAlmacen.xlsx: null

2020-02-25 11:57:42 - [TEST_STEP][PASSED] - excelData = getExcelDataWithDefaultSheet(archivo, "Sheet1", true): null

2020-02-25 11:57:43 - [TEST_STEP][FAILED] - for ([Index = 1, Index <= excelData.getRowNumbers(), (Index++)]): Unable to call Test Case 'Test Cases/Individual_Tests/Anadir_Producto_Almacen' (Root cause: com.kms.katalon.core.exception.StepFailedException: Call Test Case 'Test Cases/Individual_Tests/Anadir_Producto_Almacen' failed
	at com.kms.katalon.core.keyword.builtin.CallTestCaseKeyword$_callTestCase_closure1.doCall(CallTestCaseKeyword.groovy:63)
	at com.kms.katalon.core.keyword.builtin.CallTestCaseKeyword$_callTestCase_closure1.call(CallTestCaseKeyword.groovy)
	at com.kms.katalon.core.keyword.internal.KeywordMain.runKeyword(KeywordMain.groovy:68)
	at com.kms.katalon.core.keyword.builtin.CallTestCaseKeyword.callTestCase(CallTestCaseKeyword.groovy:81)
	at com.kms.katalon.core.keyword.builtin.CallTestCaseKeyword.execute(CallTestCaseKeyword.groovy:44)
	at com.kms.katalon.core.keyword.internal.KeywordExecutor.executeKeywordForPlatform(KeywordExecutor.groovy:72)
	at com.kms.katalon.core.keyword.BuiltinKeywords.callTestCase(BuiltinKeywords.groovy:334)
	at TC_Agregar_Producto_Almacen.run(TC_Agregar_Producto_Almacen:30)
	at com.kms.katalon.core.main.ScriptEngine.run(ScriptEngine.java:194)
	at com.kms.katalon.core.main.ScriptEngine.runScriptAsRawText(ScriptEngine.java:119)
	at com.kms.katalon.core.main.TestCaseExecutor.runScript(TestCaseExecutor.java:337)
	at com.kms.katalon.core.main.TestCaseExecutor.doExecute(TestCaseExecutor.java:328)
	at com.kms.katalon.core.main.TestCaseExecutor.processExecutionPhase(TestCaseExecutor.java:307)
	at com.kms.katalon.core.main.TestCaseExecutor.accessMainPhase(TestCaseExecutor.java:299)
	at com.kms.katalon.core.main.TestCaseExecutor.execute(TestCaseExecutor.java:233)
	at com.kms.katalon.core.main.TestSuiteExecutor.accessTestCaseMainPhase(TestSuiteExecutor.java:169)
	at com.kms.katalon.core.main.TestSuiteExecutor.accessTestSuiteMainPhase(TestSuiteExecutor.java:142)
	at com.kms.katalon.core.main.TestSuiteExecutor.execute(TestSuiteExecutor.java:91)
	at com.kms.katalon.core.main.TestCaseMain.startTestSuite(TestCaseMain.java:157)
	at com.kms.katalon.core.main.TestCaseMain$startTestSuite$0.call(Unknown Source)
	at TempTestSuite1582646259293.run(TempTestSuite1582646259293.groovy:36)
Caused by: com.kms.katalon.core.exception.StepFailedException: Unable to click on object 'Object Repository/Page_Index - KAIZEN/mvi_agregar'
	at com.kms.katalon.core.webui.keyword.internal.WebUIKeywordMain.stepFailed(WebUIKeywordMain.groovy:64)
	at com.kms.katalon.core.webui.keyword.internal.WebUIKeywordMain.runKeyword(WebUIKeywordMain.groovy:26)
	at com.kms.katalon.core.webui.keyword.builtin.ClickKeyword.click(ClickKeyword.groovy:102)
	at com.kms.katalon.core.webui.keyword.builtin.ClickKeyword.execute(ClickKeyword.groovy:43)
	at com.kms.katalon.core.keyword.internal.KeywordExecutor.executeKeywordForPlatform(KeywordExecutor.groovy:72)
	at com.kms.katalon.core.webui.keyword.WebUiBuiltInKeywords.click(WebUiBuiltInKeywords.groovy:616)
	at com.kms.katalon.core.webui.keyword.WebUiBuiltInKeywords$click$3.call(Unknown Source)
	at Anadir_Producto_Almacen.run(Anadir_Producto_Almacen:33)
	at com.kms.katalon.core.main.ScriptEngine.run(ScriptEngine.java:194)
	at com.kms.katalon.core.main.ScriptEngine.runScriptAsRawText(ScriptEngine.java:119)
	at com.kms.katalon.core.main.TestCaseExecutor.runScript(TestCaseExecutor.java:337)
	at com.kms.katalon.core.main.TestCaseExecutor.doExecute(TestCaseExecutor.java:328)
	at com.kms.katalon.core.main.TestCaseExecutor.processExecutionPhase(TestCaseExecutor.java:307)
	at com.kms.katalon.core.main.TestCaseExecutor.accessMainPhase(TestCaseExecutor.java:299)
	at com.kms.katalon.core.main.TestCaseExecutor.execute(TestCaseExecutor.java:233)
	at com.kms.katalon.core.main.TestCaseMain.runTestCase(TestCaseMain.java:114)
	at com.kms.katalon.core.keyword.builtin.CallTestCaseKeyword$_callTestCase_closure1.doCall(CallTestCaseKeyword.groovy:59)
	... 20 more
Caused by: com.kms.katalon.core.webui.exception.WebElementNotFoundException: Web element with id: 'Object Repository/Page_Index - KAIZEN/mvi_agregar' located by 'By.xpath: //div[@id='page-wrapper']/div/div/div[2]/a' not found
	at com.kms.katalon.core.webui.common.WebUiCommonHelper.findWebElement(WebUiCommonHelper.java:1154)
	at com.kms.katalon.core.webui.keyword.internal.WebUIAbstractKeyword.findWebElement(WebUIAbstractKeyword.groovy:27)
	at com.kms.katalon.core.webui.keyword.internal.WebUIAbstractKeyword.findWebElement(WebUIAbstractKeyword.groovy:26)
	at com.kms.katalon.core.webui.keyword.builtin.ClickKeyword$_click_closure1.doCall(ClickKeyword.groovy:67)
	at com.kms.katalon.core.webui.keyword.builtin.ClickKeyword$_click_closure1.call(ClickKeyword.groovy)
	at com.kms.katalon.core.webui.keyword.internal.WebUIKeywordMain.runKeyword(WebUIKeywordMain.groovy:20)
	... 35 more
)

2020-02-25 11:57:43 - [TEST_STEP][PASSED] - callTestCase(findTestCase("Individual_Tests/Login"), ["Evento":"ProductoAlmacen", "Index":Index], STOP_ON_FAILURE): Call Test Case 'Test Cases/Individual_Tests/Login' successfully

2020-02-25 11:57:43 - [TEST_CASE][PASSED] - Test Cases/Individual_Tests/Login: Test Cases/Individual_Tests/Login

2020-02-25 11:57:44 - [TEST_STEP][PASSED] - print("Evento Seleccionado: " + Evento + "
"): null

2020-02-25 11:57:44 - [TEST_STEP][PASSED] - openBrowser(Web): Browser is opened with url: 'http://test.kaizendev.net/Login/Accesar?salir=true'

2020-02-25 11:57:45 - [MESSAGE][INFO] - Starting 'Chrome' driver

2020-02-25 11:57:45 - [MESSAGE][INFO] - Action delay is set to 0 seconds

2020-02-25 11:58:01 - [MESSAGE][PASSED] - Browser is opened with url: 'http://test.kaizendev.net/Login/Accesar?salir=true'

2020-02-25 11:58:01 - [TEST_STEP][PASSED] - maximizeWindow(): Current window maximized

2020-02-25 11:58:03 - [MESSAGE][PASSED] - Current window maximized

2020-02-25 11:58:03 - [TEST_STEP][PASSED] - if (Evento == "Crear20"): null

2020-02-25 11:58:03 - [TEST_STEP][PASSED] - else if (Evento == "Crear40"): null

2020-02-25 11:58:03 - [TEST_STEP][PASSED] - else if (Evento == "Aprobar"): null

2020-02-25 11:58:03 - [TEST_STEP][PASSED] - else if (Evento == "Logistica"): null

2020-02-25 11:58:03 - [TEST_STEP][PASSED] - else if (Evento == "Produccion"): null

2020-02-25 11:58:03 - [TEST_STEP][PASSED] - else if (Evento == "Inventario"): null

2020-02-25 11:58:03 - [TEST_STEP][PASSED] - else if (Evento == "Despacho"): null

2020-02-25 11:58:03 - [TEST_STEP][PASSED] - else if (Evento == "ProductoAlmacen"): Object: 'Object Repository/Page_Iniciar Sesion - KAIZEN/is_btn_ingresar_sistema' is clicked on

2020-02-25 11:58:03 - [TEST_STEP][PASSED] - data7 = obtener_excels.obtener_producto_almacen.getValuesExcelProductoAlmacen(Index): obtener_excels.obtener_producto_almacen.getValuesExcelProductoAlmacen is PASSED

2020-02-25 11:58:03 - [MESSAGE][PASSED] - obtener_excels.obtener_producto_almacen.getValuesExcelProductoAlmacen is PASSED

2020-02-25 11:58:03 - [TEST_STEP][PASSED] - Usuario = data7[1]: null

2020-02-25 11:58:03 - [TEST_STEP][PASSED] - Contrasena = data7[2]: null

2020-02-25 11:58:03 - [TEST_STEP][PASSED] - setText(findTestObject("Page_Iniciar Sesion - KAIZEN/is_input_email"), Usuario): Text 'automated.test@grupokaizen.net' is set on object 'Object Repository/Page_Iniciar Sesion - KAIZEN/is_input_email'

2020-02-25 11:58:04 - [MESSAGE][PASSED] - Text 'automated.test@grupokaizen.net' is set on object 'Object Repository/Page_Iniciar Sesion - KAIZEN/is_input_email'

2020-02-25 11:58:04 - [TEST_STEP][PASSED] - setEncryptedText(findTestObject("Page_Iniciar Sesion - KAIZEN/IS_input_contrasena"), Contrasena): Text ****** has been set on object 'Object Repository/Page_Iniciar Sesion - KAIZEN/IS_input_contrasena'

2020-02-25 11:58:05 - [MESSAGE][PASSED] - Text ****** has been set on object 'Object Repository/Page_Iniciar Sesion - KAIZEN/IS_input_contrasena'

2020-02-25 11:58:05 - [TEST_STEP][PASSED] - click(findTestObject("Page_Iniciar Sesion - KAIZEN/is_btn_ingresar_sistema")): Object: 'Object Repository/Page_Iniciar Sesion - KAIZEN/is_btn_ingresar_sistema' is clicked on

2020-02-25 11:58:07 - [MESSAGE][PASSED] - Object: 'Object Repository/Page_Iniciar Sesion - KAIZEN/is_btn_ingresar_sistema' is clicked on

2020-02-25 11:58:07 - [MESSAGE][PASSED] - Call Test Case 'Test Cases/Individual_Tests/Login' successfully

2020-02-25 11:58:07 - [TEST_STEP][PASSED] - callTestCase(findTestCase("Individual_Tests/Seleccionar_Idioma"), ["Evento":"ProductoAlmacen", "Index":Index], STOP_ON_FAILURE): Call Test Case 'Test Cases/Individual_Tests/Seleccionar_Idioma' successfully

2020-02-25 11:58:07 - [TEST_CASE][PASSED] - Test Cases/Individual_Tests/Seleccionar_Idioma: Test Cases/Individual_Tests/Seleccionar_Idioma

2020-02-25 11:58:08 - [TEST_STEP][PASSED] - Idioma = 0: null

2020-02-25 11:58:08 - [TEST_STEP][PASSED] - if (Evento == "Crear20"): null

2020-02-25 11:58:08 - [TEST_STEP][PASSED] - else if (Evento == "Crear40"): null

2020-02-25 11:58:08 - [TEST_STEP][PASSED] - else if (Evento == "Aprobar"): null

2020-02-25 11:58:08 - [TEST_STEP][PASSED] - else if (Evento == "Logistica"): null

2020-02-25 11:58:08 - [TEST_STEP][PASSED] - else if (Evento == "Produccion"): null

2020-02-25 11:58:08 - [TEST_STEP][PASSED] - else if (Evento == "Inventario"): null

2020-02-25 11:58:08 - [TEST_STEP][PASSED] - else if (Evento == "Despacho"): null

2020-02-25 11:58:08 - [TEST_STEP][PASSED] - else if (Evento == "ProductoAlmacen"): null

2020-02-25 11:58:08 - [TEST_STEP][PASSED] - data8 = obtener_excels.obtener_producto_almacen.getValuesExcelProductoAlmacen(Index): obtener_excels.obtener_producto_almacen.getValuesExcelProductoAlmacen is PASSED

2020-02-25 11:58:08 - [MESSAGE][PASSED] - obtener_excels.obtener_producto_almacen.getValuesExcelProductoAlmacen is PASSED

2020-02-25 11:58:08 - [TEST_STEP][PASSED] - Idioma = data8[0]: null

2020-02-25 11:58:08 - [TEST_STEP][PASSED] - click(findTestObject("Page_- KAIZEN/si_btn_idioma")): Object: 'Object Repository/Page_- KAIZEN/si_btn_idioma' is clicked on

2020-02-25 11:58:08 - [MESSAGE][PASSED] - Object: 'Object Repository/Page_- KAIZEN/si_btn_idioma' is clicked on

2020-02-25 11:58:08 - [TEST_STEP][PASSED] - if (Idioma == "0"): null

2020-02-25 11:58:08 - [TEST_STEP][PASSED] - else: Object: 'Object Repository/Page_- KAIZEN/si_Spanish' is clicked on

2020-02-25 11:58:08 - [TEST_STEP][PASSED] - click(findTestObject("Page_- KAIZEN/si_Spanish")): Object: 'Object Repository/Page_- KAIZEN/si_Spanish' is clicked on

2020-02-25 11:58:10 - [MESSAGE][PASSED] - Object: 'Object Repository/Page_- KAIZEN/si_Spanish' is clicked on

2020-02-25 11:58:10 - [MESSAGE][PASSED] - Call Test Case 'Test Cases/Individual_Tests/Seleccionar_Idioma' successfully

2020-02-25 11:58:10 - [TEST_STEP][PASSED] - callTestCase(findTestCase("Individual_Tests/Anadir_Producto_Almacen"), ["Index":Index], STOP_ON_FAILURE): Call Test Case 'Test Cases/Individual_Tests/Anadir_Producto_Almacen' successfully

2020-02-25 11:58:10 - [TEST_CASE][PASSED] - Test Cases/Individual_Tests/Anadir_Producto_Almacen: Test Cases/Individual_Tests/Anadir_Producto_Almacen

2020-02-25 11:58:10 - [TEST_STEP][PASSED] - data = obtener_excels.obtener_producto_almacen.getValuesExcelProductoAlmacen(Index): obtener_excels.obtener_producto_almacen.getValuesExcelProductoAlmacen is PASSED

2020-02-25 11:58:10 - [MESSAGE][PASSED] - obtener_excels.obtener_producto_almacen.getValuesExcelProductoAlmacen is PASSED

2020-02-25 11:58:10 - [TEST_STEP][PASSED] - Producto = data[3]: null

2020-02-25 11:58:10 - [TEST_STEP][PASSED] - CantidadMinima = data[4]: null

2020-02-25 11:58:10 - [TEST_STEP][PASSED] - CantidadMaxima = data[5]: null

2020-02-25 11:58:10 - [TEST_STEP][PASSED] - Almacen = data[6]: null

2020-02-25 11:58:10 - [TEST_STEP][PASSED] - Almacen2 = data[7]: null

2020-02-25 11:58:10 - [TEST_STEP][PASSED] - click(findTestObject("Object Repository/Page_- KAIZEN/mvi_menu_Inventario")): Object: 'Object Repository/Page_- KAIZEN/mvi_menu_Inventario' is clicked on

2020-02-25 11:58:11 - [MESSAGE][PASSED] - Object: 'Object Repository/Page_- KAIZEN/mvi_menu_Inventario' is clicked on

2020-02-25 11:58:11 - [TEST_STEP][PASSED] - click(findTestObject("Object Repository/Page_- KAIZEN/mvi_menu_productos_por_almacen")): Object: 'Object Repository/Page_- KAIZEN/mvi_menu_productos_por_almacen' is clicked on

2020-02-25 11:58:13 - [MESSAGE][PASSED] - Object: 'Object Repository/Page_- KAIZEN/mvi_menu_productos_por_almacen' is clicked on

2020-02-25 11:58:13 - [TEST_STEP][PASSED] - click(findTestObject("Object Repository/Page_Index - KAIZEN/mvi_agregar")): Object: 'Object Repository/Page_Index - KAIZEN/mvi_agregar' is clicked on

2020-02-25 11:58:15 - [MESSAGE][PASSED] - Object: 'Object Repository/Page_Index - KAIZEN/mvi_agregar' is clicked on

2020-02-25 11:58:15 - [TEST_STEP][PASSED] - click(findTestObject("Object Repository/Page_Agregar Productos - KAIZEN/mvi_btn_seleccione")): Object: 'Object Repository/Page_Agregar Productos - KAIZEN/mvi_btn_seleccione' is clicked on

2020-02-25 11:58:16 - [MESSAGE][PASSED] - Object: 'Object Repository/Page_Agregar Productos - KAIZEN/mvi_btn_seleccione' is clicked on

2020-02-25 11:58:16 - [TEST_STEP][PASSED] - setText(findTestObject("Object Repository/Page_Agregar Productos - KAIZEN/mvi_assing_prodcuto"), Producto): Text 'TRENTON 5 LUBERMAX PROFESSIONAL  20W-50 ALL FLEET' is set on object 'Object Repository/Page_Agregar Productos - KAIZEN/mvi_assing_prodcuto'

2020-02-25 11:58:18 - [MESSAGE][PASSED] - Text 'TRENTON 5 LUBERMAX PROFESSIONAL  20W-50 ALL FLEET' is set on object 'Object Repository/Page_Agregar Productos - KAIZEN/mvi_assing_prodcuto'

2020-02-25 11:58:18 - [TEST_STEP][PASSED] - sendKeys(findTestObject("Object Repository/Page_Agregar Productos - KAIZEN/mvi_assing_prodcuto"), Keys.chord(ENTER)): Keys 'ENTER + ' sent to object: 'Object Repository/Page_Agregar Productos - KAIZEN/mvi_assing_prodcuto'

2020-02-25 11:58:19 - [MESSAGE][PASSED] - Keys 'ENTER + ' sent to object: 'Object Repository/Page_Agregar Productos - KAIZEN/mvi_assing_prodcuto'

2020-02-25 11:58:19 - [TEST_STEP][PASSED] - selectOptionByValue(findTestObject("Object Repository/Page_Agregar Productos - KAIZEN/mvi_assing_almacen"), Almacen, true): All options with value '1' are selected in object 'Object Repository/Page_Agregar Productos - KAIZEN/mvi_assing_almacen'  using regular expression

2020-02-25 11:58:20 - [MESSAGE][PASSED] - All options with value '1' are selected in object 'Object Repository/Page_Agregar Productos - KAIZEN/mvi_assing_almacen'  using regular expression

2020-02-25 11:58:20 - [TEST_STEP][PASSED] - delay(3): Delayed 3 second(s)

2020-02-25 11:58:23 - [MESSAGE][PASSED] - Delayed 3 second(s)

2020-02-25 11:58:23 - [TEST_STEP][PASSED] - modal = executeJavaScript("return document.querySelector('.swal2-popup');", null): Execute JavaScript 'return document.querySelector('.swal2-popup');' successfully

2020-02-25 11:58:23 - [MESSAGE][PASSED] - Execute JavaScript 'return document.querySelector('.swal2-popup');' successfully

2020-02-25 11:58:23 - [TEST_STEP][PASSED] - print(modal): null

2020-02-25 11:58:23 - [TEST_STEP][PASSED] - if (modal == null): null

2020-02-25 11:58:23 - [TEST_STEP][PASSED] - else: Execute JavaScript 'document.querySelector(".swal2-confirm").click();' successfully

2020-02-25 11:58:23 - [TEST_STEP][PASSED] - executeJavaScript("document.querySelector(".swal2-confirm").click();", null): Execute JavaScript 'document.querySelector(".swal2-confirm").click();' successfully

2020-02-25 11:58:23 - [MESSAGE][PASSED] - Execute JavaScript 'document.querySelector(".swal2-confirm").click();' successfully

2020-02-25 11:58:23 - [TEST_STEP][PASSED] - click(findTestObject("Object Repository/Page_- KAIZEN/mvi_menu_Inventario")): Object: 'Object Repository/Page_- KAIZEN/mvi_menu_Inventario' is clicked on

2020-02-25 11:58:24 - [MESSAGE][PASSED] - Object: 'Object Repository/Page_- KAIZEN/mvi_menu_Inventario' is clicked on

2020-02-25 11:58:24 - [TEST_STEP][PASSED] - click(findTestObject("Object Repository/Page_- KAIZEN/mvi_menu_productos_por_almacen")): Object: 'Object Repository/Page_- KAIZEN/mvi_menu_productos_por_almacen' is clicked on

2020-02-25 11:58:25 - [MESSAGE][PASSED] - Object: 'Object Repository/Page_- KAIZEN/mvi_menu_productos_por_almacen' is clicked on

2020-02-25 11:58:25 - [TEST_STEP][PASSED] - click(findTestObject("Object Repository/Page_Index - KAIZEN/mvi_agregar")): Object: 'Object Repository/Page_Index - KAIZEN/mvi_agregar' is clicked on

2020-02-25 11:58:27 - [MESSAGE][PASSED] - Object: 'Object Repository/Page_Index - KAIZEN/mvi_agregar' is clicked on

2020-02-25 11:58:27 - [TEST_STEP][PASSED] - click(findTestObject("Object Repository/Page_Agregar Productos - KAIZEN/mvi_btn_seleccione")): Object: 'Object Repository/Page_Agregar Productos - KAIZEN/mvi_btn_seleccione' is clicked on

2020-02-25 11:58:28 - [MESSAGE][PASSED] - Object: 'Object Repository/Page_Agregar Productos - KAIZEN/mvi_btn_seleccione' is clicked on

2020-02-25 11:58:28 - [TEST_STEP][PASSED] - setText(findTestObject("Object Repository/Page_Agregar Productos - KAIZEN/mvi_assing_prodcuto"), Producto): Text 'TRENTON 5 LUBERMAX PROFESSIONAL  20W-50 ALL FLEET' is set on object 'Object Repository/Page_Agregar Productos - KAIZEN/mvi_assing_prodcuto'

2020-02-25 11:58:30 - [MESSAGE][PASSED] - Text 'TRENTON 5 LUBERMAX PROFESSIONAL  20W-50 ALL FLEET' is set on object 'Object Repository/Page_Agregar Productos - KAIZEN/mvi_assing_prodcuto'

2020-02-25 11:58:30 - [TEST_STEP][PASSED] - sendKeys(findTestObject("Object Repository/Page_Agregar Productos - KAIZEN/mvi_assing_prodcuto"), Keys.chord(ENTER)): Keys 'ENTER + ' sent to object: 'Object Repository/Page_Agregar Productos - KAIZEN/mvi_assing_prodcuto'

2020-02-25 11:58:31 - [MESSAGE][PASSED] - Keys 'ENTER + ' sent to object: 'Object Repository/Page_Agregar Productos - KAIZEN/mvi_assing_prodcuto'

2020-02-25 11:58:31 - [TEST_STEP][PASSED] - selectOptionByValue(findTestObject("Object Repository/Page_Agregar Productos - KAIZEN/mvi_assing_almacen"), Almacen2, true): All options with value '6' are selected in object 'Object Repository/Page_Agregar Productos - KAIZEN/mvi_assing_almacen'  using regular expression

2020-02-25 11:58:32 - [MESSAGE][PASSED] - All options with value '6' are selected in object 'Object Repository/Page_Agregar Productos - KAIZEN/mvi_assing_almacen'  using regular expression

2020-02-25 11:58:32 - [TEST_STEP][PASSED] - delay(3): Delayed 3 second(s)

2020-02-25 11:58:35 - [MESSAGE][PASSED] - Delayed 3 second(s)

2020-02-25 11:58:35 - [TEST_STEP][PASSED] - modal2 = executeJavaScript("return document.querySelector('.swal2-popup');", null): Execute JavaScript 'return document.querySelector('.swal2-popup');' successfully

2020-02-25 11:58:35 - [MESSAGE][PASSED] - Execute JavaScript 'return document.querySelector('.swal2-popup');' successfully

2020-02-25 11:58:35 - [TEST_STEP][PASSED] - if (modal2 == null): null

2020-02-25 11:58:35 - [TEST_STEP][PASSED] - else: Browser is closed

2020-02-25 11:58:35 - [TEST_STEP][PASSED] - executeJavaScript("document.querySelector(".swal2-confirm").click();", null): Execute JavaScript 'document.querySelector(".swal2-confirm").click();' successfully

2020-02-25 11:58:35 - [MESSAGE][PASSED] - Execute JavaScript 'document.querySelector(".swal2-confirm").click();' successfully

2020-02-25 11:58:35 - [TEST_STEP][PASSED] - closeBrowser(): Browser is closed

2020-02-25 11:58:36 - [MESSAGE][PASSED] - Browser is closed

2020-02-25 11:58:36 - [MESSAGE][PASSED] - Call Test Case 'Test Cases/Individual_Tests/Anadir_Producto_Almacen' successfully

2020-02-25 11:58:36 - [TEST_STEP][PASSED] - callTestCase(findTestCase("Individual_Tests/Login"), ["Evento":"ProductoAlmacen", "Index":Index], STOP_ON_FAILURE): Call Test Case 'Test Cases/Individual_Tests/Login' successfully

2020-02-25 11:58:36 - [TEST_CASE][PASSED] - Test Cases/Individual_Tests/Login: Test Cases/Individual_Tests/Login

2020-02-25 11:58:36 - [TEST_STEP][PASSED] - print("Evento Seleccionado: " + Evento + "
"): null

2020-02-25 11:58:36 - [TEST_STEP][PASSED] - openBrowser(Web): Browser is opened with url: 'http://test.kaizendev.net/Login/Accesar?salir=true'

2020-02-25 11:58:36 - [MESSAGE][INFO] - Starting 'Chrome' driver

2020-02-25 11:58:48 - [MESSAGE][PASSED] - Browser is opened with url: 'http://test.kaizendev.net/Login/Accesar?salir=true'

2020-02-25 11:58:48 - [TEST_STEP][PASSED] - maximizeWindow(): Current window maximized

2020-02-25 11:58:49 - [MESSAGE][PASSED] - Current window maximized

2020-02-25 11:58:49 - [TEST_STEP][PASSED] - if (Evento == "Crear20"): null

2020-02-25 11:58:49 - [TEST_STEP][PASSED] - else if (Evento == "Crear40"): null

2020-02-25 11:58:49 - [TEST_STEP][PASSED] - else if (Evento == "Aprobar"): null

2020-02-25 11:58:49 - [TEST_STEP][PASSED] - else if (Evento == "Logistica"): null

2020-02-25 11:58:49 - [TEST_STEP][PASSED] - else if (Evento == "Produccion"): null

2020-02-25 11:58:49 - [TEST_STEP][PASSED] - else if (Evento == "Inventario"): null

2020-02-25 11:58:49 - [TEST_STEP][PASSED] - else if (Evento == "Despacho"): null

2020-02-25 11:58:49 - [TEST_STEP][PASSED] - else if (Evento == "ProductoAlmacen"): Object: 'Object Repository/Page_Iniciar Sesion - KAIZEN/is_btn_ingresar_sistema' is clicked on

2020-02-25 11:58:49 - [TEST_STEP][PASSED] - data7 = obtener_excels.obtener_producto_almacen.getValuesExcelProductoAlmacen(Index): obtener_excels.obtener_producto_almacen.getValuesExcelProductoAlmacen is PASSED

2020-02-25 11:58:49 - [MESSAGE][PASSED] - obtener_excels.obtener_producto_almacen.getValuesExcelProductoAlmacen is PASSED

2020-02-25 11:58:49 - [TEST_STEP][PASSED] - Usuario = data7[1]: null

2020-02-25 11:58:49 - [TEST_STEP][PASSED] - Contrasena = data7[2]: null

2020-02-25 11:58:49 - [TEST_STEP][PASSED] - setText(findTestObject("Page_Iniciar Sesion - KAIZEN/is_input_email"), Usuario): Text 'automated.test@grupokaizen.net' is set on object 'Object Repository/Page_Iniciar Sesion - KAIZEN/is_input_email'

2020-02-25 11:58:50 - [MESSAGE][PASSED] - Text 'automated.test@grupokaizen.net' is set on object 'Object Repository/Page_Iniciar Sesion - KAIZEN/is_input_email'

2020-02-25 11:58:50 - [TEST_STEP][PASSED] - setEncryptedText(findTestObject("Page_Iniciar Sesion - KAIZEN/IS_input_contrasena"), Contrasena): Text ****** has been set on object 'Object Repository/Page_Iniciar Sesion - KAIZEN/IS_input_contrasena'

2020-02-25 11:58:52 - [MESSAGE][PASSED] - Text ****** has been set on object 'Object Repository/Page_Iniciar Sesion - KAIZEN/IS_input_contrasena'

2020-02-25 11:58:52 - [TEST_STEP][PASSED] - click(findTestObject("Page_Iniciar Sesion - KAIZEN/is_btn_ingresar_sistema")): Object: 'Object Repository/Page_Iniciar Sesion - KAIZEN/is_btn_ingresar_sistema' is clicked on

2020-02-25 11:59:00 - [MESSAGE][PASSED] - Object: 'Object Repository/Page_Iniciar Sesion - KAIZEN/is_btn_ingresar_sistema' is clicked on

2020-02-25 11:59:00 - [MESSAGE][PASSED] - Call Test Case 'Test Cases/Individual_Tests/Login' successfully

2020-02-25 11:59:00 - [TEST_STEP][PASSED] - callTestCase(findTestCase("Individual_Tests/Seleccionar_Idioma"), ["Evento":"ProductoAlmacen", "Index":Index], STOP_ON_FAILURE): Call Test Case 'Test Cases/Individual_Tests/Seleccionar_Idioma' successfully

2020-02-25 11:59:00 - [TEST_CASE][PASSED] - Test Cases/Individual_Tests/Seleccionar_Idioma: Test Cases/Individual_Tests/Seleccionar_Idioma

2020-02-25 11:59:00 - [TEST_STEP][PASSED] - Idioma = 0: null

2020-02-25 11:59:00 - [TEST_STEP][PASSED] - if (Evento == "Crear20"): null

2020-02-25 11:59:00 - [TEST_STEP][PASSED] - else if (Evento == "Crear40"): null

2020-02-25 11:59:00 - [TEST_STEP][PASSED] - else if (Evento == "Aprobar"): null

2020-02-25 11:59:00 - [TEST_STEP][PASSED] - else if (Evento == "Logistica"): null

2020-02-25 11:59:00 - [TEST_STEP][PASSED] - else if (Evento == "Produccion"): null

2020-02-25 11:59:00 - [TEST_STEP][PASSED] - else if (Evento == "Inventario"): null

2020-02-25 11:59:00 - [TEST_STEP][PASSED] - else if (Evento == "Despacho"): null

2020-02-25 11:59:00 - [TEST_STEP][PASSED] - else if (Evento == "ProductoAlmacen"): null

2020-02-25 11:59:00 - [TEST_STEP][PASSED] - data8 = obtener_excels.obtener_producto_almacen.getValuesExcelProductoAlmacen(Index): obtener_excels.obtener_producto_almacen.getValuesExcelProductoAlmacen is PASSED

2020-02-25 11:59:00 - [MESSAGE][PASSED] - obtener_excels.obtener_producto_almacen.getValuesExcelProductoAlmacen is PASSED

2020-02-25 11:59:00 - [TEST_STEP][PASSED] - Idioma = data8[0]: null

2020-02-25 11:59:00 - [TEST_STEP][PASSED] - click(findTestObject("Page_- KAIZEN/si_btn_idioma")): Object: 'Object Repository/Page_- KAIZEN/si_btn_idioma' is clicked on

2020-02-25 11:59:07 - [MESSAGE][PASSED] - Object: 'Object Repository/Page_- KAIZEN/si_btn_idioma' is clicked on

2020-02-25 11:59:07 - [TEST_STEP][PASSED] - if (Idioma == "0"): Object: 'Object Repository/Page_- KAIZEN/si_Ingles' is clicked on

2020-02-25 11:59:07 - [TEST_STEP][PASSED] - click(findTestObject("Page_- KAIZEN/si_Ingles")): Object: 'Object Repository/Page_- KAIZEN/si_Ingles' is clicked on

2020-02-25 11:59:09 - [MESSAGE][ERROR] - javascript error: Failed to execute 'elementsFromPoint' on 'Document': The provided double value is non-finite.
  (Session info: chrome=80.0.3987.122)
Build info: version: '3.141.59', revision: 'e82be7d358', time: '2018-11-14T08:25:53'
System info: host: 'LAPTOP-K43U1BVQ', ip: '192.168.99.1', os.name: 'Windows 10', os.arch: 'amd64', os.version: '10.0', java.version: '1.8.0_181'
Driver info: com.kms.katalon.selenium.driver.CChromeDriver
Capabilities {acceptInsecureCerts: false, browserName: chrome, browserVersion: 80.0.3987.122, chrome: {chromedriverVersion: 79.0.3945.36 (3582db32b3389..., userDataDir: C:\Users\kaizen\AppData\Loc...}, goog:chromeOptions: {debuggerAddress: localhost:64613}, javascriptEnabled: true, networkConnectionEnabled: false, pageLoadStrategy: normal, platform: WINDOWS, platformName: WINDOWS, proxy: Proxy(), setWindowRect: true, strictFileInteractability: false, timeouts: {implicit: 0, pageLoad: 300000, script: 30000}, unhandledPromptBehavior: dismiss and notify}
Session ID: d6fcce6a8dd8f608199ca824cd2e619b

2020-02-25 11:59:39 - [MESSAGE][ERROR] - javascript error: Failed to execute 'elementsFromPoint' on 'Document': The provided double value is non-finite.
  (Session info: chrome=80.0.3987.122)
Build info: version: '3.141.59', revision: 'e82be7d358', time: '2018-11-14T08:25:53'
System info: host: 'LAPTOP-K43U1BVQ', ip: '192.168.99.1', os.name: 'Windows 10', os.arch: 'amd64', os.version: '10.0', java.version: '1.8.0_181'
Driver info: com.kms.katalon.selenium.driver.CChromeDriver
Capabilities {acceptInsecureCerts: false, browserName: chrome, browserVersion: 80.0.3987.122, chrome: {chromedriverVersion: 79.0.3945.36 (3582db32b3389..., userDataDir: C:\Users\kaizen\AppData\Loc...}, goog:chromeOptions: {debuggerAddress: localhost:64613}, javascriptEnabled: true, networkConnectionEnabled: false, pageLoadStrategy: normal, platform: WINDOWS, platformName: WINDOWS, proxy: Proxy(), setWindowRect: true, strictFileInteractability: false, timeouts: {implicit: 0, pageLoad: 300000, script: 30000}, unhandledPromptBehavior: dismiss and notify}
Session ID: d6fcce6a8dd8f608199ca824cd2e619b

2020-02-25 11:59:39 - [MESSAGE][PASSED] - Object: 'Object Repository/Page_- KAIZEN/si_Ingles' is clicked on

2020-02-25 11:59:39 - [MESSAGE][PASSED] - Call Test Case 'Test Cases/Individual_Tests/Seleccionar_Idioma' successfully

2020-02-25 11:59:39 - [TEST_STEP][PASSED] - callTestCase(findTestCase("Individual_Tests/Anadir_Producto_Almacen"), ["Index":Index], STOP_ON_FAILURE): Call Test Case 'Test Cases/Individual_Tests/Anadir_Producto_Almacen' successfully

2020-02-25 11:59:39 - [TEST_CASE][PASSED] - Test Cases/Individual_Tests/Anadir_Producto_Almacen: Test Cases/Individual_Tests/Anadir_Producto_Almacen

2020-02-25 11:59:39 - [TEST_STEP][PASSED] - data = obtener_excels.obtener_producto_almacen.getValuesExcelProductoAlmacen(Index): obtener_excels.obtener_producto_almacen.getValuesExcelProductoAlmacen is PASSED

2020-02-25 11:59:39 - [MESSAGE][PASSED] - obtener_excels.obtener_producto_almacen.getValuesExcelProductoAlmacen is PASSED

2020-02-25 11:59:39 - [TEST_STEP][PASSED] - Producto = data[3]: null

2020-02-25 11:59:39 - [TEST_STEP][PASSED] - CantidadMinima = data[4]: null

2020-02-25 11:59:39 - [TEST_STEP][PASSED] - CantidadMaxima = data[5]: null

2020-02-25 11:59:39 - [TEST_STEP][PASSED] - Almacen = data[6]: null

2020-02-25 11:59:39 - [TEST_STEP][PASSED] - Almacen2 = data[7]: null

2020-02-25 11:59:39 - [TEST_STEP][PASSED] - click(findTestObject("Object Repository/Page_- KAIZEN/mvi_menu_Inventario")): Object: 'Object Repository/Page_- KAIZEN/mvi_menu_Inventario' is clicked on

2020-02-25 11:59:47 - [MESSAGE][PASSED] - Object: 'Object Repository/Page_- KAIZEN/mvi_menu_Inventario' is clicked on

2020-02-25 11:59:47 - [TEST_STEP][PASSED] - click(findTestObject("Object Repository/Page_- KAIZEN/mvi_menu_productos_por_almacen")): Object: 'Object Repository/Page_- KAIZEN/mvi_menu_productos_por_almacen' is clicked on

2020-02-25 11:59:47 - [MESSAGE][ERROR] - javascript error: Failed to execute 'elementsFromPoint' on 'Document': The provided double value is non-finite.
  (Session info: chrome=80.0.3987.122)
Build info: version: '3.141.59', revision: 'e82be7d358', time: '2018-11-14T08:25:53'
System info: host: 'LAPTOP-K43U1BVQ', ip: '192.168.99.1', os.name: 'Windows 10', os.arch: 'amd64', os.version: '10.0', java.version: '1.8.0_181'
Driver info: com.kms.katalon.selenium.driver.CChromeDriver
Capabilities {acceptInsecureCerts: false, browserName: chrome, browserVersion: 80.0.3987.122, chrome: {chromedriverVersion: 79.0.3945.36 (3582db32b3389..., userDataDir: C:\Users\kaizen\AppData\Loc...}, goog:chromeOptions: {debuggerAddress: localhost:64613}, javascriptEnabled: true, networkConnectionEnabled: false, pageLoadStrategy: normal, platform: WINDOWS, platformName: WINDOWS, proxy: Proxy(), setWindowRect: true, strictFileInteractability: false, timeouts: {implicit: 0, pageLoad: 300000, script: 30000}, unhandledPromptBehavior: dismiss and notify}
Session ID: d6fcce6a8dd8f608199ca824cd2e619b

2020-02-25 12:00:18 - [MESSAGE][ERROR] - javascript error: Failed to execute 'elementsFromPoint' on 'Document': The provided double value is non-finite.
  (Session info: chrome=80.0.3987.122)
Build info: version: '3.141.59', revision: 'e82be7d358', time: '2018-11-14T08:25:53'
System info: host: 'LAPTOP-K43U1BVQ', ip: '192.168.99.1', os.name: 'Windows 10', os.arch: 'amd64', os.version: '10.0', java.version: '1.8.0_181'
Driver info: com.kms.katalon.selenium.driver.CChromeDriver
Capabilities {acceptInsecureCerts: false, browserName: chrome, browserVersion: 80.0.3987.122, chrome: {chromedriverVersion: 79.0.3945.36 (3582db32b3389..., userDataDir: C:\Users\kaizen\AppData\Loc...}, goog:chromeOptions: {debuggerAddress: localhost:64613}, javascriptEnabled: true, networkConnectionEnabled: false, pageLoadStrategy: normal, platform: WINDOWS, platformName: WINDOWS, proxy: Proxy(), setWindowRect: true, strictFileInteractability: false, timeouts: {implicit: 0, pageLoad: 300000, script: 30000}, unhandledPromptBehavior: dismiss and notify}
Session ID: d6fcce6a8dd8f608199ca824cd2e619b

2020-02-25 12:00:18 - [MESSAGE][PASSED] - Object: 'Object Repository/Page_- KAIZEN/mvi_menu_productos_por_almacen' is clicked on

2020-02-25 12:00:18 - [TEST_STEP][PASSED] - click(findTestObject("Object Repository/Page_Index - KAIZEN/mvi_agregar")): Object: 'Object Repository/Page_Index - KAIZEN/mvi_agregar' is clicked on

2020-02-25 12:00:46 - [MESSAGE][PASSED] - Object: 'Object Repository/Page_Index - KAIZEN/mvi_agregar' is clicked on

2020-02-25 12:00:46 - [TEST_STEP][PASSED] - click(findTestObject("Object Repository/Page_Agregar Productos - KAIZEN/mvi_btn_seleccione")): Object: 'Object Repository/Page_Agregar Productos - KAIZEN/mvi_btn_seleccione' is clicked on

2020-02-25 12:00:48 - [MESSAGE][PASSED] - Object: 'Object Repository/Page_Agregar Productos - KAIZEN/mvi_btn_seleccione' is clicked on

2020-02-25 12:00:48 - [TEST_STEP][PASSED] - setText(findTestObject("Object Repository/Page_Agregar Productos - KAIZEN/mvi_assing_prodcuto"), Producto): Text 'TRENTON5 REFRIGERANT/COMPRESSOR SYNTHETIC OIL 100' is set on object 'Object Repository/Page_Agregar Productos - KAIZEN/mvi_assing_prodcuto'

2020-02-25 12:00:50 - [MESSAGE][PASSED] - Text 'TRENTON5 REFRIGERANT/COMPRESSOR SYNTHETIC OIL 100' is set on object 'Object Repository/Page_Agregar Productos - KAIZEN/mvi_assing_prodcuto'

2020-02-25 12:00:50 - [TEST_STEP][PASSED] - sendKeys(findTestObject("Object Repository/Page_Agregar Productos - KAIZEN/mvi_assing_prodcuto"), Keys.chord(ENTER)): Keys 'ENTER + ' sent to object: 'Object Repository/Page_Agregar Productos - KAIZEN/mvi_assing_prodcuto'

2020-02-25 12:00:50 - [MESSAGE][PASSED] - Keys 'ENTER + ' sent to object: 'Object Repository/Page_Agregar Productos - KAIZEN/mvi_assing_prodcuto'

2020-02-25 12:00:50 - [TEST_STEP][PASSED] - selectOptionByValue(findTestObject("Object Repository/Page_Agregar Productos - KAIZEN/mvi_assing_almacen"), Almacen, true): All options with value '6' are selected in object 'Object Repository/Page_Agregar Productos - KAIZEN/mvi_assing_almacen'  using regular expression

2020-02-25 12:00:51 - [MESSAGE][PASSED] - All options with value '6' are selected in object 'Object Repository/Page_Agregar Productos - KAIZEN/mvi_assing_almacen'  using regular expression

2020-02-25 12:00:51 - [TEST_STEP][PASSED] - delay(3): Delayed 3 second(s)

2020-02-25 12:00:54 - [MESSAGE][PASSED] - Delayed 3 second(s)

2020-02-25 12:00:54 - [TEST_STEP][PASSED] - modal = executeJavaScript("return document.querySelector('.swal2-popup');", null): Execute JavaScript 'return document.querySelector('.swal2-popup');' successfully

2020-02-25 12:00:54 - [MESSAGE][PASSED] - Execute JavaScript 'return document.querySelector('.swal2-popup');' successfully

2020-02-25 12:00:54 - [TEST_STEP][PASSED] - print(modal): null

2020-02-25 12:00:54 - [TEST_STEP][PASSED] - if (modal == null): null

2020-02-25 12:00:54 - [TEST_STEP][PASSED] - else: Execute JavaScript 'document.querySelector(".swal2-confirm").click();' successfully

2020-02-25 12:00:54 - [TEST_STEP][PASSED] - executeJavaScript("document.querySelector(".swal2-confirm").click();", null): Execute JavaScript 'document.querySelector(".swal2-confirm").click();' successfully

2020-02-25 12:00:55 - [MESSAGE][PASSED] - Execute JavaScript 'document.querySelector(".swal2-confirm").click();' successfully

2020-02-25 12:00:55 - [TEST_STEP][PASSED] - click(findTestObject("Object Repository/Page_- KAIZEN/mvi_menu_Inventario")): Object: 'Object Repository/Page_- KAIZEN/mvi_menu_Inventario' is clicked on

2020-02-25 12:00:55 - [MESSAGE][PASSED] - Object: 'Object Repository/Page_- KAIZEN/mvi_menu_Inventario' is clicked on

2020-02-25 12:00:55 - [TEST_STEP][PASSED] - click(findTestObject("Object Repository/Page_- KAIZEN/mvi_menu_productos_por_almacen")): Object: 'Object Repository/Page_- KAIZEN/mvi_menu_productos_por_almacen' is clicked on

2020-02-25 12:00:58 - [MESSAGE][PASSED] - Object: 'Object Repository/Page_- KAIZEN/mvi_menu_productos_por_almacen' is clicked on

2020-02-25 12:00:58 - [TEST_STEP][PASSED] - click(findTestObject("Object Repository/Page_Index - KAIZEN/mvi_agregar")): Object: 'Object Repository/Page_Index - KAIZEN/mvi_agregar' is clicked on

2020-02-25 12:01:01 - [MESSAGE][PASSED] - Object: 'Object Repository/Page_Index - KAIZEN/mvi_agregar' is clicked on

2020-02-25 12:01:01 - [TEST_STEP][PASSED] - click(findTestObject("Object Repository/Page_Agregar Productos - KAIZEN/mvi_btn_seleccione")): Object: 'Object Repository/Page_Agregar Productos - KAIZEN/mvi_btn_seleccione' is clicked on

2020-02-25 12:01:02 - [MESSAGE][PASSED] - Object: 'Object Repository/Page_Agregar Productos - KAIZEN/mvi_btn_seleccione' is clicked on

2020-02-25 12:01:02 - [TEST_STEP][PASSED] - setText(findTestObject("Object Repository/Page_Agregar Productos - KAIZEN/mvi_assing_prodcuto"), Producto): Text 'TRENTON5 REFRIGERANT/COMPRESSOR SYNTHETIC OIL 100' is set on object 'Object Repository/Page_Agregar Productos - KAIZEN/mvi_assing_prodcuto'

2020-02-25 12:01:04 - [MESSAGE][PASSED] - Text 'TRENTON5 REFRIGERANT/COMPRESSOR SYNTHETIC OIL 100' is set on object 'Object Repository/Page_Agregar Productos - KAIZEN/mvi_assing_prodcuto'

2020-02-25 12:01:04 - [TEST_STEP][PASSED] - sendKeys(findTestObject("Object Repository/Page_Agregar Productos - KAIZEN/mvi_assing_prodcuto"), Keys.chord(ENTER)): Keys 'ENTER + ' sent to object: 'Object Repository/Page_Agregar Productos - KAIZEN/mvi_assing_prodcuto'

2020-02-25 12:01:05 - [MESSAGE][PASSED] - Keys 'ENTER + ' sent to object: 'Object Repository/Page_Agregar Productos - KAIZEN/mvi_assing_prodcuto'

2020-02-25 12:01:05 - [TEST_STEP][PASSED] - selectOptionByValue(findTestObject("Object Repository/Page_Agregar Productos - KAIZEN/mvi_assing_almacen"), Almacen2, true): All options with value '1' are selected in object 'Object Repository/Page_Agregar Productos - KAIZEN/mvi_assing_almacen'  using regular expression

2020-02-25 12:01:06 - [MESSAGE][PASSED] - All options with value '1' are selected in object 'Object Repository/Page_Agregar Productos - KAIZEN/mvi_assing_almacen'  using regular expression

2020-02-25 12:01:06 - [TEST_STEP][PASSED] - delay(3): Delayed 3 second(s)

2020-02-25 12:01:09 - [MESSAGE][PASSED] - Delayed 3 second(s)

2020-02-25 12:01:09 - [TEST_STEP][PASSED] - modal2 = executeJavaScript("return document.querySelector('.swal2-popup');", null): Execute JavaScript 'return document.querySelector('.swal2-popup');' successfully

2020-02-25 12:01:09 - [MESSAGE][PASSED] - Execute JavaScript 'return document.querySelector('.swal2-popup');' successfully

2020-02-25 12:01:09 - [TEST_STEP][PASSED] - if (modal2 == null): null

2020-02-25 12:01:09 - [TEST_STEP][PASSED] - else: Browser is closed

2020-02-25 12:01:09 - [TEST_STEP][PASSED] - executeJavaScript("document.querySelector(".swal2-confirm").click();", null): Execute JavaScript 'document.querySelector(".swal2-confirm").click();' successfully

2020-02-25 12:01:09 - [MESSAGE][PASSED] - Execute JavaScript 'document.querySelector(".swal2-confirm").click();' successfully

2020-02-25 12:01:09 - [TEST_STEP][PASSED] - closeBrowser(): Browser is closed

2020-02-25 12:01:10 - [MESSAGE][PASSED] - Browser is closed

2020-02-25 12:01:10 - [MESSAGE][PASSED] - Call Test Case 'Test Cases/Individual_Tests/Anadir_Producto_Almacen' successfully

2020-02-25 12:01:10 - [TEST_STEP][PASSED] - callTestCase(findTestCase("Individual_Tests/Login"), ["Evento":"ProductoAlmacen", "Index":Index], STOP_ON_FAILURE): Call Test Case 'Test Cases/Individual_Tests/Login' successfully

2020-02-25 12:01:10 - [TEST_CASE][PASSED] - Test Cases/Individual_Tests/Login: Test Cases/Individual_Tests/Login

2020-02-25 12:01:10 - [TEST_STEP][PASSED] - print("Evento Seleccionado: " + Evento + "
"): null

2020-02-25 12:01:10 - [TEST_STEP][PASSED] - openBrowser(Web): Browser is opened with url: 'http://test.kaizendev.net/Login/Accesar?salir=true'

2020-02-25 12:01:10 - [MESSAGE][INFO] - Starting 'Chrome' driver

2020-02-25 12:01:33 - [MESSAGE][PASSED] - Browser is opened with url: 'http://test.kaizendev.net/Login/Accesar?salir=true'

2020-02-25 12:01:33 - [TEST_STEP][PASSED] - maximizeWindow(): Current window maximized

2020-02-25 12:01:34 - [MESSAGE][PASSED] - Current window maximized

2020-02-25 12:01:34 - [TEST_STEP][PASSED] - if (Evento == "Crear20"): null

2020-02-25 12:01:34 - [TEST_STEP][PASSED] - else if (Evento == "Crear40"): null

2020-02-25 12:01:34 - [TEST_STEP][PASSED] - else if (Evento == "Aprobar"): null

2020-02-25 12:01:34 - [TEST_STEP][PASSED] - else if (Evento == "Logistica"): null

2020-02-25 12:01:34 - [TEST_STEP][PASSED] - else if (Evento == "Produccion"): null

2020-02-25 12:01:34 - [TEST_STEP][PASSED] - else if (Evento == "Inventario"): null

2020-02-25 12:01:34 - [TEST_STEP][PASSED] - else if (Evento == "Despacho"): null

2020-02-25 12:01:34 - [TEST_STEP][PASSED] - else if (Evento == "ProductoAlmacen"): Object: 'Object Repository/Page_Iniciar Sesion - KAIZEN/is_btn_ingresar_sistema' is clicked on

2020-02-25 12:01:34 - [TEST_STEP][PASSED] - data7 = obtener_excels.obtener_producto_almacen.getValuesExcelProductoAlmacen(Index): obtener_excels.obtener_producto_almacen.getValuesExcelProductoAlmacen is PASSED

2020-02-25 12:01:34 - [MESSAGE][PASSED] - obtener_excels.obtener_producto_almacen.getValuesExcelProductoAlmacen is PASSED

2020-02-25 12:01:34 - [TEST_STEP][PASSED] - Usuario = data7[1]: null

2020-02-25 12:01:34 - [TEST_STEP][PASSED] - Contrasena = data7[2]: null

2020-02-25 12:01:34 - [TEST_STEP][PASSED] - setText(findTestObject("Page_Iniciar Sesion - KAIZEN/is_input_email"), Usuario): Text 'automated.test@grupokaizen.net' is set on object 'Object Repository/Page_Iniciar Sesion - KAIZEN/is_input_email'

2020-02-25 12:01:35 - [MESSAGE][PASSED] - Text 'automated.test@grupokaizen.net' is set on object 'Object Repository/Page_Iniciar Sesion - KAIZEN/is_input_email'

2020-02-25 12:01:35 - [TEST_STEP][PASSED] - setEncryptedText(findTestObject("Page_Iniciar Sesion - KAIZEN/IS_input_contrasena"), Contrasena): Text ****** has been set on object 'Object Repository/Page_Iniciar Sesion - KAIZEN/IS_input_contrasena'

2020-02-25 12:01:35 - [MESSAGE][PASSED] - Text ****** has been set on object 'Object Repository/Page_Iniciar Sesion - KAIZEN/IS_input_contrasena'

2020-02-25 12:01:35 - [TEST_STEP][PASSED] - click(findTestObject("Page_Iniciar Sesion - KAIZEN/is_btn_ingresar_sistema")): Object: 'Object Repository/Page_Iniciar Sesion - KAIZEN/is_btn_ingresar_sistema' is clicked on

2020-02-25 12:01:38 - [MESSAGE][PASSED] - Object: 'Object Repository/Page_Iniciar Sesion - KAIZEN/is_btn_ingresar_sistema' is clicked on

2020-02-25 12:01:38 - [MESSAGE][PASSED] - Call Test Case 'Test Cases/Individual_Tests/Login' successfully

2020-02-25 12:01:38 - [TEST_STEP][PASSED] - callTestCase(findTestCase("Individual_Tests/Seleccionar_Idioma"), ["Evento":"ProductoAlmacen", "Index":Index], STOP_ON_FAILURE): Call Test Case 'Test Cases/Individual_Tests/Seleccionar_Idioma' successfully

2020-02-25 12:01:38 - [TEST_CASE][PASSED] - Test Cases/Individual_Tests/Seleccionar_Idioma: Test Cases/Individual_Tests/Seleccionar_Idioma

2020-02-25 12:01:38 - [TEST_STEP][PASSED] - Idioma = 0: null

2020-02-25 12:01:38 - [TEST_STEP][PASSED] - if (Evento == "Crear20"): null

2020-02-25 12:01:38 - [TEST_STEP][PASSED] - else if (Evento == "Crear40"): null

2020-02-25 12:01:38 - [TEST_STEP][PASSED] - else if (Evento == "Aprobar"): null

2020-02-25 12:01:38 - [TEST_STEP][PASSED] - else if (Evento == "Logistica"): null

2020-02-25 12:01:38 - [TEST_STEP][PASSED] - else if (Evento == "Produccion"): null

2020-02-25 12:01:38 - [TEST_STEP][PASSED] - else if (Evento == "Inventario"): null

2020-02-25 12:01:38 - [TEST_STEP][PASSED] - else if (Evento == "Despacho"): null

2020-02-25 12:01:38 - [TEST_STEP][PASSED] - else if (Evento == "ProductoAlmacen"): null

2020-02-25 12:01:38 - [TEST_STEP][PASSED] - data8 = obtener_excels.obtener_producto_almacen.getValuesExcelProductoAlmacen(Index): obtener_excels.obtener_producto_almacen.getValuesExcelProductoAlmacen is PASSED

2020-02-25 12:01:38 - [MESSAGE][PASSED] - obtener_excels.obtener_producto_almacen.getValuesExcelProductoAlmacen is PASSED

2020-02-25 12:01:38 - [TEST_STEP][PASSED] - Idioma = data8[0]: null

2020-02-25 12:01:38 - [TEST_STEP][PASSED] - click(findTestObject("Page_- KAIZEN/si_btn_idioma")): Object: 'Object Repository/Page_- KAIZEN/si_btn_idioma' is clicked on

2020-02-25 12:01:45 - [MESSAGE][PASSED] - Object: 'Object Repository/Page_- KAIZEN/si_btn_idioma' is clicked on

2020-02-25 12:01:45 - [TEST_STEP][PASSED] - if (Idioma == "0"): null

2020-02-25 12:01:45 - [TEST_STEP][PASSED] - else: Object: 'Object Repository/Page_- KAIZEN/si_Spanish' is clicked on

2020-02-25 12:01:45 - [TEST_STEP][PASSED] - click(findTestObject("Page_- KAIZEN/si_Spanish")): Object: 'Object Repository/Page_- KAIZEN/si_Spanish' is clicked on

2020-02-25 12:01:52 - [MESSAGE][PASSED] - Object: 'Object Repository/Page_- KAIZEN/si_Spanish' is clicked on

2020-02-25 12:01:52 - [MESSAGE][PASSED] - Call Test Case 'Test Cases/Individual_Tests/Seleccionar_Idioma' successfully

2020-02-25 12:01:52 - [TEST_STEP][PASSED] - callTestCase(findTestCase("Individual_Tests/Anadir_Producto_Almacen"), ["Index":Index], STOP_ON_FAILURE): Call Test Case 'Test Cases/Individual_Tests/Anadir_Producto_Almacen' successfully

2020-02-25 12:01:52 - [TEST_CASE][PASSED] - Test Cases/Individual_Tests/Anadir_Producto_Almacen: Test Cases/Individual_Tests/Anadir_Producto_Almacen

2020-02-25 12:01:52 - [TEST_STEP][PASSED] - data = obtener_excels.obtener_producto_almacen.getValuesExcelProductoAlmacen(Index): obtener_excels.obtener_producto_almacen.getValuesExcelProductoAlmacen is PASSED

2020-02-25 12:01:52 - [MESSAGE][PASSED] - obtener_excels.obtener_producto_almacen.getValuesExcelProductoAlmacen is PASSED

2020-02-25 12:01:52 - [TEST_STEP][PASSED] - Producto = data[3]: null

2020-02-25 12:01:52 - [TEST_STEP][PASSED] - CantidadMinima = data[4]: null

2020-02-25 12:01:52 - [TEST_STEP][PASSED] - CantidadMaxima = data[5]: null

2020-02-25 12:01:52 - [TEST_STEP][PASSED] - Almacen = data[6]: null

2020-02-25 12:01:52 - [TEST_STEP][PASSED] - Almacen2 = data[7]: null

2020-02-25 12:01:52 - [TEST_STEP][PASSED] - click(findTestObject("Object Repository/Page_- KAIZEN/mvi_menu_Inventario")): Object: 'Object Repository/Page_- KAIZEN/mvi_menu_Inventario' is clicked on

2020-02-25 12:01:53 - [MESSAGE][PASSED] - Object: 'Object Repository/Page_- KAIZEN/mvi_menu_Inventario' is clicked on

2020-02-25 12:01:53 - [TEST_STEP][PASSED] - click(findTestObject("Object Repository/Page_- KAIZEN/mvi_menu_productos_por_almacen")): Object: 'Object Repository/Page_- KAIZEN/mvi_menu_productos_por_almacen' is clicked on

2020-02-25 12:01:57 - [MESSAGE][PASSED] - Object: 'Object Repository/Page_- KAIZEN/mvi_menu_productos_por_almacen' is clicked on

2020-02-25 12:01:57 - [TEST_STEP][PASSED] - click(findTestObject("Object Repository/Page_Index - KAIZEN/mvi_agregar")): Object: 'Object Repository/Page_Index - KAIZEN/mvi_agregar' is clicked on

2020-02-25 12:02:00 - [MESSAGE][PASSED] - Object: 'Object Repository/Page_Index - KAIZEN/mvi_agregar' is clicked on

2020-02-25 12:02:00 - [TEST_STEP][PASSED] - click(findTestObject("Object Repository/Page_Agregar Productos - KAIZEN/mvi_btn_seleccione")): Object: 'Object Repository/Page_Agregar Productos - KAIZEN/mvi_btn_seleccione' is clicked on

2020-02-25 12:02:01 - [MESSAGE][PASSED] - Object: 'Object Repository/Page_Agregar Productos - KAIZEN/mvi_btn_seleccione' is clicked on

2020-02-25 12:02:01 - [TEST_STEP][PASSED] - setText(findTestObject("Object Repository/Page_Agregar Productos - KAIZEN/mvi_assing_prodcuto"), Producto): Text 'TRENTON5 HEAD TRANSFER AND QUENCHING OIL 32' is set on object 'Object Repository/Page_Agregar Productos - KAIZEN/mvi_assing_prodcuto'

2020-02-25 12:02:02 - [MESSAGE][PASSED] - Text 'TRENTON5 HEAD TRANSFER AND QUENCHING OIL 32' is set on object 'Object Repository/Page_Agregar Productos - KAIZEN/mvi_assing_prodcuto'

2020-02-25 12:02:02 - [TEST_STEP][PASSED] - sendKeys(findTestObject("Object Repository/Page_Agregar Productos - KAIZEN/mvi_assing_prodcuto"), Keys.chord(ENTER)): Keys 'ENTER + ' sent to object: 'Object Repository/Page_Agregar Productos - KAIZEN/mvi_assing_prodcuto'

2020-02-25 12:02:03 - [MESSAGE][PASSED] - Keys 'ENTER + ' sent to object: 'Object Repository/Page_Agregar Productos - KAIZEN/mvi_assing_prodcuto'

2020-02-25 12:02:03 - [TEST_STEP][PASSED] - selectOptionByValue(findTestObject("Object Repository/Page_Agregar Productos - KAIZEN/mvi_assing_almacen"), Almacen, true): All options with value '2' are selected in object 'Object Repository/Page_Agregar Productos - KAIZEN/mvi_assing_almacen'  using regular expression

2020-02-25 12:02:04 - [MESSAGE][PASSED] - All options with value '2' are selected in object 'Object Repository/Page_Agregar Productos - KAIZEN/mvi_assing_almacen'  using regular expression

2020-02-25 12:02:04 - [TEST_STEP][PASSED] - delay(3): Delayed 3 second(s)

2020-02-25 12:02:07 - [MESSAGE][PASSED] - Delayed 3 second(s)

2020-02-25 12:02:07 - [TEST_STEP][PASSED] - modal = executeJavaScript("return document.querySelector('.swal2-popup');", null): Execute JavaScript 'return document.querySelector('.swal2-popup');' successfully

2020-02-25 12:02:07 - [MESSAGE][PASSED] - Execute JavaScript 'return document.querySelector('.swal2-popup');' successfully

2020-02-25 12:02:07 - [TEST_STEP][PASSED] - print(modal): null

2020-02-25 12:02:07 - [TEST_STEP][PASSED] - if (modal == null): Object: 'Object Repository/Page_Agregar Productos - KAIZEN/mvi_Guardar' is clicked on

2020-02-25 12:02:07 - [TEST_STEP][PASSED] - setText(findTestObject("Object Repository/Page_Agregar Productos - KAIZEN/mvi_cantidad_mnima_almacn"), CantidadMinima): Text '18' is set on object 'Object Repository/Page_Agregar Productos - KAIZEN/mvi_cantidad_mnima_almacn'

2020-02-25 12:02:08 - [MESSAGE][PASSED] - Text '18' is set on object 'Object Repository/Page_Agregar Productos - KAIZEN/mvi_cantidad_mnima_almacn'

2020-02-25 12:02:08 - [TEST_STEP][PASSED] - setText(findTestObject("Object Repository/Page_Agregar Productos - KAIZEN/mvi_cantidad_mxima_en_almacn"), CantidadMaxima): Text '113' is set on object 'Object Repository/Page_Agregar Productos - KAIZEN/mvi_cantidad_mxima_en_almacn'

2020-02-25 12:02:08 - [MESSAGE][PASSED] - Text '113' is set on object 'Object Repository/Page_Agregar Productos - KAIZEN/mvi_cantidad_mxima_en_almacn'

2020-02-25 12:02:08 - [TEST_STEP][PASSED] - delay(7): Delayed 7 second(s)

2020-02-25 12:02:15 - [MESSAGE][PASSED] - Delayed 7 second(s)

2020-02-25 12:02:15 - [TEST_STEP][PASSED] - click(findTestObject("Object Repository/Page_Agregar Productos - KAIZEN/mvi_button_OK")): Object: 'Object Repository/Page_Agregar Productos - KAIZEN/mvi_button_OK' is clicked on

2020-02-25 12:02:16 - [MESSAGE][PASSED] - Object: 'Object Repository/Page_Agregar Productos - KAIZEN/mvi_button_OK' is clicked on

2020-02-25 12:02:16 - [TEST_STEP][PASSED] - selectOptionByValue(findTestObject("Object Repository/Page_Agregar Productos - KAIZEN/mvi_assing_almacen"), "4", true): All options with value '4' are selected in object 'Object Repository/Page_Agregar Productos - KAIZEN/mvi_assing_almacen'  using regular expression

2020-02-25 12:02:17 - [MESSAGE][PASSED] - All options with value '4' are selected in object 'Object Repository/Page_Agregar Productos - KAIZEN/mvi_assing_almacen'  using regular expression

2020-02-25 12:02:17 - [TEST_STEP][PASSED] - selectOptionByValue(findTestObject("Object Repository/Page_Agregar Productos - KAIZEN/mvi_assing_almacen"), Almacen, true): All options with value '2' are selected in object 'Object Repository/Page_Agregar Productos - KAIZEN/mvi_assing_almacen'  using regular expression

2020-02-25 12:02:18 - [MESSAGE][PASSED] - All options with value '2' are selected in object 'Object Repository/Page_Agregar Productos - KAIZEN/mvi_assing_almacen'  using regular expression

2020-02-25 12:02:18 - [TEST_STEP][PASSED] - click(findTestObject("Object Repository/Page_Agregar Productos - KAIZEN/mvi_Guardar")): Object: 'Object Repository/Page_Agregar Productos - KAIZEN/mvi_Guardar' is clicked on

2020-02-25 12:02:20 - [MESSAGE][PASSED] - Object: 'Object Repository/Page_Agregar Productos - KAIZEN/mvi_Guardar' is clicked on

2020-02-25 12:02:20 - [TEST_STEP][PASSED] - click(findTestObject("Object Repository/Page_- KAIZEN/mvi_menu_Inventario")): Object: 'Object Repository/Page_- KAIZEN/mvi_menu_Inventario' is clicked on

2020-02-25 12:02:21 - [MESSAGE][PASSED] - Object: 'Object Repository/Page_- KAIZEN/mvi_menu_Inventario' is clicked on

2020-02-25 12:02:21 - [TEST_STEP][PASSED] - click(findTestObject("Object Repository/Page_- KAIZEN/mvi_menu_productos_por_almacen")): Object: 'Object Repository/Page_- KAIZEN/mvi_menu_productos_por_almacen' is clicked on

2020-02-25 12:02:22 - [MESSAGE][PASSED] - Object: 'Object Repository/Page_- KAIZEN/mvi_menu_productos_por_almacen' is clicked on

2020-02-25 12:02:22 - [TEST_STEP][PASSED] - click(findTestObject("Object Repository/Page_Index - KAIZEN/mvi_agregar")): Object: 'Object Repository/Page_Index - KAIZEN/mvi_agregar' is clicked on

2020-02-25 12:02:24 - [MESSAGE][PASSED] - Object: 'Object Repository/Page_Index - KAIZEN/mvi_agregar' is clicked on

2020-02-25 12:02:24 - [TEST_STEP][PASSED] - click(findTestObject("Object Repository/Page_Agregar Productos - KAIZEN/mvi_btn_seleccione")): Object: 'Object Repository/Page_Agregar Productos - KAIZEN/mvi_btn_seleccione' is clicked on

2020-02-25 12:02:25 - [MESSAGE][PASSED] - Object: 'Object Repository/Page_Agregar Productos - KAIZEN/mvi_btn_seleccione' is clicked on

2020-02-25 12:02:25 - [TEST_STEP][PASSED] - setText(findTestObject("Object Repository/Page_Agregar Productos - KAIZEN/mvi_assing_prodcuto"), Producto): Text 'TRENTON5 HEAD TRANSFER AND QUENCHING OIL 32' is set on object 'Object Repository/Page_Agregar Productos - KAIZEN/mvi_assing_prodcuto'

2020-02-25 12:02:27 - [MESSAGE][PASSED] - Text 'TRENTON5 HEAD TRANSFER AND QUENCHING OIL 32' is set on object 'Object Repository/Page_Agregar Productos - KAIZEN/mvi_assing_prodcuto'

2020-02-25 12:02:27 - [TEST_STEP][PASSED] - sendKeys(findTestObject("Object Repository/Page_Agregar Productos - KAIZEN/mvi_assing_prodcuto"), Keys.chord(ENTER)): Keys 'ENTER + ' sent to object: 'Object Repository/Page_Agregar Productos - KAIZEN/mvi_assing_prodcuto'

2020-02-25 12:02:27 - [MESSAGE][PASSED] - Keys 'ENTER + ' sent to object: 'Object Repository/Page_Agregar Productos - KAIZEN/mvi_assing_prodcuto'

2020-02-25 12:02:27 - [TEST_STEP][PASSED] - selectOptionByValue(findTestObject("Object Repository/Page_Agregar Productos - KAIZEN/mvi_assing_almacen"), Almacen2, true): All options with value '7' are selected in object 'Object Repository/Page_Agregar Productos - KAIZEN/mvi_assing_almacen'  using regular expression

2020-02-25 12:02:28 - [MESSAGE][PASSED] - All options with value '7' are selected in object 'Object Repository/Page_Agregar Productos - KAIZEN/mvi_assing_almacen'  using regular expression

2020-02-25 12:02:28 - [TEST_STEP][PASSED] - delay(3): Delayed 3 second(s)

2020-02-25 12:02:32 - [MESSAGE][PASSED] - Delayed 3 second(s)

2020-02-25 12:02:32 - [TEST_STEP][PASSED] - modal2 = executeJavaScript("return document.querySelector('.swal2-popup');", null): Execute JavaScript 'return document.querySelector('.swal2-popup');' successfully

2020-02-25 12:02:32 - [MESSAGE][PASSED] - Execute JavaScript 'return document.querySelector('.swal2-popup');' successfully

2020-02-25 12:02:32 - [TEST_STEP][PASSED] - if (modal2 == null): Object: 'Object Repository/Page_Agregar Productos - KAIZEN/mvi_Guardar' is clicked on

2020-02-25 12:02:32 - [TEST_STEP][PASSED] - setText(findTestObject("Object Repository/Page_Agregar Productos - KAIZEN/mvi_cantidad_mnima_almacn"), CantidadMinima): Text '18' is set on object 'Object Repository/Page_Agregar Productos - KAIZEN/mvi_cantidad_mnima_almacn'

2020-02-25 12:02:32 - [MESSAGE][PASSED] - Text '18' is set on object 'Object Repository/Page_Agregar Productos - KAIZEN/mvi_cantidad_mnima_almacn'

2020-02-25 12:02:32 - [TEST_STEP][PASSED] - setText(findTestObject("Object Repository/Page_Agregar Productos - KAIZEN/mvi_cantidad_mxima_en_almacn"), CantidadMaxima): Text '113' is set on object 'Object Repository/Page_Agregar Productos - KAIZEN/mvi_cantidad_mxima_en_almacn'

2020-02-25 12:02:33 - [MESSAGE][PASSED] - Text '113' is set on object 'Object Repository/Page_Agregar Productos - KAIZEN/mvi_cantidad_mxima_en_almacn'

2020-02-25 12:02:33 - [TEST_STEP][PASSED] - delay(7): Delayed 7 second(s)

2020-02-25 12:02:40 - [MESSAGE][PASSED] - Delayed 7 second(s)

2020-02-25 12:02:40 - [TEST_STEP][PASSED] - click(findTestObject("Object Repository/Page_Agregar Productos - KAIZEN/mvi_button_OK")): Object: 'Object Repository/Page_Agregar Productos - KAIZEN/mvi_button_OK' is clicked on

2020-02-25 12:02:40 - [MESSAGE][PASSED] - Object: 'Object Repository/Page_Agregar Productos - KAIZEN/mvi_button_OK' is clicked on

2020-02-25 12:02:40 - [TEST_STEP][PASSED] - selectOptionByValue(findTestObject("Object Repository/Page_Agregar Productos - KAIZEN/mvi_assing_almacen"), "4", true): All options with value '4' are selected in object 'Object Repository/Page_Agregar Productos - KAIZEN/mvi_assing_almacen'  using regular expression

2020-02-25 12:02:41 - [MESSAGE][PASSED] - All options with value '4' are selected in object 'Object Repository/Page_Agregar Productos - KAIZEN/mvi_assing_almacen'  using regular expression

2020-02-25 12:02:41 - [TEST_STEP][PASSED] - selectOptionByValue(findTestObject("Object Repository/Page_Agregar Productos - KAIZEN/mvi_assing_almacen"), Almacen2, true): All options with value '7' are selected in object 'Object Repository/Page_Agregar Productos - KAIZEN/mvi_assing_almacen'  using regular expression

2020-02-25 12:02:43 - [MESSAGE][PASSED] - All options with value '7' are selected in object 'Object Repository/Page_Agregar Productos - KAIZEN/mvi_assing_almacen'  using regular expression

2020-02-25 12:02:43 - [TEST_STEP][PASSED] - click(findTestObject("Object Repository/Page_Agregar Productos - KAIZEN/mvi_Guardar")): Object: 'Object Repository/Page_Agregar Productos - KAIZEN/mvi_Guardar' is clicked on

2020-02-25 12:02:46 - [MESSAGE][PASSED] - Object: 'Object Repository/Page_Agregar Productos - KAIZEN/mvi_Guardar' is clicked on

2020-02-25 12:02:46 - [MESSAGE][PASSED] - Call Test Case 'Test Cases/Individual_Tests/Anadir_Producto_Almacen' successfully

2020-02-25 12:02:46 - [TEST_STEP][PASSED] - callTestCase(findTestCase("Individual_Tests/Login"), ["Evento":"ProductoAlmacen", "Index":Index], STOP_ON_FAILURE): Call Test Case 'Test Cases/Individual_Tests/Login' successfully

2020-02-25 12:02:46 - [TEST_CASE][PASSED] - Test Cases/Individual_Tests/Login: Test Cases/Individual_Tests/Login

2020-02-25 12:02:46 - [TEST_STEP][PASSED] - print("Evento Seleccionado: " + Evento + "
"): null

2020-02-25 12:02:46 - [TEST_STEP][PASSED] - openBrowser(Web): Browser is opened with url: 'http://test.kaizendev.net/Login/Accesar?salir=true'

2020-02-25 12:02:46 - [MESSAGE][WARNING] - A browser is already opened. Closing browser and opening a new one

2020-02-25 12:02:46 - [MESSAGE][INFO] - Starting 'Chrome' driver

2020-02-25 12:03:02 - [MESSAGE][PASSED] - Browser is opened with url: 'http://test.kaizendev.net/Login/Accesar?salir=true'

2020-02-25 12:03:02 - [TEST_STEP][PASSED] - maximizeWindow(): Current window maximized

2020-02-25 12:03:04 - [MESSAGE][PASSED] - Current window maximized

2020-02-25 12:03:04 - [TEST_STEP][PASSED] - if (Evento == "Crear20"): null

2020-02-25 12:03:04 - [TEST_STEP][PASSED] - else if (Evento == "Crear40"): null

2020-02-25 12:03:04 - [TEST_STEP][PASSED] - else if (Evento == "Aprobar"): null

2020-02-25 12:03:04 - [TEST_STEP][PASSED] - else if (Evento == "Logistica"): null

2020-02-25 12:03:04 - [TEST_STEP][PASSED] - else if (Evento == "Produccion"): null

2020-02-25 12:03:04 - [TEST_STEP][PASSED] - else if (Evento == "Inventario"): null

2020-02-25 12:03:04 - [TEST_STEP][PASSED] - else if (Evento == "Despacho"): null

2020-02-25 12:03:04 - [TEST_STEP][PASSED] - else if (Evento == "ProductoAlmacen"): Object: 'Object Repository/Page_Iniciar Sesion - KAIZEN/is_btn_ingresar_sistema' is clicked on

2020-02-25 12:03:04 - [TEST_STEP][PASSED] - data7 = obtener_excels.obtener_producto_almacen.getValuesExcelProductoAlmacen(Index): obtener_excels.obtener_producto_almacen.getValuesExcelProductoAlmacen is PASSED

2020-02-25 12:03:04 - [MESSAGE][PASSED] - obtener_excels.obtener_producto_almacen.getValuesExcelProductoAlmacen is PASSED

2020-02-25 12:03:04 - [TEST_STEP][PASSED] - Usuario = data7[1]: null

2020-02-25 12:03:04 - [TEST_STEP][PASSED] - Contrasena = data7[2]: null

2020-02-25 12:03:04 - [TEST_STEP][PASSED] - setText(findTestObject("Page_Iniciar Sesion - KAIZEN/is_input_email"), Usuario): Text 'automated.test@grupokaizen.net' is set on object 'Object Repository/Page_Iniciar Sesion - KAIZEN/is_input_email'

2020-02-25 12:03:04 - [MESSAGE][PASSED] - Text 'automated.test@grupokaizen.net' is set on object 'Object Repository/Page_Iniciar Sesion - KAIZEN/is_input_email'

2020-02-25 12:03:04 - [TEST_STEP][PASSED] - setEncryptedText(findTestObject("Page_Iniciar Sesion - KAIZEN/IS_input_contrasena"), Contrasena): Text ****** has been set on object 'Object Repository/Page_Iniciar Sesion - KAIZEN/IS_input_contrasena'

2020-02-25 12:03:05 - [MESSAGE][PASSED] - Text ****** has been set on object 'Object Repository/Page_Iniciar Sesion - KAIZEN/IS_input_contrasena'

2020-02-25 12:03:05 - [TEST_STEP][PASSED] - click(findTestObject("Page_Iniciar Sesion - KAIZEN/is_btn_ingresar_sistema")): Object: 'Object Repository/Page_Iniciar Sesion - KAIZEN/is_btn_ingresar_sistema' is clicked on

2020-02-25 12:03:07 - [MESSAGE][PASSED] - Object: 'Object Repository/Page_Iniciar Sesion - KAIZEN/is_btn_ingresar_sistema' is clicked on

2020-02-25 12:03:07 - [MESSAGE][PASSED] - Call Test Case 'Test Cases/Individual_Tests/Login' successfully

2020-02-25 12:03:07 - [TEST_STEP][PASSED] - callTestCase(findTestCase("Individual_Tests/Seleccionar_Idioma"), ["Evento":"ProductoAlmacen", "Index":Index], STOP_ON_FAILURE): Call Test Case 'Test Cases/Individual_Tests/Seleccionar_Idioma' successfully

2020-02-25 12:03:07 - [TEST_CASE][PASSED] - Test Cases/Individual_Tests/Seleccionar_Idioma: Test Cases/Individual_Tests/Seleccionar_Idioma

2020-02-25 12:03:07 - [TEST_STEP][PASSED] - Idioma = 0: null

2020-02-25 12:03:07 - [TEST_STEP][PASSED] - if (Evento == "Crear20"): null

2020-02-25 12:03:07 - [TEST_STEP][PASSED] - else if (Evento == "Crear40"): null

2020-02-25 12:03:07 - [TEST_STEP][PASSED] - else if (Evento == "Aprobar"): null

2020-02-25 12:03:07 - [TEST_STEP][PASSED] - else if (Evento == "Logistica"): null

2020-02-25 12:03:07 - [TEST_STEP][PASSED] - else if (Evento == "Produccion"): null

2020-02-25 12:03:07 - [TEST_STEP][PASSED] - else if (Evento == "Inventario"): null

2020-02-25 12:03:07 - [TEST_STEP][PASSED] - else if (Evento == "Despacho"): null

2020-02-25 12:03:07 - [TEST_STEP][PASSED] - else if (Evento == "ProductoAlmacen"): null

2020-02-25 12:03:07 - [TEST_STEP][PASSED] - data8 = obtener_excels.obtener_producto_almacen.getValuesExcelProductoAlmacen(Index): obtener_excels.obtener_producto_almacen.getValuesExcelProductoAlmacen is PASSED

2020-02-25 12:03:08 - [MESSAGE][PASSED] - obtener_excels.obtener_producto_almacen.getValuesExcelProductoAlmacen is PASSED

2020-02-25 12:03:08 - [TEST_STEP][PASSED] - Idioma = data8[0]: null

2020-02-25 12:03:08 - [TEST_STEP][PASSED] - click(findTestObject("Page_- KAIZEN/si_btn_idioma")): Object: 'Object Repository/Page_- KAIZEN/si_btn_idioma' is clicked on

2020-02-25 12:03:08 - [MESSAGE][PASSED] - Object: 'Object Repository/Page_- KAIZEN/si_btn_idioma' is clicked on

2020-02-25 12:03:08 - [TEST_STEP][PASSED] - if (Idioma == "0"): Object: 'Object Repository/Page_- KAIZEN/si_Ingles' is clicked on

2020-02-25 12:03:08 - [TEST_STEP][PASSED] - click(findTestObject("Page_- KAIZEN/si_Ingles")): Object: 'Object Repository/Page_- KAIZEN/si_Ingles' is clicked on

2020-02-25 12:03:10 - [MESSAGE][PASSED] - Object: 'Object Repository/Page_- KAIZEN/si_Ingles' is clicked on

2020-02-25 12:03:10 - [MESSAGE][PASSED] - Call Test Case 'Test Cases/Individual_Tests/Seleccionar_Idioma' successfully

2020-02-25 12:03:10 - [TEST_STEP][PASSED] - callTestCase(findTestCase("Individual_Tests/Anadir_Producto_Almacen"), ["Index":Index], STOP_ON_FAILURE): Call Test Case 'Test Cases/Individual_Tests/Anadir_Producto_Almacen' successfully

2020-02-25 12:03:10 - [TEST_CASE][PASSED] - Test Cases/Individual_Tests/Anadir_Producto_Almacen: Test Cases/Individual_Tests/Anadir_Producto_Almacen

2020-02-25 12:03:10 - [TEST_STEP][PASSED] - data = obtener_excels.obtener_producto_almacen.getValuesExcelProductoAlmacen(Index): obtener_excels.obtener_producto_almacen.getValuesExcelProductoAlmacen is PASSED

2020-02-25 12:03:10 - [MESSAGE][PASSED] - obtener_excels.obtener_producto_almacen.getValuesExcelProductoAlmacen is PASSED

2020-02-25 12:03:10 - [TEST_STEP][PASSED] - Producto = data[3]: null

2020-02-25 12:03:10 - [TEST_STEP][PASSED] - CantidadMinima = data[4]: null

2020-02-25 12:03:10 - [TEST_STEP][PASSED] - CantidadMaxima = data[5]: null

2020-02-25 12:03:10 - [TEST_STEP][PASSED] - Almacen = data[6]: null

2020-02-25 12:03:10 - [TEST_STEP][PASSED] - Almacen2 = data[7]: null

2020-02-25 12:03:10 - [TEST_STEP][PASSED] - click(findTestObject("Object Repository/Page_- KAIZEN/mvi_menu_Inventario")): Object: 'Object Repository/Page_- KAIZEN/mvi_menu_Inventario' is clicked on

2020-02-25 12:03:11 - [MESSAGE][PASSED] - Object: 'Object Repository/Page_- KAIZEN/mvi_menu_Inventario' is clicked on

2020-02-25 12:03:11 - [TEST_STEP][PASSED] - click(findTestObject("Object Repository/Page_- KAIZEN/mvi_menu_productos_por_almacen")): Object: 'Object Repository/Page_- KAIZEN/mvi_menu_productos_por_almacen' is clicked on

2020-02-25 12:03:13 - [MESSAGE][PASSED] - Object: 'Object Repository/Page_- KAIZEN/mvi_menu_productos_por_almacen' is clicked on

2020-02-25 12:03:13 - [TEST_STEP][PASSED] - click(findTestObject("Object Repository/Page_Index - KAIZEN/mvi_agregar")): Object: 'Object Repository/Page_Index - KAIZEN/mvi_agregar' is clicked on

2020-02-25 12:03:15 - [MESSAGE][PASSED] - Object: 'Object Repository/Page_Index - KAIZEN/mvi_agregar' is clicked on

2020-02-25 12:03:15 - [TEST_STEP][PASSED] - click(findTestObject("Object Repository/Page_Agregar Productos - KAIZEN/mvi_btn_seleccione")): Object: 'Object Repository/Page_Agregar Productos - KAIZEN/mvi_btn_seleccione' is clicked on

2020-02-25 12:03:16 - [MESSAGE][PASSED] - Object: 'Object Repository/Page_Agregar Productos - KAIZEN/mvi_btn_seleccione' is clicked on

2020-02-25 12:03:16 - [TEST_STEP][PASSED] - setText(findTestObject("Object Repository/Page_Agregar Productos - KAIZEN/mvi_assing_prodcuto"), Producto): Text 'TRENTON 5 LUBERMAX  ULTRA DUTY SYNHETIC BLEND 10W-30' is set on object 'Object Repository/Page_Agregar Productos - KAIZEN/mvi_assing_prodcuto'

2020-02-25 12:03:18 - [MESSAGE][PASSED] - Text 'TRENTON 5 LUBERMAX  ULTRA DUTY SYNHETIC BLEND 10W-30' is set on object 'Object Repository/Page_Agregar Productos - KAIZEN/mvi_assing_prodcuto'

2020-02-25 12:03:18 - [TEST_STEP][PASSED] - sendKeys(findTestObject("Object Repository/Page_Agregar Productos - KAIZEN/mvi_assing_prodcuto"), Keys.chord(ENTER)): Keys 'ENTER + ' sent to object: 'Object Repository/Page_Agregar Productos - KAIZEN/mvi_assing_prodcuto'

2020-02-25 12:03:19 - [MESSAGE][PASSED] - Keys 'ENTER + ' sent to object: 'Object Repository/Page_Agregar Productos - KAIZEN/mvi_assing_prodcuto'

2020-02-25 12:03:19 - [TEST_STEP][PASSED] - selectOptionByValue(findTestObject("Object Repository/Page_Agregar Productos - KAIZEN/mvi_assing_almacen"), Almacen, true): All options with value '7' are selected in object 'Object Repository/Page_Agregar Productos - KAIZEN/mvi_assing_almacen'  using regular expression

2020-02-25 12:03:20 - [MESSAGE][PASSED] - All options with value '7' are selected in object 'Object Repository/Page_Agregar Productos - KAIZEN/mvi_assing_almacen'  using regular expression

2020-02-25 12:03:20 - [TEST_STEP][PASSED] - delay(3): Delayed 3 second(s)

2020-02-25 12:03:23 - [MESSAGE][PASSED] - Delayed 3 second(s)

2020-02-25 12:03:23 - [TEST_STEP][PASSED] - modal = executeJavaScript("return document.querySelector('.swal2-popup');", null): Execute JavaScript 'return document.querySelector('.swal2-popup');' successfully

2020-02-25 12:03:23 - [MESSAGE][PASSED] - Execute JavaScript 'return document.querySelector('.swal2-popup');' successfully

2020-02-25 12:03:23 - [TEST_STEP][PASSED] - print(modal): null

2020-02-25 12:03:23 - [TEST_STEP][PASSED] - if (modal == null): Object: 'Object Repository/Page_Agregar Productos - KAIZEN/mvi_Guardar' is clicked on

2020-02-25 12:03:23 - [TEST_STEP][PASSED] - setText(findTestObject("Object Repository/Page_Agregar Productos - KAIZEN/mvi_cantidad_mnima_almacn"), CantidadMinima): Text '16' is set on object 'Object Repository/Page_Agregar Productos - KAIZEN/mvi_cantidad_mnima_almacn'

2020-02-25 12:03:23 - [MESSAGE][PASSED] - Text '16' is set on object 'Object Repository/Page_Agregar Productos - KAIZEN/mvi_cantidad_mnima_almacn'

2020-02-25 12:03:23 - [TEST_STEP][PASSED] - setText(findTestObject("Object Repository/Page_Agregar Productos - KAIZEN/mvi_cantidad_mxima_en_almacn"), CantidadMaxima): Text '236' is set on object 'Object Repository/Page_Agregar Productos - KAIZEN/mvi_cantidad_mxima_en_almacn'

2020-02-25 12:03:24 - [MESSAGE][PASSED] - Text '236' is set on object 'Object Repository/Page_Agregar Productos - KAIZEN/mvi_cantidad_mxima_en_almacn'

2020-02-25 12:03:24 - [TEST_STEP][PASSED] - delay(7): Delayed 7 second(s)

2020-02-25 12:03:31 - [MESSAGE][PASSED] - Delayed 7 second(s)

2020-02-25 12:03:31 - [TEST_STEP][PASSED] - click(findTestObject("Object Repository/Page_Agregar Productos - KAIZEN/mvi_button_OK")): Object: 'Object Repository/Page_Agregar Productos - KAIZEN/mvi_button_OK' is clicked on

2020-02-25 12:03:31 - [MESSAGE][PASSED] - Object: 'Object Repository/Page_Agregar Productos - KAIZEN/mvi_button_OK' is clicked on

2020-02-25 12:03:31 - [TEST_STEP][PASSED] - selectOptionByValue(findTestObject("Object Repository/Page_Agregar Productos - KAIZEN/mvi_assing_almacen"), "4", true): All options with value '4' are selected in object 'Object Repository/Page_Agregar Productos - KAIZEN/mvi_assing_almacen'  using regular expression

2020-02-25 12:03:33 - [MESSAGE][PASSED] - All options with value '4' are selected in object 'Object Repository/Page_Agregar Productos - KAIZEN/mvi_assing_almacen'  using regular expression

2020-02-25 12:03:33 - [TEST_STEP][PASSED] - selectOptionByValue(findTestObject("Object Repository/Page_Agregar Productos - KAIZEN/mvi_assing_almacen"), Almacen, true): All options with value '7' are selected in object 'Object Repository/Page_Agregar Productos - KAIZEN/mvi_assing_almacen'  using regular expression

2020-02-25 12:03:34 - [MESSAGE][PASSED] - All options with value '7' are selected in object 'Object Repository/Page_Agregar Productos - KAIZEN/mvi_assing_almacen'  using regular expression

2020-02-25 12:03:34 - [TEST_STEP][PASSED] - click(findTestObject("Object Repository/Page_Agregar Productos - KAIZEN/mvi_Guardar")): Object: 'Object Repository/Page_Agregar Productos - KAIZEN/mvi_Guardar' is clicked on

2020-02-25 12:03:36 - [MESSAGE][PASSED] - Object: 'Object Repository/Page_Agregar Productos - KAIZEN/mvi_Guardar' is clicked on

2020-02-25 12:03:36 - [TEST_STEP][PASSED] - click(findTestObject("Object Repository/Page_- KAIZEN/mvi_menu_Inventario")): Object: 'Object Repository/Page_- KAIZEN/mvi_menu_Inventario' is clicked on

2020-02-25 12:03:37 - [MESSAGE][PASSED] - Object: 'Object Repository/Page_- KAIZEN/mvi_menu_Inventario' is clicked on

2020-02-25 12:03:37 - [TEST_STEP][PASSED] - click(findTestObject("Object Repository/Page_- KAIZEN/mvi_menu_productos_por_almacen")): Object: 'Object Repository/Page_- KAIZEN/mvi_menu_productos_por_almacen' is clicked on

2020-02-25 12:03:42 - [MESSAGE][PASSED] - Object: 'Object Repository/Page_- KAIZEN/mvi_menu_productos_por_almacen' is clicked on

2020-02-25 12:03:42 - [TEST_STEP][PASSED] - click(findTestObject("Object Repository/Page_Index - KAIZEN/mvi_agregar")): Object: 'Object Repository/Page_Index - KAIZEN/mvi_agregar' is clicked on

2020-02-25 12:03:44 - [MESSAGE][PASSED] - Object: 'Object Repository/Page_Index - KAIZEN/mvi_agregar' is clicked on

2020-02-25 12:03:44 - [TEST_STEP][PASSED] - click(findTestObject("Object Repository/Page_Agregar Productos - KAIZEN/mvi_btn_seleccione")): Object: 'Object Repository/Page_Agregar Productos - KAIZEN/mvi_btn_seleccione' is clicked on

2020-02-25 12:03:45 - [MESSAGE][PASSED] - Object: 'Object Repository/Page_Agregar Productos - KAIZEN/mvi_btn_seleccione' is clicked on

2020-02-25 12:03:45 - [TEST_STEP][PASSED] - setText(findTestObject("Object Repository/Page_Agregar Productos - KAIZEN/mvi_assing_prodcuto"), Producto): Text 'TRENTON 5 LUBERMAX  ULTRA DUTY SYNHETIC BLEND 10W-30' is set on object 'Object Repository/Page_Agregar Productos - KAIZEN/mvi_assing_prodcuto'

2020-02-25 12:03:47 - [MESSAGE][PASSED] - Text 'TRENTON 5 LUBERMAX  ULTRA DUTY SYNHETIC BLEND 10W-30' is set on object 'Object Repository/Page_Agregar Productos - KAIZEN/mvi_assing_prodcuto'

2020-02-25 12:03:47 - [TEST_STEP][PASSED] - sendKeys(findTestObject("Object Repository/Page_Agregar Productos - KAIZEN/mvi_assing_prodcuto"), Keys.chord(ENTER)): Keys 'ENTER + ' sent to object: 'Object Repository/Page_Agregar Productos - KAIZEN/mvi_assing_prodcuto'

2020-02-25 12:03:48 - [MESSAGE][PASSED] - Keys 'ENTER + ' sent to object: 'Object Repository/Page_Agregar Productos - KAIZEN/mvi_assing_prodcuto'

2020-02-25 12:03:48 - [TEST_STEP][PASSED] - selectOptionByValue(findTestObject("Object Repository/Page_Agregar Productos - KAIZEN/mvi_assing_almacen"), Almacen2, true): All options with value '2' are selected in object 'Object Repository/Page_Agregar Productos - KAIZEN/mvi_assing_almacen'  using regular expression

2020-02-25 12:03:49 - [MESSAGE][PASSED] - All options with value '2' are selected in object 'Object Repository/Page_Agregar Productos - KAIZEN/mvi_assing_almacen'  using regular expression

2020-02-25 12:03:49 - [TEST_STEP][PASSED] - delay(3): Delayed 3 second(s)

2020-02-25 12:03:52 - [MESSAGE][PASSED] - Delayed 3 second(s)

2020-02-25 12:03:52 - [TEST_STEP][PASSED] - modal2 = executeJavaScript("return document.querySelector('.swal2-popup');", null): Execute JavaScript 'return document.querySelector('.swal2-popup');' successfully

2020-02-25 12:03:52 - [MESSAGE][PASSED] - Execute JavaScript 'return document.querySelector('.swal2-popup');' successfully

2020-02-25 12:03:52 - [TEST_STEP][PASSED] - if (modal2 == null): Object: 'Object Repository/Page_Agregar Productos - KAIZEN/mvi_Guardar' is clicked on

2020-02-25 12:03:52 - [TEST_STEP][PASSED] - setText(findTestObject("Object Repository/Page_Agregar Productos - KAIZEN/mvi_cantidad_mnima_almacn"), CantidadMinima): Text '16' is set on object 'Object Repository/Page_Agregar Productos - KAIZEN/mvi_cantidad_mnima_almacn'

2020-02-25 12:03:52 - [MESSAGE][PASSED] - Text '16' is set on object 'Object Repository/Page_Agregar Productos - KAIZEN/mvi_cantidad_mnima_almacn'

2020-02-25 12:03:52 - [TEST_STEP][PASSED] - setText(findTestObject("Object Repository/Page_Agregar Productos - KAIZEN/mvi_cantidad_mxima_en_almacn"), CantidadMaxima): Text '236' is set on object 'Object Repository/Page_Agregar Productos - KAIZEN/mvi_cantidad_mxima_en_almacn'

2020-02-25 12:03:53 - [MESSAGE][PASSED] - Text '236' is set on object 'Object Repository/Page_Agregar Productos - KAIZEN/mvi_cantidad_mxima_en_almacn'

2020-02-25 12:03:53 - [TEST_STEP][PASSED] - delay(7): Delayed 7 second(s)

2020-02-25 12:04:00 - [MESSAGE][PASSED] - Delayed 7 second(s)

2020-02-25 12:04:00 - [TEST_STEP][PASSED] - click(findTestObject("Object Repository/Page_Agregar Productos - KAIZEN/mvi_button_OK")): Object: 'Object Repository/Page_Agregar Productos - KAIZEN/mvi_button_OK' is clicked on

2020-02-25 12:04:00 - [MESSAGE][PASSED] - Object: 'Object Repository/Page_Agregar Productos - KAIZEN/mvi_button_OK' is clicked on

2020-02-25 12:04:00 - [TEST_STEP][PASSED] - selectOptionByValue(findTestObject("Object Repository/Page_Agregar Productos - KAIZEN/mvi_assing_almacen"), "4", true): All options with value '4' are selected in object 'Object Repository/Page_Agregar Productos - KAIZEN/mvi_assing_almacen'  using regular expression

2020-02-25 12:04:01 - [MESSAGE][PASSED] - All options with value '4' are selected in object 'Object Repository/Page_Agregar Productos - KAIZEN/mvi_assing_almacen'  using regular expression

2020-02-25 12:04:01 - [TEST_STEP][PASSED] - selectOptionByValue(findTestObject("Object Repository/Page_Agregar Productos - KAIZEN/mvi_assing_almacen"), Almacen2, true): All options with value '2' are selected in object 'Object Repository/Page_Agregar Productos - KAIZEN/mvi_assing_almacen'  using regular expression

2020-02-25 12:04:03 - [MESSAGE][PASSED] - All options with value '2' are selected in object 'Object Repository/Page_Agregar Productos - KAIZEN/mvi_assing_almacen'  using regular expression

2020-02-25 12:04:03 - [TEST_STEP][PASSED] - click(findTestObject("Object Repository/Page_Agregar Productos - KAIZEN/mvi_Guardar")): Object: 'Object Repository/Page_Agregar Productos - KAIZEN/mvi_Guardar' is clicked on

2020-02-25 12:04:06 - [MESSAGE][PASSED] - Object: 'Object Repository/Page_Agregar Productos - KAIZEN/mvi_Guardar' is clicked on

2020-02-25 12:04:06 - [MESSAGE][PASSED] - Call Test Case 'Test Cases/Individual_Tests/Anadir_Producto_Almacen' successfully

2020-02-25 12:04:06 - [TEST_STEP][PASSED] - callTestCase(findTestCase("Individual_Tests/Login"), ["Evento":"ProductoAlmacen", "Index":Index], STOP_ON_FAILURE): Call Test Case 'Test Cases/Individual_Tests/Login' successfully

2020-02-25 12:04:06 - [TEST_CASE][PASSED] - Test Cases/Individual_Tests/Login: Test Cases/Individual_Tests/Login

2020-02-25 12:04:06 - [TEST_STEP][PASSED] - print("Evento Seleccionado: " + Evento + "
"): null

2020-02-25 12:04:06 - [TEST_STEP][PASSED] - openBrowser(Web): Browser is opened with url: 'http://test.kaizendev.net/Login/Accesar?salir=true'

2020-02-25 12:04:06 - [MESSAGE][WARNING] - A browser is already opened. Closing browser and opening a new one

2020-02-25 12:04:07 - [MESSAGE][INFO] - Starting 'Chrome' driver

2020-02-25 12:04:31 - [MESSAGE][PASSED] - Browser is opened with url: 'http://test.kaizendev.net/Login/Accesar?salir=true'

2020-02-25 12:04:31 - [TEST_STEP][PASSED] - maximizeWindow(): Current window maximized

2020-02-25 12:04:32 - [MESSAGE][PASSED] - Current window maximized

2020-02-25 12:04:32 - [TEST_STEP][PASSED] - if (Evento == "Crear20"): null

2020-02-25 12:04:32 - [TEST_STEP][PASSED] - else if (Evento == "Crear40"): null

2020-02-25 12:04:32 - [TEST_STEP][PASSED] - else if (Evento == "Aprobar"): null

2020-02-25 12:04:32 - [TEST_STEP][PASSED] - else if (Evento == "Logistica"): null

2020-02-25 12:04:32 - [TEST_STEP][PASSED] - else if (Evento == "Produccion"): null

2020-02-25 12:04:32 - [TEST_STEP][PASSED] - else if (Evento == "Inventario"): null

2020-02-25 12:04:32 - [TEST_STEP][PASSED] - else if (Evento == "Despacho"): null

2020-02-25 12:04:32 - [TEST_STEP][PASSED] - else if (Evento == "ProductoAlmacen"): Object: 'Object Repository/Page_Iniciar Sesion - KAIZEN/is_btn_ingresar_sistema' is clicked on

2020-02-25 12:04:32 - [TEST_STEP][PASSED] - data7 = obtener_excels.obtener_producto_almacen.getValuesExcelProductoAlmacen(Index): obtener_excels.obtener_producto_almacen.getValuesExcelProductoAlmacen is PASSED

2020-02-25 12:04:32 - [MESSAGE][PASSED] - obtener_excels.obtener_producto_almacen.getValuesExcelProductoAlmacen is PASSED

2020-02-25 12:04:32 - [TEST_STEP][PASSED] - Usuario = data7[1]: null

2020-02-25 12:04:32 - [TEST_STEP][PASSED] - Contrasena = data7[2]: null

2020-02-25 12:04:32 - [TEST_STEP][PASSED] - setText(findTestObject("Page_Iniciar Sesion - KAIZEN/is_input_email"), Usuario): Text 'automated.test@grupokaizen.net' is set on object 'Object Repository/Page_Iniciar Sesion - KAIZEN/is_input_email'

2020-02-25 12:04:33 - [MESSAGE][PASSED] - Text 'automated.test@grupokaizen.net' is set on object 'Object Repository/Page_Iniciar Sesion - KAIZEN/is_input_email'

2020-02-25 12:04:33 - [TEST_STEP][PASSED] - setEncryptedText(findTestObject("Page_Iniciar Sesion - KAIZEN/IS_input_contrasena"), Contrasena): Text ****** has been set on object 'Object Repository/Page_Iniciar Sesion - KAIZEN/IS_input_contrasena'

2020-02-25 12:04:33 - [MESSAGE][PASSED] - Text ****** has been set on object 'Object Repository/Page_Iniciar Sesion - KAIZEN/IS_input_contrasena'

2020-02-25 12:04:33 - [TEST_STEP][PASSED] - click(findTestObject("Page_Iniciar Sesion - KAIZEN/is_btn_ingresar_sistema")): Object: 'Object Repository/Page_Iniciar Sesion - KAIZEN/is_btn_ingresar_sistema' is clicked on

2020-02-25 12:04:35 - [MESSAGE][PASSED] - Object: 'Object Repository/Page_Iniciar Sesion - KAIZEN/is_btn_ingresar_sistema' is clicked on

2020-02-25 12:04:35 - [MESSAGE][PASSED] - Call Test Case 'Test Cases/Individual_Tests/Login' successfully

2020-02-25 12:04:35 - [TEST_STEP][PASSED] - callTestCase(findTestCase("Individual_Tests/Seleccionar_Idioma"), ["Evento":"ProductoAlmacen", "Index":Index], STOP_ON_FAILURE): Call Test Case 'Test Cases/Individual_Tests/Seleccionar_Idioma' successfully

2020-02-25 12:04:35 - [TEST_CASE][PASSED] - Test Cases/Individual_Tests/Seleccionar_Idioma: Test Cases/Individual_Tests/Seleccionar_Idioma

2020-02-25 12:04:35 - [TEST_STEP][PASSED] - Idioma = 0: null

2020-02-25 12:04:35 - [TEST_STEP][PASSED] - if (Evento == "Crear20"): null

2020-02-25 12:04:35 - [TEST_STEP][PASSED] - else if (Evento == "Crear40"): null

2020-02-25 12:04:35 - [TEST_STEP][PASSED] - else if (Evento == "Aprobar"): null

2020-02-25 12:04:35 - [TEST_STEP][PASSED] - else if (Evento == "Logistica"): null

2020-02-25 12:04:35 - [TEST_STEP][PASSED] - else if (Evento == "Produccion"): null

2020-02-25 12:04:35 - [TEST_STEP][PASSED] - else if (Evento == "Inventario"): null

2020-02-25 12:04:35 - [TEST_STEP][PASSED] - else if (Evento == "Despacho"): null

2020-02-25 12:04:35 - [TEST_STEP][PASSED] - else if (Evento == "ProductoAlmacen"): null

2020-02-25 12:04:35 - [TEST_STEP][PASSED] - data8 = obtener_excels.obtener_producto_almacen.getValuesExcelProductoAlmacen(Index): obtener_excels.obtener_producto_almacen.getValuesExcelProductoAlmacen is PASSED

2020-02-25 12:04:35 - [MESSAGE][PASSED] - obtener_excels.obtener_producto_almacen.getValuesExcelProductoAlmacen is PASSED

2020-02-25 12:04:35 - [TEST_STEP][PASSED] - Idioma = data8[0]: null

2020-02-25 12:04:35 - [TEST_STEP][PASSED] - click(findTestObject("Page_- KAIZEN/si_btn_idioma")): Object: 'Object Repository/Page_- KAIZEN/si_btn_idioma' is clicked on

2020-02-25 12:04:36 - [MESSAGE][PASSED] - Object: 'Object Repository/Page_- KAIZEN/si_btn_idioma' is clicked on

2020-02-25 12:04:36 - [TEST_STEP][PASSED] - if (Idioma == "0"): null

2020-02-25 12:04:36 - [TEST_STEP][PASSED] - else: Object: 'Object Repository/Page_- KAIZEN/si_Spanish' is clicked on

2020-02-25 12:04:36 - [TEST_STEP][PASSED] - click(findTestObject("Page_- KAIZEN/si_Spanish")): Object: 'Object Repository/Page_- KAIZEN/si_Spanish' is clicked on

2020-02-25 12:04:37 - [MESSAGE][PASSED] - Object: 'Object Repository/Page_- KAIZEN/si_Spanish' is clicked on

2020-02-25 12:04:37 - [MESSAGE][PASSED] - Call Test Case 'Test Cases/Individual_Tests/Seleccionar_Idioma' successfully

2020-02-25 12:04:37 - [TEST_STEP][PASSED] - callTestCase(findTestCase("Individual_Tests/Anadir_Producto_Almacen"), ["Index":Index], STOP_ON_FAILURE): Call Test Case 'Test Cases/Individual_Tests/Anadir_Producto_Almacen' successfully

2020-02-25 12:04:37 - [TEST_CASE][PASSED] - Test Cases/Individual_Tests/Anadir_Producto_Almacen: Test Cases/Individual_Tests/Anadir_Producto_Almacen

2020-02-25 12:04:37 - [TEST_STEP][PASSED] - data = obtener_excels.obtener_producto_almacen.getValuesExcelProductoAlmacen(Index): obtener_excels.obtener_producto_almacen.getValuesExcelProductoAlmacen is PASSED

2020-02-25 12:04:37 - [MESSAGE][PASSED] - obtener_excels.obtener_producto_almacen.getValuesExcelProductoAlmacen is PASSED

2020-02-25 12:04:37 - [TEST_STEP][PASSED] - Producto = data[3]: null

2020-02-25 12:04:37 - [TEST_STEP][PASSED] - CantidadMinima = data[4]: null

2020-02-25 12:04:37 - [TEST_STEP][PASSED] - CantidadMaxima = data[5]: null

2020-02-25 12:04:37 - [TEST_STEP][PASSED] - Almacen = data[6]: null

2020-02-25 12:04:37 - [TEST_STEP][PASSED] - Almacen2 = data[7]: null

2020-02-25 12:04:37 - [TEST_STEP][PASSED] - click(findTestObject("Object Repository/Page_- KAIZEN/mvi_menu_Inventario")): Object: 'Object Repository/Page_- KAIZEN/mvi_menu_Inventario' is clicked on

2020-02-25 12:04:39 - [MESSAGE][PASSED] - Object: 'Object Repository/Page_- KAIZEN/mvi_menu_Inventario' is clicked on

2020-02-25 12:04:39 - [TEST_STEP][PASSED] - click(findTestObject("Object Repository/Page_- KAIZEN/mvi_menu_productos_por_almacen")): Object: 'Object Repository/Page_- KAIZEN/mvi_menu_productos_por_almacen' is clicked on

2020-02-25 12:04:40 - [MESSAGE][PASSED] - Object: 'Object Repository/Page_- KAIZEN/mvi_menu_productos_por_almacen' is clicked on

2020-02-25 12:04:40 - [TEST_STEP][PASSED] - click(findTestObject("Object Repository/Page_Index - KAIZEN/mvi_agregar")): Object: 'Object Repository/Page_Index - KAIZEN/mvi_agregar' is clicked on

2020-02-25 12:04:43 - [MESSAGE][PASSED] - Object: 'Object Repository/Page_Index - KAIZEN/mvi_agregar' is clicked on

2020-02-25 12:04:43 - [TEST_STEP][PASSED] - click(findTestObject("Object Repository/Page_Agregar Productos - KAIZEN/mvi_btn_seleccione")): Object: 'Object Repository/Page_Agregar Productos - KAIZEN/mvi_btn_seleccione' is clicked on

2020-02-25 12:04:44 - [MESSAGE][PASSED] - Object: 'Object Repository/Page_Agregar Productos - KAIZEN/mvi_btn_seleccione' is clicked on

2020-02-25 12:04:44 - [TEST_STEP][PASSED] - setText(findTestObject("Object Repository/Page_Agregar Productos - KAIZEN/mvi_assing_prodcuto"), Producto): Text 'TRENTON 5 TRENTONITE SYNTHETIC  BLEND 15W-50' is set on object 'Object Repository/Page_Agregar Productos - KAIZEN/mvi_assing_prodcuto'

2020-02-25 12:04:46 - [MESSAGE][PASSED] - Text 'TRENTON 5 TRENTONITE SYNTHETIC  BLEND 15W-50' is set on object 'Object Repository/Page_Agregar Productos - KAIZEN/mvi_assing_prodcuto'

2020-02-25 12:04:46 - [TEST_STEP][PASSED] - sendKeys(findTestObject("Object Repository/Page_Agregar Productos - KAIZEN/mvi_assing_prodcuto"), Keys.chord(ENTER)): Keys 'ENTER + ' sent to object: 'Object Repository/Page_Agregar Productos - KAIZEN/mvi_assing_prodcuto'

2020-02-25 12:04:47 - [MESSAGE][PASSED] - Keys 'ENTER + ' sent to object: 'Object Repository/Page_Agregar Productos - KAIZEN/mvi_assing_prodcuto'

2020-02-25 12:04:47 - [TEST_STEP][PASSED] - selectOptionByValue(findTestObject("Object Repository/Page_Agregar Productos - KAIZEN/mvi_assing_almacen"), Almacen, true): All options with value '7' are selected in object 'Object Repository/Page_Agregar Productos - KAIZEN/mvi_assing_almacen'  using regular expression

2020-02-25 12:04:48 - [MESSAGE][PASSED] - All options with value '7' are selected in object 'Object Repository/Page_Agregar Productos - KAIZEN/mvi_assing_almacen'  using regular expression

2020-02-25 12:04:48 - [TEST_STEP][PASSED] - delay(3): Delayed 3 second(s)

2020-02-25 12:04:51 - [MESSAGE][PASSED] - Delayed 3 second(s)

2020-02-25 12:04:51 - [TEST_STEP][PASSED] - modal = executeJavaScript("return document.querySelector('.swal2-popup');", null): Execute JavaScript 'return document.querySelector('.swal2-popup');' successfully

2020-02-25 12:04:51 - [MESSAGE][PASSED] - Execute JavaScript 'return document.querySelector('.swal2-popup');' successfully

2020-02-25 12:04:51 - [TEST_STEP][PASSED] - print(modal): null

2020-02-25 12:04:51 - [TEST_STEP][PASSED] - if (modal == null): Object: 'Object Repository/Page_Agregar Productos - KAIZEN/mvi_Guardar' is clicked on

2020-02-25 12:04:51 - [TEST_STEP][PASSED] - setText(findTestObject("Object Repository/Page_Agregar Productos - KAIZEN/mvi_cantidad_mnima_almacn"), CantidadMinima): Text '19' is set on object 'Object Repository/Page_Agregar Productos - KAIZEN/mvi_cantidad_mnima_almacn'

2020-02-25 12:04:51 - [MESSAGE][PASSED] - Text '19' is set on object 'Object Repository/Page_Agregar Productos - KAIZEN/mvi_cantidad_mnima_almacn'

2020-02-25 12:04:51 - [TEST_STEP][PASSED] - setText(findTestObject("Object Repository/Page_Agregar Productos - KAIZEN/mvi_cantidad_mxima_en_almacn"), CantidadMaxima): Text '185' is set on object 'Object Repository/Page_Agregar Productos - KAIZEN/mvi_cantidad_mxima_en_almacn'

2020-02-25 12:04:52 - [MESSAGE][PASSED] - Text '185' is set on object 'Object Repository/Page_Agregar Productos - KAIZEN/mvi_cantidad_mxima_en_almacn'

2020-02-25 12:04:52 - [TEST_STEP][PASSED] - delay(7): Delayed 7 second(s)

2020-02-25 12:04:59 - [MESSAGE][PASSED] - Delayed 7 second(s)

2020-02-25 12:04:59 - [TEST_STEP][PASSED] - click(findTestObject("Object Repository/Page_Agregar Productos - KAIZEN/mvi_button_OK")): Object: 'Object Repository/Page_Agregar Productos - KAIZEN/mvi_button_OK' is clicked on

2020-02-25 12:04:59 - [MESSAGE][PASSED] - Object: 'Object Repository/Page_Agregar Productos - KAIZEN/mvi_button_OK' is clicked on

2020-02-25 12:04:59 - [TEST_STEP][PASSED] - selectOptionByValue(findTestObject("Object Repository/Page_Agregar Productos - KAIZEN/mvi_assing_almacen"), "4", true): All options with value '4' are selected in object 'Object Repository/Page_Agregar Productos - KAIZEN/mvi_assing_almacen'  using regular expression

2020-02-25 12:05:01 - [MESSAGE][PASSED] - All options with value '4' are selected in object 'Object Repository/Page_Agregar Productos - KAIZEN/mvi_assing_almacen'  using regular expression

2020-02-25 12:05:01 - [TEST_STEP][PASSED] - selectOptionByValue(findTestObject("Object Repository/Page_Agregar Productos - KAIZEN/mvi_assing_almacen"), Almacen, true): All options with value '7' are selected in object 'Object Repository/Page_Agregar Productos - KAIZEN/mvi_assing_almacen'  using regular expression

2020-02-25 12:05:02 - [MESSAGE][PASSED] - All options with value '7' are selected in object 'Object Repository/Page_Agregar Productos - KAIZEN/mvi_assing_almacen'  using regular expression

2020-02-25 12:05:02 - [TEST_STEP][PASSED] - click(findTestObject("Object Repository/Page_Agregar Productos - KAIZEN/mvi_Guardar")): Object: 'Object Repository/Page_Agregar Productos - KAIZEN/mvi_Guardar' is clicked on

2020-02-25 12:05:03 - [MESSAGE][PASSED] - Object: 'Object Repository/Page_Agregar Productos - KAIZEN/mvi_Guardar' is clicked on

2020-02-25 12:05:03 - [TEST_STEP][PASSED] - click(findTestObject("Object Repository/Page_- KAIZEN/mvi_menu_Inventario")): Object: 'Object Repository/Page_- KAIZEN/mvi_menu_Inventario' is clicked on

2020-02-25 12:05:04 - [MESSAGE][PASSED] - Object: 'Object Repository/Page_- KAIZEN/mvi_menu_Inventario' is clicked on

2020-02-25 12:05:04 - [TEST_STEP][PASSED] - click(findTestObject("Object Repository/Page_- KAIZEN/mvi_menu_productos_por_almacen")): Object: 'Object Repository/Page_- KAIZEN/mvi_menu_productos_por_almacen' is clicked on

2020-02-25 12:05:05 - [MESSAGE][PASSED] - Object: 'Object Repository/Page_- KAIZEN/mvi_menu_productos_por_almacen' is clicked on

2020-02-25 12:05:05 - [TEST_STEP][PASSED] - click(findTestObject("Object Repository/Page_Index - KAIZEN/mvi_agregar")): Object: 'Object Repository/Page_Index - KAIZEN/mvi_agregar' is clicked on

2020-02-25 12:05:07 - [MESSAGE][PASSED] - Object: 'Object Repository/Page_Index - KAIZEN/mvi_agregar' is clicked on

2020-02-25 12:05:07 - [TEST_STEP][PASSED] - click(findTestObject("Object Repository/Page_Agregar Productos - KAIZEN/mvi_btn_seleccione")): Object: 'Object Repository/Page_Agregar Productos - KAIZEN/mvi_btn_seleccione' is clicked on

2020-02-25 12:05:08 - [MESSAGE][PASSED] - Object: 'Object Repository/Page_Agregar Productos - KAIZEN/mvi_btn_seleccione' is clicked on

2020-02-25 12:05:08 - [TEST_STEP][PASSED] - setText(findTestObject("Object Repository/Page_Agregar Productos - KAIZEN/mvi_assing_prodcuto"), Producto): Text 'TRENTON 5 TRENTONITE SYNTHETIC  BLEND 15W-50' is set on object 'Object Repository/Page_Agregar Productos - KAIZEN/mvi_assing_prodcuto'

2020-02-25 12:05:10 - [MESSAGE][PASSED] - Text 'TRENTON 5 TRENTONITE SYNTHETIC  BLEND 15W-50' is set on object 'Object Repository/Page_Agregar Productos - KAIZEN/mvi_assing_prodcuto'

2020-02-25 12:05:10 - [TEST_STEP][PASSED] - sendKeys(findTestObject("Object Repository/Page_Agregar Productos - KAIZEN/mvi_assing_prodcuto"), Keys.chord(ENTER)): Keys 'ENTER + ' sent to object: 'Object Repository/Page_Agregar Productos - KAIZEN/mvi_assing_prodcuto'

2020-02-25 12:05:11 - [MESSAGE][PASSED] - Keys 'ENTER + ' sent to object: 'Object Repository/Page_Agregar Productos - KAIZEN/mvi_assing_prodcuto'

2020-02-25 12:05:11 - [TEST_STEP][PASSED] - selectOptionByValue(findTestObject("Object Repository/Page_Agregar Productos - KAIZEN/mvi_assing_almacen"), Almacen2, true): All options with value '2' are selected in object 'Object Repository/Page_Agregar Productos - KAIZEN/mvi_assing_almacen'  using regular expression

2020-02-25 12:05:12 - [MESSAGE][PASSED] - All options with value '2' are selected in object 'Object Repository/Page_Agregar Productos - KAIZEN/mvi_assing_almacen'  using regular expression

2020-02-25 12:05:12 - [TEST_STEP][PASSED] - delay(3): Delayed 3 second(s)

2020-02-25 12:05:15 - [MESSAGE][PASSED] - Delayed 3 second(s)

2020-02-25 12:05:15 - [TEST_STEP][PASSED] - modal2 = executeJavaScript("return document.querySelector('.swal2-popup');", null): Execute JavaScript 'return document.querySelector('.swal2-popup');' successfully

2020-02-25 12:05:15 - [MESSAGE][PASSED] - Execute JavaScript 'return document.querySelector('.swal2-popup');' successfully

2020-02-25 12:05:15 - [TEST_STEP][PASSED] - if (modal2 == null): Object: 'Object Repository/Page_Agregar Productos - KAIZEN/mvi_Guardar' is clicked on

2020-02-25 12:05:15 - [TEST_STEP][PASSED] - setText(findTestObject("Object Repository/Page_Agregar Productos - KAIZEN/mvi_cantidad_mnima_almacn"), CantidadMinima): Text '19' is set on object 'Object Repository/Page_Agregar Productos - KAIZEN/mvi_cantidad_mnima_almacn'

2020-02-25 12:05:15 - [MESSAGE][PASSED] - Text '19' is set on object 'Object Repository/Page_Agregar Productos - KAIZEN/mvi_cantidad_mnima_almacn'

2020-02-25 12:05:15 - [TEST_STEP][PASSED] - setText(findTestObject("Object Repository/Page_Agregar Productos - KAIZEN/mvi_cantidad_mxima_en_almacn"), CantidadMaxima): Text '185' is set on object 'Object Repository/Page_Agregar Productos - KAIZEN/mvi_cantidad_mxima_en_almacn'

2020-02-25 12:05:16 - [MESSAGE][PASSED] - Text '185' is set on object 'Object Repository/Page_Agregar Productos - KAIZEN/mvi_cantidad_mxima_en_almacn'

2020-02-25 12:05:16 - [TEST_STEP][PASSED] - delay(7): Delayed 7 second(s)

2020-02-25 12:05:23 - [MESSAGE][PASSED] - Delayed 7 second(s)

2020-02-25 12:05:23 - [TEST_STEP][PASSED] - click(findTestObject("Object Repository/Page_Agregar Productos - KAIZEN/mvi_button_OK")): Object: 'Object Repository/Page_Agregar Productos - KAIZEN/mvi_button_OK' is clicked on

2020-02-25 12:05:23 - [MESSAGE][PASSED] - Object: 'Object Repository/Page_Agregar Productos - KAIZEN/mvi_button_OK' is clicked on

2020-02-25 12:05:23 - [TEST_STEP][PASSED] - selectOptionByValue(findTestObject("Object Repository/Page_Agregar Productos - KAIZEN/mvi_assing_almacen"), "4", true): All options with value '4' are selected in object 'Object Repository/Page_Agregar Productos - KAIZEN/mvi_assing_almacen'  using regular expression

2020-02-25 12:05:25 - [MESSAGE][PASSED] - All options with value '4' are selected in object 'Object Repository/Page_Agregar Productos - KAIZEN/mvi_assing_almacen'  using regular expression

2020-02-25 12:05:25 - [TEST_STEP][PASSED] - selectOptionByValue(findTestObject("Object Repository/Page_Agregar Productos - KAIZEN/mvi_assing_almacen"), Almacen2, true): All options with value '2' are selected in object 'Object Repository/Page_Agregar Productos - KAIZEN/mvi_assing_almacen'  using regular expression

2020-02-25 12:05:26 - [MESSAGE][PASSED] - All options with value '2' are selected in object 'Object Repository/Page_Agregar Productos - KAIZEN/mvi_assing_almacen'  using regular expression

2020-02-25 12:05:26 - [TEST_STEP][PASSED] - click(findTestObject("Object Repository/Page_Agregar Productos - KAIZEN/mvi_Guardar")): Object: 'Object Repository/Page_Agregar Productos - KAIZEN/mvi_Guardar' is clicked on

2020-02-25 12:05:28 - [MESSAGE][PASSED] - Object: 'Object Repository/Page_Agregar Productos - KAIZEN/mvi_Guardar' is clicked on

2020-02-25 12:05:28 - [MESSAGE][PASSED] - Call Test Case 'Test Cases/Individual_Tests/Anadir_Producto_Almacen' successfully

2020-02-25 12:05:28 - [TEST_STEP][PASSED] - callTestCase(findTestCase("Individual_Tests/Login"), ["Evento":"ProductoAlmacen", "Index":Index], STOP_ON_FAILURE): Call Test Case 'Test Cases/Individual_Tests/Login' successfully

2020-02-25 12:05:28 - [TEST_CASE][PASSED] - Test Cases/Individual_Tests/Login: Test Cases/Individual_Tests/Login

2020-02-25 12:05:28 - [TEST_STEP][PASSED] - print("Evento Seleccionado: " + Evento + "
"): null

2020-02-25 12:05:28 - [TEST_STEP][PASSED] - openBrowser(Web): Browser is opened with url: 'http://test.kaizendev.net/Login/Accesar?salir=true'

2020-02-25 12:05:28 - [MESSAGE][WARNING] - A browser is already opened. Closing browser and opening a new one

2020-02-25 12:05:28 - [MESSAGE][INFO] - Starting 'Chrome' driver

2020-02-25 12:05:52 - [MESSAGE][PASSED] - Browser is opened with url: 'http://test.kaizendev.net/Login/Accesar?salir=true'

2020-02-25 12:05:52 - [TEST_STEP][PASSED] - maximizeWindow(): Current window maximized

2020-02-25 12:05:53 - [MESSAGE][PASSED] - Current window maximized

2020-02-25 12:05:53 - [TEST_STEP][PASSED] - if (Evento == "Crear20"): null

2020-02-25 12:05:53 - [TEST_STEP][PASSED] - else if (Evento == "Crear40"): null

2020-02-25 12:05:53 - [TEST_STEP][PASSED] - else if (Evento == "Aprobar"): null

2020-02-25 12:05:53 - [TEST_STEP][PASSED] - else if (Evento == "Logistica"): null

2020-02-25 12:05:53 - [TEST_STEP][PASSED] - else if (Evento == "Produccion"): null

2020-02-25 12:05:53 - [TEST_STEP][PASSED] - else if (Evento == "Inventario"): null

2020-02-25 12:05:53 - [TEST_STEP][PASSED] - else if (Evento == "Despacho"): null

2020-02-25 12:05:53 - [TEST_STEP][PASSED] - else if (Evento == "ProductoAlmacen"): Object: 'Object Repository/Page_Iniciar Sesion - KAIZEN/is_btn_ingresar_sistema' is clicked on

2020-02-25 12:05:53 - [TEST_STEP][PASSED] - data7 = obtener_excels.obtener_producto_almacen.getValuesExcelProductoAlmacen(Index): obtener_excels.obtener_producto_almacen.getValuesExcelProductoAlmacen is PASSED

2020-02-25 12:05:53 - [MESSAGE][PASSED] - obtener_excels.obtener_producto_almacen.getValuesExcelProductoAlmacen is PASSED

2020-02-25 12:05:53 - [TEST_STEP][PASSED] - Usuario = data7[1]: null

2020-02-25 12:05:53 - [TEST_STEP][PASSED] - Contrasena = data7[2]: null

2020-02-25 12:05:53 - [TEST_STEP][PASSED] - setText(findTestObject("Page_Iniciar Sesion - KAIZEN/is_input_email"), Usuario): Text 'automated.test@grupokaizen.net' is set on object 'Object Repository/Page_Iniciar Sesion - KAIZEN/is_input_email'

2020-02-25 12:05:54 - [MESSAGE][PASSED] - Text 'automated.test@grupokaizen.net' is set on object 'Object Repository/Page_Iniciar Sesion - KAIZEN/is_input_email'

2020-02-25 12:05:54 - [TEST_STEP][PASSED] - setEncryptedText(findTestObject("Page_Iniciar Sesion - KAIZEN/IS_input_contrasena"), Contrasena): Text ****** has been set on object 'Object Repository/Page_Iniciar Sesion - KAIZEN/IS_input_contrasena'

2020-02-25 12:05:55 - [MESSAGE][PASSED] - Text ****** has been set on object 'Object Repository/Page_Iniciar Sesion - KAIZEN/IS_input_contrasena'

2020-02-25 12:05:55 - [TEST_STEP][PASSED] - click(findTestObject("Page_Iniciar Sesion - KAIZEN/is_btn_ingresar_sistema")): Object: 'Object Repository/Page_Iniciar Sesion - KAIZEN/is_btn_ingresar_sistema' is clicked on

2020-02-25 12:05:57 - [MESSAGE][PASSED] - Object: 'Object Repository/Page_Iniciar Sesion - KAIZEN/is_btn_ingresar_sistema' is clicked on

2020-02-25 12:05:57 - [MESSAGE][PASSED] - Call Test Case 'Test Cases/Individual_Tests/Login' successfully

2020-02-25 12:05:57 - [TEST_STEP][PASSED] - callTestCase(findTestCase("Individual_Tests/Seleccionar_Idioma"), ["Evento":"ProductoAlmacen", "Index":Index], STOP_ON_FAILURE): Call Test Case 'Test Cases/Individual_Tests/Seleccionar_Idioma' successfully

2020-02-25 12:05:57 - [TEST_CASE][PASSED] - Test Cases/Individual_Tests/Seleccionar_Idioma: Test Cases/Individual_Tests/Seleccionar_Idioma

2020-02-25 12:05:57 - [TEST_STEP][PASSED] - Idioma = 0: null

2020-02-25 12:05:57 - [TEST_STEP][PASSED] - if (Evento == "Crear20"): null

2020-02-25 12:05:57 - [TEST_STEP][PASSED] - else if (Evento == "Crear40"): null

2020-02-25 12:05:57 - [TEST_STEP][PASSED] - else if (Evento == "Aprobar"): null

2020-02-25 12:05:57 - [TEST_STEP][PASSED] - else if (Evento == "Logistica"): null

2020-02-25 12:05:57 - [TEST_STEP][PASSED] - else if (Evento == "Produccion"): null

2020-02-25 12:05:57 - [TEST_STEP][PASSED] - else if (Evento == "Inventario"): null

2020-02-25 12:05:57 - [TEST_STEP][PASSED] - else if (Evento == "Despacho"): null

2020-02-25 12:05:57 - [TEST_STEP][PASSED] - else if (Evento == "ProductoAlmacen"): null

2020-02-25 12:05:57 - [TEST_STEP][PASSED] - data8 = obtener_excels.obtener_producto_almacen.getValuesExcelProductoAlmacen(Index): obtener_excels.obtener_producto_almacen.getValuesExcelProductoAlmacen is PASSED

2020-02-25 12:05:57 - [MESSAGE][PASSED] - obtener_excels.obtener_producto_almacen.getValuesExcelProductoAlmacen is PASSED

2020-02-25 12:05:57 - [TEST_STEP][PASSED] - Idioma = data8[0]: null

2020-02-25 12:05:57 - [TEST_STEP][PASSED] - click(findTestObject("Page_- KAIZEN/si_btn_idioma")): Object: 'Object Repository/Page_- KAIZEN/si_btn_idioma' is clicked on

2020-02-25 12:05:58 - [MESSAGE][PASSED] - Object: 'Object Repository/Page_- KAIZEN/si_btn_idioma' is clicked on

2020-02-25 12:05:58 - [TEST_STEP][PASSED] - if (Idioma == "0"): Object: 'Object Repository/Page_- KAIZEN/si_Ingles' is clicked on

2020-02-25 12:05:58 - [TEST_STEP][PASSED] - click(findTestObject("Page_- KAIZEN/si_Ingles")): Object: 'Object Repository/Page_- KAIZEN/si_Ingles' is clicked on

2020-02-25 12:06:00 - [MESSAGE][PASSED] - Object: 'Object Repository/Page_- KAIZEN/si_Ingles' is clicked on

2020-02-25 12:06:00 - [MESSAGE][PASSED] - Call Test Case 'Test Cases/Individual_Tests/Seleccionar_Idioma' successfully

2020-02-25 12:06:00 - [TEST_STEP][PASSED] - callTestCase(findTestCase("Individual_Tests/Anadir_Producto_Almacen"), ["Index":Index], STOP_ON_FAILURE): Call Test Case 'Test Cases/Individual_Tests/Anadir_Producto_Almacen' successfully

2020-02-25 12:06:00 - [TEST_CASE][PASSED] - Test Cases/Individual_Tests/Anadir_Producto_Almacen: Test Cases/Individual_Tests/Anadir_Producto_Almacen

2020-02-25 12:06:00 - [TEST_STEP][PASSED] - data = obtener_excels.obtener_producto_almacen.getValuesExcelProductoAlmacen(Index): obtener_excels.obtener_producto_almacen.getValuesExcelProductoAlmacen is PASSED

2020-02-25 12:06:00 - [MESSAGE][PASSED] - obtener_excels.obtener_producto_almacen.getValuesExcelProductoAlmacen is PASSED

2020-02-25 12:06:00 - [TEST_STEP][PASSED] - Producto = data[3]: null

2020-02-25 12:06:00 - [TEST_STEP][PASSED] - CantidadMinima = data[4]: null

2020-02-25 12:06:00 - [TEST_STEP][PASSED] - CantidadMaxima = data[5]: null

2020-02-25 12:06:00 - [TEST_STEP][PASSED] - Almacen = data[6]: null

2020-02-25 12:06:00 - [TEST_STEP][PASSED] - Almacen2 = data[7]: null

2020-02-25 12:06:00 - [TEST_STEP][PASSED] - click(findTestObject("Object Repository/Page_- KAIZEN/mvi_menu_Inventario")): Object: 'Object Repository/Page_- KAIZEN/mvi_menu_Inventario' is clicked on

2020-02-25 12:06:00 - [MESSAGE][PASSED] - Object: 'Object Repository/Page_- KAIZEN/mvi_menu_Inventario' is clicked on

2020-02-25 12:06:00 - [TEST_STEP][PASSED] - click(findTestObject("Object Repository/Page_- KAIZEN/mvi_menu_productos_por_almacen")): Object: 'Object Repository/Page_- KAIZEN/mvi_menu_productos_por_almacen' is clicked on

2020-02-25 12:06:03 - [MESSAGE][PASSED] - Object: 'Object Repository/Page_- KAIZEN/mvi_menu_productos_por_almacen' is clicked on

2020-02-25 12:06:03 - [TEST_STEP][PASSED] - click(findTestObject("Object Repository/Page_Index - KAIZEN/mvi_agregar")): Object: 'Object Repository/Page_Index - KAIZEN/mvi_agregar' is clicked on

2020-02-25 12:06:06 - [MESSAGE][PASSED] - Object: 'Object Repository/Page_Index - KAIZEN/mvi_agregar' is clicked on

2020-02-25 12:06:06 - [TEST_STEP][PASSED] - click(findTestObject("Object Repository/Page_Agregar Productos - KAIZEN/mvi_btn_seleccione")): Object: 'Object Repository/Page_Agregar Productos - KAIZEN/mvi_btn_seleccione' is clicked on

2020-02-25 12:06:07 - [MESSAGE][PASSED] - Object: 'Object Repository/Page_Agregar Productos - KAIZEN/mvi_btn_seleccione' is clicked on

2020-02-25 12:06:07 - [TEST_STEP][PASSED] - setText(findTestObject("Object Repository/Page_Agregar Productos - KAIZEN/mvi_assing_prodcuto"), Producto): Text 'TRENTON5 T-BIKE SN/JASO/4T/MA 20W-50' is set on object 'Object Repository/Page_Agregar Productos - KAIZEN/mvi_assing_prodcuto'

2020-02-25 12:06:08 - [MESSAGE][PASSED] - Text 'TRENTON5 T-BIKE SN/JASO/4T/MA 20W-50' is set on object 'Object Repository/Page_Agregar Productos - KAIZEN/mvi_assing_prodcuto'

2020-02-25 12:06:08 - [TEST_STEP][PASSED] - sendKeys(findTestObject("Object Repository/Page_Agregar Productos - KAIZEN/mvi_assing_prodcuto"), Keys.chord(ENTER)): Keys 'ENTER + ' sent to object: 'Object Repository/Page_Agregar Productos - KAIZEN/mvi_assing_prodcuto'

2020-02-25 12:06:09 - [MESSAGE][PASSED] - Keys 'ENTER + ' sent to object: 'Object Repository/Page_Agregar Productos - KAIZEN/mvi_assing_prodcuto'

2020-02-25 12:06:09 - [TEST_STEP][PASSED] - selectOptionByValue(findTestObject("Object Repository/Page_Agregar Productos - KAIZEN/mvi_assing_almacen"), Almacen, true): All options with value '1' are selected in object 'Object Repository/Page_Agregar Productos - KAIZEN/mvi_assing_almacen'  using regular expression

2020-02-25 12:06:10 - [MESSAGE][PASSED] - All options with value '1' are selected in object 'Object Repository/Page_Agregar Productos - KAIZEN/mvi_assing_almacen'  using regular expression

2020-02-25 12:06:10 - [TEST_STEP][PASSED] - delay(3): Delayed 3 second(s)

2020-02-25 12:06:13 - [MESSAGE][PASSED] - Delayed 3 second(s)

2020-02-25 12:06:13 - [TEST_STEP][PASSED] - modal = executeJavaScript("return document.querySelector('.swal2-popup');", null): Execute JavaScript 'return document.querySelector('.swal2-popup');' successfully

2020-02-25 12:06:13 - [MESSAGE][PASSED] - Execute JavaScript 'return document.querySelector('.swal2-popup');' successfully

2020-02-25 12:06:13 - [TEST_STEP][PASSED] - print(modal): null

2020-02-25 12:06:13 - [TEST_STEP][PASSED] - if (modal == null): Object: 'Object Repository/Page_Agregar Productos - KAIZEN/mvi_Guardar' is clicked on

2020-02-25 12:06:13 - [TEST_STEP][PASSED] - setText(findTestObject("Object Repository/Page_Agregar Productos - KAIZEN/mvi_cantidad_mnima_almacn"), CantidadMinima): Text '39' is set on object 'Object Repository/Page_Agregar Productos - KAIZEN/mvi_cantidad_mnima_almacn'

2020-02-25 12:06:14 - [MESSAGE][PASSED] - Text '39' is set on object 'Object Repository/Page_Agregar Productos - KAIZEN/mvi_cantidad_mnima_almacn'

2020-02-25 12:06:14 - [TEST_STEP][PASSED] - setText(findTestObject("Object Repository/Page_Agregar Productos - KAIZEN/mvi_cantidad_mxima_en_almacn"), CantidadMaxima): Text '21604' is set on object 'Object Repository/Page_Agregar Productos - KAIZEN/mvi_cantidad_mxima_en_almacn'

2020-02-25 12:06:14 - [MESSAGE][PASSED] - Text '21604' is set on object 'Object Repository/Page_Agregar Productos - KAIZEN/mvi_cantidad_mxima_en_almacn'

2020-02-25 12:06:14 - [TEST_STEP][PASSED] - delay(7): Delayed 7 second(s)

2020-02-25 12:06:21 - [MESSAGE][PASSED] - Delayed 7 second(s)

2020-02-25 12:06:21 - [TEST_STEP][PASSED] - click(findTestObject("Object Repository/Page_Agregar Productos - KAIZEN/mvi_button_OK")): Object: 'Object Repository/Page_Agregar Productos - KAIZEN/mvi_button_OK' is clicked on

2020-02-25 12:06:22 - [MESSAGE][PASSED] - Object: 'Object Repository/Page_Agregar Productos - KAIZEN/mvi_button_OK' is clicked on

2020-02-25 12:06:22 - [TEST_STEP][PASSED] - selectOptionByValue(findTestObject("Object Repository/Page_Agregar Productos - KAIZEN/mvi_assing_almacen"), "4", true): All options with value '4' are selected in object 'Object Repository/Page_Agregar Productos - KAIZEN/mvi_assing_almacen'  using regular expression

2020-02-25 12:06:23 - [MESSAGE][PASSED] - All options with value '4' are selected in object 'Object Repository/Page_Agregar Productos - KAIZEN/mvi_assing_almacen'  using regular expression

2020-02-25 12:06:23 - [TEST_STEP][PASSED] - selectOptionByValue(findTestObject("Object Repository/Page_Agregar Productos - KAIZEN/mvi_assing_almacen"), Almacen, true): All options with value '1' are selected in object 'Object Repository/Page_Agregar Productos - KAIZEN/mvi_assing_almacen'  using regular expression

2020-02-25 12:06:24 - [MESSAGE][PASSED] - All options with value '1' are selected in object 'Object Repository/Page_Agregar Productos - KAIZEN/mvi_assing_almacen'  using regular expression

2020-02-25 12:06:24 - [TEST_STEP][PASSED] - click(findTestObject("Object Repository/Page_Agregar Productos - KAIZEN/mvi_Guardar")): Object: 'Object Repository/Page_Agregar Productos - KAIZEN/mvi_Guardar' is clicked on

2020-02-25 12:06:28 - [MESSAGE][PASSED] - Object: 'Object Repository/Page_Agregar Productos - KAIZEN/mvi_Guardar' is clicked on

2020-02-25 12:06:28 - [TEST_STEP][PASSED] - click(findTestObject("Object Repository/Page_- KAIZEN/mvi_menu_Inventario")): Object: 'Object Repository/Page_- KAIZEN/mvi_menu_Inventario' is clicked on

2020-02-25 12:06:29 - [MESSAGE][PASSED] - Object: 'Object Repository/Page_- KAIZEN/mvi_menu_Inventario' is clicked on

2020-02-25 12:06:29 - [TEST_STEP][PASSED] - click(findTestObject("Object Repository/Page_- KAIZEN/mvi_menu_productos_por_almacen")): Object: 'Object Repository/Page_- KAIZEN/mvi_menu_productos_por_almacen' is clicked on

2020-02-25 12:06:32 - [MESSAGE][PASSED] - Object: 'Object Repository/Page_- KAIZEN/mvi_menu_productos_por_almacen' is clicked on

2020-02-25 12:06:32 - [TEST_STEP][PASSED] - click(findTestObject("Object Repository/Page_Index - KAIZEN/mvi_agregar")): Object: 'Object Repository/Page_Index - KAIZEN/mvi_agregar' is clicked on

2020-02-25 12:06:35 - [MESSAGE][PASSED] - Object: 'Object Repository/Page_Index - KAIZEN/mvi_agregar' is clicked on

2020-02-25 12:06:35 - [TEST_STEP][PASSED] - click(findTestObject("Object Repository/Page_Agregar Productos - KAIZEN/mvi_btn_seleccione")): Object: 'Object Repository/Page_Agregar Productos - KAIZEN/mvi_btn_seleccione' is clicked on

2020-02-25 12:06:36 - [MESSAGE][PASSED] - Object: 'Object Repository/Page_Agregar Productos - KAIZEN/mvi_btn_seleccione' is clicked on

2020-02-25 12:06:36 - [TEST_STEP][PASSED] - setText(findTestObject("Object Repository/Page_Agregar Productos - KAIZEN/mvi_assing_prodcuto"), Producto): Text 'TRENTON5 T-BIKE SN/JASO/4T/MA 20W-50' is set on object 'Object Repository/Page_Agregar Productos - KAIZEN/mvi_assing_prodcuto'

2020-02-25 12:06:38 - [MESSAGE][PASSED] - Text 'TRENTON5 T-BIKE SN/JASO/4T/MA 20W-50' is set on object 'Object Repository/Page_Agregar Productos - KAIZEN/mvi_assing_prodcuto'

2020-02-25 12:06:38 - [TEST_STEP][PASSED] - sendKeys(findTestObject("Object Repository/Page_Agregar Productos - KAIZEN/mvi_assing_prodcuto"), Keys.chord(ENTER)): Keys 'ENTER + ' sent to object: 'Object Repository/Page_Agregar Productos - KAIZEN/mvi_assing_prodcuto'

2020-02-25 12:06:39 - [MESSAGE][PASSED] - Keys 'ENTER + ' sent to object: 'Object Repository/Page_Agregar Productos - KAIZEN/mvi_assing_prodcuto'

2020-02-25 12:06:39 - [TEST_STEP][PASSED] - selectOptionByValue(findTestObject("Object Repository/Page_Agregar Productos - KAIZEN/mvi_assing_almacen"), Almacen2, true): All options with value '6' are selected in object 'Object Repository/Page_Agregar Productos - KAIZEN/mvi_assing_almacen'  using regular expression

2020-02-25 12:06:40 - [MESSAGE][PASSED] - All options with value '6' are selected in object 'Object Repository/Page_Agregar Productos - KAIZEN/mvi_assing_almacen'  using regular expression

2020-02-25 12:06:40 - [TEST_STEP][PASSED] - delay(3): Delayed 3 second(s)

2020-02-25 12:06:43 - [MESSAGE][PASSED] - Delayed 3 second(s)

2020-02-25 12:06:43 - [TEST_STEP][PASSED] - modal2 = executeJavaScript("return document.querySelector('.swal2-popup');", null): Execute JavaScript 'return document.querySelector('.swal2-popup');' successfully

2020-02-25 12:06:43 - [MESSAGE][PASSED] - Execute JavaScript 'return document.querySelector('.swal2-popup');' successfully

2020-02-25 12:06:43 - [TEST_STEP][PASSED] - if (modal2 == null): Object: 'Object Repository/Page_Agregar Productos - KAIZEN/mvi_Guardar' is clicked on

2020-02-25 12:06:43 - [TEST_STEP][PASSED] - setText(findTestObject("Object Repository/Page_Agregar Productos - KAIZEN/mvi_cantidad_mnima_almacn"), CantidadMinima): Text '39' is set on object 'Object Repository/Page_Agregar Productos - KAIZEN/mvi_cantidad_mnima_almacn'

2020-02-25 12:06:44 - [MESSAGE][PASSED] - Text '39' is set on object 'Object Repository/Page_Agregar Productos - KAIZEN/mvi_cantidad_mnima_almacn'

2020-02-25 12:06:44 - [TEST_STEP][PASSED] - setText(findTestObject("Object Repository/Page_Agregar Productos - KAIZEN/mvi_cantidad_mxima_en_almacn"), CantidadMaxima): Text '21604' is set on object 'Object Repository/Page_Agregar Productos - KAIZEN/mvi_cantidad_mxima_en_almacn'

2020-02-25 12:06:44 - [MESSAGE][PASSED] - Text '21604' is set on object 'Object Repository/Page_Agregar Productos - KAIZEN/mvi_cantidad_mxima_en_almacn'

2020-02-25 12:06:44 - [TEST_STEP][PASSED] - delay(7): Delayed 7 second(s)

2020-02-25 12:06:51 - [MESSAGE][PASSED] - Delayed 7 second(s)

2020-02-25 12:06:51 - [TEST_STEP][PASSED] - click(findTestObject("Object Repository/Page_Agregar Productos - KAIZEN/mvi_button_OK")): Object: 'Object Repository/Page_Agregar Productos - KAIZEN/mvi_button_OK' is clicked on

2020-02-25 12:06:51 - [MESSAGE][PASSED] - Object: 'Object Repository/Page_Agregar Productos - KAIZEN/mvi_button_OK' is clicked on

2020-02-25 12:06:51 - [TEST_STEP][PASSED] - selectOptionByValue(findTestObject("Object Repository/Page_Agregar Productos - KAIZEN/mvi_assing_almacen"), "4", true): All options with value '4' are selected in object 'Object Repository/Page_Agregar Productos - KAIZEN/mvi_assing_almacen'  using regular expression

2020-02-25 12:06:53 - [MESSAGE][PASSED] - All options with value '4' are selected in object 'Object Repository/Page_Agregar Productos - KAIZEN/mvi_assing_almacen'  using regular expression

2020-02-25 12:06:53 - [TEST_STEP][PASSED] - selectOptionByValue(findTestObject("Object Repository/Page_Agregar Productos - KAIZEN/mvi_assing_almacen"), Almacen2, true): All options with value '6' are selected in object 'Object Repository/Page_Agregar Productos - KAIZEN/mvi_assing_almacen'  using regular expression

2020-02-25 12:06:54 - [MESSAGE][PASSED] - All options with value '6' are selected in object 'Object Repository/Page_Agregar Productos - KAIZEN/mvi_assing_almacen'  using regular expression

2020-02-25 12:06:54 - [TEST_STEP][PASSED] - click(findTestObject("Object Repository/Page_Agregar Productos - KAIZEN/mvi_Guardar")): Object: 'Object Repository/Page_Agregar Productos - KAIZEN/mvi_Guardar' is clicked on

2020-02-25 12:06:57 - [MESSAGE][PASSED] - Object: 'Object Repository/Page_Agregar Productos - KAIZEN/mvi_Guardar' is clicked on

2020-02-25 12:06:57 - [MESSAGE][PASSED] - Call Test Case 'Test Cases/Individual_Tests/Anadir_Producto_Almacen' successfully

2020-02-25 12:06:57 - [TEST_STEP][PASSED] - callTestCase(findTestCase("Individual_Tests/Login"), ["Evento":"ProductoAlmacen", "Index":Index], STOP_ON_FAILURE): Call Test Case 'Test Cases/Individual_Tests/Login' successfully

2020-02-25 12:06:57 - [TEST_CASE][PASSED] - Test Cases/Individual_Tests/Login: Test Cases/Individual_Tests/Login

2020-02-25 12:06:57 - [TEST_STEP][PASSED] - print("Evento Seleccionado: " + Evento + "
"): null

2020-02-25 12:06:57 - [TEST_STEP][PASSED] - openBrowser(Web): Browser is opened with url: 'http://test.kaizendev.net/Login/Accesar?salir=true'

2020-02-25 12:06:57 - [MESSAGE][WARNING] - A browser is already opened. Closing browser and opening a new one

2020-02-25 12:06:58 - [MESSAGE][INFO] - Starting 'Chrome' driver

2020-02-25 12:07:54 - [MESSAGE][PASSED] - Browser is opened with url: 'http://test.kaizendev.net/Login/Accesar?salir=true'

2020-02-25 12:07:54 - [TEST_STEP][PASSED] - maximizeWindow(): Current window maximized

2020-02-25 12:07:55 - [MESSAGE][PASSED] - Current window maximized

2020-02-25 12:07:55 - [TEST_STEP][PASSED] - if (Evento == "Crear20"): null

2020-02-25 12:07:55 - [TEST_STEP][PASSED] - else if (Evento == "Crear40"): null

2020-02-25 12:07:55 - [TEST_STEP][PASSED] - else if (Evento == "Aprobar"): null

2020-02-25 12:07:55 - [TEST_STEP][PASSED] - else if (Evento == "Logistica"): null

2020-02-25 12:07:55 - [TEST_STEP][PASSED] - else if (Evento == "Produccion"): null

2020-02-25 12:07:55 - [TEST_STEP][PASSED] - else if (Evento == "Inventario"): null

2020-02-25 12:07:55 - [TEST_STEP][PASSED] - else if (Evento == "Despacho"): null

2020-02-25 12:07:55 - [TEST_STEP][PASSED] - else if (Evento == "ProductoAlmacen"): Object: 'Object Repository/Page_Iniciar Sesion - KAIZEN/is_btn_ingresar_sistema' is clicked on

2020-02-25 12:07:55 - [TEST_STEP][PASSED] - data7 = obtener_excels.obtener_producto_almacen.getValuesExcelProductoAlmacen(Index): obtener_excels.obtener_producto_almacen.getValuesExcelProductoAlmacen is PASSED

2020-02-25 12:07:55 - [MESSAGE][PASSED] - obtener_excels.obtener_producto_almacen.getValuesExcelProductoAlmacen is PASSED

2020-02-25 12:07:55 - [TEST_STEP][PASSED] - Usuario = data7[1]: null

2020-02-25 12:07:55 - [TEST_STEP][PASSED] - Contrasena = data7[2]: null

2020-02-25 12:07:55 - [TEST_STEP][PASSED] - setText(findTestObject("Page_Iniciar Sesion - KAIZEN/is_input_email"), Usuario): Text 'automated.test@grupokaizen.net' is set on object 'Object Repository/Page_Iniciar Sesion - KAIZEN/is_input_email'

2020-02-25 12:07:56 - [MESSAGE][PASSED] - Text 'automated.test@grupokaizen.net' is set on object 'Object Repository/Page_Iniciar Sesion - KAIZEN/is_input_email'

2020-02-25 12:07:56 - [TEST_STEP][PASSED] - setEncryptedText(findTestObject("Page_Iniciar Sesion - KAIZEN/IS_input_contrasena"), Contrasena): Text ****** has been set on object 'Object Repository/Page_Iniciar Sesion - KAIZEN/IS_input_contrasena'

2020-02-25 12:07:56 - [MESSAGE][PASSED] - Text ****** has been set on object 'Object Repository/Page_Iniciar Sesion - KAIZEN/IS_input_contrasena'

2020-02-25 12:07:56 - [TEST_STEP][PASSED] - click(findTestObject("Page_Iniciar Sesion - KAIZEN/is_btn_ingresar_sistema")): Object: 'Object Repository/Page_Iniciar Sesion - KAIZEN/is_btn_ingresar_sistema' is clicked on

2020-02-25 12:08:00 - [MESSAGE][PASSED] - Object: 'Object Repository/Page_Iniciar Sesion - KAIZEN/is_btn_ingresar_sistema' is clicked on

2020-02-25 12:08:00 - [MESSAGE][PASSED] - Call Test Case 'Test Cases/Individual_Tests/Login' successfully

2020-02-25 12:08:00 - [TEST_STEP][PASSED] - callTestCase(findTestCase("Individual_Tests/Seleccionar_Idioma"), ["Evento":"ProductoAlmacen", "Index":Index], STOP_ON_FAILURE): Call Test Case 'Test Cases/Individual_Tests/Seleccionar_Idioma' successfully

2020-02-25 12:08:00 - [TEST_CASE][PASSED] - Test Cases/Individual_Tests/Seleccionar_Idioma: Test Cases/Individual_Tests/Seleccionar_Idioma

2020-02-25 12:08:00 - [TEST_STEP][PASSED] - Idioma = 0: null

2020-02-25 12:08:00 - [TEST_STEP][PASSED] - if (Evento == "Crear20"): null

2020-02-25 12:08:00 - [TEST_STEP][PASSED] - else if (Evento == "Crear40"): null

2020-02-25 12:08:00 - [TEST_STEP][PASSED] - else if (Evento == "Aprobar"): null

2020-02-25 12:08:00 - [TEST_STEP][PASSED] - else if (Evento == "Logistica"): null

2020-02-25 12:08:00 - [TEST_STEP][PASSED] - else if (Evento == "Produccion"): null

2020-02-25 12:08:00 - [TEST_STEP][PASSED] - else if (Evento == "Inventario"): null

2020-02-25 12:08:00 - [TEST_STEP][PASSED] - else if (Evento == "Despacho"): null

2020-02-25 12:08:00 - [TEST_STEP][PASSED] - else if (Evento == "ProductoAlmacen"): null

2020-02-25 12:08:00 - [TEST_STEP][PASSED] - data8 = obtener_excels.obtener_producto_almacen.getValuesExcelProductoAlmacen(Index): obtener_excels.obtener_producto_almacen.getValuesExcelProductoAlmacen is PASSED

2020-02-25 12:08:00 - [MESSAGE][PASSED] - obtener_excels.obtener_producto_almacen.getValuesExcelProductoAlmacen is PASSED

2020-02-25 12:08:00 - [TEST_STEP][PASSED] - Idioma = data8[0]: null

2020-02-25 12:08:00 - [TEST_STEP][PASSED] - click(findTestObject("Page_- KAIZEN/si_btn_idioma")): Object: 'Object Repository/Page_- KAIZEN/si_btn_idioma' is clicked on

2020-02-25 12:08:00 - [MESSAGE][PASSED] - Object: 'Object Repository/Page_- KAIZEN/si_btn_idioma' is clicked on

2020-02-25 12:08:00 - [TEST_STEP][PASSED] - if (Idioma == "0"): null

2020-02-25 12:08:00 - [TEST_STEP][PASSED] - else: Object: 'Object Repository/Page_- KAIZEN/si_Spanish' is clicked on

2020-02-25 12:08:00 - [TEST_STEP][PASSED] - click(findTestObject("Page_- KAIZEN/si_Spanish")): Object: 'Object Repository/Page_- KAIZEN/si_Spanish' is clicked on

2020-02-25 12:08:07 - [MESSAGE][PASSED] - Object: 'Object Repository/Page_- KAIZEN/si_Spanish' is clicked on

2020-02-25 12:08:07 - [MESSAGE][PASSED] - Call Test Case 'Test Cases/Individual_Tests/Seleccionar_Idioma' successfully

2020-02-25 12:08:07 - [TEST_STEP][PASSED] - callTestCase(findTestCase("Individual_Tests/Anadir_Producto_Almacen"), ["Index":Index], STOP_ON_FAILURE): Call Test Case 'Test Cases/Individual_Tests/Anadir_Producto_Almacen' successfully

2020-02-25 12:08:07 - [TEST_CASE][PASSED] - Test Cases/Individual_Tests/Anadir_Producto_Almacen: Test Cases/Individual_Tests/Anadir_Producto_Almacen

2020-02-25 12:08:07 - [TEST_STEP][PASSED] - data = obtener_excels.obtener_producto_almacen.getValuesExcelProductoAlmacen(Index): obtener_excels.obtener_producto_almacen.getValuesExcelProductoAlmacen is PASSED

2020-02-25 12:08:07 - [MESSAGE][PASSED] - obtener_excels.obtener_producto_almacen.getValuesExcelProductoAlmacen is PASSED

2020-02-25 12:08:07 - [TEST_STEP][PASSED] - Producto = data[3]: null

2020-02-25 12:08:07 - [TEST_STEP][PASSED] - CantidadMinima = data[4]: null

2020-02-25 12:08:07 - [TEST_STEP][PASSED] - CantidadMaxima = data[5]: null

2020-02-25 12:08:07 - [TEST_STEP][PASSED] - Almacen = data[6]: null

2020-02-25 12:08:07 - [TEST_STEP][PASSED] - Almacen2 = data[7]: null

2020-02-25 12:08:07 - [TEST_STEP][PASSED] - click(findTestObject("Object Repository/Page_- KAIZEN/mvi_menu_Inventario")): Object: 'Object Repository/Page_- KAIZEN/mvi_menu_Inventario' is clicked on

2020-02-25 12:08:07 - [MESSAGE][PASSED] - Object: 'Object Repository/Page_- KAIZEN/mvi_menu_Inventario' is clicked on

2020-02-25 12:08:07 - [TEST_STEP][PASSED] - click(findTestObject("Object Repository/Page_- KAIZEN/mvi_menu_productos_por_almacen")): Object: 'Object Repository/Page_- KAIZEN/mvi_menu_productos_por_almacen' is clicked on

2020-02-25 12:08:12 - [MESSAGE][PASSED] - Object: 'Object Repository/Page_- KAIZEN/mvi_menu_productos_por_almacen' is clicked on

2020-02-25 12:08:12 - [TEST_STEP][PASSED] - click(findTestObject("Object Repository/Page_Index - KAIZEN/mvi_agregar")): Object: 'Object Repository/Page_Index - KAIZEN/mvi_agregar' is clicked on

2020-02-25 12:08:14 - [MESSAGE][PASSED] - Object: 'Object Repository/Page_Index - KAIZEN/mvi_agregar' is clicked on

2020-02-25 12:08:14 - [TEST_STEP][PASSED] - click(findTestObject("Object Repository/Page_Agregar Productos - KAIZEN/mvi_btn_seleccione")): Object: 'Object Repository/Page_Agregar Productos - KAIZEN/mvi_btn_seleccione' is clicked on

2020-02-25 12:08:15 - [MESSAGE][PASSED] - Object: 'Object Repository/Page_Agregar Productos - KAIZEN/mvi_btn_seleccione' is clicked on

2020-02-25 12:08:15 - [TEST_STEP][PASSED] - setText(findTestObject("Object Repository/Page_Agregar Productos - KAIZEN/mvi_assing_prodcuto"), Producto): Text 'TRENTON5 HEAD TRANSFER AND QUENCHING OIL 22' is set on object 'Object Repository/Page_Agregar Productos - KAIZEN/mvi_assing_prodcuto'

2020-02-25 12:08:16 - [MESSAGE][PASSED] - Text 'TRENTON5 HEAD TRANSFER AND QUENCHING OIL 22' is set on object 'Object Repository/Page_Agregar Productos - KAIZEN/mvi_assing_prodcuto'

2020-02-25 12:08:16 - [TEST_STEP][PASSED] - sendKeys(findTestObject("Object Repository/Page_Agregar Productos - KAIZEN/mvi_assing_prodcuto"), Keys.chord(ENTER)): Keys 'ENTER + ' sent to object: 'Object Repository/Page_Agregar Productos - KAIZEN/mvi_assing_prodcuto'

2020-02-25 12:08:17 - [MESSAGE][PASSED] - Keys 'ENTER + ' sent to object: 'Object Repository/Page_Agregar Productos - KAIZEN/mvi_assing_prodcuto'

2020-02-25 12:08:17 - [TEST_STEP][PASSED] - selectOptionByValue(findTestObject("Object Repository/Page_Agregar Productos - KAIZEN/mvi_assing_almacen"), Almacen, true): All options with value '1' are selected in object 'Object Repository/Page_Agregar Productos - KAIZEN/mvi_assing_almacen'  using regular expression

2020-02-25 12:08:18 - [MESSAGE][PASSED] - All options with value '1' are selected in object 'Object Repository/Page_Agregar Productos - KAIZEN/mvi_assing_almacen'  using regular expression

2020-02-25 12:08:18 - [TEST_STEP][PASSED] - delay(3): Delayed 3 second(s)

2020-02-25 12:08:21 - [MESSAGE][PASSED] - Delayed 3 second(s)

2020-02-25 12:08:21 - [TEST_STEP][PASSED] - modal = executeJavaScript("return document.querySelector('.swal2-popup');", null): Execute JavaScript 'return document.querySelector('.swal2-popup');' successfully

2020-02-25 12:08:21 - [MESSAGE][PASSED] - Execute JavaScript 'return document.querySelector('.swal2-popup');' successfully

2020-02-25 12:08:21 - [TEST_STEP][PASSED] - print(modal): null

2020-02-25 12:08:21 - [TEST_STEP][PASSED] - if (modal == null): Object: 'Object Repository/Page_Agregar Productos - KAIZEN/mvi_Guardar' is clicked on

2020-02-25 12:08:21 - [TEST_STEP][PASSED] - setText(findTestObject("Object Repository/Page_Agregar Productos - KAIZEN/mvi_cantidad_mnima_almacn"), CantidadMinima): Text '83' is set on object 'Object Repository/Page_Agregar Productos - KAIZEN/mvi_cantidad_mnima_almacn'

2020-02-25 12:08:21 - [MESSAGE][PASSED] - Text '83' is set on object 'Object Repository/Page_Agregar Productos - KAIZEN/mvi_cantidad_mnima_almacn'

2020-02-25 12:08:21 - [TEST_STEP][PASSED] - setText(findTestObject("Object Repository/Page_Agregar Productos - KAIZEN/mvi_cantidad_mxima_en_almacn"), CantidadMaxima): Text '37143' is set on object 'Object Repository/Page_Agregar Productos - KAIZEN/mvi_cantidad_mxima_en_almacn'

2020-02-25 12:08:22 - [MESSAGE][PASSED] - Text '37143' is set on object 'Object Repository/Page_Agregar Productos - KAIZEN/mvi_cantidad_mxima_en_almacn'

2020-02-25 12:08:22 - [TEST_STEP][PASSED] - delay(7): Delayed 7 second(s)

2020-02-25 12:08:29 - [MESSAGE][PASSED] - Delayed 7 second(s)

2020-02-25 12:08:29 - [TEST_STEP][PASSED] - click(findTestObject("Object Repository/Page_Agregar Productos - KAIZEN/mvi_button_OK")): Object: 'Object Repository/Page_Agregar Productos - KAIZEN/mvi_button_OK' is clicked on

2020-02-25 12:08:29 - [MESSAGE][PASSED] - Object: 'Object Repository/Page_Agregar Productos - KAIZEN/mvi_button_OK' is clicked on

2020-02-25 12:08:29 - [TEST_STEP][PASSED] - selectOptionByValue(findTestObject("Object Repository/Page_Agregar Productos - KAIZEN/mvi_assing_almacen"), "4", true): All options with value '4' are selected in object 'Object Repository/Page_Agregar Productos - KAIZEN/mvi_assing_almacen'  using regular expression

2020-02-25 12:08:31 - [MESSAGE][PASSED] - All options with value '4' are selected in object 'Object Repository/Page_Agregar Productos - KAIZEN/mvi_assing_almacen'  using regular expression

2020-02-25 12:08:31 - [TEST_STEP][PASSED] - selectOptionByValue(findTestObject("Object Repository/Page_Agregar Productos - KAIZEN/mvi_assing_almacen"), Almacen, true): All options with value '1' are selected in object 'Object Repository/Page_Agregar Productos - KAIZEN/mvi_assing_almacen'  using regular expression

2020-02-25 12:08:32 - [MESSAGE][PASSED] - All options with value '1' are selected in object 'Object Repository/Page_Agregar Productos - KAIZEN/mvi_assing_almacen'  using regular expression

2020-02-25 12:08:32 - [TEST_STEP][PASSED] - click(findTestObject("Object Repository/Page_Agregar Productos - KAIZEN/mvi_Guardar")): Object: 'Object Repository/Page_Agregar Productos - KAIZEN/mvi_Guardar' is clicked on

2020-02-25 12:08:34 - [MESSAGE][PASSED] - Object: 'Object Repository/Page_Agregar Productos - KAIZEN/mvi_Guardar' is clicked on

2020-02-25 12:08:34 - [TEST_STEP][PASSED] - click(findTestObject("Object Repository/Page_- KAIZEN/mvi_menu_Inventario")): Object: 'Object Repository/Page_- KAIZEN/mvi_menu_Inventario' is clicked on

2020-02-25 12:08:35 - [MESSAGE][PASSED] - Object: 'Object Repository/Page_- KAIZEN/mvi_menu_Inventario' is clicked on

2020-02-25 12:08:35 - [TEST_STEP][PASSED] - click(findTestObject("Object Repository/Page_- KAIZEN/mvi_menu_productos_por_almacen")): Object: 'Object Repository/Page_- KAIZEN/mvi_menu_productos_por_almacen' is clicked on

2020-02-25 12:08:37 - [MESSAGE][PASSED] - Object: 'Object Repository/Page_- KAIZEN/mvi_menu_productos_por_almacen' is clicked on

2020-02-25 12:08:37 - [TEST_STEP][PASSED] - click(findTestObject("Object Repository/Page_Index - KAIZEN/mvi_agregar")): Object: 'Object Repository/Page_Index - KAIZEN/mvi_agregar' is clicked on

2020-02-25 12:08:39 - [MESSAGE][PASSED] - Object: 'Object Repository/Page_Index - KAIZEN/mvi_agregar' is clicked on

2020-02-25 12:08:39 - [TEST_STEP][PASSED] - click(findTestObject("Object Repository/Page_Agregar Productos - KAIZEN/mvi_btn_seleccione")): Object: 'Object Repository/Page_Agregar Productos - KAIZEN/mvi_btn_seleccione' is clicked on

2020-02-25 12:08:40 - [MESSAGE][PASSED] - Object: 'Object Repository/Page_Agregar Productos - KAIZEN/mvi_btn_seleccione' is clicked on

2020-02-25 12:08:40 - [TEST_STEP][PASSED] - setText(findTestObject("Object Repository/Page_Agregar Productos - KAIZEN/mvi_assing_prodcuto"), Producto): Text 'TRENTON5 HEAD TRANSFER AND QUENCHING OIL 22' is set on object 'Object Repository/Page_Agregar Productos - KAIZEN/mvi_assing_prodcuto'

2020-02-25 12:08:42 - [MESSAGE][PASSED] - Text 'TRENTON5 HEAD TRANSFER AND QUENCHING OIL 22' is set on object 'Object Repository/Page_Agregar Productos - KAIZEN/mvi_assing_prodcuto'

2020-02-25 12:08:42 - [TEST_STEP][PASSED] - sendKeys(findTestObject("Object Repository/Page_Agregar Productos - KAIZEN/mvi_assing_prodcuto"), Keys.chord(ENTER)): Keys 'ENTER + ' sent to object: 'Object Repository/Page_Agregar Productos - KAIZEN/mvi_assing_prodcuto'

2020-02-25 12:08:42 - [MESSAGE][PASSED] - Keys 'ENTER + ' sent to object: 'Object Repository/Page_Agregar Productos - KAIZEN/mvi_assing_prodcuto'

2020-02-25 12:08:42 - [TEST_STEP][PASSED] - selectOptionByValue(findTestObject("Object Repository/Page_Agregar Productos - KAIZEN/mvi_assing_almacen"), Almacen2, true): All options with value '6' are selected in object 'Object Repository/Page_Agregar Productos - KAIZEN/mvi_assing_almacen'  using regular expression

2020-02-25 12:08:43 - [MESSAGE][PASSED] - All options with value '6' are selected in object 'Object Repository/Page_Agregar Productos - KAIZEN/mvi_assing_almacen'  using regular expression

2020-02-25 12:08:43 - [TEST_STEP][PASSED] - delay(3): Delayed 3 second(s)

2020-02-25 12:08:46 - [MESSAGE][PASSED] - Delayed 3 second(s)

2020-02-25 12:08:46 - [TEST_STEP][PASSED] - modal2 = executeJavaScript("return document.querySelector('.swal2-popup');", null): Execute JavaScript 'return document.querySelector('.swal2-popup');' successfully

2020-02-25 12:08:46 - [MESSAGE][PASSED] - Execute JavaScript 'return document.querySelector('.swal2-popup');' successfully

2020-02-25 12:08:46 - [TEST_STEP][PASSED] - if (modal2 == null): Object: 'Object Repository/Page_Agregar Productos - KAIZEN/mvi_Guardar' is clicked on

2020-02-25 12:08:46 - [TEST_STEP][PASSED] - setText(findTestObject("Object Repository/Page_Agregar Productos - KAIZEN/mvi_cantidad_mnima_almacn"), CantidadMinima): Text '83' is set on object 'Object Repository/Page_Agregar Productos - KAIZEN/mvi_cantidad_mnima_almacn'

2020-02-25 12:08:47 - [MESSAGE][PASSED] - Text '83' is set on object 'Object Repository/Page_Agregar Productos - KAIZEN/mvi_cantidad_mnima_almacn'

2020-02-25 12:08:47 - [TEST_STEP][PASSED] - setText(findTestObject("Object Repository/Page_Agregar Productos - KAIZEN/mvi_cantidad_mxima_en_almacn"), CantidadMaxima): Text '37143' is set on object 'Object Repository/Page_Agregar Productos - KAIZEN/mvi_cantidad_mxima_en_almacn'

2020-02-25 12:08:47 - [MESSAGE][PASSED] - Text '37143' is set on object 'Object Repository/Page_Agregar Productos - KAIZEN/mvi_cantidad_mxima_en_almacn'

2020-02-25 12:08:47 - [TEST_STEP][PASSED] - delay(7): Delayed 7 second(s)

2020-02-25 12:08:54 - [MESSAGE][PASSED] - Delayed 7 second(s)

2020-02-25 12:08:54 - [TEST_STEP][PASSED] - click(findTestObject("Object Repository/Page_Agregar Productos - KAIZEN/mvi_button_OK")): Object: 'Object Repository/Page_Agregar Productos - KAIZEN/mvi_button_OK' is clicked on

2020-02-25 12:08:55 - [MESSAGE][PASSED] - Object: 'Object Repository/Page_Agregar Productos - KAIZEN/mvi_button_OK' is clicked on

2020-02-25 12:08:55 - [TEST_STEP][PASSED] - selectOptionByValue(findTestObject("Object Repository/Page_Agregar Productos - KAIZEN/mvi_assing_almacen"), "4", true): All options with value '4' are selected in object 'Object Repository/Page_Agregar Productos - KAIZEN/mvi_assing_almacen'  using regular expression

2020-02-25 12:08:56 - [MESSAGE][PASSED] - All options with value '4' are selected in object 'Object Repository/Page_Agregar Productos - KAIZEN/mvi_assing_almacen'  using regular expression

2020-02-25 12:08:56 - [TEST_STEP][PASSED] - selectOptionByValue(findTestObject("Object Repository/Page_Agregar Productos - KAIZEN/mvi_assing_almacen"), Almacen2, true): All options with value '6' are selected in object 'Object Repository/Page_Agregar Productos - KAIZEN/mvi_assing_almacen'  using regular expression

2020-02-25 12:08:57 - [MESSAGE][PASSED] - All options with value '6' are selected in object 'Object Repository/Page_Agregar Productos - KAIZEN/mvi_assing_almacen'  using regular expression

2020-02-25 12:08:57 - [TEST_STEP][PASSED] - click(findTestObject("Object Repository/Page_Agregar Productos - KAIZEN/mvi_Guardar")): Object: 'Object Repository/Page_Agregar Productos - KAIZEN/mvi_Guardar' is clicked on

2020-02-25 12:09:05 - [MESSAGE][PASSED] - Object: 'Object Repository/Page_Agregar Productos - KAIZEN/mvi_Guardar' is clicked on

2020-02-25 12:09:05 - [MESSAGE][PASSED] - Call Test Case 'Test Cases/Individual_Tests/Anadir_Producto_Almacen' successfully

2020-02-25 12:09:05 - [TEST_STEP][PASSED] - callTestCase(findTestCase("Individual_Tests/Login"), ["Evento":"ProductoAlmacen", "Index":Index], STOP_ON_FAILURE): Call Test Case 'Test Cases/Individual_Tests/Login' successfully

2020-02-25 12:09:05 - [TEST_CASE][PASSED] - Test Cases/Individual_Tests/Login: Test Cases/Individual_Tests/Login

2020-02-25 12:09:05 - [TEST_STEP][PASSED] - print("Evento Seleccionado: " + Evento + "
"): null

2020-02-25 12:09:05 - [TEST_STEP][PASSED] - openBrowser(Web): Browser is opened with url: 'http://test.kaizendev.net/Login/Accesar?salir=true'

2020-02-25 12:09:05 - [MESSAGE][WARNING] - A browser is already opened. Closing browser and opening a new one

2020-02-25 12:09:05 - [MESSAGE][INFO] - Starting 'Chrome' driver

2020-02-25 12:09:20 - [MESSAGE][PASSED] - Browser is opened with url: 'http://test.kaizendev.net/Login/Accesar?salir=true'

2020-02-25 12:09:20 - [TEST_STEP][PASSED] - maximizeWindow(): Current window maximized

2020-02-25 12:09:21 - [MESSAGE][PASSED] - Current window maximized

2020-02-25 12:09:21 - [TEST_STEP][PASSED] - if (Evento == "Crear20"): null

2020-02-25 12:09:21 - [TEST_STEP][PASSED] - else if (Evento == "Crear40"): null

2020-02-25 12:09:21 - [TEST_STEP][PASSED] - else if (Evento == "Aprobar"): null

2020-02-25 12:09:21 - [TEST_STEP][PASSED] - else if (Evento == "Logistica"): null

2020-02-25 12:09:21 - [TEST_STEP][PASSED] - else if (Evento == "Produccion"): null

2020-02-25 12:09:21 - [TEST_STEP][PASSED] - else if (Evento == "Inventario"): null

2020-02-25 12:09:21 - [TEST_STEP][PASSED] - else if (Evento == "Despacho"): null

2020-02-25 12:09:21 - [TEST_STEP][PASSED] - else if (Evento == "ProductoAlmacen"): Object: 'Object Repository/Page_Iniciar Sesion - KAIZEN/is_btn_ingresar_sistema' is clicked on

2020-02-25 12:09:21 - [TEST_STEP][PASSED] - data7 = obtener_excels.obtener_producto_almacen.getValuesExcelProductoAlmacen(Index): obtener_excels.obtener_producto_almacen.getValuesExcelProductoAlmacen is PASSED

2020-02-25 12:09:21 - [MESSAGE][PASSED] - obtener_excels.obtener_producto_almacen.getValuesExcelProductoAlmacen is PASSED

2020-02-25 12:09:21 - [TEST_STEP][PASSED] - Usuario = data7[1]: null

2020-02-25 12:09:21 - [TEST_STEP][PASSED] - Contrasena = data7[2]: null

2020-02-25 12:09:21 - [TEST_STEP][PASSED] - setText(findTestObject("Page_Iniciar Sesion - KAIZEN/is_input_email"), Usuario): Text 'automated.test@grupokaizen.net' is set on object 'Object Repository/Page_Iniciar Sesion - KAIZEN/is_input_email'

2020-02-25 12:09:22 - [MESSAGE][PASSED] - Text 'automated.test@grupokaizen.net' is set on object 'Object Repository/Page_Iniciar Sesion - KAIZEN/is_input_email'

2020-02-25 12:09:22 - [TEST_STEP][PASSED] - setEncryptedText(findTestObject("Page_Iniciar Sesion - KAIZEN/IS_input_contrasena"), Contrasena): Text ****** has been set on object 'Object Repository/Page_Iniciar Sesion - KAIZEN/IS_input_contrasena'

2020-02-25 12:09:22 - [MESSAGE][PASSED] - Text ****** has been set on object 'Object Repository/Page_Iniciar Sesion - KAIZEN/IS_input_contrasena'

2020-02-25 12:09:22 - [TEST_STEP][PASSED] - click(findTestObject("Page_Iniciar Sesion - KAIZEN/is_btn_ingresar_sistema")): Object: 'Object Repository/Page_Iniciar Sesion - KAIZEN/is_btn_ingresar_sistema' is clicked on

2020-02-25 12:09:25 - [MESSAGE][PASSED] - Object: 'Object Repository/Page_Iniciar Sesion - KAIZEN/is_btn_ingresar_sistema' is clicked on

2020-02-25 12:09:25 - [MESSAGE][PASSED] - Call Test Case 'Test Cases/Individual_Tests/Login' successfully

2020-02-25 12:09:25 - [TEST_STEP][PASSED] - callTestCase(findTestCase("Individual_Tests/Seleccionar_Idioma"), ["Evento":"ProductoAlmacen", "Index":Index], STOP_ON_FAILURE): Call Test Case 'Test Cases/Individual_Tests/Seleccionar_Idioma' successfully

2020-02-25 12:09:25 - [TEST_CASE][PASSED] - Test Cases/Individual_Tests/Seleccionar_Idioma: Test Cases/Individual_Tests/Seleccionar_Idioma

2020-02-25 12:09:25 - [TEST_STEP][PASSED] - Idioma = 0: null

2020-02-25 12:09:25 - [TEST_STEP][PASSED] - if (Evento == "Crear20"): null

2020-02-25 12:09:25 - [TEST_STEP][PASSED] - else if (Evento == "Crear40"): null

2020-02-25 12:09:25 - [TEST_STEP][PASSED] - else if (Evento == "Aprobar"): null

2020-02-25 12:09:25 - [TEST_STEP][PASSED] - else if (Evento == "Logistica"): null

2020-02-25 12:09:25 - [TEST_STEP][PASSED] - else if (Evento == "Produccion"): null

2020-02-25 12:09:25 - [TEST_STEP][PASSED] - else if (Evento == "Inventario"): null

2020-02-25 12:09:25 - [TEST_STEP][PASSED] - else if (Evento == "Despacho"): null

2020-02-25 12:09:25 - [TEST_STEP][PASSED] - else if (Evento == "ProductoAlmacen"): null

2020-02-25 12:09:25 - [TEST_STEP][PASSED] - data8 = obtener_excels.obtener_producto_almacen.getValuesExcelProductoAlmacen(Index): obtener_excels.obtener_producto_almacen.getValuesExcelProductoAlmacen is PASSED

2020-02-25 12:09:25 - [MESSAGE][PASSED] - obtener_excels.obtener_producto_almacen.getValuesExcelProductoAlmacen is PASSED

2020-02-25 12:09:25 - [TEST_STEP][PASSED] - Idioma = data8[0]: null

2020-02-25 12:09:25 - [TEST_STEP][PASSED] - click(findTestObject("Page_- KAIZEN/si_btn_idioma")): Object: 'Object Repository/Page_- KAIZEN/si_btn_idioma' is clicked on

2020-02-25 12:09:26 - [MESSAGE][PASSED] - Object: 'Object Repository/Page_- KAIZEN/si_btn_idioma' is clicked on

2020-02-25 12:09:26 - [TEST_STEP][PASSED] - if (Idioma == "0"): Object: 'Object Repository/Page_- KAIZEN/si_Ingles' is clicked on

2020-02-25 12:09:26 - [TEST_STEP][PASSED] - click(findTestObject("Page_- KAIZEN/si_Ingles")): Object: 'Object Repository/Page_- KAIZEN/si_Ingles' is clicked on

2020-02-25 12:09:27 - [MESSAGE][PASSED] - Object: 'Object Repository/Page_- KAIZEN/si_Ingles' is clicked on

2020-02-25 12:09:27 - [MESSAGE][PASSED] - Call Test Case 'Test Cases/Individual_Tests/Seleccionar_Idioma' successfully

2020-02-25 12:09:27 - [TEST_STEP][PASSED] - callTestCase(findTestCase("Individual_Tests/Anadir_Producto_Almacen"), ["Index":Index], STOP_ON_FAILURE): Call Test Case 'Test Cases/Individual_Tests/Anadir_Producto_Almacen' successfully

2020-02-25 12:09:27 - [TEST_CASE][PASSED] - Test Cases/Individual_Tests/Anadir_Producto_Almacen: Test Cases/Individual_Tests/Anadir_Producto_Almacen

2020-02-25 12:09:27 - [TEST_STEP][PASSED] - data = obtener_excels.obtener_producto_almacen.getValuesExcelProductoAlmacen(Index): obtener_excels.obtener_producto_almacen.getValuesExcelProductoAlmacen is PASSED

2020-02-25 12:09:27 - [MESSAGE][PASSED] - obtener_excels.obtener_producto_almacen.getValuesExcelProductoAlmacen is PASSED

2020-02-25 12:09:27 - [TEST_STEP][PASSED] - Producto = data[3]: null

2020-02-25 12:09:27 - [TEST_STEP][PASSED] - CantidadMinima = data[4]: null

2020-02-25 12:09:27 - [TEST_STEP][PASSED] - CantidadMaxima = data[5]: null

2020-02-25 12:09:27 - [TEST_STEP][PASSED] - Almacen = data[6]: null

2020-02-25 12:09:27 - [TEST_STEP][PASSED] - Almacen2 = data[7]: null

2020-02-25 12:09:27 - [TEST_STEP][PASSED] - click(findTestObject("Object Repository/Page_- KAIZEN/mvi_menu_Inventario")): Object: 'Object Repository/Page_- KAIZEN/mvi_menu_Inventario' is clicked on

2020-02-25 12:09:28 - [MESSAGE][PASSED] - Object: 'Object Repository/Page_- KAIZEN/mvi_menu_Inventario' is clicked on

2020-02-25 12:09:28 - [TEST_STEP][PASSED] - click(findTestObject("Object Repository/Page_- KAIZEN/mvi_menu_productos_por_almacen")): Object: 'Object Repository/Page_- KAIZEN/mvi_menu_productos_por_almacen' is clicked on

2020-02-25 12:09:30 - [MESSAGE][PASSED] - Object: 'Object Repository/Page_- KAIZEN/mvi_menu_productos_por_almacen' is clicked on

2020-02-25 12:09:30 - [TEST_STEP][PASSED] - click(findTestObject("Object Repository/Page_Index - KAIZEN/mvi_agregar")): Object: 'Object Repository/Page_Index - KAIZEN/mvi_agregar' is clicked on

2020-02-25 12:09:32 - [MESSAGE][PASSED] - Object: 'Object Repository/Page_Index - KAIZEN/mvi_agregar' is clicked on

2020-02-25 12:09:32 - [TEST_STEP][PASSED] - click(findTestObject("Object Repository/Page_Agregar Productos - KAIZEN/mvi_btn_seleccione")): Object: 'Object Repository/Page_Agregar Productos - KAIZEN/mvi_btn_seleccione' is clicked on

2020-02-25 12:09:33 - [MESSAGE][PASSED] - Object: 'Object Repository/Page_Agregar Productos - KAIZEN/mvi_btn_seleccione' is clicked on

2020-02-25 12:09:33 - [TEST_STEP][PASSED] - setText(findTestObject("Object Repository/Page_Agregar Productos - KAIZEN/mvi_assing_prodcuto"), Producto): Text 'TRENTON5 MPT TO-4 FLUID SAE 30' is set on object 'Object Repository/Page_Agregar Productos - KAIZEN/mvi_assing_prodcuto'

2020-02-25 12:09:34 - [MESSAGE][PASSED] - Text 'TRENTON5 MPT TO-4 FLUID SAE 30' is set on object 'Object Repository/Page_Agregar Productos - KAIZEN/mvi_assing_prodcuto'

2020-02-25 12:09:34 - [TEST_STEP][PASSED] - sendKeys(findTestObject("Object Repository/Page_Agregar Productos - KAIZEN/mvi_assing_prodcuto"), Keys.chord(ENTER)): Keys 'ENTER + ' sent to object: 'Object Repository/Page_Agregar Productos - KAIZEN/mvi_assing_prodcuto'

2020-02-25 12:09:35 - [MESSAGE][PASSED] - Keys 'ENTER + ' sent to object: 'Object Repository/Page_Agregar Productos - KAIZEN/mvi_assing_prodcuto'

2020-02-25 12:09:35 - [TEST_STEP][PASSED] - selectOptionByValue(findTestObject("Object Repository/Page_Agregar Productos - KAIZEN/mvi_assing_almacen"), Almacen, true): All options with value '1' are selected in object 'Object Repository/Page_Agregar Productos - KAIZEN/mvi_assing_almacen'  using regular expression

2020-02-25 12:09:36 - [MESSAGE][PASSED] - All options with value '1' are selected in object 'Object Repository/Page_Agregar Productos - KAIZEN/mvi_assing_almacen'  using regular expression

2020-02-25 12:09:36 - [TEST_STEP][PASSED] - delay(3): Delayed 3 second(s)

2020-02-25 12:09:39 - [MESSAGE][PASSED] - Delayed 3 second(s)

2020-02-25 12:09:39 - [TEST_STEP][PASSED] - modal = executeJavaScript("return document.querySelector('.swal2-popup');", null): Execute JavaScript 'return document.querySelector('.swal2-popup');' successfully

2020-02-25 12:09:39 - [MESSAGE][PASSED] - Execute JavaScript 'return document.querySelector('.swal2-popup');' successfully

2020-02-25 12:09:39 - [TEST_STEP][PASSED] - print(modal): null

2020-02-25 12:09:39 - [TEST_STEP][PASSED] - if (modal == null): Object: 'Object Repository/Page_Agregar Productos - KAIZEN/mvi_Guardar' is clicked on

2020-02-25 12:09:39 - [TEST_STEP][PASSED] - setText(findTestObject("Object Repository/Page_Agregar Productos - KAIZEN/mvi_cantidad_mnima_almacn"), CantidadMinima): Text '71' is set on object 'Object Repository/Page_Agregar Productos - KAIZEN/mvi_cantidad_mnima_almacn'

2020-02-25 12:09:39 - [MESSAGE][PASSED] - Text '71' is set on object 'Object Repository/Page_Agregar Productos - KAIZEN/mvi_cantidad_mnima_almacn'

2020-02-25 12:09:39 - [TEST_STEP][PASSED] - setText(findTestObject("Object Repository/Page_Agregar Productos - KAIZEN/mvi_cantidad_mxima_en_almacn"), CantidadMaxima): Text '15725' is set on object 'Object Repository/Page_Agregar Productos - KAIZEN/mvi_cantidad_mxima_en_almacn'

2020-02-25 12:09:40 - [MESSAGE][PASSED] - Text '15725' is set on object 'Object Repository/Page_Agregar Productos - KAIZEN/mvi_cantidad_mxima_en_almacn'

2020-02-25 12:09:40 - [TEST_STEP][PASSED] - delay(7): Delayed 7 second(s)

2020-02-25 12:09:47 - [MESSAGE][PASSED] - Delayed 7 second(s)

2020-02-25 12:09:47 - [TEST_STEP][PASSED] - click(findTestObject("Object Repository/Page_Agregar Productos - KAIZEN/mvi_button_OK")): Object: 'Object Repository/Page_Agregar Productos - KAIZEN/mvi_button_OK' is clicked on

2020-02-25 12:09:54 - [MESSAGE][PASSED] - Object: 'Object Repository/Page_Agregar Productos - KAIZEN/mvi_button_OK' is clicked on

2020-02-25 12:09:54 - [TEST_STEP][PASSED] - selectOptionByValue(findTestObject("Object Repository/Page_Agregar Productos - KAIZEN/mvi_assing_almacen"), "4", true): All options with value '4' are selected in object 'Object Repository/Page_Agregar Productos - KAIZEN/mvi_assing_almacen'  using regular expression

2020-02-25 12:10:00 - [MESSAGE][PASSED] - All options with value '4' are selected in object 'Object Repository/Page_Agregar Productos - KAIZEN/mvi_assing_almacen'  using regular expression

2020-02-25 12:10:00 - [TEST_STEP][PASSED] - selectOptionByValue(findTestObject("Object Repository/Page_Agregar Productos - KAIZEN/mvi_assing_almacen"), Almacen, true): All options with value '1' are selected in object 'Object Repository/Page_Agregar Productos - KAIZEN/mvi_assing_almacen'  using regular expression

2020-02-25 12:10:06 - [MESSAGE][PASSED] - All options with value '1' are selected in object 'Object Repository/Page_Agregar Productos - KAIZEN/mvi_assing_almacen'  using regular expression

2020-02-25 12:10:06 - [TEST_STEP][PASSED] - click(findTestObject("Object Repository/Page_Agregar Productos - KAIZEN/mvi_Guardar")): Object: 'Object Repository/Page_Agregar Productos - KAIZEN/mvi_Guardar' is clicked on

2020-02-25 12:10:20 - [MESSAGE][PASSED] - Object: 'Object Repository/Page_Agregar Productos - KAIZEN/mvi_Guardar' is clicked on

2020-02-25 12:10:20 - [TEST_STEP][PASSED] - click(findTestObject("Object Repository/Page_- KAIZEN/mvi_menu_Inventario")): Object: 'Object Repository/Page_- KAIZEN/mvi_menu_Inventario' is clicked on

2020-02-25 12:10:25 - [MESSAGE][PASSED] - Object: 'Object Repository/Page_- KAIZEN/mvi_menu_Inventario' is clicked on

2020-02-25 12:10:25 - [TEST_STEP][PASSED] - click(findTestObject("Object Repository/Page_- KAIZEN/mvi_menu_productos_por_almacen")): Object: 'Object Repository/Page_- KAIZEN/mvi_menu_productos_por_almacen' is clicked on

2020-02-25 12:10:40 - [MESSAGE][PASSED] - Object: 'Object Repository/Page_- KAIZEN/mvi_menu_productos_por_almacen' is clicked on

2020-02-25 12:10:40 - [TEST_STEP][PASSED] - click(findTestObject("Object Repository/Page_Index - KAIZEN/mvi_agregar")): Object: 'Object Repository/Page_Index - KAIZEN/mvi_agregar' is clicked on

2020-02-25 12:10:42 - [MESSAGE][PASSED] - Object: 'Object Repository/Page_Index - KAIZEN/mvi_agregar' is clicked on

2020-02-25 12:10:42 - [TEST_STEP][PASSED] - click(findTestObject("Object Repository/Page_Agregar Productos - KAIZEN/mvi_btn_seleccione")): Object: 'Object Repository/Page_Agregar Productos - KAIZEN/mvi_btn_seleccione' is clicked on

2020-02-25 12:10:43 - [MESSAGE][PASSED] - Object: 'Object Repository/Page_Agregar Productos - KAIZEN/mvi_btn_seleccione' is clicked on

2020-02-25 12:10:43 - [TEST_STEP][PASSED] - setText(findTestObject("Object Repository/Page_Agregar Productos - KAIZEN/mvi_assing_prodcuto"), Producto): Text 'TRENTON5 MPT TO-4 FLUID SAE 30' is set on object 'Object Repository/Page_Agregar Productos - KAIZEN/mvi_assing_prodcuto'

2020-02-25 12:10:44 - [MESSAGE][PASSED] - Text 'TRENTON5 MPT TO-4 FLUID SAE 30' is set on object 'Object Repository/Page_Agregar Productos - KAIZEN/mvi_assing_prodcuto'

2020-02-25 12:10:44 - [TEST_STEP][PASSED] - sendKeys(findTestObject("Object Repository/Page_Agregar Productos - KAIZEN/mvi_assing_prodcuto"), Keys.chord(ENTER)): Keys 'ENTER + ' sent to object: 'Object Repository/Page_Agregar Productos - KAIZEN/mvi_assing_prodcuto'

2020-02-25 12:10:45 - [MESSAGE][PASSED] - Keys 'ENTER + ' sent to object: 'Object Repository/Page_Agregar Productos - KAIZEN/mvi_assing_prodcuto'

2020-02-25 12:10:45 - [TEST_STEP][PASSED] - selectOptionByValue(findTestObject("Object Repository/Page_Agregar Productos - KAIZEN/mvi_assing_almacen"), Almacen2, true): All options with value '6' are selected in object 'Object Repository/Page_Agregar Productos - KAIZEN/mvi_assing_almacen'  using regular expression

2020-02-25 12:10:46 - [MESSAGE][PASSED] - All options with value '6' are selected in object 'Object Repository/Page_Agregar Productos - KAIZEN/mvi_assing_almacen'  using regular expression

2020-02-25 12:10:46 - [TEST_STEP][PASSED] - delay(3): Delayed 3 second(s)

2020-02-25 12:10:49 - [MESSAGE][PASSED] - Delayed 3 second(s)

2020-02-25 12:10:49 - [TEST_STEP][PASSED] - modal2 = executeJavaScript("return document.querySelector('.swal2-popup');", null): Execute JavaScript 'return document.querySelector('.swal2-popup');' successfully

2020-02-25 12:10:49 - [MESSAGE][PASSED] - Execute JavaScript 'return document.querySelector('.swal2-popup');' successfully

2020-02-25 12:10:49 - [TEST_STEP][PASSED] - if (modal2 == null): Object: 'Object Repository/Page_Agregar Productos - KAIZEN/mvi_Guardar' is clicked on

2020-02-25 12:10:49 - [TEST_STEP][PASSED] - setText(findTestObject("Object Repository/Page_Agregar Productos - KAIZEN/mvi_cantidad_mnima_almacn"), CantidadMinima): Text '71' is set on object 'Object Repository/Page_Agregar Productos - KAIZEN/mvi_cantidad_mnima_almacn'

2020-02-25 12:10:50 - [MESSAGE][PASSED] - Text '71' is set on object 'Object Repository/Page_Agregar Productos - KAIZEN/mvi_cantidad_mnima_almacn'

2020-02-25 12:10:50 - [TEST_STEP][PASSED] - setText(findTestObject("Object Repository/Page_Agregar Productos - KAIZEN/mvi_cantidad_mxima_en_almacn"), CantidadMaxima): Text '15725' is set on object 'Object Repository/Page_Agregar Productos - KAIZEN/mvi_cantidad_mxima_en_almacn'

2020-02-25 12:10:50 - [MESSAGE][PASSED] - Text '15725' is set on object 'Object Repository/Page_Agregar Productos - KAIZEN/mvi_cantidad_mxima_en_almacn'

2020-02-25 12:10:50 - [TEST_STEP][PASSED] - delay(7): Delayed 7 second(s)

2020-02-25 12:10:57 - [MESSAGE][PASSED] - Delayed 7 second(s)

2020-02-25 12:10:57 - [TEST_STEP][PASSED] - click(findTestObject("Object Repository/Page_Agregar Productos - KAIZEN/mvi_button_OK")): Object: 'Object Repository/Page_Agregar Productos - KAIZEN/mvi_button_OK' is clicked on

2020-02-25 12:10:58 - [MESSAGE][PASSED] - Object: 'Object Repository/Page_Agregar Productos - KAIZEN/mvi_button_OK' is clicked on

2020-02-25 12:10:58 - [TEST_STEP][PASSED] - selectOptionByValue(findTestObject("Object Repository/Page_Agregar Productos - KAIZEN/mvi_assing_almacen"), "4", true): All options with value '4' are selected in object 'Object Repository/Page_Agregar Productos - KAIZEN/mvi_assing_almacen'  using regular expression

2020-02-25 12:10:59 - [MESSAGE][PASSED] - All options with value '4' are selected in object 'Object Repository/Page_Agregar Productos - KAIZEN/mvi_assing_almacen'  using regular expression

2020-02-25 12:10:59 - [TEST_STEP][PASSED] - selectOptionByValue(findTestObject("Object Repository/Page_Agregar Productos - KAIZEN/mvi_assing_almacen"), Almacen2, true): All options with value '6' are selected in object 'Object Repository/Page_Agregar Productos - KAIZEN/mvi_assing_almacen'  using regular expression

2020-02-25 12:11:00 - [MESSAGE][PASSED] - All options with value '6' are selected in object 'Object Repository/Page_Agregar Productos - KAIZEN/mvi_assing_almacen'  using regular expression

2020-02-25 12:11:00 - [TEST_STEP][PASSED] - click(findTestObject("Object Repository/Page_Agregar Productos - KAIZEN/mvi_Guardar")): Object: 'Object Repository/Page_Agregar Productos - KAIZEN/mvi_Guardar' is clicked on

2020-02-25 12:11:03 - [MESSAGE][PASSED] - Object: 'Object Repository/Page_Agregar Productos - KAIZEN/mvi_Guardar' is clicked on

2020-02-25 12:11:03 - [MESSAGE][PASSED] - Call Test Case 'Test Cases/Individual_Tests/Anadir_Producto_Almacen' successfully

2020-02-25 12:11:03 - [TEST_STEP][PASSED] - callTestCase(findTestCase("Individual_Tests/Login"), ["Evento":"ProductoAlmacen", "Index":Index], STOP_ON_FAILURE): Call Test Case 'Test Cases/Individual_Tests/Login' successfully

2020-02-25 12:11:03 - [TEST_CASE][PASSED] - Test Cases/Individual_Tests/Login: Test Cases/Individual_Tests/Login

2020-02-25 12:11:03 - [TEST_STEP][PASSED] - print("Evento Seleccionado: " + Evento + "
"): null

2020-02-25 12:11:03 - [TEST_STEP][PASSED] - openBrowser(Web): Browser is opened with url: 'http://test.kaizendev.net/Login/Accesar?salir=true'

2020-02-25 12:11:03 - [MESSAGE][WARNING] - A browser is already opened. Closing browser and opening a new one

2020-02-25 12:11:04 - [MESSAGE][INFO] - Starting 'Chrome' driver

2020-02-25 12:11:17 - [MESSAGE][PASSED] - Browser is opened with url: 'http://test.kaizendev.net/Login/Accesar?salir=true'

2020-02-25 12:11:17 - [TEST_STEP][PASSED] - maximizeWindow(): Current window maximized

2020-02-25 12:11:18 - [MESSAGE][PASSED] - Current window maximized

2020-02-25 12:11:18 - [TEST_STEP][PASSED] - if (Evento == "Crear20"): null

2020-02-25 12:11:18 - [TEST_STEP][PASSED] - else if (Evento == "Crear40"): null

2020-02-25 12:11:18 - [TEST_STEP][PASSED] - else if (Evento == "Aprobar"): null

2020-02-25 12:11:18 - [TEST_STEP][PASSED] - else if (Evento == "Logistica"): null

2020-02-25 12:11:18 - [TEST_STEP][PASSED] - else if (Evento == "Produccion"): null

2020-02-25 12:11:18 - [TEST_STEP][PASSED] - else if (Evento == "Inventario"): null

2020-02-25 12:11:18 - [TEST_STEP][PASSED] - else if (Evento == "Despacho"): null

2020-02-25 12:11:18 - [TEST_STEP][PASSED] - else if (Evento == "ProductoAlmacen"): Object: 'Object Repository/Page_Iniciar Sesion - KAIZEN/is_btn_ingresar_sistema' is clicked on

2020-02-25 12:11:18 - [TEST_STEP][PASSED] - data7 = obtener_excels.obtener_producto_almacen.getValuesExcelProductoAlmacen(Index): obtener_excels.obtener_producto_almacen.getValuesExcelProductoAlmacen is PASSED

2020-02-25 12:11:18 - [MESSAGE][PASSED] - obtener_excels.obtener_producto_almacen.getValuesExcelProductoAlmacen is PASSED

2020-02-25 12:11:18 - [TEST_STEP][PASSED] - Usuario = data7[1]: null

2020-02-25 12:11:18 - [TEST_STEP][PASSED] - Contrasena = data7[2]: null

2020-02-25 12:11:18 - [TEST_STEP][PASSED] - setText(findTestObject("Page_Iniciar Sesion - KAIZEN/is_input_email"), Usuario): Text 'automated.test@grupokaizen.net' is set on object 'Object Repository/Page_Iniciar Sesion - KAIZEN/is_input_email'

2020-02-25 12:11:19 - [MESSAGE][PASSED] - Text 'automated.test@grupokaizen.net' is set on object 'Object Repository/Page_Iniciar Sesion - KAIZEN/is_input_email'

2020-02-25 12:11:19 - [TEST_STEP][PASSED] - setEncryptedText(findTestObject("Page_Iniciar Sesion - KAIZEN/IS_input_contrasena"), Contrasena): Text ****** has been set on object 'Object Repository/Page_Iniciar Sesion - KAIZEN/IS_input_contrasena'

2020-02-25 12:11:19 - [MESSAGE][PASSED] - Text ****** has been set on object 'Object Repository/Page_Iniciar Sesion - KAIZEN/IS_input_contrasena'

2020-02-25 12:11:19 - [TEST_STEP][PASSED] - click(findTestObject("Page_Iniciar Sesion - KAIZEN/is_btn_ingresar_sistema")): Object: 'Object Repository/Page_Iniciar Sesion - KAIZEN/is_btn_ingresar_sistema' is clicked on

2020-02-25 12:11:21 - [MESSAGE][PASSED] - Object: 'Object Repository/Page_Iniciar Sesion - KAIZEN/is_btn_ingresar_sistema' is clicked on

2020-02-25 12:11:21 - [MESSAGE][PASSED] - Call Test Case 'Test Cases/Individual_Tests/Login' successfully

2020-02-25 12:11:21 - [TEST_STEP][PASSED] - callTestCase(findTestCase("Individual_Tests/Seleccionar_Idioma"), ["Evento":"ProductoAlmacen", "Index":Index], STOP_ON_FAILURE): Call Test Case 'Test Cases/Individual_Tests/Seleccionar_Idioma' successfully

2020-02-25 12:11:21 - [TEST_CASE][PASSED] - Test Cases/Individual_Tests/Seleccionar_Idioma: Test Cases/Individual_Tests/Seleccionar_Idioma

2020-02-25 12:11:21 - [TEST_STEP][PASSED] - Idioma = 0: null

2020-02-25 12:11:21 - [TEST_STEP][PASSED] - if (Evento == "Crear20"): null

2020-02-25 12:11:21 - [TEST_STEP][PASSED] - else if (Evento == "Crear40"): null

2020-02-25 12:11:21 - [TEST_STEP][PASSED] - else if (Evento == "Aprobar"): null

2020-02-25 12:11:21 - [TEST_STEP][PASSED] - else if (Evento == "Logistica"): null

2020-02-25 12:11:21 - [TEST_STEP][PASSED] - else if (Evento == "Produccion"): null

2020-02-25 12:11:21 - [TEST_STEP][PASSED] - else if (Evento == "Inventario"): null

2020-02-25 12:11:21 - [TEST_STEP][PASSED] - else if (Evento == "Despacho"): null

2020-02-25 12:11:21 - [TEST_STEP][PASSED] - else if (Evento == "ProductoAlmacen"): null

2020-02-25 12:11:21 - [TEST_STEP][PASSED] - data8 = obtener_excels.obtener_producto_almacen.getValuesExcelProductoAlmacen(Index): obtener_excels.obtener_producto_almacen.getValuesExcelProductoAlmacen is PASSED

2020-02-25 12:11:21 - [MESSAGE][PASSED] - obtener_excels.obtener_producto_almacen.getValuesExcelProductoAlmacen is PASSED

2020-02-25 12:11:21 - [TEST_STEP][PASSED] - Idioma = data8[0]: null

2020-02-25 12:11:21 - [TEST_STEP][PASSED] - click(findTestObject("Page_- KAIZEN/si_btn_idioma")): Object: 'Object Repository/Page_- KAIZEN/si_btn_idioma' is clicked on

2020-02-25 12:11:22 - [MESSAGE][PASSED] - Object: 'Object Repository/Page_- KAIZEN/si_btn_idioma' is clicked on

2020-02-25 12:11:22 - [TEST_STEP][PASSED] - if (Idioma == "0"): null

2020-02-25 12:11:22 - [TEST_STEP][PASSED] - else: Object: 'Object Repository/Page_- KAIZEN/si_Spanish' is clicked on

2020-02-25 12:11:22 - [TEST_STEP][PASSED] - click(findTestObject("Page_- KAIZEN/si_Spanish")): Object: 'Object Repository/Page_- KAIZEN/si_Spanish' is clicked on

2020-02-25 12:11:23 - [MESSAGE][PASSED] - Object: 'Object Repository/Page_- KAIZEN/si_Spanish' is clicked on

2020-02-25 12:11:23 - [MESSAGE][PASSED] - Call Test Case 'Test Cases/Individual_Tests/Seleccionar_Idioma' successfully

2020-02-25 12:11:23 - [TEST_STEP][PASSED] - callTestCase(findTestCase("Individual_Tests/Anadir_Producto_Almacen"), ["Index":Index], STOP_ON_FAILURE): Call Test Case 'Test Cases/Individual_Tests/Anadir_Producto_Almacen' successfully

2020-02-25 12:11:23 - [TEST_CASE][PASSED] - Test Cases/Individual_Tests/Anadir_Producto_Almacen: Test Cases/Individual_Tests/Anadir_Producto_Almacen

2020-02-25 12:11:23 - [TEST_STEP][PASSED] - data = obtener_excels.obtener_producto_almacen.getValuesExcelProductoAlmacen(Index): obtener_excels.obtener_producto_almacen.getValuesExcelProductoAlmacen is PASSED

2020-02-25 12:11:23 - [MESSAGE][PASSED] - obtener_excels.obtener_producto_almacen.getValuesExcelProductoAlmacen is PASSED

2020-02-25 12:11:23 - [TEST_STEP][PASSED] - Producto = data[3]: null

2020-02-25 12:11:23 - [TEST_STEP][PASSED] - CantidadMinima = data[4]: null

2020-02-25 12:11:23 - [TEST_STEP][PASSED] - CantidadMaxima = data[5]: null

2020-02-25 12:11:23 - [TEST_STEP][PASSED] - Almacen = data[6]: null

2020-02-25 12:11:23 - [TEST_STEP][PASSED] - Almacen2 = data[7]: null

2020-02-25 12:11:23 - [TEST_STEP][PASSED] - click(findTestObject("Object Repository/Page_- KAIZEN/mvi_menu_Inventario")): Object: 'Object Repository/Page_- KAIZEN/mvi_menu_Inventario' is clicked on

2020-02-25 12:11:24 - [MESSAGE][PASSED] - Object: 'Object Repository/Page_- KAIZEN/mvi_menu_Inventario' is clicked on

2020-02-25 12:11:24 - [TEST_STEP][PASSED] - click(findTestObject("Object Repository/Page_- KAIZEN/mvi_menu_productos_por_almacen")): Object: 'Object Repository/Page_- KAIZEN/mvi_menu_productos_por_almacen' is clicked on

2020-02-25 12:11:26 - [MESSAGE][PASSED] - Object: 'Object Repository/Page_- KAIZEN/mvi_menu_productos_por_almacen' is clicked on

2020-02-25 12:11:26 - [TEST_STEP][PASSED] - click(findTestObject("Object Repository/Page_Index - KAIZEN/mvi_agregar")): Object: 'Object Repository/Page_Index - KAIZEN/mvi_agregar' is clicked on

2020-02-25 12:11:28 - [MESSAGE][PASSED] - Object: 'Object Repository/Page_Index - KAIZEN/mvi_agregar' is clicked on

2020-02-25 12:11:28 - [TEST_STEP][PASSED] - click(findTestObject("Object Repository/Page_Agregar Productos - KAIZEN/mvi_btn_seleccione")): Object: 'Object Repository/Page_Agregar Productos - KAIZEN/mvi_btn_seleccione' is clicked on

2020-02-25 12:11:28 - [MESSAGE][PASSED] - Object: 'Object Repository/Page_Agregar Productos - KAIZEN/mvi_btn_seleccione' is clicked on

2020-02-25 12:11:28 - [TEST_STEP][PASSED] - setText(findTestObject("Object Repository/Page_Agregar Productos - KAIZEN/mvi_assing_prodcuto"), Producto): Text 'TRENTON 5 TRENTONITE  SYNTHETIC  BLEND 20W-50' is set on object 'Object Repository/Page_Agregar Productos - KAIZEN/mvi_assing_prodcuto'

2020-02-25 12:11:30 - [MESSAGE][PASSED] - Text 'TRENTON 5 TRENTONITE  SYNTHETIC  BLEND 20W-50' is set on object 'Object Repository/Page_Agregar Productos - KAIZEN/mvi_assing_prodcuto'

2020-02-25 12:11:30 - [TEST_STEP][PASSED] - sendKeys(findTestObject("Object Repository/Page_Agregar Productos - KAIZEN/mvi_assing_prodcuto"), Keys.chord(ENTER)): Keys 'ENTER + ' sent to object: 'Object Repository/Page_Agregar Productos - KAIZEN/mvi_assing_prodcuto'

2020-02-25 12:11:31 - [MESSAGE][PASSED] - Keys 'ENTER + ' sent to object: 'Object Repository/Page_Agregar Productos - KAIZEN/mvi_assing_prodcuto'

2020-02-25 12:11:31 - [TEST_STEP][PASSED] - selectOptionByValue(findTestObject("Object Repository/Page_Agregar Productos - KAIZEN/mvi_assing_almacen"), Almacen, true): All options with value '2' are selected in object 'Object Repository/Page_Agregar Productos - KAIZEN/mvi_assing_almacen'  using regular expression

2020-02-25 12:11:32 - [MESSAGE][PASSED] - All options with value '2' are selected in object 'Object Repository/Page_Agregar Productos - KAIZEN/mvi_assing_almacen'  using regular expression

2020-02-25 12:11:32 - [TEST_STEP][PASSED] - delay(3): Delayed 3 second(s)

2020-02-25 12:11:35 - [MESSAGE][PASSED] - Delayed 3 second(s)

2020-02-25 12:11:35 - [TEST_STEP][PASSED] - modal = executeJavaScript("return document.querySelector('.swal2-popup');", null): Execute JavaScript 'return document.querySelector('.swal2-popup');' successfully

2020-02-25 12:11:35 - [MESSAGE][PASSED] - Execute JavaScript 'return document.querySelector('.swal2-popup');' successfully

2020-02-25 12:11:35 - [TEST_STEP][PASSED] - print(modal): null

2020-02-25 12:11:35 - [TEST_STEP][PASSED] - if (modal == null): Object: 'Object Repository/Page_Agregar Productos - KAIZEN/mvi_Guardar' is clicked on

2020-02-25 12:11:35 - [TEST_STEP][PASSED] - setText(findTestObject("Object Repository/Page_Agregar Productos - KAIZEN/mvi_cantidad_mnima_almacn"), CantidadMinima): Text '5' is set on object 'Object Repository/Page_Agregar Productos - KAIZEN/mvi_cantidad_mnima_almacn'

2020-02-25 12:11:35 - [MESSAGE][PASSED] - Text '5' is set on object 'Object Repository/Page_Agregar Productos - KAIZEN/mvi_cantidad_mnima_almacn'

2020-02-25 12:11:35 - [TEST_STEP][PASSED] - setText(findTestObject("Object Repository/Page_Agregar Productos - KAIZEN/mvi_cantidad_mxima_en_almacn"), CantidadMaxima): Text '51' is set on object 'Object Repository/Page_Agregar Productos - KAIZEN/mvi_cantidad_mxima_en_almacn'

2020-02-25 12:11:36 - [MESSAGE][PASSED] - Text '51' is set on object 'Object Repository/Page_Agregar Productos - KAIZEN/mvi_cantidad_mxima_en_almacn'

2020-02-25 12:11:36 - [TEST_STEP][PASSED] - delay(7): Delayed 7 second(s)

2020-02-25 12:11:43 - [MESSAGE][PASSED] - Delayed 7 second(s)

2020-02-25 12:11:43 - [TEST_STEP][PASSED] - click(findTestObject("Object Repository/Page_Agregar Productos - KAIZEN/mvi_button_OK")): Object: 'Object Repository/Page_Agregar Productos - KAIZEN/mvi_button_OK' is clicked on

2020-02-25 12:11:43 - [MESSAGE][PASSED] - Object: 'Object Repository/Page_Agregar Productos - KAIZEN/mvi_button_OK' is clicked on

2020-02-25 12:11:43 - [TEST_STEP][PASSED] - selectOptionByValue(findTestObject("Object Repository/Page_Agregar Productos - KAIZEN/mvi_assing_almacen"), "4", true): All options with value '4' are selected in object 'Object Repository/Page_Agregar Productos - KAIZEN/mvi_assing_almacen'  using regular expression

2020-02-25 12:11:45 - [MESSAGE][PASSED] - All options with value '4' are selected in object 'Object Repository/Page_Agregar Productos - KAIZEN/mvi_assing_almacen'  using regular expression

2020-02-25 12:11:45 - [TEST_STEP][PASSED] - selectOptionByValue(findTestObject("Object Repository/Page_Agregar Productos - KAIZEN/mvi_assing_almacen"), Almacen, true): All options with value '2' are selected in object 'Object Repository/Page_Agregar Productos - KAIZEN/mvi_assing_almacen'  using regular expression

2020-02-25 12:11:46 - [MESSAGE][PASSED] - All options with value '2' are selected in object 'Object Repository/Page_Agregar Productos - KAIZEN/mvi_assing_almacen'  using regular expression

2020-02-25 12:11:46 - [TEST_STEP][PASSED] - click(findTestObject("Object Repository/Page_Agregar Productos - KAIZEN/mvi_Guardar")): Object: 'Object Repository/Page_Agregar Productos - KAIZEN/mvi_Guardar' is clicked on

2020-02-25 12:11:50 - [MESSAGE][PASSED] - Object: 'Object Repository/Page_Agregar Productos - KAIZEN/mvi_Guardar' is clicked on

2020-02-25 12:11:50 - [TEST_STEP][PASSED] - click(findTestObject("Object Repository/Page_- KAIZEN/mvi_menu_Inventario")): Object: 'Object Repository/Page_- KAIZEN/mvi_menu_Inventario' is clicked on

2020-02-25 12:11:51 - [MESSAGE][PASSED] - Object: 'Object Repository/Page_- KAIZEN/mvi_menu_Inventario' is clicked on

2020-02-25 12:11:51 - [TEST_STEP][PASSED] - click(findTestObject("Object Repository/Page_- KAIZEN/mvi_menu_productos_por_almacen")): Object: 'Object Repository/Page_- KAIZEN/mvi_menu_productos_por_almacen' is clicked on

2020-02-25 12:11:52 - [MESSAGE][PASSED] - Object: 'Object Repository/Page_- KAIZEN/mvi_menu_productos_por_almacen' is clicked on

2020-02-25 12:11:52 - [TEST_STEP][PASSED] - click(findTestObject("Object Repository/Page_Index - KAIZEN/mvi_agregar")): Object: 'Object Repository/Page_Index - KAIZEN/mvi_agregar' is clicked on

2020-02-25 12:11:54 - [MESSAGE][PASSED] - Object: 'Object Repository/Page_Index - KAIZEN/mvi_agregar' is clicked on

2020-02-25 12:11:54 - [TEST_STEP][PASSED] - click(findTestObject("Object Repository/Page_Agregar Productos - KAIZEN/mvi_btn_seleccione")): Object: 'Object Repository/Page_Agregar Productos - KAIZEN/mvi_btn_seleccione' is clicked on

2020-02-25 12:11:55 - [MESSAGE][PASSED] - Object: 'Object Repository/Page_Agregar Productos - KAIZEN/mvi_btn_seleccione' is clicked on

2020-02-25 12:11:55 - [TEST_STEP][PASSED] - setText(findTestObject("Object Repository/Page_Agregar Productos - KAIZEN/mvi_assing_prodcuto"), Producto): Text 'TRENTON 5 TRENTONITE  SYNTHETIC  BLEND 20W-50' is set on object 'Object Repository/Page_Agregar Productos - KAIZEN/mvi_assing_prodcuto'

2020-02-25 12:11:56 - [MESSAGE][PASSED] - Text 'TRENTON 5 TRENTONITE  SYNTHETIC  BLEND 20W-50' is set on object 'Object Repository/Page_Agregar Productos - KAIZEN/mvi_assing_prodcuto'

2020-02-25 12:11:56 - [TEST_STEP][PASSED] - sendKeys(findTestObject("Object Repository/Page_Agregar Productos - KAIZEN/mvi_assing_prodcuto"), Keys.chord(ENTER)): Keys 'ENTER + ' sent to object: 'Object Repository/Page_Agregar Productos - KAIZEN/mvi_assing_prodcuto'

2020-02-25 12:11:57 - [MESSAGE][PASSED] - Keys 'ENTER + ' sent to object: 'Object Repository/Page_Agregar Productos - KAIZEN/mvi_assing_prodcuto'

2020-02-25 12:11:57 - [TEST_STEP][PASSED] - selectOptionByValue(findTestObject("Object Repository/Page_Agregar Productos - KAIZEN/mvi_assing_almacen"), Almacen2, true): All options with value '7' are selected in object 'Object Repository/Page_Agregar Productos - KAIZEN/mvi_assing_almacen'  using regular expression

2020-02-25 12:11:58 - [MESSAGE][PASSED] - All options with value '7' are selected in object 'Object Repository/Page_Agregar Productos - KAIZEN/mvi_assing_almacen'  using regular expression

2020-02-25 12:11:58 - [TEST_STEP][PASSED] - delay(3): Delayed 3 second(s)

2020-02-25 12:12:01 - [MESSAGE][PASSED] - Delayed 3 second(s)

2020-02-25 12:12:01 - [TEST_STEP][PASSED] - modal2 = executeJavaScript("return document.querySelector('.swal2-popup');", null): Execute JavaScript 'return document.querySelector('.swal2-popup');' successfully

2020-02-25 12:12:01 - [MESSAGE][PASSED] - Execute JavaScript 'return document.querySelector('.swal2-popup');' successfully

2020-02-25 12:12:01 - [TEST_STEP][PASSED] - if (modal2 == null): Object: 'Object Repository/Page_Agregar Productos - KAIZEN/mvi_Guardar' is clicked on

2020-02-25 12:12:01 - [TEST_STEP][PASSED] - setText(findTestObject("Object Repository/Page_Agregar Productos - KAIZEN/mvi_cantidad_mnima_almacn"), CantidadMinima): Text '5' is set on object 'Object Repository/Page_Agregar Productos - KAIZEN/mvi_cantidad_mnima_almacn'

2020-02-25 12:12:02 - [MESSAGE][PASSED] - Text '5' is set on object 'Object Repository/Page_Agregar Productos - KAIZEN/mvi_cantidad_mnima_almacn'

2020-02-25 12:12:02 - [TEST_STEP][PASSED] - setText(findTestObject("Object Repository/Page_Agregar Productos - KAIZEN/mvi_cantidad_mxima_en_almacn"), CantidadMaxima): Text '51' is set on object 'Object Repository/Page_Agregar Productos - KAIZEN/mvi_cantidad_mxima_en_almacn'

2020-02-25 12:12:02 - [MESSAGE][PASSED] - Text '51' is set on object 'Object Repository/Page_Agregar Productos - KAIZEN/mvi_cantidad_mxima_en_almacn'

2020-02-25 12:12:02 - [TEST_STEP][PASSED] - delay(7): Delayed 7 second(s)

2020-02-25 12:12:09 - [MESSAGE][PASSED] - Delayed 7 second(s)

2020-02-25 12:12:09 - [TEST_STEP][PASSED] - click(findTestObject("Object Repository/Page_Agregar Productos - KAIZEN/mvi_button_OK")): Object: 'Object Repository/Page_Agregar Productos - KAIZEN/mvi_button_OK' is clicked on

2020-02-25 12:12:16 - [MESSAGE][PASSED] - Object: 'Object Repository/Page_Agregar Productos - KAIZEN/mvi_button_OK' is clicked on

2020-02-25 12:12:16 - [TEST_STEP][PASSED] - selectOptionByValue(findTestObject("Object Repository/Page_Agregar Productos - KAIZEN/mvi_assing_almacen"), "4", true): All options with value '4' are selected in object 'Object Repository/Page_Agregar Productos - KAIZEN/mvi_assing_almacen'  using regular expression

2020-02-25 12:12:18 - [MESSAGE][PASSED] - All options with value '4' are selected in object 'Object Repository/Page_Agregar Productos - KAIZEN/mvi_assing_almacen'  using regular expression

2020-02-25 12:12:18 - [TEST_STEP][PASSED] - selectOptionByValue(findTestObject("Object Repository/Page_Agregar Productos - KAIZEN/mvi_assing_almacen"), Almacen2, true): All options with value '7' are selected in object 'Object Repository/Page_Agregar Productos - KAIZEN/mvi_assing_almacen'  using regular expression

2020-02-25 12:12:19 - [MESSAGE][PASSED] - All options with value '7' are selected in object 'Object Repository/Page_Agregar Productos - KAIZEN/mvi_assing_almacen'  using regular expression

2020-02-25 12:12:19 - [TEST_STEP][PASSED] - click(findTestObject("Object Repository/Page_Agregar Productos - KAIZEN/mvi_Guardar")): Object: 'Object Repository/Page_Agregar Productos - KAIZEN/mvi_Guardar' is clicked on

2020-02-25 12:12:22 - [MESSAGE][PASSED] - Object: 'Object Repository/Page_Agregar Productos - KAIZEN/mvi_Guardar' is clicked on

2020-02-25 12:12:22 - [MESSAGE][PASSED] - Call Test Case 'Test Cases/Individual_Tests/Anadir_Producto_Almacen' successfully

2020-02-25 12:12:22 - [TEST_STEP][PASSED] - callTestCase(findTestCase("Individual_Tests/Login"), ["Evento":"ProductoAlmacen", "Index":Index], STOP_ON_FAILURE): Call Test Case 'Test Cases/Individual_Tests/Login' successfully

2020-02-25 12:12:22 - [TEST_CASE][PASSED] - Test Cases/Individual_Tests/Login: Test Cases/Individual_Tests/Login

2020-02-25 12:12:22 - [TEST_STEP][PASSED] - print("Evento Seleccionado: " + Evento + "
"): null

2020-02-25 12:12:22 - [TEST_STEP][PASSED] - openBrowser(Web): Browser is opened with url: 'http://test.kaizendev.net/Login/Accesar?salir=true'

2020-02-25 12:12:22 - [MESSAGE][WARNING] - A browser is already opened. Closing browser and opening a new one

2020-02-25 12:12:23 - [MESSAGE][INFO] - Starting 'Chrome' driver

2020-02-25 12:12:45 - [MESSAGE][PASSED] - Browser is opened with url: 'http://test.kaizendev.net/Login/Accesar?salir=true'

2020-02-25 12:12:45 - [TEST_STEP][PASSED] - maximizeWindow(): Current window maximized

2020-02-25 12:12:46 - [MESSAGE][PASSED] - Current window maximized

2020-02-25 12:12:46 - [TEST_STEP][PASSED] - if (Evento == "Crear20"): null

2020-02-25 12:12:46 - [TEST_STEP][PASSED] - else if (Evento == "Crear40"): null

2020-02-25 12:12:46 - [TEST_STEP][PASSED] - else if (Evento == "Aprobar"): null

2020-02-25 12:12:46 - [TEST_STEP][PASSED] - else if (Evento == "Logistica"): null

2020-02-25 12:12:46 - [TEST_STEP][PASSED] - else if (Evento == "Produccion"): null

2020-02-25 12:12:46 - [TEST_STEP][PASSED] - else if (Evento == "Inventario"): null

2020-02-25 12:12:46 - [TEST_STEP][PASSED] - else if (Evento == "Despacho"): null

2020-02-25 12:12:46 - [TEST_STEP][PASSED] - else if (Evento == "ProductoAlmacen"): Object: 'Object Repository/Page_Iniciar Sesion - KAIZEN/is_btn_ingresar_sistema' is clicked on

2020-02-25 12:12:46 - [TEST_STEP][PASSED] - data7 = obtener_excels.obtener_producto_almacen.getValuesExcelProductoAlmacen(Index): obtener_excels.obtener_producto_almacen.getValuesExcelProductoAlmacen is PASSED

2020-02-25 12:12:46 - [MESSAGE][PASSED] - obtener_excels.obtener_producto_almacen.getValuesExcelProductoAlmacen is PASSED

2020-02-25 12:12:46 - [TEST_STEP][PASSED] - Usuario = data7[1]: null

2020-02-25 12:12:46 - [TEST_STEP][PASSED] - Contrasena = data7[2]: null

2020-02-25 12:12:46 - [TEST_STEP][PASSED] - setText(findTestObject("Page_Iniciar Sesion - KAIZEN/is_input_email"), Usuario): Text 'automated.test@grupokaizen.net' is set on object 'Object Repository/Page_Iniciar Sesion - KAIZEN/is_input_email'

2020-02-25 12:12:46 - [MESSAGE][PASSED] - Text 'automated.test@grupokaizen.net' is set on object 'Object Repository/Page_Iniciar Sesion - KAIZEN/is_input_email'

2020-02-25 12:12:46 - [TEST_STEP][PASSED] - setEncryptedText(findTestObject("Page_Iniciar Sesion - KAIZEN/IS_input_contrasena"), Contrasena): Text ****** has been set on object 'Object Repository/Page_Iniciar Sesion - KAIZEN/IS_input_contrasena'

2020-02-25 12:12:47 - [MESSAGE][PASSED] - Text ****** has been set on object 'Object Repository/Page_Iniciar Sesion - KAIZEN/IS_input_contrasena'

2020-02-25 12:12:47 - [TEST_STEP][PASSED] - click(findTestObject("Page_Iniciar Sesion - KAIZEN/is_btn_ingresar_sistema")): Object: 'Object Repository/Page_Iniciar Sesion - KAIZEN/is_btn_ingresar_sistema' is clicked on

2020-02-25 12:12:51 - [MESSAGE][PASSED] - Object: 'Object Repository/Page_Iniciar Sesion - KAIZEN/is_btn_ingresar_sistema' is clicked on

2020-02-25 12:12:51 - [MESSAGE][PASSED] - Call Test Case 'Test Cases/Individual_Tests/Login' successfully

2020-02-25 12:12:51 - [TEST_STEP][PASSED] - callTestCase(findTestCase("Individual_Tests/Seleccionar_Idioma"), ["Evento":"ProductoAlmacen", "Index":Index], STOP_ON_FAILURE): Call Test Case 'Test Cases/Individual_Tests/Seleccionar_Idioma' successfully

2020-02-25 12:12:51 - [TEST_CASE][PASSED] - Test Cases/Individual_Tests/Seleccionar_Idioma: Test Cases/Individual_Tests/Seleccionar_Idioma

2020-02-25 12:12:51 - [TEST_STEP][PASSED] - Idioma = 0: null

2020-02-25 12:12:51 - [TEST_STEP][PASSED] - if (Evento == "Crear20"): null

2020-02-25 12:12:51 - [TEST_STEP][PASSED] - else if (Evento == "Crear40"): null

2020-02-25 12:12:51 - [TEST_STEP][PASSED] - else if (Evento == "Aprobar"): null

2020-02-25 12:12:51 - [TEST_STEP][PASSED] - else if (Evento == "Logistica"): null

2020-02-25 12:12:51 - [TEST_STEP][PASSED] - else if (Evento == "Produccion"): null

2020-02-25 12:12:51 - [TEST_STEP][PASSED] - else if (Evento == "Inventario"): null

2020-02-25 12:12:51 - [TEST_STEP][PASSED] - else if (Evento == "Despacho"): null

2020-02-25 12:12:51 - [TEST_STEP][PASSED] - else if (Evento == "ProductoAlmacen"): null

2020-02-25 12:12:51 - [TEST_STEP][PASSED] - data8 = obtener_excels.obtener_producto_almacen.getValuesExcelProductoAlmacen(Index): obtener_excels.obtener_producto_almacen.getValuesExcelProductoAlmacen is PASSED

2020-02-25 12:12:51 - [MESSAGE][PASSED] - obtener_excels.obtener_producto_almacen.getValuesExcelProductoAlmacen is PASSED

2020-02-25 12:12:51 - [TEST_STEP][PASSED] - Idioma = data8[0]: null

2020-02-25 12:12:51 - [TEST_STEP][PASSED] - click(findTestObject("Page_- KAIZEN/si_btn_idioma")): Object: 'Object Repository/Page_- KAIZEN/si_btn_idioma' is clicked on

2020-02-25 12:12:58 - [MESSAGE][PASSED] - Object: 'Object Repository/Page_- KAIZEN/si_btn_idioma' is clicked on

2020-02-25 12:12:58 - [TEST_STEP][PASSED] - if (Idioma == "0"): Object: 'Object Repository/Page_- KAIZEN/si_Ingles' is clicked on

2020-02-25 12:12:58 - [TEST_STEP][PASSED] - click(findTestObject("Page_- KAIZEN/si_Ingles")): Object: 'Object Repository/Page_- KAIZEN/si_Ingles' is clicked on

2020-02-25 12:13:06 - [MESSAGE][PASSED] - Object: 'Object Repository/Page_- KAIZEN/si_Ingles' is clicked on

2020-02-25 12:13:06 - [MESSAGE][PASSED] - Call Test Case 'Test Cases/Individual_Tests/Seleccionar_Idioma' successfully

2020-02-25 12:13:06 - [TEST_STEP][FAILED] - callTestCase(findTestCase("Individual_Tests/Anadir_Producto_Almacen"), ["Index":Index], STOP_ON_FAILURE): Unable to call Test Case 'Test Cases/Individual_Tests/Anadir_Producto_Almacen' (Root cause: com.kms.katalon.core.exception.StepFailedException: Call Test Case 'Test Cases/Individual_Tests/Anadir_Producto_Almacen' failed
	at com.kms.katalon.core.keyword.builtin.CallTestCaseKeyword$_callTestCase_closure1.doCall(CallTestCaseKeyword.groovy:63)
	at com.kms.katalon.core.keyword.builtin.CallTestCaseKeyword$_callTestCase_closure1.call(CallTestCaseKeyword.groovy)
	at com.kms.katalon.core.keyword.internal.KeywordMain.runKeyword(KeywordMain.groovy:68)
	at com.kms.katalon.core.keyword.builtin.CallTestCaseKeyword.callTestCase(CallTestCaseKeyword.groovy:81)
	at com.kms.katalon.core.keyword.builtin.CallTestCaseKeyword.execute(CallTestCaseKeyword.groovy:44)
	at com.kms.katalon.core.keyword.internal.KeywordExecutor.executeKeywordForPlatform(KeywordExecutor.groovy:72)
	at com.kms.katalon.core.keyword.BuiltinKeywords.callTestCase(BuiltinKeywords.groovy:334)
	at TC_Agregar_Producto_Almacen.run(TC_Agregar_Producto_Almacen:30)
	at com.kms.katalon.core.main.ScriptEngine.run(ScriptEngine.java:194)
	at com.kms.katalon.core.main.ScriptEngine.runScriptAsRawText(ScriptEngine.java:119)
	at com.kms.katalon.core.main.TestCaseExecutor.runScript(TestCaseExecutor.java:337)
	at com.kms.katalon.core.main.TestCaseExecutor.doExecute(TestCaseExecutor.java:328)
	at com.kms.katalon.core.main.TestCaseExecutor.processExecutionPhase(TestCaseExecutor.java:307)
	at com.kms.katalon.core.main.TestCaseExecutor.accessMainPhase(TestCaseExecutor.java:299)
	at com.kms.katalon.core.main.TestCaseExecutor.execute(TestCaseExecutor.java:233)
	at com.kms.katalon.core.main.TestSuiteExecutor.accessTestCaseMainPhase(TestSuiteExecutor.java:169)
	at com.kms.katalon.core.main.TestSuiteExecutor.accessTestSuiteMainPhase(TestSuiteExecutor.java:142)
	at com.kms.katalon.core.main.TestSuiteExecutor.execute(TestSuiteExecutor.java:91)
	at com.kms.katalon.core.main.TestCaseMain.startTestSuite(TestCaseMain.java:157)
	at com.kms.katalon.core.main.TestCaseMain$startTestSuite$0.call(Unknown Source)
	at TempTestSuite1582646259293.run(TempTestSuite1582646259293.groovy:36)
Caused by: com.kms.katalon.core.exception.StepFailedException: Unable to click on object 'Object Repository/Page_Index - KAIZEN/mvi_agregar'
	at com.kms.katalon.core.webui.keyword.internal.WebUIKeywordMain.stepFailed(WebUIKeywordMain.groovy:64)
	at com.kms.katalon.core.webui.keyword.internal.WebUIKeywordMain.runKeyword(WebUIKeywordMain.groovy:26)
	at com.kms.katalon.core.webui.keyword.builtin.ClickKeyword.click(ClickKeyword.groovy:102)
	at com.kms.katalon.core.webui.keyword.builtin.ClickKeyword.execute(ClickKeyword.groovy:43)
	at com.kms.katalon.core.keyword.internal.KeywordExecutor.executeKeywordForPlatform(KeywordExecutor.groovy:72)
	at com.kms.katalon.core.webui.keyword.WebUiBuiltInKeywords.click(WebUiBuiltInKeywords.groovy:616)
	at com.kms.katalon.core.webui.keyword.WebUiBuiltInKeywords$click$3.call(Unknown Source)
	at Anadir_Producto_Almacen.run(Anadir_Producto_Almacen:33)
	at com.kms.katalon.core.main.ScriptEngine.run(ScriptEngine.java:194)
	at com.kms.katalon.core.main.ScriptEngine.runScriptAsRawText(ScriptEngine.java:119)
	at com.kms.katalon.core.main.TestCaseExecutor.runScript(TestCaseExecutor.java:337)
	at com.kms.katalon.core.main.TestCaseExecutor.doExecute(TestCaseExecutor.java:328)
	at com.kms.katalon.core.main.TestCaseExecutor.processExecutionPhase(TestCaseExecutor.java:307)
	at com.kms.katalon.core.main.TestCaseExecutor.accessMainPhase(TestCaseExecutor.java:299)
	at com.kms.katalon.core.main.TestCaseExecutor.execute(TestCaseExecutor.java:233)
	at com.kms.katalon.core.main.TestCaseMain.runTestCase(TestCaseMain.java:114)
	at com.kms.katalon.core.keyword.builtin.CallTestCaseKeyword$_callTestCase_closure1.doCall(CallTestCaseKeyword.groovy:59)
	... 20 more
Caused by: com.kms.katalon.core.webui.exception.WebElementNotFoundException: Web element with id: 'Object Repository/Page_Index - KAIZEN/mvi_agregar' located by 'By.xpath: //div[@id='page-wrapper']/div/div/div[2]/a' not found
	at com.kms.katalon.core.webui.common.WebUiCommonHelper.findWebElement(WebUiCommonHelper.java:1154)
	at com.kms.katalon.core.webui.keyword.internal.WebUIAbstractKeyword.findWebElement(WebUIAbstractKeyword.groovy:27)
	at com.kms.katalon.core.webui.keyword.internal.WebUIAbstractKeyword.findWebElement(WebUIAbstractKeyword.groovy:26)
	at com.kms.katalon.core.webui.keyword.builtin.ClickKeyword$_click_closure1.doCall(ClickKeyword.groovy:67)
	at com.kms.katalon.core.webui.keyword.builtin.ClickKeyword$_click_closure1.call(ClickKeyword.groovy)
	at com.kms.katalon.core.webui.keyword.internal.WebUIKeywordMain.runKeyword(WebUIKeywordMain.groovy:20)
	... 35 more
)

2020-02-25 12:13:06 - [TEST_CASE][FAILED] - Test Cases/Individual_Tests/Anadir_Producto_Almacen: Test Cases/Individual_Tests/Anadir_Producto_Almacen FAILED.
Reason:
com.kms.katalon.core.exception.StepFailedException: Unable to click on object 'Object Repository/Page_Index - KAIZEN/mvi_agregar'
	at com.kms.katalon.core.webui.keyword.internal.WebUIKeywordMain.stepFailed(WebUIKeywordMain.groovy:64)
	at com.kms.katalon.core.webui.keyword.internal.WebUIKeywordMain.runKeyword(WebUIKeywordMain.groovy:26)
	at com.kms.katalon.core.webui.keyword.builtin.ClickKeyword.click(ClickKeyword.groovy:102)
	at com.kms.katalon.core.webui.keyword.builtin.ClickKeyword.execute(ClickKeyword.groovy:43)
	at com.kms.katalon.core.keyword.internal.KeywordExecutor.executeKeywordForPlatform(KeywordExecutor.groovy:72)
	at com.kms.katalon.core.webui.keyword.WebUiBuiltInKeywords.click(WebUiBuiltInKeywords.groovy:616)
	at com.kms.katalon.core.webui.keyword.WebUiBuiltInKeywords$click$3.call(Unknown Source)
	at Anadir_Producto_Almacen.run(Anadir_Producto_Almacen:33)
	at com.kms.katalon.core.main.ScriptEngine.run(ScriptEngine.java:194)
	at com.kms.katalon.core.main.ScriptEngine.runScriptAsRawText(ScriptEngine.java:119)
	at com.kms.katalon.core.main.TestCaseExecutor.runScript(TestCaseExecutor.java:337)
	at com.kms.katalon.core.main.TestCaseExecutor.doExecute(TestCaseExecutor.java:328)
	at com.kms.katalon.core.main.TestCaseExecutor.processExecutionPhase(TestCaseExecutor.java:307)
	at com.kms.katalon.core.main.TestCaseExecutor.accessMainPhase(TestCaseExecutor.java:299)
	at com.kms.katalon.core.main.TestCaseExecutor.execute(TestCaseExecutor.java:233)
	at com.kms.katalon.core.main.TestCaseMain.runTestCase(TestCaseMain.java:114)
	at com.kms.katalon.core.keyword.builtin.CallTestCaseKeyword$_callTestCase_closure1.doCall(CallTestCaseKeyword.groovy:59)
	at com.kms.katalon.core.keyword.builtin.CallTestCaseKeyword$_callTestCase_closure1.call(CallTestCaseKeyword.groovy)
	at com.kms.katalon.core.keyword.internal.KeywordMain.runKeyword(KeywordMain.groovy:68)
	at com.kms.katalon.core.keyword.builtin.CallTestCaseKeyword.callTestCase(CallTestCaseKeyword.groovy:81)
	at com.kms.katalon.core.keyword.builtin.CallTestCaseKeyword.execute(CallTestCaseKeyword.groovy:44)
	at com.kms.katalon.core.keyword.internal.KeywordExecutor.executeKeywordForPlatform(KeywordExecutor.groovy:72)
	at com.kms.katalon.core.keyword.BuiltinKeywords.callTestCase(BuiltinKeywords.groovy:334)
	at TC_Agregar_Producto_Almacen.run(TC_Agregar_Producto_Almacen:30)
	at com.kms.katalon.core.main.ScriptEngine.run(ScriptEngine.java:194)
	at com.kms.katalon.core.main.ScriptEngine.runScriptAsRawText(ScriptEngine.java:119)
	at com.kms.katalon.core.main.TestCaseExecutor.runScript(TestCaseExecutor.java:337)
	at com.kms.katalon.core.main.TestCaseExecutor.doExecute(TestCaseExecutor.java:328)
	at com.kms.katalon.core.main.TestCaseExecutor.processExecutionPhase(TestCaseExecutor.java:307)
	at com.kms.katalon.core.main.TestCaseExecutor.accessMainPhase(TestCaseExecutor.java:299)
	at com.kms.katalon.core.main.TestCaseExecutor.execute(TestCaseExecutor.java:233)
	at com.kms.katalon.core.main.TestSuiteExecutor.accessTestCaseMainPhase(TestSuiteExecutor.java:169)
	at com.kms.katalon.core.main.TestSuiteExecutor.accessTestSuiteMainPhase(TestSuiteExecutor.java:142)
	at com.kms.katalon.core.main.TestSuiteExecutor.execute(TestSuiteExecutor.java:91)
	at com.kms.katalon.core.main.TestCaseMain.startTestSuite(TestCaseMain.java:157)
	at com.kms.katalon.core.main.TestCaseMain$startTestSuite$0.call(Unknown Source)
	at TempTestSuite1582646259293.run(TempTestSuite1582646259293.groovy:36)
Caused by: com.kms.katalon.core.webui.exception.WebElementNotFoundException: Web element with id: 'Object Repository/Page_Index - KAIZEN/mvi_agregar' located by 'By.xpath: //div[@id='page-wrapper']/div/div/div[2]/a' not found
	at com.kms.katalon.core.webui.common.WebUiCommonHelper.findWebElement(WebUiCommonHelper.java:1154)
	at com.kms.katalon.core.webui.keyword.internal.WebUIAbstractKeyword.findWebElement(WebUIAbstractKeyword.groovy:27)
	at com.kms.katalon.core.webui.keyword.internal.WebUIAbstractKeyword.findWebElement(WebUIAbstractKeyword.groovy:26)
	at com.kms.katalon.core.webui.keyword.builtin.ClickKeyword$_click_closure1.doCall(ClickKeyword.groovy:67)
	at com.kms.katalon.core.webui.keyword.builtin.ClickKeyword$_click_closure1.call(ClickKeyword.groovy)
	at com.kms.katalon.core.webui.keyword.internal.WebUIKeywordMain.runKeyword(WebUIKeywordMain.groovy:20)
	... 35 more


2020-02-25 12:13:06 - [TEST_STEP][PASSED] - data = obtener_excels.obtener_producto_almacen.getValuesExcelProductoAlmacen(Index): obtener_excels.obtener_producto_almacen.getValuesExcelProductoAlmacen is PASSED

2020-02-25 12:13:06 - [MESSAGE][PASSED] - obtener_excels.obtener_producto_almacen.getValuesExcelProductoAlmacen is PASSED

2020-02-25 12:13:06 - [TEST_STEP][PASSED] - Producto = data[3]: null

2020-02-25 12:13:06 - [TEST_STEP][PASSED] - CantidadMinima = data[4]: null

2020-02-25 12:13:06 - [TEST_STEP][PASSED] - CantidadMaxima = data[5]: null

2020-02-25 12:13:06 - [TEST_STEP][PASSED] - Almacen = data[6]: null

2020-02-25 12:13:06 - [TEST_STEP][PASSED] - Almacen2 = data[7]: null

2020-02-25 12:13:06 - [TEST_STEP][PASSED] - click(findTestObject("Object Repository/Page_- KAIZEN/mvi_menu_Inventario")): Object: 'Object Repository/Page_- KAIZEN/mvi_menu_Inventario' is clicked on

2020-02-25 12:13:13 - [MESSAGE][PASSED] - Object: 'Object Repository/Page_- KAIZEN/mvi_menu_Inventario' is clicked on

2020-02-25 12:13:13 - [TEST_STEP][PASSED] - click(findTestObject("Object Repository/Page_- KAIZEN/mvi_menu_productos_por_almacen")): Object: 'Object Repository/Page_- KAIZEN/mvi_menu_productos_por_almacen' is clicked on

2020-02-25 12:13:15 - [MESSAGE][ERROR] - javascript error: Failed to execute 'elementsFromPoint' on 'Document': The provided double value is non-finite.
  (Session info: chrome=80.0.3987.122)
Build info: version: '3.141.59', revision: 'e82be7d358', time: '2018-11-14T08:25:53'
System info: host: 'LAPTOP-K43U1BVQ', ip: '192.168.99.1', os.name: 'Windows 10', os.arch: 'amd64', os.version: '10.0', java.version: '1.8.0_181'
Driver info: com.kms.katalon.selenium.driver.CChromeDriver
Capabilities {acceptInsecureCerts: false, browserName: chrome, browserVersion: 80.0.3987.122, chrome: {chromedriverVersion: 79.0.3945.36 (3582db32b3389..., userDataDir: C:\Users\kaizen\AppData\Loc...}, goog:chromeOptions: {debuggerAddress: localhost:2660}, javascriptEnabled: true, networkConnectionEnabled: false, pageLoadStrategy: normal, platform: WINDOWS, platformName: WINDOWS, proxy: Proxy(), setWindowRect: true, strictFileInteractability: false, timeouts: {implicit: 0, pageLoad: 300000, script: 30000}, unhandledPromptBehavior: dismiss and notify}
Session ID: 6893f4249d31530976f4a0dd2c988c58

2020-02-25 12:13:45 - [MESSAGE][ERROR] - javascript error: Failed to execute 'elementsFromPoint' on 'Document': The provided double value is non-finite.
  (Session info: chrome=80.0.3987.122)
Build info: version: '3.141.59', revision: 'e82be7d358', time: '2018-11-14T08:25:53'
System info: host: 'LAPTOP-K43U1BVQ', ip: '192.168.99.1', os.name: 'Windows 10', os.arch: 'amd64', os.version: '10.0', java.version: '1.8.0_181'
Driver info: com.kms.katalon.selenium.driver.CChromeDriver
Capabilities {acceptInsecureCerts: false, browserName: chrome, browserVersion: 80.0.3987.122, chrome: {chromedriverVersion: 79.0.3945.36 (3582db32b3389..., userDataDir: C:\Users\kaizen\AppData\Loc...}, goog:chromeOptions: {debuggerAddress: localhost:2660}, javascriptEnabled: true, networkConnectionEnabled: false, pageLoadStrategy: normal, platform: WINDOWS, platformName: WINDOWS, proxy: Proxy(), setWindowRect: true, strictFileInteractability: false, timeouts: {implicit: 0, pageLoad: 300000, script: 30000}, unhandledPromptBehavior: dismiss and notify}
Session ID: 6893f4249d31530976f4a0dd2c988c58

2020-02-25 12:13:45 - [MESSAGE][PASSED] - Object: 'Object Repository/Page_- KAIZEN/mvi_menu_productos_por_almacen' is clicked on

2020-02-25 12:13:45 - [TEST_STEP][FAILED] - click(findTestObject("Object Repository/Page_Index - KAIZEN/mvi_agregar")): Unable to click on object 'Object Repository/Page_Index - KAIZEN/mvi_agregar' (Root cause: com.kms.katalon.core.exception.StepFailedException: Unable to click on object 'Object Repository/Page_Index - KAIZEN/mvi_agregar'
	at com.kms.katalon.core.webui.keyword.internal.WebUIKeywordMain.stepFailed(WebUIKeywordMain.groovy:64)
	at com.kms.katalon.core.webui.keyword.internal.WebUIKeywordMain.runKeyword(WebUIKeywordMain.groovy:26)
	at com.kms.katalon.core.webui.keyword.builtin.ClickKeyword.click(ClickKeyword.groovy:102)
	at com.kms.katalon.core.webui.keyword.builtin.ClickKeyword.execute(ClickKeyword.groovy:43)
	at com.kms.katalon.core.keyword.internal.KeywordExecutor.executeKeywordForPlatform(KeywordExecutor.groovy:72)
	at com.kms.katalon.core.webui.keyword.WebUiBuiltInKeywords.click(WebUiBuiltInKeywords.groovy:616)
	at com.kms.katalon.core.webui.keyword.WebUiBuiltInKeywords$click$3.call(Unknown Source)
	at Anadir_Producto_Almacen.run(Anadir_Producto_Almacen:33)
	at com.kms.katalon.core.main.ScriptEngine.run(ScriptEngine.java:194)
	at com.kms.katalon.core.main.ScriptEngine.runScriptAsRawText(ScriptEngine.java:119)
	at com.kms.katalon.core.main.TestCaseExecutor.runScript(TestCaseExecutor.java:337)
	at com.kms.katalon.core.main.TestCaseExecutor.doExecute(TestCaseExecutor.java:328)
	at com.kms.katalon.core.main.TestCaseExecutor.processExecutionPhase(TestCaseExecutor.java:307)
	at com.kms.katalon.core.main.TestCaseExecutor.accessMainPhase(TestCaseExecutor.java:299)
	at com.kms.katalon.core.main.TestCaseExecutor.execute(TestCaseExecutor.java:233)
	at com.kms.katalon.core.main.TestCaseMain.runTestCase(TestCaseMain.java:114)
	at com.kms.katalon.core.keyword.builtin.CallTestCaseKeyword$_callTestCase_closure1.doCall(CallTestCaseKeyword.groovy:59)
	at com.kms.katalon.core.keyword.builtin.CallTestCaseKeyword$_callTestCase_closure1.call(CallTestCaseKeyword.groovy)
	at com.kms.katalon.core.keyword.internal.KeywordMain.runKeyword(KeywordMain.groovy:68)
	at com.kms.katalon.core.keyword.builtin.CallTestCaseKeyword.callTestCase(CallTestCaseKeyword.groovy:81)
	at com.kms.katalon.core.keyword.builtin.CallTestCaseKeyword.execute(CallTestCaseKeyword.groovy:44)
	at com.kms.katalon.core.keyword.internal.KeywordExecutor.executeKeywordForPlatform(KeywordExecutor.groovy:72)
	at com.kms.katalon.core.keyword.BuiltinKeywords.callTestCase(BuiltinKeywords.groovy:334)
	at TC_Agregar_Producto_Almacen.run(TC_Agregar_Producto_Almacen:30)
	at com.kms.katalon.core.main.ScriptEngine.run(ScriptEngine.java:194)
	at com.kms.katalon.core.main.ScriptEngine.runScriptAsRawText(ScriptEngine.java:119)
	at com.kms.katalon.core.main.TestCaseExecutor.runScript(TestCaseExecutor.java:337)
	at com.kms.katalon.core.main.TestCaseExecutor.doExecute(TestCaseExecutor.java:328)
	at com.kms.katalon.core.main.TestCaseExecutor.processExecutionPhase(TestCaseExecutor.java:307)
	at com.kms.katalon.core.main.TestCaseExecutor.accessMainPhase(TestCaseExecutor.java:299)
	at com.kms.katalon.core.main.TestCaseExecutor.execute(TestCaseExecutor.java:233)
	at com.kms.katalon.core.main.TestSuiteExecutor.accessTestCaseMainPhase(TestSuiteExecutor.java:169)
	at com.kms.katalon.core.main.TestSuiteExecutor.accessTestSuiteMainPhase(TestSuiteExecutor.java:142)
	at com.kms.katalon.core.main.TestSuiteExecutor.execute(TestSuiteExecutor.java:91)
	at com.kms.katalon.core.main.TestCaseMain.startTestSuite(TestCaseMain.java:157)
	at com.kms.katalon.core.main.TestCaseMain$startTestSuite$0.call(Unknown Source)
	at TempTestSuite1582646259293.run(TempTestSuite1582646259293.groovy:36)
Caused by: com.kms.katalon.core.webui.exception.WebElementNotFoundException: Web element with id: 'Object Repository/Page_Index - KAIZEN/mvi_agregar' located by 'By.xpath: //div[@id='page-wrapper']/div/div/div[2]/a' not found
	at com.kms.katalon.core.webui.common.WebUiCommonHelper.findWebElement(WebUiCommonHelper.java:1154)
	at com.kms.katalon.core.webui.keyword.internal.WebUIAbstractKeyword.findWebElement(WebUIAbstractKeyword.groovy:27)
	at com.kms.katalon.core.webui.keyword.internal.WebUIAbstractKeyword.findWebElement(WebUIAbstractKeyword.groovy:26)
	at com.kms.katalon.core.webui.keyword.builtin.ClickKeyword$_click_closure1.doCall(ClickKeyword.groovy:67)
	at com.kms.katalon.core.webui.keyword.builtin.ClickKeyword$_click_closure1.call(ClickKeyword.groovy)
	at com.kms.katalon.core.webui.keyword.internal.WebUIKeywordMain.runKeyword(WebUIKeywordMain.groovy:20)
	at com.kms.katalon.core.webui.keyword.builtin.ClickKeyword.click(ClickKeyword.groovy:102)
	at com.kms.katalon.core.webui.keyword.builtin.ClickKeyword.execute(ClickKeyword.groovy:43)
	at com.kms.katalon.core.keyword.internal.KeywordExecutor.executeKeywordForPlatform(KeywordExecutor.groovy:72)
	at com.kms.katalon.core.webui.keyword.WebUiBuiltInKeywords.click(WebUiBuiltInKeywords.groovy:616)
	at com.kms.katalon.core.webui.keyword.WebUiBuiltInKeywords$click$3.call(Unknown Source)
	at Script1582302053451.run(Script1582302053451.groovy:33)
	at com.kms.katalon.core.main.ScriptEngine.run(ScriptEngine.java:194)
	at com.kms.katalon.core.main.ScriptEngine.runScriptAsRawText(ScriptEngine.java:119)
	at com.kms.katalon.core.main.TestCaseExecutor.runScript(TestCaseExecutor.java:337)
	at com.kms.katalon.core.main.TestCaseExecutor.doExecute(TestCaseExecutor.java:328)
	at com.kms.katalon.core.main.TestCaseExecutor.processExecutionPhase(TestCaseExecutor.java:307)
	at com.kms.katalon.core.main.TestCaseExecutor.accessMainPhase(TestCaseExecutor.java:299)
	at com.kms.katalon.core.main.TestCaseExecutor.execute(TestCaseExecutor.java:233)
	at com.kms.katalon.core.main.TestCaseMain.runTestCase(TestCaseMain.java:114)
	at com.kms.katalon.core.keyword.builtin.CallTestCaseKeyword$_callTestCase_closure1.doCall(CallTestCaseKeyword.groovy:59)
	at com.kms.katalon.core.keyword.builtin.CallTestCaseKeyword$_callTestCase_closure1.call(CallTestCaseKeyword.groovy)
	at com.kms.katalon.core.keyword.internal.KeywordMain.runKeyword(KeywordMain.groovy:68)
	at com.kms.katalon.core.keyword.builtin.CallTestCaseKeyword.callTestCase(CallTestCaseKeyword.groovy:81)
	at com.kms.katalon.core.keyword.builtin.CallTestCaseKeyword.execute(CallTestCaseKeyword.groovy:44)
	at com.kms.katalon.core.keyword.internal.KeywordExecutor.executeKeywordForPlatform(KeywordExecutor.groovy:72)
	at com.kms.katalon.core.keyword.BuiltinKeywords.callTestCase(BuiltinKeywords.groovy:334)
	at Script1582301841574.run(Script1582301841574.groovy:30)
	... 13 more
)

2020-02-25 12:14:25 - [MESSAGE][INFO] - Unable to find the element located by 'By.xpath: //div[@id='page-wrapper']/div/div/div[2]/a'. Please recheck the objects properties to make sure the desired element is located. 

2020-02-25 12:14:26 - [MESSAGE][FAILED] - Unable to click on object 'Object Repository/Page_Index - KAIZEN/mvi_agregar' (Root cause: com.kms.katalon.core.exception.StepFailedException: Unable to click on object 'Object Repository/Page_Index - KAIZEN/mvi_agregar'
	at com.kms.katalon.core.webui.keyword.internal.WebUIKeywordMain.stepFailed(WebUIKeywordMain.groovy:64)
	at com.kms.katalon.core.webui.keyword.internal.WebUIKeywordMain.runKeyword(WebUIKeywordMain.groovy:26)
	at com.kms.katalon.core.webui.keyword.builtin.ClickKeyword.click(ClickKeyword.groovy:102)
	at com.kms.katalon.core.webui.keyword.builtin.ClickKeyword.execute(ClickKeyword.groovy:43)
	at com.kms.katalon.core.keyword.internal.KeywordExecutor.executeKeywordForPlatform(KeywordExecutor.groovy:72)
	at com.kms.katalon.core.webui.keyword.WebUiBuiltInKeywords.click(WebUiBuiltInKeywords.groovy:616)
	at com.kms.katalon.core.webui.keyword.WebUiBuiltInKeywords$click$3.call(Unknown Source)
	at Anadir_Producto_Almacen.run(Anadir_Producto_Almacen:33)
	at com.kms.katalon.core.main.ScriptEngine.run(ScriptEngine.java:194)
	at com.kms.katalon.core.main.ScriptEngine.runScriptAsRawText(ScriptEngine.java:119)
	at com.kms.katalon.core.main.TestCaseExecutor.runScript(TestCaseExecutor.java:337)
	at com.kms.katalon.core.main.TestCaseExecutor.doExecute(TestCaseExecutor.java:328)
	at com.kms.katalon.core.main.TestCaseExecutor.processExecutionPhase(TestCaseExecutor.java:307)
	at com.kms.katalon.core.main.TestCaseExecutor.accessMainPhase(TestCaseExecutor.java:299)
	at com.kms.katalon.core.main.TestCaseExecutor.execute(TestCaseExecutor.java:233)
	at com.kms.katalon.core.main.TestCaseMain.runTestCase(TestCaseMain.java:114)
	at com.kms.katalon.core.keyword.builtin.CallTestCaseKeyword$_callTestCase_closure1.doCall(CallTestCaseKeyword.groovy:59)
	at com.kms.katalon.core.keyword.builtin.CallTestCaseKeyword$_callTestCase_closure1.call(CallTestCaseKeyword.groovy)
	at com.kms.katalon.core.keyword.internal.KeywordMain.runKeyword(KeywordMain.groovy:68)
	at com.kms.katalon.core.keyword.builtin.CallTestCaseKeyword.callTestCase(CallTestCaseKeyword.groovy:81)
	at com.kms.katalon.core.keyword.builtin.CallTestCaseKeyword.execute(CallTestCaseKeyword.groovy:44)
	at com.kms.katalon.core.keyword.internal.KeywordExecutor.executeKeywordForPlatform(KeywordExecutor.groovy:72)
	at com.kms.katalon.core.keyword.BuiltinKeywords.callTestCase(BuiltinKeywords.groovy:334)
	at TC_Agregar_Producto_Almacen.run(TC_Agregar_Producto_Almacen:30)
	at com.kms.katalon.core.main.ScriptEngine.run(ScriptEngine.java:194)
	at com.kms.katalon.core.main.ScriptEngine.runScriptAsRawText(ScriptEngine.java:119)
	at com.kms.katalon.core.main.TestCaseExecutor.runScript(TestCaseExecutor.java:337)
	at com.kms.katalon.core.main.TestCaseExecutor.doExecute(TestCaseExecutor.java:328)
	at com.kms.katalon.core.main.TestCaseExecutor.processExecutionPhase(TestCaseExecutor.java:307)
	at com.kms.katalon.core.main.TestCaseExecutor.accessMainPhase(TestCaseExecutor.java:299)
	at com.kms.katalon.core.main.TestCaseExecutor.execute(TestCaseExecutor.java:233)
	at com.kms.katalon.core.main.TestSuiteExecutor.accessTestCaseMainPhase(TestSuiteExecutor.java:169)
	at com.kms.katalon.core.main.TestSuiteExecutor.accessTestSuiteMainPhase(TestSuiteExecutor.java:142)
	at com.kms.katalon.core.main.TestSuiteExecutor.execute(TestSuiteExecutor.java:91)
	at com.kms.katalon.core.main.TestCaseMain.startTestSuite(TestCaseMain.java:157)
	at com.kms.katalon.core.main.TestCaseMain$startTestSuite$0.call(Unknown Source)
	at TempTestSuite1582646259293.run(TempTestSuite1582646259293.groovy:36)
Caused by: com.kms.katalon.core.webui.exception.WebElementNotFoundException: Web element with id: 'Object Repository/Page_Index - KAIZEN/mvi_agregar' located by 'By.xpath: //div[@id='page-wrapper']/div/div/div[2]/a' not found
	at com.kms.katalon.core.webui.common.WebUiCommonHelper.findWebElement(WebUiCommonHelper.java:1154)
	at com.kms.katalon.core.webui.keyword.internal.WebUIAbstractKeyword.findWebElement(WebUIAbstractKeyword.groovy:27)
	at com.kms.katalon.core.webui.keyword.internal.WebUIAbstractKeyword.findWebElement(WebUIAbstractKeyword.groovy:26)
	at com.kms.katalon.core.webui.keyword.builtin.ClickKeyword$_click_closure1.doCall(ClickKeyword.groovy:67)
	at com.kms.katalon.core.webui.keyword.builtin.ClickKeyword$_click_closure1.call(ClickKeyword.groovy)
	at com.kms.katalon.core.webui.keyword.internal.WebUIKeywordMain.runKeyword(WebUIKeywordMain.groovy:20)
	at com.kms.katalon.core.webui.keyword.builtin.ClickKeyword.click(ClickKeyword.groovy:102)
	at com.kms.katalon.core.webui.keyword.builtin.ClickKeyword.execute(ClickKeyword.groovy:43)
	at com.kms.katalon.core.keyword.internal.KeywordExecutor.executeKeywordForPlatform(KeywordExecutor.groovy:72)
	at com.kms.katalon.core.webui.keyword.WebUiBuiltInKeywords.click(WebUiBuiltInKeywords.groovy:616)
	at com.kms.katalon.core.webui.keyword.WebUiBuiltInKeywords$click$3.call(Unknown Source)
	at Script1582302053451.run(Script1582302053451.groovy:33)
	at com.kms.katalon.core.main.ScriptEngine.run(ScriptEngine.java:194)
	at com.kms.katalon.core.main.ScriptEngine.runScriptAsRawText(ScriptEngine.java:119)
	at com.kms.katalon.core.main.TestCaseExecutor.runScript(TestCaseExecutor.java:337)
	at com.kms.katalon.core.main.TestCaseExecutor.doExecute(TestCaseExecutor.java:328)
	at com.kms.katalon.core.main.TestCaseExecutor.processExecutionPhase(TestCaseExecutor.java:307)
	at com.kms.katalon.core.main.TestCaseExecutor.accessMainPhase(TestCaseExecutor.java:299)
	at com.kms.katalon.core.main.TestCaseExecutor.execute(TestCaseExecutor.java:233)
	at com.kms.katalon.core.main.TestCaseMain.runTestCase(TestCaseMain.java:114)
	at com.kms.katalon.core.keyword.builtin.CallTestCaseKeyword$_callTestCase_closure1.doCall(CallTestCaseKeyword.groovy:59)
	at com.kms.katalon.core.keyword.builtin.CallTestCaseKeyword$_callTestCase_closure1.call(CallTestCaseKeyword.groovy)
	at com.kms.katalon.core.keyword.internal.KeywordMain.runKeyword(KeywordMain.groovy:68)
	at com.kms.katalon.core.keyword.builtin.CallTestCaseKeyword.callTestCase(CallTestCaseKeyword.groovy:81)
	at com.kms.katalon.core.keyword.builtin.CallTestCaseKeyword.execute(CallTestCaseKeyword.groovy:44)
	at com.kms.katalon.core.keyword.internal.KeywordExecutor.executeKeywordForPlatform(KeywordExecutor.groovy:72)
	at com.kms.katalon.core.keyword.BuiltinKeywords.callTestCase(BuiltinKeywords.groovy:334)
	at Script1582301841574.run(Script1582301841574.groovy:30)
	... 13 more
)
[[ATTACHMENT|C:\\Users\\kaizen\\git\\AutomatizacionKatalon\\Reports\\20200225_115734\\Funcionalidades_Pedidos\\Flujo Completo Mov Inventario\\20200225_115734\\1582647265744.png]]

2020-02-25 12:14:26 - [MESSAGE][FAILED] - Unable to call Test Case 'Test Cases/Individual_Tests/Anadir_Producto_Almacen' (Root cause: com.kms.katalon.core.exception.StepFailedException: Call Test Case 'Test Cases/Individual_Tests/Anadir_Producto_Almacen' failed
	at com.kms.katalon.core.keyword.builtin.CallTestCaseKeyword$_callTestCase_closure1.doCall(CallTestCaseKeyword.groovy:63)
	at com.kms.katalon.core.keyword.builtin.CallTestCaseKeyword$_callTestCase_closure1.call(CallTestCaseKeyword.groovy)
	at com.kms.katalon.core.keyword.internal.KeywordMain.runKeyword(KeywordMain.groovy:68)
	at com.kms.katalon.core.keyword.builtin.CallTestCaseKeyword.callTestCase(CallTestCaseKeyword.groovy:81)
	at com.kms.katalon.core.keyword.builtin.CallTestCaseKeyword.execute(CallTestCaseKeyword.groovy:44)
	at com.kms.katalon.core.keyword.internal.KeywordExecutor.executeKeywordForPlatform(KeywordExecutor.groovy:72)
	at com.kms.katalon.core.keyword.BuiltinKeywords.callTestCase(BuiltinKeywords.groovy:334)
	at TC_Agregar_Producto_Almacen.run(TC_Agregar_Producto_Almacen:30)
	at com.kms.katalon.core.main.ScriptEngine.run(ScriptEngine.java:194)
	at com.kms.katalon.core.main.ScriptEngine.runScriptAsRawText(ScriptEngine.java:119)
	at com.kms.katalon.core.main.TestCaseExecutor.runScript(TestCaseExecutor.java:337)
	at com.kms.katalon.core.main.TestCaseExecutor.doExecute(TestCaseExecutor.java:328)
	at com.kms.katalon.core.main.TestCaseExecutor.processExecutionPhase(TestCaseExecutor.java:307)
	at com.kms.katalon.core.main.TestCaseExecutor.accessMainPhase(TestCaseExecutor.java:299)
	at com.kms.katalon.core.main.TestCaseExecutor.execute(TestCaseExecutor.java:233)
	at com.kms.katalon.core.main.TestSuiteExecutor.accessTestCaseMainPhase(TestSuiteExecutor.java:169)
	at com.kms.katalon.core.main.TestSuiteExecutor.accessTestSuiteMainPhase(TestSuiteExecutor.java:142)
	at com.kms.katalon.core.main.TestSuiteExecutor.execute(TestSuiteExecutor.java:91)
	at com.kms.katalon.core.main.TestCaseMain.startTestSuite(TestCaseMain.java:157)
	at com.kms.katalon.core.main.TestCaseMain$startTestSuite$0.call(Unknown Source)
	at TempTestSuite1582646259293.run(TempTestSuite1582646259293.groovy:36)
Caused by: com.kms.katalon.core.exception.StepFailedException: Unable to click on object 'Object Repository/Page_Index - KAIZEN/mvi_agregar'
	at com.kms.katalon.core.webui.keyword.internal.WebUIKeywordMain.stepFailed(WebUIKeywordMain.groovy:64)
	at com.kms.katalon.core.webui.keyword.internal.WebUIKeywordMain.runKeyword(WebUIKeywordMain.groovy:26)
	at com.kms.katalon.core.webui.keyword.builtin.ClickKeyword.click(ClickKeyword.groovy:102)
	at com.kms.katalon.core.webui.keyword.builtin.ClickKeyword.execute(ClickKeyword.groovy:43)
	at com.kms.katalon.core.keyword.internal.KeywordExecutor.executeKeywordForPlatform(KeywordExecutor.groovy:72)
	at com.kms.katalon.core.webui.keyword.WebUiBuiltInKeywords.click(WebUiBuiltInKeywords.groovy:616)
	at com.kms.katalon.core.webui.keyword.WebUiBuiltInKeywords$click$3.call(Unknown Source)
	at Anadir_Producto_Almacen.run(Anadir_Producto_Almacen:33)
	at com.kms.katalon.core.main.ScriptEngine.run(ScriptEngine.java:194)
	at com.kms.katalon.core.main.ScriptEngine.runScriptAsRawText(ScriptEngine.java:119)
	at com.kms.katalon.core.main.TestCaseExecutor.runScript(TestCaseExecutor.java:337)
	at com.kms.katalon.core.main.TestCaseExecutor.doExecute(TestCaseExecutor.java:328)
	at com.kms.katalon.core.main.TestCaseExecutor.processExecutionPhase(TestCaseExecutor.java:307)
	at com.kms.katalon.core.main.TestCaseExecutor.accessMainPhase(TestCaseExecutor.java:299)
	at com.kms.katalon.core.main.TestCaseExecutor.execute(TestCaseExecutor.java:233)
	at com.kms.katalon.core.main.TestCaseMain.runTestCase(TestCaseMain.java:114)
	at com.kms.katalon.core.keyword.builtin.CallTestCaseKeyword$_callTestCase_closure1.doCall(CallTestCaseKeyword.groovy:59)
	... 20 more
Caused by: com.kms.katalon.core.webui.exception.WebElementNotFoundException: Web element with id: 'Object Repository/Page_Index - KAIZEN/mvi_agregar' located by 'By.xpath: //div[@id='page-wrapper']/div/div/div[2]/a' not found
	at com.kms.katalon.core.webui.common.WebUiCommonHelper.findWebElement(WebUiCommonHelper.java:1154)
	at com.kms.katalon.core.webui.keyword.internal.WebUIAbstractKeyword.findWebElement(WebUIAbstractKeyword.groovy:27)
	at com.kms.katalon.core.webui.keyword.internal.WebUIAbstractKeyword.findWebElement(WebUIAbstractKeyword.groovy:26)
	at com.kms.katalon.core.webui.keyword.builtin.ClickKeyword$_click_closure1.doCall(ClickKeyword.groovy:67)
	at com.kms.katalon.core.webui.keyword.builtin.ClickKeyword$_click_closure1.call(ClickKeyword.groovy)
	at com.kms.katalon.core.webui.keyword.internal.WebUIKeywordMain.runKeyword(WebUIKeywordMain.groovy:20)
	... 35 more
)]]></system-out>
         <system-err><![CDATA[2020-02-25 11:57:42 - [TEST_CASE][FAILED] - Test Cases/Secuencias de Ejecucion/TC_Agregar_Producto_Almacen: Test Cases/Secuencias de Ejecucion/TC_Agregar_Producto_Almacen FAILED.
Reason:
com.kms.katalon.core.exception.StepFailedException: Call Test Case 'Test Cases/Individual_Tests/Anadir_Producto_Almacen' failed
	at com.kms.katalon.core.keyword.builtin.CallTestCaseKeyword$_callTestCase_closure1.doCall(CallTestCaseKeyword.groovy:63)
	at com.kms.katalon.core.keyword.builtin.CallTestCaseKeyword$_callTestCase_closure1.call(CallTestCaseKeyword.groovy)
	at com.kms.katalon.core.keyword.internal.KeywordMain.runKeyword(KeywordMain.groovy:68)
	at com.kms.katalon.core.keyword.builtin.CallTestCaseKeyword.callTestCase(CallTestCaseKeyword.groovy:81)
	at com.kms.katalon.core.keyword.builtin.CallTestCaseKeyword.execute(CallTestCaseKeyword.groovy:44)
	at com.kms.katalon.core.keyword.internal.KeywordExecutor.executeKeywordForPlatform(KeywordExecutor.groovy:72)
	at com.kms.katalon.core.keyword.BuiltinKeywords.callTestCase(BuiltinKeywords.groovy:334)
	at TC_Agregar_Producto_Almacen.run(TC_Agregar_Producto_Almacen:30)
	at com.kms.katalon.core.main.ScriptEngine.run(ScriptEngine.java:194)
	at com.kms.katalon.core.main.ScriptEngine.runScriptAsRawText(ScriptEngine.java:119)
	at com.kms.katalon.core.main.TestCaseExecutor.runScript(TestCaseExecutor.java:337)
	at com.kms.katalon.core.main.TestCaseExecutor.doExecute(TestCaseExecutor.java:328)
	at com.kms.katalon.core.main.TestCaseExecutor.processExecutionPhase(TestCaseExecutor.java:307)
	at com.kms.katalon.core.main.TestCaseExecutor.accessMainPhase(TestCaseExecutor.java:299)
	at com.kms.katalon.core.main.TestCaseExecutor.execute(TestCaseExecutor.java:233)
	at com.kms.katalon.core.main.TestSuiteExecutor.accessTestCaseMainPhase(TestSuiteExecutor.java:169)
	at com.kms.katalon.core.main.TestSuiteExecutor.accessTestSuiteMainPhase(TestSuiteExecutor.java:142)
	at com.kms.katalon.core.main.TestSuiteExecutor.execute(TestSuiteExecutor.java:91)
	at com.kms.katalon.core.main.TestCaseMain.startTestSuite(TestCaseMain.java:157)
	at com.kms.katalon.core.main.TestCaseMain$startTestSuite$0.call(Unknown Source)
	at TempTestSuite1582646259293.run(TempTestSuite1582646259293.groovy:36)
Caused by: com.kms.katalon.core.exception.StepFailedException: Unable to click on object 'Object Repository/Page_Index - KAIZEN/mvi_agregar'
	at com.kms.katalon.core.webui.keyword.internal.WebUIKeywordMain.stepFailed(WebUIKeywordMain.groovy:64)
	at com.kms.katalon.core.webui.keyword.internal.WebUIKeywordMain.runKeyword(WebUIKeywordMain.groovy:26)
	at com.kms.katalon.core.webui.keyword.builtin.ClickKeyword.click(ClickKeyword.groovy:102)
	at com.kms.katalon.core.webui.keyword.builtin.ClickKeyword.execute(ClickKeyword.groovy:43)
	at com.kms.katalon.core.keyword.internal.KeywordExecutor.executeKeywordForPlatform(KeywordExecutor.groovy:72)
	at com.kms.katalon.core.webui.keyword.WebUiBuiltInKeywords.click(WebUiBuiltInKeywords.groovy:616)
	at com.kms.katalon.core.webui.keyword.WebUiBuiltInKeywords$click$3.call(Unknown Source)
	at Anadir_Producto_Almacen.run(Anadir_Producto_Almacen:33)
	at com.kms.katalon.core.main.ScriptEngine.run(ScriptEngine.java:194)
	at com.kms.katalon.core.main.ScriptEngine.runScriptAsRawText(ScriptEngine.java:119)
	at com.kms.katalon.core.main.TestCaseExecutor.runScript(TestCaseExecutor.java:337)
	at com.kms.katalon.core.main.TestCaseExecutor.doExecute(TestCaseExecutor.java:328)
	at com.kms.katalon.core.main.TestCaseExecutor.processExecutionPhase(TestCaseExecutor.java:307)
	at com.kms.katalon.core.main.TestCaseExecutor.accessMainPhase(TestCaseExecutor.java:299)
	at com.kms.katalon.core.main.TestCaseExecutor.execute(TestCaseExecutor.java:233)
	at com.kms.katalon.core.main.TestCaseMain.runTestCase(TestCaseMain.java:114)
	at com.kms.katalon.core.keyword.builtin.CallTestCaseKeyword$_callTestCase_closure1.doCall(CallTestCaseKeyword.groovy:59)
	... 20 more
Caused by: com.kms.katalon.core.webui.exception.WebElementNotFoundException: Web element with id: 'Object Repository/Page_Index - KAIZEN/mvi_agregar' located by 'By.xpath: //div[@id='page-wrapper']/div/div/div[2]/a' not found
	at com.kms.katalon.core.webui.common.WebUiCommonHelper.findWebElement(WebUiCommonHelper.java:1154)
	at com.kms.katalon.core.webui.keyword.internal.WebUIAbstractKeyword.findWebElement(WebUIAbstractKeyword.groovy:27)
	at com.kms.katalon.core.webui.keyword.internal.WebUIAbstractKeyword.findWebElement(WebUIAbstractKeyword.groovy:26)
	at com.kms.katalon.core.webui.keyword.builtin.ClickKeyword$_click_closure1.doCall(ClickKeyword.groovy:67)
	at com.kms.katalon.core.webui.keyword.builtin.ClickKeyword$_click_closure1.call(ClickKeyword.groovy)
	at com.kms.katalon.core.webui.keyword.internal.WebUIKeywordMain.runKeyword(WebUIKeywordMain.groovy:20)
	... 35 more]]></system-err>
      </testcase>
      <system-out><![CDATA[2020-02-25 11:57:41 - [TEST_SUITE][FAILED] - Flujo Completo Mov Inventario: Test Cases/Secuencias de Ejecucion/TC_Agregar_Producto_Almacen FAILED.
Reason:
com.kms.katalon.core.exception.StepFailedException: Call Test Case 'Test Cases/Individual_Tests/Anadir_Producto_Almacen' failed
	at com.kms.katalon.core.keyword.builtin.CallTestCaseKeyword$_callTestCase_closure1.doCall(CallTestCaseKeyword.groovy:63)
	at com.kms.katalon.core.keyword.builtin.CallTestCaseKeyword$_callTestCase_closure1.call(CallTestCaseKeyword.groovy)
	at com.kms.katalon.core.keyword.internal.KeywordMain.runKeyword(KeywordMain.groovy:68)
	at com.kms.katalon.core.keyword.builtin.CallTestCaseKeyword.callTestCase(CallTestCaseKeyword.groovy:81)
	at com.kms.katalon.core.keyword.builtin.CallTestCaseKeyword.execute(CallTestCaseKeyword.groovy:44)
	at com.kms.katalon.core.keyword.internal.KeywordExecutor.executeKeywordForPlatform(KeywordExecutor.groovy:72)
	at com.kms.katalon.core.keyword.BuiltinKeywords.callTestCase(BuiltinKeywords.groovy:334)
	at TC_Agregar_Producto_Almacen.run(TC_Agregar_Producto_Almacen:30)
	at com.kms.katalon.core.main.ScriptEngine.run(ScriptEngine.java:194)
	at com.kms.katalon.core.main.ScriptEngine.runScriptAsRawText(ScriptEngine.java:119)
	at com.kms.katalon.core.main.TestCaseExecutor.runScript(TestCaseExecutor.java:337)
	at com.kms.katalon.core.main.TestCaseExecutor.doExecute(TestCaseExecutor.java:328)
	at com.kms.katalon.core.main.TestCaseExecutor.processExecutionPhase(TestCaseExecutor.java:307)
	at com.kms.katalon.core.main.TestCaseExecutor.accessMainPhase(TestCaseExecutor.java:299)
	at com.kms.katalon.core.main.TestCaseExecutor.execute(TestCaseExecutor.java:233)
	at com.kms.katalon.core.main.TestSuiteExecutor.accessTestCaseMainPhase(TestSuiteExecutor.java:169)
	at com.kms.katalon.core.main.TestSuiteExecutor.accessTestSuiteMainPhase(TestSuiteExecutor.java:142)
	at com.kms.katalon.core.main.TestSuiteExecutor.execute(TestSuiteExecutor.java:91)
	at com.kms.katalon.core.main.TestCaseMain.startTestSuite(TestCaseMain.java:157)
	at com.kms.katalon.core.main.TestCaseMain$startTestSuite$0.call(Unknown Source)
	at TempTestSuite1582646259293.run(TempTestSuite1582646259293.groovy:36)
Caused by: com.kms.katalon.core.exception.StepFailedException: Unable to click on object 'Object Repository/Page_Index - KAIZEN/mvi_agregar'
	at com.kms.katalon.core.webui.keyword.internal.WebUIKeywordMain.stepFailed(WebUIKeywordMain.groovy:64)
	at com.kms.katalon.core.webui.keyword.internal.WebUIKeywordMain.runKeyword(WebUIKeywordMain.groovy:26)
	at com.kms.katalon.core.webui.keyword.builtin.ClickKeyword.click(ClickKeyword.groovy:102)
	at com.kms.katalon.core.webui.keyword.builtin.ClickKeyword.execute(ClickKeyword.groovy:43)
	at com.kms.katalon.core.keyword.internal.KeywordExecutor.executeKeywordForPlatform(KeywordExecutor.groovy:72)
	at com.kms.katalon.core.webui.keyword.WebUiBuiltInKeywords.click(WebUiBuiltInKeywords.groovy:616)
	at com.kms.katalon.core.webui.keyword.WebUiBuiltInKeywords$click$3.call(Unknown Source)
	at Anadir_Producto_Almacen.run(Anadir_Producto_Almacen:33)
	at com.kms.katalon.core.main.ScriptEngine.run(ScriptEngine.java:194)
	at com.kms.katalon.core.main.ScriptEngine.runScriptAsRawText(ScriptEngine.java:119)
	at com.kms.katalon.core.main.TestCaseExecutor.runScript(TestCaseExecutor.java:337)
	at com.kms.katalon.core.main.TestCaseExecutor.doExecute(TestCaseExecutor.java:328)
	at com.kms.katalon.core.main.TestCaseExecutor.processExecutionPhase(TestCaseExecutor.java:307)
	at com.kms.katalon.core.main.TestCaseExecutor.accessMainPhase(TestCaseExecutor.java:299)
	at com.kms.katalon.core.main.TestCaseExecutor.execute(TestCaseExecutor.java:233)
	at com.kms.katalon.core.main.TestCaseMain.runTestCase(TestCaseMain.java:114)
	at com.kms.katalon.core.keyword.builtin.CallTestCaseKeyword$_callTestCase_closure1.doCall(CallTestCaseKeyword.groovy:59)
	... 20 more
Caused by: com.kms.katalon.core.webui.exception.WebElementNotFoundException: Web element with id: 'Object Repository/Page_Index - KAIZEN/mvi_agregar' located by 'By.xpath: //div[@id='page-wrapper']/div/div/div[2]/a' not found
	at com.kms.katalon.core.webui.common.WebUiCommonHelper.findWebElement(WebUiCommonHelper.java:1154)
	at com.kms.katalon.core.webui.keyword.internal.WebUIAbstractKeyword.findWebElement(WebUIAbstractKeyword.groovy:27)
	at com.kms.katalon.core.webui.keyword.internal.WebUIAbstractKeyword.findWebElement(WebUIAbstractKeyword.groovy:26)
	at com.kms.katalon.core.webui.keyword.builtin.ClickKeyword$_click_closure1.doCall(ClickKeyword.groovy:67)
	at com.kms.katalon.core.webui.keyword.builtin.ClickKeyword$_click_closure1.call(ClickKeyword.groovy)
	at com.kms.katalon.core.webui.keyword.internal.WebUIKeywordMain.runKeyword(WebUIKeywordMain.groovy:20)
	... 35 more]]></system-out>
      <system-err><![CDATA[2020-02-25 11:57:41 - [TEST_SUITE][FAILED] - Flujo Completo Mov Inventario: Test Cases/Secuencias de Ejecucion/TC_Agregar_Producto_Almacen FAILED.
Reason:
com.kms.katalon.core.exception.StepFailedException: Call Test Case 'Test Cases/Individual_Tests/Anadir_Producto_Almacen' failed
	at com.kms.katalon.core.keyword.builtin.CallTestCaseKeyword$_callTestCase_closure1.doCall(CallTestCaseKeyword.groovy:63)
	at com.kms.katalon.core.keyword.builtin.CallTestCaseKeyword$_callTestCase_closure1.call(CallTestCaseKeyword.groovy)
	at com.kms.katalon.core.keyword.internal.KeywordMain.runKeyword(KeywordMain.groovy:68)
	at com.kms.katalon.core.keyword.builtin.CallTestCaseKeyword.callTestCase(CallTestCaseKeyword.groovy:81)
	at com.kms.katalon.core.keyword.builtin.CallTestCaseKeyword.execute(CallTestCaseKeyword.groovy:44)
	at com.kms.katalon.core.keyword.internal.KeywordExecutor.executeKeywordForPlatform(KeywordExecutor.groovy:72)
	at com.kms.katalon.core.keyword.BuiltinKeywords.callTestCase(BuiltinKeywords.groovy:334)
	at TC_Agregar_Producto_Almacen.run(TC_Agregar_Producto_Almacen:30)
	at com.kms.katalon.core.main.ScriptEngine.run(ScriptEngine.java:194)
	at com.kms.katalon.core.main.ScriptEngine.runScriptAsRawText(ScriptEngine.java:119)
	at com.kms.katalon.core.main.TestCaseExecutor.runScript(TestCaseExecutor.java:337)
	at com.kms.katalon.core.main.TestCaseExecutor.doExecute(TestCaseExecutor.java:328)
	at com.kms.katalon.core.main.TestCaseExecutor.processExecutionPhase(TestCaseExecutor.java:307)
	at com.kms.katalon.core.main.TestCaseExecutor.accessMainPhase(TestCaseExecutor.java:299)
	at com.kms.katalon.core.main.TestCaseExecutor.execute(TestCaseExecutor.java:233)
	at com.kms.katalon.core.main.TestSuiteExecutor.accessTestCaseMainPhase(TestSuiteExecutor.java:169)
	at com.kms.katalon.core.main.TestSuiteExecutor.accessTestSuiteMainPhase(TestSuiteExecutor.java:142)
	at com.kms.katalon.core.main.TestSuiteExecutor.execute(TestSuiteExecutor.java:91)
	at com.kms.katalon.core.main.TestCaseMain.startTestSuite(TestCaseMain.java:157)
	at com.kms.katalon.core.main.TestCaseMain$startTestSuite$0.call(Unknown Source)
	at TempTestSuite1582646259293.run(TempTestSuite1582646259293.groovy:36)
Caused by: com.kms.katalon.core.exception.StepFailedException: Unable to click on object 'Object Repository/Page_Index - KAIZEN/mvi_agregar'
	at com.kms.katalon.core.webui.keyword.internal.WebUIKeywordMain.stepFailed(WebUIKeywordMain.groovy:64)
	at com.kms.katalon.core.webui.keyword.internal.WebUIKeywordMain.runKeyword(WebUIKeywordMain.groovy:26)
	at com.kms.katalon.core.webui.keyword.builtin.ClickKeyword.click(ClickKeyword.groovy:102)
	at com.kms.katalon.core.webui.keyword.builtin.ClickKeyword.execute(ClickKeyword.groovy:43)
	at com.kms.katalon.core.keyword.internal.KeywordExecutor.executeKeywordForPlatform(KeywordExecutor.groovy:72)
	at com.kms.katalon.core.webui.keyword.WebUiBuiltInKeywords.click(WebUiBuiltInKeywords.groovy:616)
	at com.kms.katalon.core.webui.keyword.WebUiBuiltInKeywords$click$3.call(Unknown Source)
	at Anadir_Producto_Almacen.run(Anadir_Producto_Almacen:33)
	at com.kms.katalon.core.main.ScriptEngine.run(ScriptEngine.java:194)
	at com.kms.katalon.core.main.ScriptEngine.runScriptAsRawText(ScriptEngine.java:119)
	at com.kms.katalon.core.main.TestCaseExecutor.runScript(TestCaseExecutor.java:337)
	at com.kms.katalon.core.main.TestCaseExecutor.doExecute(TestCaseExecutor.java:328)
	at com.kms.katalon.core.main.TestCaseExecutor.processExecutionPhase(TestCaseExecutor.java:307)
	at com.kms.katalon.core.main.TestCaseExecutor.accessMainPhase(TestCaseExecutor.java:299)
	at com.kms.katalon.core.main.TestCaseExecutor.execute(TestCaseExecutor.java:233)
	at com.kms.katalon.core.main.TestCaseMain.runTestCase(TestCaseMain.java:114)
	at com.kms.katalon.core.keyword.builtin.CallTestCaseKeyword$_callTestCase_closure1.doCall(CallTestCaseKeyword.groovy:59)
	... 20 more
Caused by: com.kms.katalon.core.webui.exception.WebElementNotFoundException: Web element with id: 'Object Repository/Page_Index - KAIZEN/mvi_agregar' located by 'By.xpath: //div[@id='page-wrapper']/div/div/div[2]/a' not found
	at com.kms.katalon.core.webui.common.WebUiCommonHelper.findWebElement(WebUiCommonHelper.java:1154)
	at com.kms.katalon.core.webui.keyword.internal.WebUIAbstractKeyword.findWebElement(WebUIAbstractKeyword.groovy:27)
	at com.kms.katalon.core.webui.keyword.internal.WebUIAbstractKeyword.findWebElement(WebUIAbstractKeyword.groovy:26)
	at com.kms.katalon.core.webui.keyword.builtin.ClickKeyword$_click_closure1.doCall(ClickKeyword.groovy:67)
	at com.kms.katalon.core.webui.keyword.builtin.ClickKeyword$_click_closure1.call(ClickKeyword.groovy)
	at com.kms.katalon.core.webui.keyword.internal.WebUIKeywordMain.runKeyword(WebUIKeywordMain.groovy:20)
	... 35 more]]></system-err>
   </testsuite>
</testsuites>
