<?xml version="1.0" encoding="UTF-8"?>
<testsuites name="2-Aprobaciones_20_TestSuites" time="163.264" tests="1" failures="0" errors="0">
   <testsuite name="2-Aprobaciones_20_TestSuites" tests="1" failures="0" errors="0" time="163.264" timestamp="2020-02-11 11:08:08" hostname="kaizen - LAPTOP-K43U1BVQ" id="Test Suites/Flujo_funcionalidades_Pedidos_20pies/2-Aprobaciones_20_TestSuites">
      <properties>
         <property name="deviceName" value=""/>
         <property name="devicePlatform" value=""/>
         <property name="logFolder" value="C:\\Users\\kaizen\\git\\AutomatizacionKatalon\\Reports\\20200211_110805\\Flujo_funcionalidades_Pedidos_20pies\\2-Aprobaciones_20_TestSuites\\20200211_110805"/>
         <property name="logFiles" value="C:\\Users\\kaizen\\git\\AutomatizacionKatalon\\Reports\\20200211_110805\\Flujo_funcionalidades_Pedidos_20pies\\2-Aprobaciones_20_TestSuites\\20200211_110805\\execution0.log"/>
         <property name="attachments" value=""/>
         <property name="hostName" value="kaizen - LAPTOP-K43U1BVQ"/>
         <property name="os" value="Windows 10 64bit"/>
         <property name="katalonVersion" value="7.2.1.1"/>
         <property name="browser" value="Chrome 80.0.3987.87"/>
         <property name="hostAddress" value="192.168.99.1"/>
         <property name="sessionId" value="0e0d29a5001134ac6af77e65a4ba48e2"/>
         <property name="seleniumVersion" value="3.141.59"/>
         <property name="proxyInformation" value="ProxyInformation{proxyOption=NO_PROXY, proxyServerType=HTTP, password=, proxyServerAddress=, proxyServerPort=0, executionList=}"/>
         <property name="platform" value="Windows 10"/>
      </properties>
      <testcase name="Test Cases/Secuencias de Ejecucion/TC_Aprobar_Produccion_20pies" time="162.11" classname="Test Cases/Secuencias de Ejecucion/TC_Aprobar_Produccion_20pies" status="PASSED">
         <system-out><![CDATA[2020-02-11 11:08:08 - [TEST_CASE][PASSED] - Test Cases/Secuencias de Ejecucion/TC_Aprobar_Produccion_20pies: Test Cases/Secuencias de Ejecucion/TC_Aprobar_Produccion_20pies

2020-02-11 11:08:09 - [TEST_STEP][PASSED] - archivo = $RunConfiguration.getProjectDir()/Pedidos/DataExcel/AprobacionesPedidos_20pies.xlsx: null

2020-02-11 11:08:09 - [TEST_STEP][PASSED] - excelData = getExcelDataWithDefaultSheet(archivo, "Sheet1", true): null

2020-02-11 11:08:10 - [TEST_STEP][PASSED] - for ([Index = 1, Index <= excelData.getRowNumbers(), (Index++)]): Call Test Case 'Test Cases/Individual_Tests_20pies/Aprobacion_Produccion' successfully

2020-02-11 11:08:10 - [TEST_STEP][PASSED] - callTestCase(findTestCase("Individual_Tests_20pies/Login"), ["Evento":"Aprobar", "Index":Index, "Usuario":Usuario, "Contrasena":Contrasena], STOP_ON_FAILURE): Call Test Case 'Test Cases/Individual_Tests_20pies/Login' successfully

2020-02-11 11:08:10 - [TEST_CASE][PASSED] - Test Cases/Individual_Tests_20pies/Login: Test Cases/Individual_Tests_20pies/Login

2020-02-11 11:08:11 - [TEST_STEP][PASSED] - print("Evento Seleccionado: " + Evento + "
"): null

2020-02-11 11:08:11 - [TEST_STEP][PASSED] - openBrowser(Web): Browser is opened with url: 'http://test.kaizendev.net/Login/Accesar?salir=true'

2020-02-11 11:08:11 - [MESSAGE][INFO] - Starting 'Chrome' driver

2020-02-11 11:08:11 - [MESSAGE][INFO] - Action delay is set to 0 seconds

2020-02-11 11:08:26 - [MESSAGE][PASSED] - Browser is opened with url: 'http://test.kaizendev.net/Login/Accesar?salir=true'

2020-02-11 11:08:26 - [TEST_STEP][PASSED] - maximizeWindow(): Current window maximized

2020-02-11 11:08:27 - [MESSAGE][PASSED] - Current window maximized

2020-02-11 11:08:27 - [TEST_STEP][PASSED] - if (Evento == "Crear"): null

2020-02-11 11:08:27 - [TEST_STEP][PASSED] - else if (Evento == "Aprobar"): Object: 'Object Repository/Page_Iniciar Sesion - KAIZEN/is_btn_ingresar_sistema' is clicked on

2020-02-11 11:08:27 - [TEST_STEP][PASSED] - data2 = obtener_excels.obtener_aprobaciones_20pies.getValuesExcelAprob20(Index): obtener_excels.obtener_aprobaciones_20pies.getValuesExcelAprob20 is PASSED

2020-02-11 11:08:27 - [MESSAGE][PASSED] - obtener_excels.obtener_aprobaciones_20pies.getValuesExcelAprob20 is PASSED

2020-02-11 11:08:27 - [TEST_STEP][PASSED] - Usuario = data2[1]: null

2020-02-11 11:08:27 - [TEST_STEP][PASSED] - Contrasena = data2[2]: null

2020-02-11 11:08:27 - [TEST_STEP][PASSED] - setText(findTestObject("Page_Iniciar Sesion - KAIZEN/is_input_email"), Usuario): Text 'automated.test@grupokaizen.net' is set on object 'Object Repository/Page_Iniciar Sesion - KAIZEN/is_input_email'

2020-02-11 11:08:28 - [MESSAGE][PASSED] - Text 'automated.test@grupokaizen.net' is set on object 'Object Repository/Page_Iniciar Sesion - KAIZEN/is_input_email'

2020-02-11 11:08:28 - [TEST_STEP][PASSED] - setEncryptedText(findTestObject("Page_Iniciar Sesion - KAIZEN/IS_input_contrasena"), Contrasena): Text ****** has been set on object 'Object Repository/Page_Iniciar Sesion - KAIZEN/IS_input_contrasena'

2020-02-11 11:08:28 - [MESSAGE][PASSED] - Text ****** has been set on object 'Object Repository/Page_Iniciar Sesion - KAIZEN/IS_input_contrasena'

2020-02-11 11:08:28 - [TEST_STEP][PASSED] - click(findTestObject("Page_Iniciar Sesion - KAIZEN/is_btn_ingresar_sistema")): Object: 'Object Repository/Page_Iniciar Sesion - KAIZEN/is_btn_ingresar_sistema' is clicked on

2020-02-11 11:08:30 - [MESSAGE][PASSED] - Object: 'Object Repository/Page_Iniciar Sesion - KAIZEN/is_btn_ingresar_sistema' is clicked on

2020-02-11 11:08:30 - [MESSAGE][PASSED] - Call Test Case 'Test Cases/Individual_Tests_20pies/Login' successfully

2020-02-11 11:08:30 - [TEST_STEP][PASSED] - callTestCase(findTestCase("Individual_Tests_20pies/Seleccionar_Idioma"), ["Evento":"Aprobar", "Index":Index, "Idioma":Idioma], STOP_ON_FAILURE): Call Test Case 'Test Cases/Individual_Tests_20pies/Seleccionar_Idioma' successfully

2020-02-11 11:08:30 - [TEST_CASE][PASSED] - Test Cases/Individual_Tests_20pies/Seleccionar_Idioma: Test Cases/Individual_Tests_20pies/Seleccionar_Idioma

2020-02-11 11:08:31 - [TEST_STEP][PASSED] - if (Evento == "Crear"): null

2020-02-11 11:08:31 - [TEST_STEP][PASSED] - else if (Evento == "Aprobar"): null

2020-02-11 11:08:31 - [TEST_STEP][PASSED] - data2 = obtener_excels.obtener_aprobaciones_20pies.getValuesExcelAprob20(Index): obtener_excels.obtener_aprobaciones_20pies.getValuesExcelAprob20 is PASSED

2020-02-11 11:08:31 - [MESSAGE][PASSED] - obtener_excels.obtener_aprobaciones_20pies.getValuesExcelAprob20 is PASSED

2020-02-11 11:08:31 - [TEST_STEP][PASSED] - Idioma = data2[0]: null

2020-02-11 11:08:31 - [TEST_STEP][PASSED] - click(findTestObject("Page_- KAIZEN/si_btn_idioma")): Object: 'Object Repository/Page_- KAIZEN/si_btn_idioma' is clicked on

2020-02-11 11:08:31 - [MESSAGE][PASSED] - Object: 'Object Repository/Page_- KAIZEN/si_btn_idioma' is clicked on

2020-02-11 11:08:31 - [TEST_STEP][PASSED] - if (Idioma == "0"): null

2020-02-11 11:08:31 - [TEST_STEP][PASSED] - else: Object: 'Object Repository/Page_- KAIZEN/si_Spanish' is clicked on

2020-02-11 11:08:31 - [TEST_STEP][PASSED] - click(findTestObject("Page_- KAIZEN/si_Spanish")): Object: 'Object Repository/Page_- KAIZEN/si_Spanish' is clicked on

2020-02-11 11:08:33 - [MESSAGE][PASSED] - Object: 'Object Repository/Page_- KAIZEN/si_Spanish' is clicked on

2020-02-11 11:08:33 - [MESSAGE][PASSED] - Call Test Case 'Test Cases/Individual_Tests_20pies/Seleccionar_Idioma' successfully

2020-02-11 11:08:33 - [TEST_STEP][PASSED] - callTestCase(findTestCase("Individual_Tests_20pies/Aprobacion_Produccion"), ["Index":Index, "IDCliente":IDCliente, "IDPedido":IDPedido, "AprobacionProduccion":AprobacionProduccion], STOP_ON_FAILURE): Call Test Case 'Test Cases/Individual_Tests_20pies/Aprobacion_Produccion' successfully

2020-02-11 11:08:33 - [TEST_CASE][PASSED] - Test Cases/Individual_Tests_20pies/Aprobacion_Produccion: Test Cases/Individual_Tests_20pies/Aprobacion_Produccion

2020-02-11 11:08:33 - [TEST_STEP][PASSED] - data = obtener_excels.obtener_aprobaciones_20pies.getValuesExcelAprob20(Index): obtener_excels.obtener_aprobaciones_20pies.getValuesExcelAprob20 is PASSED

2020-02-11 11:08:33 - [MESSAGE][PASSED] - obtener_excels.obtener_aprobaciones_20pies.getValuesExcelAprob20 is PASSED

2020-02-11 11:08:33 - [TEST_STEP][PASSED] - IdPedido = data[3]: null

2020-02-11 11:08:33 - [TEST_STEP][PASSED] - Id_Cliente = data[4]: null

2020-02-11 11:08:33 - [TEST_STEP][PASSED] - AprobProduccion = data[7]: null

2020-02-11 11:08:33 - [TEST_STEP][PASSED] - IDPedido = IdPedido: null

2020-02-11 11:08:33 - [TEST_STEP][PASSED] - IDCliente = Id_Cliente: null

2020-02-11 11:08:33 - [TEST_STEP][PASSED] - AprobacionProduccion = AprobProduccion: null

2020-02-11 11:08:33 - [TEST_STEP][PASSED] - click(findTestObject("Object Repository/Page_- KAIZEN/apo_menuOperaciones")): Object: 'Object Repository/Page_- KAIZEN/apo_menuOperaciones' is clicked on

2020-02-11 11:08:34 - [MESSAGE][PASSED] - Object: 'Object Repository/Page_- KAIZEN/apo_menuOperaciones' is clicked on

2020-02-11 11:08:34 - [TEST_STEP][PASSED] - click(findTestObject("Object Repository/Page_- KAIZEN/apo_menu_aprobacion_produccin")): Object: 'Object Repository/Page_- KAIZEN/apo_menu_aprobacion_produccin' is clicked on

2020-02-11 11:08:35 - [MESSAGE][PASSED] - Object: 'Object Repository/Page_- KAIZEN/apo_menu_aprobacion_produccin' is clicked on

2020-02-11 11:08:35 - [TEST_STEP][PASSED] - click(findTestObject("Object Repository/Page_Aprobacin de Produccin - KAIZEN/apo_click_aprobacion_produccin")): Object: 'Object Repository/Page_Aprobacin de Produccin - KAIZEN/apo_click_aprobacion_produccin' is clicked on

2020-02-11 11:08:37 - [MESSAGE][PASSED] - Object: 'Object Repository/Page_Aprobacin de Produccin - KAIZEN/apo_click_aprobacion_produccin' is clicked on

2020-02-11 11:08:37 - [TEST_STEP][PASSED] - click(findTestObject("Object Repository/Page_Aprobacin de Produccin - KAIZEN/apo_seleccione_cliente")): Object: 'Object Repository/Page_Aprobacin de Produccin - KAIZEN/apo_seleccione_cliente' is clicked on

2020-02-11 11:08:37 - [MESSAGE][PASSED] - Object: 'Object Repository/Page_Aprobacin de Produccin - KAIZEN/apo_seleccione_cliente' is clicked on

2020-02-11 11:08:37 - [TEST_STEP][PASSED] - click(findTestObject("Object Repository/Page_Aprobacin de Produccin - KAIZEN/apo_click_selecione_cliente")): Object: 'Object Repository/Page_Aprobacin de Produccin - KAIZEN/apo_click_selecione_cliente' is clicked on

2020-02-11 11:08:38 - [MESSAGE][PASSED] - Object: 'Object Repository/Page_Aprobacin de Produccin - KAIZEN/apo_click_selecione_cliente' is clicked on

2020-02-11 11:08:38 - [TEST_STEP][PASSED] - selectOptionByValue(findTestObject("Object Repository/Page_Aprobacin de Produccin - KAIZEN/apo_assing_selecione_cliente"), IDCliente, true): All options with value '4' are selected in object 'Object Repository/Page_Aprobacin de Produccin - KAIZEN/apo_assing_selecione_cliente'  using regular expression

2020-02-11 11:08:39 - [MESSAGE][PASSED] - All options with value '4' are selected in object 'Object Repository/Page_Aprobacin de Produccin - KAIZEN/apo_assing_selecione_cliente'  using regular expression

2020-02-11 11:08:39 - [TEST_STEP][PASSED] - click(findTestObject("Object Repository/Page_Aprobacin de Produccin - KAIZEN/apo_Buscar")): Object: 'Object Repository/Page_Aprobacin de Produccin - KAIZEN/apo_Buscar' is clicked on

2020-02-11 11:08:41 - [MESSAGE][PASSED] - Object: 'Object Repository/Page_Aprobacin de Produccin - KAIZEN/apo_Buscar' is clicked on

2020-02-11 11:08:41 - [TEST_STEP][PASSED] - executeJavaScript("document.querySelector('.btn-info[href="/PedidoLubricante/DetalleAprobacion/" + IDPedido + "?Ventana=3"]').click()", null): Execute JavaScript 'document.querySelector('.btn-info[href="/PedidoLubricante/DetalleAprobacion/180?Ventana=3"]').click()' successfully

2020-02-11 11:08:42 - [MESSAGE][PASSED] - Execute JavaScript 'document.querySelector('.btn-info[href="/PedidoLubricante/DetalleAprobacion/180?Ventana=3"]').click()' successfully

2020-02-11 11:08:42 - [TEST_STEP][PASSED] - delay(5): Delayed 5 second(s)

2020-02-11 11:08:47 - [MESSAGE][PASSED] - Delayed 5 second(s)

2020-02-11 11:08:47 - [TEST_STEP][PASSED] - if (AprobacionProduccion == "Aprobar"): Object: 'Object Repository/Page_- KAIZEN/apo_btn_Aceptar' is clicked on

2020-02-11 11:08:47 - [TEST_STEP][PASSED] - click(findTestObject("Object Repository/Page_- KAIZEN/apo_Aprobar")): Object: 'Object Repository/Page_- KAIZEN/apo_Aprobar' is clicked on

2020-02-11 11:08:48 - [MESSAGE][PASSED] - Object: 'Object Repository/Page_- KAIZEN/apo_Aprobar' is clicked on

2020-02-11 11:08:48 - [TEST_STEP][PASSED] - click(findTestObject("Object Repository/Page_- KAIZEN/apo_btn_Aceptar")): Object: 'Object Repository/Page_- KAIZEN/apo_btn_Aceptar' is clicked on

2020-02-11 11:08:50 - [MESSAGE][PASSED] - Object: 'Object Repository/Page_- KAIZEN/apo_btn_Aceptar' is clicked on

2020-02-11 11:08:50 - [TEST_STEP][PASSED] - delay(10): Delayed 10 second(s)

2020-02-11 11:09:00 - [MESSAGE][PASSED] - Delayed 10 second(s)

2020-02-11 11:09:00 - [MESSAGE][PASSED] - Call Test Case 'Test Cases/Individual_Tests_20pies/Aprobacion_Produccion' successfully

2020-02-11 11:09:00 - [TEST_STEP][PASSED] - callTestCase(findTestCase("Individual_Tests_20pies/Login"), ["Evento":"Aprobar", "Index":Index, "Usuario":Usuario, "Contrasena":Contrasena], STOP_ON_FAILURE): Call Test Case 'Test Cases/Individual_Tests_20pies/Login' successfully

2020-02-11 11:09:00 - [TEST_CASE][PASSED] - Test Cases/Individual_Tests_20pies/Login: Test Cases/Individual_Tests_20pies/Login

2020-02-11 11:09:00 - [TEST_STEP][PASSED] - print("Evento Seleccionado: " + Evento + "
"): null

2020-02-11 11:09:00 - [TEST_STEP][PASSED] - openBrowser(Web): Browser is opened with url: 'http://test.kaizendev.net/Login/Accesar?salir=true'

2020-02-11 11:09:00 - [MESSAGE][WARNING] - A browser is already opened. Closing browser and opening a new one

2020-02-11 11:09:01 - [MESSAGE][INFO] - Starting 'Chrome' driver

2020-02-11 11:09:13 - [MESSAGE][PASSED] - Browser is opened with url: 'http://test.kaizendev.net/Login/Accesar?salir=true'

2020-02-11 11:09:13 - [TEST_STEP][PASSED] - maximizeWindow(): Current window maximized

2020-02-11 11:09:15 - [MESSAGE][PASSED] - Current window maximized

2020-02-11 11:09:15 - [TEST_STEP][PASSED] - if (Evento == "Crear"): null

2020-02-11 11:09:15 - [TEST_STEP][PASSED] - else if (Evento == "Aprobar"): Object: 'Object Repository/Page_Iniciar Sesion - KAIZEN/is_btn_ingresar_sistema' is clicked on

2020-02-11 11:09:15 - [TEST_STEP][PASSED] - data2 = obtener_excels.obtener_aprobaciones_20pies.getValuesExcelAprob20(Index): obtener_excels.obtener_aprobaciones_20pies.getValuesExcelAprob20 is PASSED

2020-02-11 11:09:15 - [MESSAGE][PASSED] - obtener_excels.obtener_aprobaciones_20pies.getValuesExcelAprob20 is PASSED

2020-02-11 11:09:15 - [TEST_STEP][PASSED] - Usuario = data2[1]: null

2020-02-11 11:09:15 - [TEST_STEP][PASSED] - Contrasena = data2[2]: null

2020-02-11 11:09:15 - [TEST_STEP][PASSED] - setText(findTestObject("Page_Iniciar Sesion - KAIZEN/is_input_email"), Usuario): Text 'automated.test@grupokaizen.net' is set on object 'Object Repository/Page_Iniciar Sesion - KAIZEN/is_input_email'

2020-02-11 11:09:15 - [MESSAGE][PASSED] - Text 'automated.test@grupokaizen.net' is set on object 'Object Repository/Page_Iniciar Sesion - KAIZEN/is_input_email'

2020-02-11 11:09:15 - [TEST_STEP][PASSED] - setEncryptedText(findTestObject("Page_Iniciar Sesion - KAIZEN/IS_input_contrasena"), Contrasena): Text ****** has been set on object 'Object Repository/Page_Iniciar Sesion - KAIZEN/IS_input_contrasena'

2020-02-11 11:09:16 - [MESSAGE][PASSED] - Text ****** has been set on object 'Object Repository/Page_Iniciar Sesion - KAIZEN/IS_input_contrasena'

2020-02-11 11:09:16 - [TEST_STEP][PASSED] - click(findTestObject("Page_Iniciar Sesion - KAIZEN/is_btn_ingresar_sistema")): Object: 'Object Repository/Page_Iniciar Sesion - KAIZEN/is_btn_ingresar_sistema' is clicked on

2020-02-11 11:09:17 - [MESSAGE][PASSED] - Object: 'Object Repository/Page_Iniciar Sesion - KAIZEN/is_btn_ingresar_sistema' is clicked on

2020-02-11 11:09:17 - [MESSAGE][PASSED] - Call Test Case 'Test Cases/Individual_Tests_20pies/Login' successfully

2020-02-11 11:09:17 - [TEST_STEP][PASSED] - callTestCase(findTestCase("Individual_Tests_20pies/Seleccionar_Idioma"), ["Evento":"Aprobar", "Index":Index, "Idioma":Idioma], STOP_ON_FAILURE): Call Test Case 'Test Cases/Individual_Tests_20pies/Seleccionar_Idioma' successfully

2020-02-11 11:09:17 - [TEST_CASE][PASSED] - Test Cases/Individual_Tests_20pies/Seleccionar_Idioma: Test Cases/Individual_Tests_20pies/Seleccionar_Idioma

2020-02-11 11:09:17 - [TEST_STEP][PASSED] - if (Evento == "Crear"): null

2020-02-11 11:09:17 - [TEST_STEP][PASSED] - else if (Evento == "Aprobar"): null

2020-02-11 11:09:17 - [TEST_STEP][PASSED] - data2 = obtener_excels.obtener_aprobaciones_20pies.getValuesExcelAprob20(Index): obtener_excels.obtener_aprobaciones_20pies.getValuesExcelAprob20 is PASSED

2020-02-11 11:09:17 - [MESSAGE][PASSED] - obtener_excels.obtener_aprobaciones_20pies.getValuesExcelAprob20 is PASSED

2020-02-11 11:09:17 - [TEST_STEP][PASSED] - Idioma = data2[0]: null

2020-02-11 11:09:17 - [TEST_STEP][PASSED] - click(findTestObject("Page_- KAIZEN/si_btn_idioma")): Object: 'Object Repository/Page_- KAIZEN/si_btn_idioma' is clicked on

2020-02-11 11:09:18 - [MESSAGE][PASSED] - Object: 'Object Repository/Page_- KAIZEN/si_btn_idioma' is clicked on

2020-02-11 11:09:18 - [TEST_STEP][PASSED] - if (Idioma == "0"): null

2020-02-11 11:09:18 - [TEST_STEP][PASSED] - else: Object: 'Object Repository/Page_- KAIZEN/si_Spanish' is clicked on

2020-02-11 11:09:18 - [TEST_STEP][PASSED] - click(findTestObject("Page_- KAIZEN/si_Spanish")): Object: 'Object Repository/Page_- KAIZEN/si_Spanish' is clicked on

2020-02-11 11:09:21 - [MESSAGE][PASSED] - Object: 'Object Repository/Page_- KAIZEN/si_Spanish' is clicked on

2020-02-11 11:09:21 - [MESSAGE][PASSED] - Call Test Case 'Test Cases/Individual_Tests_20pies/Seleccionar_Idioma' successfully

2020-02-11 11:09:21 - [TEST_STEP][PASSED] - callTestCase(findTestCase("Individual_Tests_20pies/Aprobacion_Produccion"), ["Index":Index, "IDCliente":IDCliente, "IDPedido":IDPedido, "AprobacionProduccion":AprobacionProduccion], STOP_ON_FAILURE): Call Test Case 'Test Cases/Individual_Tests_20pies/Aprobacion_Produccion' successfully

2020-02-11 11:09:21 - [TEST_CASE][PASSED] - Test Cases/Individual_Tests_20pies/Aprobacion_Produccion: Test Cases/Individual_Tests_20pies/Aprobacion_Produccion

2020-02-11 11:09:21 - [TEST_STEP][PASSED] - data = obtener_excels.obtener_aprobaciones_20pies.getValuesExcelAprob20(Index): obtener_excels.obtener_aprobaciones_20pies.getValuesExcelAprob20 is PASSED

2020-02-11 11:09:21 - [MESSAGE][PASSED] - obtener_excels.obtener_aprobaciones_20pies.getValuesExcelAprob20 is PASSED

2020-02-11 11:09:21 - [TEST_STEP][PASSED] - IdPedido = data[3]: null

2020-02-11 11:09:21 - [TEST_STEP][PASSED] - Id_Cliente = data[4]: null

2020-02-11 11:09:21 - [TEST_STEP][PASSED] - AprobProduccion = data[7]: null

2020-02-11 11:09:21 - [TEST_STEP][PASSED] - IDPedido = IdPedido: null

2020-02-11 11:09:21 - [TEST_STEP][PASSED] - IDCliente = Id_Cliente: null

2020-02-11 11:09:21 - [TEST_STEP][PASSED] - AprobacionProduccion = AprobProduccion: null

2020-02-11 11:09:21 - [TEST_STEP][PASSED] - click(findTestObject("Object Repository/Page_- KAIZEN/apo_menuOperaciones")): Object: 'Object Repository/Page_- KAIZEN/apo_menuOperaciones' is clicked on

2020-02-11 11:09:21 - [MESSAGE][PASSED] - Object: 'Object Repository/Page_- KAIZEN/apo_menuOperaciones' is clicked on

2020-02-11 11:09:21 - [TEST_STEP][PASSED] - click(findTestObject("Object Repository/Page_- KAIZEN/apo_menu_aprobacion_produccin")): Object: 'Object Repository/Page_- KAIZEN/apo_menu_aprobacion_produccin' is clicked on

2020-02-11 11:09:29 - [MESSAGE][PASSED] - Object: 'Object Repository/Page_- KAIZEN/apo_menu_aprobacion_produccin' is clicked on

2020-02-11 11:09:29 - [TEST_STEP][PASSED] - click(findTestObject("Object Repository/Page_Aprobacin de Produccin - KAIZEN/apo_click_aprobacion_produccin")): Object: 'Object Repository/Page_Aprobacin de Produccin - KAIZEN/apo_click_aprobacion_produccin' is clicked on

2020-02-11 11:09:35 - [MESSAGE][PASSED] - Object: 'Object Repository/Page_Aprobacin de Produccin - KAIZEN/apo_click_aprobacion_produccin' is clicked on

2020-02-11 11:09:35 - [TEST_STEP][PASSED] - click(findTestObject("Object Repository/Page_Aprobacin de Produccin - KAIZEN/apo_seleccione_cliente")): Object: 'Object Repository/Page_Aprobacin de Produccin - KAIZEN/apo_seleccione_cliente' is clicked on

2020-02-11 11:09:36 - [MESSAGE][PASSED] - Object: 'Object Repository/Page_Aprobacin de Produccin - KAIZEN/apo_seleccione_cliente' is clicked on

2020-02-11 11:09:36 - [TEST_STEP][PASSED] - click(findTestObject("Object Repository/Page_Aprobacin de Produccin - KAIZEN/apo_click_selecione_cliente")): Object: 'Object Repository/Page_Aprobacin de Produccin - KAIZEN/apo_click_selecione_cliente' is clicked on

2020-02-11 11:09:36 - [MESSAGE][PASSED] - Object: 'Object Repository/Page_Aprobacin de Produccin - KAIZEN/apo_click_selecione_cliente' is clicked on

2020-02-11 11:09:36 - [TEST_STEP][PASSED] - selectOptionByValue(findTestObject("Object Repository/Page_Aprobacin de Produccin - KAIZEN/apo_assing_selecione_cliente"), IDCliente, true): All options with value '2' are selected in object 'Object Repository/Page_Aprobacin de Produccin - KAIZEN/apo_assing_selecione_cliente'  using regular expression

2020-02-11 11:09:38 - [MESSAGE][PASSED] - All options with value '2' are selected in object 'Object Repository/Page_Aprobacin de Produccin - KAIZEN/apo_assing_selecione_cliente'  using regular expression

2020-02-11 11:09:38 - [TEST_STEP][PASSED] - click(findTestObject("Object Repository/Page_Aprobacin de Produccin - KAIZEN/apo_Buscar")): Object: 'Object Repository/Page_Aprobacin de Produccin - KAIZEN/apo_Buscar' is clicked on

2020-02-11 11:09:42 - [MESSAGE][PASSED] - Object: 'Object Repository/Page_Aprobacin de Produccin - KAIZEN/apo_Buscar' is clicked on

2020-02-11 11:09:42 - [TEST_STEP][PASSED] - executeJavaScript("document.querySelector('.btn-info[href="/PedidoLubricante/DetalleAprobacion/" + IDPedido + "?Ventana=3"]').click()", null): Execute JavaScript 'document.querySelector('.btn-info[href="/PedidoLubricante/DetalleAprobacion/182?Ventana=3"]').click()' successfully

2020-02-11 11:09:44 - [MESSAGE][PASSED] - Execute JavaScript 'document.querySelector('.btn-info[href="/PedidoLubricante/DetalleAprobacion/182?Ventana=3"]').click()' successfully

2020-02-11 11:09:44 - [TEST_STEP][PASSED] - delay(5): Delayed 5 second(s)

2020-02-11 11:09:49 - [MESSAGE][PASSED] - Delayed 5 second(s)

2020-02-11 11:09:49 - [TEST_STEP][PASSED] - if (AprobacionProduccion == "Aprobar"): Object: 'Object Repository/Page_- KAIZEN/apo_btn_Aceptar' is clicked on

2020-02-11 11:09:49 - [TEST_STEP][PASSED] - click(findTestObject("Object Repository/Page_- KAIZEN/apo_Aprobar")): Object: 'Object Repository/Page_- KAIZEN/apo_Aprobar' is clicked on

2020-02-11 11:09:50 - [MESSAGE][PASSED] - Object: 'Object Repository/Page_- KAIZEN/apo_Aprobar' is clicked on

2020-02-11 11:09:50 - [TEST_STEP][PASSED] - click(findTestObject("Object Repository/Page_- KAIZEN/apo_btn_Aceptar")): Object: 'Object Repository/Page_- KAIZEN/apo_btn_Aceptar' is clicked on

2020-02-11 11:09:52 - [MESSAGE][PASSED] - Object: 'Object Repository/Page_- KAIZEN/apo_btn_Aceptar' is clicked on

2020-02-11 11:09:52 - [TEST_STEP][PASSED] - delay(10): Delayed 10 second(s)

2020-02-11 11:10:02 - [MESSAGE][PASSED] - Delayed 10 second(s)

2020-02-11 11:10:02 - [MESSAGE][PASSED] - Call Test Case 'Test Cases/Individual_Tests_20pies/Aprobacion_Produccion' successfully

2020-02-11 11:10:02 - [TEST_STEP][PASSED] - callTestCase(findTestCase("Individual_Tests_20pies/Login"), ["Evento":"Aprobar", "Index":Index, "Usuario":Usuario, "Contrasena":Contrasena], STOP_ON_FAILURE): Call Test Case 'Test Cases/Individual_Tests_20pies/Login' successfully

2020-02-11 11:10:02 - [TEST_CASE][PASSED] - Test Cases/Individual_Tests_20pies/Login: Test Cases/Individual_Tests_20pies/Login

2020-02-11 11:10:02 - [TEST_STEP][PASSED] - print("Evento Seleccionado: " + Evento + "
"): null

2020-02-11 11:10:02 - [TEST_STEP][PASSED] - openBrowser(Web): Browser is opened with url: 'http://test.kaizendev.net/Login/Accesar?salir=true'

2020-02-11 11:10:02 - [MESSAGE][WARNING] - A browser is already opened. Closing browser and opening a new one

2020-02-11 11:10:03 - [MESSAGE][INFO] - Starting 'Chrome' driver

2020-02-11 11:10:15 - [MESSAGE][PASSED] - Browser is opened with url: 'http://test.kaizendev.net/Login/Accesar?salir=true'

2020-02-11 11:10:15 - [TEST_STEP][PASSED] - maximizeWindow(): Current window maximized

2020-02-11 11:10:16 - [MESSAGE][PASSED] - Current window maximized

2020-02-11 11:10:16 - [TEST_STEP][PASSED] - if (Evento == "Crear"): null

2020-02-11 11:10:16 - [TEST_STEP][PASSED] - else if (Evento == "Aprobar"): Object: 'Object Repository/Page_Iniciar Sesion - KAIZEN/is_btn_ingresar_sistema' is clicked on

2020-02-11 11:10:16 - [TEST_STEP][PASSED] - data2 = obtener_excels.obtener_aprobaciones_20pies.getValuesExcelAprob20(Index): obtener_excels.obtener_aprobaciones_20pies.getValuesExcelAprob20 is PASSED

2020-02-11 11:10:16 - [MESSAGE][PASSED] - obtener_excels.obtener_aprobaciones_20pies.getValuesExcelAprob20 is PASSED

2020-02-11 11:10:16 - [TEST_STEP][PASSED] - Usuario = data2[1]: null

2020-02-11 11:10:16 - [TEST_STEP][PASSED] - Contrasena = data2[2]: null

2020-02-11 11:10:16 - [TEST_STEP][PASSED] - setText(findTestObject("Page_Iniciar Sesion - KAIZEN/is_input_email"), Usuario): Text 'automated.test@grupokaizen.net' is set on object 'Object Repository/Page_Iniciar Sesion - KAIZEN/is_input_email'

2020-02-11 11:10:17 - [MESSAGE][PASSED] - Text 'automated.test@grupokaizen.net' is set on object 'Object Repository/Page_Iniciar Sesion - KAIZEN/is_input_email'

2020-02-11 11:10:17 - [TEST_STEP][PASSED] - setEncryptedText(findTestObject("Page_Iniciar Sesion - KAIZEN/IS_input_contrasena"), Contrasena): Text ****** has been set on object 'Object Repository/Page_Iniciar Sesion - KAIZEN/IS_input_contrasena'

2020-02-11 11:10:17 - [MESSAGE][PASSED] - Text ****** has been set on object 'Object Repository/Page_Iniciar Sesion - KAIZEN/IS_input_contrasena'

2020-02-11 11:10:17 - [TEST_STEP][PASSED] - click(findTestObject("Page_Iniciar Sesion - KAIZEN/is_btn_ingresar_sistema")): Object: 'Object Repository/Page_Iniciar Sesion - KAIZEN/is_btn_ingresar_sistema' is clicked on

2020-02-11 11:10:19 - [MESSAGE][PASSED] - Object: 'Object Repository/Page_Iniciar Sesion - KAIZEN/is_btn_ingresar_sistema' is clicked on

2020-02-11 11:10:19 - [MESSAGE][PASSED] - Call Test Case 'Test Cases/Individual_Tests_20pies/Login' successfully

2020-02-11 11:10:19 - [TEST_STEP][PASSED] - callTestCase(findTestCase("Individual_Tests_20pies/Seleccionar_Idioma"), ["Evento":"Aprobar", "Index":Index, "Idioma":Idioma], STOP_ON_FAILURE): Call Test Case 'Test Cases/Individual_Tests_20pies/Seleccionar_Idioma' successfully

2020-02-11 11:10:19 - [TEST_CASE][PASSED] - Test Cases/Individual_Tests_20pies/Seleccionar_Idioma: Test Cases/Individual_Tests_20pies/Seleccionar_Idioma

2020-02-11 11:10:19 - [TEST_STEP][PASSED] - if (Evento == "Crear"): null

2020-02-11 11:10:19 - [TEST_STEP][PASSED] - else if (Evento == "Aprobar"): null

2020-02-11 11:10:19 - [TEST_STEP][PASSED] - data2 = obtener_excels.obtener_aprobaciones_20pies.getValuesExcelAprob20(Index): obtener_excels.obtener_aprobaciones_20pies.getValuesExcelAprob20 is PASSED

2020-02-11 11:10:19 - [MESSAGE][PASSED] - obtener_excels.obtener_aprobaciones_20pies.getValuesExcelAprob20 is PASSED

2020-02-11 11:10:19 - [TEST_STEP][PASSED] - Idioma = data2[0]: null

2020-02-11 11:10:19 - [TEST_STEP][PASSED] - click(findTestObject("Page_- KAIZEN/si_btn_idioma")): Object: 'Object Repository/Page_- KAIZEN/si_btn_idioma' is clicked on

2020-02-11 11:10:20 - [MESSAGE][PASSED] - Object: 'Object Repository/Page_- KAIZEN/si_btn_idioma' is clicked on

2020-02-11 11:10:20 - [TEST_STEP][PASSED] - if (Idioma == "0"): null

2020-02-11 11:10:20 - [TEST_STEP][PASSED] - else: Object: 'Object Repository/Page_- KAIZEN/si_Spanish' is clicked on

2020-02-11 11:10:20 - [TEST_STEP][PASSED] - click(findTestObject("Page_- KAIZEN/si_Spanish")): Object: 'Object Repository/Page_- KAIZEN/si_Spanish' is clicked on

2020-02-11 11:10:22 - [MESSAGE][PASSED] - Object: 'Object Repository/Page_- KAIZEN/si_Spanish' is clicked on

2020-02-11 11:10:22 - [MESSAGE][PASSED] - Call Test Case 'Test Cases/Individual_Tests_20pies/Seleccionar_Idioma' successfully

2020-02-11 11:10:22 - [TEST_STEP][PASSED] - callTestCase(findTestCase("Individual_Tests_20pies/Aprobacion_Produccion"), ["Index":Index, "IDCliente":IDCliente, "IDPedido":IDPedido, "AprobacionProduccion":AprobacionProduccion], STOP_ON_FAILURE): Call Test Case 'Test Cases/Individual_Tests_20pies/Aprobacion_Produccion' successfully

2020-02-11 11:10:22 - [TEST_CASE][PASSED] - Test Cases/Individual_Tests_20pies/Aprobacion_Produccion: Test Cases/Individual_Tests_20pies/Aprobacion_Produccion

2020-02-11 11:10:22 - [TEST_STEP][PASSED] - data = obtener_excels.obtener_aprobaciones_20pies.getValuesExcelAprob20(Index): obtener_excels.obtener_aprobaciones_20pies.getValuesExcelAprob20 is PASSED

2020-02-11 11:10:22 - [MESSAGE][PASSED] - obtener_excels.obtener_aprobaciones_20pies.getValuesExcelAprob20 is PASSED

2020-02-11 11:10:22 - [TEST_STEP][PASSED] - IdPedido = data[3]: null

2020-02-11 11:10:22 - [TEST_STEP][PASSED] - Id_Cliente = data[4]: null

2020-02-11 11:10:22 - [TEST_STEP][PASSED] - AprobProduccion = data[7]: null

2020-02-11 11:10:22 - [TEST_STEP][PASSED] - IDPedido = IdPedido: null

2020-02-11 11:10:22 - [TEST_STEP][PASSED] - IDCliente = Id_Cliente: null

2020-02-11 11:10:22 - [TEST_STEP][PASSED] - AprobacionProduccion = AprobProduccion: null

2020-02-11 11:10:22 - [TEST_STEP][PASSED] - click(findTestObject("Object Repository/Page_- KAIZEN/apo_menuOperaciones")): Object: 'Object Repository/Page_- KAIZEN/apo_menuOperaciones' is clicked on

2020-02-11 11:10:23 - [MESSAGE][PASSED] - Object: 'Object Repository/Page_- KAIZEN/apo_menuOperaciones' is clicked on

2020-02-11 11:10:23 - [TEST_STEP][PASSED] - click(findTestObject("Object Repository/Page_- KAIZEN/apo_menu_aprobacion_produccin")): Object: 'Object Repository/Page_- KAIZEN/apo_menu_aprobacion_produccin' is clicked on

2020-02-11 11:10:25 - [MESSAGE][PASSED] - Object: 'Object Repository/Page_- KAIZEN/apo_menu_aprobacion_produccin' is clicked on

2020-02-11 11:10:25 - [TEST_STEP][PASSED] - click(findTestObject("Object Repository/Page_Aprobacin de Produccin - KAIZEN/apo_click_aprobacion_produccin")): Object: 'Object Repository/Page_Aprobacin de Produccin - KAIZEN/apo_click_aprobacion_produccin' is clicked on

2020-02-11 11:10:26 - [MESSAGE][PASSED] - Object: 'Object Repository/Page_Aprobacin de Produccin - KAIZEN/apo_click_aprobacion_produccin' is clicked on

2020-02-11 11:10:26 - [TEST_STEP][PASSED] - click(findTestObject("Object Repository/Page_Aprobacin de Produccin - KAIZEN/apo_seleccione_cliente")): Object: 'Object Repository/Page_Aprobacin de Produccin - KAIZEN/apo_seleccione_cliente' is clicked on

2020-02-11 11:10:26 - [MESSAGE][PASSED] - Object: 'Object Repository/Page_Aprobacin de Produccin - KAIZEN/apo_seleccione_cliente' is clicked on

2020-02-11 11:10:26 - [TEST_STEP][PASSED] - click(findTestObject("Object Repository/Page_Aprobacin de Produccin - KAIZEN/apo_click_selecione_cliente")): Object: 'Object Repository/Page_Aprobacin de Produccin - KAIZEN/apo_click_selecione_cliente' is clicked on

2020-02-11 11:10:27 - [MESSAGE][PASSED] - Object: 'Object Repository/Page_Aprobacin de Produccin - KAIZEN/apo_click_selecione_cliente' is clicked on

2020-02-11 11:10:27 - [TEST_STEP][PASSED] - selectOptionByValue(findTestObject("Object Repository/Page_Aprobacin de Produccin - KAIZEN/apo_assing_selecione_cliente"), IDCliente, true): All options with value '7' are selected in object 'Object Repository/Page_Aprobacin de Produccin - KAIZEN/apo_assing_selecione_cliente'  using regular expression

2020-02-11 11:10:28 - [MESSAGE][PASSED] - All options with value '7' are selected in object 'Object Repository/Page_Aprobacin de Produccin - KAIZEN/apo_assing_selecione_cliente'  using regular expression

2020-02-11 11:10:28 - [TEST_STEP][PASSED] - click(findTestObject("Object Repository/Page_Aprobacin de Produccin - KAIZEN/apo_Buscar")): Object: 'Object Repository/Page_Aprobacin de Produccin - KAIZEN/apo_Buscar' is clicked on

2020-02-11 11:10:32 - [MESSAGE][PASSED] - Object: 'Object Repository/Page_Aprobacin de Produccin - KAIZEN/apo_Buscar' is clicked on

2020-02-11 11:10:32 - [TEST_STEP][PASSED] - executeJavaScript("document.querySelector('.btn-info[href="/PedidoLubricante/DetalleAprobacion/" + IDPedido + "?Ventana=3"]').click()", null): Execute JavaScript 'document.querySelector('.btn-info[href="/PedidoLubricante/DetalleAprobacion/214?Ventana=3"]').click()' successfully

2020-02-11 11:10:34 - [MESSAGE][PASSED] - Execute JavaScript 'document.querySelector('.btn-info[href="/PedidoLubricante/DetalleAprobacion/214?Ventana=3"]').click()' successfully

2020-02-11 11:10:34 - [TEST_STEP][PASSED] - delay(5): Delayed 5 second(s)

2020-02-11 11:10:39 - [MESSAGE][PASSED] - Delayed 5 second(s)

2020-02-11 11:10:39 - [TEST_STEP][PASSED] - if (AprobacionProduccion == "Aprobar"): null

2020-02-11 11:10:39 - [TEST_STEP][PASSED] - else: Object: 'Object Repository/Page_- KAIZEN/apo_btn_Aceptar' is clicked on

2020-02-11 11:10:39 - [TEST_STEP][PASSED] - click(findTestObject("Object Repository/Page_- KAIZEN/apo_Denegar")): Object: 'Object Repository/Page_- KAIZEN/apo_Denegar' is clicked on

2020-02-11 11:10:40 - [MESSAGE][PASSED] - Object: 'Object Repository/Page_- KAIZEN/apo_Denegar' is clicked on

2020-02-11 11:10:40 - [TEST_STEP][PASSED] - click(findTestObject("Object Repository/Page_- KAIZEN/apo_btn_Aceptar")): Object: 'Object Repository/Page_- KAIZEN/apo_btn_Aceptar' is clicked on

2020-02-11 11:10:40 - [MESSAGE][PASSED] - Object: 'Object Repository/Page_- KAIZEN/apo_btn_Aceptar' is clicked on

2020-02-11 11:10:40 - [TEST_STEP][PASSED] - delay(10): Delayed 10 second(s)

2020-02-11 11:10:50 - [MESSAGE][PASSED] - Delayed 10 second(s)

2020-02-11 11:10:50 - [MESSAGE][PASSED] - Call Test Case 'Test Cases/Individual_Tests_20pies/Aprobacion_Produccion' successfully]]></system-out>
         <system-err><![CDATA[]]></system-err>
      </testcase>
      <system-out><![CDATA[2020-02-11 11:08:08 - [TEST_SUITE][PASSED] - 2-Aprobaciones_20_TestSuites: Test Cases/Secuencias de Ejecucion/TC_Aprobar_Produccion_20pies]]></system-out>
      <system-err><![CDATA[]]></system-err>
   </testsuite>
</testsuites>
