<?xml version="1.0" encoding="UTF-8"?>
<testsuites name="Flujo Completo Mov Inventario" time="274.941" tests="1" failures="0" errors="1">
   <testsuite name="Flujo Completo Mov Inventario" tests="1" failures="0" errors="1" time="274.941" timestamp="2020-03-04 10:27:54" hostname="kaizen - LAPTOP-K43U1BVQ" id="Test Suites/Funcionalidades_Pedidos/Flujo Completo Mov Inventario">
      <properties>
         <property name="deviceName" value=""/>
         <property name="devicePlatform" value=""/>
         <property name="logFolder" value="C:\\Users\\kaizen\\git\\AutomatizacionKatalon\\Reports\\20200304_102745\\Funcionalidades_Pedidos\\Flujo Completo Mov Inventario\\20200304_102745"/>
         <property name="logFiles" value="C:\\Users\\kaizen\\git\\AutomatizacionKatalon\\Reports\\20200304_102745\\Funcionalidades_Pedidos\\Flujo Completo Mov Inventario\\20200304_102745\\execution0.log"/>
         <property name="attachments" value=""/>
         <property name="hostName" value="kaizen - LAPTOP-K43U1BVQ"/>
         <property name="os" value="Windows 10 64bit"/>
         <property name="katalonVersion" value="7.2.1.1"/>
         <property name="browser" value="Chrome 80.0.3987.122"/>
         <property name="hostAddress" value="192.168.99.1"/>
         <property name="sessionId" value="cae7a9d09bfc95a931eeff47a63f57e6"/>
         <property name="seleniumVersion" value="3.141.59"/>
         <property name="proxyInformation" value="ProxyInformation{proxyOption=NO_PROXY, proxyServerType=HTTP, password=, proxyServerAddress=, proxyServerPort=0, executionList=}"/>
         <property name="platform" value="Windows 10"/>
      </properties>
      <testcase name="Test Cases/Secuencias de Ejecucion/TC_Agregar_Movimiento_Inventario" time="273.728" classname="Test Cases/Secuencias de Ejecucion/TC_Agregar_Movimiento_Inventario" status="ERROR">
         <error type="ERROR" message="Test Cases/Secuencias de Ejecucion/TC_Agregar_Movimiento_Inventario FAILED.
Reason:
com.kms.katalon.core.exception.StepErrorException: Call Test Case 'Test Cases/Individual_Tests/Movimientos_Inventario' failed because of error(s)
	at com.kms.katalon.core.keyword.builtin.CallTestCaseKeyword$_callTestCase_closure1.doCall(CallTestCaseKeyword.groovy:66)
	at com.kms.katalon.core.keyword.builtin.CallTestCaseKeyword$_callTestCase_closure1.call(CallTestCaseKeyword.groovy)
	at com.kms.katalon.core.keyword.internal.KeywordMain.runKeyword(KeywordMain.groovy:68)
	at com.kms.katalon.core.keyword.builtin.CallTestCaseKeyword.callTestCase(CallTestCaseKeyword.groovy:81)
	at com.kms.katalon.core.keyword.builtin.CallTestCaseKeyword.execute(CallTestCaseKeyword.groovy:44)
	at com.kms.katalon.core.keyword.internal.KeywordExecutor.executeKeywordForPlatform(KeywordExecutor.groovy:72)
	at com.kms.katalon.core.keyword.BuiltinKeywords.callTestCase(BuiltinKeywords.groovy:334)
	at TC_Agregar_Movimiento_Inventario.run(TC_Agregar_Movimiento_Inventario:31)
	at com.kms.katalon.core.main.ScriptEngine.run(ScriptEngine.java:194)
	at com.kms.katalon.core.main.ScriptEngine.runScriptAsRawText(ScriptEngine.java:119)
	at com.kms.katalon.core.main.TestCaseExecutor.runScript(TestCaseExecutor.java:337)
	at com.kms.katalon.core.main.TestCaseExecutor.doExecute(TestCaseExecutor.java:328)
	at com.kms.katalon.core.main.TestCaseExecutor.processExecutionPhase(TestCaseExecutor.java:307)
	at com.kms.katalon.core.main.TestCaseExecutor.accessMainPhase(TestCaseExecutor.java:299)
	at com.kms.katalon.core.main.TestCaseExecutor.execute(TestCaseExecutor.java:233)
	at com.kms.katalon.core.main.TestSuiteExecutor.accessTestCaseMainPhase(TestSuiteExecutor.java:169)
	at com.kms.katalon.core.main.TestSuiteExecutor.accessTestSuiteMainPhase(TestSuiteExecutor.java:142)
	at com.kms.katalon.core.main.TestSuiteExecutor.execute(TestSuiteExecutor.java:91)
	at com.kms.katalon.core.main.TestCaseMain.startTestSuite(TestCaseMain.java:157)
	at com.kms.katalon.core.main.TestCaseMain$startTestSuite$0.call(Unknown Source)
	at TempTestSuite1583332071640.run(TempTestSuite1583332071640.groovy:36)
Caused by: org.codehaus.groovy.runtime.InvokerInvocationException: java.io.FileNotFoundException: C:\Users\kaizen\git\AutomatizacionKatalon\Pedidos\DataExcel\ReporteInventarioKatalon.xlsx (The process cannot access the file because it is being used by another process)
	at exportar_archivos.reporteInventario.invokeMethod(reporteInventario.groovy)
	at com.kms.katalon.core.main.CustomKeywordDelegatingMetaClass.invokeStaticMethod(CustomKeywordDelegatingMetaClass.java:50)
	at Movimientos_Inventario.run(Movimientos_Inventario:157)
	at com.kms.katalon.core.main.ScriptEngine.run(ScriptEngine.java:194)
	at com.kms.katalon.core.main.ScriptEngine.runScriptAsRawText(ScriptEngine.java:119)
	at com.kms.katalon.core.main.TestCaseExecutor.runScript(TestCaseExecutor.java:337)
	at com.kms.katalon.core.main.TestCaseExecutor.doExecute(TestCaseExecutor.java:328)
	at com.kms.katalon.core.main.TestCaseExecutor.processExecutionPhase(TestCaseExecutor.java:307)
	at com.kms.katalon.core.main.TestCaseExecutor.accessMainPhase(TestCaseExecutor.java:299)
	at com.kms.katalon.core.main.TestCaseExecutor.execute(TestCaseExecutor.java:233)
	at com.kms.katalon.core.main.TestCaseMain.runTestCase(TestCaseMain.java:114)
	at com.kms.katalon.core.keyword.builtin.CallTestCaseKeyword$_callTestCase_closure1.doCall(CallTestCaseKeyword.groovy:59)
	... 20 more
Caused by: java.io.FileNotFoundException: C:\Users\kaizen\git\AutomatizacionKatalon\Pedidos\DataExcel\ReporteInventarioKatalon.xlsx (The process cannot access the file because it is being used by another process)
	at exportar_archivos.reporteInventario.reporteInv(reporteInventario.groovy:135)
	... 32 more
"/>
         <system-out><![CDATA[2020-03-04 10:27:54 - [TEST_CASE][ERROR] - Test Cases/Secuencias de Ejecucion/TC_Agregar_Movimiento_Inventario: Test Cases/Secuencias de Ejecucion/TC_Agregar_Movimiento_Inventario FAILED.
Reason:
com.kms.katalon.core.exception.StepErrorException: Call Test Case 'Test Cases/Individual_Tests/Movimientos_Inventario' failed because of error(s)
	at com.kms.katalon.core.keyword.builtin.CallTestCaseKeyword$_callTestCase_closure1.doCall(CallTestCaseKeyword.groovy:66)
	at com.kms.katalon.core.keyword.builtin.CallTestCaseKeyword$_callTestCase_closure1.call(CallTestCaseKeyword.groovy)
	at com.kms.katalon.core.keyword.internal.KeywordMain.runKeyword(KeywordMain.groovy:68)
	at com.kms.katalon.core.keyword.builtin.CallTestCaseKeyword.callTestCase(CallTestCaseKeyword.groovy:81)
	at com.kms.katalon.core.keyword.builtin.CallTestCaseKeyword.execute(CallTestCaseKeyword.groovy:44)
	at com.kms.katalon.core.keyword.internal.KeywordExecutor.executeKeywordForPlatform(KeywordExecutor.groovy:72)
	at com.kms.katalon.core.keyword.BuiltinKeywords.callTestCase(BuiltinKeywords.groovy:334)
	at TC_Agregar_Movimiento_Inventario.run(TC_Agregar_Movimiento_Inventario:31)
	at com.kms.katalon.core.main.ScriptEngine.run(ScriptEngine.java:194)
	at com.kms.katalon.core.main.ScriptEngine.runScriptAsRawText(ScriptEngine.java:119)
	at com.kms.katalon.core.main.TestCaseExecutor.runScript(TestCaseExecutor.java:337)
	at com.kms.katalon.core.main.TestCaseExecutor.doExecute(TestCaseExecutor.java:328)
	at com.kms.katalon.core.main.TestCaseExecutor.processExecutionPhase(TestCaseExecutor.java:307)
	at com.kms.katalon.core.main.TestCaseExecutor.accessMainPhase(TestCaseExecutor.java:299)
	at com.kms.katalon.core.main.TestCaseExecutor.execute(TestCaseExecutor.java:233)
	at com.kms.katalon.core.main.TestSuiteExecutor.accessTestCaseMainPhase(TestSuiteExecutor.java:169)
	at com.kms.katalon.core.main.TestSuiteExecutor.accessTestSuiteMainPhase(TestSuiteExecutor.java:142)
	at com.kms.katalon.core.main.TestSuiteExecutor.execute(TestSuiteExecutor.java:91)
	at com.kms.katalon.core.main.TestCaseMain.startTestSuite(TestCaseMain.java:157)
	at com.kms.katalon.core.main.TestCaseMain$startTestSuite$0.call(Unknown Source)
	at TempTestSuite1583332071640.run(TempTestSuite1583332071640.groovy:36)
Caused by: org.codehaus.groovy.runtime.InvokerInvocationException: java.io.FileNotFoundException: C:\Users\kaizen\git\AutomatizacionKatalon\Pedidos\DataExcel\ReporteInventarioKatalon.xlsx (The process cannot access the file because it is being used by another process)
	at exportar_archivos.reporteInventario.invokeMethod(reporteInventario.groovy)
	at com.kms.katalon.core.main.CustomKeywordDelegatingMetaClass.invokeStaticMethod(CustomKeywordDelegatingMetaClass.java:50)
	at Movimientos_Inventario.run(Movimientos_Inventario:157)
	at com.kms.katalon.core.main.ScriptEngine.run(ScriptEngine.java:194)
	at com.kms.katalon.core.main.ScriptEngine.runScriptAsRawText(ScriptEngine.java:119)
	at com.kms.katalon.core.main.TestCaseExecutor.runScript(TestCaseExecutor.java:337)
	at com.kms.katalon.core.main.TestCaseExecutor.doExecute(TestCaseExecutor.java:328)
	at com.kms.katalon.core.main.TestCaseExecutor.processExecutionPhase(TestCaseExecutor.java:307)
	at com.kms.katalon.core.main.TestCaseExecutor.accessMainPhase(TestCaseExecutor.java:299)
	at com.kms.katalon.core.main.TestCaseExecutor.execute(TestCaseExecutor.java:233)
	at com.kms.katalon.core.main.TestCaseMain.runTestCase(TestCaseMain.java:114)
	at com.kms.katalon.core.keyword.builtin.CallTestCaseKeyword$_callTestCase_closure1.doCall(CallTestCaseKeyword.groovy:59)
	... 20 more
Caused by: java.io.FileNotFoundException: C:\Users\kaizen\git\AutomatizacionKatalon\Pedidos\DataExcel\ReporteInventarioKatalon.xlsx (The process cannot access the file because it is being used by another process)
	at exportar_archivos.reporteInventario.reporteInv(reporteInventario.groovy:135)
	... 32 more


2020-03-04 10:27:55 - [TEST_STEP][PASSED] - archivo = $RunConfiguration.getProjectDir()/Pedidos/DataExcel/MovimientoDeInventario.xlsx: null

2020-03-04 10:27:55 - [TEST_STEP][PASSED] - excelData = getExcelDataWithDefaultSheet(archivo, "Sheet1", true): null

2020-03-04 10:27:56 - [TEST_STEP][FAILED] - for ([Index = 1, Index <= excelData.getRowNumbers(), (Index++)]): Unable to call Test Case 'Test Cases/Individual_Tests/Movimientos_Inventario' (Root cause: com.kms.katalon.core.exception.StepErrorException: Call Test Case 'Test Cases/Individual_Tests/Movimientos_Inventario' failed because of error(s)
	at com.kms.katalon.core.keyword.builtin.CallTestCaseKeyword$_callTestCase_closure1.doCall(CallTestCaseKeyword.groovy:66)
	at com.kms.katalon.core.keyword.builtin.CallTestCaseKeyword$_callTestCase_closure1.call(CallTestCaseKeyword.groovy)
	at com.kms.katalon.core.keyword.internal.KeywordMain.runKeyword(KeywordMain.groovy:68)
	at com.kms.katalon.core.keyword.builtin.CallTestCaseKeyword.callTestCase(CallTestCaseKeyword.groovy:81)
	at com.kms.katalon.core.keyword.builtin.CallTestCaseKeyword.execute(CallTestCaseKeyword.groovy:44)
	at com.kms.katalon.core.keyword.internal.KeywordExecutor.executeKeywordForPlatform(KeywordExecutor.groovy:72)
	at com.kms.katalon.core.keyword.BuiltinKeywords.callTestCase(BuiltinKeywords.groovy:334)
	at TC_Agregar_Movimiento_Inventario.run(TC_Agregar_Movimiento_Inventario:31)
	at com.kms.katalon.core.main.ScriptEngine.run(ScriptEngine.java:194)
	at com.kms.katalon.core.main.ScriptEngine.runScriptAsRawText(ScriptEngine.java:119)
	at com.kms.katalon.core.main.TestCaseExecutor.runScript(TestCaseExecutor.java:337)
	at com.kms.katalon.core.main.TestCaseExecutor.doExecute(TestCaseExecutor.java:328)
	at com.kms.katalon.core.main.TestCaseExecutor.processExecutionPhase(TestCaseExecutor.java:307)
	at com.kms.katalon.core.main.TestCaseExecutor.accessMainPhase(TestCaseExecutor.java:299)
	at com.kms.katalon.core.main.TestCaseExecutor.execute(TestCaseExecutor.java:233)
	at com.kms.katalon.core.main.TestSuiteExecutor.accessTestCaseMainPhase(TestSuiteExecutor.java:169)
	at com.kms.katalon.core.main.TestSuiteExecutor.accessTestSuiteMainPhase(TestSuiteExecutor.java:142)
	at com.kms.katalon.core.main.TestSuiteExecutor.execute(TestSuiteExecutor.java:91)
	at com.kms.katalon.core.main.TestCaseMain.startTestSuite(TestCaseMain.java:157)
	at com.kms.katalon.core.main.TestCaseMain$startTestSuite$0.call(Unknown Source)
	at TempTestSuite1583332071640.run(TempTestSuite1583332071640.groovy:36)
Caused by: org.codehaus.groovy.runtime.InvokerInvocationException: java.io.FileNotFoundException: C:\Users\kaizen\git\AutomatizacionKatalon\Pedidos\DataExcel\ReporteInventarioKatalon.xlsx (The process cannot access the file because it is being used by another process)
	at exportar_archivos.reporteInventario.invokeMethod(reporteInventario.groovy)
	at com.kms.katalon.core.main.CustomKeywordDelegatingMetaClass.invokeStaticMethod(CustomKeywordDelegatingMetaClass.java:50)
	at Movimientos_Inventario.run(Movimientos_Inventario:157)
	at com.kms.katalon.core.main.ScriptEngine.run(ScriptEngine.java:194)
	at com.kms.katalon.core.main.ScriptEngine.runScriptAsRawText(ScriptEngine.java:119)
	at com.kms.katalon.core.main.TestCaseExecutor.runScript(TestCaseExecutor.java:337)
	at com.kms.katalon.core.main.TestCaseExecutor.doExecute(TestCaseExecutor.java:328)
	at com.kms.katalon.core.main.TestCaseExecutor.processExecutionPhase(TestCaseExecutor.java:307)
	at com.kms.katalon.core.main.TestCaseExecutor.accessMainPhase(TestCaseExecutor.java:299)
	at com.kms.katalon.core.main.TestCaseExecutor.execute(TestCaseExecutor.java:233)
	at com.kms.katalon.core.main.TestCaseMain.runTestCase(TestCaseMain.java:114)
	at com.kms.katalon.core.keyword.builtin.CallTestCaseKeyword$_callTestCase_closure1.doCall(CallTestCaseKeyword.groovy:59)
	... 20 more
Caused by: java.io.FileNotFoundException: C:\Users\kaizen\git\AutomatizacionKatalon\Pedidos\DataExcel\ReporteInventarioKatalon.xlsx (The process cannot access the file because it is being used by another process)
	at exportar_archivos.reporteInventario.reporteInv(reporteInventario.groovy:135)
	... 32 more
)

2020-03-04 10:27:56 - [TEST_STEP][PASSED] - callTestCase(findTestCase("Individual_Tests/Login"), ["Evento":"MovimientoDeInventario", "Index":Index, "Usuario":"", "Contrasena":""], STOP_ON_FAILURE): Call Test Case 'Test Cases/Individual_Tests/Login' successfully

2020-03-04 10:27:56 - [TEST_CASE][PASSED] - Test Cases/Individual_Tests/Login: Test Cases/Individual_Tests/Login

2020-03-04 10:27:57 - [TEST_STEP][PASSED] - print("Evento Seleccionado: " + Evento + "
"): null

2020-03-04 10:27:57 - [TEST_STEP][PASSED] - openBrowser(Web): Browser is opened with url: 'http://test.kaizendev.net/Login/Accesar?salir=true'

2020-03-04 10:27:57 - [MESSAGE][INFO] - Starting 'Chrome' driver

2020-03-04 10:27:57 - [MESSAGE][INFO] - Action delay is set to 0 seconds

2020-03-04 10:28:16 - [MESSAGE][PASSED] - Browser is opened with url: 'http://test.kaizendev.net/Login/Accesar?salir=true'

2020-03-04 10:28:16 - [TEST_STEP][PASSED] - maximizeWindow(): Current window maximized

2020-03-04 10:28:17 - [MESSAGE][PASSED] - Current window maximized

2020-03-04 10:28:17 - [TEST_STEP][PASSED] - if (Evento == "Crear20"): null

2020-03-04 10:28:17 - [TEST_STEP][PASSED] - else if (Evento == "Crear40"): null

2020-03-04 10:28:17 - [TEST_STEP][PASSED] - else if (Evento == "Aprobar"): null

2020-03-04 10:28:17 - [TEST_STEP][PASSED] - else if (Evento == "Logistica"): null

2020-03-04 10:28:17 - [TEST_STEP][PASSED] - else if (Evento == "Produccion"): null

2020-03-04 10:28:17 - [TEST_STEP][PASSED] - else if (Evento == "Inventario"): null

2020-03-04 10:28:17 - [TEST_STEP][PASSED] - else if (Evento == "Despacho"): null

2020-03-04 10:28:17 - [TEST_STEP][PASSED] - else if (Evento == "ProductoAlmacen"): null

2020-03-04 10:28:17 - [TEST_STEP][PASSED] - else if (Evento == "MovimientoDeInventario"): Object: 'Object Repository/Page_Iniciar Sesion - KAIZEN/is_btn_ingresar_sistema' is clicked on

2020-03-04 10:28:17 - [TEST_STEP][PASSED] - data8 = obtener_excels.obtener_mov_inventario.getValuesExcelMovInventario(Index): obtener_excels.obtener_mov_inventario.getValuesExcelMovInventario is PASSED

2020-03-04 10:28:18 - [MESSAGE][PASSED] - obtener_excels.obtener_mov_inventario.getValuesExcelMovInventario is PASSED

2020-03-04 10:28:18 - [TEST_STEP][PASSED] - Usuario = data8[1]: null

2020-03-04 10:28:18 - [TEST_STEP][PASSED] - Contrasena = data8[2]: null

2020-03-04 10:28:18 - [TEST_STEP][PASSED] - setText(findTestObject("Page_Iniciar Sesion - KAIZEN/is_input_email"), Usuario): Text 'automated.test@grupokaizen.net' is set on object 'Object Repository/Page_Iniciar Sesion - KAIZEN/is_input_email'

2020-03-04 10:28:19 - [MESSAGE][PASSED] - Text 'automated.test@grupokaizen.net' is set on object 'Object Repository/Page_Iniciar Sesion - KAIZEN/is_input_email'

2020-03-04 10:28:19 - [TEST_STEP][PASSED] - setEncryptedText(findTestObject("Page_Iniciar Sesion - KAIZEN/IS_input_contrasena"), Contrasena): Text ****** has been set on object 'Object Repository/Page_Iniciar Sesion - KAIZEN/IS_input_contrasena'

2020-03-04 10:28:19 - [MESSAGE][PASSED] - Text ****** has been set on object 'Object Repository/Page_Iniciar Sesion - KAIZEN/IS_input_contrasena'

2020-03-04 10:28:19 - [TEST_STEP][PASSED] - click(findTestObject("Page_Iniciar Sesion - KAIZEN/is_btn_ingresar_sistema")): Object: 'Object Repository/Page_Iniciar Sesion - KAIZEN/is_btn_ingresar_sistema' is clicked on

2020-03-04 10:28:22 - [MESSAGE][PASSED] - Object: 'Object Repository/Page_Iniciar Sesion - KAIZEN/is_btn_ingresar_sistema' is clicked on

2020-03-04 10:28:22 - [MESSAGE][PASSED] - Call Test Case 'Test Cases/Individual_Tests/Login' successfully

2020-03-04 10:28:22 - [TEST_STEP][PASSED] - callTestCase(findTestCase("Individual_Tests/Seleccionar_Idioma"), ["Evento":"MovimientoDeInventario", "Index":Index], STOP_ON_FAILURE): Call Test Case 'Test Cases/Individual_Tests/Seleccionar_Idioma' successfully

2020-03-04 10:28:22 - [TEST_CASE][PASSED] - Test Cases/Individual_Tests/Seleccionar_Idioma: Test Cases/Individual_Tests/Seleccionar_Idioma

2020-03-04 10:28:22 - [TEST_STEP][PASSED] - Idioma = 0: null

2020-03-04 10:28:22 - [TEST_STEP][PASSED] - if (Evento == "Crear20"): null

2020-03-04 10:28:22 - [TEST_STEP][PASSED] - else if (Evento == "Crear40"): null

2020-03-04 10:28:22 - [TEST_STEP][PASSED] - else if (Evento == "Aprobar"): null

2020-03-04 10:28:22 - [TEST_STEP][PASSED] - else if (Evento == "Logistica"): null

2020-03-04 10:28:22 - [TEST_STEP][PASSED] - else if (Evento == "Produccion"): null

2020-03-04 10:28:22 - [TEST_STEP][PASSED] - else if (Evento == "Inventario"): null

2020-03-04 10:28:22 - [TEST_STEP][PASSED] - else if (Evento == "Despacho"): null

2020-03-04 10:28:22 - [TEST_STEP][PASSED] - else if (Evento == "ProductoAlmacen"): null

2020-03-04 10:28:22 - [TEST_STEP][PASSED] - else if (Evento == "MovimientoDeInventario"): null

2020-03-04 10:28:22 - [TEST_STEP][PASSED] - data7 = obtener_excels.obtener_mov_inventario.getValuesExcelMovInventario(Index): obtener_excels.obtener_mov_inventario.getValuesExcelMovInventario is PASSED

2020-03-04 10:28:22 - [MESSAGE][PASSED] - obtener_excels.obtener_mov_inventario.getValuesExcelMovInventario is PASSED

2020-03-04 10:28:22 - [TEST_STEP][PASSED] - Idioma = data7[0]: null

2020-03-04 10:28:22 - [TEST_STEP][PASSED] - click(findTestObject("Page_- KAIZEN/si_btn_idioma")): Object: 'Object Repository/Page_- KAIZEN/si_btn_idioma' is clicked on

2020-03-04 10:28:23 - [MESSAGE][PASSED] - Object: 'Object Repository/Page_- KAIZEN/si_btn_idioma' is clicked on

2020-03-04 10:28:23 - [TEST_STEP][PASSED] - if (Idioma == "0"): null

2020-03-04 10:28:23 - [TEST_STEP][PASSED] - else: Object: 'Object Repository/Page_- KAIZEN/si_Spanish' is clicked on

2020-03-04 10:28:23 - [TEST_STEP][PASSED] - click(findTestObject("Page_- KAIZEN/si_Spanish")): Object: 'Object Repository/Page_- KAIZEN/si_Spanish' is clicked on

2020-03-04 10:28:24 - [MESSAGE][PASSED] - Object: 'Object Repository/Page_- KAIZEN/si_Spanish' is clicked on

2020-03-04 10:28:24 - [MESSAGE][PASSED] - Call Test Case 'Test Cases/Individual_Tests/Seleccionar_Idioma' successfully

2020-03-04 10:28:24 - [TEST_STEP][PASSED] - callTestCase(findTestCase("Individual_Tests/Movimientos_Inventario"), ["Index":Index], STOP_ON_FAILURE): Call Test Case 'Test Cases/Individual_Tests/Movimientos_Inventario' successfully

2020-03-04 10:28:25 - [TEST_CASE][PASSED] - Test Cases/Individual_Tests/Movimientos_Inventario: Test Cases/Individual_Tests/Movimientos_Inventario

2020-03-04 10:28:25 - [TEST_STEP][PASSED] - data = obtener_excels.obtener_mov_inventario.getValuesExcelMovInventario(Index): obtener_excels.obtener_mov_inventario.getValuesExcelMovInventario is PASSED

2020-03-04 10:28:25 - [MESSAGE][PASSED] - obtener_excels.obtener_mov_inventario.getValuesExcelMovInventario is PASSED

2020-03-04 10:28:25 - [TEST_STEP][PASSED] - concepto = data[3]: null

2020-03-04 10:28:25 - [TEST_STEP][PASSED] - motivo = data[4]: null

2020-03-04 10:28:25 - [TEST_STEP][PASSED] - IdProducto = data[14]: null

2020-03-04 10:28:25 - [TEST_STEP][PASSED] - Existencia = data[8]: null

2020-03-04 10:28:25 - [TEST_STEP][PASSED] - cantidadActual1 = data[10]: null

2020-03-04 10:28:25 - [TEST_STEP][PASSED] - cantidadActual2 = data[12]: null

2020-03-04 10:28:25 - [TEST_STEP][PASSED] - codProducto = data[5]: null

2020-03-04 10:28:25 - [TEST_STEP][PASSED] - IdGrupo = data[6]: null

2020-03-04 10:28:25 - [TEST_STEP][PASSED] - Producto = data[7]: null

2020-03-04 10:28:25 - [TEST_STEP][PASSED] - IdAlmacen1 = data[9]: null

2020-03-04 10:28:25 - [TEST_STEP][PASSED] - IdAlmacen2 = data[11]: null

2020-03-04 10:28:25 - [TEST_STEP][PASSED] - cantidadAMover = data[13]: null

2020-03-04 10:28:25 - [TEST_STEP][PASSED] - cantidad = data[13]: null

2020-03-04 10:28:25 - [TEST_STEP][PASSED] - rand = new java.util.Random(): null

2020-03-04 10:28:25 - [TEST_STEP][PASSED] - nuevacantidad = 0: null

2020-03-04 10:28:25 - [TEST_STEP][PASSED] - if (concepto == "TransferenciaDeMercancias" & cantidad == "0"): null

2020-03-04 10:28:25 - [TEST_STEP][PASSED] - if (IdGrupo == "Materia Prima"): null

2020-03-04 10:28:25 - [TEST_STEP][PASSED] - cantidad = rand.nextInt(10000 - 10 + 1) + 10: null

2020-03-04 10:28:25 - [TEST_STEP][PASSED] - callTestCase(findTestCase("Individual_Tests/Producto_Faltante_Almacen"), ["concepto":"EntradaDeMercancias", "motivo":"CompraProductos", "IdProducto":IdProducto, "codProducto":codProducto, "Producto":Producto, ... ], STOP_ON_FAILURE): Call Test Case 'Test Cases/Individual_Tests/Producto_Faltante_Almacen' successfully

2020-03-04 10:28:25 - [TEST_CASE][PASSED] - Test Cases/Individual_Tests/Producto_Faltante_Almacen: Test Cases/Individual_Tests/Producto_Faltante_Almacen

2020-03-04 10:28:26 - [TEST_STEP][PASSED] - click(findTestObject("Object Repository/Page_- KAIZEN/mi_menu_Inventario")): Object: 'Object Repository/Page_- KAIZEN/mi_menu_Inventario' is clicked on

2020-03-04 10:28:26 - [MESSAGE][PASSED] - Object: 'Object Repository/Page_- KAIZEN/mi_menu_Inventario' is clicked on

2020-03-04 10:28:26 - [TEST_STEP][PASSED] - click(findTestObject("Object Repository/Page_- KAIZEN/mi_menu_Movimientos")): Object: 'Object Repository/Page_- KAIZEN/mi_menu_Movimientos' is clicked on

2020-03-04 10:28:31 - [MESSAGE][PASSED] - Object: 'Object Repository/Page_- KAIZEN/mi_menu_Movimientos' is clicked on

2020-03-04 10:28:31 - [TEST_STEP][PASSED] - click(findTestObject("Object Repository/Page_Index - KAIZEN/mi_btn_agregar")): Object: 'Object Repository/Page_Index - KAIZEN/mi_btn_agregar' is clicked on

2020-03-04 10:28:39 - [MESSAGE][PASSED] - Object: 'Object Repository/Page_Index - KAIZEN/mi_btn_agregar' is clicked on

2020-03-04 10:28:39 - [TEST_STEP][PASSED] - selectOptionByValue(findTestObject("Object Repository/Page_Create - KAIZEN/mi_select_concepto"), concepto, true): All options with value 'EntradaDeMercancias' are selected in object 'Object Repository/Page_Create - KAIZEN/mi_select_concepto'  using regular expression

2020-03-04 10:28:41 - [MESSAGE][PASSED] - All options with value 'EntradaDeMercancias' are selected in object 'Object Repository/Page_Create - KAIZEN/mi_select_concepto'  using regular expression

2020-03-04 10:28:41 - [TEST_STEP][PASSED] - selectOptionByValue(findTestObject("Object Repository/Page_Create - KAIZEN/mi_select_motivo"), motivo, true): All options with value 'CompraProductos' are selected in object 'Object Repository/Page_Create - KAIZEN/mi_select_motivo'  using regular expression

2020-03-04 10:28:43 - [MESSAGE][PASSED] - All options with value 'CompraProductos' are selected in object 'Object Repository/Page_Create - KAIZEN/mi_select_motivo'  using regular expression

2020-03-04 10:28:43 - [TEST_STEP][PASSED] - click(findTestObject("Object Repository/Page_Create - KAIZEN/mi_select_buscar_Producto")): Object: 'Object Repository/Page_Create - KAIZEN/mi_select_buscar_Producto' is clicked on

2020-03-04 10:28:43 - [MESSAGE][PASSED] - Object: 'Object Repository/Page_Create - KAIZEN/mi_select_buscar_Producto' is clicked on

2020-03-04 10:28:43 - [TEST_STEP][PASSED] - setText(findTestObject("Object Repository/Page_Create - KAIZEN/mi_assing_producto"), codProducto): Text '7781-202-001' is set on object 'Object Repository/Page_Create - KAIZEN/mi_assing_producto'

2020-03-04 10:28:44 - [MESSAGE][PASSED] - Text '7781-202-001' is set on object 'Object Repository/Page_Create - KAIZEN/mi_assing_producto'

2020-03-04 10:28:44 - [TEST_STEP][PASSED] - sendKeys(findTestObject("Object Repository/Page_Create - KAIZEN/mi_assing_producto"), Keys.chord(ENTER)): Keys 'ENTER + ' sent to object: 'Object Repository/Page_Create - KAIZEN/mi_assing_producto'

2020-03-04 10:28:45 - [MESSAGE][PASSED] - Keys 'ENTER + ' sent to object: 'Object Repository/Page_Create - KAIZEN/mi_assing_producto'

2020-03-04 10:28:45 - [TEST_STEP][PASSED] - setText(findTestObject("Object Repository/Page_Create - KAIZEN/mi_assing_cantidad"), cantidad): Text '3895' is set on object 'Object Repository/Page_Create - KAIZEN/mi_assing_cantidad'

2020-03-04 10:28:45 - [MESSAGE][PASSED] - Text '3895' is set on object 'Object Repository/Page_Create - KAIZEN/mi_assing_cantidad'

2020-03-04 10:28:45 - [TEST_STEP][PASSED] - sendKeys(findTestObject("Object Repository/Page_Create - KAIZEN/mi_assing_cantidad"), Keys.chord(ENTER)): Keys 'ENTER + ' sent to object: 'Object Repository/Page_Create - KAIZEN/mi_assing_cantidad'

2020-03-04 10:28:45 - [MESSAGE][PASSED] - Keys 'ENTER + ' sent to object: 'Object Repository/Page_Create - KAIZEN/mi_assing_cantidad'

2020-03-04 10:28:45 - [TEST_STEP][PASSED] - delay(5): Delayed 5 second(s)

2020-03-04 10:28:50 - [MESSAGE][PASSED] - Delayed 5 second(s)

2020-03-04 10:28:50 - [TEST_STEP][PASSED] - modal = executeJavaScript("return document.querySelector('.swal2-popup');", null): Execute JavaScript 'return document.querySelector('.swal2-popup');' successfully

2020-03-04 10:28:50 - [MESSAGE][PASSED] - Execute JavaScript 'return document.querySelector('.swal2-popup');' successfully

2020-03-04 10:28:50 - [TEST_STEP][PASSED] - if (modal == null): Object 'Object Repository/Page_Index - KAIZEN/mi_btn_agregar' is present

2020-03-04 10:28:50 - [TEST_STEP][PASSED] - print(modal): null

2020-03-04 10:28:50 - [TEST_STEP][PASSED] - selectOptionByValue(findTestObject("Object Repository/Page_Create - KAIZEN/mi_assing_almacen1"), IdAlmacen1, true): All options with value '1' are selected in object 'Object Repository/Page_Create - KAIZEN/mi_assing_almacen1'  using regular expression

2020-03-04 10:28:53 - [MESSAGE][PASSED] - All options with value '1' are selected in object 'Object Repository/Page_Create - KAIZEN/mi_assing_almacen1'  using regular expression

2020-03-04 10:28:53 - [TEST_STEP][PASSED] - click(findTestObject("Object Repository/Page_Create - KAIZEN/mi_btn_Guardar")): Object: 'Object Repository/Page_Create - KAIZEN/mi_btn_Guardar' is clicked on

2020-03-04 10:28:55 - [MESSAGE][PASSED] - Object: 'Object Repository/Page_Create - KAIZEN/mi_btn_Guardar' is clicked on

2020-03-04 10:28:55 - [TEST_STEP][PASSED] - verifyElementPresent(findTestObject("Object Repository/Page_Index - KAIZEN/mi_btn_agregar"), 5): Object 'Object Repository/Page_Index - KAIZEN/mi_btn_agregar' is present

2020-03-04 10:28:57 - [MESSAGE][PASSED] - Object 'Object Repository/Page_Index - KAIZEN/mi_btn_agregar' is present

2020-03-04 10:28:57 - [TEST_STEP][PASSED] - delay(5): Delayed 5 second(s)

2020-03-04 10:29:02 - [MESSAGE][PASSED] - Delayed 5 second(s)

2020-03-04 10:29:02 - [TEST_STEP][PASSED] - exportar_archivos.reporteInventario.reporteInv(concepto, motivo, IdProducto, codProducto, Producto, IdGrupo, Existencia, IdAlmacen1, cantidadActual1, "NA", "NA", cantidad): exportar_archivos.reporteInventario.reporteInv is PASSED

2020-03-04 10:29:02 - [MESSAGE][PASSED] - exportar_archivos.reporteInventario.reporteInv is PASSED

2020-03-04 10:29:02 - [MESSAGE][PASSED] - Call Test Case 'Test Cases/Individual_Tests/Producto_Faltante_Almacen' successfully

2020-03-04 10:29:02 - [TEST_STEP][PASSED] - print(cantidad): null

2020-03-04 10:29:02 - [TEST_STEP][PASSED] - cantidad1 = cantidad.toInteger(): null

2020-03-04 10:29:02 - [TEST_STEP][PASSED] - nuevacantidad = rand.nextInt(cantidad1 - 1 + 1) + 1: null

2020-03-04 10:29:02 - [TEST_STEP][PASSED] - print(nuevacantidad): null

2020-03-04 10:29:02 - [TEST_STEP][PASSED] - cantidad = nuevacantidad: null

2020-03-04 10:29:02 - [TEST_STEP][PASSED] - cantidadAMover = cantidad.toString(): null

2020-03-04 10:29:02 - [TEST_STEP][PASSED] - concepto = data[3]: null

2020-03-04 10:29:02 - [TEST_STEP][PASSED] - motivo = data[4]: null

2020-03-04 10:29:02 - [TEST_STEP][PASSED] - click(findTestObject("Object Repository/Page_- KAIZEN/mi_menu_Inventario")): Object: 'Object Repository/Page_- KAIZEN/mi_menu_Inventario' is clicked on

2020-03-04 10:29:02 - [MESSAGE][PASSED] - Object: 'Object Repository/Page_- KAIZEN/mi_menu_Inventario' is clicked on

2020-03-04 10:29:02 - [TEST_STEP][PASSED] - click(findTestObject("Object Repository/Page_- KAIZEN/mi_menu_Movimientos")): Object: 'Object Repository/Page_- KAIZEN/mi_menu_Movimientos' is clicked on

2020-03-04 10:29:05 - [MESSAGE][PASSED] - Object: 'Object Repository/Page_- KAIZEN/mi_menu_Movimientos' is clicked on

2020-03-04 10:29:05 - [TEST_STEP][PASSED] - click(findTestObject("Object Repository/Page_Index - KAIZEN/mi_btn_agregar")): Object: 'Object Repository/Page_Index - KAIZEN/mi_btn_agregar' is clicked on

2020-03-04 10:29:08 - [MESSAGE][PASSED] - Object: 'Object Repository/Page_Index - KAIZEN/mi_btn_agregar' is clicked on

2020-03-04 10:29:08 - [TEST_STEP][PASSED] - selectOptionByValue(findTestObject("Object Repository/Page_Create - KAIZEN/mi_select_concepto"), concepto, true): All options with value 'TransferenciaDeMercancias' are selected in object 'Object Repository/Page_Create - KAIZEN/mi_select_concepto'  using regular expression

2020-03-04 10:29:10 - [MESSAGE][PASSED] - All options with value 'TransferenciaDeMercancias' are selected in object 'Object Repository/Page_Create - KAIZEN/mi_select_concepto'  using regular expression

2020-03-04 10:29:10 - [TEST_STEP][PASSED] - selectOptionByValue(findTestObject("Object Repository/Page_Create - KAIZEN/mi_select_motivo"), motivo, true): All options with value 'Fabricacion' are selected in object 'Object Repository/Page_Create - KAIZEN/mi_select_motivo'  using regular expression

2020-03-04 10:29:12 - [MESSAGE][PASSED] - All options with value 'Fabricacion' are selected in object 'Object Repository/Page_Create - KAIZEN/mi_select_motivo'  using regular expression

2020-03-04 10:29:12 - [TEST_STEP][PASSED] - click(findTestObject("Object Repository/Page_Create - KAIZEN/mi_select_buscar_Producto")): Object: 'Object Repository/Page_Create - KAIZEN/mi_select_buscar_Producto' is clicked on

2020-03-04 10:29:12 - [MESSAGE][PASSED] - Object: 'Object Repository/Page_Create - KAIZEN/mi_select_buscar_Producto' is clicked on

2020-03-04 10:29:12 - [TEST_STEP][PASSED] - setText(findTestObject("Object Repository/Page_Create - KAIZEN/mi_assing_producto"), codProducto): Text '7781-202-001' is set on object 'Object Repository/Page_Create - KAIZEN/mi_assing_producto'

2020-03-04 10:29:13 - [MESSAGE][PASSED] - Text '7781-202-001' is set on object 'Object Repository/Page_Create - KAIZEN/mi_assing_producto'

2020-03-04 10:29:13 - [TEST_STEP][PASSED] - sendKeys(findTestObject("Object Repository/Page_Create - KAIZEN/mi_assing_producto"), Keys.chord(ENTER)): Keys 'ENTER + ' sent to object: 'Object Repository/Page_Create - KAIZEN/mi_assing_producto'

2020-03-04 10:29:14 - [MESSAGE][PASSED] - Keys 'ENTER + ' sent to object: 'Object Repository/Page_Create - KAIZEN/mi_assing_producto'

2020-03-04 10:29:14 - [TEST_STEP][PASSED] - setText(findTestObject("Object Repository/Page_Create - KAIZEN/mi_assing_cantidad"), cantidadAMover): Text '3400' is set on object 'Object Repository/Page_Create - KAIZEN/mi_assing_cantidad'

2020-03-04 10:29:14 - [MESSAGE][PASSED] - Text '3400' is set on object 'Object Repository/Page_Create - KAIZEN/mi_assing_cantidad'

2020-03-04 10:29:14 - [TEST_STEP][PASSED] - sendKeys(findTestObject("Object Repository/Page_Create - KAIZEN/mi_assing_cantidad"), Keys.chord(ENTER)): Keys 'ENTER + ' sent to object: 'Object Repository/Page_Create - KAIZEN/mi_assing_cantidad'

2020-03-04 10:29:15 - [MESSAGE][PASSED] - Keys 'ENTER + ' sent to object: 'Object Repository/Page_Create - KAIZEN/mi_assing_cantidad'

2020-03-04 10:29:15 - [TEST_STEP][PASSED] - delay(5): Delayed 5 second(s)

2020-03-04 10:29:20 - [MESSAGE][PASSED] - Delayed 5 second(s)

2020-03-04 10:29:20 - [TEST_STEP][PASSED] - modal = executeJavaScript("return document.querySelector('.swal2-popup');", null): Execute JavaScript 'return document.querySelector('.swal2-popup');' successfully

2020-03-04 10:29:20 - [MESSAGE][PASSED] - Execute JavaScript 'return document.querySelector('.swal2-popup');' successfully

2020-03-04 10:29:20 - [TEST_STEP][PASSED] - if (modal == null): null

2020-03-04 10:29:20 - [TEST_STEP][PASSED] - else: Object 'Object Repository/Page_Index - KAIZEN/mi_btn_agregar' is present

2020-03-04 10:29:20 - [TEST_STEP][PASSED] - executeJavaScript("document.querySelector(".swal2-confirm").click();", null): Execute JavaScript 'document.querySelector(".swal2-confirm").click();' successfully

2020-03-04 10:29:20 - [MESSAGE][PASSED] - Execute JavaScript 'document.querySelector(".swal2-confirm").click();' successfully

2020-03-04 10:29:20 - [TEST_STEP][PASSED] - if (motivo == "EntradaPorFabricacion"): null

2020-03-04 10:29:20 - [TEST_STEP][PASSED] - else: Object 'Object Repository/Page_Index - KAIZEN/mi_btn_agregar' is present

2020-03-04 10:29:20 - [TEST_STEP][PASSED] - selectOptionByValue(findTestObject("Object Repository/Page_Create - KAIZEN/mi_assing_almacen1"), IdAlmacen1, true): All options with value '1' are selected in object 'Object Repository/Page_Create - KAIZEN/mi_assing_almacen1'  using regular expression

2020-03-04 10:29:23 - [MESSAGE][PASSED] - All options with value '1' are selected in object 'Object Repository/Page_Create - KAIZEN/mi_assing_almacen1'  using regular expression

2020-03-04 10:29:23 - [TEST_STEP][PASSED] - if (concepto == "TransferenciaDeMercancias"): Object 'Object Repository/Page_Index - KAIZEN/mi_btn_agregar' is present

2020-03-04 10:29:23 - [TEST_STEP][PASSED] - selectOptionByValue(findTestObject("Object Repository/Page_Create - KAIZEN/mi_assing_almacen2"), IdAlmacen2, true): All options with value '6' are selected in object 'Object Repository/Page_Create - KAIZEN/mi_assing_almacen2'  using regular expression

2020-03-04 10:29:24 - [MESSAGE][PASSED] - All options with value '6' are selected in object 'Object Repository/Page_Create - KAIZEN/mi_assing_almacen2'  using regular expression

2020-03-04 10:29:24 - [TEST_STEP][PASSED] - click(findTestObject("Object Repository/Page_Create - KAIZEN/mi_btn_Guardar")): Object: 'Object Repository/Page_Create - KAIZEN/mi_btn_Guardar' is clicked on

2020-03-04 10:29:30 - [MESSAGE][PASSED] - Object: 'Object Repository/Page_Create - KAIZEN/mi_btn_Guardar' is clicked on

2020-03-04 10:29:30 - [TEST_STEP][PASSED] - verifyElementPresent(findTestObject("Object Repository/Page_Index - KAIZEN/mi_btn_agregar"), 5): Object 'Object Repository/Page_Index - KAIZEN/mi_btn_agregar' is present

2020-03-04 10:29:31 - [MESSAGE][PASSED] - Object 'Object Repository/Page_Index - KAIZEN/mi_btn_agregar' is present

2020-03-04 10:29:31 - [TEST_STEP][PASSED] - delay(5): Delayed 5 second(s)

2020-03-04 10:29:36 - [MESSAGE][PASSED] - Delayed 5 second(s)

2020-03-04 10:29:36 - [TEST_STEP][PASSED] - exportar_archivos.reporteInventario.reporteInv(concepto, motivo, IdProducto, codProducto, Producto, IdGrupo, Existencia, IdAlmacen1, cantidadActual1, IdAlmacen2, cantidadActual2, cantidad): exportar_archivos.reporteInventario.reporteInv is PASSED

2020-03-04 10:29:36 - [MESSAGE][PASSED] - exportar_archivos.reporteInventario.reporteInv is PASSED

2020-03-04 10:29:36 - [MESSAGE][PASSED] - Call Test Case 'Test Cases/Individual_Tests/Movimientos_Inventario' successfully

2020-03-04 10:29:36 - [TEST_STEP][PASSED] - callTestCase(findTestCase("Individual_Tests/Login"), ["Evento":"MovimientoDeInventario", "Index":Index, "Usuario":"", "Contrasena":""], STOP_ON_FAILURE): Call Test Case 'Test Cases/Individual_Tests/Login' successfully

2020-03-04 10:29:36 - [TEST_CASE][PASSED] - Test Cases/Individual_Tests/Login: Test Cases/Individual_Tests/Login

2020-03-04 10:29:36 - [TEST_STEP][PASSED] - print("Evento Seleccionado: " + Evento + "
"): null

2020-03-04 10:29:36 - [TEST_STEP][PASSED] - openBrowser(Web): Browser is opened with url: 'http://test.kaizendev.net/Login/Accesar?salir=true'

2020-03-04 10:29:36 - [MESSAGE][WARNING] - A browser is already opened. Closing browser and opening a new one

2020-03-04 10:29:37 - [MESSAGE][INFO] - Starting 'Chrome' driver

2020-03-04 10:29:47 - [MESSAGE][PASSED] - Browser is opened with url: 'http://test.kaizendev.net/Login/Accesar?salir=true'

2020-03-04 10:29:47 - [TEST_STEP][PASSED] - maximizeWindow(): Current window maximized

2020-03-04 10:29:48 - [MESSAGE][PASSED] - Current window maximized

2020-03-04 10:29:48 - [TEST_STEP][PASSED] - if (Evento == "Crear20"): null

2020-03-04 10:29:48 - [TEST_STEP][PASSED] - else if (Evento == "Crear40"): null

2020-03-04 10:29:48 - [TEST_STEP][PASSED] - else if (Evento == "Aprobar"): null

2020-03-04 10:29:48 - [TEST_STEP][PASSED] - else if (Evento == "Logistica"): null

2020-03-04 10:29:48 - [TEST_STEP][PASSED] - else if (Evento == "Produccion"): null

2020-03-04 10:29:48 - [TEST_STEP][PASSED] - else if (Evento == "Inventario"): null

2020-03-04 10:29:48 - [TEST_STEP][PASSED] - else if (Evento == "Despacho"): null

2020-03-04 10:29:48 - [TEST_STEP][PASSED] - else if (Evento == "ProductoAlmacen"): null

2020-03-04 10:29:48 - [TEST_STEP][PASSED] - else if (Evento == "MovimientoDeInventario"): Object: 'Object Repository/Page_Iniciar Sesion - KAIZEN/is_btn_ingresar_sistema' is clicked on

2020-03-04 10:29:48 - [TEST_STEP][PASSED] - data8 = obtener_excels.obtener_mov_inventario.getValuesExcelMovInventario(Index): obtener_excels.obtener_mov_inventario.getValuesExcelMovInventario is PASSED

2020-03-04 10:29:48 - [MESSAGE][PASSED] - obtener_excels.obtener_mov_inventario.getValuesExcelMovInventario is PASSED

2020-03-04 10:29:48 - [TEST_STEP][PASSED] - Usuario = data8[1]: null

2020-03-04 10:29:48 - [TEST_STEP][PASSED] - Contrasena = data8[2]: null

2020-03-04 10:29:48 - [TEST_STEP][PASSED] - setText(findTestObject("Page_Iniciar Sesion - KAIZEN/is_input_email"), Usuario): Text 'automated.test@grupokaizen.net' is set on object 'Object Repository/Page_Iniciar Sesion - KAIZEN/is_input_email'

2020-03-04 10:29:49 - [MESSAGE][PASSED] - Text 'automated.test@grupokaizen.net' is set on object 'Object Repository/Page_Iniciar Sesion - KAIZEN/is_input_email'

2020-03-04 10:29:49 - [TEST_STEP][PASSED] - setEncryptedText(findTestObject("Page_Iniciar Sesion - KAIZEN/IS_input_contrasena"), Contrasena): Text ****** has been set on object 'Object Repository/Page_Iniciar Sesion - KAIZEN/IS_input_contrasena'

2020-03-04 10:29:50 - [MESSAGE][PASSED] - Text ****** has been set on object 'Object Repository/Page_Iniciar Sesion - KAIZEN/IS_input_contrasena'

2020-03-04 10:29:50 - [TEST_STEP][PASSED] - click(findTestObject("Page_Iniciar Sesion - KAIZEN/is_btn_ingresar_sistema")): Object: 'Object Repository/Page_Iniciar Sesion - KAIZEN/is_btn_ingresar_sistema' is clicked on

2020-03-04 10:29:54 - [MESSAGE][PASSED] - Object: 'Object Repository/Page_Iniciar Sesion - KAIZEN/is_btn_ingresar_sistema' is clicked on

2020-03-04 10:29:54 - [MESSAGE][PASSED] - Call Test Case 'Test Cases/Individual_Tests/Login' successfully

2020-03-04 10:29:54 - [TEST_STEP][PASSED] - callTestCase(findTestCase("Individual_Tests/Seleccionar_Idioma"), ["Evento":"MovimientoDeInventario", "Index":Index], STOP_ON_FAILURE): Call Test Case 'Test Cases/Individual_Tests/Seleccionar_Idioma' successfully

2020-03-04 10:29:54 - [TEST_CASE][PASSED] - Test Cases/Individual_Tests/Seleccionar_Idioma: Test Cases/Individual_Tests/Seleccionar_Idioma

2020-03-04 10:29:54 - [TEST_STEP][PASSED] - Idioma = 0: null

2020-03-04 10:29:54 - [TEST_STEP][PASSED] - if (Evento == "Crear20"): null

2020-03-04 10:29:54 - [TEST_STEP][PASSED] - else if (Evento == "Crear40"): null

2020-03-04 10:29:54 - [TEST_STEP][PASSED] - else if (Evento == "Aprobar"): null

2020-03-04 10:29:54 - [TEST_STEP][PASSED] - else if (Evento == "Logistica"): null

2020-03-04 10:29:54 - [TEST_STEP][PASSED] - else if (Evento == "Produccion"): null

2020-03-04 10:29:54 - [TEST_STEP][PASSED] - else if (Evento == "Inventario"): null

2020-03-04 10:29:54 - [TEST_STEP][PASSED] - else if (Evento == "Despacho"): null

2020-03-04 10:29:54 - [TEST_STEP][PASSED] - else if (Evento == "ProductoAlmacen"): null

2020-03-04 10:29:54 - [TEST_STEP][PASSED] - else if (Evento == "MovimientoDeInventario"): null

2020-03-04 10:29:54 - [TEST_STEP][PASSED] - data7 = obtener_excels.obtener_mov_inventario.getValuesExcelMovInventario(Index): obtener_excels.obtener_mov_inventario.getValuesExcelMovInventario is PASSED

2020-03-04 10:29:54 - [MESSAGE][PASSED] - obtener_excels.obtener_mov_inventario.getValuesExcelMovInventario is PASSED

2020-03-04 10:29:54 - [TEST_STEP][PASSED] - Idioma = data7[0]: null

2020-03-04 10:29:54 - [TEST_STEP][PASSED] - click(findTestObject("Page_- KAIZEN/si_btn_idioma")): Object: 'Object Repository/Page_- KAIZEN/si_btn_idioma' is clicked on

2020-03-04 10:29:54 - [MESSAGE][PASSED] - Object: 'Object Repository/Page_- KAIZEN/si_btn_idioma' is clicked on

2020-03-04 10:29:54 - [TEST_STEP][PASSED] - if (Idioma == "0"): null

2020-03-04 10:29:54 - [TEST_STEP][PASSED] - else: Object: 'Object Repository/Page_- KAIZEN/si_Spanish' is clicked on

2020-03-04 10:29:54 - [TEST_STEP][PASSED] - click(findTestObject("Page_- KAIZEN/si_Spanish")): Object: 'Object Repository/Page_- KAIZEN/si_Spanish' is clicked on

2020-03-04 10:29:58 - [MESSAGE][PASSED] - Object: 'Object Repository/Page_- KAIZEN/si_Spanish' is clicked on

2020-03-04 10:29:58 - [MESSAGE][PASSED] - Call Test Case 'Test Cases/Individual_Tests/Seleccionar_Idioma' successfully

2020-03-04 10:29:58 - [TEST_STEP][PASSED] - callTestCase(findTestCase("Individual_Tests/Movimientos_Inventario"), ["Index":Index], STOP_ON_FAILURE): Call Test Case 'Test Cases/Individual_Tests/Movimientos_Inventario' successfully

2020-03-04 10:29:58 - [TEST_CASE][PASSED] - Test Cases/Individual_Tests/Movimientos_Inventario: Test Cases/Individual_Tests/Movimientos_Inventario

2020-03-04 10:29:58 - [TEST_STEP][PASSED] - data = obtener_excels.obtener_mov_inventario.getValuesExcelMovInventario(Index): obtener_excels.obtener_mov_inventario.getValuesExcelMovInventario is PASSED

2020-03-04 10:29:58 - [MESSAGE][PASSED] - obtener_excels.obtener_mov_inventario.getValuesExcelMovInventario is PASSED

2020-03-04 10:29:58 - [TEST_STEP][PASSED] - concepto = data[3]: null

2020-03-04 10:29:58 - [TEST_STEP][PASSED] - motivo = data[4]: null

2020-03-04 10:29:58 - [TEST_STEP][PASSED] - IdProducto = data[14]: null

2020-03-04 10:29:58 - [TEST_STEP][PASSED] - Existencia = data[8]: null

2020-03-04 10:29:58 - [TEST_STEP][PASSED] - cantidadActual1 = data[10]: null

2020-03-04 10:29:58 - [TEST_STEP][PASSED] - cantidadActual2 = data[12]: null

2020-03-04 10:29:58 - [TEST_STEP][PASSED] - codProducto = data[5]: null

2020-03-04 10:29:58 - [TEST_STEP][PASSED] - IdGrupo = data[6]: null

2020-03-04 10:29:58 - [TEST_STEP][PASSED] - Producto = data[7]: null

2020-03-04 10:29:58 - [TEST_STEP][PASSED] - IdAlmacen1 = data[9]: null

2020-03-04 10:29:58 - [TEST_STEP][PASSED] - IdAlmacen2 = data[11]: null

2020-03-04 10:29:58 - [TEST_STEP][PASSED] - cantidadAMover = data[13]: null

2020-03-04 10:29:58 - [TEST_STEP][PASSED] - cantidad = data[13]: null

2020-03-04 10:29:58 - [TEST_STEP][PASSED] - rand = new java.util.Random(): null

2020-03-04 10:29:58 - [TEST_STEP][PASSED] - nuevacantidad = 0: null

2020-03-04 10:29:58 - [TEST_STEP][PASSED] - if (concepto == "TransferenciaDeMercancias" & cantidad == "0"): null

2020-03-04 10:29:58 - [TEST_STEP][PASSED] - concepto = data[3]: null

2020-03-04 10:29:58 - [TEST_STEP][PASSED] - motivo = data[4]: null

2020-03-04 10:29:58 - [TEST_STEP][PASSED] - click(findTestObject("Object Repository/Page_- KAIZEN/mi_menu_Inventario")): Object: 'Object Repository/Page_- KAIZEN/mi_menu_Inventario' is clicked on

2020-03-04 10:29:59 - [MESSAGE][PASSED] - Object: 'Object Repository/Page_- KAIZEN/mi_menu_Inventario' is clicked on

2020-03-04 10:29:59 - [TEST_STEP][PASSED] - click(findTestObject("Object Repository/Page_- KAIZEN/mi_menu_Movimientos")): Object: 'Object Repository/Page_- KAIZEN/mi_menu_Movimientos' is clicked on

2020-03-04 10:30:03 - [MESSAGE][PASSED] - Object: 'Object Repository/Page_- KAIZEN/mi_menu_Movimientos' is clicked on

2020-03-04 10:30:03 - [TEST_STEP][PASSED] - click(findTestObject("Object Repository/Page_Index - KAIZEN/mi_btn_agregar")): Object: 'Object Repository/Page_Index - KAIZEN/mi_btn_agregar' is clicked on

2020-03-04 10:30:07 - [MESSAGE][PASSED] - Object: 'Object Repository/Page_Index - KAIZEN/mi_btn_agregar' is clicked on

2020-03-04 10:30:07 - [TEST_STEP][PASSED] - selectOptionByValue(findTestObject("Object Repository/Page_Create - KAIZEN/mi_select_concepto"), concepto, true): All options with value 'SalidaDeMercancias' are selected in object 'Object Repository/Page_Create - KAIZEN/mi_select_concepto'  using regular expression

2020-03-04 10:30:09 - [MESSAGE][PASSED] - All options with value 'SalidaDeMercancias' are selected in object 'Object Repository/Page_Create - KAIZEN/mi_select_concepto'  using regular expression

2020-03-04 10:30:09 - [TEST_STEP][PASSED] - selectOptionByValue(findTestObject("Object Repository/Page_Create - KAIZEN/mi_select_motivo"), motivo, true): All options with value 'DevolucionProductoCompra' are selected in object 'Object Repository/Page_Create - KAIZEN/mi_select_motivo'  using regular expression

2020-03-04 10:30:10 - [MESSAGE][PASSED] - All options with value 'DevolucionProductoCompra' are selected in object 'Object Repository/Page_Create - KAIZEN/mi_select_motivo'  using regular expression

2020-03-04 10:30:10 - [TEST_STEP][PASSED] - click(findTestObject("Object Repository/Page_Create - KAIZEN/mi_select_buscar_Producto")): Object: 'Object Repository/Page_Create - KAIZEN/mi_select_buscar_Producto' is clicked on

2020-03-04 10:30:11 - [MESSAGE][PASSED] - Object: 'Object Repository/Page_Create - KAIZEN/mi_select_buscar_Producto' is clicked on

2020-03-04 10:30:11 - [TEST_STEP][PASSED] - setText(findTestObject("Object Repository/Page_Create - KAIZEN/mi_assing_producto"), codProducto): Text '2663-909-114' is set on object 'Object Repository/Page_Create - KAIZEN/mi_assing_producto'

2020-03-04 10:30:12 - [MESSAGE][PASSED] - Text '2663-909-114' is set on object 'Object Repository/Page_Create - KAIZEN/mi_assing_producto'

2020-03-04 10:30:12 - [TEST_STEP][PASSED] - sendKeys(findTestObject("Object Repository/Page_Create - KAIZEN/mi_assing_producto"), Keys.chord(ENTER)): Keys 'ENTER + ' sent to object: 'Object Repository/Page_Create - KAIZEN/mi_assing_producto'

2020-03-04 10:30:12 - [MESSAGE][PASSED] - Keys 'ENTER + ' sent to object: 'Object Repository/Page_Create - KAIZEN/mi_assing_producto'

2020-03-04 10:30:12 - [TEST_STEP][PASSED] - setText(findTestObject("Object Repository/Page_Create - KAIZEN/mi_assing_cantidad"), cantidadAMover): Text '454147' is set on object 'Object Repository/Page_Create - KAIZEN/mi_assing_cantidad'

2020-03-04 10:30:13 - [MESSAGE][PASSED] - Text '454147' is set on object 'Object Repository/Page_Create - KAIZEN/mi_assing_cantidad'

2020-03-04 10:30:13 - [TEST_STEP][PASSED] - sendKeys(findTestObject("Object Repository/Page_Create - KAIZEN/mi_assing_cantidad"), Keys.chord(ENTER)): Keys 'ENTER + ' sent to object: 'Object Repository/Page_Create - KAIZEN/mi_assing_cantidad'

2020-03-04 10:30:13 - [MESSAGE][PASSED] - Keys 'ENTER + ' sent to object: 'Object Repository/Page_Create - KAIZEN/mi_assing_cantidad'

2020-03-04 10:30:13 - [TEST_STEP][PASSED] - delay(5): Delayed 5 second(s)

2020-03-04 10:30:18 - [MESSAGE][PASSED] - Delayed 5 second(s)

2020-03-04 10:30:18 - [TEST_STEP][PASSED] - modal = executeJavaScript("return document.querySelector('.swal2-popup');", null): Execute JavaScript 'return document.querySelector('.swal2-popup');' successfully

2020-03-04 10:30:18 - [MESSAGE][PASSED] - Execute JavaScript 'return document.querySelector('.swal2-popup');' successfully

2020-03-04 10:30:18 - [TEST_STEP][PASSED] - if (modal == null): Object 'Object Repository/Page_Index - KAIZEN/mi_btn_agregar' is present

2020-03-04 10:30:18 - [TEST_STEP][PASSED] - print(modal): null

2020-03-04 10:30:18 - [TEST_STEP][PASSED] - if (motivo == "EntradaPorFabricacion"): null

2020-03-04 10:30:18 - [TEST_STEP][PASSED] - else: Object 'Object Repository/Page_Index - KAIZEN/mi_btn_agregar' is present

2020-03-04 10:30:18 - [TEST_STEP][PASSED] - selectOptionByValue(findTestObject("Object Repository/Page_Create - KAIZEN/mi_assing_almacen1"), IdAlmacen1, true): All options with value '6' are selected in object 'Object Repository/Page_Create - KAIZEN/mi_assing_almacen1'  using regular expression

2020-03-04 10:30:20 - [MESSAGE][PASSED] - All options with value '6' are selected in object 'Object Repository/Page_Create - KAIZEN/mi_assing_almacen1'  using regular expression

2020-03-04 10:30:20 - [TEST_STEP][PASSED] - if (concepto == "TransferenciaDeMercancias"): null

2020-03-04 10:30:20 - [TEST_STEP][PASSED] - else: Object 'Object Repository/Page_Index - KAIZEN/mi_btn_agregar' is present

2020-03-04 10:30:20 - [TEST_STEP][PASSED] - click(findTestObject("Object Repository/Page_Create - KAIZEN/mi_btn_Guardar")): Object: 'Object Repository/Page_Create - KAIZEN/mi_btn_Guardar' is clicked on

2020-03-04 10:30:23 - [MESSAGE][PASSED] - Object: 'Object Repository/Page_Create - KAIZEN/mi_btn_Guardar' is clicked on

2020-03-04 10:30:23 - [TEST_STEP][PASSED] - verifyElementPresent(findTestObject("Object Repository/Page_Index - KAIZEN/mi_btn_agregar"), 5): Object 'Object Repository/Page_Index - KAIZEN/mi_btn_agregar' is present

2020-03-04 10:30:24 - [MESSAGE][PASSED] - Object 'Object Repository/Page_Index - KAIZEN/mi_btn_agregar' is present

2020-03-04 10:30:24 - [TEST_STEP][PASSED] - delay(5): Delayed 5 second(s)

2020-03-04 10:30:29 - [MESSAGE][PASSED] - Delayed 5 second(s)

2020-03-04 10:30:29 - [TEST_STEP][PASSED] - exportar_archivos.reporteInventario.reporteInv(concepto, motivo, IdProducto, codProducto, Producto, IdGrupo, Existencia, IdAlmacen1, cantidadActual1, IdAlmacen2, cantidadActual2, cantidad): exportar_archivos.reporteInventario.reporteInv is PASSED

2020-03-04 10:30:29 - [MESSAGE][PASSED] - exportar_archivos.reporteInventario.reporteInv is PASSED

2020-03-04 10:30:29 - [MESSAGE][PASSED] - Call Test Case 'Test Cases/Individual_Tests/Movimientos_Inventario' successfully

2020-03-04 10:30:29 - [TEST_STEP][PASSED] - callTestCase(findTestCase("Individual_Tests/Login"), ["Evento":"MovimientoDeInventario", "Index":Index, "Usuario":"", "Contrasena":""], STOP_ON_FAILURE): Call Test Case 'Test Cases/Individual_Tests/Login' successfully

2020-03-04 10:30:29 - [TEST_CASE][PASSED] - Test Cases/Individual_Tests/Login: Test Cases/Individual_Tests/Login

2020-03-04 10:30:29 - [TEST_STEP][PASSED] - print("Evento Seleccionado: " + Evento + "
"): null

2020-03-04 10:30:29 - [TEST_STEP][PASSED] - openBrowser(Web): Browser is opened with url: 'http://test.kaizendev.net/Login/Accesar?salir=true'

2020-03-04 10:30:29 - [MESSAGE][WARNING] - A browser is already opened. Closing browser and opening a new one

2020-03-04 10:30:30 - [MESSAGE][INFO] - Starting 'Chrome' driver

2020-03-04 10:30:40 - [MESSAGE][PASSED] - Browser is opened with url: 'http://test.kaizendev.net/Login/Accesar?salir=true'

2020-03-04 10:30:40 - [TEST_STEP][PASSED] - maximizeWindow(): Current window maximized

2020-03-04 10:30:42 - [MESSAGE][PASSED] - Current window maximized

2020-03-04 10:30:42 - [TEST_STEP][PASSED] - if (Evento == "Crear20"): null

2020-03-04 10:30:42 - [TEST_STEP][PASSED] - else if (Evento == "Crear40"): null

2020-03-04 10:30:42 - [TEST_STEP][PASSED] - else if (Evento == "Aprobar"): null

2020-03-04 10:30:42 - [TEST_STEP][PASSED] - else if (Evento == "Logistica"): null

2020-03-04 10:30:42 - [TEST_STEP][PASSED] - else if (Evento == "Produccion"): null

2020-03-04 10:30:42 - [TEST_STEP][PASSED] - else if (Evento == "Inventario"): null

2020-03-04 10:30:42 - [TEST_STEP][PASSED] - else if (Evento == "Despacho"): null

2020-03-04 10:30:42 - [TEST_STEP][PASSED] - else if (Evento == "ProductoAlmacen"): null

2020-03-04 10:30:42 - [TEST_STEP][PASSED] - else if (Evento == "MovimientoDeInventario"): Object: 'Object Repository/Page_Iniciar Sesion - KAIZEN/is_btn_ingresar_sistema' is clicked on

2020-03-04 10:30:42 - [TEST_STEP][PASSED] - data8 = obtener_excels.obtener_mov_inventario.getValuesExcelMovInventario(Index): obtener_excels.obtener_mov_inventario.getValuesExcelMovInventario is PASSED

2020-03-04 10:30:42 - [MESSAGE][PASSED] - obtener_excels.obtener_mov_inventario.getValuesExcelMovInventario is PASSED

2020-03-04 10:30:42 - [TEST_STEP][PASSED] - Usuario = data8[1]: null

2020-03-04 10:30:42 - [TEST_STEP][PASSED] - Contrasena = data8[2]: null

2020-03-04 10:30:42 - [TEST_STEP][PASSED] - setText(findTestObject("Page_Iniciar Sesion - KAIZEN/is_input_email"), Usuario): Text 'automated.test@grupokaizen.net' is set on object 'Object Repository/Page_Iniciar Sesion - KAIZEN/is_input_email'

2020-03-04 10:30:43 - [MESSAGE][PASSED] - Text 'automated.test@grupokaizen.net' is set on object 'Object Repository/Page_Iniciar Sesion - KAIZEN/is_input_email'

2020-03-04 10:30:43 - [TEST_STEP][PASSED] - setEncryptedText(findTestObject("Page_Iniciar Sesion - KAIZEN/IS_input_contrasena"), Contrasena): Text ****** has been set on object 'Object Repository/Page_Iniciar Sesion - KAIZEN/IS_input_contrasena'

2020-03-04 10:30:43 - [MESSAGE][PASSED] - Text ****** has been set on object 'Object Repository/Page_Iniciar Sesion - KAIZEN/IS_input_contrasena'

2020-03-04 10:30:43 - [TEST_STEP][PASSED] - click(findTestObject("Page_Iniciar Sesion - KAIZEN/is_btn_ingresar_sistema")): Object: 'Object Repository/Page_Iniciar Sesion - KAIZEN/is_btn_ingresar_sistema' is clicked on

2020-03-04 10:30:45 - [MESSAGE][PASSED] - Object: 'Object Repository/Page_Iniciar Sesion - KAIZEN/is_btn_ingresar_sistema' is clicked on

2020-03-04 10:30:45 - [MESSAGE][PASSED] - Call Test Case 'Test Cases/Individual_Tests/Login' successfully

2020-03-04 10:30:45 - [TEST_STEP][PASSED] - callTestCase(findTestCase("Individual_Tests/Seleccionar_Idioma"), ["Evento":"MovimientoDeInventario", "Index":Index], STOP_ON_FAILURE): Call Test Case 'Test Cases/Individual_Tests/Seleccionar_Idioma' successfully

2020-03-04 10:30:45 - [TEST_CASE][PASSED] - Test Cases/Individual_Tests/Seleccionar_Idioma: Test Cases/Individual_Tests/Seleccionar_Idioma

2020-03-04 10:30:45 - [TEST_STEP][PASSED] - Idioma = 0: null

2020-03-04 10:30:45 - [TEST_STEP][PASSED] - if (Evento == "Crear20"): null

2020-03-04 10:30:45 - [TEST_STEP][PASSED] - else if (Evento == "Crear40"): null

2020-03-04 10:30:45 - [TEST_STEP][PASSED] - else if (Evento == "Aprobar"): null

2020-03-04 10:30:45 - [TEST_STEP][PASSED] - else if (Evento == "Logistica"): null

2020-03-04 10:30:45 - [TEST_STEP][PASSED] - else if (Evento == "Produccion"): null

2020-03-04 10:30:45 - [TEST_STEP][PASSED] - else if (Evento == "Inventario"): null

2020-03-04 10:30:45 - [TEST_STEP][PASSED] - else if (Evento == "Despacho"): null

2020-03-04 10:30:45 - [TEST_STEP][PASSED] - else if (Evento == "ProductoAlmacen"): null

2020-03-04 10:30:45 - [TEST_STEP][PASSED] - else if (Evento == "MovimientoDeInventario"): null

2020-03-04 10:30:45 - [TEST_STEP][PASSED] - data7 = obtener_excels.obtener_mov_inventario.getValuesExcelMovInventario(Index): obtener_excels.obtener_mov_inventario.getValuesExcelMovInventario is PASSED

2020-03-04 10:30:45 - [MESSAGE][PASSED] - obtener_excels.obtener_mov_inventario.getValuesExcelMovInventario is PASSED

2020-03-04 10:30:45 - [TEST_STEP][PASSED] - Idioma = data7[0]: null

2020-03-04 10:30:45 - [TEST_STEP][PASSED] - click(findTestObject("Page_- KAIZEN/si_btn_idioma")): Object: 'Object Repository/Page_- KAIZEN/si_btn_idioma' is clicked on

2020-03-04 10:30:46 - [MESSAGE][PASSED] - Object: 'Object Repository/Page_- KAIZEN/si_btn_idioma' is clicked on

2020-03-04 10:30:46 - [TEST_STEP][PASSED] - if (Idioma == "0"): null

2020-03-04 10:30:46 - [TEST_STEP][PASSED] - else: Object: 'Object Repository/Page_- KAIZEN/si_Spanish' is clicked on

2020-03-04 10:30:46 - [TEST_STEP][PASSED] - click(findTestObject("Page_- KAIZEN/si_Spanish")): Object: 'Object Repository/Page_- KAIZEN/si_Spanish' is clicked on

2020-03-04 10:30:48 - [MESSAGE][PASSED] - Object: 'Object Repository/Page_- KAIZEN/si_Spanish' is clicked on

2020-03-04 10:30:48 - [MESSAGE][PASSED] - Call Test Case 'Test Cases/Individual_Tests/Seleccionar_Idioma' successfully

2020-03-04 10:30:48 - [TEST_STEP][PASSED] - callTestCase(findTestCase("Individual_Tests/Movimientos_Inventario"), ["Index":Index], STOP_ON_FAILURE): Call Test Case 'Test Cases/Individual_Tests/Movimientos_Inventario' successfully

2020-03-04 10:30:48 - [TEST_CASE][PASSED] - Test Cases/Individual_Tests/Movimientos_Inventario: Test Cases/Individual_Tests/Movimientos_Inventario

2020-03-04 10:30:48 - [TEST_STEP][PASSED] - data = obtener_excels.obtener_mov_inventario.getValuesExcelMovInventario(Index): obtener_excels.obtener_mov_inventario.getValuesExcelMovInventario is PASSED

2020-03-04 10:30:48 - [MESSAGE][PASSED] - obtener_excels.obtener_mov_inventario.getValuesExcelMovInventario is PASSED

2020-03-04 10:30:48 - [TEST_STEP][PASSED] - concepto = data[3]: null

2020-03-04 10:30:48 - [TEST_STEP][PASSED] - motivo = data[4]: null

2020-03-04 10:30:48 - [TEST_STEP][PASSED] - IdProducto = data[14]: null

2020-03-04 10:30:48 - [TEST_STEP][PASSED] - Existencia = data[8]: null

2020-03-04 10:30:48 - [TEST_STEP][PASSED] - cantidadActual1 = data[10]: null

2020-03-04 10:30:48 - [TEST_STEP][PASSED] - cantidadActual2 = data[12]: null

2020-03-04 10:30:48 - [TEST_STEP][PASSED] - codProducto = data[5]: null

2020-03-04 10:30:48 - [TEST_STEP][PASSED] - IdGrupo = data[6]: null

2020-03-04 10:30:48 - [TEST_STEP][PASSED] - Producto = data[7]: null

2020-03-04 10:30:48 - [TEST_STEP][PASSED] - IdAlmacen1 = data[9]: null

2020-03-04 10:30:48 - [TEST_STEP][PASSED] - IdAlmacen2 = data[11]: null

2020-03-04 10:30:48 - [TEST_STEP][PASSED] - cantidadAMover = data[13]: null

2020-03-04 10:30:48 - [TEST_STEP][PASSED] - cantidad = data[13]: null

2020-03-04 10:30:48 - [TEST_STEP][PASSED] - rand = new java.util.Random(): null

2020-03-04 10:30:48 - [TEST_STEP][PASSED] - nuevacantidad = 0: null

2020-03-04 10:30:48 - [TEST_STEP][PASSED] - if (concepto == "TransferenciaDeMercancias" & cantidad == "0"): null

2020-03-04 10:30:48 - [TEST_STEP][PASSED] - concepto = data[3]: null

2020-03-04 10:30:48 - [TEST_STEP][PASSED] - motivo = data[4]: null

2020-03-04 10:30:48 - [TEST_STEP][PASSED] - click(findTestObject("Object Repository/Page_- KAIZEN/mi_menu_Inventario")): Object: 'Object Repository/Page_- KAIZEN/mi_menu_Inventario' is clicked on

2020-03-04 10:30:50 - [MESSAGE][PASSED] - Object: 'Object Repository/Page_- KAIZEN/mi_menu_Inventario' is clicked on

2020-03-04 10:30:50 - [TEST_STEP][PASSED] - click(findTestObject("Object Repository/Page_- KAIZEN/mi_menu_Movimientos")): Object: 'Object Repository/Page_- KAIZEN/mi_menu_Movimientos' is clicked on

2020-03-04 10:30:53 - [MESSAGE][PASSED] - Object: 'Object Repository/Page_- KAIZEN/mi_menu_Movimientos' is clicked on

2020-03-04 10:30:53 - [TEST_STEP][PASSED] - click(findTestObject("Object Repository/Page_Index - KAIZEN/mi_btn_agregar")): Object: 'Object Repository/Page_Index - KAIZEN/mi_btn_agregar' is clicked on

2020-03-04 10:30:57 - [MESSAGE][PASSED] - Object: 'Object Repository/Page_Index - KAIZEN/mi_btn_agregar' is clicked on

2020-03-04 10:30:57 - [TEST_STEP][PASSED] - selectOptionByValue(findTestObject("Object Repository/Page_Create - KAIZEN/mi_select_concepto"), concepto, true): All options with value 'TransferenciaDeMercancias' are selected in object 'Object Repository/Page_Create - KAIZEN/mi_select_concepto'  using regular expression

2020-03-04 10:30:59 - [MESSAGE][PASSED] - All options with value 'TransferenciaDeMercancias' are selected in object 'Object Repository/Page_Create - KAIZEN/mi_select_concepto'  using regular expression

2020-03-04 10:30:59 - [TEST_STEP][PASSED] - selectOptionByValue(findTestObject("Object Repository/Page_Create - KAIZEN/mi_select_motivo"), motivo, true): All options with value 'DannoProducto' are selected in object 'Object Repository/Page_Create - KAIZEN/mi_select_motivo'  using regular expression

2020-03-04 10:31:00 - [MESSAGE][PASSED] - All options with value 'DannoProducto' are selected in object 'Object Repository/Page_Create - KAIZEN/mi_select_motivo'  using regular expression

2020-03-04 10:31:00 - [TEST_STEP][PASSED] - click(findTestObject("Object Repository/Page_Create - KAIZEN/mi_select_buscar_Producto")): Object: 'Object Repository/Page_Create - KAIZEN/mi_select_buscar_Producto' is clicked on

2020-03-04 10:31:01 - [MESSAGE][PASSED] - Object: 'Object Repository/Page_Create - KAIZEN/mi_select_buscar_Producto' is clicked on

2020-03-04 10:31:01 - [TEST_STEP][PASSED] - setText(findTestObject("Object Repository/Page_Create - KAIZEN/mi_assing_producto"), codProducto): Text '9511-101-140' is set on object 'Object Repository/Page_Create - KAIZEN/mi_assing_producto'

2020-03-04 10:31:02 - [MESSAGE][PASSED] - Text '9511-101-140' is set on object 'Object Repository/Page_Create - KAIZEN/mi_assing_producto'

2020-03-04 10:31:02 - [TEST_STEP][PASSED] - sendKeys(findTestObject("Object Repository/Page_Create - KAIZEN/mi_assing_producto"), Keys.chord(ENTER)): Keys 'ENTER + ' sent to object: 'Object Repository/Page_Create - KAIZEN/mi_assing_producto'

2020-03-04 10:31:02 - [MESSAGE][PASSED] - Keys 'ENTER + ' sent to object: 'Object Repository/Page_Create - KAIZEN/mi_assing_producto'

2020-03-04 10:31:02 - [TEST_STEP][PASSED] - setText(findTestObject("Object Repository/Page_Create - KAIZEN/mi_assing_cantidad"), cantidadAMover): Text '479' is set on object 'Object Repository/Page_Create - KAIZEN/mi_assing_cantidad'

2020-03-04 10:31:03 - [MESSAGE][PASSED] - Text '479' is set on object 'Object Repository/Page_Create - KAIZEN/mi_assing_cantidad'

2020-03-04 10:31:03 - [TEST_STEP][PASSED] - sendKeys(findTestObject("Object Repository/Page_Create - KAIZEN/mi_assing_cantidad"), Keys.chord(ENTER)): Keys 'ENTER + ' sent to object: 'Object Repository/Page_Create - KAIZEN/mi_assing_cantidad'

2020-03-04 10:31:03 - [MESSAGE][PASSED] - Keys 'ENTER + ' sent to object: 'Object Repository/Page_Create - KAIZEN/mi_assing_cantidad'

2020-03-04 10:31:03 - [TEST_STEP][PASSED] - delay(5): Delayed 5 second(s)

2020-03-04 10:31:08 - [MESSAGE][PASSED] - Delayed 5 second(s)

2020-03-04 10:31:08 - [TEST_STEP][PASSED] - modal = executeJavaScript("return document.querySelector('.swal2-popup');", null): Execute JavaScript 'return document.querySelector('.swal2-popup');' successfully

2020-03-04 10:31:08 - [MESSAGE][PASSED] - Execute JavaScript 'return document.querySelector('.swal2-popup');' successfully

2020-03-04 10:31:08 - [TEST_STEP][PASSED] - if (modal == null): null

2020-03-04 10:31:08 - [TEST_STEP][PASSED] - else: Object 'Object Repository/Page_Index - KAIZEN/mi_btn_agregar' is present

2020-03-04 10:31:08 - [TEST_STEP][PASSED] - executeJavaScript("document.querySelector(".swal2-confirm").click();", null): Execute JavaScript 'document.querySelector(".swal2-confirm").click();' successfully

2020-03-04 10:31:08 - [MESSAGE][PASSED] - Execute JavaScript 'document.querySelector(".swal2-confirm").click();' successfully

2020-03-04 10:31:08 - [TEST_STEP][PASSED] - if (motivo == "EntradaPorFabricacion"): null

2020-03-04 10:31:08 - [TEST_STEP][PASSED] - else: Object 'Object Repository/Page_Index - KAIZEN/mi_btn_agregar' is present

2020-03-04 10:31:08 - [TEST_STEP][PASSED] - selectOptionByValue(findTestObject("Object Repository/Page_Create - KAIZEN/mi_assing_almacen1"), IdAlmacen1, true): All options with value '1' are selected in object 'Object Repository/Page_Create - KAIZEN/mi_assing_almacen1'  using regular expression

2020-03-04 10:31:11 - [MESSAGE][PASSED] - All options with value '1' are selected in object 'Object Repository/Page_Create - KAIZEN/mi_assing_almacen1'  using regular expression

2020-03-04 10:31:11 - [TEST_STEP][PASSED] - if (concepto == "TransferenciaDeMercancias"): Object 'Object Repository/Page_Index - KAIZEN/mi_btn_agregar' is present

2020-03-04 10:31:11 - [TEST_STEP][PASSED] - selectOptionByValue(findTestObject("Object Repository/Page_Create - KAIZEN/mi_assing_almacen2"), IdAlmacen2, true): All options with value '6' are selected in object 'Object Repository/Page_Create - KAIZEN/mi_assing_almacen2'  using regular expression

2020-03-04 10:31:12 - [MESSAGE][PASSED] - All options with value '6' are selected in object 'Object Repository/Page_Create - KAIZEN/mi_assing_almacen2'  using regular expression

2020-03-04 10:31:12 - [TEST_STEP][PASSED] - click(findTestObject("Object Repository/Page_Create - KAIZEN/mi_btn_Guardar")): Object: 'Object Repository/Page_Create - KAIZEN/mi_btn_Guardar' is clicked on

2020-03-04 10:31:15 - [MESSAGE][PASSED] - Object: 'Object Repository/Page_Create - KAIZEN/mi_btn_Guardar' is clicked on

2020-03-04 10:31:15 - [TEST_STEP][PASSED] - verifyElementPresent(findTestObject("Object Repository/Page_Index - KAIZEN/mi_btn_agregar"), 5): Object 'Object Repository/Page_Index - KAIZEN/mi_btn_agregar' is present

2020-03-04 10:31:16 - [MESSAGE][PASSED] - Object 'Object Repository/Page_Index - KAIZEN/mi_btn_agregar' is present

2020-03-04 10:31:16 - [TEST_STEP][PASSED] - delay(5): Delayed 5 second(s)

2020-03-04 10:31:21 - [MESSAGE][PASSED] - Delayed 5 second(s)

2020-03-04 10:31:21 - [TEST_STEP][PASSED] - exportar_archivos.reporteInventario.reporteInv(concepto, motivo, IdProducto, codProducto, Producto, IdGrupo, Existencia, IdAlmacen1, cantidadActual1, IdAlmacen2, cantidadActual2, cantidad): exportar_archivos.reporteInventario.reporteInv is PASSED

2020-03-04 10:31:21 - [MESSAGE][PASSED] - exportar_archivos.reporteInventario.reporteInv is PASSED

2020-03-04 10:31:21 - [MESSAGE][PASSED] - Call Test Case 'Test Cases/Individual_Tests/Movimientos_Inventario' successfully

2020-03-04 10:31:21 - [TEST_STEP][PASSED] - callTestCase(findTestCase("Individual_Tests/Login"), ["Evento":"MovimientoDeInventario", "Index":Index, "Usuario":"", "Contrasena":""], STOP_ON_FAILURE): Call Test Case 'Test Cases/Individual_Tests/Login' successfully

2020-03-04 10:31:22 - [TEST_CASE][PASSED] - Test Cases/Individual_Tests/Login: Test Cases/Individual_Tests/Login

2020-03-04 10:31:22 - [TEST_STEP][PASSED] - print("Evento Seleccionado: " + Evento + "
"): null

2020-03-04 10:31:22 - [TEST_STEP][PASSED] - openBrowser(Web): Browser is opened with url: 'http://test.kaizendev.net/Login/Accesar?salir=true'

2020-03-04 10:31:22 - [MESSAGE][WARNING] - A browser is already opened. Closing browser and opening a new one

2020-03-04 10:31:22 - [MESSAGE][INFO] - Starting 'Chrome' driver

2020-03-04 10:31:44 - [MESSAGE][PASSED] - Browser is opened with url: 'http://test.kaizendev.net/Login/Accesar?salir=true'

2020-03-04 10:31:44 - [TEST_STEP][PASSED] - maximizeWindow(): Current window maximized

2020-03-04 10:31:46 - [MESSAGE][PASSED] - Current window maximized

2020-03-04 10:31:46 - [TEST_STEP][PASSED] - if (Evento == "Crear20"): null

2020-03-04 10:31:46 - [TEST_STEP][PASSED] - else if (Evento == "Crear40"): null

2020-03-04 10:31:46 - [TEST_STEP][PASSED] - else if (Evento == "Aprobar"): null

2020-03-04 10:31:46 - [TEST_STEP][PASSED] - else if (Evento == "Logistica"): null

2020-03-04 10:31:46 - [TEST_STEP][PASSED] - else if (Evento == "Produccion"): null

2020-03-04 10:31:46 - [TEST_STEP][PASSED] - else if (Evento == "Inventario"): null

2020-03-04 10:31:46 - [TEST_STEP][PASSED] - else if (Evento == "Despacho"): null

2020-03-04 10:31:46 - [TEST_STEP][PASSED] - else if (Evento == "ProductoAlmacen"): null

2020-03-04 10:31:46 - [TEST_STEP][PASSED] - else if (Evento == "MovimientoDeInventario"): Object: 'Object Repository/Page_Iniciar Sesion - KAIZEN/is_btn_ingresar_sistema' is clicked on

2020-03-04 10:31:46 - [TEST_STEP][PASSED] - data8 = obtener_excels.obtener_mov_inventario.getValuesExcelMovInventario(Index): obtener_excels.obtener_mov_inventario.getValuesExcelMovInventario is PASSED

2020-03-04 10:31:46 - [MESSAGE][PASSED] - obtener_excels.obtener_mov_inventario.getValuesExcelMovInventario is PASSED

2020-03-04 10:31:46 - [TEST_STEP][PASSED] - Usuario = data8[1]: null

2020-03-04 10:31:46 - [TEST_STEP][PASSED] - Contrasena = data8[2]: null

2020-03-04 10:31:46 - [TEST_STEP][PASSED] - setText(findTestObject("Page_Iniciar Sesion - KAIZEN/is_input_email"), Usuario): Text 'automated.test@grupokaizen.net' is set on object 'Object Repository/Page_Iniciar Sesion - KAIZEN/is_input_email'

2020-03-04 10:31:46 - [MESSAGE][PASSED] - Text 'automated.test@grupokaizen.net' is set on object 'Object Repository/Page_Iniciar Sesion - KAIZEN/is_input_email'

2020-03-04 10:31:46 - [TEST_STEP][PASSED] - setEncryptedText(findTestObject("Page_Iniciar Sesion - KAIZEN/IS_input_contrasena"), Contrasena): Text ****** has been set on object 'Object Repository/Page_Iniciar Sesion - KAIZEN/IS_input_contrasena'

2020-03-04 10:31:47 - [MESSAGE][PASSED] - Text ****** has been set on object 'Object Repository/Page_Iniciar Sesion - KAIZEN/IS_input_contrasena'

2020-03-04 10:31:47 - [TEST_STEP][PASSED] - click(findTestObject("Page_Iniciar Sesion - KAIZEN/is_btn_ingresar_sistema")): Object: 'Object Repository/Page_Iniciar Sesion - KAIZEN/is_btn_ingresar_sistema' is clicked on

2020-03-04 10:31:49 - [MESSAGE][PASSED] - Object: 'Object Repository/Page_Iniciar Sesion - KAIZEN/is_btn_ingresar_sistema' is clicked on

2020-03-04 10:31:49 - [MESSAGE][PASSED] - Call Test Case 'Test Cases/Individual_Tests/Login' successfully

2020-03-04 10:31:49 - [TEST_STEP][PASSED] - callTestCase(findTestCase("Individual_Tests/Seleccionar_Idioma"), ["Evento":"MovimientoDeInventario", "Index":Index], STOP_ON_FAILURE): Call Test Case 'Test Cases/Individual_Tests/Seleccionar_Idioma' successfully

2020-03-04 10:31:49 - [TEST_CASE][PASSED] - Test Cases/Individual_Tests/Seleccionar_Idioma: Test Cases/Individual_Tests/Seleccionar_Idioma

2020-03-04 10:31:49 - [TEST_STEP][PASSED] - Idioma = 0: null

2020-03-04 10:31:49 - [TEST_STEP][PASSED] - if (Evento == "Crear20"): null

2020-03-04 10:31:49 - [TEST_STEP][PASSED] - else if (Evento == "Crear40"): null

2020-03-04 10:31:49 - [TEST_STEP][PASSED] - else if (Evento == "Aprobar"): null

2020-03-04 10:31:49 - [TEST_STEP][PASSED] - else if (Evento == "Logistica"): null

2020-03-04 10:31:49 - [TEST_STEP][PASSED] - else if (Evento == "Produccion"): null

2020-03-04 10:31:49 - [TEST_STEP][PASSED] - else if (Evento == "Inventario"): null

2020-03-04 10:31:49 - [TEST_STEP][PASSED] - else if (Evento == "Despacho"): null

2020-03-04 10:31:49 - [TEST_STEP][PASSED] - else if (Evento == "ProductoAlmacen"): null

2020-03-04 10:31:49 - [TEST_STEP][PASSED] - else if (Evento == "MovimientoDeInventario"): null

2020-03-04 10:31:49 - [TEST_STEP][PASSED] - data7 = obtener_excels.obtener_mov_inventario.getValuesExcelMovInventario(Index): obtener_excels.obtener_mov_inventario.getValuesExcelMovInventario is PASSED

2020-03-04 10:31:49 - [MESSAGE][PASSED] - obtener_excels.obtener_mov_inventario.getValuesExcelMovInventario is PASSED

2020-03-04 10:31:49 - [TEST_STEP][PASSED] - Idioma = data7[0]: null

2020-03-04 10:31:49 - [TEST_STEP][PASSED] - click(findTestObject("Page_- KAIZEN/si_btn_idioma")): Object: 'Object Repository/Page_- KAIZEN/si_btn_idioma' is clicked on

2020-03-04 10:31:50 - [MESSAGE][PASSED] - Object: 'Object Repository/Page_- KAIZEN/si_btn_idioma' is clicked on

2020-03-04 10:31:50 - [TEST_STEP][PASSED] - if (Idioma == "0"): null

2020-03-04 10:31:50 - [TEST_STEP][PASSED] - else: Object: 'Object Repository/Page_- KAIZEN/si_Spanish' is clicked on

2020-03-04 10:31:50 - [TEST_STEP][PASSED] - click(findTestObject("Page_- KAIZEN/si_Spanish")): Object: 'Object Repository/Page_- KAIZEN/si_Spanish' is clicked on

2020-03-04 10:31:51 - [MESSAGE][PASSED] - Object: 'Object Repository/Page_- KAIZEN/si_Spanish' is clicked on

2020-03-04 10:31:51 - [MESSAGE][PASSED] - Call Test Case 'Test Cases/Individual_Tests/Seleccionar_Idioma' successfully

2020-03-04 10:31:51 - [TEST_STEP][FAILED] - callTestCase(findTestCase("Individual_Tests/Movimientos_Inventario"), ["Index":Index], STOP_ON_FAILURE): Unable to call Test Case 'Test Cases/Individual_Tests/Movimientos_Inventario' (Root cause: com.kms.katalon.core.exception.StepErrorException: Call Test Case 'Test Cases/Individual_Tests/Movimientos_Inventario' failed because of error(s)
	at com.kms.katalon.core.keyword.builtin.CallTestCaseKeyword$_callTestCase_closure1.doCall(CallTestCaseKeyword.groovy:66)
	at com.kms.katalon.core.keyword.builtin.CallTestCaseKeyword$_callTestCase_closure1.call(CallTestCaseKeyword.groovy)
	at com.kms.katalon.core.keyword.internal.KeywordMain.runKeyword(KeywordMain.groovy:68)
	at com.kms.katalon.core.keyword.builtin.CallTestCaseKeyword.callTestCase(CallTestCaseKeyword.groovy:81)
	at com.kms.katalon.core.keyword.builtin.CallTestCaseKeyword.execute(CallTestCaseKeyword.groovy:44)
	at com.kms.katalon.core.keyword.internal.KeywordExecutor.executeKeywordForPlatform(KeywordExecutor.groovy:72)
	at com.kms.katalon.core.keyword.BuiltinKeywords.callTestCase(BuiltinKeywords.groovy:334)
	at TC_Agregar_Movimiento_Inventario.run(TC_Agregar_Movimiento_Inventario:31)
	at com.kms.katalon.core.main.ScriptEngine.run(ScriptEngine.java:194)
	at com.kms.katalon.core.main.ScriptEngine.runScriptAsRawText(ScriptEngine.java:119)
	at com.kms.katalon.core.main.TestCaseExecutor.runScript(TestCaseExecutor.java:337)
	at com.kms.katalon.core.main.TestCaseExecutor.doExecute(TestCaseExecutor.java:328)
	at com.kms.katalon.core.main.TestCaseExecutor.processExecutionPhase(TestCaseExecutor.java:307)
	at com.kms.katalon.core.main.TestCaseExecutor.accessMainPhase(TestCaseExecutor.java:299)
	at com.kms.katalon.core.main.TestCaseExecutor.execute(TestCaseExecutor.java:233)
	at com.kms.katalon.core.main.TestSuiteExecutor.accessTestCaseMainPhase(TestSuiteExecutor.java:169)
	at com.kms.katalon.core.main.TestSuiteExecutor.accessTestSuiteMainPhase(TestSuiteExecutor.java:142)
	at com.kms.katalon.core.main.TestSuiteExecutor.execute(TestSuiteExecutor.java:91)
	at com.kms.katalon.core.main.TestCaseMain.startTestSuite(TestCaseMain.java:157)
	at com.kms.katalon.core.main.TestCaseMain$startTestSuite$0.call(Unknown Source)
	at TempTestSuite1583332071640.run(TempTestSuite1583332071640.groovy:36)
Caused by: org.codehaus.groovy.runtime.InvokerInvocationException: java.io.FileNotFoundException: C:\Users\kaizen\git\AutomatizacionKatalon\Pedidos\DataExcel\ReporteInventarioKatalon.xlsx (The process cannot access the file because it is being used by another process)
	at exportar_archivos.reporteInventario.invokeMethod(reporteInventario.groovy)
	at com.kms.katalon.core.main.CustomKeywordDelegatingMetaClass.invokeStaticMethod(CustomKeywordDelegatingMetaClass.java:50)
	at Movimientos_Inventario.run(Movimientos_Inventario:157)
	at com.kms.katalon.core.main.ScriptEngine.run(ScriptEngine.java:194)
	at com.kms.katalon.core.main.ScriptEngine.runScriptAsRawText(ScriptEngine.java:119)
	at com.kms.katalon.core.main.TestCaseExecutor.runScript(TestCaseExecutor.java:337)
	at com.kms.katalon.core.main.TestCaseExecutor.doExecute(TestCaseExecutor.java:328)
	at com.kms.katalon.core.main.TestCaseExecutor.processExecutionPhase(TestCaseExecutor.java:307)
	at com.kms.katalon.core.main.TestCaseExecutor.accessMainPhase(TestCaseExecutor.java:299)
	at com.kms.katalon.core.main.TestCaseExecutor.execute(TestCaseExecutor.java:233)
	at com.kms.katalon.core.main.TestCaseMain.runTestCase(TestCaseMain.java:114)
	at com.kms.katalon.core.keyword.builtin.CallTestCaseKeyword$_callTestCase_closure1.doCall(CallTestCaseKeyword.groovy:59)
	... 20 more
Caused by: java.io.FileNotFoundException: C:\Users\kaizen\git\AutomatizacionKatalon\Pedidos\DataExcel\ReporteInventarioKatalon.xlsx (The process cannot access the file because it is being used by another process)
	at exportar_archivos.reporteInventario.reporteInv(reporteInventario.groovy:135)
	... 32 more
)

2020-03-04 10:31:52 - [TEST_CASE][ERROR] - Test Cases/Individual_Tests/Movimientos_Inventario: Test Cases/Individual_Tests/Movimientos_Inventario FAILED.
Reason:
org.codehaus.groovy.runtime.InvokerInvocationException: java.io.FileNotFoundException: C:\Users\kaizen\git\AutomatizacionKatalon\Pedidos\DataExcel\ReporteInventarioKatalon.xlsx (The process cannot access the file because it is being used by another process)
	at exportar_archivos.reporteInventario.invokeMethod(reporteInventario.groovy)
	at com.kms.katalon.core.main.CustomKeywordDelegatingMetaClass.invokeStaticMethod(CustomKeywordDelegatingMetaClass.java:50)
	at Movimientos_Inventario.run(Movimientos_Inventario:157)
	at com.kms.katalon.core.main.ScriptEngine.run(ScriptEngine.java:194)
	at com.kms.katalon.core.main.ScriptEngine.runScriptAsRawText(ScriptEngine.java:119)
	at com.kms.katalon.core.main.TestCaseExecutor.runScript(TestCaseExecutor.java:337)
	at com.kms.katalon.core.main.TestCaseExecutor.doExecute(TestCaseExecutor.java:328)
	at com.kms.katalon.core.main.TestCaseExecutor.processExecutionPhase(TestCaseExecutor.java:307)
	at com.kms.katalon.core.main.TestCaseExecutor.accessMainPhase(TestCaseExecutor.java:299)
	at com.kms.katalon.core.main.TestCaseExecutor.execute(TestCaseExecutor.java:233)
	at com.kms.katalon.core.main.TestCaseMain.runTestCase(TestCaseMain.java:114)
	at com.kms.katalon.core.keyword.builtin.CallTestCaseKeyword$_callTestCase_closure1.doCall(CallTestCaseKeyword.groovy:59)
	at com.kms.katalon.core.keyword.builtin.CallTestCaseKeyword$_callTestCase_closure1.call(CallTestCaseKeyword.groovy)
	at com.kms.katalon.core.keyword.internal.KeywordMain.runKeyword(KeywordMain.groovy:68)
	at com.kms.katalon.core.keyword.builtin.CallTestCaseKeyword.callTestCase(CallTestCaseKeyword.groovy:81)
	at com.kms.katalon.core.keyword.builtin.CallTestCaseKeyword.execute(CallTestCaseKeyword.groovy:44)
	at com.kms.katalon.core.keyword.internal.KeywordExecutor.executeKeywordForPlatform(KeywordExecutor.groovy:72)
	at com.kms.katalon.core.keyword.BuiltinKeywords.callTestCase(BuiltinKeywords.groovy:334)
	at TC_Agregar_Movimiento_Inventario.run(TC_Agregar_Movimiento_Inventario:31)
	at com.kms.katalon.core.main.ScriptEngine.run(ScriptEngine.java:194)
	at com.kms.katalon.core.main.ScriptEngine.runScriptAsRawText(ScriptEngine.java:119)
	at com.kms.katalon.core.main.TestCaseExecutor.runScript(TestCaseExecutor.java:337)
	at com.kms.katalon.core.main.TestCaseExecutor.doExecute(TestCaseExecutor.java:328)
	at com.kms.katalon.core.main.TestCaseExecutor.processExecutionPhase(TestCaseExecutor.java:307)
	at com.kms.katalon.core.main.TestCaseExecutor.accessMainPhase(TestCaseExecutor.java:299)
	at com.kms.katalon.core.main.TestCaseExecutor.execute(TestCaseExecutor.java:233)
	at com.kms.katalon.core.main.TestSuiteExecutor.accessTestCaseMainPhase(TestSuiteExecutor.java:169)
	at com.kms.katalon.core.main.TestSuiteExecutor.accessTestSuiteMainPhase(TestSuiteExecutor.java:142)
	at com.kms.katalon.core.main.TestSuiteExecutor.execute(TestSuiteExecutor.java:91)
	at com.kms.katalon.core.main.TestCaseMain.startTestSuite(TestCaseMain.java:157)
	at com.kms.katalon.core.main.TestCaseMain$startTestSuite$0.call(Unknown Source)
	at TempTestSuite1583332071640.run(TempTestSuite1583332071640.groovy:36)
Caused by: java.io.FileNotFoundException: C:\Users\kaizen\git\AutomatizacionKatalon\Pedidos\DataExcel\ReporteInventarioKatalon.xlsx (The process cannot access the file because it is being used by another process)
	at exportar_archivos.reporteInventario.reporteInv(reporteInventario.groovy:135)
	... 32 more


2020-03-04 10:31:52 - [TEST_STEP][PASSED] - data = obtener_excels.obtener_mov_inventario.getValuesExcelMovInventario(Index): obtener_excels.obtener_mov_inventario.getValuesExcelMovInventario is PASSED

2020-03-04 10:31:52 - [MESSAGE][PASSED] - obtener_excels.obtener_mov_inventario.getValuesExcelMovInventario is PASSED

2020-03-04 10:31:52 - [TEST_STEP][PASSED] - concepto = data[3]: null

2020-03-04 10:31:52 - [TEST_STEP][PASSED] - motivo = data[4]: null

2020-03-04 10:31:52 - [TEST_STEP][PASSED] - IdProducto = data[14]: null

2020-03-04 10:31:52 - [TEST_STEP][PASSED] - Existencia = data[8]: null

2020-03-04 10:31:52 - [TEST_STEP][PASSED] - cantidadActual1 = data[10]: null

2020-03-04 10:31:52 - [TEST_STEP][PASSED] - cantidadActual2 = data[12]: null

2020-03-04 10:31:52 - [TEST_STEP][PASSED] - codProducto = data[5]: null

2020-03-04 10:31:52 - [TEST_STEP][PASSED] - IdGrupo = data[6]: null

2020-03-04 10:31:52 - [TEST_STEP][PASSED] - Producto = data[7]: null

2020-03-04 10:31:52 - [TEST_STEP][PASSED] - IdAlmacen1 = data[9]: null

2020-03-04 10:31:52 - [TEST_STEP][PASSED] - IdAlmacen2 = data[11]: null

2020-03-04 10:31:52 - [TEST_STEP][PASSED] - cantidadAMover = data[13]: null

2020-03-04 10:31:52 - [TEST_STEP][PASSED] - cantidad = data[13]: null

2020-03-04 10:31:52 - [TEST_STEP][PASSED] - rand = new java.util.Random(): null

2020-03-04 10:31:52 - [TEST_STEP][PASSED] - nuevacantidad = 0: null

2020-03-04 10:31:52 - [TEST_STEP][PASSED] - if (concepto == "TransferenciaDeMercancias" & cantidad == "0"): null

2020-03-04 10:31:52 - [TEST_STEP][PASSED] - concepto = data[3]: null

2020-03-04 10:31:52 - [TEST_STEP][PASSED] - motivo = data[4]: null

2020-03-04 10:31:52 - [TEST_STEP][PASSED] - click(findTestObject("Object Repository/Page_- KAIZEN/mi_menu_Inventario")): Object: 'Object Repository/Page_- KAIZEN/mi_menu_Inventario' is clicked on

2020-03-04 10:31:53 - [MESSAGE][PASSED] - Object: 'Object Repository/Page_- KAIZEN/mi_menu_Inventario' is clicked on

2020-03-04 10:31:53 - [TEST_STEP][PASSED] - click(findTestObject("Object Repository/Page_- KAIZEN/mi_menu_Movimientos")): Object: 'Object Repository/Page_- KAIZEN/mi_menu_Movimientos' is clicked on

2020-03-04 10:31:55 - [MESSAGE][PASSED] - Object: 'Object Repository/Page_- KAIZEN/mi_menu_Movimientos' is clicked on

2020-03-04 10:31:55 - [TEST_STEP][PASSED] - click(findTestObject("Object Repository/Page_Index - KAIZEN/mi_btn_agregar")): Object: 'Object Repository/Page_Index - KAIZEN/mi_btn_agregar' is clicked on

2020-03-04 10:32:02 - [MESSAGE][PASSED] - Object: 'Object Repository/Page_Index - KAIZEN/mi_btn_agregar' is clicked on

2020-03-04 10:32:02 - [TEST_STEP][PASSED] - selectOptionByValue(findTestObject("Object Repository/Page_Create - KAIZEN/mi_select_concepto"), concepto, true): All options with value 'TransferenciaDeMercancias' are selected in object 'Object Repository/Page_Create - KAIZEN/mi_select_concepto'  using regular expression

2020-03-04 10:32:04 - [MESSAGE][PASSED] - All options with value 'TransferenciaDeMercancias' are selected in object 'Object Repository/Page_Create - KAIZEN/mi_select_concepto'  using regular expression

2020-03-04 10:32:04 - [TEST_STEP][PASSED] - selectOptionByValue(findTestObject("Object Repository/Page_Create - KAIZEN/mi_select_motivo"), motivo, true): All options with value 'DannoProducto' are selected in object 'Object Repository/Page_Create - KAIZEN/mi_select_motivo'  using regular expression

2020-03-04 10:32:05 - [MESSAGE][PASSED] - All options with value 'DannoProducto' are selected in object 'Object Repository/Page_Create - KAIZEN/mi_select_motivo'  using regular expression

2020-03-04 10:32:05 - [TEST_STEP][PASSED] - click(findTestObject("Object Repository/Page_Create - KAIZEN/mi_select_buscar_Producto")): Object: 'Object Repository/Page_Create - KAIZEN/mi_select_buscar_Producto' is clicked on

2020-03-04 10:32:06 - [MESSAGE][PASSED] - Object: 'Object Repository/Page_Create - KAIZEN/mi_select_buscar_Producto' is clicked on

2020-03-04 10:32:06 - [TEST_STEP][PASSED] - setText(findTestObject("Object Repository/Page_Create - KAIZEN/mi_assing_producto"), codProducto): Text '9511-101-140' is set on object 'Object Repository/Page_Create - KAIZEN/mi_assing_producto'

2020-03-04 10:32:07 - [MESSAGE][PASSED] - Text '9511-101-140' is set on object 'Object Repository/Page_Create - KAIZEN/mi_assing_producto'

2020-03-04 10:32:07 - [TEST_STEP][PASSED] - sendKeys(findTestObject("Object Repository/Page_Create - KAIZEN/mi_assing_producto"), Keys.chord(ENTER)): Keys 'ENTER + ' sent to object: 'Object Repository/Page_Create - KAIZEN/mi_assing_producto'

2020-03-04 10:32:07 - [MESSAGE][PASSED] - Keys 'ENTER + ' sent to object: 'Object Repository/Page_Create - KAIZEN/mi_assing_producto'

2020-03-04 10:32:07 - [TEST_STEP][PASSED] - setText(findTestObject("Object Repository/Page_Create - KAIZEN/mi_assing_cantidad"), cantidadAMover): Text '51' is set on object 'Object Repository/Page_Create - KAIZEN/mi_assing_cantidad'

2020-03-04 10:32:08 - [MESSAGE][PASSED] - Text '51' is set on object 'Object Repository/Page_Create - KAIZEN/mi_assing_cantidad'

2020-03-04 10:32:08 - [TEST_STEP][PASSED] - sendKeys(findTestObject("Object Repository/Page_Create - KAIZEN/mi_assing_cantidad"), Keys.chord(ENTER)): Keys 'ENTER + ' sent to object: 'Object Repository/Page_Create - KAIZEN/mi_assing_cantidad'

2020-03-04 10:32:08 - [MESSAGE][PASSED] - Keys 'ENTER + ' sent to object: 'Object Repository/Page_Create - KAIZEN/mi_assing_cantidad'

2020-03-04 10:32:08 - [TEST_STEP][PASSED] - delay(5): Delayed 5 second(s)

2020-03-04 10:32:13 - [MESSAGE][PASSED] - Delayed 5 second(s)

2020-03-04 10:32:13 - [TEST_STEP][PASSED] - modal = executeJavaScript("return document.querySelector('.swal2-popup');", null): Execute JavaScript 'return document.querySelector('.swal2-popup');' successfully

2020-03-04 10:32:13 - [MESSAGE][PASSED] - Execute JavaScript 'return document.querySelector('.swal2-popup');' successfully

2020-03-04 10:32:13 - [TEST_STEP][PASSED] - if (modal == null): null

2020-03-04 10:32:13 - [TEST_STEP][PASSED] - else: Object 'Object Repository/Page_Index - KAIZEN/mi_btn_agregar' is present

2020-03-04 10:32:13 - [TEST_STEP][PASSED] - executeJavaScript("document.querySelector(".swal2-confirm").click();", null): Execute JavaScript 'document.querySelector(".swal2-confirm").click();' successfully

2020-03-04 10:32:13 - [MESSAGE][PASSED] - Execute JavaScript 'document.querySelector(".swal2-confirm").click();' successfully

2020-03-04 10:32:13 - [TEST_STEP][PASSED] - if (motivo == "EntradaPorFabricacion"): null

2020-03-04 10:32:13 - [TEST_STEP][PASSED] - else: Object 'Object Repository/Page_Index - KAIZEN/mi_btn_agregar' is present

2020-03-04 10:32:13 - [TEST_STEP][PASSED] - selectOptionByValue(findTestObject("Object Repository/Page_Create - KAIZEN/mi_assing_almacen1"), IdAlmacen1, true): All options with value '6' are selected in object 'Object Repository/Page_Create - KAIZEN/mi_assing_almacen1'  using regular expression

2020-03-04 10:32:17 - [MESSAGE][PASSED] - All options with value '6' are selected in object 'Object Repository/Page_Create - KAIZEN/mi_assing_almacen1'  using regular expression

2020-03-04 10:32:17 - [TEST_STEP][PASSED] - if (concepto == "TransferenciaDeMercancias"): Object 'Object Repository/Page_Index - KAIZEN/mi_btn_agregar' is present

2020-03-04 10:32:17 - [TEST_STEP][PASSED] - selectOptionByValue(findTestObject("Object Repository/Page_Create - KAIZEN/mi_assing_almacen2"), IdAlmacen2, true): All options with value '1' are selected in object 'Object Repository/Page_Create - KAIZEN/mi_assing_almacen2'  using regular expression

2020-03-04 10:32:18 - [MESSAGE][PASSED] - All options with value '1' are selected in object 'Object Repository/Page_Create - KAIZEN/mi_assing_almacen2'  using regular expression

2020-03-04 10:32:18 - [TEST_STEP][PASSED] - click(findTestObject("Object Repository/Page_Create - KAIZEN/mi_btn_Guardar")): Object: 'Object Repository/Page_Create - KAIZEN/mi_btn_Guardar' is clicked on

2020-03-04 10:32:22 - [MESSAGE][PASSED] - Object: 'Object Repository/Page_Create - KAIZEN/mi_btn_Guardar' is clicked on

2020-03-04 10:32:22 - [TEST_STEP][PASSED] - verifyElementPresent(findTestObject("Object Repository/Page_Index - KAIZEN/mi_btn_agregar"), 5): Object 'Object Repository/Page_Index - KAIZEN/mi_btn_agregar' is present

2020-03-04 10:32:23 - [MESSAGE][PASSED] - Object 'Object Repository/Page_Index - KAIZEN/mi_btn_agregar' is present

2020-03-04 10:32:23 - [TEST_STEP][PASSED] - delay(5): Delayed 5 second(s)

2020-03-04 10:32:28 - [MESSAGE][PASSED] - Delayed 5 second(s)

2020-03-04 10:32:28 - [TEST_STEP][ERROR] - exportar_archivos.reporteInventario.reporteInv(concepto, motivo, IdProducto, codProducto, Producto, IdGrupo, Existencia, IdAlmacen1, cantidadActual1, IdAlmacen2, cantidadActual2, cantidad): java.io.FileNotFoundException: C:\Users\kaizen\git\AutomatizacionKatalon\Pedidos\DataExcel\ReporteInventarioKatalon.xlsx (The process cannot access the file because it is being used by another process)

2020-03-04 10:32:28 - [MESSAGE][ERROR] - java.io.FileNotFoundException: C:\Users\kaizen\git\AutomatizacionKatalon\Pedidos\DataExcel\ReporteInventarioKatalon.xlsx (The process cannot access the file because it is being used by another process)

2020-03-04 10:32:28 - [MESSAGE][FAILED] - Unable to call Test Case 'Test Cases/Individual_Tests/Movimientos_Inventario' (Root cause: com.kms.katalon.core.exception.StepErrorException: Call Test Case 'Test Cases/Individual_Tests/Movimientos_Inventario' failed because of error(s)
	at com.kms.katalon.core.keyword.builtin.CallTestCaseKeyword$_callTestCase_closure1.doCall(CallTestCaseKeyword.groovy:66)
	at com.kms.katalon.core.keyword.builtin.CallTestCaseKeyword$_callTestCase_closure1.call(CallTestCaseKeyword.groovy)
	at com.kms.katalon.core.keyword.internal.KeywordMain.runKeyword(KeywordMain.groovy:68)
	at com.kms.katalon.core.keyword.builtin.CallTestCaseKeyword.callTestCase(CallTestCaseKeyword.groovy:81)
	at com.kms.katalon.core.keyword.builtin.CallTestCaseKeyword.execute(CallTestCaseKeyword.groovy:44)
	at com.kms.katalon.core.keyword.internal.KeywordExecutor.executeKeywordForPlatform(KeywordExecutor.groovy:72)
	at com.kms.katalon.core.keyword.BuiltinKeywords.callTestCase(BuiltinKeywords.groovy:334)
	at TC_Agregar_Movimiento_Inventario.run(TC_Agregar_Movimiento_Inventario:31)
	at com.kms.katalon.core.main.ScriptEngine.run(ScriptEngine.java:194)
	at com.kms.katalon.core.main.ScriptEngine.runScriptAsRawText(ScriptEngine.java:119)
	at com.kms.katalon.core.main.TestCaseExecutor.runScript(TestCaseExecutor.java:337)
	at com.kms.katalon.core.main.TestCaseExecutor.doExecute(TestCaseExecutor.java:328)
	at com.kms.katalon.core.main.TestCaseExecutor.processExecutionPhase(TestCaseExecutor.java:307)
	at com.kms.katalon.core.main.TestCaseExecutor.accessMainPhase(TestCaseExecutor.java:299)
	at com.kms.katalon.core.main.TestCaseExecutor.execute(TestCaseExecutor.java:233)
	at com.kms.katalon.core.main.TestSuiteExecutor.accessTestCaseMainPhase(TestSuiteExecutor.java:169)
	at com.kms.katalon.core.main.TestSuiteExecutor.accessTestSuiteMainPhase(TestSuiteExecutor.java:142)
	at com.kms.katalon.core.main.TestSuiteExecutor.execute(TestSuiteExecutor.java:91)
	at com.kms.katalon.core.main.TestCaseMain.startTestSuite(TestCaseMain.java:157)
	at com.kms.katalon.core.main.TestCaseMain$startTestSuite$0.call(Unknown Source)
	at TempTestSuite1583332071640.run(TempTestSuite1583332071640.groovy:36)
Caused by: org.codehaus.groovy.runtime.InvokerInvocationException: java.io.FileNotFoundException: C:\Users\kaizen\git\AutomatizacionKatalon\Pedidos\DataExcel\ReporteInventarioKatalon.xlsx (The process cannot access the file because it is being used by another process)
	at exportar_archivos.reporteInventario.invokeMethod(reporteInventario.groovy)
	at com.kms.katalon.core.main.CustomKeywordDelegatingMetaClass.invokeStaticMethod(CustomKeywordDelegatingMetaClass.java:50)
	at Movimientos_Inventario.run(Movimientos_Inventario:157)
	at com.kms.katalon.core.main.ScriptEngine.run(ScriptEngine.java:194)
	at com.kms.katalon.core.main.ScriptEngine.runScriptAsRawText(ScriptEngine.java:119)
	at com.kms.katalon.core.main.TestCaseExecutor.runScript(TestCaseExecutor.java:337)
	at com.kms.katalon.core.main.TestCaseExecutor.doExecute(TestCaseExecutor.java:328)
	at com.kms.katalon.core.main.TestCaseExecutor.processExecutionPhase(TestCaseExecutor.java:307)
	at com.kms.katalon.core.main.TestCaseExecutor.accessMainPhase(TestCaseExecutor.java:299)
	at com.kms.katalon.core.main.TestCaseExecutor.execute(TestCaseExecutor.java:233)
	at com.kms.katalon.core.main.TestCaseMain.runTestCase(TestCaseMain.java:114)
	at com.kms.katalon.core.keyword.builtin.CallTestCaseKeyword$_callTestCase_closure1.doCall(CallTestCaseKeyword.groovy:59)
	... 20 more
Caused by: java.io.FileNotFoundException: C:\Users\kaizen\git\AutomatizacionKatalon\Pedidos\DataExcel\ReporteInventarioKatalon.xlsx (The process cannot access the file because it is being used by another process)
	at exportar_archivos.reporteInventario.reporteInv(reporteInventario.groovy:135)
	... 32 more
)]]></system-out>
         <system-err><![CDATA[2020-03-04 10:27:54 - [TEST_CASE][ERROR] - Test Cases/Secuencias de Ejecucion/TC_Agregar_Movimiento_Inventario: Test Cases/Secuencias de Ejecucion/TC_Agregar_Movimiento_Inventario FAILED.
Reason:
com.kms.katalon.core.exception.StepErrorException: Call Test Case 'Test Cases/Individual_Tests/Movimientos_Inventario' failed because of error(s)
	at com.kms.katalon.core.keyword.builtin.CallTestCaseKeyword$_callTestCase_closure1.doCall(CallTestCaseKeyword.groovy:66)
	at com.kms.katalon.core.keyword.builtin.CallTestCaseKeyword$_callTestCase_closure1.call(CallTestCaseKeyword.groovy)
	at com.kms.katalon.core.keyword.internal.KeywordMain.runKeyword(KeywordMain.groovy:68)
	at com.kms.katalon.core.keyword.builtin.CallTestCaseKeyword.callTestCase(CallTestCaseKeyword.groovy:81)
	at com.kms.katalon.core.keyword.builtin.CallTestCaseKeyword.execute(CallTestCaseKeyword.groovy:44)
	at com.kms.katalon.core.keyword.internal.KeywordExecutor.executeKeywordForPlatform(KeywordExecutor.groovy:72)
	at com.kms.katalon.core.keyword.BuiltinKeywords.callTestCase(BuiltinKeywords.groovy:334)
	at TC_Agregar_Movimiento_Inventario.run(TC_Agregar_Movimiento_Inventario:31)
	at com.kms.katalon.core.main.ScriptEngine.run(ScriptEngine.java:194)
	at com.kms.katalon.core.main.ScriptEngine.runScriptAsRawText(ScriptEngine.java:119)
	at com.kms.katalon.core.main.TestCaseExecutor.runScript(TestCaseExecutor.java:337)
	at com.kms.katalon.core.main.TestCaseExecutor.doExecute(TestCaseExecutor.java:328)
	at com.kms.katalon.core.main.TestCaseExecutor.processExecutionPhase(TestCaseExecutor.java:307)
	at com.kms.katalon.core.main.TestCaseExecutor.accessMainPhase(TestCaseExecutor.java:299)
	at com.kms.katalon.core.main.TestCaseExecutor.execute(TestCaseExecutor.java:233)
	at com.kms.katalon.core.main.TestSuiteExecutor.accessTestCaseMainPhase(TestSuiteExecutor.java:169)
	at com.kms.katalon.core.main.TestSuiteExecutor.accessTestSuiteMainPhase(TestSuiteExecutor.java:142)
	at com.kms.katalon.core.main.TestSuiteExecutor.execute(TestSuiteExecutor.java:91)
	at com.kms.katalon.core.main.TestCaseMain.startTestSuite(TestCaseMain.java:157)
	at com.kms.katalon.core.main.TestCaseMain$startTestSuite$0.call(Unknown Source)
	at TempTestSuite1583332071640.run(TempTestSuite1583332071640.groovy:36)
Caused by: org.codehaus.groovy.runtime.InvokerInvocationException: java.io.FileNotFoundException: C:\Users\kaizen\git\AutomatizacionKatalon\Pedidos\DataExcel\ReporteInventarioKatalon.xlsx (The process cannot access the file because it is being used by another process)
	at exportar_archivos.reporteInventario.invokeMethod(reporteInventario.groovy)
	at com.kms.katalon.core.main.CustomKeywordDelegatingMetaClass.invokeStaticMethod(CustomKeywordDelegatingMetaClass.java:50)
	at Movimientos_Inventario.run(Movimientos_Inventario:157)
	at com.kms.katalon.core.main.ScriptEngine.run(ScriptEngine.java:194)
	at com.kms.katalon.core.main.ScriptEngine.runScriptAsRawText(ScriptEngine.java:119)
	at com.kms.katalon.core.main.TestCaseExecutor.runScript(TestCaseExecutor.java:337)
	at com.kms.katalon.core.main.TestCaseExecutor.doExecute(TestCaseExecutor.java:328)
	at com.kms.katalon.core.main.TestCaseExecutor.processExecutionPhase(TestCaseExecutor.java:307)
	at com.kms.katalon.core.main.TestCaseExecutor.accessMainPhase(TestCaseExecutor.java:299)
	at com.kms.katalon.core.main.TestCaseExecutor.execute(TestCaseExecutor.java:233)
	at com.kms.katalon.core.main.TestCaseMain.runTestCase(TestCaseMain.java:114)
	at com.kms.katalon.core.keyword.builtin.CallTestCaseKeyword$_callTestCase_closure1.doCall(CallTestCaseKeyword.groovy:59)
	... 20 more
Caused by: java.io.FileNotFoundException: C:\Users\kaizen\git\AutomatizacionKatalon\Pedidos\DataExcel\ReporteInventarioKatalon.xlsx (The process cannot access the file because it is being used by another process)
	at exportar_archivos.reporteInventario.reporteInv(reporteInventario.groovy:135)
	... 32 more]]></system-err>
      </testcase>
      <system-out><![CDATA[2020-03-04 10:27:54 - [TEST_SUITE][ERROR] - Flujo Completo Mov Inventario: Test Cases/Secuencias de Ejecucion/TC_Agregar_Movimiento_Inventario FAILED.
Reason:
com.kms.katalon.core.exception.StepErrorException: Call Test Case 'Test Cases/Individual_Tests/Movimientos_Inventario' failed because of error(s)
	at com.kms.katalon.core.keyword.builtin.CallTestCaseKeyword$_callTestCase_closure1.doCall(CallTestCaseKeyword.groovy:66)
	at com.kms.katalon.core.keyword.builtin.CallTestCaseKeyword$_callTestCase_closure1.call(CallTestCaseKeyword.groovy)
	at com.kms.katalon.core.keyword.internal.KeywordMain.runKeyword(KeywordMain.groovy:68)
	at com.kms.katalon.core.keyword.builtin.CallTestCaseKeyword.callTestCase(CallTestCaseKeyword.groovy:81)
	at com.kms.katalon.core.keyword.builtin.CallTestCaseKeyword.execute(CallTestCaseKeyword.groovy:44)
	at com.kms.katalon.core.keyword.internal.KeywordExecutor.executeKeywordForPlatform(KeywordExecutor.groovy:72)
	at com.kms.katalon.core.keyword.BuiltinKeywords.callTestCase(BuiltinKeywords.groovy:334)
	at TC_Agregar_Movimiento_Inventario.run(TC_Agregar_Movimiento_Inventario:31)
	at com.kms.katalon.core.main.ScriptEngine.run(ScriptEngine.java:194)
	at com.kms.katalon.core.main.ScriptEngine.runScriptAsRawText(ScriptEngine.java:119)
	at com.kms.katalon.core.main.TestCaseExecutor.runScript(TestCaseExecutor.java:337)
	at com.kms.katalon.core.main.TestCaseExecutor.doExecute(TestCaseExecutor.java:328)
	at com.kms.katalon.core.main.TestCaseExecutor.processExecutionPhase(TestCaseExecutor.java:307)
	at com.kms.katalon.core.main.TestCaseExecutor.accessMainPhase(TestCaseExecutor.java:299)
	at com.kms.katalon.core.main.TestCaseExecutor.execute(TestCaseExecutor.java:233)
	at com.kms.katalon.core.main.TestSuiteExecutor.accessTestCaseMainPhase(TestSuiteExecutor.java:169)
	at com.kms.katalon.core.main.TestSuiteExecutor.accessTestSuiteMainPhase(TestSuiteExecutor.java:142)
	at com.kms.katalon.core.main.TestSuiteExecutor.execute(TestSuiteExecutor.java:91)
	at com.kms.katalon.core.main.TestCaseMain.startTestSuite(TestCaseMain.java:157)
	at com.kms.katalon.core.main.TestCaseMain$startTestSuite$0.call(Unknown Source)
	at TempTestSuite1583332071640.run(TempTestSuite1583332071640.groovy:36)
Caused by: org.codehaus.groovy.runtime.InvokerInvocationException: java.io.FileNotFoundException: C:\Users\kaizen\git\AutomatizacionKatalon\Pedidos\DataExcel\ReporteInventarioKatalon.xlsx (The process cannot access the file because it is being used by another process)
	at exportar_archivos.reporteInventario.invokeMethod(reporteInventario.groovy)
	at com.kms.katalon.core.main.CustomKeywordDelegatingMetaClass.invokeStaticMethod(CustomKeywordDelegatingMetaClass.java:50)
	at Movimientos_Inventario.run(Movimientos_Inventario:157)
	at com.kms.katalon.core.main.ScriptEngine.run(ScriptEngine.java:194)
	at com.kms.katalon.core.main.ScriptEngine.runScriptAsRawText(ScriptEngine.java:119)
	at com.kms.katalon.core.main.TestCaseExecutor.runScript(TestCaseExecutor.java:337)
	at com.kms.katalon.core.main.TestCaseExecutor.doExecute(TestCaseExecutor.java:328)
	at com.kms.katalon.core.main.TestCaseExecutor.processExecutionPhase(TestCaseExecutor.java:307)
	at com.kms.katalon.core.main.TestCaseExecutor.accessMainPhase(TestCaseExecutor.java:299)
	at com.kms.katalon.core.main.TestCaseExecutor.execute(TestCaseExecutor.java:233)
	at com.kms.katalon.core.main.TestCaseMain.runTestCase(TestCaseMain.java:114)
	at com.kms.katalon.core.keyword.builtin.CallTestCaseKeyword$_callTestCase_closure1.doCall(CallTestCaseKeyword.groovy:59)
	... 20 more
Caused by: java.io.FileNotFoundException: C:\Users\kaizen\git\AutomatizacionKatalon\Pedidos\DataExcel\ReporteInventarioKatalon.xlsx (The process cannot access the file because it is being used by another process)
	at exportar_archivos.reporteInventario.reporteInv(reporteInventario.groovy:135)
	... 32 more]]></system-out>
      <system-err><![CDATA[2020-03-04 10:27:54 - [TEST_SUITE][ERROR] - Flujo Completo Mov Inventario: Test Cases/Secuencias de Ejecucion/TC_Agregar_Movimiento_Inventario FAILED.
Reason:
com.kms.katalon.core.exception.StepErrorException: Call Test Case 'Test Cases/Individual_Tests/Movimientos_Inventario' failed because of error(s)
	at com.kms.katalon.core.keyword.builtin.CallTestCaseKeyword$_callTestCase_closure1.doCall(CallTestCaseKeyword.groovy:66)
	at com.kms.katalon.core.keyword.builtin.CallTestCaseKeyword$_callTestCase_closure1.call(CallTestCaseKeyword.groovy)
	at com.kms.katalon.core.keyword.internal.KeywordMain.runKeyword(KeywordMain.groovy:68)
	at com.kms.katalon.core.keyword.builtin.CallTestCaseKeyword.callTestCase(CallTestCaseKeyword.groovy:81)
	at com.kms.katalon.core.keyword.builtin.CallTestCaseKeyword.execute(CallTestCaseKeyword.groovy:44)
	at com.kms.katalon.core.keyword.internal.KeywordExecutor.executeKeywordForPlatform(KeywordExecutor.groovy:72)
	at com.kms.katalon.core.keyword.BuiltinKeywords.callTestCase(BuiltinKeywords.groovy:334)
	at TC_Agregar_Movimiento_Inventario.run(TC_Agregar_Movimiento_Inventario:31)
	at com.kms.katalon.core.main.ScriptEngine.run(ScriptEngine.java:194)
	at com.kms.katalon.core.main.ScriptEngine.runScriptAsRawText(ScriptEngine.java:119)
	at com.kms.katalon.core.main.TestCaseExecutor.runScript(TestCaseExecutor.java:337)
	at com.kms.katalon.core.main.TestCaseExecutor.doExecute(TestCaseExecutor.java:328)
	at com.kms.katalon.core.main.TestCaseExecutor.processExecutionPhase(TestCaseExecutor.java:307)
	at com.kms.katalon.core.main.TestCaseExecutor.accessMainPhase(TestCaseExecutor.java:299)
	at com.kms.katalon.core.main.TestCaseExecutor.execute(TestCaseExecutor.java:233)
	at com.kms.katalon.core.main.TestSuiteExecutor.accessTestCaseMainPhase(TestSuiteExecutor.java:169)
	at com.kms.katalon.core.main.TestSuiteExecutor.accessTestSuiteMainPhase(TestSuiteExecutor.java:142)
	at com.kms.katalon.core.main.TestSuiteExecutor.execute(TestSuiteExecutor.java:91)
	at com.kms.katalon.core.main.TestCaseMain.startTestSuite(TestCaseMain.java:157)
	at com.kms.katalon.core.main.TestCaseMain$startTestSuite$0.call(Unknown Source)
	at TempTestSuite1583332071640.run(TempTestSuite1583332071640.groovy:36)
Caused by: org.codehaus.groovy.runtime.InvokerInvocationException: java.io.FileNotFoundException: C:\Users\kaizen\git\AutomatizacionKatalon\Pedidos\DataExcel\ReporteInventarioKatalon.xlsx (The process cannot access the file because it is being used by another process)
	at exportar_archivos.reporteInventario.invokeMethod(reporteInventario.groovy)
	at com.kms.katalon.core.main.CustomKeywordDelegatingMetaClass.invokeStaticMethod(CustomKeywordDelegatingMetaClass.java:50)
	at Movimientos_Inventario.run(Movimientos_Inventario:157)
	at com.kms.katalon.core.main.ScriptEngine.run(ScriptEngine.java:194)
	at com.kms.katalon.core.main.ScriptEngine.runScriptAsRawText(ScriptEngine.java:119)
	at com.kms.katalon.core.main.TestCaseExecutor.runScript(TestCaseExecutor.java:337)
	at com.kms.katalon.core.main.TestCaseExecutor.doExecute(TestCaseExecutor.java:328)
	at com.kms.katalon.core.main.TestCaseExecutor.processExecutionPhase(TestCaseExecutor.java:307)
	at com.kms.katalon.core.main.TestCaseExecutor.accessMainPhase(TestCaseExecutor.java:299)
	at com.kms.katalon.core.main.TestCaseExecutor.execute(TestCaseExecutor.java:233)
	at com.kms.katalon.core.main.TestCaseMain.runTestCase(TestCaseMain.java:114)
	at com.kms.katalon.core.keyword.builtin.CallTestCaseKeyword$_callTestCase_closure1.doCall(CallTestCaseKeyword.groovy:59)
	... 20 more
Caused by: java.io.FileNotFoundException: C:\Users\kaizen\git\AutomatizacionKatalon\Pedidos\DataExcel\ReporteInventarioKatalon.xlsx (The process cannot access the file because it is being used by another process)
	at exportar_archivos.reporteInventario.reporteInv(reporteInventario.groovy:135)
	... 32 more]]></system-err>
   </testsuite>
</testsuites>
