<?xml version="1.0" encoding="UTF-8"?>
<testsuites name="5-Despachar_20pies_TestSuites" time="6.259" tests="2" failures="0" errors="0">
   <testsuite name="5-Despachar_20pies_TestSuites" tests="2" failures="0" errors="0" time="6.259" timestamp="2020-02-07 09:57:47" hostname="kaizen - LAPTOP-K43U1BVQ" id="Test Suites/Flujo_funcionalidades_Pedidos_20pies/5-Despachar_20pies_TestSuites">
      <properties>
         <property name="deviceName" value=""/>
         <property name="devicePlatform" value=""/>
         <property name="logFolder" value="C:\\Users\\kaizen\\git\\AutomatizacionKatalon\\Reports\\20200207_095405\\Flujo_funcionalidades_Pedidos_20pies\\5-Despachar_20pies_TestSuites\\20200207_095415"/>
         <property name="logFiles" value="C:\\Users\\kaizen\\git\\AutomatizacionKatalon\\Reports\\20200207_095405\\Flujo_funcionalidades_Pedidos_20pies\\5-Despachar_20pies_TestSuites\\20200207_095415\\execution0.log"/>
         <property name="attachments" value=""/>
         <property name="hostName" value="kaizen - LAPTOP-K43U1BVQ"/>
         <property name="hostAddress" value="192.168.99.1"/>
         <property name="os" value="Windows 10 64bit"/>
         <property name="katalonVersion" value="7.2.1.1"/>
      </properties>
      <testcase name="Test Cases/Secuencias de Ejecucion/TC_Generar_Despachar_20pies" time="4.343" classname="Test Cases/Secuencias de Ejecucion/TC_Generar_Despachar_20pies" status="PASSED">
         <system-out><![CDATA[2020-02-07 09:57:47 - [TEST_CASE][PASSED] - Test Cases/Secuencias de Ejecucion/TC_Generar_Despachar_20pies: Test Cases/Secuencias de Ejecucion/TC_Generar_Despachar_20pies

2020-02-07 09:57:48 - [TEST_STEP][PASSED] - python.Ex_despacho_pedidos_20pies.runPython(): python.Ex_despacho_pedidos_20pies.runPython is PASSED

2020-02-07 09:57:52 - [MESSAGE][PASSED] - python.Ex_despacho_pedidos_20pies.runPython is PASSED]]></system-out>
         <system-err><![CDATA[]]></system-err>
      </testcase>
      <testcase name="Test Cases/Secuencias de Ejecucion/TC_Despachar_20pies" time="1.382" classname="Test Cases/Secuencias de Ejecucion/TC_Despachar_20pies" status="PASSED">
         <system-out><![CDATA[2020-02-07 09:57:52 - [TEST_CASE][PASSED] - Test Cases/Secuencias de Ejecucion/TC_Despachar_20pies: Test Cases/Secuencias de Ejecucion/TC_Despachar_20pies

2020-02-07 09:57:52 - [TEST_STEP][PASSED] - archivo = $RunConfiguration.getProjectDir()/Pedidos/DataExcel/Despacho_20pies.xlsx: null

2020-02-07 09:57:52 - [TEST_STEP][PASSED] - excelData = getExcelDataWithDefaultSheet(archivo, "Sheet1", true): null

2020-02-07 09:57:53 - [TEST_STEP][PASSED] - for ([Index = 1, Index <= excelData.getRowNumbers(), (Index++)]): null]]></system-out>
         <system-err><![CDATA[]]></system-err>
      </testcase>
      <system-out><![CDATA[2020-02-07 09:57:47 - [TEST_SUITE][PASSED] - 5-Despachar_20pies_TestSuites: Test Cases/Secuencias de Ejecucion/TC_Despachar_20pies]]></system-out>
      <system-err><![CDATA[]]></system-err>
   </testsuite>
</testsuites>
