<?xml version="1.0" encoding="UTF-8"?>
<testsuites name="Flujo Completo 20 pies" time="19.249" tests="2" failures="0" errors="0">
   <testsuite name="Flujo Completo 20 pies" tests="2" failures="0" errors="0" time="19.249" timestamp="2020-03-11 14:05:42" hostname="kaizen - LAPTOP-K43U1BVQ" id="Test Suites/Funcionalidades_Pedidos/Flujo Completo 20 pies">
      <properties>
         <property name="deviceName" value=""/>
         <property name="devicePlatform" value=""/>
         <property name="logFolder" value="C:\\Users\\kaizen\\git\\AutomatizacionKatalon\\Reports\\20200311_140535\\Funcionalidades_Pedidos\\Flujo Completo 20 pies\\20200311_140535"/>
         <property name="logFiles" value="C:\\Users\\kaizen\\git\\AutomatizacionKatalon\\Reports\\20200311_140535\\Funcionalidades_Pedidos\\Flujo Completo 20 pies\\20200311_140535\\execution0.log"/>
         <property name="attachments" value=""/>
         <property name="hostName" value="kaizen - LAPTOP-K43U1BVQ"/>
         <property name="hostAddress" value="192.168.99.1"/>
         <property name="os" value="Windows 10 64bit"/>
         <property name="katalonVersion" value="7.2.1.1"/>
      </properties>
      <testcase name="Test Cases/Generar_Excels_Secuencias/TC_Generar_Excel_Pedidos_20pies" time="6.167" classname="Test Cases/Generar_Excels_Secuencias/TC_Generar_Excel_Pedidos_20pies" status="PASSED">
         <system-out><![CDATA[2020-03-11 14:05:43 - [TEST_CASE][PASSED] - Test Cases/Generar_Excels_Secuencias/TC_Generar_Excel_Pedidos_20pies: Test Cases/Generar_Excels_Secuencias/TC_Generar_Excel_Pedidos_20pies

2020-03-11 14:05:43 - [TEST_STEP][PASSED] - python.ejecutarAleatoriosPython.runPython("Crear20"): python.ejecutarAleatoriosPython.runPython is PASSED

2020-03-11 14:05:49 - [MESSAGE][PASSED] - python.ejecutarAleatoriosPython.runPython is PASSED]]></system-out>
         <system-err><![CDATA[]]></system-err>
      </testcase>
      <testcase name="Test Cases/Generar_Excels_Secuencias/TC_Generar_Excel_Aprobaciones" time="5.235" classname="Test Cases/Generar_Excels_Secuencias/TC_Generar_Excel_Aprobaciones" status="PASSED">
         <system-out><![CDATA[2020-03-11 14:05:49 - [TEST_CASE][PASSED] - Test Cases/Generar_Excels_Secuencias/TC_Generar_Excel_Aprobaciones: Test Cases/Generar_Excels_Secuencias/TC_Generar_Excel_Aprobaciones

2020-03-11 14:05:49 - [TEST_STEP][PASSED] - python.ejecutarAleatoriosPython.runPython("Aprobar"): python.ejecutarAleatoriosPython.runPython is PASSED

2020-03-11 14:05:54 - [MESSAGE][PASSED] - python.ejecutarAleatoriosPython.runPython is PASSED]]></system-out>
         <system-err><![CDATA[]]></system-err>
      </testcase>
      <system-out><![CDATA[2020-03-11 14:05:42 - [TEST_SUITE][PASSED] - Flujo Completo 20 pies: Test Cases/Generar_Excels_Secuencias/TC_Generar_Excel_Aprobaciones]]></system-out>
      <system-err><![CDATA[]]></system-err>
   </testsuite>
</testsuites>
