<?xml version="1.0" encoding="UTF-8"?>
<testsuites name="4-GenerarProduccion_20pies_TestSuites" time="191.265" tests="2" failures="0" errors="0">
   <testsuite name="4-GenerarProduccion_20pies_TestSuites" tests="2" failures="0" errors="0" time="191.265" timestamp="2020-02-07 11:15:45" hostname="kaizen - LAPTOP-K43U1BVQ" id="Test Suites/Flujo_funcionalidades_Pedidos_20pies/4-GenerarProduccion_20pies_TestSuites">
      <properties>
         <property name="deviceName" value=""/>
         <property name="devicePlatform" value=""/>
         <property name="logFolder" value="C:\\Users\\kaizen\\git\\AutomatizacionKatalon\\Reports\\20200207_105507\\Flujo_funcionalidades_Pedidos_20pies\\4-GenerarProduccion_20pies_TestSuites\\20200207_105510"/>
         <property name="logFiles" value="C:\\Users\\kaizen\\git\\AutomatizacionKatalon\\Reports\\20200207_105507\\Flujo_funcionalidades_Pedidos_20pies\\4-GenerarProduccion_20pies_TestSuites\\20200207_105510\\execution0.log"/>
         <property name="attachments" value=""/>
         <property name="hostName" value="kaizen - LAPTOP-K43U1BVQ"/>
         <property name="os" value="Windows 10 64bit"/>
         <property name="katalonVersion" value="7.2.1.1"/>
         <property name="browser" value="Chrome 80.0.3987.87"/>
         <property name="hostAddress" value="192.168.99.1"/>
         <property name="sessionId" value="393f022d643004b066a7311103e156d4"/>
         <property name="seleniumVersion" value="3.141.59"/>
         <property name="proxyInformation" value="ProxyInformation{proxyOption=NO_PROXY, proxyServerType=HTTP, password=, proxyServerAddress=, proxyServerPort=0, executionList=}"/>
         <property name="platform" value="Windows 10"/>
      </properties>
      <testcase name="Test Cases/Secuencias de Ejecucion/TC_Generar_Produccion_20pies" time="3.97" classname="Test Cases/Secuencias de Ejecucion/TC_Generar_Produccion_20pies" status="PASSED">
         <system-out><![CDATA[2020-02-07 11:15:46 - [TEST_CASE][PASSED] - Test Cases/Secuencias de Ejecucion/TC_Generar_Produccion_20pies: Test Cases/Secuencias de Ejecucion/TC_Generar_Produccion_20pies

2020-02-07 11:15:46 - [TEST_STEP][PASSED] - python.Ex_produccion_pedidos_20pies.runPython(): python.Ex_produccion_pedidos_20pies.runPython is PASSED

2020-02-07 11:15:50 - [MESSAGE][PASSED] - python.Ex_produccion_pedidos_20pies.runPython is PASSED]]></system-out>
         <system-err><![CDATA[]]></system-err>
      </testcase>
      <testcase name="Test Cases/Secuencias de Ejecucion/TC_Orden_Produccion_20pies" time="186.134" classname="Test Cases/Secuencias de Ejecucion/TC_Orden_Produccion_20pies" status="PASSED">
         <system-out><![CDATA[2020-02-07 11:15:50 - [TEST_CASE][PASSED] - Test Cases/Secuencias de Ejecucion/TC_Orden_Produccion_20pies: Test Cases/Secuencias de Ejecucion/TC_Orden_Produccion_20pies

2020-02-07 11:15:50 - [TEST_STEP][PASSED] - archivo = $RunConfiguration.getProjectDir()/Pedidos/DataExcel/Orden_Produccion_20pies.xlsx: null

2020-02-07 11:15:50 - [TEST_STEP][PASSED] - excelData = getExcelDataWithDefaultSheet(archivo, "Sheet1", true): null

2020-02-07 11:15:51 - [TEST_STEP][PASSED] - for ([Index = 1, Index <= excelData.getRowNumbers(), (Index++)]): Call Test Case 'Test Cases/Individual_Tests_20pies/Orden_Produccion' successfully

2020-02-07 11:15:51 - [TEST_STEP][PASSED] - callTestCase(findTestCase("Individual_Tests_20pies/Login"), ["Evento":"Produccion", "Index":Index, "Usuario":Usuario, "Contrasena":Contrasena], STOP_ON_FAILURE): Call Test Case 'Test Cases/Individual_Tests_20pies/Login' successfully

2020-02-07 11:15:51 - [TEST_CASE][PASSED] - Test Cases/Individual_Tests_20pies/Login: Test Cases/Individual_Tests_20pies/Login

2020-02-07 11:15:51 - [TEST_STEP][PASSED] - print("Evento Seleccionado: " + Evento + "
"): null

2020-02-07 11:15:51 - [TEST_STEP][PASSED] - openBrowser(Web): Browser is opened with url: 'http://test.kaizendev.net/Login/Accesar?salir=true'

2020-02-07 11:15:52 - [MESSAGE][INFO] - Starting 'Chrome' driver

2020-02-07 11:15:52 - [MESSAGE][INFO] - Action delay is set to 0 seconds

2020-02-07 11:16:04 - [MESSAGE][PASSED] - Browser is opened with url: 'http://test.kaizendev.net/Login/Accesar?salir=true'

2020-02-07 11:16:04 - [TEST_STEP][PASSED] - maximizeWindow(): Current window maximized

2020-02-07 11:16:05 - [MESSAGE][PASSED] - Current window maximized

2020-02-07 11:16:05 - [TEST_STEP][PASSED] - if (Evento == "Crear"): null

2020-02-07 11:16:05 - [TEST_STEP][PASSED] - else if (Evento == "Aprobar"): null

2020-02-07 11:16:05 - [TEST_STEP][PASSED] - else if (Evento == "Logistica"): null

2020-02-07 11:16:05 - [TEST_STEP][PASSED] - else if (Evento == "Produccion"): Object: 'Object Repository/Page_Iniciar Sesion - KAIZEN/is_btn_ingresar_sistema' is clicked on

2020-02-07 11:16:05 - [TEST_STEP][PASSED] - data4 = obtener_excels.obtener_produccion_20pies.getValuesExcelProduction(Index): obtener_excels.obtener_produccion_20pies.getValuesExcelProduction is PASSED

2020-02-07 11:16:05 - [MESSAGE][PASSED] - obtener_excels.obtener_produccion_20pies.getValuesExcelProduction is PASSED

2020-02-07 11:16:05 - [TEST_STEP][PASSED] - Usuario = data4[1]: null

2020-02-07 11:16:05 - [TEST_STEP][PASSED] - Contrasena = data4[2]: null

2020-02-07 11:16:05 - [TEST_STEP][PASSED] - setText(findTestObject("Page_Iniciar Sesion - KAIZEN/is_input_email"), Usuario): Text 'automated.test@grupokaizen.net' is set on object 'Object Repository/Page_Iniciar Sesion - KAIZEN/is_input_email'

2020-02-07 11:16:06 - [MESSAGE][PASSED] - Text 'automated.test@grupokaizen.net' is set on object 'Object Repository/Page_Iniciar Sesion - KAIZEN/is_input_email'

2020-02-07 11:16:06 - [TEST_STEP][PASSED] - setEncryptedText(findTestObject("Page_Iniciar Sesion - KAIZEN/IS_input_contrasena"), Contrasena): Text ****** has been set on object 'Object Repository/Page_Iniciar Sesion - KAIZEN/IS_input_contrasena'

2020-02-07 11:16:06 - [MESSAGE][PASSED] - Text ****** has been set on object 'Object Repository/Page_Iniciar Sesion - KAIZEN/IS_input_contrasena'

2020-02-07 11:16:06 - [TEST_STEP][PASSED] - click(findTestObject("Page_Iniciar Sesion - KAIZEN/is_btn_ingresar_sistema")): Object: 'Object Repository/Page_Iniciar Sesion - KAIZEN/is_btn_ingresar_sistema' is clicked on

2020-02-07 11:16:08 - [MESSAGE][PASSED] - Object: 'Object Repository/Page_Iniciar Sesion - KAIZEN/is_btn_ingresar_sistema' is clicked on

2020-02-07 11:16:08 - [MESSAGE][PASSED] - Call Test Case 'Test Cases/Individual_Tests_20pies/Login' successfully

2020-02-07 11:16:08 - [TEST_STEP][PASSED] - callTestCase(findTestCase("Individual_Tests_20pies/Seleccionar_Idioma"), ["Evento":"Produccion", "Index":Index, "Idioma":Idioma], STOP_ON_FAILURE): Call Test Case 'Test Cases/Individual_Tests_20pies/Seleccionar_Idioma' successfully

2020-02-07 11:16:08 - [TEST_CASE][PASSED] - Test Cases/Individual_Tests_20pies/Seleccionar_Idioma: Test Cases/Individual_Tests_20pies/Seleccionar_Idioma

2020-02-07 11:16:09 - [TEST_STEP][PASSED] - if (Evento == "Crear"): null

2020-02-07 11:16:09 - [TEST_STEP][PASSED] - else if (Evento == "Aprobar"): null

2020-02-07 11:16:09 - [TEST_STEP][PASSED] - else if (Evento == "Logistica"): null

2020-02-07 11:16:09 - [TEST_STEP][PASSED] - else if (Evento == "Produccion"): null

2020-02-07 11:16:09 - [TEST_STEP][PASSED] - data4 = obtener_excels.obtener_produccion_20pies.getValuesExcelProduction(Index): obtener_excels.obtener_produccion_20pies.getValuesExcelProduction is PASSED

2020-02-07 11:16:09 - [MESSAGE][PASSED] - obtener_excels.obtener_produccion_20pies.getValuesExcelProduction is PASSED

2020-02-07 11:16:09 - [TEST_STEP][PASSED] - Idioma = data4[0]: null

2020-02-07 11:16:09 - [TEST_STEP][PASSED] - click(findTestObject("Page_- KAIZEN/si_btn_idioma")): Object: 'Object Repository/Page_- KAIZEN/si_btn_idioma' is clicked on

2020-02-07 11:16:09 - [MESSAGE][PASSED] - Object: 'Object Repository/Page_- KAIZEN/si_btn_idioma' is clicked on

2020-02-07 11:16:09 - [TEST_STEP][PASSED] - if (Idioma == "0"): null

2020-02-07 11:16:09 - [TEST_STEP][PASSED] - else: Object: 'Object Repository/Page_- KAIZEN/si_Spanish' is clicked on

2020-02-07 11:16:09 - [TEST_STEP][PASSED] - click(findTestObject("Page_- KAIZEN/si_Spanish")): Object: 'Object Repository/Page_- KAIZEN/si_Spanish' is clicked on

2020-02-07 11:16:10 - [MESSAGE][PASSED] - Object: 'Object Repository/Page_- KAIZEN/si_Spanish' is clicked on

2020-02-07 11:16:10 - [MESSAGE][PASSED] - Call Test Case 'Test Cases/Individual_Tests_20pies/Seleccionar_Idioma' successfully

2020-02-07 11:16:10 - [TEST_STEP][PASSED] - callTestCase(findTestCase("Individual_Tests_20pies/Orden_Produccion"), ["Index":Index, "IDPedido":IDPedido], STOP_ON_FAILURE): Call Test Case 'Test Cases/Individual_Tests_20pies/Orden_Produccion' successfully

2020-02-07 11:16:10 - [TEST_CASE][PASSED] - Test Cases/Individual_Tests_20pies/Orden_Produccion: Test Cases/Individual_Tests_20pies/Orden_Produccion

2020-02-07 11:16:10 - [TEST_STEP][PASSED] - data = obtener_excels.obtener_produccion_20pies.getValuesExcelProduction(Index): obtener_excels.obtener_produccion_20pies.getValuesExcelProduction is PASSED

2020-02-07 11:16:10 - [MESSAGE][PASSED] - obtener_excels.obtener_produccion_20pies.getValuesExcelProduction is PASSED

2020-02-07 11:16:10 - [TEST_STEP][PASSED] - IdPedido = data[3]: null

2020-02-07 11:16:10 - [TEST_STEP][PASSED] - IDPedido = IdPedido: null

2020-02-07 11:16:10 - [TEST_STEP][PASSED] - click(findTestObject("Object Repository/Page_- KAIZEN/op_menu_Operaciones")): Object: 'Object Repository/Page_- KAIZEN/op_menu_Operaciones' is clicked on

2020-02-07 11:16:11 - [MESSAGE][PASSED] - Object: 'Object Repository/Page_- KAIZEN/op_menu_Operaciones' is clicked on

2020-02-07 11:16:11 - [TEST_STEP][PASSED] - click(findTestObject("Object Repository/Page_- KAIZEN/op_click_Orden de Produccin")): Object: 'Object Repository/Page_- KAIZEN/op_click_Orden de Produccin' is clicked on

2020-02-07 11:16:12 - [MESSAGE][PASSED] - Object: 'Object Repository/Page_- KAIZEN/op_click_Orden de Produccin' is clicked on

2020-02-07 11:16:12 - [TEST_STEP][PASSED] - click(findTestObject("Object Repository/Page_Index - KAIZEN/op_buscador_Produccion")): Object: 'Object Repository/Page_Index - KAIZEN/op_buscador_Produccion' is clicked on

2020-02-07 11:16:13 - [MESSAGE][PASSED] - Object: 'Object Repository/Page_Index - KAIZEN/op_buscador_Produccion' is clicked on

2020-02-07 11:16:13 - [TEST_STEP][PASSED] - click(findTestObject("Object Repository/Page_Index - KAIZEN/opp_buscar_orden")): Object: 'Object Repository/Page_Index - KAIZEN/opp_buscar_orden' is clicked on

2020-02-07 11:16:14 - [MESSAGE][PASSED] - Object: 'Object Repository/Page_Index - KAIZEN/opp_buscar_orden' is clicked on

2020-02-07 11:16:14 - [TEST_STEP][PASSED] - setText(findTestObject("Object Repository/Page_Index - KAIZEN/opp_escribir_orden"), IDPedido): Text '190' is set on object 'Object Repository/Page_Index - KAIZEN/opp_escribir_orden'

2020-02-07 11:16:15 - [MESSAGE][PASSED] - Text '190' is set on object 'Object Repository/Page_Index - KAIZEN/opp_escribir_orden'

2020-02-07 11:16:15 - [TEST_STEP][PASSED] - sendKeys(findTestObject("Object Repository/Page_Index - KAIZEN/opp_escribir_orden"), Keys.chord(ENTER)): Keys 'ENTER + ' sent to object: 'Object Repository/Page_Index - KAIZEN/opp_escribir_orden'

2020-02-07 11:16:15 - [MESSAGE][PASSED] - Keys 'ENTER + ' sent to object: 'Object Repository/Page_Index - KAIZEN/opp_escribir_orden'

2020-02-07 11:16:15 - [TEST_STEP][PASSED] - click(findTestObject("Object Repository/Page_Index - KAIZEN/op_btn_Buscar")): Object: 'Object Repository/Page_Index - KAIZEN/op_btn_Buscar' is clicked on

2020-02-07 11:16:16 - [MESSAGE][PASSED] - Object: 'Object Repository/Page_Index - KAIZEN/op_btn_Buscar' is clicked on

2020-02-07 11:16:16 - [TEST_STEP][PASSED] - click(findTestObject("Object Repository/Page_Index - KAIZEN/op_click_selecione_pedido")): Object: 'Object Repository/Page_Index - KAIZEN/op_click_selecione_pedido' is clicked on

2020-02-07 11:16:17 - [MESSAGE][PASSED] - Object: 'Object Repository/Page_Index - KAIZEN/op_click_selecione_pedido' is clicked on

2020-02-07 11:16:17 - [TEST_STEP][PASSED] - click(findTestObject("Object Repository/Page_- KAIZEN/op_Iniciar Produccin")): Object: 'Object Repository/Page_- KAIZEN/op_Iniciar Produccin' is clicked on

2020-02-07 11:16:19 - [MESSAGE][PASSED] - Object: 'Object Repository/Page_- KAIZEN/op_Iniciar Produccin' is clicked on

2020-02-07 11:16:19 - [TEST_STEP][PASSED] - click(findTestObject("Object Repository/Page_Index - KAIZEN/op_buscador_Produccion")): Object: 'Object Repository/Page_Index - KAIZEN/op_buscador_Produccion' is clicked on

2020-02-07 11:16:20 - [MESSAGE][PASSED] - Object: 'Object Repository/Page_Index - KAIZEN/op_buscador_Produccion' is clicked on

2020-02-07 11:16:20 - [TEST_STEP][PASSED] - click(findTestObject("Object Repository/Page_Index - KAIZEN/opp_buscar_orden")): Object: 'Object Repository/Page_Index - KAIZEN/opp_buscar_orden' is clicked on

2020-02-07 11:16:21 - [MESSAGE][PASSED] - Object: 'Object Repository/Page_Index - KAIZEN/opp_buscar_orden' is clicked on

2020-02-07 11:16:21 - [TEST_STEP][PASSED] - setText(findTestObject("Object Repository/Page_Index - KAIZEN/opp_escribir_orden"), IDPedido): Text '190' is set on object 'Object Repository/Page_Index - KAIZEN/opp_escribir_orden'

2020-02-07 11:16:21 - [MESSAGE][PASSED] - Text '190' is set on object 'Object Repository/Page_Index - KAIZEN/opp_escribir_orden'

2020-02-07 11:16:21 - [TEST_STEP][PASSED] - sendKeys(findTestObject("Object Repository/Page_Index - KAIZEN/opp_escribir_orden"), Keys.chord(ENTER)): Keys 'ENTER + ' sent to object: 'Object Repository/Page_Index - KAIZEN/opp_escribir_orden'

2020-02-07 11:16:22 - [MESSAGE][PASSED] - Keys 'ENTER + ' sent to object: 'Object Repository/Page_Index - KAIZEN/opp_escribir_orden'

2020-02-07 11:16:22 - [TEST_STEP][PASSED] - click(findTestObject("Object Repository/Page_Index - KAIZEN/op_btn_Buscar")): Object: 'Object Repository/Page_Index - KAIZEN/op_btn_Buscar' is clicked on

2020-02-07 11:16:23 - [MESSAGE][PASSED] - Object: 'Object Repository/Page_Index - KAIZEN/op_btn_Buscar' is clicked on

2020-02-07 11:16:23 - [TEST_STEP][PASSED] - click(findTestObject("Object Repository/Page_Index - KAIZEN/op_click_FInalizar_produccion")): Object: 'Object Repository/Page_Index - KAIZEN/op_click_FInalizar_produccion' is clicked on

2020-02-07 11:16:24 - [MESSAGE][PASSED] - Object: 'Object Repository/Page_Index - KAIZEN/op_click_FInalizar_produccion' is clicked on

2020-02-07 11:16:24 - [TEST_STEP][PASSED] - click(findTestObject("Object Repository/Page_- KAIZEN/op_Finalizar Produccin")): Object: 'Object Repository/Page_- KAIZEN/op_Finalizar Produccin' is clicked on

2020-02-07 11:16:26 - [MESSAGE][PASSED] - Object: 'Object Repository/Page_- KAIZEN/op_Finalizar Produccin' is clicked on

2020-02-07 11:16:26 - [MESSAGE][PASSED] - Call Test Case 'Test Cases/Individual_Tests_20pies/Orden_Produccion' successfully

2020-02-07 11:16:26 - [TEST_STEP][PASSED] - callTestCase(findTestCase("Individual_Tests_20pies/Login"), ["Evento":"Produccion", "Index":Index, "Usuario":Usuario, "Contrasena":Contrasena], STOP_ON_FAILURE): Call Test Case 'Test Cases/Individual_Tests_20pies/Login' successfully

2020-02-07 11:16:26 - [TEST_CASE][PASSED] - Test Cases/Individual_Tests_20pies/Login: Test Cases/Individual_Tests_20pies/Login

2020-02-07 11:16:26 - [TEST_STEP][PASSED] - print("Evento Seleccionado: " + Evento + "
"): null

2020-02-07 11:16:26 - [TEST_STEP][PASSED] - openBrowser(Web): Browser is opened with url: 'http://test.kaizendev.net/Login/Accesar?salir=true'

2020-02-07 11:16:26 - [MESSAGE][WARNING] - A browser is already opened. Closing browser and opening a new one

2020-02-07 11:16:27 - [MESSAGE][INFO] - Starting 'Chrome' driver

2020-02-07 11:16:39 - [MESSAGE][PASSED] - Browser is opened with url: 'http://test.kaizendev.net/Login/Accesar?salir=true'

2020-02-07 11:16:39 - [TEST_STEP][PASSED] - maximizeWindow(): Current window maximized

2020-02-07 11:16:41 - [MESSAGE][PASSED] - Current window maximized

2020-02-07 11:16:41 - [TEST_STEP][PASSED] - if (Evento == "Crear"): null

2020-02-07 11:16:41 - [TEST_STEP][PASSED] - else if (Evento == "Aprobar"): null

2020-02-07 11:16:41 - [TEST_STEP][PASSED] - else if (Evento == "Logistica"): null

2020-02-07 11:16:41 - [TEST_STEP][PASSED] - else if (Evento == "Produccion"): Object: 'Object Repository/Page_Iniciar Sesion - KAIZEN/is_btn_ingresar_sistema' is clicked on

2020-02-07 11:16:41 - [TEST_STEP][PASSED] - data4 = obtener_excels.obtener_produccion_20pies.getValuesExcelProduction(Index): obtener_excels.obtener_produccion_20pies.getValuesExcelProduction is PASSED

2020-02-07 11:16:41 - [MESSAGE][PASSED] - obtener_excels.obtener_produccion_20pies.getValuesExcelProduction is PASSED

2020-02-07 11:16:41 - [TEST_STEP][PASSED] - Usuario = data4[1]: null

2020-02-07 11:16:41 - [TEST_STEP][PASSED] - Contrasena = data4[2]: null

2020-02-07 11:16:41 - [TEST_STEP][PASSED] - setText(findTestObject("Page_Iniciar Sesion - KAIZEN/is_input_email"), Usuario): Text 'automated.test@grupokaizen.net' is set on object 'Object Repository/Page_Iniciar Sesion - KAIZEN/is_input_email'

2020-02-07 11:16:41 - [MESSAGE][PASSED] - Text 'automated.test@grupokaizen.net' is set on object 'Object Repository/Page_Iniciar Sesion - KAIZEN/is_input_email'

2020-02-07 11:16:41 - [TEST_STEP][PASSED] - setEncryptedText(findTestObject("Page_Iniciar Sesion - KAIZEN/IS_input_contrasena"), Contrasena): Text ****** has been set on object 'Object Repository/Page_Iniciar Sesion - KAIZEN/IS_input_contrasena'

2020-02-07 11:16:42 - [MESSAGE][PASSED] - Text ****** has been set on object 'Object Repository/Page_Iniciar Sesion - KAIZEN/IS_input_contrasena'

2020-02-07 11:16:42 - [TEST_STEP][PASSED] - click(findTestObject("Page_Iniciar Sesion - KAIZEN/is_btn_ingresar_sistema")): Object: 'Object Repository/Page_Iniciar Sesion - KAIZEN/is_btn_ingresar_sistema' is clicked on

2020-02-07 11:16:44 - [MESSAGE][PASSED] - Object: 'Object Repository/Page_Iniciar Sesion - KAIZEN/is_btn_ingresar_sistema' is clicked on

2020-02-07 11:16:44 - [MESSAGE][PASSED] - Call Test Case 'Test Cases/Individual_Tests_20pies/Login' successfully

2020-02-07 11:16:44 - [TEST_STEP][PASSED] - callTestCase(findTestCase("Individual_Tests_20pies/Seleccionar_Idioma"), ["Evento":"Produccion", "Index":Index, "Idioma":Idioma], STOP_ON_FAILURE): Call Test Case 'Test Cases/Individual_Tests_20pies/Seleccionar_Idioma' successfully

2020-02-07 11:16:44 - [TEST_CASE][PASSED] - Test Cases/Individual_Tests_20pies/Seleccionar_Idioma: Test Cases/Individual_Tests_20pies/Seleccionar_Idioma

2020-02-07 11:16:44 - [TEST_STEP][PASSED] - if (Evento == "Crear"): null

2020-02-07 11:16:44 - [TEST_STEP][PASSED] - else if (Evento == "Aprobar"): null

2020-02-07 11:16:44 - [TEST_STEP][PASSED] - else if (Evento == "Logistica"): null

2020-02-07 11:16:44 - [TEST_STEP][PASSED] - else if (Evento == "Produccion"): null

2020-02-07 11:16:44 - [TEST_STEP][PASSED] - data4 = obtener_excels.obtener_produccion_20pies.getValuesExcelProduction(Index): obtener_excels.obtener_produccion_20pies.getValuesExcelProduction is PASSED

2020-02-07 11:16:44 - [MESSAGE][PASSED] - obtener_excels.obtener_produccion_20pies.getValuesExcelProduction is PASSED

2020-02-07 11:16:44 - [TEST_STEP][PASSED] - Idioma = data4[0]: null

2020-02-07 11:16:44 - [TEST_STEP][PASSED] - click(findTestObject("Page_- KAIZEN/si_btn_idioma")): Object: 'Object Repository/Page_- KAIZEN/si_btn_idioma' is clicked on

2020-02-07 11:16:45 - [MESSAGE][PASSED] - Object: 'Object Repository/Page_- KAIZEN/si_btn_idioma' is clicked on

2020-02-07 11:16:45 - [TEST_STEP][PASSED] - if (Idioma == "0"): null

2020-02-07 11:16:45 - [TEST_STEP][PASSED] - else: Object: 'Object Repository/Page_- KAIZEN/si_Spanish' is clicked on

2020-02-07 11:16:45 - [TEST_STEP][PASSED] - click(findTestObject("Page_- KAIZEN/si_Spanish")): Object: 'Object Repository/Page_- KAIZEN/si_Spanish' is clicked on

2020-02-07 11:16:46 - [MESSAGE][PASSED] - Object: 'Object Repository/Page_- KAIZEN/si_Spanish' is clicked on

2020-02-07 11:16:46 - [MESSAGE][PASSED] - Call Test Case 'Test Cases/Individual_Tests_20pies/Seleccionar_Idioma' successfully

2020-02-07 11:16:46 - [TEST_STEP][PASSED] - callTestCase(findTestCase("Individual_Tests_20pies/Orden_Produccion"), ["Index":Index, "IDPedido":IDPedido], STOP_ON_FAILURE): Call Test Case 'Test Cases/Individual_Tests_20pies/Orden_Produccion' successfully

2020-02-07 11:16:46 - [TEST_CASE][PASSED] - Test Cases/Individual_Tests_20pies/Orden_Produccion: Test Cases/Individual_Tests_20pies/Orden_Produccion

2020-02-07 11:16:46 - [TEST_STEP][PASSED] - data = obtener_excels.obtener_produccion_20pies.getValuesExcelProduction(Index): obtener_excels.obtener_produccion_20pies.getValuesExcelProduction is PASSED

2020-02-07 11:16:46 - [MESSAGE][PASSED] - obtener_excels.obtener_produccion_20pies.getValuesExcelProduction is PASSED

2020-02-07 11:16:46 - [TEST_STEP][PASSED] - IdPedido = data[3]: null

2020-02-07 11:16:46 - [TEST_STEP][PASSED] - IDPedido = IdPedido: null

2020-02-07 11:16:46 - [TEST_STEP][PASSED] - click(findTestObject("Object Repository/Page_- KAIZEN/op_menu_Operaciones")): Object: 'Object Repository/Page_- KAIZEN/op_menu_Operaciones' is clicked on

2020-02-07 11:16:46 - [MESSAGE][PASSED] - Object: 'Object Repository/Page_- KAIZEN/op_menu_Operaciones' is clicked on

2020-02-07 11:16:46 - [TEST_STEP][PASSED] - click(findTestObject("Object Repository/Page_- KAIZEN/op_click_Orden de Produccin")): Object: 'Object Repository/Page_- KAIZEN/op_click_Orden de Produccin' is clicked on

2020-02-07 11:16:48 - [MESSAGE][PASSED] - Object: 'Object Repository/Page_- KAIZEN/op_click_Orden de Produccin' is clicked on

2020-02-07 11:16:48 - [TEST_STEP][PASSED] - click(findTestObject("Object Repository/Page_Index - KAIZEN/op_buscador_Produccion")): Object: 'Object Repository/Page_Index - KAIZEN/op_buscador_Produccion' is clicked on

2020-02-07 11:16:49 - [MESSAGE][PASSED] - Object: 'Object Repository/Page_Index - KAIZEN/op_buscador_Produccion' is clicked on

2020-02-07 11:16:49 - [TEST_STEP][PASSED] - click(findTestObject("Object Repository/Page_Index - KAIZEN/opp_buscar_orden")): Object: 'Object Repository/Page_Index - KAIZEN/opp_buscar_orden' is clicked on

2020-02-07 11:16:50 - [MESSAGE][PASSED] - Object: 'Object Repository/Page_Index - KAIZEN/opp_buscar_orden' is clicked on

2020-02-07 11:16:50 - [TEST_STEP][PASSED] - setText(findTestObject("Object Repository/Page_Index - KAIZEN/opp_escribir_orden"), IDPedido): Text '192' is set on object 'Object Repository/Page_Index - KAIZEN/opp_escribir_orden'

2020-02-07 11:16:50 - [MESSAGE][PASSED] - Text '192' is set on object 'Object Repository/Page_Index - KAIZEN/opp_escribir_orden'

2020-02-07 11:16:50 - [TEST_STEP][PASSED] - sendKeys(findTestObject("Object Repository/Page_Index - KAIZEN/opp_escribir_orden"), Keys.chord(ENTER)): Keys 'ENTER + ' sent to object: 'Object Repository/Page_Index - KAIZEN/opp_escribir_orden'

2020-02-07 11:16:51 - [MESSAGE][PASSED] - Keys 'ENTER + ' sent to object: 'Object Repository/Page_Index - KAIZEN/opp_escribir_orden'

2020-02-07 11:16:51 - [TEST_STEP][PASSED] - click(findTestObject("Object Repository/Page_Index - KAIZEN/op_btn_Buscar")): Object: 'Object Repository/Page_Index - KAIZEN/op_btn_Buscar' is clicked on

2020-02-07 11:16:52 - [MESSAGE][PASSED] - Object: 'Object Repository/Page_Index - KAIZEN/op_btn_Buscar' is clicked on

2020-02-07 11:16:52 - [TEST_STEP][PASSED] - click(findTestObject("Object Repository/Page_Index - KAIZEN/op_click_selecione_pedido")): Object: 'Object Repository/Page_Index - KAIZEN/op_click_selecione_pedido' is clicked on

2020-02-07 11:16:53 - [MESSAGE][PASSED] - Object: 'Object Repository/Page_Index - KAIZEN/op_click_selecione_pedido' is clicked on

2020-02-07 11:16:53 - [TEST_STEP][PASSED] - click(findTestObject("Object Repository/Page_- KAIZEN/op_Iniciar Produccin")): Object: 'Object Repository/Page_- KAIZEN/op_Iniciar Produccin' is clicked on

2020-02-07 11:16:55 - [MESSAGE][PASSED] - Object: 'Object Repository/Page_- KAIZEN/op_Iniciar Produccin' is clicked on

2020-02-07 11:16:55 - [TEST_STEP][PASSED] - click(findTestObject("Object Repository/Page_Index - KAIZEN/op_buscador_Produccion")): Object: 'Object Repository/Page_Index - KAIZEN/op_buscador_Produccion' is clicked on

2020-02-07 11:16:56 - [MESSAGE][PASSED] - Object: 'Object Repository/Page_Index - KAIZEN/op_buscador_Produccion' is clicked on

2020-02-07 11:16:56 - [TEST_STEP][PASSED] - click(findTestObject("Object Repository/Page_Index - KAIZEN/opp_buscar_orden")): Object: 'Object Repository/Page_Index - KAIZEN/opp_buscar_orden' is clicked on

2020-02-07 11:16:57 - [MESSAGE][PASSED] - Object: 'Object Repository/Page_Index - KAIZEN/opp_buscar_orden' is clicked on

2020-02-07 11:16:57 - [TEST_STEP][PASSED] - setText(findTestObject("Object Repository/Page_Index - KAIZEN/opp_escribir_orden"), IDPedido): Text '192' is set on object 'Object Repository/Page_Index - KAIZEN/opp_escribir_orden'

2020-02-07 11:16:57 - [MESSAGE][PASSED] - Text '192' is set on object 'Object Repository/Page_Index - KAIZEN/opp_escribir_orden'

2020-02-07 11:16:57 - [TEST_STEP][PASSED] - sendKeys(findTestObject("Object Repository/Page_Index - KAIZEN/opp_escribir_orden"), Keys.chord(ENTER)): Keys 'ENTER + ' sent to object: 'Object Repository/Page_Index - KAIZEN/opp_escribir_orden'

2020-02-07 11:16:58 - [MESSAGE][PASSED] - Keys 'ENTER + ' sent to object: 'Object Repository/Page_Index - KAIZEN/opp_escribir_orden'

2020-02-07 11:16:58 - [TEST_STEP][PASSED] - click(findTestObject("Object Repository/Page_Index - KAIZEN/op_btn_Buscar")): Object: 'Object Repository/Page_Index - KAIZEN/op_btn_Buscar' is clicked on

2020-02-07 11:16:59 - [MESSAGE][PASSED] - Object: 'Object Repository/Page_Index - KAIZEN/op_btn_Buscar' is clicked on

2020-02-07 11:16:59 - [TEST_STEP][PASSED] - click(findTestObject("Object Repository/Page_Index - KAIZEN/op_click_FInalizar_produccion")): Object: 'Object Repository/Page_Index - KAIZEN/op_click_FInalizar_produccion' is clicked on

2020-02-07 11:17:01 - [MESSAGE][PASSED] - Object: 'Object Repository/Page_Index - KAIZEN/op_click_FInalizar_produccion' is clicked on

2020-02-07 11:17:01 - [TEST_STEP][PASSED] - click(findTestObject("Object Repository/Page_- KAIZEN/op_Finalizar Produccin")): Object: 'Object Repository/Page_- KAIZEN/op_Finalizar Produccin' is clicked on

2020-02-07 11:17:03 - [MESSAGE][PASSED] - Object: 'Object Repository/Page_- KAIZEN/op_Finalizar Produccin' is clicked on

2020-02-07 11:17:03 - [MESSAGE][PASSED] - Call Test Case 'Test Cases/Individual_Tests_20pies/Orden_Produccion' successfully

2020-02-07 11:17:03 - [TEST_STEP][PASSED] - callTestCase(findTestCase("Individual_Tests_20pies/Login"), ["Evento":"Produccion", "Index":Index, "Usuario":Usuario, "Contrasena":Contrasena], STOP_ON_FAILURE): Call Test Case 'Test Cases/Individual_Tests_20pies/Login' successfully

2020-02-07 11:17:03 - [TEST_CASE][PASSED] - Test Cases/Individual_Tests_20pies/Login: Test Cases/Individual_Tests_20pies/Login

2020-02-07 11:17:03 - [TEST_STEP][PASSED] - print("Evento Seleccionado: " + Evento + "
"): null

2020-02-07 11:17:03 - [TEST_STEP][PASSED] - openBrowser(Web): Browser is opened with url: 'http://test.kaizendev.net/Login/Accesar?salir=true'

2020-02-07 11:17:03 - [MESSAGE][WARNING] - A browser is already opened. Closing browser and opening a new one

2020-02-07 11:17:04 - [MESSAGE][INFO] - Starting 'Chrome' driver

2020-02-07 11:17:15 - [MESSAGE][PASSED] - Browser is opened with url: 'http://test.kaizendev.net/Login/Accesar?salir=true'

2020-02-07 11:17:15 - [TEST_STEP][PASSED] - maximizeWindow(): Current window maximized

2020-02-07 11:17:16 - [MESSAGE][PASSED] - Current window maximized

2020-02-07 11:17:16 - [TEST_STEP][PASSED] - if (Evento == "Crear"): null

2020-02-07 11:17:16 - [TEST_STEP][PASSED] - else if (Evento == "Aprobar"): null

2020-02-07 11:17:16 - [TEST_STEP][PASSED] - else if (Evento == "Logistica"): null

2020-02-07 11:17:16 - [TEST_STEP][PASSED] - else if (Evento == "Produccion"): Object: 'Object Repository/Page_Iniciar Sesion - KAIZEN/is_btn_ingresar_sistema' is clicked on

2020-02-07 11:17:16 - [TEST_STEP][PASSED] - data4 = obtener_excels.obtener_produccion_20pies.getValuesExcelProduction(Index): obtener_excels.obtener_produccion_20pies.getValuesExcelProduction is PASSED

2020-02-07 11:17:16 - [MESSAGE][PASSED] - obtener_excels.obtener_produccion_20pies.getValuesExcelProduction is PASSED

2020-02-07 11:17:16 - [TEST_STEP][PASSED] - Usuario = data4[1]: null

2020-02-07 11:17:16 - [TEST_STEP][PASSED] - Contrasena = data4[2]: null

2020-02-07 11:17:16 - [TEST_STEP][PASSED] - setText(findTestObject("Page_Iniciar Sesion - KAIZEN/is_input_email"), Usuario): Text 'automated.test@grupokaizen.net' is set on object 'Object Repository/Page_Iniciar Sesion - KAIZEN/is_input_email'

2020-02-07 11:17:17 - [MESSAGE][PASSED] - Text 'automated.test@grupokaizen.net' is set on object 'Object Repository/Page_Iniciar Sesion - KAIZEN/is_input_email'

2020-02-07 11:17:17 - [TEST_STEP][PASSED] - setEncryptedText(findTestObject("Page_Iniciar Sesion - KAIZEN/IS_input_contrasena"), Contrasena): Text ****** has been set on object 'Object Repository/Page_Iniciar Sesion - KAIZEN/IS_input_contrasena'

2020-02-07 11:17:17 - [MESSAGE][PASSED] - Text ****** has been set on object 'Object Repository/Page_Iniciar Sesion - KAIZEN/IS_input_contrasena'

2020-02-07 11:17:17 - [TEST_STEP][PASSED] - click(findTestObject("Page_Iniciar Sesion - KAIZEN/is_btn_ingresar_sistema")): Object: 'Object Repository/Page_Iniciar Sesion - KAIZEN/is_btn_ingresar_sistema' is clicked on

2020-02-07 11:17:19 - [MESSAGE][PASSED] - Object: 'Object Repository/Page_Iniciar Sesion - KAIZEN/is_btn_ingresar_sistema' is clicked on

2020-02-07 11:17:19 - [MESSAGE][PASSED] - Call Test Case 'Test Cases/Individual_Tests_20pies/Login' successfully

2020-02-07 11:17:19 - [TEST_STEP][PASSED] - callTestCase(findTestCase("Individual_Tests_20pies/Seleccionar_Idioma"), ["Evento":"Produccion", "Index":Index, "Idioma":Idioma], STOP_ON_FAILURE): Call Test Case 'Test Cases/Individual_Tests_20pies/Seleccionar_Idioma' successfully

2020-02-07 11:17:19 - [TEST_CASE][PASSED] - Test Cases/Individual_Tests_20pies/Seleccionar_Idioma: Test Cases/Individual_Tests_20pies/Seleccionar_Idioma

2020-02-07 11:17:19 - [TEST_STEP][PASSED] - if (Evento == "Crear"): null

2020-02-07 11:17:19 - [TEST_STEP][PASSED] - else if (Evento == "Aprobar"): null

2020-02-07 11:17:19 - [TEST_STEP][PASSED] - else if (Evento == "Logistica"): null

2020-02-07 11:17:19 - [TEST_STEP][PASSED] - else if (Evento == "Produccion"): null

2020-02-07 11:17:19 - [TEST_STEP][PASSED] - data4 = obtener_excels.obtener_produccion_20pies.getValuesExcelProduction(Index): obtener_excels.obtener_produccion_20pies.getValuesExcelProduction is PASSED

2020-02-07 11:17:19 - [MESSAGE][PASSED] - obtener_excels.obtener_produccion_20pies.getValuesExcelProduction is PASSED

2020-02-07 11:17:19 - [TEST_STEP][PASSED] - Idioma = data4[0]: null

2020-02-07 11:17:19 - [TEST_STEP][PASSED] - click(findTestObject("Page_- KAIZEN/si_btn_idioma")): Object: 'Object Repository/Page_- KAIZEN/si_btn_idioma' is clicked on

2020-02-07 11:17:20 - [MESSAGE][PASSED] - Object: 'Object Repository/Page_- KAIZEN/si_btn_idioma' is clicked on

2020-02-07 11:17:20 - [TEST_STEP][PASSED] - if (Idioma == "0"): null

2020-02-07 11:17:20 - [TEST_STEP][PASSED] - else: Object: 'Object Repository/Page_- KAIZEN/si_Spanish' is clicked on

2020-02-07 11:17:20 - [TEST_STEP][PASSED] - click(findTestObject("Page_- KAIZEN/si_Spanish")): Object: 'Object Repository/Page_- KAIZEN/si_Spanish' is clicked on

2020-02-07 11:17:21 - [MESSAGE][PASSED] - Object: 'Object Repository/Page_- KAIZEN/si_Spanish' is clicked on

2020-02-07 11:17:21 - [MESSAGE][PASSED] - Call Test Case 'Test Cases/Individual_Tests_20pies/Seleccionar_Idioma' successfully

2020-02-07 11:17:21 - [TEST_STEP][PASSED] - callTestCase(findTestCase("Individual_Tests_20pies/Orden_Produccion"), ["Index":Index, "IDPedido":IDPedido], STOP_ON_FAILURE): Call Test Case 'Test Cases/Individual_Tests_20pies/Orden_Produccion' successfully

2020-02-07 11:17:21 - [TEST_CASE][PASSED] - Test Cases/Individual_Tests_20pies/Orden_Produccion: Test Cases/Individual_Tests_20pies/Orden_Produccion

2020-02-07 11:17:21 - [TEST_STEP][PASSED] - data = obtener_excels.obtener_produccion_20pies.getValuesExcelProduction(Index): obtener_excels.obtener_produccion_20pies.getValuesExcelProduction is PASSED

2020-02-07 11:17:21 - [MESSAGE][PASSED] - obtener_excels.obtener_produccion_20pies.getValuesExcelProduction is PASSED

2020-02-07 11:17:21 - [TEST_STEP][PASSED] - IdPedido = data[3]: null

2020-02-07 11:17:21 - [TEST_STEP][PASSED] - IDPedido = IdPedido: null

2020-02-07 11:17:21 - [TEST_STEP][PASSED] - click(findTestObject("Object Repository/Page_- KAIZEN/op_menu_Operaciones")): Object: 'Object Repository/Page_- KAIZEN/op_menu_Operaciones' is clicked on

2020-02-07 11:17:22 - [MESSAGE][PASSED] - Object: 'Object Repository/Page_- KAIZEN/op_menu_Operaciones' is clicked on

2020-02-07 11:17:22 - [TEST_STEP][PASSED] - click(findTestObject("Object Repository/Page_- KAIZEN/op_click_Orden de Produccin")): Object: 'Object Repository/Page_- KAIZEN/op_click_Orden de Produccin' is clicked on

2020-02-07 11:17:23 - [MESSAGE][PASSED] - Object: 'Object Repository/Page_- KAIZEN/op_click_Orden de Produccin' is clicked on

2020-02-07 11:17:23 - [TEST_STEP][PASSED] - click(findTestObject("Object Repository/Page_Index - KAIZEN/op_buscador_Produccion")): Object: 'Object Repository/Page_Index - KAIZEN/op_buscador_Produccion' is clicked on

2020-02-07 11:17:25 - [MESSAGE][PASSED] - Object: 'Object Repository/Page_Index - KAIZEN/op_buscador_Produccion' is clicked on

2020-02-07 11:17:25 - [TEST_STEP][PASSED] - click(findTestObject("Object Repository/Page_Index - KAIZEN/opp_buscar_orden")): Object: 'Object Repository/Page_Index - KAIZEN/opp_buscar_orden' is clicked on

2020-02-07 11:17:25 - [MESSAGE][PASSED] - Object: 'Object Repository/Page_Index - KAIZEN/opp_buscar_orden' is clicked on

2020-02-07 11:17:25 - [TEST_STEP][PASSED] - setText(findTestObject("Object Repository/Page_Index - KAIZEN/opp_escribir_orden"), IDPedido): Text '194' is set on object 'Object Repository/Page_Index - KAIZEN/opp_escribir_orden'

2020-02-07 11:17:26 - [MESSAGE][PASSED] - Text '194' is set on object 'Object Repository/Page_Index - KAIZEN/opp_escribir_orden'

2020-02-07 11:17:26 - [TEST_STEP][PASSED] - sendKeys(findTestObject("Object Repository/Page_Index - KAIZEN/opp_escribir_orden"), Keys.chord(ENTER)): Keys 'ENTER + ' sent to object: 'Object Repository/Page_Index - KAIZEN/opp_escribir_orden'

2020-02-07 11:17:26 - [MESSAGE][PASSED] - Keys 'ENTER + ' sent to object: 'Object Repository/Page_Index - KAIZEN/opp_escribir_orden'

2020-02-07 11:17:26 - [TEST_STEP][PASSED] - click(findTestObject("Object Repository/Page_Index - KAIZEN/op_btn_Buscar")): Object: 'Object Repository/Page_Index - KAIZEN/op_btn_Buscar' is clicked on

2020-02-07 11:17:27 - [MESSAGE][PASSED] - Object: 'Object Repository/Page_Index - KAIZEN/op_btn_Buscar' is clicked on

2020-02-07 11:17:27 - [TEST_STEP][PASSED] - click(findTestObject("Object Repository/Page_Index - KAIZEN/op_click_selecione_pedido")): Object: 'Object Repository/Page_Index - KAIZEN/op_click_selecione_pedido' is clicked on

2020-02-07 11:17:29 - [MESSAGE][PASSED] - Object: 'Object Repository/Page_Index - KAIZEN/op_click_selecione_pedido' is clicked on

2020-02-07 11:17:29 - [TEST_STEP][PASSED] - click(findTestObject("Object Repository/Page_- KAIZEN/op_Iniciar Produccin")): Object: 'Object Repository/Page_- KAIZEN/op_Iniciar Produccin' is clicked on

2020-02-07 11:17:32 - [MESSAGE][PASSED] - Object: 'Object Repository/Page_- KAIZEN/op_Iniciar Produccin' is clicked on

2020-02-07 11:17:32 - [TEST_STEP][PASSED] - click(findTestObject("Object Repository/Page_Index - KAIZEN/op_buscador_Produccion")): Object: 'Object Repository/Page_Index - KAIZEN/op_buscador_Produccion' is clicked on

2020-02-07 11:17:32 - [MESSAGE][PASSED] - Object: 'Object Repository/Page_Index - KAIZEN/op_buscador_Produccion' is clicked on

2020-02-07 11:17:32 - [TEST_STEP][PASSED] - click(findTestObject("Object Repository/Page_Index - KAIZEN/opp_buscar_orden")): Object: 'Object Repository/Page_Index - KAIZEN/opp_buscar_orden' is clicked on

2020-02-07 11:17:33 - [MESSAGE][PASSED] - Object: 'Object Repository/Page_Index - KAIZEN/opp_buscar_orden' is clicked on

2020-02-07 11:17:33 - [TEST_STEP][PASSED] - setText(findTestObject("Object Repository/Page_Index - KAIZEN/opp_escribir_orden"), IDPedido): Text '194' is set on object 'Object Repository/Page_Index - KAIZEN/opp_escribir_orden'

2020-02-07 11:17:33 - [MESSAGE][PASSED] - Text '194' is set on object 'Object Repository/Page_Index - KAIZEN/opp_escribir_orden'

2020-02-07 11:17:33 - [TEST_STEP][PASSED] - sendKeys(findTestObject("Object Repository/Page_Index - KAIZEN/opp_escribir_orden"), Keys.chord(ENTER)): Keys 'ENTER + ' sent to object: 'Object Repository/Page_Index - KAIZEN/opp_escribir_orden'

2020-02-07 11:17:34 - [MESSAGE][PASSED] - Keys 'ENTER + ' sent to object: 'Object Repository/Page_Index - KAIZEN/opp_escribir_orden'

2020-02-07 11:17:34 - [TEST_STEP][PASSED] - click(findTestObject("Object Repository/Page_Index - KAIZEN/op_btn_Buscar")): Object: 'Object Repository/Page_Index - KAIZEN/op_btn_Buscar' is clicked on

2020-02-07 11:17:35 - [MESSAGE][PASSED] - Object: 'Object Repository/Page_Index - KAIZEN/op_btn_Buscar' is clicked on

2020-02-07 11:17:35 - [TEST_STEP][PASSED] - click(findTestObject("Object Repository/Page_Index - KAIZEN/op_click_FInalizar_produccion")): Object: 'Object Repository/Page_Index - KAIZEN/op_click_FInalizar_produccion' is clicked on

2020-02-07 11:17:37 - [MESSAGE][PASSED] - Object: 'Object Repository/Page_Index - KAIZEN/op_click_FInalizar_produccion' is clicked on

2020-02-07 11:17:37 - [TEST_STEP][PASSED] - click(findTestObject("Object Repository/Page_- KAIZEN/op_Finalizar Produccin")): Object: 'Object Repository/Page_- KAIZEN/op_Finalizar Produccin' is clicked on

2020-02-07 11:17:39 - [MESSAGE][PASSED] - Object: 'Object Repository/Page_- KAIZEN/op_Finalizar Produccin' is clicked on

2020-02-07 11:17:39 - [MESSAGE][PASSED] - Call Test Case 'Test Cases/Individual_Tests_20pies/Orden_Produccion' successfully

2020-02-07 11:17:39 - [TEST_STEP][PASSED] - callTestCase(findTestCase("Individual_Tests_20pies/Login"), ["Evento":"Produccion", "Index":Index, "Usuario":Usuario, "Contrasena":Contrasena], STOP_ON_FAILURE): Call Test Case 'Test Cases/Individual_Tests_20pies/Login' successfully

2020-02-07 11:17:39 - [TEST_CASE][PASSED] - Test Cases/Individual_Tests_20pies/Login: Test Cases/Individual_Tests_20pies/Login

2020-02-07 11:17:39 - [TEST_STEP][PASSED] - print("Evento Seleccionado: " + Evento + "
"): null

2020-02-07 11:17:39 - [TEST_STEP][PASSED] - openBrowser(Web): Browser is opened with url: 'http://test.kaizendev.net/Login/Accesar?salir=true'

2020-02-07 11:17:39 - [MESSAGE][WARNING] - A browser is already opened. Closing browser and opening a new one

2020-02-07 11:17:40 - [MESSAGE][INFO] - Starting 'Chrome' driver

2020-02-07 11:17:52 - [MESSAGE][PASSED] - Browser is opened with url: 'http://test.kaizendev.net/Login/Accesar?salir=true'

2020-02-07 11:17:52 - [TEST_STEP][PASSED] - maximizeWindow(): Current window maximized

2020-02-07 11:17:53 - [MESSAGE][PASSED] - Current window maximized

2020-02-07 11:17:53 - [TEST_STEP][PASSED] - if (Evento == "Crear"): null

2020-02-07 11:17:53 - [TEST_STEP][PASSED] - else if (Evento == "Aprobar"): null

2020-02-07 11:17:53 - [TEST_STEP][PASSED] - else if (Evento == "Logistica"): null

2020-02-07 11:17:53 - [TEST_STEP][PASSED] - else if (Evento == "Produccion"): Object: 'Object Repository/Page_Iniciar Sesion - KAIZEN/is_btn_ingresar_sistema' is clicked on

2020-02-07 11:17:53 - [TEST_STEP][PASSED] - data4 = obtener_excels.obtener_produccion_20pies.getValuesExcelProduction(Index): obtener_excels.obtener_produccion_20pies.getValuesExcelProduction is PASSED

2020-02-07 11:17:53 - [MESSAGE][PASSED] - obtener_excels.obtener_produccion_20pies.getValuesExcelProduction is PASSED

2020-02-07 11:17:53 - [TEST_STEP][PASSED] - Usuario = data4[1]: null

2020-02-07 11:17:53 - [TEST_STEP][PASSED] - Contrasena = data4[2]: null

2020-02-07 11:17:53 - [TEST_STEP][PASSED] - setText(findTestObject("Page_Iniciar Sesion - KAIZEN/is_input_email"), Usuario): Text 'automated.test@grupokaizen.net' is set on object 'Object Repository/Page_Iniciar Sesion - KAIZEN/is_input_email'

2020-02-07 11:17:54 - [MESSAGE][PASSED] - Text 'automated.test@grupokaizen.net' is set on object 'Object Repository/Page_Iniciar Sesion - KAIZEN/is_input_email'

2020-02-07 11:17:54 - [TEST_STEP][PASSED] - setEncryptedText(findTestObject("Page_Iniciar Sesion - KAIZEN/IS_input_contrasena"), Contrasena): Text ****** has been set on object 'Object Repository/Page_Iniciar Sesion - KAIZEN/IS_input_contrasena'

2020-02-07 11:17:54 - [MESSAGE][PASSED] - Text ****** has been set on object 'Object Repository/Page_Iniciar Sesion - KAIZEN/IS_input_contrasena'

2020-02-07 11:17:54 - [TEST_STEP][PASSED] - click(findTestObject("Page_Iniciar Sesion - KAIZEN/is_btn_ingresar_sistema")): Object: 'Object Repository/Page_Iniciar Sesion - KAIZEN/is_btn_ingresar_sistema' is clicked on

2020-02-07 11:17:56 - [MESSAGE][PASSED] - Object: 'Object Repository/Page_Iniciar Sesion - KAIZEN/is_btn_ingresar_sistema' is clicked on

2020-02-07 11:17:56 - [MESSAGE][PASSED] - Call Test Case 'Test Cases/Individual_Tests_20pies/Login' successfully

2020-02-07 11:17:56 - [TEST_STEP][PASSED] - callTestCase(findTestCase("Individual_Tests_20pies/Seleccionar_Idioma"), ["Evento":"Produccion", "Index":Index, "Idioma":Idioma], STOP_ON_FAILURE): Call Test Case 'Test Cases/Individual_Tests_20pies/Seleccionar_Idioma' successfully

2020-02-07 11:17:56 - [TEST_CASE][PASSED] - Test Cases/Individual_Tests_20pies/Seleccionar_Idioma: Test Cases/Individual_Tests_20pies/Seleccionar_Idioma

2020-02-07 11:17:56 - [TEST_STEP][PASSED] - if (Evento == "Crear"): null

2020-02-07 11:17:56 - [TEST_STEP][PASSED] - else if (Evento == "Aprobar"): null

2020-02-07 11:17:56 - [TEST_STEP][PASSED] - else if (Evento == "Logistica"): null

2020-02-07 11:17:56 - [TEST_STEP][PASSED] - else if (Evento == "Produccion"): null

2020-02-07 11:17:56 - [TEST_STEP][PASSED] - data4 = obtener_excels.obtener_produccion_20pies.getValuesExcelProduction(Index): obtener_excels.obtener_produccion_20pies.getValuesExcelProduction is PASSED

2020-02-07 11:17:57 - [MESSAGE][PASSED] - obtener_excels.obtener_produccion_20pies.getValuesExcelProduction is PASSED

2020-02-07 11:17:57 - [TEST_STEP][PASSED] - Idioma = data4[0]: null

2020-02-07 11:17:57 - [TEST_STEP][PASSED] - click(findTestObject("Page_- KAIZEN/si_btn_idioma")): Object: 'Object Repository/Page_- KAIZEN/si_btn_idioma' is clicked on

2020-02-07 11:17:57 - [MESSAGE][PASSED] - Object: 'Object Repository/Page_- KAIZEN/si_btn_idioma' is clicked on

2020-02-07 11:17:57 - [TEST_STEP][PASSED] - if (Idioma == "0"): null

2020-02-07 11:17:57 - [TEST_STEP][PASSED] - else: Object: 'Object Repository/Page_- KAIZEN/si_Spanish' is clicked on

2020-02-07 11:17:57 - [TEST_STEP][PASSED] - click(findTestObject("Page_- KAIZEN/si_Spanish")): Object: 'Object Repository/Page_- KAIZEN/si_Spanish' is clicked on

2020-02-07 11:17:58 - [MESSAGE][PASSED] - Object: 'Object Repository/Page_- KAIZEN/si_Spanish' is clicked on

2020-02-07 11:17:58 - [MESSAGE][PASSED] - Call Test Case 'Test Cases/Individual_Tests_20pies/Seleccionar_Idioma' successfully

2020-02-07 11:17:58 - [TEST_STEP][PASSED] - callTestCase(findTestCase("Individual_Tests_20pies/Orden_Produccion"), ["Index":Index, "IDPedido":IDPedido], STOP_ON_FAILURE): Call Test Case 'Test Cases/Individual_Tests_20pies/Orden_Produccion' successfully

2020-02-07 11:17:58 - [TEST_CASE][PASSED] - Test Cases/Individual_Tests_20pies/Orden_Produccion: Test Cases/Individual_Tests_20pies/Orden_Produccion

2020-02-07 11:17:58 - [TEST_STEP][PASSED] - data = obtener_excels.obtener_produccion_20pies.getValuesExcelProduction(Index): obtener_excels.obtener_produccion_20pies.getValuesExcelProduction is PASSED

2020-02-07 11:17:59 - [MESSAGE][PASSED] - obtener_excels.obtener_produccion_20pies.getValuesExcelProduction is PASSED

2020-02-07 11:17:59 - [TEST_STEP][PASSED] - IdPedido = data[3]: null

2020-02-07 11:17:59 - [TEST_STEP][PASSED] - IDPedido = IdPedido: null

2020-02-07 11:17:59 - [TEST_STEP][PASSED] - click(findTestObject("Object Repository/Page_- KAIZEN/op_menu_Operaciones")): Object: 'Object Repository/Page_- KAIZEN/op_menu_Operaciones' is clicked on

2020-02-07 11:18:00 - [MESSAGE][PASSED] - Object: 'Object Repository/Page_- KAIZEN/op_menu_Operaciones' is clicked on

2020-02-07 11:18:00 - [TEST_STEP][PASSED] - click(findTestObject("Object Repository/Page_- KAIZEN/op_click_Orden de Produccin")): Object: 'Object Repository/Page_- KAIZEN/op_click_Orden de Produccin' is clicked on

2020-02-07 11:18:02 - [MESSAGE][PASSED] - Object: 'Object Repository/Page_- KAIZEN/op_click_Orden de Produccin' is clicked on

2020-02-07 11:18:02 - [TEST_STEP][PASSED] - click(findTestObject("Object Repository/Page_Index - KAIZEN/op_buscador_Produccion")): Object: 'Object Repository/Page_Index - KAIZEN/op_buscador_Produccion' is clicked on

2020-02-07 11:18:02 - [MESSAGE][PASSED] - Object: 'Object Repository/Page_Index - KAIZEN/op_buscador_Produccion' is clicked on

2020-02-07 11:18:02 - [TEST_STEP][PASSED] - click(findTestObject("Object Repository/Page_Index - KAIZEN/opp_buscar_orden")): Object: 'Object Repository/Page_Index - KAIZEN/opp_buscar_orden' is clicked on

2020-02-07 11:18:03 - [MESSAGE][PASSED] - Object: 'Object Repository/Page_Index - KAIZEN/opp_buscar_orden' is clicked on

2020-02-07 11:18:03 - [TEST_STEP][PASSED] - setText(findTestObject("Object Repository/Page_Index - KAIZEN/opp_escribir_orden"), IDPedido): Text '196' is set on object 'Object Repository/Page_Index - KAIZEN/opp_escribir_orden'

2020-02-07 11:18:03 - [MESSAGE][PASSED] - Text '196' is set on object 'Object Repository/Page_Index - KAIZEN/opp_escribir_orden'

2020-02-07 11:18:03 - [TEST_STEP][PASSED] - sendKeys(findTestObject("Object Repository/Page_Index - KAIZEN/opp_escribir_orden"), Keys.chord(ENTER)): Keys 'ENTER + ' sent to object: 'Object Repository/Page_Index - KAIZEN/opp_escribir_orden'

2020-02-07 11:18:04 - [MESSAGE][PASSED] - Keys 'ENTER + ' sent to object: 'Object Repository/Page_Index - KAIZEN/opp_escribir_orden'

2020-02-07 11:18:04 - [TEST_STEP][PASSED] - click(findTestObject("Object Repository/Page_Index - KAIZEN/op_btn_Buscar")): Object: 'Object Repository/Page_Index - KAIZEN/op_btn_Buscar' is clicked on

2020-02-07 11:18:05 - [MESSAGE][PASSED] - Object: 'Object Repository/Page_Index - KAIZEN/op_btn_Buscar' is clicked on

2020-02-07 11:18:05 - [TEST_STEP][PASSED] - click(findTestObject("Object Repository/Page_Index - KAIZEN/op_click_selecione_pedido")): Object: 'Object Repository/Page_Index - KAIZEN/op_click_selecione_pedido' is clicked on

2020-02-07 11:18:07 - [MESSAGE][PASSED] - Object: 'Object Repository/Page_Index - KAIZEN/op_click_selecione_pedido' is clicked on

2020-02-07 11:18:07 - [TEST_STEP][PASSED] - click(findTestObject("Object Repository/Page_- KAIZEN/op_Iniciar Produccin")): Object: 'Object Repository/Page_- KAIZEN/op_Iniciar Produccin' is clicked on

2020-02-07 11:18:08 - [MESSAGE][PASSED] - Object: 'Object Repository/Page_- KAIZEN/op_Iniciar Produccin' is clicked on

2020-02-07 11:18:08 - [TEST_STEP][PASSED] - click(findTestObject("Object Repository/Page_Index - KAIZEN/op_buscador_Produccion")): Object: 'Object Repository/Page_Index - KAIZEN/op_buscador_Produccion' is clicked on

2020-02-07 11:18:10 - [MESSAGE][PASSED] - Object: 'Object Repository/Page_Index - KAIZEN/op_buscador_Produccion' is clicked on

2020-02-07 11:18:10 - [TEST_STEP][PASSED] - click(findTestObject("Object Repository/Page_Index - KAIZEN/opp_buscar_orden")): Object: 'Object Repository/Page_Index - KAIZEN/opp_buscar_orden' is clicked on

2020-02-07 11:18:10 - [MESSAGE][PASSED] - Object: 'Object Repository/Page_Index - KAIZEN/opp_buscar_orden' is clicked on

2020-02-07 11:18:10 - [TEST_STEP][PASSED] - setText(findTestObject("Object Repository/Page_Index - KAIZEN/opp_escribir_orden"), IDPedido): Text '196' is set on object 'Object Repository/Page_Index - KAIZEN/opp_escribir_orden'

2020-02-07 11:18:11 - [MESSAGE][PASSED] - Text '196' is set on object 'Object Repository/Page_Index - KAIZEN/opp_escribir_orden'

2020-02-07 11:18:11 - [TEST_STEP][PASSED] - sendKeys(findTestObject("Object Repository/Page_Index - KAIZEN/opp_escribir_orden"), Keys.chord(ENTER)): Keys 'ENTER + ' sent to object: 'Object Repository/Page_Index - KAIZEN/opp_escribir_orden'

2020-02-07 11:18:11 - [MESSAGE][PASSED] - Keys 'ENTER + ' sent to object: 'Object Repository/Page_Index - KAIZEN/opp_escribir_orden'

2020-02-07 11:18:11 - [TEST_STEP][PASSED] - click(findTestObject("Object Repository/Page_Index - KAIZEN/op_btn_Buscar")): Object: 'Object Repository/Page_Index - KAIZEN/op_btn_Buscar' is clicked on

2020-02-07 11:18:12 - [MESSAGE][PASSED] - Object: 'Object Repository/Page_Index - KAIZEN/op_btn_Buscar' is clicked on

2020-02-07 11:18:12 - [TEST_STEP][PASSED] - click(findTestObject("Object Repository/Page_Index - KAIZEN/op_click_FInalizar_produccion")): Object: 'Object Repository/Page_Index - KAIZEN/op_click_FInalizar_produccion' is clicked on

2020-02-07 11:18:14 - [MESSAGE][PASSED] - Object: 'Object Repository/Page_Index - KAIZEN/op_click_FInalizar_produccion' is clicked on

2020-02-07 11:18:14 - [TEST_STEP][PASSED] - click(findTestObject("Object Repository/Page_- KAIZEN/op_Finalizar Produccin")): Object: 'Object Repository/Page_- KAIZEN/op_Finalizar Produccin' is clicked on

2020-02-07 11:18:16 - [MESSAGE][PASSED] - Object: 'Object Repository/Page_- KAIZEN/op_Finalizar Produccin' is clicked on

2020-02-07 11:18:16 - [MESSAGE][PASSED] - Call Test Case 'Test Cases/Individual_Tests_20pies/Orden_Produccion' successfully

2020-02-07 11:18:16 - [TEST_STEP][PASSED] - callTestCase(findTestCase("Individual_Tests_20pies/Login"), ["Evento":"Produccion", "Index":Index, "Usuario":Usuario, "Contrasena":Contrasena], STOP_ON_FAILURE): Call Test Case 'Test Cases/Individual_Tests_20pies/Login' successfully

2020-02-07 11:18:16 - [TEST_CASE][PASSED] - Test Cases/Individual_Tests_20pies/Login: Test Cases/Individual_Tests_20pies/Login

2020-02-07 11:18:16 - [TEST_STEP][PASSED] - print("Evento Seleccionado: " + Evento + "
"): null

2020-02-07 11:18:16 - [TEST_STEP][PASSED] - openBrowser(Web): Browser is opened with url: 'http://test.kaizendev.net/Login/Accesar?salir=true'

2020-02-07 11:18:16 - [MESSAGE][WARNING] - A browser is already opened. Closing browser and opening a new one

2020-02-07 11:18:17 - [MESSAGE][INFO] - Starting 'Chrome' driver

2020-02-07 11:18:31 - [MESSAGE][PASSED] - Browser is opened with url: 'http://test.kaizendev.net/Login/Accesar?salir=true'

2020-02-07 11:18:31 - [TEST_STEP][PASSED] - maximizeWindow(): Current window maximized

2020-02-07 11:18:32 - [MESSAGE][PASSED] - Current window maximized

2020-02-07 11:18:32 - [TEST_STEP][PASSED] - if (Evento == "Crear"): null

2020-02-07 11:18:32 - [TEST_STEP][PASSED] - else if (Evento == "Aprobar"): null

2020-02-07 11:18:32 - [TEST_STEP][PASSED] - else if (Evento == "Logistica"): null

2020-02-07 11:18:32 - [TEST_STEP][PASSED] - else if (Evento == "Produccion"): Object: 'Object Repository/Page_Iniciar Sesion - KAIZEN/is_btn_ingresar_sistema' is clicked on

2020-02-07 11:18:32 - [TEST_STEP][PASSED] - data4 = obtener_excels.obtener_produccion_20pies.getValuesExcelProduction(Index): obtener_excels.obtener_produccion_20pies.getValuesExcelProduction is PASSED

2020-02-07 11:18:32 - [MESSAGE][PASSED] - obtener_excels.obtener_produccion_20pies.getValuesExcelProduction is PASSED

2020-02-07 11:18:32 - [TEST_STEP][PASSED] - Usuario = data4[1]: null

2020-02-07 11:18:32 - [TEST_STEP][PASSED] - Contrasena = data4[2]: null

2020-02-07 11:18:32 - [TEST_STEP][PASSED] - setText(findTestObject("Page_Iniciar Sesion - KAIZEN/is_input_email"), Usuario): Text 'automated.test@grupokaizen.net' is set on object 'Object Repository/Page_Iniciar Sesion - KAIZEN/is_input_email'

2020-02-07 11:18:33 - [MESSAGE][PASSED] - Text 'automated.test@grupokaizen.net' is set on object 'Object Repository/Page_Iniciar Sesion - KAIZEN/is_input_email'

2020-02-07 11:18:33 - [TEST_STEP][PASSED] - setEncryptedText(findTestObject("Page_Iniciar Sesion - KAIZEN/IS_input_contrasena"), Contrasena): Text ****** has been set on object 'Object Repository/Page_Iniciar Sesion - KAIZEN/IS_input_contrasena'

2020-02-07 11:18:33 - [MESSAGE][PASSED] - Text ****** has been set on object 'Object Repository/Page_Iniciar Sesion - KAIZEN/IS_input_contrasena'

2020-02-07 11:18:33 - [TEST_STEP][PASSED] - click(findTestObject("Page_Iniciar Sesion - KAIZEN/is_btn_ingresar_sistema")): Object: 'Object Repository/Page_Iniciar Sesion - KAIZEN/is_btn_ingresar_sistema' is clicked on

2020-02-07 11:18:36 - [MESSAGE][PASSED] - Object: 'Object Repository/Page_Iniciar Sesion - KAIZEN/is_btn_ingresar_sistema' is clicked on

2020-02-07 11:18:36 - [MESSAGE][PASSED] - Call Test Case 'Test Cases/Individual_Tests_20pies/Login' successfully

2020-02-07 11:18:36 - [TEST_STEP][PASSED] - callTestCase(findTestCase("Individual_Tests_20pies/Seleccionar_Idioma"), ["Evento":"Produccion", "Index":Index, "Idioma":Idioma], STOP_ON_FAILURE): Call Test Case 'Test Cases/Individual_Tests_20pies/Seleccionar_Idioma' successfully

2020-02-07 11:18:36 - [TEST_CASE][PASSED] - Test Cases/Individual_Tests_20pies/Seleccionar_Idioma: Test Cases/Individual_Tests_20pies/Seleccionar_Idioma

2020-02-07 11:18:36 - [TEST_STEP][PASSED] - if (Evento == "Crear"): null

2020-02-07 11:18:36 - [TEST_STEP][PASSED] - else if (Evento == "Aprobar"): null

2020-02-07 11:18:36 - [TEST_STEP][PASSED] - else if (Evento == "Logistica"): null

2020-02-07 11:18:36 - [TEST_STEP][PASSED] - else if (Evento == "Produccion"): null

2020-02-07 11:18:36 - [TEST_STEP][PASSED] - data4 = obtener_excels.obtener_produccion_20pies.getValuesExcelProduction(Index): obtener_excels.obtener_produccion_20pies.getValuesExcelProduction is PASSED

2020-02-07 11:18:36 - [MESSAGE][PASSED] - obtener_excels.obtener_produccion_20pies.getValuesExcelProduction is PASSED

2020-02-07 11:18:36 - [TEST_STEP][PASSED] - Idioma = data4[0]: null

2020-02-07 11:18:36 - [TEST_STEP][PASSED] - click(findTestObject("Page_- KAIZEN/si_btn_idioma")): Object: 'Object Repository/Page_- KAIZEN/si_btn_idioma' is clicked on

2020-02-07 11:18:36 - [MESSAGE][PASSED] - Object: 'Object Repository/Page_- KAIZEN/si_btn_idioma' is clicked on

2020-02-07 11:18:36 - [TEST_STEP][PASSED] - if (Idioma == "0"): null

2020-02-07 11:18:36 - [TEST_STEP][PASSED] - else: Object: 'Object Repository/Page_- KAIZEN/si_Spanish' is clicked on

2020-02-07 11:18:36 - [TEST_STEP][PASSED] - click(findTestObject("Page_- KAIZEN/si_Spanish")): Object: 'Object Repository/Page_- KAIZEN/si_Spanish' is clicked on

2020-02-07 11:18:38 - [MESSAGE][PASSED] - Object: 'Object Repository/Page_- KAIZEN/si_Spanish' is clicked on

2020-02-07 11:18:38 - [MESSAGE][PASSED] - Call Test Case 'Test Cases/Individual_Tests_20pies/Seleccionar_Idioma' successfully

2020-02-07 11:18:38 - [TEST_STEP][PASSED] - callTestCase(findTestCase("Individual_Tests_20pies/Orden_Produccion"), ["Index":Index, "IDPedido":IDPedido], STOP_ON_FAILURE): Call Test Case 'Test Cases/Individual_Tests_20pies/Orden_Produccion' successfully

2020-02-07 11:18:38 - [TEST_CASE][PASSED] - Test Cases/Individual_Tests_20pies/Orden_Produccion: Test Cases/Individual_Tests_20pies/Orden_Produccion

2020-02-07 11:18:38 - [TEST_STEP][PASSED] - data = obtener_excels.obtener_produccion_20pies.getValuesExcelProduction(Index): obtener_excels.obtener_produccion_20pies.getValuesExcelProduction is PASSED

2020-02-07 11:18:38 - [MESSAGE][PASSED] - obtener_excels.obtener_produccion_20pies.getValuesExcelProduction is PASSED

2020-02-07 11:18:38 - [TEST_STEP][PASSED] - IdPedido = data[3]: null

2020-02-07 11:18:38 - [TEST_STEP][PASSED] - IDPedido = IdPedido: null

2020-02-07 11:18:38 - [TEST_STEP][PASSED] - click(findTestObject("Object Repository/Page_- KAIZEN/op_menu_Operaciones")): Object: 'Object Repository/Page_- KAIZEN/op_menu_Operaciones' is clicked on

2020-02-07 11:18:39 - [MESSAGE][PASSED] - Object: 'Object Repository/Page_- KAIZEN/op_menu_Operaciones' is clicked on

2020-02-07 11:18:39 - [TEST_STEP][PASSED] - click(findTestObject("Object Repository/Page_- KAIZEN/op_click_Orden de Produccin")): Object: 'Object Repository/Page_- KAIZEN/op_click_Orden de Produccin' is clicked on

2020-02-07 11:18:40 - [MESSAGE][PASSED] - Object: 'Object Repository/Page_- KAIZEN/op_click_Orden de Produccin' is clicked on

2020-02-07 11:18:40 - [TEST_STEP][PASSED] - click(findTestObject("Object Repository/Page_Index - KAIZEN/op_buscador_Produccion")): Object: 'Object Repository/Page_Index - KAIZEN/op_buscador_Produccion' is clicked on

2020-02-07 11:18:42 - [MESSAGE][PASSED] - Object: 'Object Repository/Page_Index - KAIZEN/op_buscador_Produccion' is clicked on

2020-02-07 11:18:42 - [TEST_STEP][PASSED] - click(findTestObject("Object Repository/Page_Index - KAIZEN/opp_buscar_orden")): Object: 'Object Repository/Page_Index - KAIZEN/opp_buscar_orden' is clicked on

2020-02-07 11:18:42 - [MESSAGE][PASSED] - Object: 'Object Repository/Page_Index - KAIZEN/opp_buscar_orden' is clicked on

2020-02-07 11:18:42 - [TEST_STEP][PASSED] - setText(findTestObject("Object Repository/Page_Index - KAIZEN/opp_escribir_orden"), IDPedido): Text '197' is set on object 'Object Repository/Page_Index - KAIZEN/opp_escribir_orden'

2020-02-07 11:18:43 - [MESSAGE][PASSED] - Text '197' is set on object 'Object Repository/Page_Index - KAIZEN/opp_escribir_orden'

2020-02-07 11:18:43 - [TEST_STEP][PASSED] - sendKeys(findTestObject("Object Repository/Page_Index - KAIZEN/opp_escribir_orden"), Keys.chord(ENTER)): Keys 'ENTER + ' sent to object: 'Object Repository/Page_Index - KAIZEN/opp_escribir_orden'

2020-02-07 11:18:43 - [MESSAGE][PASSED] - Keys 'ENTER + ' sent to object: 'Object Repository/Page_Index - KAIZEN/opp_escribir_orden'

2020-02-07 11:18:43 - [TEST_STEP][PASSED] - click(findTestObject("Object Repository/Page_Index - KAIZEN/op_btn_Buscar")): Object: 'Object Repository/Page_Index - KAIZEN/op_btn_Buscar' is clicked on

2020-02-07 11:18:45 - [MESSAGE][PASSED] - Object: 'Object Repository/Page_Index - KAIZEN/op_btn_Buscar' is clicked on

2020-02-07 11:18:45 - [TEST_STEP][PASSED] - click(findTestObject("Object Repository/Page_Index - KAIZEN/op_click_selecione_pedido")): Object: 'Object Repository/Page_Index - KAIZEN/op_click_selecione_pedido' is clicked on

2020-02-07 11:18:47 - [MESSAGE][PASSED] - Object: 'Object Repository/Page_Index - KAIZEN/op_click_selecione_pedido' is clicked on

2020-02-07 11:18:47 - [TEST_STEP][PASSED] - click(findTestObject("Object Repository/Page_- KAIZEN/op_Iniciar Produccin")): Object: 'Object Repository/Page_- KAIZEN/op_Iniciar Produccin' is clicked on

2020-02-07 11:18:49 - [MESSAGE][PASSED] - Object: 'Object Repository/Page_- KAIZEN/op_Iniciar Produccin' is clicked on

2020-02-07 11:18:49 - [TEST_STEP][PASSED] - click(findTestObject("Object Repository/Page_Index - KAIZEN/op_buscador_Produccion")): Object: 'Object Repository/Page_Index - KAIZEN/op_buscador_Produccion' is clicked on

2020-02-07 11:18:50 - [MESSAGE][PASSED] - Object: 'Object Repository/Page_Index - KAIZEN/op_buscador_Produccion' is clicked on

2020-02-07 11:18:50 - [TEST_STEP][PASSED] - click(findTestObject("Object Repository/Page_Index - KAIZEN/opp_buscar_orden")): Object: 'Object Repository/Page_Index - KAIZEN/opp_buscar_orden' is clicked on

2020-02-07 11:18:51 - [MESSAGE][PASSED] - Object: 'Object Repository/Page_Index - KAIZEN/opp_buscar_orden' is clicked on

2020-02-07 11:18:51 - [TEST_STEP][PASSED] - setText(findTestObject("Object Repository/Page_Index - KAIZEN/opp_escribir_orden"), IDPedido): Text '197' is set on object 'Object Repository/Page_Index - KAIZEN/opp_escribir_orden'

2020-02-07 11:18:51 - [MESSAGE][PASSED] - Text '197' is set on object 'Object Repository/Page_Index - KAIZEN/opp_escribir_orden'

2020-02-07 11:18:51 - [TEST_STEP][PASSED] - sendKeys(findTestObject("Object Repository/Page_Index - KAIZEN/opp_escribir_orden"), Keys.chord(ENTER)): Keys 'ENTER + ' sent to object: 'Object Repository/Page_Index - KAIZEN/opp_escribir_orden'

2020-02-07 11:18:52 - [MESSAGE][PASSED] - Keys 'ENTER + ' sent to object: 'Object Repository/Page_Index - KAIZEN/opp_escribir_orden'

2020-02-07 11:18:52 - [TEST_STEP][PASSED] - click(findTestObject("Object Repository/Page_Index - KAIZEN/op_btn_Buscar")): Object: 'Object Repository/Page_Index - KAIZEN/op_btn_Buscar' is clicked on

2020-02-07 11:18:53 - [MESSAGE][PASSED] - Object: 'Object Repository/Page_Index - KAIZEN/op_btn_Buscar' is clicked on

2020-02-07 11:18:53 - [TEST_STEP][PASSED] - click(findTestObject("Object Repository/Page_Index - KAIZEN/op_click_FInalizar_produccion")): Object: 'Object Repository/Page_Index - KAIZEN/op_click_FInalizar_produccion' is clicked on

2020-02-07 11:18:54 - [MESSAGE][PASSED] - Object: 'Object Repository/Page_Index - KAIZEN/op_click_FInalizar_produccion' is clicked on

2020-02-07 11:18:54 - [TEST_STEP][PASSED] - click(findTestObject("Object Repository/Page_- KAIZEN/op_Finalizar Produccin")): Object: 'Object Repository/Page_- KAIZEN/op_Finalizar Produccin' is clicked on

2020-02-07 11:18:56 - [MESSAGE][PASSED] - Object: 'Object Repository/Page_- KAIZEN/op_Finalizar Produccin' is clicked on

2020-02-07 11:18:56 - [MESSAGE][PASSED] - Call Test Case 'Test Cases/Individual_Tests_20pies/Orden_Produccion' successfully]]></system-out>
         <system-err><![CDATA[]]></system-err>
      </testcase>
      <system-out><![CDATA[2020-02-07 11:15:45 - [TEST_SUITE][PASSED] - 4-GenerarProduccion_20pies_TestSuites: Test Cases/Secuencias de Ejecucion/TC_Orden_Produccion_20pies]]></system-out>
      <system-err><![CDATA[]]></system-err>
   </testsuite>
</testsuites>
