<?xml version="1.0" encoding="UTF-8"?>
<testsuites name="Pedidos_TestSuites" time="0.948" tests="1" failures="0" errors="0">
   <testsuite name="Pedidos_TestSuites" tests="1" failures="0" errors="0" time="0.948" timestamp="2020-01-24 10:21:23" hostname="kaizen - DESKTOP-38N4VV4" id="Test Suites/Pedidos/Pedidos_TestSuites">
      <properties>
         <property name="deviceName" value=""/>
         <property name="devicePlatform" value=""/>
         <property name="logFolder" value="C:\\Users\\kaizen\\git\\AutomatizacionKatalon\\Reports\\20200124_102119\\Pedidos\\Pedidos_TestSuites\\20200124_102119"/>
         <property name="logFiles" value="C:\\Users\\kaizen\\git\\AutomatizacionKatalon\\Reports\\20200124_102119\\Pedidos\\Pedidos_TestSuites\\20200124_102119\\execution0.log"/>
         <property name="attachments" value=""/>
         <property name="hostName" value="kaizen - DESKTOP-38N4VV4"/>
         <property name="hostAddress" value="192.168.0.3"/>
         <property name="os" value="Windows 10 64bit"/>
         <property name="katalonVersion" value="7.2.1.1"/>
      </properties>
      <testcase name="Test Cases/Secuencias de Ejecucion/TC_Generar_Aleatorio_Pedidos_20pies" time="0.549" classname="Test Cases/Secuencias de Ejecucion/TC_Generar_Aleatorio_Pedidos_20pies" status="INCOMPLETE">
         <system-out><![CDATA[2020-01-24 10:21:23 - [TEST_CASE][INCOMPLETE] - Test Cases/Secuencias de Ejecucion/TC_Generar_Aleatorio_Pedidos_20pies: null

2020-01-24 10:21:24 - [TEST_STEP][INCOMPLETE] - python.Ex_generar_aleatorio_pedidos_20pies.runPython(): null]]></system-out>
         <system-err><![CDATA[2020-01-24 10:21:23 - [TEST_CASE][INCOMPLETE] - Test Cases/Secuencias de Ejecucion/TC_Generar_Aleatorio_Pedidos_20pies: null]]></system-err>
      </testcase>
      <system-out><![CDATA[2020-01-24 10:21:23 - [TEST_SUITE][INCOMPLETE] - Pedidos_TestSuites: null]]></system-out>
      <system-err><![CDATA[2020-01-24 10:21:23 - [TEST_SUITE][INCOMPLETE] - Pedidos_TestSuites: null]]></system-err>
   </testsuite>
</testsuites>
