<?xml version="1.0" encoding="UTF-8"?>
<testsuites name="Borrado Total Archivos" time="11.23" tests="1" failures="0" errors="0">
   <testsuite name="Borrado Total Archivos" tests="1" failures="0" errors="0" time="11.23" timestamp="2020-03-10 10:35:25" hostname="kaizen - LAPTOP-K43U1BVQ" id="Test Suites/Funcionalidades_Pedidos/Borrado Total Archivos">
      <properties>
         <property name="deviceName" value=""/>
         <property name="devicePlatform" value=""/>
         <property name="logFolder" value="C:\\Users\\kaizen\\git\\AutomatizacionKatalon\\Reports\\20200310_103522\\Funcionalidades_Pedidos\\Borrado Total Archivos\\20200310_103522"/>
         <property name="logFiles" value="C:\\Users\\kaizen\\git\\AutomatizacionKatalon\\Reports\\20200310_103522\\Funcionalidades_Pedidos\\Borrado Total Archivos\\20200310_103522\\execution0.log"/>
         <property name="attachments" value=""/>
         <property name="hostName" value="kaizen - LAPTOP-K43U1BVQ"/>
         <property name="hostAddress" value="192.168.99.1"/>
         <property name="os" value="Windows 10 64bit"/>
         <property name="katalonVersion" value="7.2.1.1"/>
      </properties>
      <testcase name="Test Cases/Secuencias de Ejecucion/TC_Remover_archivos" time="0.86" classname="Test Cases/Secuencias de Ejecucion/TC_Remover_archivos" status="PASSED">
         <system-out><![CDATA[2020-03-10 10:35:25 - [TEST_CASE][PASSED] - Test Cases/Secuencias de Ejecucion/TC_Remover_archivos: Test Cases/Secuencias de Ejecucion/TC_Remover_archivos

2020-03-10 10:35:26 - [TEST_STEP][PASSED] - python.ejecutarAleatoriosPython.runPython("BorradoTotal"): python.ejecutarAleatoriosPython.runPython is PASSED

2020-03-10 10:35:26 - [MESSAGE][PASSED] - python.ejecutarAleatoriosPython.runPython is PASSED]]></system-out>
         <system-err><![CDATA[]]></system-err>
      </testcase>
      <system-out><![CDATA[2020-03-10 10:35:25 - [TEST_SUITE][PASSED] - Borrado Total Archivos: Test Cases/Secuencias de Ejecucion/TC_Remover_archivos]]></system-out>
      <system-err><![CDATA[]]></system-err>
   </testsuite>
</testsuites>
