<?xml version="1.0" encoding="UTF-8"?>
<testsuites name="8-Crear_pedidos_40_TestSuites" time="483.556" tests="2" failures="0" errors="0">
   <testsuite name="8-Crear_pedidos_40_TestSuites" tests="2" failures="0" errors="0" time="483.556" timestamp="2020-02-17 11:19:28" hostname="kaizen - LAPTOP-K43U1BVQ" id="Test Suites/Flujo_funcionalidades_Pedidos_20pies/8-Crear_pedidos_40_TestSuites">
      <properties>
         <property name="deviceName" value=""/>
         <property name="devicePlatform" value=""/>
         <property name="logFolder" value="C:\\Users\\kaizen\\git\\AutomatizacionKatalon\\Reports\\20200217_111925\\Flujo_funcionalidades_Pedidos_20pies\\8-Crear_pedidos_40_TestSuites\\20200217_111925"/>
         <property name="logFiles" value="C:\\Users\\kaizen\\git\\AutomatizacionKatalon\\Reports\\20200217_111925\\Flujo_funcionalidades_Pedidos_20pies\\8-Crear_pedidos_40_TestSuites\\20200217_111925\\execution0.log"/>
         <property name="attachments" value=""/>
         <property name="hostName" value="kaizen - LAPTOP-K43U1BVQ"/>
         <property name="os" value="Windows 10 64bit"/>
         <property name="katalonVersion" value="7.2.1.1"/>
         <property name="browser" value="Chrome 80.0.3987.106"/>
         <property name="hostAddress" value="192.168.99.1"/>
         <property name="sessionId" value="a3482bc65dd1e3e297b4122e9e1e4b6c"/>
         <property name="seleniumVersion" value="3.141.59"/>
         <property name="proxyInformation" value="ProxyInformation{proxyOption=NO_PROXY, proxyServerType=HTTP, password=, proxyServerAddress=, proxyServerPort=0, executionList=}"/>
         <property name="platform" value="Windows 10"/>
      </properties>
      <testcase name="Test Cases/Secuencias de Ejecucion/TC_Generar_Aleatorio_Pedidos_40pies" time="16.097" classname="Test Cases/Secuencias de Ejecucion/TC_Generar_Aleatorio_Pedidos_40pies" status="PASSED">
         <system-out><![CDATA[2020-02-17 11:19:29 - [TEST_CASE][PASSED] - Test Cases/Secuencias de Ejecucion/TC_Generar_Aleatorio_Pedidos_40pies: Test Cases/Secuencias de Ejecucion/TC_Generar_Aleatorio_Pedidos_40pies

2020-02-17 11:19:29 - [TEST_STEP][PASSED] - python.ejecutarAleatoriosPython.runPython("Crear40"): python.ejecutarAleatoriosPython.runPython is PASSED

2020-02-17 11:19:45 - [MESSAGE][PASSED] - python.ejecutarAleatoriosPython.runPython is PASSED]]></system-out>
         <system-err><![CDATA[]]></system-err>
      </testcase>
      <testcase name="Test Cases/Secuencias de Ejecucion/TC_Crear_Pedido_40pies" time="466.988" classname="Test Cases/Secuencias de Ejecucion/TC_Crear_Pedido_40pies" status="PASSED">
         <system-out><![CDATA[2020-02-17 11:19:45 - [TEST_CASE][PASSED] - Test Cases/Secuencias de Ejecucion/TC_Crear_Pedido_40pies: Test Cases/Secuencias de Ejecucion/TC_Crear_Pedido_40pies

2020-02-17 11:19:46 - [TEST_STEP][PASSED] - archivo = $RunConfiguration.getProjectDir()/Pedidos/DataExcel/Crear_Pedido40pies.xlsx: null

2020-02-17 11:19:46 - [TEST_STEP][PASSED] - excelData = getExcelDataWithDefaultSheet(archivo, "Sheet1", true): null

2020-02-17 11:19:47 - [TEST_STEP][PASSED] - for ([Index = 1, Index <= excelData.getRowNumbers(), (Index++)]): Call Test Case 'Test Cases/Individual_Tests_20pies/Seleccionar_Productos40pies' successfully

2020-02-17 11:19:47 - [TEST_STEP][PASSED] - callTestCase(findTestCase("Individual_Tests_20pies/Login"), ["Evento":"Crear40", "Index":Index, "Usuario":Usuario, "Contrasena":Contrasena], STOP_ON_FAILURE): Call Test Case 'Test Cases/Individual_Tests_20pies/Login' successfully

2020-02-17 11:19:47 - [TEST_CASE][PASSED] - Test Cases/Individual_Tests_20pies/Login: Test Cases/Individual_Tests_20pies/Login

2020-02-17 11:19:47 - [TEST_STEP][PASSED] - print("Evento Seleccionado: " + Evento + "
"): null

2020-02-17 11:19:47 - [TEST_STEP][PASSED] - openBrowser(Web): Browser is opened with url: 'http://test.kaizendev.net/Login/Accesar?salir=true'

2020-02-17 11:19:48 - [MESSAGE][INFO] - Starting 'Chrome' driver

2020-02-17 11:19:48 - [MESSAGE][INFO] - Action delay is set to 0 seconds

2020-02-17 11:20:43 - [MESSAGE][PASSED] - Browser is opened with url: 'http://test.kaizendev.net/Login/Accesar?salir=true'

2020-02-17 11:20:43 - [TEST_STEP][PASSED] - maximizeWindow(): Current window maximized

2020-02-17 11:20:44 - [MESSAGE][PASSED] - Current window maximized

2020-02-17 11:20:44 - [TEST_STEP][PASSED] - if (Evento == "Crear20"): null

2020-02-17 11:20:44 - [TEST_STEP][PASSED] - else if (Evento == "Crear40"): Object: 'Object Repository/Page_Iniciar Sesion - KAIZEN/is_btn_ingresar_sistema' is clicked on

2020-02-17 11:20:44 - [TEST_STEP][PASSED] - data7 = obtener_excels.obtener_pedidos40pies.getValuesExcelCreate40(Index): obtener_excels.obtener_pedidos40pies.getValuesExcelCreate40 is PASSED

2020-02-17 11:20:44 - [MESSAGE][PASSED] - obtener_excels.obtener_pedidos40pies.getValuesExcelCreate40 is PASSED

2020-02-17 11:20:44 - [TEST_STEP][PASSED] - Usuario = data7[1]: null

2020-02-17 11:20:44 - [TEST_STEP][PASSED] - Contrasena = data7[2]: null

2020-02-17 11:20:44 - [TEST_STEP][PASSED] - setText(findTestObject("Page_Iniciar Sesion - KAIZEN/is_input_email"), Usuario): Text 'automated.test@grupokaizen.net' is set on object 'Object Repository/Page_Iniciar Sesion - KAIZEN/is_input_email'

2020-02-17 11:20:45 - [MESSAGE][PASSED] - Text 'automated.test@grupokaizen.net' is set on object 'Object Repository/Page_Iniciar Sesion - KAIZEN/is_input_email'

2020-02-17 11:20:45 - [TEST_STEP][PASSED] - setEncryptedText(findTestObject("Page_Iniciar Sesion - KAIZEN/IS_input_contrasena"), Contrasena): Text ****** has been set on object 'Object Repository/Page_Iniciar Sesion - KAIZEN/IS_input_contrasena'

2020-02-17 11:20:46 - [MESSAGE][PASSED] - Text ****** has been set on object 'Object Repository/Page_Iniciar Sesion - KAIZEN/IS_input_contrasena'

2020-02-17 11:20:46 - [TEST_STEP][PASSED] - click(findTestObject("Page_Iniciar Sesion - KAIZEN/is_btn_ingresar_sistema")): Object: 'Object Repository/Page_Iniciar Sesion - KAIZEN/is_btn_ingresar_sistema' is clicked on

2020-02-17 11:20:50 - [MESSAGE][PASSED] - Object: 'Object Repository/Page_Iniciar Sesion - KAIZEN/is_btn_ingresar_sistema' is clicked on

2020-02-17 11:20:50 - [MESSAGE][PASSED] - Call Test Case 'Test Cases/Individual_Tests_20pies/Login' successfully

2020-02-17 11:20:50 - [TEST_STEP][PASSED] - callTestCase(findTestCase("Individual_Tests_20pies/Seleccionar_Idioma"), ["Evento":"Crear40", "Index":Index], STOP_ON_FAILURE): Call Test Case 'Test Cases/Individual_Tests_20pies/Seleccionar_Idioma' successfully

2020-02-17 11:20:50 - [TEST_CASE][PASSED] - Test Cases/Individual_Tests_20pies/Seleccionar_Idioma: Test Cases/Individual_Tests_20pies/Seleccionar_Idioma

2020-02-17 11:20:51 - [TEST_STEP][PASSED] - Idioma = 0: null

2020-02-17 11:20:51 - [TEST_STEP][PASSED] - if (Evento == "Crear20"): null

2020-02-17 11:20:51 - [TEST_STEP][PASSED] - else if (Evento == "Crear40"): null

2020-02-17 11:20:51 - [TEST_STEP][PASSED] - data7 = obtener_excels.obtener_pedidos40pies.getValuesExcelCreate40(Index): obtener_excels.obtener_pedidos40pies.getValuesExcelCreate40 is PASSED

2020-02-17 11:20:51 - [MESSAGE][PASSED] - obtener_excels.obtener_pedidos40pies.getValuesExcelCreate40 is PASSED

2020-02-17 11:20:51 - [TEST_STEP][PASSED] - Idioma = data7[0]: null

2020-02-17 11:20:51 - [TEST_STEP][PASSED] - click(findTestObject("Page_- KAIZEN/si_btn_idioma")): Object: 'Object Repository/Page_- KAIZEN/si_btn_idioma' is clicked on

2020-02-17 11:20:51 - [MESSAGE][PASSED] - Object: 'Object Repository/Page_- KAIZEN/si_btn_idioma' is clicked on

2020-02-17 11:20:51 - [TEST_STEP][PASSED] - if (Idioma == "0"): Object: 'Object Repository/Page_- KAIZEN/si_Ingles' is clicked on

2020-02-17 11:20:51 - [TEST_STEP][PASSED] - click(findTestObject("Page_- KAIZEN/si_Ingles")): Object: 'Object Repository/Page_- KAIZEN/si_Ingles' is clicked on

2020-02-17 11:20:53 - [MESSAGE][PASSED] - Object: 'Object Repository/Page_- KAIZEN/si_Ingles' is clicked on

2020-02-17 11:20:53 - [MESSAGE][PASSED] - Call Test Case 'Test Cases/Individual_Tests_20pies/Seleccionar_Idioma' successfully

2020-02-17 11:20:53 - [TEST_STEP][PASSED] - callTestCase(findTestCase("Individual_Tests_20pies/Anadir_pedido"), [:], STOP_ON_FAILURE): Call Test Case 'Test Cases/Individual_Tests_20pies/Anadir_pedido' successfully

2020-02-17 11:20:53 - [TEST_CASE][PASSED] - Test Cases/Individual_Tests_20pies/Anadir_pedido: Test Cases/Individual_Tests_20pies/Anadir_pedido

2020-02-17 11:20:53 - [TEST_STEP][PASSED] - click(findTestObject("Page_- KAIZEN/bp_menu_pedido")): Object: 'Object Repository/Page_- KAIZEN/bp_menu_pedido' is clicked on

2020-02-17 11:20:55 - [MESSAGE][PASSED] - Object: 'Object Repository/Page_- KAIZEN/bp_menu_pedido' is clicked on

2020-02-17 11:20:55 - [TEST_STEP][PASSED] - click(findTestObject("Page_- KAIZEN/bp_click_menu_pedido")): Object: 'Object Repository/Page_- KAIZEN/bp_click_menu_pedido' is clicked on

2020-02-17 11:20:59 - [MESSAGE][PASSED] - Object: 'Object Repository/Page_- KAIZEN/bp_click_menu_pedido' is clicked on

2020-02-17 11:20:59 - [TEST_STEP][PASSED] - click(findTestObject("Page_Pedidos de Lubricantes - KAIZEN/ap_btn_agregar")): Object: 'Object Repository/Page_Pedidos de Lubricantes - KAIZEN/ap_btn_agregar' is clicked on

2020-02-17 11:21:10 - [MESSAGE][PASSED] - Object: 'Object Repository/Page_Pedidos de Lubricantes - KAIZEN/ap_btn_agregar' is clicked on

2020-02-17 11:21:10 - [MESSAGE][PASSED] - Call Test Case 'Test Cases/Individual_Tests_20pies/Anadir_pedido' successfully

2020-02-17 11:21:10 - [TEST_STEP][PASSED] - callTestCase(findTestCase("Individual_Tests_20pies/Seleccionar_Cliente"), ["Evento":"Crear40", "Index":Index, "Nombre":Nombre, "Direccion":Direccion, "Contenedor":Contenedor], STOP_ON_FAILURE): Call Test Case 'Test Cases/Individual_Tests_20pies/Seleccionar_Cliente' successfully

2020-02-17 11:21:10 - [TEST_CASE][PASSED] - Test Cases/Individual_Tests_20pies/Seleccionar_Cliente: Test Cases/Individual_Tests_20pies/Seleccionar_Cliente

2020-02-17 11:21:10 - [TEST_STEP][PASSED] - Nombre = <not implemented yet for class: org.codehaus.groovy.ast.expr.EmptyExpression>: null

2020-02-17 11:21:10 - [TEST_STEP][PASSED] - Direccion = <not implemented yet for class: org.codehaus.groovy.ast.expr.EmptyExpression>: null

2020-02-17 11:21:10 - [TEST_STEP][PASSED] - Contenedor = <not implemented yet for class: org.codehaus.groovy.ast.expr.EmptyExpression>: null

2020-02-17 11:21:10 - [TEST_STEP][PASSED] - if (Evento == "Crear20"): null

2020-02-17 11:21:10 - [TEST_STEP][PASSED] - else if (Evento == "Crear40"): null

2020-02-17 11:21:10 - [TEST_STEP][PASSED] - data = obtener_excels.obtener_pedidos40pies.getValuesExcelCreate40(Index): obtener_excels.obtener_pedidos40pies.getValuesExcelCreate40 is PASSED

2020-02-17 11:21:10 - [MESSAGE][PASSED] - obtener_excels.obtener_pedidos40pies.getValuesExcelCreate40 is PASSED

2020-02-17 11:21:10 - [TEST_STEP][PASSED] - Nombre = data[3]: null

2020-02-17 11:21:10 - [TEST_STEP][PASSED] - Direccion = data[4]: null

2020-02-17 11:21:10 - [TEST_STEP][PASSED] - Contenedor = data[5]: null

2020-02-17 11:21:10 - [TEST_STEP][PASSED] - delay(2): Delayed 2 second(s)

2020-02-17 11:21:12 - [MESSAGE][PASSED] - Delayed 2 second(s)

2020-02-17 11:21:12 - [TEST_STEP][PASSED] - element = executeJavaScript("return document.getElementById('ID_CLIENTE_LIST').value;", null): Execute JavaScript 'return document.getElementById('ID_CLIENTE_LIST').value;' successfully

2020-02-17 11:21:12 - [MESSAGE][PASSED] - Execute JavaScript 'return document.getElementById('ID_CLIENTE_LIST').value;' successfully

2020-02-17 11:21:12 - [TEST_STEP][PASSED] - if (element == Nombre): null

2020-02-17 11:21:12 - [TEST_STEP][PASSED] - else: Object: 'Object Repository/Page_- KAIZEN/sc_btn_next' is clicked on

2020-02-17 11:21:12 - [TEST_STEP][PASSED] - print(Nombre + "
"): null

2020-02-17 11:21:12 - [TEST_STEP][PASSED] - click(findTestObject("Page_- KAIZEN/sc_select_cliente1")): Object: 'Object Repository/Page_- KAIZEN/sc_select_cliente1' is clicked on

2020-02-17 11:21:13 - [MESSAGE][PASSED] - Object: 'Object Repository/Page_- KAIZEN/sc_select_cliente1' is clicked on

2020-02-17 11:21:13 - [TEST_STEP][PASSED] - click(findTestObject("Page_- KAIZEN/sc_select_cliente2")): Object: 'Object Repository/Page_- KAIZEN/sc_select_cliente2' is clicked on

2020-02-17 11:21:19 - [MESSAGE][PASSED] - Object: 'Object Repository/Page_- KAIZEN/sc_select_cliente2' is clicked on

2020-02-17 11:21:19 - [TEST_STEP][PASSED] - waitForElementPresent(findTestObject("Page_- KAIZEN/sc_select_cliente3"), 5): Object 'Object Repository/Page_- KAIZEN/sc_select_cliente3' is present

2020-02-17 11:21:20 - [MESSAGE][PASSED] - Object 'Object Repository/Page_- KAIZEN/sc_select_cliente3' is present

2020-02-17 11:21:20 - [TEST_STEP][PASSED] - selectOptionByValue(findTestObject("Page_- KAIZEN/sc_select_cliente3"), Nombre.toString(), true): All options with value '17' are selected in object 'Object Repository/Page_- KAIZEN/sc_select_cliente3'  using regular expression

2020-02-17 11:21:25 - [MESSAGE][PASSED] - All options with value '17' are selected in object 'Object Repository/Page_- KAIZEN/sc_select_cliente3'  using regular expression

2020-02-17 11:21:25 - [TEST_STEP][PASSED] - waitForElementPresent(findTestObject("Page_- KAIZEN/sc_span_select_address"), 5): Object 'Object Repository/Page_- KAIZEN/sc_span_select_address' is present

2020-02-17 11:21:26 - [MESSAGE][PASSED] - Object 'Object Repository/Page_- KAIZEN/sc_span_select_address' is present

2020-02-17 11:21:26 - [TEST_STEP][PASSED] - click(findTestObject("Page_- KAIZEN/sc_span_select_address")): Object: 'Object Repository/Page_- KAIZEN/sc_span_select_address' is clicked on

2020-02-17 11:21:26 - [MESSAGE][PASSED] - Object: 'Object Repository/Page_- KAIZEN/sc_span_select_address' is clicked on

2020-02-17 11:21:26 - [TEST_STEP][PASSED] - selectOptionByValue(findTestObject("Page_- KAIZEN/sc_assing_select_address"), Direccion, true): All options with value '5' are selected in object 'Object Repository/Page_- KAIZEN/sc_assing_select_address'  using regular expression

2020-02-17 11:21:27 - [MESSAGE][PASSED] - All options with value '5' are selected in object 'Object Repository/Page_- KAIZEN/sc_assing_select_address'  using regular expression

2020-02-17 11:21:27 - [TEST_STEP][PASSED] - delay(5): Delayed 5 second(s)

2020-02-17 11:21:32 - [MESSAGE][PASSED] - Delayed 5 second(s)

2020-02-17 11:21:32 - [TEST_STEP][PASSED] - if (Contenedor == "20"): null

2020-02-17 11:21:32 - [TEST_STEP][PASSED] - else: Execute JavaScript 'document.querySelector(".btn-primary[onclick='opcCont(40)']").click()' successfully

2020-02-17 11:21:32 - [TEST_STEP][PASSED] - executeJavaScript("document.querySelector(".btn-primary[onclick='opcCont(40)']").click()", null): Execute JavaScript 'document.querySelector(".btn-primary[onclick='opcCont(40)']").click()' successfully

2020-02-17 11:21:34 - [MESSAGE][PASSED] - Execute JavaScript 'document.querySelector(".btn-primary[onclick='opcCont(40)']").click()' successfully

2020-02-17 11:21:34 - [TEST_STEP][PASSED] - delay(2): Delayed 2 second(s)

2020-02-17 11:21:36 - [MESSAGE][PASSED] - Delayed 2 second(s)

2020-02-17 11:21:36 - [TEST_STEP][PASSED] - waitForElementVisible(findTestObject("Page_- KAIZEN/sc_btn_next"), 3): Object 'Object Repository/Page_- KAIZEN/sc_btn_next' is visible

2020-02-17 11:21:36 - [MESSAGE][PASSED] - Object 'Object Repository/Page_- KAIZEN/sc_btn_next' is visible

2020-02-17 11:21:36 - [TEST_STEP][PASSED] - click(findTestObject("Page_- KAIZEN/sc_btn_next")): Object: 'Object Repository/Page_- KAIZEN/sc_btn_next' is clicked on

2020-02-17 11:21:37 - [MESSAGE][PASSED] - Object: 'Object Repository/Page_- KAIZEN/sc_btn_next' is clicked on

2020-02-17 11:21:37 - [MESSAGE][PASSED] - Call Test Case 'Test Cases/Individual_Tests_20pies/Seleccionar_Cliente' successfully

2020-02-17 11:21:37 - [TEST_STEP][PASSED] - callTestCase(findTestCase("Individual_Tests_20pies/Seleccionar_Incoterm"), ["Evento":"Crear40", "Index":Index, "Incoterm":Incoterm], STOP_ON_FAILURE): Call Test Case 'Test Cases/Individual_Tests_20pies/Seleccionar_Incoterm' successfully

2020-02-17 11:21:37 - [TEST_CASE][PASSED] - Test Cases/Individual_Tests_20pies/Seleccionar_Incoterm: Test Cases/Individual_Tests_20pies/Seleccionar_Incoterm

2020-02-17 11:21:37 - [TEST_STEP][PASSED] - Incoterm = <not implemented yet for class: org.codehaus.groovy.ast.expr.EmptyExpression>: null

2020-02-17 11:21:37 - [TEST_STEP][PASSED] - if (Evento == "Crear20"): null

2020-02-17 11:21:37 - [TEST_STEP][PASSED] - else if (Evento == "Crear40"): null

2020-02-17 11:21:37 - [TEST_STEP][PASSED] - data = obtener_excels.obtener_pedidos40pies.getValuesExcelCreate40(Index): obtener_excels.obtener_pedidos40pies.getValuesExcelCreate40 is PASSED

2020-02-17 11:21:37 - [MESSAGE][PASSED] - obtener_excels.obtener_pedidos40pies.getValuesExcelCreate40 is PASSED

2020-02-17 11:21:37 - [TEST_STEP][PASSED] - Incoterm = data[6]: null

2020-02-17 11:21:37 - [TEST_STEP][PASSED] - selectOptionByValue(findTestObject("Page_- KAIZEN/sin_select_incoterm"), Incoterm, true): All options with value 'CIF' are selected in object 'Object Repository/Page_- KAIZEN/sin_select_incoterm'  using regular expression

2020-02-17 11:21:40 - [MESSAGE][PASSED] - All options with value 'CIF' are selected in object 'Object Repository/Page_- KAIZEN/sin_select_incoterm'  using regular expression

2020-02-17 11:21:40 - [TEST_STEP][PASSED] - click(findTestObject("Page_- KAIZEN/sc_btn_next")): Object: 'Object Repository/Page_- KAIZEN/sc_btn_next' is clicked on

2020-02-17 11:21:41 - [MESSAGE][PASSED] - Object: 'Object Repository/Page_- KAIZEN/sc_btn_next' is clicked on

2020-02-17 11:21:41 - [MESSAGE][PASSED] - Call Test Case 'Test Cases/Individual_Tests_20pies/Seleccionar_Incoterm' successfully

2020-02-17 11:21:41 - [TEST_STEP][PASSED] - callTestCase(findTestCase("Individual_Tests_20pies/Seleccionar_Opcion_Compra"), ["Evento":"Crear40", "Index":Index, "OpCompra1":OpCompra1], STOP_ON_FAILURE): Call Test Case 'Test Cases/Individual_Tests_20pies/Seleccionar_Opcion_Compra' successfully

2020-02-17 11:21:41 - [TEST_CASE][PASSED] - Test Cases/Individual_Tests_20pies/Seleccionar_Opcion_Compra: Test Cases/Individual_Tests_20pies/Seleccionar_Opcion_Compra

2020-02-17 11:21:41 - [TEST_STEP][PASSED] - OpCompra1 = 0: null

2020-02-17 11:21:41 - [TEST_STEP][PASSED] - if (Evento == "Crear20"): null

2020-02-17 11:21:41 - [TEST_STEP][PASSED] - else if (Evento == "Crear40"): null

2020-02-17 11:21:41 - [TEST_STEP][PASSED] - OpCompra1 = OpcionCompra40pies: null

2020-02-17 11:21:41 - [TEST_STEP][PASSED] - delay(7): Delayed 7 second(s)

2020-02-17 11:21:48 - [MESSAGE][PASSED] - Delayed 7 second(s)

2020-02-17 11:21:48 - [TEST_STEP][PASSED] - waitForElementClickable(findTestObject("Page_- KAIZEN/so_SelectorOP"), 7): Object 'Object Repository/Page_- KAIZEN/so_SelectorOP' is clickable

2020-02-17 11:21:48 - [MESSAGE][PASSED] - Object 'Object Repository/Page_- KAIZEN/so_SelectorOP' is clickable

2020-02-17 11:21:48 - [TEST_STEP][PASSED] - delay(3): Delayed 3 second(s)

2020-02-17 11:21:51 - [MESSAGE][PASSED] - Delayed 3 second(s)

2020-02-17 11:21:51 - [TEST_STEP][PASSED] - click(findTestObject("Page_- KAIZEN/so_select_SeleccioneOPCION")): Object: 'Object Repository/Page_- KAIZEN/so_select_SeleccioneOPCION' is clicked on

2020-02-17 11:21:52 - [MESSAGE][PASSED] - Object: 'Object Repository/Page_- KAIZEN/so_select_SeleccioneOPCION' is clicked on

2020-02-17 11:21:52 - [TEST_STEP][PASSED] - selectOptionByValue(findTestObject("Page_- KAIZEN/so_select_SeleccioneOPCION"), OpCompra1, true): All options with value '23' are selected in object 'Object Repository/Page_- KAIZEN/so_select_SeleccioneOPCION'  using regular expression

2020-02-17 11:21:54 - [MESSAGE][PASSED] - All options with value '23' are selected in object 'Object Repository/Page_- KAIZEN/so_select_SeleccioneOPCION'  using regular expression

2020-02-17 11:21:54 - [TEST_STEP][PASSED] - waitForElementPresent(findTestObject("Page_- KAIZEN/sc_btn_next"), 7): Object 'Object Repository/Page_- KAIZEN/sc_btn_next' is present

2020-02-17 11:21:55 - [MESSAGE][PASSED] - Object 'Object Repository/Page_- KAIZEN/sc_btn_next' is present

2020-02-17 11:21:55 - [TEST_STEP][PASSED] - click(findTestObject("Page_- KAIZEN/sc_btn_next")): Object: 'Object Repository/Page_- KAIZEN/sc_btn_next' is clicked on

2020-02-17 11:21:55 - [MESSAGE][PASSED] - Object: 'Object Repository/Page_- KAIZEN/sc_btn_next' is clicked on

2020-02-17 11:21:55 - [MESSAGE][PASSED] - Call Test Case 'Test Cases/Individual_Tests_20pies/Seleccionar_Opcion_Compra' successfully

2020-02-17 11:21:55 - [TEST_STEP][PASSED] - callTestCase(findTestCase("Individual_Tests_20pies/Seleccionar_Productos40pies"), ["Index":Index, "Producto":Producto, "Producto2":Producto2, "Iterar":Iterar], STOP_ON_FAILURE): Call Test Case 'Test Cases/Individual_Tests_20pies/Seleccionar_Productos40pies' successfully

2020-02-17 11:21:55 - [TEST_CASE][PASSED] - Test Cases/Individual_Tests_20pies/Seleccionar_Productos40pies: Test Cases/Individual_Tests_20pies/Seleccionar_Productos40pies

2020-02-17 11:21:56 - [TEST_STEP][PASSED] - data = obtener_excels.obtener_pedidos40pies.getValuesExcelCreate40(Index): obtener_excels.obtener_pedidos40pies.getValuesExcelCreate40 is PASSED

2020-02-17 11:21:56 - [MESSAGE][PASSED] - obtener_excels.obtener_pedidos40pies.getValuesExcelCreate40 is PASSED

2020-02-17 11:21:56 - [TEST_STEP][PASSED] - ProductoSoportaPeso = data[9]: null

2020-02-17 11:21:56 - [TEST_STEP][PASSED] - ProductoNoSoportaPeso = data[11]: null

2020-02-17 11:21:56 - [TEST_STEP][PASSED] - Cantidad = <not implemented yet for class: org.codehaus.groovy.ast.expr.EmptyExpression>: null

2020-02-17 11:21:56 - [TEST_STEP][PASSED] - Iterar = data[13]: null

2020-02-17 11:21:56 - [TEST_STEP][PASSED] - CapacidadDisponible = data[8].toInteger(): null

2020-02-17 11:21:56 - [TEST_STEP][PASSED] - PesoProducto = data[10].toInteger(): null

2020-02-17 11:21:56 - [TEST_STEP][PASSED] - PesoProducto2 = data[12].toInteger(): null

2020-02-17 11:21:56 - [TEST_STEP][PASSED] - CantidadSoportadaAbajo = <not implemented yet for class: org.codehaus.groovy.ast.expr.EmptyExpression>: null

2020-02-17 11:21:56 - [TEST_STEP][PASSED] - CantidadAñadida = <not implemented yet for class: org.codehaus.groovy.ast.expr.EmptyExpression>: null

2020-02-17 11:21:56 - [TEST_STEP][PASSED] - CantidadRestante = <not implemented yet for class: org.codehaus.groovy.ast.expr.EmptyExpression>: null

2020-02-17 11:21:56 - [TEST_STEP][PASSED] - Elementos = <not implemented yet for class: org.codehaus.groovy.ast.expr.EmptyExpression>: null

2020-02-17 11:21:56 - [TEST_STEP][PASSED] - cantProductos = Iterar.toInteger(): null

2020-02-17 11:21:56 - [TEST_STEP][PASSED] - print(Iterar): null

2020-02-17 11:21:56 - [TEST_STEP][PASSED] - IDPedidoCreado = executeJavaScript("return document.getElementById('IdPedido').value;", null): Execute JavaScript 'return document.getElementById('IdPedido').value;' successfully

2020-02-17 11:21:56 - [MESSAGE][PASSED] - Execute JavaScript 'return document.getElementById('IdPedido').value;' successfully

2020-02-17 11:21:56 - [TEST_STEP][PASSED] - IDPedidoCreado1 = IDPedidoCreado.toInteger(): null

2020-02-17 11:21:56 - [TEST_STEP][PASSED] - exportar_archivos.Ex_guardar_pedidos_creados.demoKey(IDPedidoCreado1, cantProductos): exportar_archivos.Ex_guardar_pedidos_creados.demoKey is PASSED

2020-02-17 11:21:56 - [MESSAGE][PASSED] - exportar_archivos.Ex_guardar_pedidos_creados.demoKey is PASSED

2020-02-17 11:21:56 - [TEST_STEP][PASSED] - boton = executeJavaScript("return document.getElementById("btn_next").style.display;", null): Execute JavaScript 'return document.getElementById("btn_next").style.display;' successfully

2020-02-17 11:21:56 - [MESSAGE][PASSED] - Execute JavaScript 'return document.getElementById("btn_next").style.display;' successfully

2020-02-17 11:21:56 - [TEST_STEP][PASSED] - if (boton == "block"): null

2020-02-17 11:21:56 - [TEST_STEP][PASSED] - else: Browser is closed

2020-02-17 11:21:56 - [TEST_STEP][PASSED] - if (Iterar == "1" && PesoProducto <= CapacidadDisponible): Browser is closed

2020-02-17 11:21:56 - [TEST_STEP][PASSED] - CantidadSoportadaAbajo = 20: null

2020-02-17 11:21:56 - [TEST_STEP][PASSED] - Cantidad = CantidadSoportadaAbajo.toString(): null

2020-02-17 11:21:56 - [TEST_STEP][PASSED] - Producto = ProductoSoportaPeso: null

2020-02-17 11:21:56 - [TEST_STEP][PASSED] - click(findTestObject("Page_- KAIZEN/sp_Element_producto")): Object: 'Object Repository/Page_- KAIZEN/sp_Element_producto' is clicked on

2020-02-17 11:21:58 - [MESSAGE][PASSED] - Object: 'Object Repository/Page_- KAIZEN/sp_Element_producto' is clicked on

2020-02-17 11:21:58 - [TEST_STEP][PASSED] - click(findTestObject("Page_- KAIZEN/sp_click_select_product")): Object: 'Object Repository/Page_- KAIZEN/sp_click_select_product' is clicked on

2020-02-17 11:21:58 - [MESSAGE][PASSED] - Object: 'Object Repository/Page_- KAIZEN/sp_click_select_product' is clicked on

2020-02-17 11:21:58 - [TEST_STEP][PASSED] - selectOptionByValue(findTestObject("Page_- KAIZEN/sp_assing_select_product"), Producto, true): All options with value '582' are selected in object 'Object Repository/Page_- KAIZEN/sp_assing_select_product'  using regular expression

2020-02-17 11:21:59 - [MESSAGE][PASSED] - All options with value '582' are selected in object 'Object Repository/Page_- KAIZEN/sp_assing_select_product'  using regular expression

2020-02-17 11:21:59 - [TEST_STEP][PASSED] - setText(findTestObject("Page_- KAIZEN/sp_input_product_quantity"), Cantidad): Text '20' is set on object 'Object Repository/Page_- KAIZEN/sp_input_product_quantity'

2020-02-17 11:22:00 - [MESSAGE][PASSED] - Text '20' is set on object 'Object Repository/Page_- KAIZEN/sp_input_product_quantity'

2020-02-17 11:22:00 - [TEST_STEP][PASSED] - click(findTestObject("Page_- KAIZEN/sp_btn_add_product")): Object: 'Object Repository/Page_- KAIZEN/sp_btn_add_product' is clicked on

2020-02-17 11:22:07 - [MESSAGE][PASSED] - Object: 'Object Repository/Page_- KAIZEN/sp_btn_add_product' is clicked on

2020-02-17 11:22:07 - [TEST_STEP][PASSED] - CantidadAñadida = 20 * PesoProducto: null

2020-02-17 11:22:07 - [TEST_STEP][PASSED] - CantidadRestante = CapacidadDisponible - CantidadAñadida: null

2020-02-17 11:22:07 - [TEST_STEP][PASSED] - Elementos = CantidadRestante / PesoProducto: null

2020-02-17 11:22:07 - [TEST_STEP][PASSED] - Cantidad2 = Elementos.toString(): null

2020-02-17 11:22:07 - [TEST_STEP][PASSED] - click(findTestObject("Page_- KAIZEN/sp_Element_producto")): Object: 'Object Repository/Page_- KAIZEN/sp_Element_producto' is clicked on

2020-02-17 11:22:07 - [MESSAGE][PASSED] - Object: 'Object Repository/Page_- KAIZEN/sp_Element_producto' is clicked on

2020-02-17 11:22:07 - [TEST_STEP][PASSED] - click(findTestObject("Page_- KAIZEN/sp_click_select_product")): Object: 'Object Repository/Page_- KAIZEN/sp_click_select_product' is clicked on

2020-02-17 11:22:07 - [MESSAGE][PASSED] - Object: 'Object Repository/Page_- KAIZEN/sp_click_select_product' is clicked on

2020-02-17 11:22:07 - [TEST_STEP][PASSED] - selectOptionByValue(findTestObject("Page_- KAIZEN/sp_assing_select_product"), Producto, true): All options with value '582' are selected in object 'Object Repository/Page_- KAIZEN/sp_assing_select_product'  using regular expression

2020-02-17 11:22:09 - [MESSAGE][PASSED] - All options with value '582' are selected in object 'Object Repository/Page_- KAIZEN/sp_assing_select_product'  using regular expression

2020-02-17 11:22:09 - [TEST_STEP][PASSED] - setText(findTestObject("Page_- KAIZEN/sp_input_product_quantity"), Cantidad2): Text '4' is set on object 'Object Repository/Page_- KAIZEN/sp_input_product_quantity'

2020-02-17 11:22:09 - [MESSAGE][PASSED] - Text '4' is set on object 'Object Repository/Page_- KAIZEN/sp_input_product_quantity'

2020-02-17 11:22:09 - [TEST_STEP][PASSED] - click(findTestObject("Page_- KAIZEN/sp_btn_add_product")): Object: 'Object Repository/Page_- KAIZEN/sp_btn_add_product' is clicked on

2020-02-17 11:22:14 - [MESSAGE][PASSED] - Object: 'Object Repository/Page_- KAIZEN/sp_btn_add_product' is clicked on

2020-02-17 11:22:14 - [TEST_STEP][PASSED] - delay(10): Delayed 10 second(s)

2020-02-17 11:22:24 - [MESSAGE][PASSED] - Delayed 10 second(s)

2020-02-17 11:22:24 - [TEST_STEP][PASSED] - boton2 = executeJavaScript("return document.getElementById("btn_next").style.display;", null): Execute JavaScript 'return document.getElementById("btn_next").style.display;' successfully

2020-02-17 11:22:24 - [MESSAGE][PASSED] - Execute JavaScript 'return document.getElementById("btn_next").style.display;' successfully

2020-02-17 11:22:24 - [TEST_STEP][PASSED] - if (boton2 == "none"): null

2020-02-17 11:22:24 - [TEST_STEP][PASSED] - else: Browser is closed

2020-02-17 11:22:24 - [TEST_STEP][PASSED] - click(findTestObject("Page_- KAIZEN/sp_Siguiente")): Object: 'Object Repository/Page_- KAIZEN/sp_Siguiente' is clicked on

2020-02-17 11:22:33 - [MESSAGE][PASSED] - Object: 'Object Repository/Page_- KAIZEN/sp_Siguiente' is clicked on

2020-02-17 11:22:33 - [TEST_STEP][PASSED] - click(findTestObject("Page_- KAIZEN/sp_btn_finish")): Object: 'Object Repository/Page_- KAIZEN/sp_btn_finish' is clicked on

2020-02-17 11:22:46 - [MESSAGE][PASSED] - Object: 'Object Repository/Page_- KAIZEN/sp_btn_finish' is clicked on

2020-02-17 11:22:46 - [TEST_STEP][PASSED] - delay(3): Delayed 3 second(s)

2020-02-17 11:22:49 - [MESSAGE][PASSED] - Delayed 3 second(s)

2020-02-17 11:22:49 - [TEST_STEP][PASSED] - closeBrowser(): Browser is closed

2020-02-17 11:22:50 - [MESSAGE][PASSED] - Browser is closed

2020-02-17 11:22:50 - [MESSAGE][PASSED] - Call Test Case 'Test Cases/Individual_Tests_20pies/Seleccionar_Productos40pies' successfully

2020-02-17 11:22:50 - [TEST_STEP][PASSED] - callTestCase(findTestCase("Individual_Tests_20pies/Login"), ["Evento":"Crear40", "Index":Index, "Usuario":Usuario, "Contrasena":Contrasena], STOP_ON_FAILURE): Call Test Case 'Test Cases/Individual_Tests_20pies/Login' successfully

2020-02-17 11:22:50 - [TEST_CASE][PASSED] - Test Cases/Individual_Tests_20pies/Login: Test Cases/Individual_Tests_20pies/Login

2020-02-17 11:22:50 - [TEST_STEP][PASSED] - print("Evento Seleccionado: " + Evento + "
"): null

2020-02-17 11:22:50 - [TEST_STEP][PASSED] - openBrowser(Web): Browser is opened with url: 'http://test.kaizendev.net/Login/Accesar?salir=true'

2020-02-17 11:22:50 - [MESSAGE][INFO] - Starting 'Chrome' driver

2020-02-17 11:23:19 - [MESSAGE][PASSED] - Browser is opened with url: 'http://test.kaizendev.net/Login/Accesar?salir=true'

2020-02-17 11:23:19 - [TEST_STEP][PASSED] - maximizeWindow(): Current window maximized

2020-02-17 11:23:20 - [MESSAGE][PASSED] - Current window maximized

2020-02-17 11:23:20 - [TEST_STEP][PASSED] - if (Evento == "Crear20"): null

2020-02-17 11:23:20 - [TEST_STEP][PASSED] - else if (Evento == "Crear40"): Object: 'Object Repository/Page_Iniciar Sesion - KAIZEN/is_btn_ingresar_sistema' is clicked on

2020-02-17 11:23:20 - [TEST_STEP][PASSED] - data7 = obtener_excels.obtener_pedidos40pies.getValuesExcelCreate40(Index): obtener_excels.obtener_pedidos40pies.getValuesExcelCreate40 is PASSED

2020-02-17 11:23:20 - [MESSAGE][PASSED] - obtener_excels.obtener_pedidos40pies.getValuesExcelCreate40 is PASSED

2020-02-17 11:23:20 - [TEST_STEP][PASSED] - Usuario = data7[1]: null

2020-02-17 11:23:20 - [TEST_STEP][PASSED] - Contrasena = data7[2]: null

2020-02-17 11:23:20 - [TEST_STEP][PASSED] - setText(findTestObject("Page_Iniciar Sesion - KAIZEN/is_input_email"), Usuario): Text 'automated.test@grupokaizen.net' is set on object 'Object Repository/Page_Iniciar Sesion - KAIZEN/is_input_email'

2020-02-17 11:23:21 - [MESSAGE][PASSED] - Text 'automated.test@grupokaizen.net' is set on object 'Object Repository/Page_Iniciar Sesion - KAIZEN/is_input_email'

2020-02-17 11:23:21 - [TEST_STEP][PASSED] - setEncryptedText(findTestObject("Page_Iniciar Sesion - KAIZEN/IS_input_contrasena"), Contrasena): Text ****** has been set on object 'Object Repository/Page_Iniciar Sesion - KAIZEN/IS_input_contrasena'

2020-02-17 11:23:21 - [MESSAGE][PASSED] - Text ****** has been set on object 'Object Repository/Page_Iniciar Sesion - KAIZEN/IS_input_contrasena'

2020-02-17 11:23:21 - [TEST_STEP][PASSED] - click(findTestObject("Page_Iniciar Sesion - KAIZEN/is_btn_ingresar_sistema")): Object: 'Object Repository/Page_Iniciar Sesion - KAIZEN/is_btn_ingresar_sistema' is clicked on

2020-02-17 11:23:28 - [MESSAGE][PASSED] - Object: 'Object Repository/Page_Iniciar Sesion - KAIZEN/is_btn_ingresar_sistema' is clicked on

2020-02-17 11:23:28 - [MESSAGE][PASSED] - Call Test Case 'Test Cases/Individual_Tests_20pies/Login' successfully

2020-02-17 11:23:28 - [TEST_STEP][PASSED] - callTestCase(findTestCase("Individual_Tests_20pies/Seleccionar_Idioma"), ["Evento":"Crear40", "Index":Index], STOP_ON_FAILURE): Call Test Case 'Test Cases/Individual_Tests_20pies/Seleccionar_Idioma' successfully

2020-02-17 11:23:28 - [TEST_CASE][PASSED] - Test Cases/Individual_Tests_20pies/Seleccionar_Idioma: Test Cases/Individual_Tests_20pies/Seleccionar_Idioma

2020-02-17 11:23:28 - [TEST_STEP][PASSED] - Idioma = 0: null

2020-02-17 11:23:28 - [TEST_STEP][PASSED] - if (Evento == "Crear20"): null

2020-02-17 11:23:28 - [TEST_STEP][PASSED] - else if (Evento == "Crear40"): null

2020-02-17 11:23:28 - [TEST_STEP][PASSED] - data7 = obtener_excels.obtener_pedidos40pies.getValuesExcelCreate40(Index): obtener_excels.obtener_pedidos40pies.getValuesExcelCreate40 is PASSED

2020-02-17 11:23:28 - [MESSAGE][PASSED] - obtener_excels.obtener_pedidos40pies.getValuesExcelCreate40 is PASSED

2020-02-17 11:23:28 - [TEST_STEP][PASSED] - Idioma = data7[0]: null

2020-02-17 11:23:28 - [TEST_STEP][PASSED] - click(findTestObject("Page_- KAIZEN/si_btn_idioma")): Object: 'Object Repository/Page_- KAIZEN/si_btn_idioma' is clicked on

2020-02-17 11:23:28 - [MESSAGE][PASSED] - Object: 'Object Repository/Page_- KAIZEN/si_btn_idioma' is clicked on

2020-02-17 11:23:28 - [TEST_STEP][PASSED] - if (Idioma == "0"): null

2020-02-17 11:23:28 - [TEST_STEP][PASSED] - else: Object: 'Object Repository/Page_- KAIZEN/si_Spanish' is clicked on

2020-02-17 11:23:28 - [TEST_STEP][PASSED] - click(findTestObject("Page_- KAIZEN/si_Spanish")): Object: 'Object Repository/Page_- KAIZEN/si_Spanish' is clicked on

2020-02-17 11:23:30 - [MESSAGE][PASSED] - Object: 'Object Repository/Page_- KAIZEN/si_Spanish' is clicked on

2020-02-17 11:23:30 - [MESSAGE][PASSED] - Call Test Case 'Test Cases/Individual_Tests_20pies/Seleccionar_Idioma' successfully

2020-02-17 11:23:30 - [TEST_STEP][PASSED] - callTestCase(findTestCase("Individual_Tests_20pies/Anadir_pedido"), [:], STOP_ON_FAILURE): Call Test Case 'Test Cases/Individual_Tests_20pies/Anadir_pedido' successfully

2020-02-17 11:23:30 - [TEST_CASE][PASSED] - Test Cases/Individual_Tests_20pies/Anadir_pedido: Test Cases/Individual_Tests_20pies/Anadir_pedido

2020-02-17 11:23:30 - [TEST_STEP][PASSED] - click(findTestObject("Page_- KAIZEN/bp_menu_pedido")): Object: 'Object Repository/Page_- KAIZEN/bp_menu_pedido' is clicked on

2020-02-17 11:23:32 - [MESSAGE][PASSED] - Object: 'Object Repository/Page_- KAIZEN/bp_menu_pedido' is clicked on

2020-02-17 11:23:32 - [TEST_STEP][PASSED] - click(findTestObject("Page_- KAIZEN/bp_click_menu_pedido")): Object: 'Object Repository/Page_- KAIZEN/bp_click_menu_pedido' is clicked on

2020-02-17 11:23:35 - [MESSAGE][PASSED] - Object: 'Object Repository/Page_- KAIZEN/bp_click_menu_pedido' is clicked on

2020-02-17 11:23:35 - [TEST_STEP][PASSED] - click(findTestObject("Page_Pedidos de Lubricantes - KAIZEN/ap_btn_agregar")): Object: 'Object Repository/Page_Pedidos de Lubricantes - KAIZEN/ap_btn_agregar' is clicked on

2020-02-17 11:23:43 - [MESSAGE][PASSED] - Object: 'Object Repository/Page_Pedidos de Lubricantes - KAIZEN/ap_btn_agregar' is clicked on

2020-02-17 11:23:43 - [MESSAGE][PASSED] - Call Test Case 'Test Cases/Individual_Tests_20pies/Anadir_pedido' successfully

2020-02-17 11:23:43 - [TEST_STEP][PASSED] - callTestCase(findTestCase("Individual_Tests_20pies/Seleccionar_Cliente"), ["Evento":"Crear40", "Index":Index, "Nombre":Nombre, "Direccion":Direccion, "Contenedor":Contenedor], STOP_ON_FAILURE): Call Test Case 'Test Cases/Individual_Tests_20pies/Seleccionar_Cliente' successfully

2020-02-17 11:23:43 - [TEST_CASE][PASSED] - Test Cases/Individual_Tests_20pies/Seleccionar_Cliente: Test Cases/Individual_Tests_20pies/Seleccionar_Cliente

2020-02-17 11:23:43 - [TEST_STEP][PASSED] - Nombre = <not implemented yet for class: org.codehaus.groovy.ast.expr.EmptyExpression>: null

2020-02-17 11:23:43 - [TEST_STEP][PASSED] - Direccion = <not implemented yet for class: org.codehaus.groovy.ast.expr.EmptyExpression>: null

2020-02-17 11:23:43 - [TEST_STEP][PASSED] - Contenedor = <not implemented yet for class: org.codehaus.groovy.ast.expr.EmptyExpression>: null

2020-02-17 11:23:43 - [TEST_STEP][PASSED] - if (Evento == "Crear20"): null

2020-02-17 11:23:43 - [TEST_STEP][PASSED] - else if (Evento == "Crear40"): null

2020-02-17 11:23:43 - [TEST_STEP][PASSED] - data = obtener_excels.obtener_pedidos40pies.getValuesExcelCreate40(Index): obtener_excels.obtener_pedidos40pies.getValuesExcelCreate40 is PASSED

2020-02-17 11:23:43 - [MESSAGE][PASSED] - obtener_excels.obtener_pedidos40pies.getValuesExcelCreate40 is PASSED

2020-02-17 11:23:43 - [TEST_STEP][PASSED] - Nombre = data[3]: null

2020-02-17 11:23:43 - [TEST_STEP][PASSED] - Direccion = data[4]: null

2020-02-17 11:23:43 - [TEST_STEP][PASSED] - Contenedor = data[5]: null

2020-02-17 11:23:43 - [TEST_STEP][PASSED] - delay(2): Delayed 2 second(s)

2020-02-17 11:23:45 - [MESSAGE][PASSED] - Delayed 2 second(s)

2020-02-17 11:23:45 - [TEST_STEP][PASSED] - element = executeJavaScript("return document.getElementById('ID_CLIENTE_LIST').value;", null): Execute JavaScript 'return document.getElementById('ID_CLIENTE_LIST').value;' successfully

2020-02-17 11:23:45 - [MESSAGE][PASSED] - Execute JavaScript 'return document.getElementById('ID_CLIENTE_LIST').value;' successfully

2020-02-17 11:23:45 - [TEST_STEP][PASSED] - if (element == Nombre): null

2020-02-17 11:23:45 - [TEST_STEP][PASSED] - else: Object: 'Object Repository/Page_- KAIZEN/sc_btn_next' is clicked on

2020-02-17 11:23:45 - [TEST_STEP][PASSED] - print(Nombre + "
"): null

2020-02-17 11:23:45 - [TEST_STEP][PASSED] - click(findTestObject("Page_- KAIZEN/sc_select_cliente1")): Object: 'Object Repository/Page_- KAIZEN/sc_select_cliente1' is clicked on

2020-02-17 11:23:45 - [MESSAGE][PASSED] - Object: 'Object Repository/Page_- KAIZEN/sc_select_cliente1' is clicked on

2020-02-17 11:23:45 - [TEST_STEP][PASSED] - click(findTestObject("Page_- KAIZEN/sc_select_cliente2")): Object: 'Object Repository/Page_- KAIZEN/sc_select_cliente2' is clicked on

2020-02-17 11:23:46 - [MESSAGE][PASSED] - Object: 'Object Repository/Page_- KAIZEN/sc_select_cliente2' is clicked on

2020-02-17 11:23:46 - [TEST_STEP][PASSED] - waitForElementPresent(findTestObject("Page_- KAIZEN/sc_select_cliente3"), 5): Object 'Object Repository/Page_- KAIZEN/sc_select_cliente3' is present

2020-02-17 11:23:47 - [MESSAGE][PASSED] - Object 'Object Repository/Page_- KAIZEN/sc_select_cliente3' is present

2020-02-17 11:23:47 - [TEST_STEP][PASSED] - selectOptionByValue(findTestObject("Page_- KAIZEN/sc_select_cliente3"), Nombre.toString(), true): All options with value '2' are selected in object 'Object Repository/Page_- KAIZEN/sc_select_cliente3'  using regular expression

2020-02-17 11:23:49 - [MESSAGE][PASSED] - All options with value '2' are selected in object 'Object Repository/Page_- KAIZEN/sc_select_cliente3'  using regular expression

2020-02-17 11:23:49 - [TEST_STEP][PASSED] - waitForElementPresent(findTestObject("Page_- KAIZEN/sc_span_select_address"), 5): Object 'Object Repository/Page_- KAIZEN/sc_span_select_address' is present

2020-02-17 11:23:50 - [MESSAGE][PASSED] - Object 'Object Repository/Page_- KAIZEN/sc_span_select_address' is present

2020-02-17 11:23:50 - [TEST_STEP][PASSED] - click(findTestObject("Page_- KAIZEN/sc_span_select_address")): Object: 'Object Repository/Page_- KAIZEN/sc_span_select_address' is clicked on

2020-02-17 11:23:50 - [MESSAGE][PASSED] - Object: 'Object Repository/Page_- KAIZEN/sc_span_select_address' is clicked on

2020-02-17 11:23:50 - [TEST_STEP][PASSED] - selectOptionByValue(findTestObject("Page_- KAIZEN/sc_assing_select_address"), Direccion, true): All options with value '8' are selected in object 'Object Repository/Page_- KAIZEN/sc_assing_select_address'  using regular expression

2020-02-17 11:23:52 - [MESSAGE][PASSED] - All options with value '8' are selected in object 'Object Repository/Page_- KAIZEN/sc_assing_select_address'  using regular expression

2020-02-17 11:23:52 - [TEST_STEP][PASSED] - delay(5): Delayed 5 second(s)

2020-02-17 11:23:57 - [MESSAGE][PASSED] - Delayed 5 second(s)

2020-02-17 11:23:57 - [TEST_STEP][PASSED] - if (Contenedor == "20"): null

2020-02-17 11:23:57 - [TEST_STEP][PASSED] - else: Execute JavaScript 'document.querySelector(".btn-primary[onclick='opcCont(40)']").click()' successfully

2020-02-17 11:23:57 - [TEST_STEP][PASSED] - executeJavaScript("document.querySelector(".btn-primary[onclick='opcCont(40)']").click()", null): Execute JavaScript 'document.querySelector(".btn-primary[onclick='opcCont(40)']").click()' successfully

2020-02-17 11:23:57 - [MESSAGE][PASSED] - Execute JavaScript 'document.querySelector(".btn-primary[onclick='opcCont(40)']").click()' successfully

2020-02-17 11:23:57 - [TEST_STEP][PASSED] - delay(2): Delayed 2 second(s)

2020-02-17 11:23:59 - [MESSAGE][PASSED] - Delayed 2 second(s)

2020-02-17 11:23:59 - [TEST_STEP][PASSED] - waitForElementVisible(findTestObject("Page_- KAIZEN/sc_btn_next"), 3): Object 'Object Repository/Page_- KAIZEN/sc_btn_next' is visible

2020-02-17 11:23:59 - [MESSAGE][PASSED] - Object 'Object Repository/Page_- KAIZEN/sc_btn_next' is visible

2020-02-17 11:23:59 - [TEST_STEP][PASSED] - click(findTestObject("Page_- KAIZEN/sc_btn_next")): Object: 'Object Repository/Page_- KAIZEN/sc_btn_next' is clicked on

2020-02-17 11:24:00 - [MESSAGE][PASSED] - Object: 'Object Repository/Page_- KAIZEN/sc_btn_next' is clicked on

2020-02-17 11:24:00 - [MESSAGE][PASSED] - Call Test Case 'Test Cases/Individual_Tests_20pies/Seleccionar_Cliente' successfully

2020-02-17 11:24:00 - [TEST_STEP][PASSED] - callTestCase(findTestCase("Individual_Tests_20pies/Seleccionar_Incoterm"), ["Evento":"Crear40", "Index":Index, "Incoterm":Incoterm], STOP_ON_FAILURE): Call Test Case 'Test Cases/Individual_Tests_20pies/Seleccionar_Incoterm' successfully

2020-02-17 11:24:00 - [TEST_CASE][PASSED] - Test Cases/Individual_Tests_20pies/Seleccionar_Incoterm: Test Cases/Individual_Tests_20pies/Seleccionar_Incoterm

2020-02-17 11:24:00 - [TEST_STEP][PASSED] - Incoterm = <not implemented yet for class: org.codehaus.groovy.ast.expr.EmptyExpression>: null

2020-02-17 11:24:00 - [TEST_STEP][PASSED] - if (Evento == "Crear20"): null

2020-02-17 11:24:00 - [TEST_STEP][PASSED] - else if (Evento == "Crear40"): null

2020-02-17 11:24:00 - [TEST_STEP][PASSED] - data = obtener_excels.obtener_pedidos40pies.getValuesExcelCreate40(Index): obtener_excels.obtener_pedidos40pies.getValuesExcelCreate40 is PASSED

2020-02-17 11:24:00 - [MESSAGE][PASSED] - obtener_excels.obtener_pedidos40pies.getValuesExcelCreate40 is PASSED

2020-02-17 11:24:00 - [TEST_STEP][PASSED] - Incoterm = data[6]: null

2020-02-17 11:24:00 - [TEST_STEP][PASSED] - selectOptionByValue(findTestObject("Page_- KAIZEN/sin_select_incoterm"), Incoterm, true): All options with value 'EXW' are selected in object 'Object Repository/Page_- KAIZEN/sin_select_incoterm'  using regular expression

2020-02-17 11:24:01 - [MESSAGE][PASSED] - All options with value 'EXW' are selected in object 'Object Repository/Page_- KAIZEN/sin_select_incoterm'  using regular expression

2020-02-17 11:24:01 - [TEST_STEP][PASSED] - click(findTestObject("Page_- KAIZEN/sc_btn_next")): Object: 'Object Repository/Page_- KAIZEN/sc_btn_next' is clicked on

2020-02-17 11:24:01 - [MESSAGE][PASSED] - Object: 'Object Repository/Page_- KAIZEN/sc_btn_next' is clicked on

2020-02-17 11:24:01 - [MESSAGE][PASSED] - Call Test Case 'Test Cases/Individual_Tests_20pies/Seleccionar_Incoterm' successfully

2020-02-17 11:24:01 - [TEST_STEP][PASSED] - callTestCase(findTestCase("Individual_Tests_20pies/Seleccionar_Opcion_Compra"), ["Evento":"Crear40", "Index":Index, "OpCompra1":OpCompra1], STOP_ON_FAILURE): Call Test Case 'Test Cases/Individual_Tests_20pies/Seleccionar_Opcion_Compra' successfully

2020-02-17 11:24:01 - [TEST_CASE][PASSED] - Test Cases/Individual_Tests_20pies/Seleccionar_Opcion_Compra: Test Cases/Individual_Tests_20pies/Seleccionar_Opcion_Compra

2020-02-17 11:24:01 - [TEST_STEP][PASSED] - OpCompra1 = 0: null

2020-02-17 11:24:01 - [TEST_STEP][PASSED] - if (Evento == "Crear20"): null

2020-02-17 11:24:01 - [TEST_STEP][PASSED] - else if (Evento == "Crear40"): null

2020-02-17 11:24:01 - [TEST_STEP][PASSED] - OpCompra1 = OpcionCompra40pies: null

2020-02-17 11:24:01 - [TEST_STEP][PASSED] - delay(7): Delayed 7 second(s)

2020-02-17 11:24:08 - [MESSAGE][PASSED] - Delayed 7 second(s)

2020-02-17 11:24:08 - [TEST_STEP][PASSED] - waitForElementClickable(findTestObject("Page_- KAIZEN/so_SelectorOP"), 7): Object 'Object Repository/Page_- KAIZEN/so_SelectorOP' is clickable

2020-02-17 11:24:09 - [MESSAGE][PASSED] - Object 'Object Repository/Page_- KAIZEN/so_SelectorOP' is clickable

2020-02-17 11:24:09 - [TEST_STEP][PASSED] - delay(3): Delayed 3 second(s)

2020-02-17 11:24:12 - [MESSAGE][PASSED] - Delayed 3 second(s)

2020-02-17 11:24:12 - [TEST_STEP][PASSED] - click(findTestObject("Page_- KAIZEN/so_select_SeleccioneOPCION")): Object: 'Object Repository/Page_- KAIZEN/so_select_SeleccioneOPCION' is clicked on

2020-02-17 11:24:12 - [MESSAGE][PASSED] - Object: 'Object Repository/Page_- KAIZEN/so_select_SeleccioneOPCION' is clicked on

2020-02-17 11:24:12 - [TEST_STEP][PASSED] - selectOptionByValue(findTestObject("Page_- KAIZEN/so_select_SeleccioneOPCION"), OpCompra1, true): All options with value '23' are selected in object 'Object Repository/Page_- KAIZEN/so_select_SeleccioneOPCION'  using regular expression

2020-02-17 11:24:15 - [MESSAGE][PASSED] - All options with value '23' are selected in object 'Object Repository/Page_- KAIZEN/so_select_SeleccioneOPCION'  using regular expression

2020-02-17 11:24:15 - [TEST_STEP][PASSED] - waitForElementPresent(findTestObject("Page_- KAIZEN/sc_btn_next"), 7): Object 'Object Repository/Page_- KAIZEN/sc_btn_next' is present

2020-02-17 11:24:15 - [MESSAGE][PASSED] - Object 'Object Repository/Page_- KAIZEN/sc_btn_next' is present

2020-02-17 11:24:15 - [TEST_STEP][PASSED] - click(findTestObject("Page_- KAIZEN/sc_btn_next")): Object: 'Object Repository/Page_- KAIZEN/sc_btn_next' is clicked on

2020-02-17 11:24:16 - [MESSAGE][PASSED] - Object: 'Object Repository/Page_- KAIZEN/sc_btn_next' is clicked on

2020-02-17 11:24:16 - [MESSAGE][PASSED] - Call Test Case 'Test Cases/Individual_Tests_20pies/Seleccionar_Opcion_Compra' successfully

2020-02-17 11:24:16 - [TEST_STEP][PASSED] - callTestCase(findTestCase("Individual_Tests_20pies/Seleccionar_Productos40pies"), ["Index":Index, "Producto":Producto, "Producto2":Producto2, "Iterar":Iterar], STOP_ON_FAILURE): Call Test Case 'Test Cases/Individual_Tests_20pies/Seleccionar_Productos40pies' successfully

2020-02-17 11:24:16 - [TEST_CASE][PASSED] - Test Cases/Individual_Tests_20pies/Seleccionar_Productos40pies: Test Cases/Individual_Tests_20pies/Seleccionar_Productos40pies

2020-02-17 11:24:16 - [TEST_STEP][PASSED] - data = obtener_excels.obtener_pedidos40pies.getValuesExcelCreate40(Index): obtener_excels.obtener_pedidos40pies.getValuesExcelCreate40 is PASSED

2020-02-17 11:24:16 - [MESSAGE][PASSED] - obtener_excels.obtener_pedidos40pies.getValuesExcelCreate40 is PASSED

2020-02-17 11:24:16 - [TEST_STEP][PASSED] - ProductoSoportaPeso = data[9]: null

2020-02-17 11:24:16 - [TEST_STEP][PASSED] - ProductoNoSoportaPeso = data[11]: null

2020-02-17 11:24:16 - [TEST_STEP][PASSED] - Cantidad = <not implemented yet for class: org.codehaus.groovy.ast.expr.EmptyExpression>: null

2020-02-17 11:24:16 - [TEST_STEP][PASSED] - Iterar = data[13]: null

2020-02-17 11:24:16 - [TEST_STEP][PASSED] - CapacidadDisponible = data[8].toInteger(): null

2020-02-17 11:24:16 - [TEST_STEP][PASSED] - PesoProducto = data[10].toInteger(): null

2020-02-17 11:24:16 - [TEST_STEP][PASSED] - PesoProducto2 = data[12].toInteger(): null

2020-02-17 11:24:16 - [TEST_STEP][PASSED] - CantidadSoportadaAbajo = <not implemented yet for class: org.codehaus.groovy.ast.expr.EmptyExpression>: null

2020-02-17 11:24:16 - [TEST_STEP][PASSED] - CantidadAñadida = <not implemented yet for class: org.codehaus.groovy.ast.expr.EmptyExpression>: null

2020-02-17 11:24:16 - [TEST_STEP][PASSED] - CantidadRestante = <not implemented yet for class: org.codehaus.groovy.ast.expr.EmptyExpression>: null

2020-02-17 11:24:16 - [TEST_STEP][PASSED] - Elementos = <not implemented yet for class: org.codehaus.groovy.ast.expr.EmptyExpression>: null

2020-02-17 11:24:16 - [TEST_STEP][PASSED] - cantProductos = Iterar.toInteger(): null

2020-02-17 11:24:16 - [TEST_STEP][PASSED] - print(Iterar): null

2020-02-17 11:24:16 - [TEST_STEP][PASSED] - IDPedidoCreado = executeJavaScript("return document.getElementById('IdPedido').value;", null): Execute JavaScript 'return document.getElementById('IdPedido').value;' successfully

2020-02-17 11:24:16 - [MESSAGE][PASSED] - Execute JavaScript 'return document.getElementById('IdPedido').value;' successfully

2020-02-17 11:24:16 - [TEST_STEP][PASSED] - IDPedidoCreado1 = IDPedidoCreado.toInteger(): null

2020-02-17 11:24:16 - [TEST_STEP][PASSED] - exportar_archivos.Ex_guardar_pedidos_creados.demoKey(IDPedidoCreado1, cantProductos): exportar_archivos.Ex_guardar_pedidos_creados.demoKey is PASSED

2020-02-17 11:24:16 - [MESSAGE][PASSED] - exportar_archivos.Ex_guardar_pedidos_creados.demoKey is PASSED

2020-02-17 11:24:16 - [TEST_STEP][PASSED] - boton = executeJavaScript("return document.getElementById("btn_next").style.display;", null): Execute JavaScript 'return document.getElementById("btn_next").style.display;' successfully

2020-02-17 11:24:16 - [MESSAGE][PASSED] - Execute JavaScript 'return document.getElementById("btn_next").style.display;' successfully

2020-02-17 11:24:16 - [TEST_STEP][PASSED] - if (boton == "block"): null

2020-02-17 11:24:16 - [TEST_STEP][PASSED] - else: Browser is closed

2020-02-17 11:24:16 - [TEST_STEP][PASSED] - if (Iterar == "1" && PesoProducto <= CapacidadDisponible): Browser is closed

2020-02-17 11:24:16 - [TEST_STEP][PASSED] - CantidadSoportadaAbajo = 20: null

2020-02-17 11:24:16 - [TEST_STEP][PASSED] - Cantidad = CantidadSoportadaAbajo.toString(): null

2020-02-17 11:24:16 - [TEST_STEP][PASSED] - Producto = ProductoSoportaPeso: null

2020-02-17 11:24:16 - [TEST_STEP][PASSED] - click(findTestObject("Page_- KAIZEN/sp_Element_producto")): Object: 'Object Repository/Page_- KAIZEN/sp_Element_producto' is clicked on

2020-02-17 11:24:17 - [MESSAGE][PASSED] - Object: 'Object Repository/Page_- KAIZEN/sp_Element_producto' is clicked on

2020-02-17 11:24:17 - [TEST_STEP][PASSED] - click(findTestObject("Page_- KAIZEN/sp_click_select_product")): Object: 'Object Repository/Page_- KAIZEN/sp_click_select_product' is clicked on

2020-02-17 11:24:18 - [MESSAGE][PASSED] - Object: 'Object Repository/Page_- KAIZEN/sp_click_select_product' is clicked on

2020-02-17 11:24:18 - [TEST_STEP][PASSED] - selectOptionByValue(findTestObject("Page_- KAIZEN/sp_assing_select_product"), Producto, true): All options with value '572' are selected in object 'Object Repository/Page_- KAIZEN/sp_assing_select_product'  using regular expression

2020-02-17 11:24:19 - [MESSAGE][PASSED] - All options with value '572' are selected in object 'Object Repository/Page_- KAIZEN/sp_assing_select_product'  using regular expression

2020-02-17 11:24:19 - [TEST_STEP][PASSED] - setText(findTestObject("Page_- KAIZEN/sp_input_product_quantity"), Cantidad): Text '20' is set on object 'Object Repository/Page_- KAIZEN/sp_input_product_quantity'

2020-02-17 11:24:20 - [MESSAGE][PASSED] - Text '20' is set on object 'Object Repository/Page_- KAIZEN/sp_input_product_quantity'

2020-02-17 11:24:20 - [TEST_STEP][PASSED] - click(findTestObject("Page_- KAIZEN/sp_btn_add_product")): Object: 'Object Repository/Page_- KAIZEN/sp_btn_add_product' is clicked on

2020-02-17 11:24:25 - [MESSAGE][PASSED] - Object: 'Object Repository/Page_- KAIZEN/sp_btn_add_product' is clicked on

2020-02-17 11:24:25 - [TEST_STEP][PASSED] - CantidadAñadida = 20 * PesoProducto: null

2020-02-17 11:24:25 - [TEST_STEP][PASSED] - CantidadRestante = CapacidadDisponible - CantidadAñadida: null

2020-02-17 11:24:25 - [TEST_STEP][PASSED] - Elementos = CantidadRestante / PesoProducto: null

2020-02-17 11:24:25 - [TEST_STEP][PASSED] - Cantidad2 = Elementos.toString(): null

2020-02-17 11:24:25 - [TEST_STEP][PASSED] - click(findTestObject("Page_- KAIZEN/sp_Element_producto")): Object: 'Object Repository/Page_- KAIZEN/sp_Element_producto' is clicked on

2020-02-17 11:24:26 - [MESSAGE][PASSED] - Object: 'Object Repository/Page_- KAIZEN/sp_Element_producto' is clicked on

2020-02-17 11:24:26 - [TEST_STEP][PASSED] - click(findTestObject("Page_- KAIZEN/sp_click_select_product")): Object: 'Object Repository/Page_- KAIZEN/sp_click_select_product' is clicked on

2020-02-17 11:24:26 - [MESSAGE][PASSED] - Object: 'Object Repository/Page_- KAIZEN/sp_click_select_product' is clicked on

2020-02-17 11:24:26 - [TEST_STEP][PASSED] - selectOptionByValue(findTestObject("Page_- KAIZEN/sp_assing_select_product"), Producto, true): All options with value '572' are selected in object 'Object Repository/Page_- KAIZEN/sp_assing_select_product'  using regular expression

2020-02-17 11:24:27 - [MESSAGE][PASSED] - All options with value '572' are selected in object 'Object Repository/Page_- KAIZEN/sp_assing_select_product'  using regular expression

2020-02-17 11:24:27 - [TEST_STEP][PASSED] - setText(findTestObject("Page_- KAIZEN/sp_input_product_quantity"), Cantidad2): Text '4' is set on object 'Object Repository/Page_- KAIZEN/sp_input_product_quantity'

2020-02-17 11:24:28 - [MESSAGE][PASSED] - Text '4' is set on object 'Object Repository/Page_- KAIZEN/sp_input_product_quantity'

2020-02-17 11:24:28 - [TEST_STEP][PASSED] - click(findTestObject("Page_- KAIZEN/sp_btn_add_product")): Object: 'Object Repository/Page_- KAIZEN/sp_btn_add_product' is clicked on

2020-02-17 11:24:29 - [MESSAGE][PASSED] - Object: 'Object Repository/Page_- KAIZEN/sp_btn_add_product' is clicked on

2020-02-17 11:24:29 - [TEST_STEP][PASSED] - delay(10): Delayed 10 second(s)

2020-02-17 11:24:39 - [MESSAGE][PASSED] - Delayed 10 second(s)

2020-02-17 11:24:39 - [TEST_STEP][PASSED] - boton2 = executeJavaScript("return document.getElementById("btn_next").style.display;", null): Execute JavaScript 'return document.getElementById("btn_next").style.display;' successfully

2020-02-17 11:24:39 - [MESSAGE][PASSED] - Execute JavaScript 'return document.getElementById("btn_next").style.display;' successfully

2020-02-17 11:24:39 - [TEST_STEP][PASSED] - if (boton2 == "none"): null

2020-02-17 11:24:39 - [TEST_STEP][PASSED] - else: Browser is closed

2020-02-17 11:24:39 - [TEST_STEP][PASSED] - click(findTestObject("Page_- KAIZEN/sp_Siguiente")): Object: 'Object Repository/Page_- KAIZEN/sp_Siguiente' is clicked on

2020-02-17 11:24:44 - [MESSAGE][PASSED] - Object: 'Object Repository/Page_- KAIZEN/sp_Siguiente' is clicked on

2020-02-17 11:24:44 - [TEST_STEP][PASSED] - click(findTestObject("Page_- KAIZEN/sp_btn_finish")): Object: 'Object Repository/Page_- KAIZEN/sp_btn_finish' is clicked on

2020-02-17 11:24:48 - [MESSAGE][PASSED] - Object: 'Object Repository/Page_- KAIZEN/sp_btn_finish' is clicked on

2020-02-17 11:24:48 - [TEST_STEP][PASSED] - delay(3): Delayed 3 second(s)

2020-02-17 11:24:51 - [MESSAGE][PASSED] - Delayed 3 second(s)

2020-02-17 11:24:51 - [TEST_STEP][PASSED] - closeBrowser(): Browser is closed

2020-02-17 11:24:52 - [MESSAGE][PASSED] - Browser is closed

2020-02-17 11:24:52 - [MESSAGE][PASSED] - Call Test Case 'Test Cases/Individual_Tests_20pies/Seleccionar_Productos40pies' successfully

2020-02-17 11:24:52 - [TEST_STEP][PASSED] - callTestCase(findTestCase("Individual_Tests_20pies/Login"), ["Evento":"Crear40", "Index":Index, "Usuario":Usuario, "Contrasena":Contrasena], STOP_ON_FAILURE): Call Test Case 'Test Cases/Individual_Tests_20pies/Login' successfully

2020-02-17 11:24:52 - [TEST_CASE][PASSED] - Test Cases/Individual_Tests_20pies/Login: Test Cases/Individual_Tests_20pies/Login

2020-02-17 11:24:52 - [TEST_STEP][PASSED] - print("Evento Seleccionado: " + Evento + "
"): null

2020-02-17 11:24:52 - [TEST_STEP][PASSED] - openBrowser(Web): Browser is opened with url: 'http://test.kaizendev.net/Login/Accesar?salir=true'

2020-02-17 11:24:52 - [MESSAGE][INFO] - Starting 'Chrome' driver

2020-02-17 11:25:21 - [MESSAGE][PASSED] - Browser is opened with url: 'http://test.kaizendev.net/Login/Accesar?salir=true'

2020-02-17 11:25:21 - [TEST_STEP][PASSED] - maximizeWindow(): Current window maximized

2020-02-17 11:25:22 - [MESSAGE][PASSED] - Current window maximized

2020-02-17 11:25:22 - [TEST_STEP][PASSED] - if (Evento == "Crear20"): null

2020-02-17 11:25:22 - [TEST_STEP][PASSED] - else if (Evento == "Crear40"): Object: 'Object Repository/Page_Iniciar Sesion - KAIZEN/is_btn_ingresar_sistema' is clicked on

2020-02-17 11:25:22 - [TEST_STEP][PASSED] - data7 = obtener_excels.obtener_pedidos40pies.getValuesExcelCreate40(Index): obtener_excels.obtener_pedidos40pies.getValuesExcelCreate40 is PASSED

2020-02-17 11:25:22 - [MESSAGE][PASSED] - obtener_excels.obtener_pedidos40pies.getValuesExcelCreate40 is PASSED

2020-02-17 11:25:22 - [TEST_STEP][PASSED] - Usuario = data7[1]: null

2020-02-17 11:25:22 - [TEST_STEP][PASSED] - Contrasena = data7[2]: null

2020-02-17 11:25:22 - [TEST_STEP][PASSED] - setText(findTestObject("Page_Iniciar Sesion - KAIZEN/is_input_email"), Usuario): Text 'automated.test@grupokaizen.net' is set on object 'Object Repository/Page_Iniciar Sesion - KAIZEN/is_input_email'

2020-02-17 11:25:22 - [MESSAGE][PASSED] - Text 'automated.test@grupokaizen.net' is set on object 'Object Repository/Page_Iniciar Sesion - KAIZEN/is_input_email'

2020-02-17 11:25:22 - [TEST_STEP][PASSED] - setEncryptedText(findTestObject("Page_Iniciar Sesion - KAIZEN/IS_input_contrasena"), Contrasena): Text ****** has been set on object 'Object Repository/Page_Iniciar Sesion - KAIZEN/IS_input_contrasena'

2020-02-17 11:25:23 - [MESSAGE][PASSED] - Text ****** has been set on object 'Object Repository/Page_Iniciar Sesion - KAIZEN/IS_input_contrasena'

2020-02-17 11:25:23 - [TEST_STEP][PASSED] - click(findTestObject("Page_Iniciar Sesion - KAIZEN/is_btn_ingresar_sistema")): Object: 'Object Repository/Page_Iniciar Sesion - KAIZEN/is_btn_ingresar_sistema' is clicked on

2020-02-17 11:25:27 - [MESSAGE][PASSED] - Object: 'Object Repository/Page_Iniciar Sesion - KAIZEN/is_btn_ingresar_sistema' is clicked on

2020-02-17 11:25:27 - [MESSAGE][PASSED] - Call Test Case 'Test Cases/Individual_Tests_20pies/Login' successfully

2020-02-17 11:25:27 - [TEST_STEP][PASSED] - callTestCase(findTestCase("Individual_Tests_20pies/Seleccionar_Idioma"), ["Evento":"Crear40", "Index":Index], STOP_ON_FAILURE): Call Test Case 'Test Cases/Individual_Tests_20pies/Seleccionar_Idioma' successfully

2020-02-17 11:25:27 - [TEST_CASE][PASSED] - Test Cases/Individual_Tests_20pies/Seleccionar_Idioma: Test Cases/Individual_Tests_20pies/Seleccionar_Idioma

2020-02-17 11:25:27 - [TEST_STEP][PASSED] - Idioma = 0: null

2020-02-17 11:25:27 - [TEST_STEP][PASSED] - if (Evento == "Crear20"): null

2020-02-17 11:25:27 - [TEST_STEP][PASSED] - else if (Evento == "Crear40"): null

2020-02-17 11:25:27 - [TEST_STEP][PASSED] - data7 = obtener_excels.obtener_pedidos40pies.getValuesExcelCreate40(Index): obtener_excels.obtener_pedidos40pies.getValuesExcelCreate40 is PASSED

2020-02-17 11:25:27 - [MESSAGE][PASSED] - obtener_excels.obtener_pedidos40pies.getValuesExcelCreate40 is PASSED

2020-02-17 11:25:27 - [TEST_STEP][PASSED] - Idioma = data7[0]: null

2020-02-17 11:25:27 - [TEST_STEP][PASSED] - click(findTestObject("Page_- KAIZEN/si_btn_idioma")): Object: 'Object Repository/Page_- KAIZEN/si_btn_idioma' is clicked on

2020-02-17 11:25:28 - [MESSAGE][PASSED] - Object: 'Object Repository/Page_- KAIZEN/si_btn_idioma' is clicked on

2020-02-17 11:25:28 - [TEST_STEP][PASSED] - if (Idioma == "0"): null

2020-02-17 11:25:28 - [TEST_STEP][PASSED] - else: Object: 'Object Repository/Page_- KAIZEN/si_Spanish' is clicked on

2020-02-17 11:25:28 - [TEST_STEP][PASSED] - click(findTestObject("Page_- KAIZEN/si_Spanish")): Object: 'Object Repository/Page_- KAIZEN/si_Spanish' is clicked on

2020-02-17 11:25:32 - [MESSAGE][PASSED] - Object: 'Object Repository/Page_- KAIZEN/si_Spanish' is clicked on

2020-02-17 11:25:32 - [MESSAGE][PASSED] - Call Test Case 'Test Cases/Individual_Tests_20pies/Seleccionar_Idioma' successfully

2020-02-17 11:25:32 - [TEST_STEP][PASSED] - callTestCase(findTestCase("Individual_Tests_20pies/Anadir_pedido"), [:], STOP_ON_FAILURE): Call Test Case 'Test Cases/Individual_Tests_20pies/Anadir_pedido' successfully

2020-02-17 11:25:32 - [TEST_CASE][PASSED] - Test Cases/Individual_Tests_20pies/Anadir_pedido: Test Cases/Individual_Tests_20pies/Anadir_pedido

2020-02-17 11:25:32 - [TEST_STEP][PASSED] - click(findTestObject("Page_- KAIZEN/bp_menu_pedido")): Object: 'Object Repository/Page_- KAIZEN/bp_menu_pedido' is clicked on

2020-02-17 11:25:34 - [MESSAGE][PASSED] - Object: 'Object Repository/Page_- KAIZEN/bp_menu_pedido' is clicked on

2020-02-17 11:25:34 - [TEST_STEP][PASSED] - click(findTestObject("Page_- KAIZEN/bp_click_menu_pedido")): Object: 'Object Repository/Page_- KAIZEN/bp_click_menu_pedido' is clicked on

2020-02-17 11:25:38 - [MESSAGE][PASSED] - Object: 'Object Repository/Page_- KAIZEN/bp_click_menu_pedido' is clicked on

2020-02-17 11:25:38 - [TEST_STEP][PASSED] - click(findTestObject("Page_Pedidos de Lubricantes - KAIZEN/ap_btn_agregar")): Object: 'Object Repository/Page_Pedidos de Lubricantes - KAIZEN/ap_btn_agregar' is clicked on

2020-02-17 11:26:11 - [MESSAGE][PASSED] - Object: 'Object Repository/Page_Pedidos de Lubricantes - KAIZEN/ap_btn_agregar' is clicked on

2020-02-17 11:26:11 - [MESSAGE][PASSED] - Call Test Case 'Test Cases/Individual_Tests_20pies/Anadir_pedido' successfully

2020-02-17 11:26:11 - [TEST_STEP][PASSED] - callTestCase(findTestCase("Individual_Tests_20pies/Seleccionar_Cliente"), ["Evento":"Crear40", "Index":Index, "Nombre":Nombre, "Direccion":Direccion, "Contenedor":Contenedor], STOP_ON_FAILURE): Call Test Case 'Test Cases/Individual_Tests_20pies/Seleccionar_Cliente' successfully

2020-02-17 11:26:11 - [TEST_CASE][PASSED] - Test Cases/Individual_Tests_20pies/Seleccionar_Cliente: Test Cases/Individual_Tests_20pies/Seleccionar_Cliente

2020-02-17 11:26:11 - [TEST_STEP][PASSED] - Nombre = <not implemented yet for class: org.codehaus.groovy.ast.expr.EmptyExpression>: null

2020-02-17 11:26:11 - [TEST_STEP][PASSED] - Direccion = <not implemented yet for class: org.codehaus.groovy.ast.expr.EmptyExpression>: null

2020-02-17 11:26:11 - [TEST_STEP][PASSED] - Contenedor = <not implemented yet for class: org.codehaus.groovy.ast.expr.EmptyExpression>: null

2020-02-17 11:26:11 - [TEST_STEP][PASSED] - if (Evento == "Crear20"): null

2020-02-17 11:26:11 - [TEST_STEP][PASSED] - else if (Evento == "Crear40"): null

2020-02-17 11:26:11 - [TEST_STEP][PASSED] - data = obtener_excels.obtener_pedidos40pies.getValuesExcelCreate40(Index): obtener_excels.obtener_pedidos40pies.getValuesExcelCreate40 is PASSED

2020-02-17 11:26:11 - [MESSAGE][PASSED] - obtener_excels.obtener_pedidos40pies.getValuesExcelCreate40 is PASSED

2020-02-17 11:26:11 - [TEST_STEP][PASSED] - Nombre = data[3]: null

2020-02-17 11:26:11 - [TEST_STEP][PASSED] - Direccion = data[4]: null

2020-02-17 11:26:11 - [TEST_STEP][PASSED] - Contenedor = data[5]: null

2020-02-17 11:26:11 - [TEST_STEP][PASSED] - delay(2): Delayed 2 second(s)

2020-02-17 11:26:13 - [MESSAGE][PASSED] - Delayed 2 second(s)

2020-02-17 11:26:13 - [TEST_STEP][PASSED] - element = executeJavaScript("return document.getElementById('ID_CLIENTE_LIST').value;", null): Execute JavaScript 'return document.getElementById('ID_CLIENTE_LIST').value;' successfully

2020-02-17 11:26:13 - [MESSAGE][PASSED] - Execute JavaScript 'return document.getElementById('ID_CLIENTE_LIST').value;' successfully

2020-02-17 11:26:13 - [TEST_STEP][PASSED] - if (element == Nombre): null

2020-02-17 11:26:13 - [TEST_STEP][PASSED] - else: Object: 'Object Repository/Page_- KAIZEN/sc_btn_next' is clicked on

2020-02-17 11:26:13 - [TEST_STEP][PASSED] - print(Nombre + "
"): null

2020-02-17 11:26:13 - [TEST_STEP][PASSED] - click(findTestObject("Page_- KAIZEN/sc_select_cliente1")): Object: 'Object Repository/Page_- KAIZEN/sc_select_cliente1' is clicked on

2020-02-17 11:26:14 - [MESSAGE][PASSED] - Object: 'Object Repository/Page_- KAIZEN/sc_select_cliente1' is clicked on

2020-02-17 11:26:14 - [TEST_STEP][PASSED] - click(findTestObject("Page_- KAIZEN/sc_select_cliente2")): Object: 'Object Repository/Page_- KAIZEN/sc_select_cliente2' is clicked on

2020-02-17 11:26:16 - [MESSAGE][PASSED] - Object: 'Object Repository/Page_- KAIZEN/sc_select_cliente2' is clicked on

2020-02-17 11:26:16 - [TEST_STEP][PASSED] - waitForElementPresent(findTestObject("Page_- KAIZEN/sc_select_cliente3"), 5): Object 'Object Repository/Page_- KAIZEN/sc_select_cliente3' is present

2020-02-17 11:26:17 - [MESSAGE][PASSED] - Object 'Object Repository/Page_- KAIZEN/sc_select_cliente3' is present

2020-02-17 11:26:17 - [TEST_STEP][PASSED] - selectOptionByValue(findTestObject("Page_- KAIZEN/sc_select_cliente3"), Nombre.toString(), true): All options with value '7' are selected in object 'Object Repository/Page_- KAIZEN/sc_select_cliente3'  using regular expression

2020-02-17 11:26:20 - [MESSAGE][PASSED] - All options with value '7' are selected in object 'Object Repository/Page_- KAIZEN/sc_select_cliente3'  using regular expression

2020-02-17 11:26:20 - [TEST_STEP][PASSED] - waitForElementPresent(findTestObject("Page_- KAIZEN/sc_span_select_address"), 5): Object 'Object Repository/Page_- KAIZEN/sc_span_select_address' is present

2020-02-17 11:26:22 - [MESSAGE][PASSED] - Object 'Object Repository/Page_- KAIZEN/sc_span_select_address' is present

2020-02-17 11:26:22 - [TEST_STEP][PASSED] - click(findTestObject("Page_- KAIZEN/sc_span_select_address")): Object: 'Object Repository/Page_- KAIZEN/sc_span_select_address' is clicked on

2020-02-17 11:26:22 - [MESSAGE][PASSED] - Object: 'Object Repository/Page_- KAIZEN/sc_span_select_address' is clicked on

2020-02-17 11:26:22 - [TEST_STEP][PASSED] - selectOptionByValue(findTestObject("Page_- KAIZEN/sc_assing_select_address"), Direccion, true): All options with value '3' are selected in object 'Object Repository/Page_- KAIZEN/sc_assing_select_address'  using regular expression

2020-02-17 11:26:23 - [MESSAGE][PASSED] - All options with value '3' are selected in object 'Object Repository/Page_- KAIZEN/sc_assing_select_address'  using regular expression

2020-02-17 11:26:23 - [TEST_STEP][PASSED] - delay(5): Delayed 5 second(s)

2020-02-17 11:26:28 - [MESSAGE][PASSED] - Delayed 5 second(s)

2020-02-17 11:26:28 - [TEST_STEP][PASSED] - if (Contenedor == "20"): null

2020-02-17 11:26:28 - [TEST_STEP][PASSED] - else: Execute JavaScript 'document.querySelector(".btn-primary[onclick='opcCont(40)']").click()' successfully

2020-02-17 11:26:28 - [TEST_STEP][PASSED] - executeJavaScript("document.querySelector(".btn-primary[onclick='opcCont(40)']").click()", null): Execute JavaScript 'document.querySelector(".btn-primary[onclick='opcCont(40)']").click()' successfully

2020-02-17 11:26:29 - [MESSAGE][PASSED] - Execute JavaScript 'document.querySelector(".btn-primary[onclick='opcCont(40)']").click()' successfully

2020-02-17 11:26:29 - [TEST_STEP][PASSED] - delay(2): Delayed 2 second(s)

2020-02-17 11:26:31 - [MESSAGE][PASSED] - Delayed 2 second(s)

2020-02-17 11:26:31 - [TEST_STEP][PASSED] - waitForElementVisible(findTestObject("Page_- KAIZEN/sc_btn_next"), 3): Object 'Object Repository/Page_- KAIZEN/sc_btn_next' is visible

2020-02-17 11:26:32 - [MESSAGE][PASSED] - Object 'Object Repository/Page_- KAIZEN/sc_btn_next' is visible

2020-02-17 11:26:32 - [TEST_STEP][PASSED] - click(findTestObject("Page_- KAIZEN/sc_btn_next")): Object: 'Object Repository/Page_- KAIZEN/sc_btn_next' is clicked on

2020-02-17 11:26:32 - [MESSAGE][PASSED] - Object: 'Object Repository/Page_- KAIZEN/sc_btn_next' is clicked on

2020-02-17 11:26:32 - [MESSAGE][PASSED] - Call Test Case 'Test Cases/Individual_Tests_20pies/Seleccionar_Cliente' successfully

2020-02-17 11:26:32 - [TEST_STEP][PASSED] - callTestCase(findTestCase("Individual_Tests_20pies/Seleccionar_Incoterm"), ["Evento":"Crear40", "Index":Index, "Incoterm":Incoterm], STOP_ON_FAILURE): Call Test Case 'Test Cases/Individual_Tests_20pies/Seleccionar_Incoterm' successfully

2020-02-17 11:26:32 - [TEST_CASE][PASSED] - Test Cases/Individual_Tests_20pies/Seleccionar_Incoterm: Test Cases/Individual_Tests_20pies/Seleccionar_Incoterm

2020-02-17 11:26:32 - [TEST_STEP][PASSED] - Incoterm = <not implemented yet for class: org.codehaus.groovy.ast.expr.EmptyExpression>: null

2020-02-17 11:26:32 - [TEST_STEP][PASSED] - if (Evento == "Crear20"): null

2020-02-17 11:26:32 - [TEST_STEP][PASSED] - else if (Evento == "Crear40"): null

2020-02-17 11:26:32 - [TEST_STEP][PASSED] - data = obtener_excels.obtener_pedidos40pies.getValuesExcelCreate40(Index): obtener_excels.obtener_pedidos40pies.getValuesExcelCreate40 is PASSED

2020-02-17 11:26:32 - [MESSAGE][PASSED] - obtener_excels.obtener_pedidos40pies.getValuesExcelCreate40 is PASSED

2020-02-17 11:26:32 - [TEST_STEP][PASSED] - Incoterm = data[6]: null

2020-02-17 11:26:32 - [TEST_STEP][PASSED] - selectOptionByValue(findTestObject("Page_- KAIZEN/sin_select_incoterm"), Incoterm, true): All options with value 'EXW' are selected in object 'Object Repository/Page_- KAIZEN/sin_select_incoterm'  using regular expression

2020-02-17 11:26:34 - [MESSAGE][PASSED] - All options with value 'EXW' are selected in object 'Object Repository/Page_- KAIZEN/sin_select_incoterm'  using regular expression

2020-02-17 11:26:34 - [TEST_STEP][PASSED] - click(findTestObject("Page_- KAIZEN/sc_btn_next")): Object: 'Object Repository/Page_- KAIZEN/sc_btn_next' is clicked on

2020-02-17 11:26:34 - [MESSAGE][PASSED] - Object: 'Object Repository/Page_- KAIZEN/sc_btn_next' is clicked on

2020-02-17 11:26:34 - [MESSAGE][PASSED] - Call Test Case 'Test Cases/Individual_Tests_20pies/Seleccionar_Incoterm' successfully

2020-02-17 11:26:34 - [TEST_STEP][PASSED] - callTestCase(findTestCase("Individual_Tests_20pies/Seleccionar_Opcion_Compra"), ["Evento":"Crear40", "Index":Index, "OpCompra1":OpCompra1], STOP_ON_FAILURE): Call Test Case 'Test Cases/Individual_Tests_20pies/Seleccionar_Opcion_Compra' successfully

2020-02-17 11:26:34 - [TEST_CASE][PASSED] - Test Cases/Individual_Tests_20pies/Seleccionar_Opcion_Compra: Test Cases/Individual_Tests_20pies/Seleccionar_Opcion_Compra

2020-02-17 11:26:34 - [TEST_STEP][PASSED] - OpCompra1 = 0: null

2020-02-17 11:26:34 - [TEST_STEP][PASSED] - if (Evento == "Crear20"): null

2020-02-17 11:26:34 - [TEST_STEP][PASSED] - else if (Evento == "Crear40"): null

2020-02-17 11:26:34 - [TEST_STEP][PASSED] - OpCompra1 = OpcionCompra40pies: null

2020-02-17 11:26:34 - [TEST_STEP][PASSED] - delay(7): Delayed 7 second(s)

2020-02-17 11:26:41 - [MESSAGE][PASSED] - Delayed 7 second(s)

2020-02-17 11:26:41 - [TEST_STEP][PASSED] - waitForElementClickable(findTestObject("Page_- KAIZEN/so_SelectorOP"), 7): Object 'Object Repository/Page_- KAIZEN/so_SelectorOP' is clickable

2020-02-17 11:26:42 - [MESSAGE][PASSED] - Object 'Object Repository/Page_- KAIZEN/so_SelectorOP' is clickable

2020-02-17 11:26:42 - [TEST_STEP][PASSED] - delay(3): Delayed 3 second(s)

2020-02-17 11:26:45 - [MESSAGE][PASSED] - Delayed 3 second(s)

2020-02-17 11:26:45 - [TEST_STEP][PASSED] - click(findTestObject("Page_- KAIZEN/so_select_SeleccioneOPCION")): Object: 'Object Repository/Page_- KAIZEN/so_select_SeleccioneOPCION' is clicked on

2020-02-17 11:26:45 - [MESSAGE][PASSED] - Object: 'Object Repository/Page_- KAIZEN/so_select_SeleccioneOPCION' is clicked on

2020-02-17 11:26:45 - [TEST_STEP][PASSED] - selectOptionByValue(findTestObject("Page_- KAIZEN/so_select_SeleccioneOPCION"), OpCompra1, true): All options with value '23' are selected in object 'Object Repository/Page_- KAIZEN/so_select_SeleccioneOPCION'  using regular expression

2020-02-17 11:26:48 - [MESSAGE][PASSED] - All options with value '23' are selected in object 'Object Repository/Page_- KAIZEN/so_select_SeleccioneOPCION'  using regular expression

2020-02-17 11:26:48 - [TEST_STEP][PASSED] - waitForElementPresent(findTestObject("Page_- KAIZEN/sc_btn_next"), 7): Object 'Object Repository/Page_- KAIZEN/sc_btn_next' is present

2020-02-17 11:26:48 - [MESSAGE][PASSED] - Object 'Object Repository/Page_- KAIZEN/sc_btn_next' is present

2020-02-17 11:26:48 - [TEST_STEP][PASSED] - click(findTestObject("Page_- KAIZEN/sc_btn_next")): Object: 'Object Repository/Page_- KAIZEN/sc_btn_next' is clicked on

2020-02-17 11:26:49 - [MESSAGE][PASSED] - Object: 'Object Repository/Page_- KAIZEN/sc_btn_next' is clicked on

2020-02-17 11:26:49 - [MESSAGE][PASSED] - Call Test Case 'Test Cases/Individual_Tests_20pies/Seleccionar_Opcion_Compra' successfully

2020-02-17 11:26:49 - [TEST_STEP][PASSED] - callTestCase(findTestCase("Individual_Tests_20pies/Seleccionar_Productos40pies"), ["Index":Index, "Producto":Producto, "Producto2":Producto2, "Iterar":Iterar], STOP_ON_FAILURE): Call Test Case 'Test Cases/Individual_Tests_20pies/Seleccionar_Productos40pies' successfully

2020-02-17 11:26:49 - [TEST_CASE][PASSED] - Test Cases/Individual_Tests_20pies/Seleccionar_Productos40pies: Test Cases/Individual_Tests_20pies/Seleccionar_Productos40pies

2020-02-17 11:26:49 - [TEST_STEP][PASSED] - data = obtener_excels.obtener_pedidos40pies.getValuesExcelCreate40(Index): obtener_excels.obtener_pedidos40pies.getValuesExcelCreate40 is PASSED

2020-02-17 11:26:49 - [MESSAGE][PASSED] - obtener_excels.obtener_pedidos40pies.getValuesExcelCreate40 is PASSED

2020-02-17 11:26:49 - [TEST_STEP][PASSED] - ProductoSoportaPeso = data[9]: null

2020-02-17 11:26:49 - [TEST_STEP][PASSED] - ProductoNoSoportaPeso = data[11]: null

2020-02-17 11:26:49 - [TEST_STEP][PASSED] - Cantidad = <not implemented yet for class: org.codehaus.groovy.ast.expr.EmptyExpression>: null

2020-02-17 11:26:49 - [TEST_STEP][PASSED] - Iterar = data[13]: null

2020-02-17 11:26:49 - [TEST_STEP][PASSED] - CapacidadDisponible = data[8].toInteger(): null

2020-02-17 11:26:49 - [TEST_STEP][PASSED] - PesoProducto = data[10].toInteger(): null

2020-02-17 11:26:49 - [TEST_STEP][PASSED] - PesoProducto2 = data[12].toInteger(): null

2020-02-17 11:26:49 - [TEST_STEP][PASSED] - CantidadSoportadaAbajo = <not implemented yet for class: org.codehaus.groovy.ast.expr.EmptyExpression>: null

2020-02-17 11:26:49 - [TEST_STEP][PASSED] - CantidadAñadida = <not implemented yet for class: org.codehaus.groovy.ast.expr.EmptyExpression>: null

2020-02-17 11:26:49 - [TEST_STEP][PASSED] - CantidadRestante = <not implemented yet for class: org.codehaus.groovy.ast.expr.EmptyExpression>: null

2020-02-17 11:26:49 - [TEST_STEP][PASSED] - Elementos = <not implemented yet for class: org.codehaus.groovy.ast.expr.EmptyExpression>: null

2020-02-17 11:26:49 - [TEST_STEP][PASSED] - cantProductos = Iterar.toInteger(): null

2020-02-17 11:26:49 - [TEST_STEP][PASSED] - print(Iterar): null

2020-02-17 11:26:49 - [TEST_STEP][PASSED] - IDPedidoCreado = executeJavaScript("return document.getElementById('IdPedido').value;", null): Execute JavaScript 'return document.getElementById('IdPedido').value;' successfully

2020-02-17 11:26:49 - [MESSAGE][PASSED] - Execute JavaScript 'return document.getElementById('IdPedido').value;' successfully

2020-02-17 11:26:49 - [TEST_STEP][PASSED] - IDPedidoCreado1 = IDPedidoCreado.toInteger(): null

2020-02-17 11:26:49 - [TEST_STEP][PASSED] - exportar_archivos.Ex_guardar_pedidos_creados.demoKey(IDPedidoCreado1, cantProductos): exportar_archivos.Ex_guardar_pedidos_creados.demoKey is PASSED

2020-02-17 11:26:49 - [MESSAGE][PASSED] - exportar_archivos.Ex_guardar_pedidos_creados.demoKey is PASSED

2020-02-17 11:26:49 - [TEST_STEP][PASSED] - boton = executeJavaScript("return document.getElementById("btn_next").style.display;", null): Execute JavaScript 'return document.getElementById("btn_next").style.display;' successfully

2020-02-17 11:26:49 - [MESSAGE][PASSED] - Execute JavaScript 'return document.getElementById("btn_next").style.display;' successfully

2020-02-17 11:26:49 - [TEST_STEP][PASSED] - if (boton == "block"): null

2020-02-17 11:26:49 - [TEST_STEP][PASSED] - else: Browser is closed

2020-02-17 11:26:49 - [TEST_STEP][PASSED] - if (Iterar == "1" && PesoProducto <= CapacidadDisponible): null

2020-02-17 11:26:49 - [TEST_STEP][PASSED] - else if (Iterar == "2" && PesoProducto2 <= CapacidadDisponible): Browser is closed

2020-02-17 11:26:49 - [TEST_STEP][PASSED] - CantidadSoportadaAbajo = 20: null

2020-02-17 11:26:49 - [TEST_STEP][PASSED] - Cantidad = CantidadSoportadaAbajo.toString(): null

2020-02-17 11:26:49 - [TEST_STEP][PASSED] - Producto = ProductoNoSoportaPeso: null

2020-02-17 11:26:49 - [TEST_STEP][PASSED] - click(findTestObject("Page_- KAIZEN/sp_Element_producto")): Object: 'Object Repository/Page_- KAIZEN/sp_Element_producto' is clicked on

2020-02-17 11:26:50 - [MESSAGE][PASSED] - Object: 'Object Repository/Page_- KAIZEN/sp_Element_producto' is clicked on

2020-02-17 11:26:50 - [TEST_STEP][PASSED] - click(findTestObject("Page_- KAIZEN/sp_click_select_product")): Object: 'Object Repository/Page_- KAIZEN/sp_click_select_product' is clicked on

2020-02-17 11:26:51 - [MESSAGE][PASSED] - Object: 'Object Repository/Page_- KAIZEN/sp_click_select_product' is clicked on

2020-02-17 11:26:51 - [TEST_STEP][PASSED] - selectOptionByValue(findTestObject("Page_- KAIZEN/sp_assing_select_product"), Producto, true): All options with value '312' are selected in object 'Object Repository/Page_- KAIZEN/sp_assing_select_product'  using regular expression

2020-02-17 11:26:52 - [MESSAGE][PASSED] - All options with value '312' are selected in object 'Object Repository/Page_- KAIZEN/sp_assing_select_product'  using regular expression

2020-02-17 11:26:52 - [TEST_STEP][PASSED] - setText(findTestObject("Page_- KAIZEN/sp_input_product_quantity"), Cantidad): Text '20' is set on object 'Object Repository/Page_- KAIZEN/sp_input_product_quantity'

2020-02-17 11:26:52 - [MESSAGE][PASSED] - Text '20' is set on object 'Object Repository/Page_- KAIZEN/sp_input_product_quantity'

2020-02-17 11:26:52 - [TEST_STEP][PASSED] - click(findTestObject("Page_- KAIZEN/sp_btn_add_product")): Object: 'Object Repository/Page_- KAIZEN/sp_btn_add_product' is clicked on

2020-02-17 11:26:55 - [MESSAGE][PASSED] - Object: 'Object Repository/Page_- KAIZEN/sp_btn_add_product' is clicked on

2020-02-17 11:26:55 - [TEST_STEP][PASSED] - CantidadAñadida = 20 * PesoProducto2: null

2020-02-17 11:26:55 - [TEST_STEP][PASSED] - CantidadRestante = CapacidadDisponible - CantidadAñadida: null

2020-02-17 11:26:55 - [TEST_STEP][PASSED] - Elementos = CantidadRestante / PesoProducto2: null

2020-02-17 11:26:55 - [TEST_STEP][PASSED] - Cantidad2 = Elementos.toString(): null

2020-02-17 11:26:55 - [TEST_STEP][PASSED] - Producto = ProductoSoportaPeso: null

2020-02-17 11:26:55 - [TEST_STEP][PASSED] - click(findTestObject("Page_- KAIZEN/sp_Element_producto")): Object: 'Object Repository/Page_- KAIZEN/sp_Element_producto' is clicked on

2020-02-17 11:26:55 - [MESSAGE][PASSED] - Object: 'Object Repository/Page_- KAIZEN/sp_Element_producto' is clicked on

2020-02-17 11:26:55 - [TEST_STEP][PASSED] - click(findTestObject("Page_- KAIZEN/sp_click_select_product")): Object: 'Object Repository/Page_- KAIZEN/sp_click_select_product' is clicked on

2020-02-17 11:26:56 - [MESSAGE][PASSED] - Object: 'Object Repository/Page_- KAIZEN/sp_click_select_product' is clicked on

2020-02-17 11:26:56 - [TEST_STEP][PASSED] - selectOptionByValue(findTestObject("Page_- KAIZEN/sp_assing_select_product"), Producto, true): All options with value '580' are selected in object 'Object Repository/Page_- KAIZEN/sp_assing_select_product'  using regular expression

2020-02-17 11:26:57 - [MESSAGE][PASSED] - All options with value '580' are selected in object 'Object Repository/Page_- KAIZEN/sp_assing_select_product'  using regular expression

2020-02-17 11:26:57 - [TEST_STEP][PASSED] - setText(findTestObject("Page_- KAIZEN/sp_input_product_quantity"), Cantidad2): Text '1' is set on object 'Object Repository/Page_- KAIZEN/sp_input_product_quantity'

2020-02-17 11:26:57 - [MESSAGE][PASSED] - Text '1' is set on object 'Object Repository/Page_- KAIZEN/sp_input_product_quantity'

2020-02-17 11:26:57 - [TEST_STEP][PASSED] - click(findTestObject("Page_- KAIZEN/sp_btn_add_product")): Object: 'Object Repository/Page_- KAIZEN/sp_btn_add_product' is clicked on

2020-02-17 11:26:58 - [MESSAGE][PASSED] - Object: 'Object Repository/Page_- KAIZEN/sp_btn_add_product' is clicked on

2020-02-17 11:26:58 - [TEST_STEP][PASSED] - delay(10): Delayed 10 second(s)

2020-02-17 11:27:08 - [MESSAGE][PASSED] - Delayed 10 second(s)

2020-02-17 11:27:08 - [TEST_STEP][PASSED] - boton3 = executeJavaScript("return document.getElementById("btn_next").style.display;", null): Execute JavaScript 'return document.getElementById("btn_next").style.display;' successfully

2020-02-17 11:27:08 - [MESSAGE][PASSED] - Execute JavaScript 'return document.getElementById("btn_next").style.display;' successfully

2020-02-17 11:27:08 - [TEST_STEP][PASSED] - if (boton3 == "none"): null

2020-02-17 11:27:08 - [TEST_STEP][PASSED] - else: Browser is closed

2020-02-17 11:27:08 - [TEST_STEP][PASSED] - click(findTestObject("Page_- KAIZEN/sp_Siguiente")): Object: 'Object Repository/Page_- KAIZEN/sp_Siguiente' is clicked on

2020-02-17 11:27:12 - [MESSAGE][PASSED] - Object: 'Object Repository/Page_- KAIZEN/sp_Siguiente' is clicked on

2020-02-17 11:27:12 - [TEST_STEP][PASSED] - click(findTestObject("Page_- KAIZEN/sp_btn_finish")): Object: 'Object Repository/Page_- KAIZEN/sp_btn_finish' is clicked on

2020-02-17 11:27:26 - [MESSAGE][PASSED] - Object: 'Object Repository/Page_- KAIZEN/sp_btn_finish' is clicked on

2020-02-17 11:27:26 - [TEST_STEP][PASSED] - delay(5): Delayed 5 second(s)

2020-02-17 11:27:31 - [MESSAGE][PASSED] - Delayed 5 second(s)

2020-02-17 11:27:31 - [TEST_STEP][PASSED] - closeBrowser(): Browser is closed

2020-02-17 11:27:32 - [MESSAGE][PASSED] - Browser is closed

2020-02-17 11:27:32 - [MESSAGE][PASSED] - Call Test Case 'Test Cases/Individual_Tests_20pies/Seleccionar_Productos40pies' successfully]]></system-out>
         <system-err><![CDATA[]]></system-err>
      </testcase>
      <system-out><![CDATA[2020-02-17 11:19:28 - [TEST_SUITE][PASSED] - 8-Crear_pedidos_40_TestSuites: Test Cases/Secuencias de Ejecucion/TC_Crear_Pedido_40pies]]></system-out>
      <system-err><![CDATA[]]></system-err>
   </testsuite>
</testsuites>
