<?xml version="1.0" encoding="UTF-8"?>
<testsuites name="Crear_Pedidos_TestSuites" time="6.462" tests="1" failures="0" errors="0">
   <testsuite name="Crear_Pedidos_TestSuites" tests="1" failures="0" errors="0" time="6.462" timestamp="2020-01-24 13:27:44" hostname="kaizen - DESKTOP-38N4VV4" id="Test Suites/Pedidos/Crear_Pedidos_TestSuites">
      <properties>
         <property name="deviceName" value=""/>
         <property name="devicePlatform" value=""/>
         <property name="logFolder" value="C:\\Users\\kaizen\\git\\AutomatizacionKatalon\\Reports\\20200124_132742\\Pedidos\\Crear_Pedidos_TestSuites\\20200124_132742"/>
         <property name="logFiles" value="C:\\Users\\kaizen\\git\\AutomatizacionKatalon\\Reports\\20200124_132742\\Pedidos\\Crear_Pedidos_TestSuites\\20200124_132742\\execution0.log"/>
         <property name="attachments" value=""/>
         <property name="hostName" value="kaizen - DESKTOP-38N4VV4"/>
         <property name="hostAddress" value="192.168.1.101"/>
         <property name="os" value="Windows 10 64bit"/>
         <property name="katalonVersion" value="7.2.1.1"/>
      </properties>
      <testcase name="Test Cases/Secuencias de Ejecucion/TC_Generar_Aleatorio_Pedidos_20pies" time="5.874" classname="Test Cases/Secuencias de Ejecucion/TC_Generar_Aleatorio_Pedidos_20pies" status="PASSED">
         <system-out><![CDATA[2020-01-24 13:27:45 - [TEST_CASE][PASSED] - Test Cases/Secuencias de Ejecucion/TC_Generar_Aleatorio_Pedidos_20pies: Test Cases/Secuencias de Ejecucion/TC_Generar_Aleatorio_Pedidos_20pies

2020-01-24 13:27:45 - [TEST_STEP][PASSED] - python.Ex_generar_aleatorio_pedidos_20pies.runPython(): python.Ex_generar_aleatorio_pedidos_20pies.runPython is PASSED

2020-01-24 13:27:51 - [MESSAGE][PASSED] - python.Ex_generar_aleatorio_pedidos_20pies.runPython is PASSED]]></system-out>
         <system-err><![CDATA[]]></system-err>
      </testcase>
      <system-out><![CDATA[2020-01-24 13:27:44 - [TEST_SUITE][PASSED] - Crear_Pedidos_TestSuites: Test Cases/Secuencias de Ejecucion/TC_Generar_Aleatorio_Pedidos_20pies]]></system-out>
      <system-err><![CDATA[]]></system-err>
   </testsuite>
</testsuites>
