<?xml version="1.0" encoding="UTF-8"?>
<testsuites name="3-AgregarLogistica_20_TestSuites" time="7.322" tests="2" failures="0" errors="0">
   <testsuite name="3-AgregarLogistica_20_TestSuites" tests="2" failures="0" errors="0" time="7.322" timestamp="2020-02-07 09:22:25" hostname="kaizen - LAPTOP-K43U1BVQ" id="Test Suites/Flujo_funcionalidades_Pedidos_20pies/3-AgregarLogistica_20_TestSuites">
      <properties>
         <property name="deviceName" value=""/>
         <property name="devicePlatform" value=""/>
         <property name="logFolder" value="C:\\Users\\kaizen\\git\\AutomatizacionKatalon\\Reports\\20200207_091654\\Flujo_funcionalidades_Pedidos_20pies\\3-AgregarLogistica_20_TestSuites\\20200207_091701"/>
         <property name="logFiles" value="C:\\Users\\kaizen\\git\\AutomatizacionKatalon\\Reports\\20200207_091654\\Flujo_funcionalidades_Pedidos_20pies\\3-AgregarLogistica_20_TestSuites\\20200207_091701\\execution0.log"/>
         <property name="attachments" value=""/>
         <property name="hostName" value="kaizen - LAPTOP-K43U1BVQ"/>
         <property name="hostAddress" value="192.168.99.1"/>
         <property name="os" value="Windows 10 64bit"/>
         <property name="katalonVersion" value="7.2.1.1"/>
      </properties>
      <testcase name="Test Cases/Secuencias de Ejecucion/TC_Generar_CargosLogisticos_20pies" time="5.471" classname="Test Cases/Secuencias de Ejecucion/TC_Generar_CargosLogisticos_20pies" status="PASSED">
         <system-out><![CDATA[2020-02-07 09:22:25 - [TEST_CASE][PASSED] - Test Cases/Secuencias de Ejecucion/TC_Generar_CargosLogisticos_20pies: Test Cases/Secuencias de Ejecucion/TC_Generar_CargosLogisticos_20pies

2020-02-07 09:22:25 - [TEST_STEP][PASSED] - python.Ex_logistica_pedidos_20pies.runPython(): python.Ex_logistica_pedidos_20pies.runPython is PASSED

2020-02-07 09:22:30 - [MESSAGE][PASSED] - python.Ex_logistica_pedidos_20pies.runPython is PASSED]]></system-out>
         <system-err><![CDATA[]]></system-err>
      </testcase>
      <testcase name="Test Cases/Secuencias de Ejecucion/TC_Agregar_Cargos_Logisticos_20pies" time="1.376" classname="Test Cases/Secuencias de Ejecucion/TC_Agregar_Cargos_Logisticos_20pies" status="PASSED">
         <system-out><![CDATA[2020-02-07 09:22:30 - [TEST_CASE][PASSED] - Test Cases/Secuencias de Ejecucion/TC_Agregar_Cargos_Logisticos_20pies: Test Cases/Secuencias de Ejecucion/TC_Agregar_Cargos_Logisticos_20pies

2020-02-07 09:22:31 - [TEST_STEP][PASSED] - archivo = $RunConfiguration.getProjectDir()/Pedidos/DataExcel/Cargos_Logisticos20pies.xlsx: null

2020-02-07 09:22:31 - [TEST_STEP][PASSED] - excelData = getExcelDataWithDefaultSheet(archivo, "Sheet1", true): null

2020-02-07 09:22:32 - [TEST_STEP][PASSED] - for ([Index = 1, Index <= excelData.getRowNumbers(), (Index++)]): null]]></system-out>
         <system-err><![CDATA[]]></system-err>
      </testcase>
      <system-out><![CDATA[2020-02-07 09:22:25 - [TEST_SUITE][PASSED] - 3-AgregarLogistica_20_TestSuites: Test Cases/Secuencias de Ejecucion/TC_Agregar_Cargos_Logisticos_20pies]]></system-out>
      <system-err><![CDATA[]]></system-err>
   </testsuite>
</testsuites>
