<?xml version="1.0" encoding="UTF-8"?>
<testsuites name="Flujo Completo Mov Inventario" time="1081.84" tests="5" failures="2" errors="0">
   <testsuite name="Flujo Completo Mov Inventario" tests="5" failures="2" errors="0" time="1081.84" timestamp="2020-03-03 09:00:41" hostname="kaizen - LAPTOP-K43U1BVQ" id="Test Suites/Funcionalidades_Pedidos/Flujo Completo Mov Inventario">
      <properties>
         <property name="deviceName" value=""/>
         <property name="devicePlatform" value=""/>
         <property name="logFolder" value="C:\\Users\\kaizen\\git\\AutomatizacionKatalon\\Reports\\20200303_090030\\Funcionalidades_Pedidos\\Flujo Completo Mov Inventario\\20200303_090030"/>
         <property name="logFiles" value="C:\\Users\\kaizen\\git\\AutomatizacionKatalon\\Reports\\20200303_090030\\Funcionalidades_Pedidos\\Flujo Completo Mov Inventario\\20200303_090030\\execution0.log"/>
         <property name="attachments" value="C:\\Users\\kaizen\\git\\AutomatizacionKatalon\\Reports\\20200303_090030\\Funcionalidades_Pedidos\\Flujo Completo Mov Inventario\\20200303_090030\\1583240861873.png, C:\\Users\\kaizen\\git\\AutomatizacionKatalon\\Reports\\20200303_090030\\Funcionalidades_Pedidos\\Flujo Completo Mov Inventario\\20200303_090030\\1583241518219.png, C:\\Users\\kaizen\\git\\AutomatizacionKatalon\\Reports\\20200303_090030\\Funcionalidades_Pedidos\\Flujo Completo Mov Inventario\\20200303_090030\\1583241518604.png"/>
         <property name="hostName" value="kaizen - LAPTOP-K43U1BVQ"/>
         <property name="os" value="Windows 10 64bit"/>
         <property name="katalonVersion" value="7.2.1.1"/>
         <property name="browser" value="Chrome 80.0.3987.122"/>
         <property name="hostAddress" value="192.168.99.1"/>
         <property name="sessionId" value="10571c52cfe9d7325869d9d1317312f7"/>
         <property name="seleniumVersion" value="3.141.59"/>
         <property name="proxyInformation" value="ProxyInformation{proxyOption=NO_PROXY, proxyServerType=HTTP, password=, proxyServerAddress=, proxyServerPort=0, executionList=}"/>
         <property name="platform" value="Windows 10"/>
      </properties>
      <testcase name="Test Cases/Generar_Excels_Secuencias/TC_Generar_Excel_ProductoAlmacen" time="34.961" classname="Test Cases/Generar_Excels_Secuencias/TC_Generar_Excel_ProductoAlmacen" status="PASSED">
         <system-out><![CDATA[2020-03-03 09:00:42 - [TEST_CASE][PASSED] - Test Cases/Generar_Excels_Secuencias/TC_Generar_Excel_ProductoAlmacen: Test Cases/Generar_Excels_Secuencias/TC_Generar_Excel_ProductoAlmacen

2020-03-03 09:00:43 - [TEST_STEP][PASSED] - python.ejecutarAleatoriosPython.runPython("ProductoAlmacen"): python.ejecutarAleatoriosPython.runPython is PASSED

2020-03-03 09:01:17 - [MESSAGE][PASSED] - python.ejecutarAleatoriosPython.runPython is PASSED]]></system-out>
         <system-err><![CDATA[]]></system-err>
      </testcase>
      <testcase name="Test Cases/Secuencias de Ejecucion/TC_Agregar_Producto_Almacen" time="384.878" classname="Test Cases/Secuencias de Ejecucion/TC_Agregar_Producto_Almacen" status="FAILED">
         <failure type="FAILED" message="Test Cases/Secuencias de Ejecucion/TC_Agregar_Producto_Almacen FAILED.
Reason:
com.kms.katalon.core.exception.StepFailedException: Call Test Case 'Test Cases/Individual_Tests/Login' failed
	at com.kms.katalon.core.keyword.builtin.CallTestCaseKeyword$_callTestCase_closure1.doCall(CallTestCaseKeyword.groovy:63)
	at com.kms.katalon.core.keyword.builtin.CallTestCaseKeyword$_callTestCase_closure1.call(CallTestCaseKeyword.groovy)
	at com.kms.katalon.core.keyword.internal.KeywordMain.runKeyword(KeywordMain.groovy:68)
	at com.kms.katalon.core.keyword.builtin.CallTestCaseKeyword.callTestCase(CallTestCaseKeyword.groovy:81)
	at com.kms.katalon.core.keyword.builtin.CallTestCaseKeyword.execute(CallTestCaseKeyword.groovy:44)
	at com.kms.katalon.core.keyword.internal.KeywordExecutor.executeKeywordForPlatform(KeywordExecutor.groovy:72)
	at com.kms.katalon.core.keyword.BuiltinKeywords.callTestCase(BuiltinKeywords.groovy:334)
	at TC_Agregar_Producto_Almacen.run(TC_Agregar_Producto_Almacen:26)
	at com.kms.katalon.core.main.ScriptEngine.run(ScriptEngine.java:194)
	at com.kms.katalon.core.main.ScriptEngine.runScriptAsRawText(ScriptEngine.java:119)
	at com.kms.katalon.core.main.TestCaseExecutor.runScript(TestCaseExecutor.java:337)
	at com.kms.katalon.core.main.TestCaseExecutor.doExecute(TestCaseExecutor.java:328)
	at com.kms.katalon.core.main.TestCaseExecutor.processExecutionPhase(TestCaseExecutor.java:307)
	at com.kms.katalon.core.main.TestCaseExecutor.accessMainPhase(TestCaseExecutor.java:299)
	at com.kms.katalon.core.main.TestCaseExecutor.execute(TestCaseExecutor.java:233)
	at com.kms.katalon.core.main.TestSuiteExecutor.accessTestCaseMainPhase(TestSuiteExecutor.java:169)
	at com.kms.katalon.core.main.TestSuiteExecutor.accessTestSuiteMainPhase(TestSuiteExecutor.java:142)
	at com.kms.katalon.core.main.TestSuiteExecutor.execute(TestSuiteExecutor.java:91)
	at com.kms.katalon.core.main.TestCaseMain.startTestSuite(TestCaseMain.java:157)
	at com.kms.katalon.core.main.TestCaseMain$startTestSuite$0.call(Unknown Source)
	at TempTestSuite1583240437644.run(TempTestSuite1583240437644.groovy:36)
Caused by: com.kms.katalon.core.exception.StepFailedException: Unable to maximize current window
	at com.kms.katalon.core.webui.keyword.internal.WebUIKeywordMain.stepFailed(WebUIKeywordMain.groovy:64)
	at com.kms.katalon.core.webui.keyword.internal.WebUIKeywordMain.runKeyword(WebUIKeywordMain.groovy:26)
	at com.kms.katalon.core.webui.keyword.builtin.MaximizeWindowKeyword.maximizeWindow(MaximizeWindowKeyword.groovy:74)
	at com.kms.katalon.core.webui.keyword.builtin.MaximizeWindowKeyword.execute(MaximizeWindowKeyword.groovy:69)
	at com.kms.katalon.core.keyword.internal.KeywordExecutor.executeKeywordForPlatform(KeywordExecutor.groovy:72)
	at com.kms.katalon.core.webui.keyword.WebUiBuiltInKeywords.maximizeWindow(WebUiBuiltInKeywords.groovy:279)
	at com.kms.katalon.core.webui.keyword.WebUiBuiltInKeywords$maximizeWindow$0.call(Unknown Source)
	at Login.run(Login:23)
	at com.kms.katalon.core.main.ScriptEngine.run(ScriptEngine.java:194)
	at com.kms.katalon.core.main.ScriptEngine.runScriptAsRawText(ScriptEngine.java:119)
	at com.kms.katalon.core.main.TestCaseExecutor.runScript(TestCaseExecutor.java:337)
	at com.kms.katalon.core.main.TestCaseExecutor.doExecute(TestCaseExecutor.java:328)
	at com.kms.katalon.core.main.TestCaseExecutor.processExecutionPhase(TestCaseExecutor.java:307)
	at com.kms.katalon.core.main.TestCaseExecutor.accessMainPhase(TestCaseExecutor.java:299)
	at com.kms.katalon.core.main.TestCaseExecutor.execute(TestCaseExecutor.java:233)
	at com.kms.katalon.core.main.TestCaseMain.runTestCase(TestCaseMain.java:114)
	at com.kms.katalon.core.keyword.builtin.CallTestCaseKeyword$_callTestCase_closure1.doCall(CallTestCaseKeyword.groovy:59)
	... 20 more
Caused by: org.openqa.selenium.WebDriverException: unknown error: unhandled inspector error: {&quot;code&quot;:-32000,&quot;message&quot;:&quot;To maximize a minimized or fullscreen window, restore it to normal state first.&quot;}
  (Session info: chrome=80.0.3987.122)
Build info: version: '3.141.59', revision: 'e82be7d358', time: '2018-11-14T08:25:53'
System info: host: 'LAPTOP-K43U1BVQ', ip: '192.168.99.1', os.name: 'Windows 10', os.arch: 'amd64', os.version: '10.0', java.version: '1.8.0_181'
Driver info: com.kms.katalon.selenium.driver.CChromeDriver
Capabilities {acceptInsecureCerts: false, browserName: chrome, browserVersion: 80.0.3987.122, chrome: {chromedriverVersion: 79.0.3945.36 (3582db32b3389..., userDataDir: C:\Users\kaizen\AppData\Loc...}, goog:chromeOptions: {debuggerAddress: localhost:2870}, javascriptEnabled: true, networkConnectionEnabled: false, pageLoadStrategy: normal, platform: WINDOWS, platformName: WINDOWS, proxy: Proxy(), setWindowRect: true, strictFileInteractability: false, timeouts: {implicit: 0, pageLoad: 300000, script: 30000}, unhandledPromptBehavior: dismiss and notify}
Session ID: ead1b1b54edf0e4f766ba10b88b42599
	at org.openqa.selenium.remote.http.W3CHttpResponseCodec.createException(W3CHttpResponseCodec.java:187)
	at org.openqa.selenium.remote.http.W3CHttpResponseCodec.decode(W3CHttpResponseCodec.java:122)
	at org.openqa.selenium.remote.http.W3CHttpResponseCodec.decode(W3CHttpResponseCodec.java:49)
	at org.openqa.selenium.remote.HttpCommandExecutor.execute(HttpCommandExecutor.java:158)
	at org.openqa.selenium.remote.service.DriverCommandExecutor.execute(DriverCommandExecutor.java:83)
	at org.openqa.selenium.remote.RemoteWebDriver.execute(RemoteWebDriver.java:552)
	at com.kms.katalon.selenium.driver.CChromeDriver.execute(CChromeDriver.java:19)
	at org.openqa.selenium.remote.RemoteWebDriver.execute(RemoteWebDriver.java:609)
	at org.openqa.selenium.remote.RemoteWebDriver$RemoteWebDriverOptions$RemoteWindow.maximize(RemoteWebDriver.java:837)
	at org.openqa.selenium.support.events.EventFiringWebDriver$EventFiringWindow.maximize(EventFiringWebDriver.java:769)
	at com.kms.katalon.core.webui.keyword.builtin.MaximizeWindowKeyword$_maximizeWindow_closure1.doCall(MaximizeWindowKeyword.groovy:85)
	at com.kms.katalon.core.webui.keyword.builtin.MaximizeWindowKeyword$_maximizeWindow_closure1.call(MaximizeWindowKeyword.groovy)
	at com.kms.katalon.core.webui.keyword.internal.WebUIKeywordMain.runKeyword(WebUIKeywordMain.groovy:20)
	... 35 more
"/>
         <system-out><![CDATA[2020-03-03 09:01:17 - [TEST_CASE][FAILED] - Test Cases/Secuencias de Ejecucion/TC_Agregar_Producto_Almacen: Test Cases/Secuencias de Ejecucion/TC_Agregar_Producto_Almacen FAILED.
Reason:
com.kms.katalon.core.exception.StepFailedException: Call Test Case 'Test Cases/Individual_Tests/Login' failed
	at com.kms.katalon.core.keyword.builtin.CallTestCaseKeyword$_callTestCase_closure1.doCall(CallTestCaseKeyword.groovy:63)
	at com.kms.katalon.core.keyword.builtin.CallTestCaseKeyword$_callTestCase_closure1.call(CallTestCaseKeyword.groovy)
	at com.kms.katalon.core.keyword.internal.KeywordMain.runKeyword(KeywordMain.groovy:68)
	at com.kms.katalon.core.keyword.builtin.CallTestCaseKeyword.callTestCase(CallTestCaseKeyword.groovy:81)
	at com.kms.katalon.core.keyword.builtin.CallTestCaseKeyword.execute(CallTestCaseKeyword.groovy:44)
	at com.kms.katalon.core.keyword.internal.KeywordExecutor.executeKeywordForPlatform(KeywordExecutor.groovy:72)
	at com.kms.katalon.core.keyword.BuiltinKeywords.callTestCase(BuiltinKeywords.groovy:334)
	at TC_Agregar_Producto_Almacen.run(TC_Agregar_Producto_Almacen:26)
	at com.kms.katalon.core.main.ScriptEngine.run(ScriptEngine.java:194)
	at com.kms.katalon.core.main.ScriptEngine.runScriptAsRawText(ScriptEngine.java:119)
	at com.kms.katalon.core.main.TestCaseExecutor.runScript(TestCaseExecutor.java:337)
	at com.kms.katalon.core.main.TestCaseExecutor.doExecute(TestCaseExecutor.java:328)
	at com.kms.katalon.core.main.TestCaseExecutor.processExecutionPhase(TestCaseExecutor.java:307)
	at com.kms.katalon.core.main.TestCaseExecutor.accessMainPhase(TestCaseExecutor.java:299)
	at com.kms.katalon.core.main.TestCaseExecutor.execute(TestCaseExecutor.java:233)
	at com.kms.katalon.core.main.TestSuiteExecutor.accessTestCaseMainPhase(TestSuiteExecutor.java:169)
	at com.kms.katalon.core.main.TestSuiteExecutor.accessTestSuiteMainPhase(TestSuiteExecutor.java:142)
	at com.kms.katalon.core.main.TestSuiteExecutor.execute(TestSuiteExecutor.java:91)
	at com.kms.katalon.core.main.TestCaseMain.startTestSuite(TestCaseMain.java:157)
	at com.kms.katalon.core.main.TestCaseMain$startTestSuite$0.call(Unknown Source)
	at TempTestSuite1583240437644.run(TempTestSuite1583240437644.groovy:36)
Caused by: com.kms.katalon.core.exception.StepFailedException: Unable to maximize current window
	at com.kms.katalon.core.webui.keyword.internal.WebUIKeywordMain.stepFailed(WebUIKeywordMain.groovy:64)
	at com.kms.katalon.core.webui.keyword.internal.WebUIKeywordMain.runKeyword(WebUIKeywordMain.groovy:26)
	at com.kms.katalon.core.webui.keyword.builtin.MaximizeWindowKeyword.maximizeWindow(MaximizeWindowKeyword.groovy:74)
	at com.kms.katalon.core.webui.keyword.builtin.MaximizeWindowKeyword.execute(MaximizeWindowKeyword.groovy:69)
	at com.kms.katalon.core.keyword.internal.KeywordExecutor.executeKeywordForPlatform(KeywordExecutor.groovy:72)
	at com.kms.katalon.core.webui.keyword.WebUiBuiltInKeywords.maximizeWindow(WebUiBuiltInKeywords.groovy:279)
	at com.kms.katalon.core.webui.keyword.WebUiBuiltInKeywords$maximizeWindow$0.call(Unknown Source)
	at Login.run(Login:23)
	at com.kms.katalon.core.main.ScriptEngine.run(ScriptEngine.java:194)
	at com.kms.katalon.core.main.ScriptEngine.runScriptAsRawText(ScriptEngine.java:119)
	at com.kms.katalon.core.main.TestCaseExecutor.runScript(TestCaseExecutor.java:337)
	at com.kms.katalon.core.main.TestCaseExecutor.doExecute(TestCaseExecutor.java:328)
	at com.kms.katalon.core.main.TestCaseExecutor.processExecutionPhase(TestCaseExecutor.java:307)
	at com.kms.katalon.core.main.TestCaseExecutor.accessMainPhase(TestCaseExecutor.java:299)
	at com.kms.katalon.core.main.TestCaseExecutor.execute(TestCaseExecutor.java:233)
	at com.kms.katalon.core.main.TestCaseMain.runTestCase(TestCaseMain.java:114)
	at com.kms.katalon.core.keyword.builtin.CallTestCaseKeyword$_callTestCase_closure1.doCall(CallTestCaseKeyword.groovy:59)
	... 20 more
Caused by: org.openqa.selenium.WebDriverException: unknown error: unhandled inspector error: {"code":-32000,"message":"To maximize a minimized or fullscreen window, restore it to normal state first."}
  (Session info: chrome=80.0.3987.122)
Build info: version: '3.141.59', revision: 'e82be7d358', time: '2018-11-14T08:25:53'
System info: host: 'LAPTOP-K43U1BVQ', ip: '192.168.99.1', os.name: 'Windows 10', os.arch: 'amd64', os.version: '10.0', java.version: '1.8.0_181'
Driver info: com.kms.katalon.selenium.driver.CChromeDriver
Capabilities {acceptInsecureCerts: false, browserName: chrome, browserVersion: 80.0.3987.122, chrome: {chromedriverVersion: 79.0.3945.36 (3582db32b3389..., userDataDir: C:\Users\kaizen\AppData\Loc...}, goog:chromeOptions: {debuggerAddress: localhost:2870}, javascriptEnabled: true, networkConnectionEnabled: false, pageLoadStrategy: normal, platform: WINDOWS, platformName: WINDOWS, proxy: Proxy(), setWindowRect: true, strictFileInteractability: false, timeouts: {implicit: 0, pageLoad: 300000, script: 30000}, unhandledPromptBehavior: dismiss and notify}
Session ID: ead1b1b54edf0e4f766ba10b88b42599
	at org.openqa.selenium.remote.http.W3CHttpResponseCodec.createException(W3CHttpResponseCodec.java:187)
	at org.openqa.selenium.remote.http.W3CHttpResponseCodec.decode(W3CHttpResponseCodec.java:122)
	at org.openqa.selenium.remote.http.W3CHttpResponseCodec.decode(W3CHttpResponseCodec.java:49)
	at org.openqa.selenium.remote.HttpCommandExecutor.execute(HttpCommandExecutor.java:158)
	at org.openqa.selenium.remote.service.DriverCommandExecutor.execute(DriverCommandExecutor.java:83)
	at org.openqa.selenium.remote.RemoteWebDriver.execute(RemoteWebDriver.java:552)
	at com.kms.katalon.selenium.driver.CChromeDriver.execute(CChromeDriver.java:19)
	at org.openqa.selenium.remote.RemoteWebDriver.execute(RemoteWebDriver.java:609)
	at org.openqa.selenium.remote.RemoteWebDriver$RemoteWebDriverOptions$RemoteWindow.maximize(RemoteWebDriver.java:837)
	at org.openqa.selenium.support.events.EventFiringWebDriver$EventFiringWindow.maximize(EventFiringWebDriver.java:769)
	at com.kms.katalon.core.webui.keyword.builtin.MaximizeWindowKeyword$_maximizeWindow_closure1.doCall(MaximizeWindowKeyword.groovy:85)
	at com.kms.katalon.core.webui.keyword.builtin.MaximizeWindowKeyword$_maximizeWindow_closure1.call(MaximizeWindowKeyword.groovy)
	at com.kms.katalon.core.webui.keyword.internal.WebUIKeywordMain.runKeyword(WebUIKeywordMain.groovy:20)
	... 35 more


2020-03-03 09:01:17 - [TEST_STEP][PASSED] - archivo = $RunConfiguration.getProjectDir()/Pedidos/DataExcel/ProductoAlmacen.xlsx: null

2020-03-03 09:01:18 - [TEST_STEP][PASSED] - excelData = getExcelDataWithDefaultSheet(archivo, "Sheet1", true): null

2020-03-03 09:01:23 - [TEST_STEP][FAILED] - for ([Index = 1, Index <= excelData.getRowNumbers(), (Index++)]): Unable to call Test Case 'Test Cases/Individual_Tests/Login' (Root cause: com.kms.katalon.core.exception.StepFailedException: Call Test Case 'Test Cases/Individual_Tests/Login' failed
	at com.kms.katalon.core.keyword.builtin.CallTestCaseKeyword$_callTestCase_closure1.doCall(CallTestCaseKeyword.groovy:63)
	at com.kms.katalon.core.keyword.builtin.CallTestCaseKeyword$_callTestCase_closure1.call(CallTestCaseKeyword.groovy)
	at com.kms.katalon.core.keyword.internal.KeywordMain.runKeyword(KeywordMain.groovy:68)
	at com.kms.katalon.core.keyword.builtin.CallTestCaseKeyword.callTestCase(CallTestCaseKeyword.groovy:81)
	at com.kms.katalon.core.keyword.builtin.CallTestCaseKeyword.execute(CallTestCaseKeyword.groovy:44)
	at com.kms.katalon.core.keyword.internal.KeywordExecutor.executeKeywordForPlatform(KeywordExecutor.groovy:72)
	at com.kms.katalon.core.keyword.BuiltinKeywords.callTestCase(BuiltinKeywords.groovy:334)
	at TC_Agregar_Producto_Almacen.run(TC_Agregar_Producto_Almacen:26)
	at com.kms.katalon.core.main.ScriptEngine.run(ScriptEngine.java:194)
	at com.kms.katalon.core.main.ScriptEngine.runScriptAsRawText(ScriptEngine.java:119)
	at com.kms.katalon.core.main.TestCaseExecutor.runScript(TestCaseExecutor.java:337)
	at com.kms.katalon.core.main.TestCaseExecutor.doExecute(TestCaseExecutor.java:328)
	at com.kms.katalon.core.main.TestCaseExecutor.processExecutionPhase(TestCaseExecutor.java:307)
	at com.kms.katalon.core.main.TestCaseExecutor.accessMainPhase(TestCaseExecutor.java:299)
	at com.kms.katalon.core.main.TestCaseExecutor.execute(TestCaseExecutor.java:233)
	at com.kms.katalon.core.main.TestSuiteExecutor.accessTestCaseMainPhase(TestSuiteExecutor.java:169)
	at com.kms.katalon.core.main.TestSuiteExecutor.accessTestSuiteMainPhase(TestSuiteExecutor.java:142)
	at com.kms.katalon.core.main.TestSuiteExecutor.execute(TestSuiteExecutor.java:91)
	at com.kms.katalon.core.main.TestCaseMain.startTestSuite(TestCaseMain.java:157)
	at com.kms.katalon.core.main.TestCaseMain$startTestSuite$0.call(Unknown Source)
	at TempTestSuite1583240437644.run(TempTestSuite1583240437644.groovy:36)
Caused by: com.kms.katalon.core.exception.StepFailedException: Unable to maximize current window
	at com.kms.katalon.core.webui.keyword.internal.WebUIKeywordMain.stepFailed(WebUIKeywordMain.groovy:64)
	at com.kms.katalon.core.webui.keyword.internal.WebUIKeywordMain.runKeyword(WebUIKeywordMain.groovy:26)
	at com.kms.katalon.core.webui.keyword.builtin.MaximizeWindowKeyword.maximizeWindow(MaximizeWindowKeyword.groovy:74)
	at com.kms.katalon.core.webui.keyword.builtin.MaximizeWindowKeyword.execute(MaximizeWindowKeyword.groovy:69)
	at com.kms.katalon.core.keyword.internal.KeywordExecutor.executeKeywordForPlatform(KeywordExecutor.groovy:72)
	at com.kms.katalon.core.webui.keyword.WebUiBuiltInKeywords.maximizeWindow(WebUiBuiltInKeywords.groovy:279)
	at com.kms.katalon.core.webui.keyword.WebUiBuiltInKeywords$maximizeWindow$0.call(Unknown Source)
	at Login.run(Login:23)
	at com.kms.katalon.core.main.ScriptEngine.run(ScriptEngine.java:194)
	at com.kms.katalon.core.main.ScriptEngine.runScriptAsRawText(ScriptEngine.java:119)
	at com.kms.katalon.core.main.TestCaseExecutor.runScript(TestCaseExecutor.java:337)
	at com.kms.katalon.core.main.TestCaseExecutor.doExecute(TestCaseExecutor.java:328)
	at com.kms.katalon.core.main.TestCaseExecutor.processExecutionPhase(TestCaseExecutor.java:307)
	at com.kms.katalon.core.main.TestCaseExecutor.accessMainPhase(TestCaseExecutor.java:299)
	at com.kms.katalon.core.main.TestCaseExecutor.execute(TestCaseExecutor.java:233)
	at com.kms.katalon.core.main.TestCaseMain.runTestCase(TestCaseMain.java:114)
	at com.kms.katalon.core.keyword.builtin.CallTestCaseKeyword$_callTestCase_closure1.doCall(CallTestCaseKeyword.groovy:59)
	... 20 more
Caused by: org.openqa.selenium.WebDriverException: unknown error: unhandled inspector error: {"code":-32000,"message":"To maximize a minimized or fullscreen window, restore it to normal state first."}
  (Session info: chrome=80.0.3987.122)
Build info: version: '3.141.59', revision: 'e82be7d358', time: '2018-11-14T08:25:53'
System info: host: 'LAPTOP-K43U1BVQ', ip: '192.168.99.1', os.name: 'Windows 10', os.arch: 'amd64', os.version: '10.0', java.version: '1.8.0_181'
Driver info: com.kms.katalon.selenium.driver.CChromeDriver
Capabilities {acceptInsecureCerts: false, browserName: chrome, browserVersion: 80.0.3987.122, chrome: {chromedriverVersion: 79.0.3945.36 (3582db32b3389..., userDataDir: C:\Users\kaizen\AppData\Loc...}, goog:chromeOptions: {debuggerAddress: localhost:2870}, javascriptEnabled: true, networkConnectionEnabled: false, pageLoadStrategy: normal, platform: WINDOWS, platformName: WINDOWS, proxy: Proxy(), setWindowRect: true, strictFileInteractability: false, timeouts: {implicit: 0, pageLoad: 300000, script: 30000}, unhandledPromptBehavior: dismiss and notify}
Session ID: ead1b1b54edf0e4f766ba10b88b42599
	at org.openqa.selenium.remote.http.W3CHttpResponseCodec.createException(W3CHttpResponseCodec.java:187)
	at org.openqa.selenium.remote.http.W3CHttpResponseCodec.decode(W3CHttpResponseCodec.java:122)
	at org.openqa.selenium.remote.http.W3CHttpResponseCodec.decode(W3CHttpResponseCodec.java:49)
	at org.openqa.selenium.remote.HttpCommandExecutor.execute(HttpCommandExecutor.java:158)
	at org.openqa.selenium.remote.service.DriverCommandExecutor.execute(DriverCommandExecutor.java:83)
	at org.openqa.selenium.remote.RemoteWebDriver.execute(RemoteWebDriver.java:552)
	at com.kms.katalon.selenium.driver.CChromeDriver.execute(CChromeDriver.java:19)
	at org.openqa.selenium.remote.RemoteWebDriver.execute(RemoteWebDriver.java:609)
	at org.openqa.selenium.remote.RemoteWebDriver$RemoteWebDriverOptions$RemoteWindow.maximize(RemoteWebDriver.java:837)
	at org.openqa.selenium.support.events.EventFiringWebDriver$EventFiringWindow.maximize(EventFiringWebDriver.java:769)
	at com.kms.katalon.core.webui.keyword.builtin.MaximizeWindowKeyword$_maximizeWindow_closure1.doCall(MaximizeWindowKeyword.groovy:85)
	at com.kms.katalon.core.webui.keyword.builtin.MaximizeWindowKeyword$_maximizeWindow_closure1.call(MaximizeWindowKeyword.groovy)
	at com.kms.katalon.core.webui.keyword.internal.WebUIKeywordMain.runKeyword(WebUIKeywordMain.groovy:20)
	... 35 more
)

2020-03-03 09:01:23 - [TEST_STEP][PASSED] - callTestCase(findTestCase("Individual_Tests/Login"), ["Evento":"ProductoAlmacen", "Index":Index], STOP_ON_FAILURE): Call Test Case 'Test Cases/Individual_Tests/Login' successfully

2020-03-03 09:01:23 - [TEST_CASE][PASSED] - Test Cases/Individual_Tests/Login: Test Cases/Individual_Tests/Login

2020-03-03 09:01:24 - [TEST_STEP][PASSED] - print("Evento Seleccionado: " + Evento + "
"): null

2020-03-03 09:01:24 - [TEST_STEP][PASSED] - openBrowser(Web): Browser is opened with url: 'http://test.kaizendev.net/Login/Accesar?salir=true'

2020-03-03 09:01:25 - [MESSAGE][INFO] - Starting 'Chrome' driver

2020-03-03 09:01:27 - [MESSAGE][INFO] - Action delay is set to 0 seconds

2020-03-03 09:01:54 - [MESSAGE][PASSED] - Browser is opened with url: 'http://test.kaizendev.net/Login/Accesar?salir=true'

2020-03-03 09:01:54 - [TEST_STEP][PASSED] - maximizeWindow(): Current window maximized

2020-03-03 09:01:55 - [MESSAGE][PASSED] - Current window maximized

2020-03-03 09:01:55 - [TEST_STEP][PASSED] - if (Evento == "Crear20"): null

2020-03-03 09:01:55 - [TEST_STEP][PASSED] - else if (Evento == "Crear40"): null

2020-03-03 09:01:55 - [TEST_STEP][PASSED] - else if (Evento == "Aprobar"): null

2020-03-03 09:01:55 - [TEST_STEP][PASSED] - else if (Evento == "Logistica"): null

2020-03-03 09:01:55 - [TEST_STEP][PASSED] - else if (Evento == "Produccion"): null

2020-03-03 09:01:55 - [TEST_STEP][PASSED] - else if (Evento == "Inventario"): null

2020-03-03 09:01:55 - [TEST_STEP][PASSED] - else if (Evento == "Despacho"): null

2020-03-03 09:01:55 - [TEST_STEP][PASSED] - else if (Evento == "ProductoAlmacen"): Object: 'Object Repository/Page_Iniciar Sesion - KAIZEN/is_btn_ingresar_sistema' is clicked on

2020-03-03 09:01:55 - [TEST_STEP][PASSED] - data7 = obtener_excels.obtener_producto_almacen.getValuesExcelProductoAlmacen(Index): obtener_excels.obtener_producto_almacen.getValuesExcelProductoAlmacen is PASSED

2020-03-03 09:01:56 - [MESSAGE][PASSED] - obtener_excels.obtener_producto_almacen.getValuesExcelProductoAlmacen is PASSED

2020-03-03 09:01:56 - [TEST_STEP][PASSED] - Usuario = data7[1]: null

2020-03-03 09:01:56 - [TEST_STEP][PASSED] - Contrasena = data7[2]: null

2020-03-03 09:01:56 - [TEST_STEP][PASSED] - setText(findTestObject("Page_Iniciar Sesion - KAIZEN/is_input_email"), Usuario): Text 'automated.test@grupokaizen.net' is set on object 'Object Repository/Page_Iniciar Sesion - KAIZEN/is_input_email'

2020-03-03 09:01:57 - [MESSAGE][PASSED] - Text 'automated.test@grupokaizen.net' is set on object 'Object Repository/Page_Iniciar Sesion - KAIZEN/is_input_email'

2020-03-03 09:01:57 - [TEST_STEP][PASSED] - setEncryptedText(findTestObject("Page_Iniciar Sesion - KAIZEN/IS_input_contrasena"), Contrasena): Text ****** has been set on object 'Object Repository/Page_Iniciar Sesion - KAIZEN/IS_input_contrasena'

2020-03-03 09:01:58 - [MESSAGE][PASSED] - Text ****** has been set on object 'Object Repository/Page_Iniciar Sesion - KAIZEN/IS_input_contrasena'

2020-03-03 09:01:58 - [TEST_STEP][PASSED] - click(findTestObject("Page_Iniciar Sesion - KAIZEN/is_btn_ingresar_sistema")): Object: 'Object Repository/Page_Iniciar Sesion - KAIZEN/is_btn_ingresar_sistema' is clicked on

2020-03-03 09:02:01 - [MESSAGE][PASSED] - Object: 'Object Repository/Page_Iniciar Sesion - KAIZEN/is_btn_ingresar_sistema' is clicked on

2020-03-03 09:02:01 - [MESSAGE][PASSED] - Call Test Case 'Test Cases/Individual_Tests/Login' successfully

2020-03-03 09:02:01 - [TEST_STEP][PASSED] - callTestCase(findTestCase("Individual_Tests/Seleccionar_Idioma"), ["Evento":"ProductoAlmacen", "Index":Index], STOP_ON_FAILURE): Call Test Case 'Test Cases/Individual_Tests/Seleccionar_Idioma' successfully

2020-03-03 09:02:01 - [TEST_CASE][PASSED] - Test Cases/Individual_Tests/Seleccionar_Idioma: Test Cases/Individual_Tests/Seleccionar_Idioma

2020-03-03 09:02:02 - [TEST_STEP][PASSED] - Idioma = 0: null

2020-03-03 09:02:02 - [TEST_STEP][PASSED] - if (Evento == "Crear20"): null

2020-03-03 09:02:02 - [TEST_STEP][PASSED] - else if (Evento == "Crear40"): null

2020-03-03 09:02:02 - [TEST_STEP][PASSED] - else if (Evento == "Aprobar"): null

2020-03-03 09:02:02 - [TEST_STEP][PASSED] - else if (Evento == "Logistica"): null

2020-03-03 09:02:02 - [TEST_STEP][PASSED] - else if (Evento == "Produccion"): null

2020-03-03 09:02:02 - [TEST_STEP][PASSED] - else if (Evento == "Inventario"): null

2020-03-03 09:02:02 - [TEST_STEP][PASSED] - else if (Evento == "Despacho"): null

2020-03-03 09:02:02 - [TEST_STEP][PASSED] - else if (Evento == "ProductoAlmacen"): null

2020-03-03 09:02:02 - [TEST_STEP][PASSED] - data8 = obtener_excels.obtener_producto_almacen.getValuesExcelProductoAlmacen(Index): obtener_excels.obtener_producto_almacen.getValuesExcelProductoAlmacen is PASSED

2020-03-03 09:02:02 - [MESSAGE][PASSED] - obtener_excels.obtener_producto_almacen.getValuesExcelProductoAlmacen is PASSED

2020-03-03 09:02:02 - [TEST_STEP][PASSED] - Idioma = data8[0]: null

2020-03-03 09:02:02 - [TEST_STEP][PASSED] - click(findTestObject("Page_- KAIZEN/si_btn_idioma")): Object: 'Object Repository/Page_- KAIZEN/si_btn_idioma' is clicked on

2020-03-03 09:02:03 - [MESSAGE][PASSED] - Object: 'Object Repository/Page_- KAIZEN/si_btn_idioma' is clicked on

2020-03-03 09:02:03 - [TEST_STEP][PASSED] - if (Idioma == "0"): null

2020-03-03 09:02:03 - [TEST_STEP][PASSED] - else: Object: 'Object Repository/Page_- KAIZEN/si_Spanish' is clicked on

2020-03-03 09:02:03 - [TEST_STEP][PASSED] - click(findTestObject("Page_- KAIZEN/si_Spanish")): Object: 'Object Repository/Page_- KAIZEN/si_Spanish' is clicked on

2020-03-03 09:02:04 - [MESSAGE][PASSED] - Object: 'Object Repository/Page_- KAIZEN/si_Spanish' is clicked on

2020-03-03 09:02:04 - [MESSAGE][PASSED] - Call Test Case 'Test Cases/Individual_Tests/Seleccionar_Idioma' successfully

2020-03-03 09:02:04 - [TEST_STEP][PASSED] - callTestCase(findTestCase("Individual_Tests/Anadir_Producto_Almacen"), ["Index":Index], STOP_ON_FAILURE): Call Test Case 'Test Cases/Individual_Tests/Anadir_Producto_Almacen' successfully

2020-03-03 09:02:05 - [TEST_CASE][PASSED] - Test Cases/Individual_Tests/Anadir_Producto_Almacen: Test Cases/Individual_Tests/Anadir_Producto_Almacen

2020-03-03 09:02:05 - [TEST_STEP][PASSED] - data = obtener_excels.obtener_producto_almacen.getValuesExcelProductoAlmacen(Index): obtener_excels.obtener_producto_almacen.getValuesExcelProductoAlmacen is PASSED

2020-03-03 09:02:05 - [MESSAGE][PASSED] - obtener_excels.obtener_producto_almacen.getValuesExcelProductoAlmacen is PASSED

2020-03-03 09:02:05 - [TEST_STEP][PASSED] - Producto = data[3]: null

2020-03-03 09:02:05 - [TEST_STEP][PASSED] - CantidadMinima = data[4]: null

2020-03-03 09:02:05 - [TEST_STEP][PASSED] - CantidadMaxima = data[5]: null

2020-03-03 09:02:05 - [TEST_STEP][PASSED] - Almacen = data[6]: null

2020-03-03 09:02:05 - [TEST_STEP][PASSED] - Almacen2 = data[7]: null

2020-03-03 09:02:05 - [TEST_STEP][PASSED] - click(findTestObject("Object Repository/Page_- KAIZEN/mvi_menu_Inventario")): Object: 'Object Repository/Page_- KAIZEN/mvi_menu_Inventario' is clicked on

2020-03-03 09:02:06 - [MESSAGE][PASSED] - Object: 'Object Repository/Page_- KAIZEN/mvi_menu_Inventario' is clicked on

2020-03-03 09:02:06 - [TEST_STEP][PASSED] - click(findTestObject("Object Repository/Page_- KAIZEN/mvi_menu_productos_por_almacen")): Object: 'Object Repository/Page_- KAIZEN/mvi_menu_productos_por_almacen' is clicked on

2020-03-03 09:02:10 - [MESSAGE][PASSED] - Object: 'Object Repository/Page_- KAIZEN/mvi_menu_productos_por_almacen' is clicked on

2020-03-03 09:02:10 - [TEST_STEP][PASSED] - click(findTestObject("Object Repository/Page_Index - KAIZEN/mvi_agregar")): Object: 'Object Repository/Page_Index - KAIZEN/mvi_agregar' is clicked on

2020-03-03 09:02:12 - [MESSAGE][PASSED] - Object: 'Object Repository/Page_Index - KAIZEN/mvi_agregar' is clicked on

2020-03-03 09:02:12 - [TEST_STEP][PASSED] - click(findTestObject("Object Repository/Page_Agregar Productos - KAIZEN/mvi_btn_seleccione")): Object: 'Object Repository/Page_Agregar Productos - KAIZEN/mvi_btn_seleccione' is clicked on

2020-03-03 09:02:13 - [MESSAGE][PASSED] - Object: 'Object Repository/Page_Agregar Productos - KAIZEN/mvi_btn_seleccione' is clicked on

2020-03-03 09:02:13 - [TEST_STEP][PASSED] - setText(findTestObject("Object Repository/Page_Agregar Productos - KAIZEN/mvi_assing_prodcuto"), Producto): Text 'Paleta 4 tambores 55 gal trenton' is set on object 'Object Repository/Page_Agregar Productos - KAIZEN/mvi_assing_prodcuto'

2020-03-03 09:02:15 - [MESSAGE][PASSED] - Text 'Paleta 4 tambores 55 gal trenton' is set on object 'Object Repository/Page_Agregar Productos - KAIZEN/mvi_assing_prodcuto'

2020-03-03 09:02:15 - [TEST_STEP][PASSED] - sendKeys(findTestObject("Object Repository/Page_Agregar Productos - KAIZEN/mvi_assing_prodcuto"), Keys.chord(ENTER)): Keys 'ENTER + ' sent to object: 'Object Repository/Page_Agregar Productos - KAIZEN/mvi_assing_prodcuto'

2020-03-03 09:02:16 - [MESSAGE][PASSED] - Keys 'ENTER + ' sent to object: 'Object Repository/Page_Agregar Productos - KAIZEN/mvi_assing_prodcuto'

2020-03-03 09:02:16 - [TEST_STEP][PASSED] - selectOptionByValue(findTestObject("Object Repository/Page_Agregar Productos - KAIZEN/mvi_assing_almacen"), Almacen, true): All options with value '2' are selected in object 'Object Repository/Page_Agregar Productos - KAIZEN/mvi_assing_almacen'  using regular expression

2020-03-03 09:02:17 - [MESSAGE][PASSED] - All options with value '2' are selected in object 'Object Repository/Page_Agregar Productos - KAIZEN/mvi_assing_almacen'  using regular expression

2020-03-03 09:02:17 - [TEST_STEP][PASSED] - delay(3): Delayed 3 second(s)

2020-03-03 09:02:20 - [MESSAGE][PASSED] - Delayed 3 second(s)

2020-03-03 09:02:20 - [TEST_STEP][PASSED] - modal = executeJavaScript("return document.querySelector('.swal2-popup');", null): Execute JavaScript 'return document.querySelector('.swal2-popup');' successfully

2020-03-03 09:02:20 - [MESSAGE][PASSED] - Execute JavaScript 'return document.querySelector('.swal2-popup');' successfully

2020-03-03 09:02:20 - [TEST_STEP][PASSED] - print(modal): null

2020-03-03 09:02:20 - [TEST_STEP][PASSED] - if (modal == null): null

2020-03-03 09:02:20 - [TEST_STEP][PASSED] - else: Execute JavaScript 'document.querySelector(".swal2-confirm").click();' successfully

2020-03-03 09:02:20 - [TEST_STEP][PASSED] - executeJavaScript("document.querySelector(".swal2-confirm").click();", null): Execute JavaScript 'document.querySelector(".swal2-confirm").click();' successfully

2020-03-03 09:02:20 - [MESSAGE][PASSED] - Execute JavaScript 'document.querySelector(".swal2-confirm").click();' successfully

2020-03-03 09:02:20 - [TEST_STEP][PASSED] - click(findTestObject("Object Repository/Page_- KAIZEN/mvi_menu_Inventario")): Object: 'Object Repository/Page_- KAIZEN/mvi_menu_Inventario' is clicked on

2020-03-03 09:02:21 - [MESSAGE][PASSED] - Object: 'Object Repository/Page_- KAIZEN/mvi_menu_Inventario' is clicked on

2020-03-03 09:02:21 - [TEST_STEP][PASSED] - click(findTestObject("Object Repository/Page_- KAIZEN/mvi_menu_productos_por_almacen")): Object: 'Object Repository/Page_- KAIZEN/mvi_menu_productos_por_almacen' is clicked on

2020-03-03 09:02:23 - [MESSAGE][PASSED] - Object: 'Object Repository/Page_- KAIZEN/mvi_menu_productos_por_almacen' is clicked on

2020-03-03 09:02:23 - [TEST_STEP][PASSED] - click(findTestObject("Object Repository/Page_Index - KAIZEN/mvi_agregar")): Object: 'Object Repository/Page_Index - KAIZEN/mvi_agregar' is clicked on

2020-03-03 09:02:25 - [MESSAGE][PASSED] - Object: 'Object Repository/Page_Index - KAIZEN/mvi_agregar' is clicked on

2020-03-03 09:02:25 - [TEST_STEP][PASSED] - click(findTestObject("Object Repository/Page_Agregar Productos - KAIZEN/mvi_btn_seleccione")): Object: 'Object Repository/Page_Agregar Productos - KAIZEN/mvi_btn_seleccione' is clicked on

2020-03-03 09:02:26 - [MESSAGE][PASSED] - Object: 'Object Repository/Page_Agregar Productos - KAIZEN/mvi_btn_seleccione' is clicked on

2020-03-03 09:02:26 - [TEST_STEP][PASSED] - setText(findTestObject("Object Repository/Page_Agregar Productos - KAIZEN/mvi_assing_prodcuto"), Producto): Text 'Paleta 4 tambores 55 gal trenton' is set on object 'Object Repository/Page_Agregar Productos - KAIZEN/mvi_assing_prodcuto'

2020-03-03 09:02:27 - [MESSAGE][PASSED] - Text 'Paleta 4 tambores 55 gal trenton' is set on object 'Object Repository/Page_Agregar Productos - KAIZEN/mvi_assing_prodcuto'

2020-03-03 09:02:27 - [TEST_STEP][PASSED] - sendKeys(findTestObject("Object Repository/Page_Agregar Productos - KAIZEN/mvi_assing_prodcuto"), Keys.chord(ENTER)): Keys 'ENTER + ' sent to object: 'Object Repository/Page_Agregar Productos - KAIZEN/mvi_assing_prodcuto'

2020-03-03 09:02:28 - [MESSAGE][PASSED] - Keys 'ENTER + ' sent to object: 'Object Repository/Page_Agregar Productos - KAIZEN/mvi_assing_prodcuto'

2020-03-03 09:02:28 - [TEST_STEP][PASSED] - selectOptionByValue(findTestObject("Object Repository/Page_Agregar Productos - KAIZEN/mvi_assing_almacen"), Almacen2, true): All options with value '7' are selected in object 'Object Repository/Page_Agregar Productos - KAIZEN/mvi_assing_almacen'  using regular expression

2020-03-03 09:02:29 - [MESSAGE][PASSED] - All options with value '7' are selected in object 'Object Repository/Page_Agregar Productos - KAIZEN/mvi_assing_almacen'  using regular expression

2020-03-03 09:02:29 - [TEST_STEP][PASSED] - delay(3): Delayed 3 second(s)

2020-03-03 09:02:32 - [MESSAGE][PASSED] - Delayed 3 second(s)

2020-03-03 09:02:32 - [TEST_STEP][PASSED] - modal2 = executeJavaScript("return document.querySelector('.swal2-popup');", null): Execute JavaScript 'return document.querySelector('.swal2-popup');' successfully

2020-03-03 09:02:32 - [MESSAGE][PASSED] - Execute JavaScript 'return document.querySelector('.swal2-popup');' successfully

2020-03-03 09:02:32 - [TEST_STEP][PASSED] - if (modal2 == null): null

2020-03-03 09:02:32 - [TEST_STEP][PASSED] - else: Browser is closed

2020-03-03 09:02:32 - [TEST_STEP][PASSED] - executeJavaScript("document.querySelector(".swal2-confirm").click();", null): Execute JavaScript 'document.querySelector(".swal2-confirm").click();' successfully

2020-03-03 09:02:32 - [MESSAGE][PASSED] - Execute JavaScript 'document.querySelector(".swal2-confirm").click();' successfully

2020-03-03 09:02:32 - [TEST_STEP][PASSED] - closeBrowser(): Browser is closed

2020-03-03 09:02:33 - [MESSAGE][PASSED] - Browser is closed

2020-03-03 09:02:33 - [MESSAGE][PASSED] - Call Test Case 'Test Cases/Individual_Tests/Anadir_Producto_Almacen' successfully

2020-03-03 09:02:33 - [TEST_STEP][PASSED] - callTestCase(findTestCase("Individual_Tests/Login"), ["Evento":"ProductoAlmacen", "Index":Index], STOP_ON_FAILURE): Call Test Case 'Test Cases/Individual_Tests/Login' successfully

2020-03-03 09:02:33 - [TEST_CASE][PASSED] - Test Cases/Individual_Tests/Login: Test Cases/Individual_Tests/Login

2020-03-03 09:02:33 - [TEST_STEP][PASSED] - print("Evento Seleccionado: " + Evento + "
"): null

2020-03-03 09:02:33 - [TEST_STEP][PASSED] - openBrowser(Web): Browser is opened with url: 'http://test.kaizendev.net/Login/Accesar?salir=true'

2020-03-03 09:02:33 - [MESSAGE][INFO] - Starting 'Chrome' driver

2020-03-03 09:02:48 - [MESSAGE][PASSED] - Browser is opened with url: 'http://test.kaizendev.net/Login/Accesar?salir=true'

2020-03-03 09:02:48 - [TEST_STEP][PASSED] - maximizeWindow(): Current window maximized

2020-03-03 09:02:50 - [MESSAGE][PASSED] - Current window maximized

2020-03-03 09:02:50 - [TEST_STEP][PASSED] - if (Evento == "Crear20"): null

2020-03-03 09:02:50 - [TEST_STEP][PASSED] - else if (Evento == "Crear40"): null

2020-03-03 09:02:50 - [TEST_STEP][PASSED] - else if (Evento == "Aprobar"): null

2020-03-03 09:02:50 - [TEST_STEP][PASSED] - else if (Evento == "Logistica"): null

2020-03-03 09:02:50 - [TEST_STEP][PASSED] - else if (Evento == "Produccion"): null

2020-03-03 09:02:50 - [TEST_STEP][PASSED] - else if (Evento == "Inventario"): null

2020-03-03 09:02:50 - [TEST_STEP][PASSED] - else if (Evento == "Despacho"): null

2020-03-03 09:02:50 - [TEST_STEP][PASSED] - else if (Evento == "ProductoAlmacen"): Object: 'Object Repository/Page_Iniciar Sesion - KAIZEN/is_btn_ingresar_sistema' is clicked on

2020-03-03 09:02:50 - [TEST_STEP][PASSED] - data7 = obtener_excels.obtener_producto_almacen.getValuesExcelProductoAlmacen(Index): obtener_excels.obtener_producto_almacen.getValuesExcelProductoAlmacen is PASSED

2020-03-03 09:02:50 - [MESSAGE][PASSED] - obtener_excels.obtener_producto_almacen.getValuesExcelProductoAlmacen is PASSED

2020-03-03 09:02:50 - [TEST_STEP][PASSED] - Usuario = data7[1]: null

2020-03-03 09:02:50 - [TEST_STEP][PASSED] - Contrasena = data7[2]: null

2020-03-03 09:02:50 - [TEST_STEP][PASSED] - setText(findTestObject("Page_Iniciar Sesion - KAIZEN/is_input_email"), Usuario): Text 'automated.test@grupokaizen.net' is set on object 'Object Repository/Page_Iniciar Sesion - KAIZEN/is_input_email'

2020-03-03 09:02:51 - [MESSAGE][PASSED] - Text 'automated.test@grupokaizen.net' is set on object 'Object Repository/Page_Iniciar Sesion - KAIZEN/is_input_email'

2020-03-03 09:02:51 - [TEST_STEP][PASSED] - setEncryptedText(findTestObject("Page_Iniciar Sesion - KAIZEN/IS_input_contrasena"), Contrasena): Text ****** has been set on object 'Object Repository/Page_Iniciar Sesion - KAIZEN/IS_input_contrasena'

2020-03-03 09:02:51 - [MESSAGE][PASSED] - Text ****** has been set on object 'Object Repository/Page_Iniciar Sesion - KAIZEN/IS_input_contrasena'

2020-03-03 09:02:51 - [TEST_STEP][PASSED] - click(findTestObject("Page_Iniciar Sesion - KAIZEN/is_btn_ingresar_sistema")): Object: 'Object Repository/Page_Iniciar Sesion - KAIZEN/is_btn_ingresar_sistema' is clicked on

2020-03-03 09:02:54 - [MESSAGE][PASSED] - Object: 'Object Repository/Page_Iniciar Sesion - KAIZEN/is_btn_ingresar_sistema' is clicked on

2020-03-03 09:02:54 - [MESSAGE][PASSED] - Call Test Case 'Test Cases/Individual_Tests/Login' successfully

2020-03-03 09:02:54 - [TEST_STEP][PASSED] - callTestCase(findTestCase("Individual_Tests/Seleccionar_Idioma"), ["Evento":"ProductoAlmacen", "Index":Index], STOP_ON_FAILURE): Call Test Case 'Test Cases/Individual_Tests/Seleccionar_Idioma' successfully

2020-03-03 09:02:54 - [TEST_CASE][PASSED] - Test Cases/Individual_Tests/Seleccionar_Idioma: Test Cases/Individual_Tests/Seleccionar_Idioma

2020-03-03 09:02:54 - [TEST_STEP][PASSED] - Idioma = 0: null

2020-03-03 09:02:54 - [TEST_STEP][PASSED] - if (Evento == "Crear20"): null

2020-03-03 09:02:54 - [TEST_STEP][PASSED] - else if (Evento == "Crear40"): null

2020-03-03 09:02:54 - [TEST_STEP][PASSED] - else if (Evento == "Aprobar"): null

2020-03-03 09:02:54 - [TEST_STEP][PASSED] - else if (Evento == "Logistica"): null

2020-03-03 09:02:54 - [TEST_STEP][PASSED] - else if (Evento == "Produccion"): null

2020-03-03 09:02:54 - [TEST_STEP][PASSED] - else if (Evento == "Inventario"): null

2020-03-03 09:02:54 - [TEST_STEP][PASSED] - else if (Evento == "Despacho"): null

2020-03-03 09:02:54 - [TEST_STEP][PASSED] - else if (Evento == "ProductoAlmacen"): null

2020-03-03 09:02:54 - [TEST_STEP][PASSED] - data8 = obtener_excels.obtener_producto_almacen.getValuesExcelProductoAlmacen(Index): obtener_excels.obtener_producto_almacen.getValuesExcelProductoAlmacen is PASSED

2020-03-03 09:02:54 - [MESSAGE][PASSED] - obtener_excels.obtener_producto_almacen.getValuesExcelProductoAlmacen is PASSED

2020-03-03 09:02:54 - [TEST_STEP][PASSED] - Idioma = data8[0]: null

2020-03-03 09:02:54 - [TEST_STEP][PASSED] - click(findTestObject("Page_- KAIZEN/si_btn_idioma")): Object: 'Object Repository/Page_- KAIZEN/si_btn_idioma' is clicked on

2020-03-03 09:02:55 - [MESSAGE][PASSED] - Object: 'Object Repository/Page_- KAIZEN/si_btn_idioma' is clicked on

2020-03-03 09:02:55 - [TEST_STEP][PASSED] - if (Idioma == "0"): null

2020-03-03 09:02:55 - [TEST_STEP][PASSED] - else: Object: 'Object Repository/Page_- KAIZEN/si_Spanish' is clicked on

2020-03-03 09:02:55 - [TEST_STEP][PASSED] - click(findTestObject("Page_- KAIZEN/si_Spanish")): Object: 'Object Repository/Page_- KAIZEN/si_Spanish' is clicked on

2020-03-03 09:02:57 - [MESSAGE][PASSED] - Object: 'Object Repository/Page_- KAIZEN/si_Spanish' is clicked on

2020-03-03 09:02:57 - [MESSAGE][PASSED] - Call Test Case 'Test Cases/Individual_Tests/Seleccionar_Idioma' successfully

2020-03-03 09:02:57 - [TEST_STEP][PASSED] - callTestCase(findTestCase("Individual_Tests/Anadir_Producto_Almacen"), ["Index":Index], STOP_ON_FAILURE): Call Test Case 'Test Cases/Individual_Tests/Anadir_Producto_Almacen' successfully

2020-03-03 09:02:57 - [TEST_CASE][PASSED] - Test Cases/Individual_Tests/Anadir_Producto_Almacen: Test Cases/Individual_Tests/Anadir_Producto_Almacen

2020-03-03 09:02:57 - [TEST_STEP][PASSED] - data = obtener_excels.obtener_producto_almacen.getValuesExcelProductoAlmacen(Index): obtener_excels.obtener_producto_almacen.getValuesExcelProductoAlmacen is PASSED

2020-03-03 09:02:57 - [MESSAGE][PASSED] - obtener_excels.obtener_producto_almacen.getValuesExcelProductoAlmacen is PASSED

2020-03-03 09:02:57 - [TEST_STEP][PASSED] - Producto = data[3]: null

2020-03-03 09:02:57 - [TEST_STEP][PASSED] - CantidadMinima = data[4]: null

2020-03-03 09:02:57 - [TEST_STEP][PASSED] - CantidadMaxima = data[5]: null

2020-03-03 09:02:57 - [TEST_STEP][PASSED] - Almacen = data[6]: null

2020-03-03 09:02:57 - [TEST_STEP][PASSED] - Almacen2 = data[7]: null

2020-03-03 09:02:57 - [TEST_STEP][PASSED] - click(findTestObject("Object Repository/Page_- KAIZEN/mvi_menu_Inventario")): Object: 'Object Repository/Page_- KAIZEN/mvi_menu_Inventario' is clicked on

2020-03-03 09:02:57 - [MESSAGE][PASSED] - Object: 'Object Repository/Page_- KAIZEN/mvi_menu_Inventario' is clicked on

2020-03-03 09:02:57 - [TEST_STEP][PASSED] - click(findTestObject("Object Repository/Page_- KAIZEN/mvi_menu_productos_por_almacen")): Object: 'Object Repository/Page_- KAIZEN/mvi_menu_productos_por_almacen' is clicked on

2020-03-03 09:03:00 - [MESSAGE][PASSED] - Object: 'Object Repository/Page_- KAIZEN/mvi_menu_productos_por_almacen' is clicked on

2020-03-03 09:03:00 - [TEST_STEP][PASSED] - click(findTestObject("Object Repository/Page_Index - KAIZEN/mvi_agregar")): Object: 'Object Repository/Page_Index - KAIZEN/mvi_agregar' is clicked on

2020-03-03 09:03:02 - [MESSAGE][PASSED] - Object: 'Object Repository/Page_Index - KAIZEN/mvi_agregar' is clicked on

2020-03-03 09:03:02 - [TEST_STEP][PASSED] - click(findTestObject("Object Repository/Page_Agregar Productos - KAIZEN/mvi_btn_seleccione")): Object: 'Object Repository/Page_Agregar Productos - KAIZEN/mvi_btn_seleccione' is clicked on

2020-03-03 09:03:02 - [MESSAGE][PASSED] - Object: 'Object Repository/Page_Agregar Productos - KAIZEN/mvi_btn_seleccione' is clicked on

2020-03-03 09:03:02 - [TEST_STEP][PASSED] - setText(findTestObject("Object Repository/Page_Agregar Productos - KAIZEN/mvi_assing_prodcuto"), Producto): Text 'TRENTON 5 LUBERMAX SYNTHETIC BLEND TOP HD FORTIFIED WITH MOLY 10W-40' is set on object 'Object Repository/Page_Agregar Productos - KAIZEN/mvi_assing_prodcuto'

2020-03-03 09:03:05 - [MESSAGE][PASSED] - Text 'TRENTON 5 LUBERMAX SYNTHETIC BLEND TOP HD FORTIFIED WITH MOLY 10W-40' is set on object 'Object Repository/Page_Agregar Productos - KAIZEN/mvi_assing_prodcuto'

2020-03-03 09:03:05 - [TEST_STEP][PASSED] - sendKeys(findTestObject("Object Repository/Page_Agregar Productos - KAIZEN/mvi_assing_prodcuto"), Keys.chord(ENTER)): Keys 'ENTER + ' sent to object: 'Object Repository/Page_Agregar Productos - KAIZEN/mvi_assing_prodcuto'

2020-03-03 09:03:06 - [MESSAGE][PASSED] - Keys 'ENTER + ' sent to object: 'Object Repository/Page_Agregar Productos - KAIZEN/mvi_assing_prodcuto'

2020-03-03 09:03:06 - [TEST_STEP][PASSED] - selectOptionByValue(findTestObject("Object Repository/Page_Agregar Productos - KAIZEN/mvi_assing_almacen"), Almacen, true): All options with value '6' are selected in object 'Object Repository/Page_Agregar Productos - KAIZEN/mvi_assing_almacen'  using regular expression

2020-03-03 09:03:07 - [MESSAGE][PASSED] - All options with value '6' are selected in object 'Object Repository/Page_Agregar Productos - KAIZEN/mvi_assing_almacen'  using regular expression

2020-03-03 09:03:07 - [TEST_STEP][PASSED] - delay(3): Delayed 3 second(s)

2020-03-03 09:03:10 - [MESSAGE][PASSED] - Delayed 3 second(s)

2020-03-03 09:03:10 - [TEST_STEP][PASSED] - modal = executeJavaScript("return document.querySelector('.swal2-popup');", null): Execute JavaScript 'return document.querySelector('.swal2-popup');' successfully

2020-03-03 09:03:10 - [MESSAGE][PASSED] - Execute JavaScript 'return document.querySelector('.swal2-popup');' successfully

2020-03-03 09:03:10 - [TEST_STEP][PASSED] - print(modal): null

2020-03-03 09:03:10 - [TEST_STEP][PASSED] - if (modal == null): null

2020-03-03 09:03:10 - [TEST_STEP][PASSED] - else: Execute JavaScript 'document.querySelector(".swal2-confirm").click();' successfully

2020-03-03 09:03:10 - [TEST_STEP][PASSED] - executeJavaScript("document.querySelector(".swal2-confirm").click();", null): Execute JavaScript 'document.querySelector(".swal2-confirm").click();' successfully

2020-03-03 09:03:10 - [MESSAGE][PASSED] - Execute JavaScript 'document.querySelector(".swal2-confirm").click();' successfully

2020-03-03 09:03:10 - [TEST_STEP][PASSED] - click(findTestObject("Object Repository/Page_- KAIZEN/mvi_menu_Inventario")): Object: 'Object Repository/Page_- KAIZEN/mvi_menu_Inventario' is clicked on

2020-03-03 09:03:11 - [MESSAGE][PASSED] - Object: 'Object Repository/Page_- KAIZEN/mvi_menu_Inventario' is clicked on

2020-03-03 09:03:11 - [TEST_STEP][PASSED] - click(findTestObject("Object Repository/Page_- KAIZEN/mvi_menu_productos_por_almacen")): Object: 'Object Repository/Page_- KAIZEN/mvi_menu_productos_por_almacen' is clicked on

2020-03-03 09:03:15 - [MESSAGE][PASSED] - Object: 'Object Repository/Page_- KAIZEN/mvi_menu_productos_por_almacen' is clicked on

2020-03-03 09:03:15 - [TEST_STEP][PASSED] - click(findTestObject("Object Repository/Page_Index - KAIZEN/mvi_agregar")): Object: 'Object Repository/Page_Index - KAIZEN/mvi_agregar' is clicked on

2020-03-03 09:03:17 - [MESSAGE][PASSED] - Object: 'Object Repository/Page_Index - KAIZEN/mvi_agregar' is clicked on

2020-03-03 09:03:17 - [TEST_STEP][PASSED] - click(findTestObject("Object Repository/Page_Agregar Productos - KAIZEN/mvi_btn_seleccione")): Object: 'Object Repository/Page_Agregar Productos - KAIZEN/mvi_btn_seleccione' is clicked on

2020-03-03 09:03:18 - [MESSAGE][PASSED] - Object: 'Object Repository/Page_Agregar Productos - KAIZEN/mvi_btn_seleccione' is clicked on

2020-03-03 09:03:18 - [TEST_STEP][PASSED] - setText(findTestObject("Object Repository/Page_Agregar Productos - KAIZEN/mvi_assing_prodcuto"), Producto): Text 'TRENTON 5 LUBERMAX SYNTHETIC BLEND TOP HD FORTIFIED WITH MOLY 10W-40' is set on object 'Object Repository/Page_Agregar Productos - KAIZEN/mvi_assing_prodcuto'

2020-03-03 09:03:20 - [MESSAGE][PASSED] - Text 'TRENTON 5 LUBERMAX SYNTHETIC BLEND TOP HD FORTIFIED WITH MOLY 10W-40' is set on object 'Object Repository/Page_Agregar Productos - KAIZEN/mvi_assing_prodcuto'

2020-03-03 09:03:20 - [TEST_STEP][PASSED] - sendKeys(findTestObject("Object Repository/Page_Agregar Productos - KAIZEN/mvi_assing_prodcuto"), Keys.chord(ENTER)): Keys 'ENTER + ' sent to object: 'Object Repository/Page_Agregar Productos - KAIZEN/mvi_assing_prodcuto'

2020-03-03 09:03:21 - [MESSAGE][PASSED] - Keys 'ENTER + ' sent to object: 'Object Repository/Page_Agregar Productos - KAIZEN/mvi_assing_prodcuto'

2020-03-03 09:03:21 - [TEST_STEP][PASSED] - selectOptionByValue(findTestObject("Object Repository/Page_Agregar Productos - KAIZEN/mvi_assing_almacen"), Almacen2, true): All options with value '1' are selected in object 'Object Repository/Page_Agregar Productos - KAIZEN/mvi_assing_almacen'  using regular expression

2020-03-03 09:03:22 - [MESSAGE][PASSED] - All options with value '1' are selected in object 'Object Repository/Page_Agregar Productos - KAIZEN/mvi_assing_almacen'  using regular expression

2020-03-03 09:03:22 - [TEST_STEP][PASSED] - delay(3): Delayed 3 second(s)

2020-03-03 09:03:25 - [MESSAGE][PASSED] - Delayed 3 second(s)

2020-03-03 09:03:25 - [TEST_STEP][PASSED] - modal2 = executeJavaScript("return document.querySelector('.swal2-popup');", null): Execute JavaScript 'return document.querySelector('.swal2-popup');' successfully

2020-03-03 09:03:25 - [MESSAGE][PASSED] - Execute JavaScript 'return document.querySelector('.swal2-popup');' successfully

2020-03-03 09:03:25 - [TEST_STEP][PASSED] - if (modal2 == null): null

2020-03-03 09:03:25 - [TEST_STEP][PASSED] - setText(findTestObject("Object Repository/Page_Agregar Productos - KAIZEN/mvi_cantidad_mnima_almacn"), CantidadMinima): Text '19' is set on object 'Object Repository/Page_Agregar Productos - KAIZEN/mvi_cantidad_mnima_almacn'

2020-03-03 09:03:26 - [MESSAGE][PASSED] - Text '19' is set on object 'Object Repository/Page_Agregar Productos - KAIZEN/mvi_cantidad_mnima_almacn'

2020-03-03 09:03:26 - [TEST_STEP][PASSED] - setText(findTestObject("Object Repository/Page_Agregar Productos - KAIZEN/mvi_cantidad_mxima_en_almacn"), CantidadMaxima): Text '66871' is set on object 'Object Repository/Page_Agregar Productos - KAIZEN/mvi_cantidad_mxima_en_almacn'

2020-03-03 09:03:26 - [MESSAGE][PASSED] - Text '66871' is set on object 'Object Repository/Page_Agregar Productos - KAIZEN/mvi_cantidad_mxima_en_almacn'

2020-03-03 09:03:26 - [TEST_STEP][PASSED] - if (verifyElementPresent(findTestObject("Object Repository/Page_Agregar Productos - KAIZEN/mvi_button_OK"), 5, OPTIONAL)): null

2020-03-03 09:03:27 - [MESSAGE][PASSED] - Object 'Object Repository/Page_Agregar Productos - KAIZEN/mvi_button_OK' is present

2020-03-03 09:03:27 - [TEST_STEP][PASSED] - delay(7): Delayed 7 second(s)

2020-03-03 09:03:34 - [MESSAGE][PASSED] - Delayed 7 second(s)

2020-03-03 09:03:34 - [TEST_STEP][PASSED] - click(findTestObject("Object Repository/Page_Agregar Productos - KAIZEN/mvi_button_OK")): Object: 'Object Repository/Page_Agregar Productos - KAIZEN/mvi_button_OK' is clicked on

2020-03-03 09:03:35 - [MESSAGE][PASSED] - Object: 'Object Repository/Page_Agregar Productos - KAIZEN/mvi_button_OK' is clicked on

2020-03-03 09:03:35 - [TEST_STEP][PASSED] - selectOptionByValue(findTestObject("Object Repository/Page_Agregar Productos - KAIZEN/mvi_assing_almacen"), "4", true): All options with value '4' are selected in object 'Object Repository/Page_Agregar Productos - KAIZEN/mvi_assing_almacen'  using regular expression

2020-03-03 09:03:36 - [MESSAGE][PASSED] - All options with value '4' are selected in object 'Object Repository/Page_Agregar Productos - KAIZEN/mvi_assing_almacen'  using regular expression

2020-03-03 09:03:36 - [TEST_STEP][PASSED] - selectOptionByValue(findTestObject("Object Repository/Page_Agregar Productos - KAIZEN/mvi_assing_almacen"), Almacen2, true): All options with value '1' are selected in object 'Object Repository/Page_Agregar Productos - KAIZEN/mvi_assing_almacen'  using regular expression

2020-03-03 09:03:38 - [MESSAGE][PASSED] - All options with value '1' are selected in object 'Object Repository/Page_Agregar Productos - KAIZEN/mvi_assing_almacen'  using regular expression

2020-03-03 09:03:38 - [MESSAGE][PASSED] - Call Test Case 'Test Cases/Individual_Tests/Anadir_Producto_Almacen' successfully

2020-03-03 09:03:38 - [TEST_STEP][PASSED] - callTestCase(findTestCase("Individual_Tests/Login"), ["Evento":"ProductoAlmacen", "Index":Index], STOP_ON_FAILURE): Call Test Case 'Test Cases/Individual_Tests/Login' successfully

2020-03-03 09:03:38 - [TEST_CASE][PASSED] - Test Cases/Individual_Tests/Login: Test Cases/Individual_Tests/Login

2020-03-03 09:03:38 - [TEST_STEP][PASSED] - print("Evento Seleccionado: " + Evento + "
"): null

2020-03-03 09:03:38 - [TEST_STEP][PASSED] - openBrowser(Web): Browser is opened with url: 'http://test.kaizendev.net/Login/Accesar?salir=true'

2020-03-03 09:03:38 - [MESSAGE][WARNING] - A browser is already opened. Closing browser and opening a new one

2020-03-03 09:03:39 - [MESSAGE][INFO] - Starting 'Chrome' driver

2020-03-03 09:03:51 - [MESSAGE][PASSED] - Browser is opened with url: 'http://test.kaizendev.net/Login/Accesar?salir=true'

2020-03-03 09:03:51 - [TEST_STEP][PASSED] - maximizeWindow(): Current window maximized

2020-03-03 09:03:52 - [MESSAGE][PASSED] - Current window maximized

2020-03-03 09:03:52 - [TEST_STEP][PASSED] - if (Evento == "Crear20"): null

2020-03-03 09:03:52 - [TEST_STEP][PASSED] - else if (Evento == "Crear40"): null

2020-03-03 09:03:52 - [TEST_STEP][PASSED] - else if (Evento == "Aprobar"): null

2020-03-03 09:03:52 - [TEST_STEP][PASSED] - else if (Evento == "Logistica"): null

2020-03-03 09:03:52 - [TEST_STEP][PASSED] - else if (Evento == "Produccion"): null

2020-03-03 09:03:52 - [TEST_STEP][PASSED] - else if (Evento == "Inventario"): null

2020-03-03 09:03:52 - [TEST_STEP][PASSED] - else if (Evento == "Despacho"): null

2020-03-03 09:03:52 - [TEST_STEP][PASSED] - else if (Evento == "ProductoAlmacen"): Object: 'Object Repository/Page_Iniciar Sesion - KAIZEN/is_btn_ingresar_sistema' is clicked on

2020-03-03 09:03:52 - [TEST_STEP][PASSED] - data7 = obtener_excels.obtener_producto_almacen.getValuesExcelProductoAlmacen(Index): obtener_excels.obtener_producto_almacen.getValuesExcelProductoAlmacen is PASSED

2020-03-03 09:03:52 - [MESSAGE][PASSED] - obtener_excels.obtener_producto_almacen.getValuesExcelProductoAlmacen is PASSED

2020-03-03 09:03:52 - [TEST_STEP][PASSED] - Usuario = data7[1]: null

2020-03-03 09:03:52 - [TEST_STEP][PASSED] - Contrasena = data7[2]: null

2020-03-03 09:03:52 - [TEST_STEP][PASSED] - setText(findTestObject("Page_Iniciar Sesion - KAIZEN/is_input_email"), Usuario): Text 'automated.test@grupokaizen.net' is set on object 'Object Repository/Page_Iniciar Sesion - KAIZEN/is_input_email'

2020-03-03 09:03:53 - [MESSAGE][PASSED] - Text 'automated.test@grupokaizen.net' is set on object 'Object Repository/Page_Iniciar Sesion - KAIZEN/is_input_email'

2020-03-03 09:03:53 - [TEST_STEP][PASSED] - setEncryptedText(findTestObject("Page_Iniciar Sesion - KAIZEN/IS_input_contrasena"), Contrasena): Text ****** has been set on object 'Object Repository/Page_Iniciar Sesion - KAIZEN/IS_input_contrasena'

2020-03-03 09:03:53 - [MESSAGE][PASSED] - Text ****** has been set on object 'Object Repository/Page_Iniciar Sesion - KAIZEN/IS_input_contrasena'

2020-03-03 09:03:53 - [TEST_STEP][PASSED] - click(findTestObject("Page_Iniciar Sesion - KAIZEN/is_btn_ingresar_sistema")): Object: 'Object Repository/Page_Iniciar Sesion - KAIZEN/is_btn_ingresar_sistema' is clicked on

2020-03-03 09:03:56 - [MESSAGE][PASSED] - Object: 'Object Repository/Page_Iniciar Sesion - KAIZEN/is_btn_ingresar_sistema' is clicked on

2020-03-03 09:03:56 - [MESSAGE][PASSED] - Call Test Case 'Test Cases/Individual_Tests/Login' successfully

2020-03-03 09:03:56 - [TEST_STEP][PASSED] - callTestCase(findTestCase("Individual_Tests/Seleccionar_Idioma"), ["Evento":"ProductoAlmacen", "Index":Index], STOP_ON_FAILURE): Call Test Case 'Test Cases/Individual_Tests/Seleccionar_Idioma' successfully

2020-03-03 09:03:56 - [TEST_CASE][PASSED] - Test Cases/Individual_Tests/Seleccionar_Idioma: Test Cases/Individual_Tests/Seleccionar_Idioma

2020-03-03 09:03:56 - [TEST_STEP][PASSED] - Idioma = 0: null

2020-03-03 09:03:56 - [TEST_STEP][PASSED] - if (Evento == "Crear20"): null

2020-03-03 09:03:56 - [TEST_STEP][PASSED] - else if (Evento == "Crear40"): null

2020-03-03 09:03:56 - [TEST_STEP][PASSED] - else if (Evento == "Aprobar"): null

2020-03-03 09:03:56 - [TEST_STEP][PASSED] - else if (Evento == "Logistica"): null

2020-03-03 09:03:56 - [TEST_STEP][PASSED] - else if (Evento == "Produccion"): null

2020-03-03 09:03:56 - [TEST_STEP][PASSED] - else if (Evento == "Inventario"): null

2020-03-03 09:03:56 - [TEST_STEP][PASSED] - else if (Evento == "Despacho"): null

2020-03-03 09:03:56 - [TEST_STEP][PASSED] - else if (Evento == "ProductoAlmacen"): null

2020-03-03 09:03:56 - [TEST_STEP][PASSED] - data8 = obtener_excels.obtener_producto_almacen.getValuesExcelProductoAlmacen(Index): obtener_excels.obtener_producto_almacen.getValuesExcelProductoAlmacen is PASSED

2020-03-03 09:03:56 - [MESSAGE][PASSED] - obtener_excels.obtener_producto_almacen.getValuesExcelProductoAlmacen is PASSED

2020-03-03 09:03:56 - [TEST_STEP][PASSED] - Idioma = data8[0]: null

2020-03-03 09:03:56 - [TEST_STEP][PASSED] - click(findTestObject("Page_- KAIZEN/si_btn_idioma")): Object: 'Object Repository/Page_- KAIZEN/si_btn_idioma' is clicked on

2020-03-03 09:03:56 - [MESSAGE][PASSED] - Object: 'Object Repository/Page_- KAIZEN/si_btn_idioma' is clicked on

2020-03-03 09:03:56 - [TEST_STEP][PASSED] - if (Idioma == "0"): null

2020-03-03 09:03:56 - [TEST_STEP][PASSED] - else: Object: 'Object Repository/Page_- KAIZEN/si_Spanish' is clicked on

2020-03-03 09:03:56 - [TEST_STEP][PASSED] - click(findTestObject("Page_- KAIZEN/si_Spanish")): Object: 'Object Repository/Page_- KAIZEN/si_Spanish' is clicked on

2020-03-03 09:03:58 - [MESSAGE][PASSED] - Object: 'Object Repository/Page_- KAIZEN/si_Spanish' is clicked on

2020-03-03 09:03:58 - [MESSAGE][PASSED] - Call Test Case 'Test Cases/Individual_Tests/Seleccionar_Idioma' successfully

2020-03-03 09:03:58 - [TEST_STEP][PASSED] - callTestCase(findTestCase("Individual_Tests/Anadir_Producto_Almacen"), ["Index":Index], STOP_ON_FAILURE): Call Test Case 'Test Cases/Individual_Tests/Anadir_Producto_Almacen' successfully

2020-03-03 09:03:58 - [TEST_CASE][PASSED] - Test Cases/Individual_Tests/Anadir_Producto_Almacen: Test Cases/Individual_Tests/Anadir_Producto_Almacen

2020-03-03 09:03:58 - [TEST_STEP][PASSED] - data = obtener_excels.obtener_producto_almacen.getValuesExcelProductoAlmacen(Index): obtener_excels.obtener_producto_almacen.getValuesExcelProductoAlmacen is PASSED

2020-03-03 09:03:58 - [MESSAGE][PASSED] - obtener_excels.obtener_producto_almacen.getValuesExcelProductoAlmacen is PASSED

2020-03-03 09:03:58 - [TEST_STEP][PASSED] - Producto = data[3]: null

2020-03-03 09:03:58 - [TEST_STEP][PASSED] - CantidadMinima = data[4]: null

2020-03-03 09:03:58 - [TEST_STEP][PASSED] - CantidadMaxima = data[5]: null

2020-03-03 09:03:58 - [TEST_STEP][PASSED] - Almacen = data[6]: null

2020-03-03 09:03:58 - [TEST_STEP][PASSED] - Almacen2 = data[7]: null

2020-03-03 09:03:58 - [TEST_STEP][PASSED] - click(findTestObject("Object Repository/Page_- KAIZEN/mvi_menu_Inventario")): Object: 'Object Repository/Page_- KAIZEN/mvi_menu_Inventario' is clicked on

2020-03-03 09:03:59 - [MESSAGE][PASSED] - Object: 'Object Repository/Page_- KAIZEN/mvi_menu_Inventario' is clicked on

2020-03-03 09:03:59 - [TEST_STEP][PASSED] - click(findTestObject("Object Repository/Page_- KAIZEN/mvi_menu_productos_por_almacen")): Object: 'Object Repository/Page_- KAIZEN/mvi_menu_productos_por_almacen' is clicked on

2020-03-03 09:04:02 - [MESSAGE][PASSED] - Object: 'Object Repository/Page_- KAIZEN/mvi_menu_productos_por_almacen' is clicked on

2020-03-03 09:04:02 - [TEST_STEP][PASSED] - click(findTestObject("Object Repository/Page_Index - KAIZEN/mvi_agregar")): Object: 'Object Repository/Page_Index - KAIZEN/mvi_agregar' is clicked on

2020-03-03 09:04:08 - [MESSAGE][PASSED] - Object: 'Object Repository/Page_Index - KAIZEN/mvi_agregar' is clicked on

2020-03-03 09:04:08 - [TEST_STEP][PASSED] - click(findTestObject("Object Repository/Page_Agregar Productos - KAIZEN/mvi_btn_seleccione")): Object: 'Object Repository/Page_Agregar Productos - KAIZEN/mvi_btn_seleccione' is clicked on

2020-03-03 09:04:09 - [MESSAGE][PASSED] - Object: 'Object Repository/Page_Agregar Productos - KAIZEN/mvi_btn_seleccione' is clicked on

2020-03-03 09:04:09 - [TEST_STEP][PASSED] - setText(findTestObject("Object Repository/Page_Agregar Productos - KAIZEN/mvi_assing_prodcuto"), Producto): Text 'CAJA CARTON TRENTONITE SYN BLEND - 12x1/4' is set on object 'Object Repository/Page_Agregar Productos - KAIZEN/mvi_assing_prodcuto'

2020-03-03 09:04:11 - [MESSAGE][PASSED] - Text 'CAJA CARTON TRENTONITE SYN BLEND - 12x1/4' is set on object 'Object Repository/Page_Agregar Productos - KAIZEN/mvi_assing_prodcuto'

2020-03-03 09:04:11 - [TEST_STEP][PASSED] - sendKeys(findTestObject("Object Repository/Page_Agregar Productos - KAIZEN/mvi_assing_prodcuto"), Keys.chord(ENTER)): Keys 'ENTER + ' sent to object: 'Object Repository/Page_Agregar Productos - KAIZEN/mvi_assing_prodcuto'

2020-03-03 09:04:12 - [MESSAGE][PASSED] - Keys 'ENTER + ' sent to object: 'Object Repository/Page_Agregar Productos - KAIZEN/mvi_assing_prodcuto'

2020-03-03 09:04:12 - [TEST_STEP][PASSED] - selectOptionByValue(findTestObject("Object Repository/Page_Agregar Productos - KAIZEN/mvi_assing_almacen"), Almacen, true): All options with value '6' are selected in object 'Object Repository/Page_Agregar Productos - KAIZEN/mvi_assing_almacen'  using regular expression

2020-03-03 09:04:13 - [MESSAGE][PASSED] - All options with value '6' are selected in object 'Object Repository/Page_Agregar Productos - KAIZEN/mvi_assing_almacen'  using regular expression

2020-03-03 09:04:13 - [TEST_STEP][PASSED] - delay(3): Delayed 3 second(s)

2020-03-03 09:04:16 - [MESSAGE][PASSED] - Delayed 3 second(s)

2020-03-03 09:04:16 - [TEST_STEP][PASSED] - modal = executeJavaScript("return document.querySelector('.swal2-popup');", null): Execute JavaScript 'return document.querySelector('.swal2-popup');' successfully

2020-03-03 09:04:16 - [MESSAGE][PASSED] - Execute JavaScript 'return document.querySelector('.swal2-popup');' successfully

2020-03-03 09:04:16 - [TEST_STEP][PASSED] - print(modal): null

2020-03-03 09:04:16 - [TEST_STEP][PASSED] - if (modal == null): null

2020-03-03 09:04:16 - [TEST_STEP][PASSED] - else: Execute JavaScript 'document.querySelector(".swal2-confirm").click();' successfully

2020-03-03 09:04:16 - [TEST_STEP][PASSED] - executeJavaScript("document.querySelector(".swal2-confirm").click();", null): Execute JavaScript 'document.querySelector(".swal2-confirm").click();' successfully

2020-03-03 09:04:16 - [MESSAGE][PASSED] - Execute JavaScript 'document.querySelector(".swal2-confirm").click();' successfully

2020-03-03 09:04:16 - [TEST_STEP][PASSED] - click(findTestObject("Object Repository/Page_- KAIZEN/mvi_menu_Inventario")): Object: 'Object Repository/Page_- KAIZEN/mvi_menu_Inventario' is clicked on

2020-03-03 09:04:17 - [MESSAGE][PASSED] - Object: 'Object Repository/Page_- KAIZEN/mvi_menu_Inventario' is clicked on

2020-03-03 09:04:17 - [TEST_STEP][PASSED] - click(findTestObject("Object Repository/Page_- KAIZEN/mvi_menu_productos_por_almacen")): Object: 'Object Repository/Page_- KAIZEN/mvi_menu_productos_por_almacen' is clicked on

2020-03-03 09:04:20 - [MESSAGE][PASSED] - Object: 'Object Repository/Page_- KAIZEN/mvi_menu_productos_por_almacen' is clicked on

2020-03-03 09:04:20 - [TEST_STEP][PASSED] - click(findTestObject("Object Repository/Page_Index - KAIZEN/mvi_agregar")): Object: 'Object Repository/Page_Index - KAIZEN/mvi_agregar' is clicked on

2020-03-03 09:04:23 - [MESSAGE][PASSED] - Object: 'Object Repository/Page_Index - KAIZEN/mvi_agregar' is clicked on

2020-03-03 09:04:23 - [TEST_STEP][PASSED] - click(findTestObject("Object Repository/Page_Agregar Productos - KAIZEN/mvi_btn_seleccione")): Object: 'Object Repository/Page_Agregar Productos - KAIZEN/mvi_btn_seleccione' is clicked on

2020-03-03 09:04:24 - [MESSAGE][PASSED] - Object: 'Object Repository/Page_Agregar Productos - KAIZEN/mvi_btn_seleccione' is clicked on

2020-03-03 09:04:24 - [TEST_STEP][PASSED] - setText(findTestObject("Object Repository/Page_Agregar Productos - KAIZEN/mvi_assing_prodcuto"), Producto): Text 'CAJA CARTON TRENTONITE SYN BLEND - 12x1/4' is set on object 'Object Repository/Page_Agregar Productos - KAIZEN/mvi_assing_prodcuto'

2020-03-03 09:04:26 - [MESSAGE][PASSED] - Text 'CAJA CARTON TRENTONITE SYN BLEND - 12x1/4' is set on object 'Object Repository/Page_Agregar Productos - KAIZEN/mvi_assing_prodcuto'

2020-03-03 09:04:26 - [TEST_STEP][PASSED] - sendKeys(findTestObject("Object Repository/Page_Agregar Productos - KAIZEN/mvi_assing_prodcuto"), Keys.chord(ENTER)): Keys 'ENTER + ' sent to object: 'Object Repository/Page_Agregar Productos - KAIZEN/mvi_assing_prodcuto'

2020-03-03 09:04:27 - [MESSAGE][PASSED] - Keys 'ENTER + ' sent to object: 'Object Repository/Page_Agregar Productos - KAIZEN/mvi_assing_prodcuto'

2020-03-03 09:04:27 - [TEST_STEP][PASSED] - selectOptionByValue(findTestObject("Object Repository/Page_Agregar Productos - KAIZEN/mvi_assing_almacen"), Almacen2, true): All options with value '1' are selected in object 'Object Repository/Page_Agregar Productos - KAIZEN/mvi_assing_almacen'  using regular expression

2020-03-03 09:04:29 - [MESSAGE][PASSED] - All options with value '1' are selected in object 'Object Repository/Page_Agregar Productos - KAIZEN/mvi_assing_almacen'  using regular expression

2020-03-03 09:04:29 - [TEST_STEP][PASSED] - delay(3): Delayed 3 second(s)

2020-03-03 09:04:32 - [MESSAGE][PASSED] - Delayed 3 second(s)

2020-03-03 09:04:32 - [TEST_STEP][PASSED] - modal2 = executeJavaScript("return document.querySelector('.swal2-popup');", null): Execute JavaScript 'return document.querySelector('.swal2-popup');' successfully

2020-03-03 09:04:32 - [MESSAGE][PASSED] - Execute JavaScript 'return document.querySelector('.swal2-popup');' successfully

2020-03-03 09:04:32 - [TEST_STEP][PASSED] - if (modal2 == null): null

2020-03-03 09:04:32 - [TEST_STEP][PASSED] - else: Browser is closed

2020-03-03 09:04:32 - [TEST_STEP][PASSED] - executeJavaScript("document.querySelector(".swal2-confirm").click();", null): Execute JavaScript 'document.querySelector(".swal2-confirm").click();' successfully

2020-03-03 09:04:32 - [MESSAGE][PASSED] - Execute JavaScript 'document.querySelector(".swal2-confirm").click();' successfully

2020-03-03 09:04:32 - [TEST_STEP][PASSED] - closeBrowser(): Browser is closed

2020-03-03 09:04:33 - [MESSAGE][PASSED] - Browser is closed

2020-03-03 09:04:33 - [MESSAGE][PASSED] - Call Test Case 'Test Cases/Individual_Tests/Anadir_Producto_Almacen' successfully

2020-03-03 09:04:33 - [TEST_STEP][PASSED] - callTestCase(findTestCase("Individual_Tests/Login"), ["Evento":"ProductoAlmacen", "Index":Index], STOP_ON_FAILURE): Call Test Case 'Test Cases/Individual_Tests/Login' successfully

2020-03-03 09:04:33 - [TEST_CASE][PASSED] - Test Cases/Individual_Tests/Login: Test Cases/Individual_Tests/Login

2020-03-03 09:04:33 - [TEST_STEP][PASSED] - print("Evento Seleccionado: " + Evento + "
"): null

2020-03-03 09:04:33 - [TEST_STEP][PASSED] - openBrowser(Web): Browser is opened with url: 'http://test.kaizendev.net/Login/Accesar?salir=true'

2020-03-03 09:04:33 - [MESSAGE][INFO] - Starting 'Chrome' driver

2020-03-03 09:04:48 - [MESSAGE][PASSED] - Browser is opened with url: 'http://test.kaizendev.net/Login/Accesar?salir=true'

2020-03-03 09:04:48 - [TEST_STEP][PASSED] - maximizeWindow(): Current window maximized

2020-03-03 09:04:49 - [MESSAGE][PASSED] - Current window maximized

2020-03-03 09:04:49 - [TEST_STEP][PASSED] - if (Evento == "Crear20"): null

2020-03-03 09:04:49 - [TEST_STEP][PASSED] - else if (Evento == "Crear40"): null

2020-03-03 09:04:49 - [TEST_STEP][PASSED] - else if (Evento == "Aprobar"): null

2020-03-03 09:04:49 - [TEST_STEP][PASSED] - else if (Evento == "Logistica"): null

2020-03-03 09:04:49 - [TEST_STEP][PASSED] - else if (Evento == "Produccion"): null

2020-03-03 09:04:49 - [TEST_STEP][PASSED] - else if (Evento == "Inventario"): null

2020-03-03 09:04:49 - [TEST_STEP][PASSED] - else if (Evento == "Despacho"): null

2020-03-03 09:04:49 - [TEST_STEP][PASSED] - else if (Evento == "ProductoAlmacen"): Object: 'Object Repository/Page_Iniciar Sesion - KAIZEN/is_btn_ingresar_sistema' is clicked on

2020-03-03 09:04:49 - [TEST_STEP][PASSED] - data7 = obtener_excels.obtener_producto_almacen.getValuesExcelProductoAlmacen(Index): obtener_excels.obtener_producto_almacen.getValuesExcelProductoAlmacen is PASSED

2020-03-03 09:04:49 - [MESSAGE][PASSED] - obtener_excels.obtener_producto_almacen.getValuesExcelProductoAlmacen is PASSED

2020-03-03 09:04:49 - [TEST_STEP][PASSED] - Usuario = data7[1]: null

2020-03-03 09:04:49 - [TEST_STEP][PASSED] - Contrasena = data7[2]: null

2020-03-03 09:04:49 - [TEST_STEP][PASSED] - setText(findTestObject("Page_Iniciar Sesion - KAIZEN/is_input_email"), Usuario): Text 'automated.test@grupokaizen.net' is set on object 'Object Repository/Page_Iniciar Sesion - KAIZEN/is_input_email'

2020-03-03 09:04:50 - [MESSAGE][PASSED] - Text 'automated.test@grupokaizen.net' is set on object 'Object Repository/Page_Iniciar Sesion - KAIZEN/is_input_email'

2020-03-03 09:04:50 - [TEST_STEP][PASSED] - setEncryptedText(findTestObject("Page_Iniciar Sesion - KAIZEN/IS_input_contrasena"), Contrasena): Text ****** has been set on object 'Object Repository/Page_Iniciar Sesion - KAIZEN/IS_input_contrasena'

2020-03-03 09:04:51 - [MESSAGE][PASSED] - Text ****** has been set on object 'Object Repository/Page_Iniciar Sesion - KAIZEN/IS_input_contrasena'

2020-03-03 09:04:51 - [TEST_STEP][PASSED] - click(findTestObject("Page_Iniciar Sesion - KAIZEN/is_btn_ingresar_sistema")): Object: 'Object Repository/Page_Iniciar Sesion - KAIZEN/is_btn_ingresar_sistema' is clicked on

2020-03-03 09:04:54 - [MESSAGE][PASSED] - Object: 'Object Repository/Page_Iniciar Sesion - KAIZEN/is_btn_ingresar_sistema' is clicked on

2020-03-03 09:04:54 - [MESSAGE][PASSED] - Call Test Case 'Test Cases/Individual_Tests/Login' successfully

2020-03-03 09:04:54 - [TEST_STEP][PASSED] - callTestCase(findTestCase("Individual_Tests/Seleccionar_Idioma"), ["Evento":"ProductoAlmacen", "Index":Index], STOP_ON_FAILURE): Call Test Case 'Test Cases/Individual_Tests/Seleccionar_Idioma' successfully

2020-03-03 09:04:54 - [TEST_CASE][PASSED] - Test Cases/Individual_Tests/Seleccionar_Idioma: Test Cases/Individual_Tests/Seleccionar_Idioma

2020-03-03 09:04:54 - [TEST_STEP][PASSED] - Idioma = 0: null

2020-03-03 09:04:54 - [TEST_STEP][PASSED] - if (Evento == "Crear20"): null

2020-03-03 09:04:54 - [TEST_STEP][PASSED] - else if (Evento == "Crear40"): null

2020-03-03 09:04:54 - [TEST_STEP][PASSED] - else if (Evento == "Aprobar"): null

2020-03-03 09:04:54 - [TEST_STEP][PASSED] - else if (Evento == "Logistica"): null

2020-03-03 09:04:54 - [TEST_STEP][PASSED] - else if (Evento == "Produccion"): null

2020-03-03 09:04:54 - [TEST_STEP][PASSED] - else if (Evento == "Inventario"): null

2020-03-03 09:04:54 - [TEST_STEP][PASSED] - else if (Evento == "Despacho"): null

2020-03-03 09:04:54 - [TEST_STEP][PASSED] - else if (Evento == "ProductoAlmacen"): null

2020-03-03 09:04:54 - [TEST_STEP][PASSED] - data8 = obtener_excels.obtener_producto_almacen.getValuesExcelProductoAlmacen(Index): obtener_excels.obtener_producto_almacen.getValuesExcelProductoAlmacen is PASSED

2020-03-03 09:04:54 - [MESSAGE][PASSED] - obtener_excels.obtener_producto_almacen.getValuesExcelProductoAlmacen is PASSED

2020-03-03 09:04:54 - [TEST_STEP][PASSED] - Idioma = data8[0]: null

2020-03-03 09:04:54 - [TEST_STEP][PASSED] - click(findTestObject("Page_- KAIZEN/si_btn_idioma")): Object: 'Object Repository/Page_- KAIZEN/si_btn_idioma' is clicked on

2020-03-03 09:04:54 - [MESSAGE][PASSED] - Object: 'Object Repository/Page_- KAIZEN/si_btn_idioma' is clicked on

2020-03-03 09:04:54 - [TEST_STEP][PASSED] - if (Idioma == "0"): null

2020-03-03 09:04:54 - [TEST_STEP][PASSED] - else: Object: 'Object Repository/Page_- KAIZEN/si_Spanish' is clicked on

2020-03-03 09:04:54 - [TEST_STEP][PASSED] - click(findTestObject("Page_- KAIZEN/si_Spanish")): Object: 'Object Repository/Page_- KAIZEN/si_Spanish' is clicked on

2020-03-03 09:05:00 - [MESSAGE][PASSED] - Object: 'Object Repository/Page_- KAIZEN/si_Spanish' is clicked on

2020-03-03 09:05:00 - [MESSAGE][PASSED] - Call Test Case 'Test Cases/Individual_Tests/Seleccionar_Idioma' successfully

2020-03-03 09:05:00 - [TEST_STEP][PASSED] - callTestCase(findTestCase("Individual_Tests/Anadir_Producto_Almacen"), ["Index":Index], STOP_ON_FAILURE): Call Test Case 'Test Cases/Individual_Tests/Anadir_Producto_Almacen' successfully

2020-03-03 09:05:00 - [TEST_CASE][PASSED] - Test Cases/Individual_Tests/Anadir_Producto_Almacen: Test Cases/Individual_Tests/Anadir_Producto_Almacen

2020-03-03 09:05:00 - [TEST_STEP][PASSED] - data = obtener_excels.obtener_producto_almacen.getValuesExcelProductoAlmacen(Index): obtener_excels.obtener_producto_almacen.getValuesExcelProductoAlmacen is PASSED

2020-03-03 09:05:00 - [MESSAGE][PASSED] - obtener_excels.obtener_producto_almacen.getValuesExcelProductoAlmacen is PASSED

2020-03-03 09:05:00 - [TEST_STEP][PASSED] - Producto = data[3]: null

2020-03-03 09:05:00 - [TEST_STEP][PASSED] - CantidadMinima = data[4]: null

2020-03-03 09:05:00 - [TEST_STEP][PASSED] - CantidadMaxima = data[5]: null

2020-03-03 09:05:00 - [TEST_STEP][PASSED] - Almacen = data[6]: null

2020-03-03 09:05:00 - [TEST_STEP][PASSED] - Almacen2 = data[7]: null

2020-03-03 09:05:00 - [TEST_STEP][PASSED] - click(findTestObject("Object Repository/Page_- KAIZEN/mvi_menu_Inventario")): Object: 'Object Repository/Page_- KAIZEN/mvi_menu_Inventario' is clicked on

2020-03-03 09:05:00 - [MESSAGE][PASSED] - Object: 'Object Repository/Page_- KAIZEN/mvi_menu_Inventario' is clicked on

2020-03-03 09:05:00 - [TEST_STEP][PASSED] - click(findTestObject("Object Repository/Page_- KAIZEN/mvi_menu_productos_por_almacen")): Object: 'Object Repository/Page_- KAIZEN/mvi_menu_productos_por_almacen' is clicked on

2020-03-03 09:05:05 - [MESSAGE][PASSED] - Object: 'Object Repository/Page_- KAIZEN/mvi_menu_productos_por_almacen' is clicked on

2020-03-03 09:05:05 - [TEST_STEP][PASSED] - click(findTestObject("Object Repository/Page_Index - KAIZEN/mvi_agregar")): Object: 'Object Repository/Page_Index - KAIZEN/mvi_agregar' is clicked on

2020-03-03 09:05:07 - [MESSAGE][PASSED] - Object: 'Object Repository/Page_Index - KAIZEN/mvi_agregar' is clicked on

2020-03-03 09:05:07 - [TEST_STEP][PASSED] - click(findTestObject("Object Repository/Page_Agregar Productos - KAIZEN/mvi_btn_seleccione")): Object: 'Object Repository/Page_Agregar Productos - KAIZEN/mvi_btn_seleccione' is clicked on

2020-03-03 09:05:09 - [MESSAGE][PASSED] - Object: 'Object Repository/Page_Agregar Productos - KAIZEN/mvi_btn_seleccione' is clicked on

2020-03-03 09:05:09 - [TEST_STEP][PASSED] - setText(findTestObject("Object Repository/Page_Agregar Productos - KAIZEN/mvi_assing_prodcuto"), Producto): Text 'Tapa con Foil 38x400 Negro' is set on object 'Object Repository/Page_Agregar Productos - KAIZEN/mvi_assing_prodcuto'

2020-03-03 09:05:10 - [MESSAGE][PASSED] - Text 'Tapa con Foil 38x400 Negro' is set on object 'Object Repository/Page_Agregar Productos - KAIZEN/mvi_assing_prodcuto'

2020-03-03 09:05:10 - [TEST_STEP][PASSED] - sendKeys(findTestObject("Object Repository/Page_Agregar Productos - KAIZEN/mvi_assing_prodcuto"), Keys.chord(ENTER)): Keys 'ENTER + ' sent to object: 'Object Repository/Page_Agregar Productos - KAIZEN/mvi_assing_prodcuto'

2020-03-03 09:05:11 - [MESSAGE][PASSED] - Keys 'ENTER + ' sent to object: 'Object Repository/Page_Agregar Productos - KAIZEN/mvi_assing_prodcuto'

2020-03-03 09:05:11 - [TEST_STEP][PASSED] - selectOptionByValue(findTestObject("Object Repository/Page_Agregar Productos - KAIZEN/mvi_assing_almacen"), Almacen, true): All options with value '6' are selected in object 'Object Repository/Page_Agregar Productos - KAIZEN/mvi_assing_almacen'  using regular expression

2020-03-03 09:05:12 - [MESSAGE][PASSED] - All options with value '6' are selected in object 'Object Repository/Page_Agregar Productos - KAIZEN/mvi_assing_almacen'  using regular expression

2020-03-03 09:05:12 - [TEST_STEP][PASSED] - delay(3): Delayed 3 second(s)

2020-03-03 09:05:15 - [MESSAGE][PASSED] - Delayed 3 second(s)

2020-03-03 09:05:15 - [TEST_STEP][PASSED] - modal = executeJavaScript("return document.querySelector('.swal2-popup');", null): Execute JavaScript 'return document.querySelector('.swal2-popup');' successfully

2020-03-03 09:05:15 - [MESSAGE][PASSED] - Execute JavaScript 'return document.querySelector('.swal2-popup');' successfully

2020-03-03 09:05:15 - [TEST_STEP][PASSED] - print(modal): null

2020-03-03 09:05:15 - [TEST_STEP][PASSED] - if (modal == null): null

2020-03-03 09:05:15 - [TEST_STEP][PASSED] - setText(findTestObject("Object Repository/Page_Agregar Productos - KAIZEN/mvi_cantidad_mnima_almacn"), CantidadMinima): Text '75' is set on object 'Object Repository/Page_Agregar Productos - KAIZEN/mvi_cantidad_mnima_almacn'

2020-03-03 09:05:16 - [MESSAGE][PASSED] - Text '75' is set on object 'Object Repository/Page_Agregar Productos - KAIZEN/mvi_cantidad_mnima_almacn'

2020-03-03 09:05:16 - [TEST_STEP][PASSED] - setText(findTestObject("Object Repository/Page_Agregar Productos - KAIZEN/mvi_cantidad_mxima_en_almacn"), CantidadMaxima): Text '44776' is set on object 'Object Repository/Page_Agregar Productos - KAIZEN/mvi_cantidad_mxima_en_almacn'

2020-03-03 09:05:17 - [MESSAGE][PASSED] - Text '44776' is set on object 'Object Repository/Page_Agregar Productos - KAIZEN/mvi_cantidad_mxima_en_almacn'

2020-03-03 09:05:17 - [TEST_STEP][PASSED] - if (verifyElementPresent(findTestObject("Object Repository/Page_Agregar Productos - KAIZEN/mvi_button_OK"), 5, OPTIONAL)): null

2020-03-03 09:05:19 - [MESSAGE][PASSED] - Object 'Object Repository/Page_Agregar Productos - KAIZEN/mvi_button_OK' is present

2020-03-03 09:05:19 - [TEST_STEP][PASSED] - delay(7): Delayed 7 second(s)

2020-03-03 09:05:26 - [MESSAGE][PASSED] - Delayed 7 second(s)

2020-03-03 09:05:26 - [TEST_STEP][PASSED] - click(findTestObject("Object Repository/Page_Agregar Productos - KAIZEN/mvi_button_OK")): Object: 'Object Repository/Page_Agregar Productos - KAIZEN/mvi_button_OK' is clicked on

2020-03-03 09:05:26 - [MESSAGE][PASSED] - Object: 'Object Repository/Page_Agregar Productos - KAIZEN/mvi_button_OK' is clicked on

2020-03-03 09:05:26 - [TEST_STEP][PASSED] - selectOptionByValue(findTestObject("Object Repository/Page_Agregar Productos - KAIZEN/mvi_assing_almacen"), "4", true): All options with value '4' are selected in object 'Object Repository/Page_Agregar Productos - KAIZEN/mvi_assing_almacen'  using regular expression

2020-03-03 09:05:28 - [MESSAGE][PASSED] - All options with value '4' are selected in object 'Object Repository/Page_Agregar Productos - KAIZEN/mvi_assing_almacen'  using regular expression

2020-03-03 09:05:28 - [TEST_STEP][PASSED] - selectOptionByValue(findTestObject("Object Repository/Page_Agregar Productos - KAIZEN/mvi_assing_almacen"), Almacen, true): All options with value '6' are selected in object 'Object Repository/Page_Agregar Productos - KAIZEN/mvi_assing_almacen'  using regular expression

2020-03-03 09:05:29 - [MESSAGE][PASSED] - All options with value '6' are selected in object 'Object Repository/Page_Agregar Productos - KAIZEN/mvi_assing_almacen'  using regular expression

2020-03-03 09:05:29 - [TEST_STEP][PASSED] - click(findTestObject("Object Repository/Page_Agregar Productos - KAIZEN/mvi_Guardar")): Object: 'Object Repository/Page_Agregar Productos - KAIZEN/mvi_Guardar' is clicked on

2020-03-03 09:05:32 - [MESSAGE][PASSED] - Object: 'Object Repository/Page_Agregar Productos - KAIZEN/mvi_Guardar' is clicked on

2020-03-03 09:05:32 - [TEST_STEP][PASSED] - click(findTestObject("Object Repository/Page_- KAIZEN/mvi_menu_Inventario")): Object: 'Object Repository/Page_- KAIZEN/mvi_menu_Inventario' is clicked on

2020-03-03 09:05:33 - [MESSAGE][PASSED] - Object: 'Object Repository/Page_- KAIZEN/mvi_menu_Inventario' is clicked on

2020-03-03 09:05:33 - [TEST_STEP][PASSED] - click(findTestObject("Object Repository/Page_- KAIZEN/mvi_menu_productos_por_almacen")): Object: 'Object Repository/Page_- KAIZEN/mvi_menu_productos_por_almacen' is clicked on

2020-03-03 09:05:35 - [MESSAGE][PASSED] - Object: 'Object Repository/Page_- KAIZEN/mvi_menu_productos_por_almacen' is clicked on

2020-03-03 09:05:35 - [TEST_STEP][PASSED] - click(findTestObject("Object Repository/Page_Index - KAIZEN/mvi_agregar")): Object: 'Object Repository/Page_Index - KAIZEN/mvi_agregar' is clicked on

2020-03-03 09:05:37 - [MESSAGE][PASSED] - Object: 'Object Repository/Page_Index - KAIZEN/mvi_agregar' is clicked on

2020-03-03 09:05:37 - [TEST_STEP][PASSED] - click(findTestObject("Object Repository/Page_Agregar Productos - KAIZEN/mvi_btn_seleccione")): Object: 'Object Repository/Page_Agregar Productos - KAIZEN/mvi_btn_seleccione' is clicked on

2020-03-03 09:05:37 - [MESSAGE][PASSED] - Object: 'Object Repository/Page_Agregar Productos - KAIZEN/mvi_btn_seleccione' is clicked on

2020-03-03 09:05:37 - [TEST_STEP][PASSED] - setText(findTestObject("Object Repository/Page_Agregar Productos - KAIZEN/mvi_assing_prodcuto"), Producto): Text 'Tapa con Foil 38x400 Negro' is set on object 'Object Repository/Page_Agregar Productos - KAIZEN/mvi_assing_prodcuto'

2020-03-03 09:05:38 - [MESSAGE][PASSED] - Text 'Tapa con Foil 38x400 Negro' is set on object 'Object Repository/Page_Agregar Productos - KAIZEN/mvi_assing_prodcuto'

2020-03-03 09:05:38 - [TEST_STEP][PASSED] - sendKeys(findTestObject("Object Repository/Page_Agregar Productos - KAIZEN/mvi_assing_prodcuto"), Keys.chord(ENTER)): Keys 'ENTER + ' sent to object: 'Object Repository/Page_Agregar Productos - KAIZEN/mvi_assing_prodcuto'

2020-03-03 09:05:39 - [MESSAGE][PASSED] - Keys 'ENTER + ' sent to object: 'Object Repository/Page_Agregar Productos - KAIZEN/mvi_assing_prodcuto'

2020-03-03 09:05:39 - [TEST_STEP][PASSED] - selectOptionByValue(findTestObject("Object Repository/Page_Agregar Productos - KAIZEN/mvi_assing_almacen"), Almacen2, true): All options with value '1' are selected in object 'Object Repository/Page_Agregar Productos - KAIZEN/mvi_assing_almacen'  using regular expression

2020-03-03 09:05:41 - [MESSAGE][PASSED] - All options with value '1' are selected in object 'Object Repository/Page_Agregar Productos - KAIZEN/mvi_assing_almacen'  using regular expression

2020-03-03 09:05:41 - [TEST_STEP][PASSED] - delay(3): Delayed 3 second(s)

2020-03-03 09:05:44 - [MESSAGE][PASSED] - Delayed 3 second(s)

2020-03-03 09:05:44 - [TEST_STEP][PASSED] - modal2 = executeJavaScript("return document.querySelector('.swal2-popup');", null): Execute JavaScript 'return document.querySelector('.swal2-popup');' successfully

2020-03-03 09:05:44 - [MESSAGE][PASSED] - Execute JavaScript 'return document.querySelector('.swal2-popup');' successfully

2020-03-03 09:05:44 - [TEST_STEP][PASSED] - if (modal2 == null): null

2020-03-03 09:05:44 - [TEST_STEP][PASSED] - else: Browser is closed

2020-03-03 09:05:44 - [TEST_STEP][PASSED] - executeJavaScript("document.querySelector(".swal2-confirm").click();", null): Execute JavaScript 'document.querySelector(".swal2-confirm").click();' successfully

2020-03-03 09:05:44 - [MESSAGE][PASSED] - Execute JavaScript 'document.querySelector(".swal2-confirm").click();' successfully

2020-03-03 09:05:44 - [TEST_STEP][PASSED] - closeBrowser(): Browser is closed

2020-03-03 09:05:45 - [MESSAGE][PASSED] - Browser is closed

2020-03-03 09:05:45 - [MESSAGE][PASSED] - Call Test Case 'Test Cases/Individual_Tests/Anadir_Producto_Almacen' successfully

2020-03-03 09:05:45 - [TEST_STEP][PASSED] - callTestCase(findTestCase("Individual_Tests/Login"), ["Evento":"ProductoAlmacen", "Index":Index], STOP_ON_FAILURE): Call Test Case 'Test Cases/Individual_Tests/Login' successfully

2020-03-03 09:05:45 - [TEST_CASE][PASSED] - Test Cases/Individual_Tests/Login: Test Cases/Individual_Tests/Login

2020-03-03 09:05:45 - [TEST_STEP][PASSED] - print("Evento Seleccionado: " + Evento + "
"): null

2020-03-03 09:05:45 - [TEST_STEP][PASSED] - openBrowser(Web): Browser is opened with url: 'http://test.kaizendev.net/Login/Accesar?salir=true'

2020-03-03 09:05:45 - [MESSAGE][INFO] - Starting 'Chrome' driver

2020-03-03 09:05:59 - [MESSAGE][PASSED] - Browser is opened with url: 'http://test.kaizendev.net/Login/Accesar?salir=true'

2020-03-03 09:05:59 - [TEST_STEP][PASSED] - maximizeWindow(): Current window maximized

2020-03-03 09:06:01 - [MESSAGE][PASSED] - Current window maximized

2020-03-03 09:06:01 - [TEST_STEP][PASSED] - if (Evento == "Crear20"): null

2020-03-03 09:06:01 - [TEST_STEP][PASSED] - else if (Evento == "Crear40"): null

2020-03-03 09:06:01 - [TEST_STEP][PASSED] - else if (Evento == "Aprobar"): null

2020-03-03 09:06:01 - [TEST_STEP][PASSED] - else if (Evento == "Logistica"): null

2020-03-03 09:06:01 - [TEST_STEP][PASSED] - else if (Evento == "Produccion"): null

2020-03-03 09:06:01 - [TEST_STEP][PASSED] - else if (Evento == "Inventario"): null

2020-03-03 09:06:01 - [TEST_STEP][PASSED] - else if (Evento == "Despacho"): null

2020-03-03 09:06:01 - [TEST_STEP][PASSED] - else if (Evento == "ProductoAlmacen"): Object: 'Object Repository/Page_Iniciar Sesion - KAIZEN/is_btn_ingresar_sistema' is clicked on

2020-03-03 09:06:01 - [TEST_STEP][PASSED] - data7 = obtener_excels.obtener_producto_almacen.getValuesExcelProductoAlmacen(Index): obtener_excels.obtener_producto_almacen.getValuesExcelProductoAlmacen is PASSED

2020-03-03 09:06:01 - [MESSAGE][PASSED] - obtener_excels.obtener_producto_almacen.getValuesExcelProductoAlmacen is PASSED

2020-03-03 09:06:01 - [TEST_STEP][PASSED] - Usuario = data7[1]: null

2020-03-03 09:06:01 - [TEST_STEP][PASSED] - Contrasena = data7[2]: null

2020-03-03 09:06:01 - [TEST_STEP][PASSED] - setText(findTestObject("Page_Iniciar Sesion - KAIZEN/is_input_email"), Usuario): Text 'automated.test@grupokaizen.net' is set on object 'Object Repository/Page_Iniciar Sesion - KAIZEN/is_input_email'

2020-03-03 09:06:01 - [MESSAGE][PASSED] - Text 'automated.test@grupokaizen.net' is set on object 'Object Repository/Page_Iniciar Sesion - KAIZEN/is_input_email'

2020-03-03 09:06:01 - [TEST_STEP][PASSED] - setEncryptedText(findTestObject("Page_Iniciar Sesion - KAIZEN/IS_input_contrasena"), Contrasena): Text ****** has been set on object 'Object Repository/Page_Iniciar Sesion - KAIZEN/IS_input_contrasena'

2020-03-03 09:06:02 - [MESSAGE][PASSED] - Text ****** has been set on object 'Object Repository/Page_Iniciar Sesion - KAIZEN/IS_input_contrasena'

2020-03-03 09:06:02 - [TEST_STEP][PASSED] - click(findTestObject("Page_Iniciar Sesion - KAIZEN/is_btn_ingresar_sistema")): Object: 'Object Repository/Page_Iniciar Sesion - KAIZEN/is_btn_ingresar_sistema' is clicked on

2020-03-03 09:06:06 - [MESSAGE][PASSED] - Object: 'Object Repository/Page_Iniciar Sesion - KAIZEN/is_btn_ingresar_sistema' is clicked on

2020-03-03 09:06:06 - [MESSAGE][PASSED] - Call Test Case 'Test Cases/Individual_Tests/Login' successfully

2020-03-03 09:06:06 - [TEST_STEP][PASSED] - callTestCase(findTestCase("Individual_Tests/Seleccionar_Idioma"), ["Evento":"ProductoAlmacen", "Index":Index], STOP_ON_FAILURE): Call Test Case 'Test Cases/Individual_Tests/Seleccionar_Idioma' successfully

2020-03-03 09:06:06 - [TEST_CASE][PASSED] - Test Cases/Individual_Tests/Seleccionar_Idioma: Test Cases/Individual_Tests/Seleccionar_Idioma

2020-03-03 09:06:06 - [TEST_STEP][PASSED] - Idioma = 0: null

2020-03-03 09:06:06 - [TEST_STEP][PASSED] - if (Evento == "Crear20"): null

2020-03-03 09:06:06 - [TEST_STEP][PASSED] - else if (Evento == "Crear40"): null

2020-03-03 09:06:06 - [TEST_STEP][PASSED] - else if (Evento == "Aprobar"): null

2020-03-03 09:06:06 - [TEST_STEP][PASSED] - else if (Evento == "Logistica"): null

2020-03-03 09:06:06 - [TEST_STEP][PASSED] - else if (Evento == "Produccion"): null

2020-03-03 09:06:06 - [TEST_STEP][PASSED] - else if (Evento == "Inventario"): null

2020-03-03 09:06:06 - [TEST_STEP][PASSED] - else if (Evento == "Despacho"): null

2020-03-03 09:06:06 - [TEST_STEP][PASSED] - else if (Evento == "ProductoAlmacen"): null

2020-03-03 09:06:06 - [TEST_STEP][PASSED] - data8 = obtener_excels.obtener_producto_almacen.getValuesExcelProductoAlmacen(Index): obtener_excels.obtener_producto_almacen.getValuesExcelProductoAlmacen is PASSED

2020-03-03 09:06:06 - [MESSAGE][PASSED] - obtener_excels.obtener_producto_almacen.getValuesExcelProductoAlmacen is PASSED

2020-03-03 09:06:06 - [TEST_STEP][PASSED] - Idioma = data8[0]: null

2020-03-03 09:06:06 - [TEST_STEP][PASSED] - click(findTestObject("Page_- KAIZEN/si_btn_idioma")): Object: 'Object Repository/Page_- KAIZEN/si_btn_idioma' is clicked on

2020-03-03 09:06:06 - [MESSAGE][PASSED] - Object: 'Object Repository/Page_- KAIZEN/si_btn_idioma' is clicked on

2020-03-03 09:06:06 - [TEST_STEP][PASSED] - if (Idioma == "0"): null

2020-03-03 09:06:06 - [TEST_STEP][PASSED] - else: Object: 'Object Repository/Page_- KAIZEN/si_Spanish' is clicked on

2020-03-03 09:06:06 - [TEST_STEP][PASSED] - click(findTestObject("Page_- KAIZEN/si_Spanish")): Object: 'Object Repository/Page_- KAIZEN/si_Spanish' is clicked on

2020-03-03 09:06:08 - [MESSAGE][PASSED] - Object: 'Object Repository/Page_- KAIZEN/si_Spanish' is clicked on

2020-03-03 09:06:08 - [MESSAGE][PASSED] - Call Test Case 'Test Cases/Individual_Tests/Seleccionar_Idioma' successfully

2020-03-03 09:06:08 - [TEST_STEP][PASSED] - callTestCase(findTestCase("Individual_Tests/Anadir_Producto_Almacen"), ["Index":Index], STOP_ON_FAILURE): Call Test Case 'Test Cases/Individual_Tests/Anadir_Producto_Almacen' successfully

2020-03-03 09:06:08 - [TEST_CASE][PASSED] - Test Cases/Individual_Tests/Anadir_Producto_Almacen: Test Cases/Individual_Tests/Anadir_Producto_Almacen

2020-03-03 09:06:09 - [TEST_STEP][PASSED] - data = obtener_excels.obtener_producto_almacen.getValuesExcelProductoAlmacen(Index): obtener_excels.obtener_producto_almacen.getValuesExcelProductoAlmacen is PASSED

2020-03-03 09:06:09 - [MESSAGE][PASSED] - obtener_excels.obtener_producto_almacen.getValuesExcelProductoAlmacen is PASSED

2020-03-03 09:06:09 - [TEST_STEP][PASSED] - Producto = data[3]: null

2020-03-03 09:06:09 - [TEST_STEP][PASSED] - CantidadMinima = data[4]: null

2020-03-03 09:06:09 - [TEST_STEP][PASSED] - CantidadMaxima = data[5]: null

2020-03-03 09:06:09 - [TEST_STEP][PASSED] - Almacen = data[6]: null

2020-03-03 09:06:09 - [TEST_STEP][PASSED] - Almacen2 = data[7]: null

2020-03-03 09:06:09 - [TEST_STEP][PASSED] - click(findTestObject("Object Repository/Page_- KAIZEN/mvi_menu_Inventario")): Object: 'Object Repository/Page_- KAIZEN/mvi_menu_Inventario' is clicked on

2020-03-03 09:06:09 - [MESSAGE][PASSED] - Object: 'Object Repository/Page_- KAIZEN/mvi_menu_Inventario' is clicked on

2020-03-03 09:06:09 - [TEST_STEP][PASSED] - click(findTestObject("Object Repository/Page_- KAIZEN/mvi_menu_productos_por_almacen")): Object: 'Object Repository/Page_- KAIZEN/mvi_menu_productos_por_almacen' is clicked on

2020-03-03 09:06:12 - [MESSAGE][PASSED] - Object: 'Object Repository/Page_- KAIZEN/mvi_menu_productos_por_almacen' is clicked on

2020-03-03 09:06:12 - [TEST_STEP][PASSED] - click(findTestObject("Object Repository/Page_Index - KAIZEN/mvi_agregar")): Object: 'Object Repository/Page_Index - KAIZEN/mvi_agregar' is clicked on

2020-03-03 09:06:14 - [MESSAGE][PASSED] - Object: 'Object Repository/Page_Index - KAIZEN/mvi_agregar' is clicked on

2020-03-03 09:06:14 - [TEST_STEP][PASSED] - click(findTestObject("Object Repository/Page_Agregar Productos - KAIZEN/mvi_btn_seleccione")): Object: 'Object Repository/Page_Agregar Productos - KAIZEN/mvi_btn_seleccione' is clicked on

2020-03-03 09:06:15 - [MESSAGE][PASSED] - Object: 'Object Repository/Page_Agregar Productos - KAIZEN/mvi_btn_seleccione' is clicked on

2020-03-03 09:06:15 - [TEST_STEP][PASSED] - setText(findTestObject("Object Repository/Page_Agregar Productos - KAIZEN/mvi_assing_prodcuto"), Producto): Text 'Paleta TRENTON 5 TRENTONITE PROFESSIONAL 30' is set on object 'Object Repository/Page_Agregar Productos - KAIZEN/mvi_assing_prodcuto'

2020-03-03 09:06:17 - [MESSAGE][PASSED] - Text 'Paleta TRENTON 5 TRENTONITE PROFESSIONAL 30' is set on object 'Object Repository/Page_Agregar Productos - KAIZEN/mvi_assing_prodcuto'

2020-03-03 09:06:17 - [TEST_STEP][PASSED] - sendKeys(findTestObject("Object Repository/Page_Agregar Productos - KAIZEN/mvi_assing_prodcuto"), Keys.chord(ENTER)): Keys 'ENTER + ' sent to object: 'Object Repository/Page_Agregar Productos - KAIZEN/mvi_assing_prodcuto'

2020-03-03 09:06:50 - [MESSAGE][PASSED] - Keys 'ENTER + ' sent to object: 'Object Repository/Page_Agregar Productos - KAIZEN/mvi_assing_prodcuto'

2020-03-03 09:06:50 - [TEST_STEP][PASSED] - selectOptionByValue(findTestObject("Object Repository/Page_Agregar Productos - KAIZEN/mvi_assing_almacen"), Almacen, true): All options with value '2' are selected in object 'Object Repository/Page_Agregar Productos - KAIZEN/mvi_assing_almacen'  using regular expression

2020-03-03 09:06:51 - [MESSAGE][PASSED] - All options with value '2' are selected in object 'Object Repository/Page_Agregar Productos - KAIZEN/mvi_assing_almacen'  using regular expression

2020-03-03 09:06:51 - [TEST_STEP][PASSED] - delay(3): Delayed 3 second(s)

2020-03-03 09:06:54 - [MESSAGE][PASSED] - Delayed 3 second(s)

2020-03-03 09:06:54 - [TEST_STEP][PASSED] - modal = executeJavaScript("return document.querySelector('.swal2-popup');", null): Execute JavaScript 'return document.querySelector('.swal2-popup');' successfully

2020-03-03 09:06:54 - [MESSAGE][PASSED] - Execute JavaScript 'return document.querySelector('.swal2-popup');' successfully

2020-03-03 09:06:54 - [TEST_STEP][PASSED] - print(modal): null

2020-03-03 09:06:54 - [TEST_STEP][PASSED] - if (modal == null): null

2020-03-03 09:06:54 - [TEST_STEP][PASSED] - else: Execute JavaScript 'document.querySelector(".swal2-confirm").click();' successfully

2020-03-03 09:06:54 - [TEST_STEP][PASSED] - executeJavaScript("document.querySelector(".swal2-confirm").click();", null): Execute JavaScript 'document.querySelector(".swal2-confirm").click();' successfully

2020-03-03 09:06:54 - [MESSAGE][PASSED] - Execute JavaScript 'document.querySelector(".swal2-confirm").click();' successfully

2020-03-03 09:06:54 - [TEST_STEP][PASSED] - click(findTestObject("Object Repository/Page_- KAIZEN/mvi_menu_Inventario")): Object: 'Object Repository/Page_- KAIZEN/mvi_menu_Inventario' is clicked on

2020-03-03 09:06:55 - [MESSAGE][PASSED] - Object: 'Object Repository/Page_- KAIZEN/mvi_menu_Inventario' is clicked on

2020-03-03 09:06:55 - [TEST_STEP][PASSED] - click(findTestObject("Object Repository/Page_- KAIZEN/mvi_menu_productos_por_almacen")): Object: 'Object Repository/Page_- KAIZEN/mvi_menu_productos_por_almacen' is clicked on

2020-03-03 09:06:56 - [MESSAGE][PASSED] - Object: 'Object Repository/Page_- KAIZEN/mvi_menu_productos_por_almacen' is clicked on

2020-03-03 09:06:56 - [TEST_STEP][PASSED] - click(findTestObject("Object Repository/Page_Index - KAIZEN/mvi_agregar")): Object: 'Object Repository/Page_Index - KAIZEN/mvi_agregar' is clicked on

2020-03-03 09:07:06 - [MESSAGE][PASSED] - Object: 'Object Repository/Page_Index - KAIZEN/mvi_agregar' is clicked on

2020-03-03 09:07:06 - [TEST_STEP][PASSED] - click(findTestObject("Object Repository/Page_Agregar Productos - KAIZEN/mvi_btn_seleccione")): Object: 'Object Repository/Page_Agregar Productos - KAIZEN/mvi_btn_seleccione' is clicked on

2020-03-03 09:07:07 - [MESSAGE][PASSED] - Object: 'Object Repository/Page_Agregar Productos - KAIZEN/mvi_btn_seleccione' is clicked on

2020-03-03 09:07:07 - [TEST_STEP][PASSED] - setText(findTestObject("Object Repository/Page_Agregar Productos - KAIZEN/mvi_assing_prodcuto"), Producto): Text 'Paleta TRENTON 5 TRENTONITE PROFESSIONAL 30' is set on object 'Object Repository/Page_Agregar Productos - KAIZEN/mvi_assing_prodcuto'

2020-03-03 09:07:09 - [MESSAGE][PASSED] - Text 'Paleta TRENTON 5 TRENTONITE PROFESSIONAL 30' is set on object 'Object Repository/Page_Agregar Productos - KAIZEN/mvi_assing_prodcuto'

2020-03-03 09:07:09 - [TEST_STEP][PASSED] - sendKeys(findTestObject("Object Repository/Page_Agregar Productos - KAIZEN/mvi_assing_prodcuto"), Keys.chord(ENTER)): Keys 'ENTER + ' sent to object: 'Object Repository/Page_Agregar Productos - KAIZEN/mvi_assing_prodcuto'

2020-03-03 09:07:10 - [MESSAGE][PASSED] - Keys 'ENTER + ' sent to object: 'Object Repository/Page_Agregar Productos - KAIZEN/mvi_assing_prodcuto'

2020-03-03 09:07:10 - [TEST_STEP][PASSED] - selectOptionByValue(findTestObject("Object Repository/Page_Agregar Productos - KAIZEN/mvi_assing_almacen"), Almacen2, true): All options with value '7' are selected in object 'Object Repository/Page_Agregar Productos - KAIZEN/mvi_assing_almacen'  using regular expression

2020-03-03 09:07:11 - [MESSAGE][PASSED] - All options with value '7' are selected in object 'Object Repository/Page_Agregar Productos - KAIZEN/mvi_assing_almacen'  using regular expression

2020-03-03 09:07:11 - [TEST_STEP][PASSED] - delay(3): Delayed 3 second(s)

2020-03-03 09:07:14 - [MESSAGE][PASSED] - Delayed 3 second(s)

2020-03-03 09:07:14 - [TEST_STEP][PASSED] - modal2 = executeJavaScript("return document.querySelector('.swal2-popup');", null): Execute JavaScript 'return document.querySelector('.swal2-popup');' successfully

2020-03-03 09:07:15 - [MESSAGE][PASSED] - Execute JavaScript 'return document.querySelector('.swal2-popup');' successfully

2020-03-03 09:07:15 - [TEST_STEP][PASSED] - if (modal2 == null): null

2020-03-03 09:07:15 - [TEST_STEP][PASSED] - else: Browser is closed

2020-03-03 09:07:15 - [TEST_STEP][PASSED] - executeJavaScript("document.querySelector(".swal2-confirm").click();", null): Execute JavaScript 'document.querySelector(".swal2-confirm").click();' successfully

2020-03-03 09:07:15 - [MESSAGE][PASSED] - Execute JavaScript 'document.querySelector(".swal2-confirm").click();' successfully

2020-03-03 09:07:15 - [TEST_STEP][PASSED] - closeBrowser(): Browser is closed

2020-03-03 09:07:15 - [MESSAGE][PASSED] - Browser is closed

2020-03-03 09:07:15 - [MESSAGE][PASSED] - Call Test Case 'Test Cases/Individual_Tests/Anadir_Producto_Almacen' successfully

2020-03-03 09:07:15 - [TEST_STEP][FAILED] - callTestCase(findTestCase("Individual_Tests/Login"), ["Evento":"ProductoAlmacen", "Index":Index], STOP_ON_FAILURE): Unable to call Test Case 'Test Cases/Individual_Tests/Login' (Root cause: com.kms.katalon.core.exception.StepFailedException: Call Test Case 'Test Cases/Individual_Tests/Login' failed
	at com.kms.katalon.core.keyword.builtin.CallTestCaseKeyword$_callTestCase_closure1.doCall(CallTestCaseKeyword.groovy:63)
	at com.kms.katalon.core.keyword.builtin.CallTestCaseKeyword$_callTestCase_closure1.call(CallTestCaseKeyword.groovy)
	at com.kms.katalon.core.keyword.internal.KeywordMain.runKeyword(KeywordMain.groovy:68)
	at com.kms.katalon.core.keyword.builtin.CallTestCaseKeyword.callTestCase(CallTestCaseKeyword.groovy:81)
	at com.kms.katalon.core.keyword.builtin.CallTestCaseKeyword.execute(CallTestCaseKeyword.groovy:44)
	at com.kms.katalon.core.keyword.internal.KeywordExecutor.executeKeywordForPlatform(KeywordExecutor.groovy:72)
	at com.kms.katalon.core.keyword.BuiltinKeywords.callTestCase(BuiltinKeywords.groovy:334)
	at TC_Agregar_Producto_Almacen.run(TC_Agregar_Producto_Almacen:26)
	at com.kms.katalon.core.main.ScriptEngine.run(ScriptEngine.java:194)
	at com.kms.katalon.core.main.ScriptEngine.runScriptAsRawText(ScriptEngine.java:119)
	at com.kms.katalon.core.main.TestCaseExecutor.runScript(TestCaseExecutor.java:337)
	at com.kms.katalon.core.main.TestCaseExecutor.doExecute(TestCaseExecutor.java:328)
	at com.kms.katalon.core.main.TestCaseExecutor.processExecutionPhase(TestCaseExecutor.java:307)
	at com.kms.katalon.core.main.TestCaseExecutor.accessMainPhase(TestCaseExecutor.java:299)
	at com.kms.katalon.core.main.TestCaseExecutor.execute(TestCaseExecutor.java:233)
	at com.kms.katalon.core.main.TestSuiteExecutor.accessTestCaseMainPhase(TestSuiteExecutor.java:169)
	at com.kms.katalon.core.main.TestSuiteExecutor.accessTestSuiteMainPhase(TestSuiteExecutor.java:142)
	at com.kms.katalon.core.main.TestSuiteExecutor.execute(TestSuiteExecutor.java:91)
	at com.kms.katalon.core.main.TestCaseMain.startTestSuite(TestCaseMain.java:157)
	at com.kms.katalon.core.main.TestCaseMain$startTestSuite$0.call(Unknown Source)
	at TempTestSuite1583240437644.run(TempTestSuite1583240437644.groovy:36)
Caused by: com.kms.katalon.core.exception.StepFailedException: Unable to maximize current window
	at com.kms.katalon.core.webui.keyword.internal.WebUIKeywordMain.stepFailed(WebUIKeywordMain.groovy:64)
	at com.kms.katalon.core.webui.keyword.internal.WebUIKeywordMain.runKeyword(WebUIKeywordMain.groovy:26)
	at com.kms.katalon.core.webui.keyword.builtin.MaximizeWindowKeyword.maximizeWindow(MaximizeWindowKeyword.groovy:74)
	at com.kms.katalon.core.webui.keyword.builtin.MaximizeWindowKeyword.execute(MaximizeWindowKeyword.groovy:69)
	at com.kms.katalon.core.keyword.internal.KeywordExecutor.executeKeywordForPlatform(KeywordExecutor.groovy:72)
	at com.kms.katalon.core.webui.keyword.WebUiBuiltInKeywords.maximizeWindow(WebUiBuiltInKeywords.groovy:279)
	at com.kms.katalon.core.webui.keyword.WebUiBuiltInKeywords$maximizeWindow$0.call(Unknown Source)
	at Login.run(Login:23)
	at com.kms.katalon.core.main.ScriptEngine.run(ScriptEngine.java:194)
	at com.kms.katalon.core.main.ScriptEngine.runScriptAsRawText(ScriptEngine.java:119)
	at com.kms.katalon.core.main.TestCaseExecutor.runScript(TestCaseExecutor.java:337)
	at com.kms.katalon.core.main.TestCaseExecutor.doExecute(TestCaseExecutor.java:328)
	at com.kms.katalon.core.main.TestCaseExecutor.processExecutionPhase(TestCaseExecutor.java:307)
	at com.kms.katalon.core.main.TestCaseExecutor.accessMainPhase(TestCaseExecutor.java:299)
	at com.kms.katalon.core.main.TestCaseExecutor.execute(TestCaseExecutor.java:233)
	at com.kms.katalon.core.main.TestCaseMain.runTestCase(TestCaseMain.java:114)
	at com.kms.katalon.core.keyword.builtin.CallTestCaseKeyword$_callTestCase_closure1.doCall(CallTestCaseKeyword.groovy:59)
	... 20 more
Caused by: org.openqa.selenium.WebDriverException: unknown error: unhandled inspector error: {"code":-32000,"message":"To maximize a minimized or fullscreen window, restore it to normal state first."}
  (Session info: chrome=80.0.3987.122)
Build info: version: '3.141.59', revision: 'e82be7d358', time: '2018-11-14T08:25:53'
System info: host: 'LAPTOP-K43U1BVQ', ip: '192.168.99.1', os.name: 'Windows 10', os.arch: 'amd64', os.version: '10.0', java.version: '1.8.0_181'
Driver info: com.kms.katalon.selenium.driver.CChromeDriver
Capabilities {acceptInsecureCerts: false, browserName: chrome, browserVersion: 80.0.3987.122, chrome: {chromedriverVersion: 79.0.3945.36 (3582db32b3389..., userDataDir: C:\Users\kaizen\AppData\Loc...}, goog:chromeOptions: {debuggerAddress: localhost:2870}, javascriptEnabled: true, networkConnectionEnabled: false, pageLoadStrategy: normal, platform: WINDOWS, platformName: WINDOWS, proxy: Proxy(), setWindowRect: true, strictFileInteractability: false, timeouts: {implicit: 0, pageLoad: 300000, script: 30000}, unhandledPromptBehavior: dismiss and notify}
Session ID: ead1b1b54edf0e4f766ba10b88b42599
	at org.openqa.selenium.remote.http.W3CHttpResponseCodec.createException(W3CHttpResponseCodec.java:187)
	at org.openqa.selenium.remote.http.W3CHttpResponseCodec.decode(W3CHttpResponseCodec.java:122)
	at org.openqa.selenium.remote.http.W3CHttpResponseCodec.decode(W3CHttpResponseCodec.java:49)
	at org.openqa.selenium.remote.HttpCommandExecutor.execute(HttpCommandExecutor.java:158)
	at org.openqa.selenium.remote.service.DriverCommandExecutor.execute(DriverCommandExecutor.java:83)
	at org.openqa.selenium.remote.RemoteWebDriver.execute(RemoteWebDriver.java:552)
	at com.kms.katalon.selenium.driver.CChromeDriver.execute(CChromeDriver.java:19)
	at org.openqa.selenium.remote.RemoteWebDriver.execute(RemoteWebDriver.java:609)
	at org.openqa.selenium.remote.RemoteWebDriver$RemoteWebDriverOptions$RemoteWindow.maximize(RemoteWebDriver.java:837)
	at org.openqa.selenium.support.events.EventFiringWebDriver$EventFiringWindow.maximize(EventFiringWebDriver.java:769)
	at com.kms.katalon.core.webui.keyword.builtin.MaximizeWindowKeyword$_maximizeWindow_closure1.doCall(MaximizeWindowKeyword.groovy:85)
	at com.kms.katalon.core.webui.keyword.builtin.MaximizeWindowKeyword$_maximizeWindow_closure1.call(MaximizeWindowKeyword.groovy)
	at com.kms.katalon.core.webui.keyword.internal.WebUIKeywordMain.runKeyword(WebUIKeywordMain.groovy:20)
	... 35 more
)

2020-03-03 09:07:15 - [TEST_CASE][FAILED] - Test Cases/Individual_Tests/Login: Test Cases/Individual_Tests/Login FAILED.
Reason:
com.kms.katalon.core.exception.StepFailedException: Unable to maximize current window
	at com.kms.katalon.core.webui.keyword.internal.WebUIKeywordMain.stepFailed(WebUIKeywordMain.groovy:64)
	at com.kms.katalon.core.webui.keyword.internal.WebUIKeywordMain.runKeyword(WebUIKeywordMain.groovy:26)
	at com.kms.katalon.core.webui.keyword.builtin.MaximizeWindowKeyword.maximizeWindow(MaximizeWindowKeyword.groovy:74)
	at com.kms.katalon.core.webui.keyword.builtin.MaximizeWindowKeyword.execute(MaximizeWindowKeyword.groovy:69)
	at com.kms.katalon.core.keyword.internal.KeywordExecutor.executeKeywordForPlatform(KeywordExecutor.groovy:72)
	at com.kms.katalon.core.webui.keyword.WebUiBuiltInKeywords.maximizeWindow(WebUiBuiltInKeywords.groovy:279)
	at com.kms.katalon.core.webui.keyword.WebUiBuiltInKeywords$maximizeWindow$0.call(Unknown Source)
	at Login.run(Login:23)
	at com.kms.katalon.core.main.ScriptEngine.run(ScriptEngine.java:194)
	at com.kms.katalon.core.main.ScriptEngine.runScriptAsRawText(ScriptEngine.java:119)
	at com.kms.katalon.core.main.TestCaseExecutor.runScript(TestCaseExecutor.java:337)
	at com.kms.katalon.core.main.TestCaseExecutor.doExecute(TestCaseExecutor.java:328)
	at com.kms.katalon.core.main.TestCaseExecutor.processExecutionPhase(TestCaseExecutor.java:307)
	at com.kms.katalon.core.main.TestCaseExecutor.accessMainPhase(TestCaseExecutor.java:299)
	at com.kms.katalon.core.main.TestCaseExecutor.execute(TestCaseExecutor.java:233)
	at com.kms.katalon.core.main.TestCaseMain.runTestCase(TestCaseMain.java:114)
	at com.kms.katalon.core.keyword.builtin.CallTestCaseKeyword$_callTestCase_closure1.doCall(CallTestCaseKeyword.groovy:59)
	at com.kms.katalon.core.keyword.builtin.CallTestCaseKeyword$_callTestCase_closure1.call(CallTestCaseKeyword.groovy)
	at com.kms.katalon.core.keyword.internal.KeywordMain.runKeyword(KeywordMain.groovy:68)
	at com.kms.katalon.core.keyword.builtin.CallTestCaseKeyword.callTestCase(CallTestCaseKeyword.groovy:81)
	at com.kms.katalon.core.keyword.builtin.CallTestCaseKeyword.execute(CallTestCaseKeyword.groovy:44)
	at com.kms.katalon.core.keyword.internal.KeywordExecutor.executeKeywordForPlatform(KeywordExecutor.groovy:72)
	at com.kms.katalon.core.keyword.BuiltinKeywords.callTestCase(BuiltinKeywords.groovy:334)
	at TC_Agregar_Producto_Almacen.run(TC_Agregar_Producto_Almacen:26)
	at com.kms.katalon.core.main.ScriptEngine.run(ScriptEngine.java:194)
	at com.kms.katalon.core.main.ScriptEngine.runScriptAsRawText(ScriptEngine.java:119)
	at com.kms.katalon.core.main.TestCaseExecutor.runScript(TestCaseExecutor.java:337)
	at com.kms.katalon.core.main.TestCaseExecutor.doExecute(TestCaseExecutor.java:328)
	at com.kms.katalon.core.main.TestCaseExecutor.processExecutionPhase(TestCaseExecutor.java:307)
	at com.kms.katalon.core.main.TestCaseExecutor.accessMainPhase(TestCaseExecutor.java:299)
	at com.kms.katalon.core.main.TestCaseExecutor.execute(TestCaseExecutor.java:233)
	at com.kms.katalon.core.main.TestSuiteExecutor.accessTestCaseMainPhase(TestSuiteExecutor.java:169)
	at com.kms.katalon.core.main.TestSuiteExecutor.accessTestSuiteMainPhase(TestSuiteExecutor.java:142)
	at com.kms.katalon.core.main.TestSuiteExecutor.execute(TestSuiteExecutor.java:91)
	at com.kms.katalon.core.main.TestCaseMain.startTestSuite(TestCaseMain.java:157)
	at com.kms.katalon.core.main.TestCaseMain$startTestSuite$0.call(Unknown Source)
	at TempTestSuite1583240437644.run(TempTestSuite1583240437644.groovy:36)
Caused by: org.openqa.selenium.WebDriverException: unknown error: unhandled inspector error: {"code":-32000,"message":"To maximize a minimized or fullscreen window, restore it to normal state first."}
  (Session info: chrome=80.0.3987.122)
Build info: version: '3.141.59', revision: 'e82be7d358', time: '2018-11-14T08:25:53'
System info: host: 'LAPTOP-K43U1BVQ', ip: '192.168.99.1', os.name: 'Windows 10', os.arch: 'amd64', os.version: '10.0', java.version: '1.8.0_181'
Driver info: com.kms.katalon.selenium.driver.CChromeDriver
Capabilities {acceptInsecureCerts: false, browserName: chrome, browserVersion: 80.0.3987.122, chrome: {chromedriverVersion: 79.0.3945.36 (3582db32b3389..., userDataDir: C:\Users\kaizen\AppData\Loc...}, goog:chromeOptions: {debuggerAddress: localhost:2870}, javascriptEnabled: true, networkConnectionEnabled: false, pageLoadStrategy: normal, platform: WINDOWS, platformName: WINDOWS, proxy: Proxy(), setWindowRect: true, strictFileInteractability: false, timeouts: {implicit: 0, pageLoad: 300000, script: 30000}, unhandledPromptBehavior: dismiss and notify}
Session ID: ead1b1b54edf0e4f766ba10b88b42599
	at org.openqa.selenium.remote.http.W3CHttpResponseCodec.createException(W3CHttpResponseCodec.java:187)
	at org.openqa.selenium.remote.http.W3CHttpResponseCodec.decode(W3CHttpResponseCodec.java:122)
	at org.openqa.selenium.remote.http.W3CHttpResponseCodec.decode(W3CHttpResponseCodec.java:49)
	at org.openqa.selenium.remote.HttpCommandExecutor.execute(HttpCommandExecutor.java:158)
	at org.openqa.selenium.remote.service.DriverCommandExecutor.execute(DriverCommandExecutor.java:83)
	at org.openqa.selenium.remote.RemoteWebDriver.execute(RemoteWebDriver.java:552)
	at com.kms.katalon.selenium.driver.CChromeDriver.execute(CChromeDriver.java:19)
	at org.openqa.selenium.remote.RemoteWebDriver.execute(RemoteWebDriver.java:609)
	at org.openqa.selenium.remote.RemoteWebDriver$RemoteWebDriverOptions$RemoteWindow.maximize(RemoteWebDriver.java:837)
	at org.openqa.selenium.support.events.EventFiringWebDriver$EventFiringWindow.maximize(EventFiringWebDriver.java:769)
	at com.kms.katalon.core.webui.keyword.builtin.MaximizeWindowKeyword$_maximizeWindow_closure1.doCall(MaximizeWindowKeyword.groovy:85)
	at com.kms.katalon.core.webui.keyword.builtin.MaximizeWindowKeyword$_maximizeWindow_closure1.call(MaximizeWindowKeyword.groovy)
	at com.kms.katalon.core.webui.keyword.internal.WebUIKeywordMain.runKeyword(WebUIKeywordMain.groovy:20)
	... 35 more


2020-03-03 09:07:15 - [TEST_STEP][PASSED] - print("Evento Seleccionado: " + Evento + "
"): null

2020-03-03 09:07:15 - [TEST_STEP][PASSED] - openBrowser(Web): Browser is opened with url: 'http://test.kaizendev.net/Login/Accesar?salir=true'

2020-03-03 09:07:15 - [MESSAGE][INFO] - Starting 'Chrome' driver

2020-03-03 09:07:40 - [MESSAGE][PASSED] - Browser is opened with url: 'http://test.kaizendev.net/Login/Accesar?salir=true'

2020-03-03 09:07:40 - [TEST_STEP][FAILED] - maximizeWindow(): Unable to maximize current window (Root cause: com.kms.katalon.core.exception.StepFailedException: Unable to maximize current window
	at com.kms.katalon.core.webui.keyword.internal.WebUIKeywordMain.stepFailed(WebUIKeywordMain.groovy:64)
	at com.kms.katalon.core.webui.keyword.internal.WebUIKeywordMain.runKeyword(WebUIKeywordMain.groovy:26)
	at com.kms.katalon.core.webui.keyword.builtin.MaximizeWindowKeyword.maximizeWindow(MaximizeWindowKeyword.groovy:74)
	at com.kms.katalon.core.webui.keyword.builtin.MaximizeWindowKeyword.execute(MaximizeWindowKeyword.groovy:69)
	at com.kms.katalon.core.keyword.internal.KeywordExecutor.executeKeywordForPlatform(KeywordExecutor.groovy:72)
	at com.kms.katalon.core.webui.keyword.WebUiBuiltInKeywords.maximizeWindow(WebUiBuiltInKeywords.groovy:279)
	at com.kms.katalon.core.webui.keyword.WebUiBuiltInKeywords$maximizeWindow$0.call(Unknown Source)
	at Login.run(Login:23)
	at com.kms.katalon.core.main.ScriptEngine.run(ScriptEngine.java:194)
	at com.kms.katalon.core.main.ScriptEngine.runScriptAsRawText(ScriptEngine.java:119)
	at com.kms.katalon.core.main.TestCaseExecutor.runScript(TestCaseExecutor.java:337)
	at com.kms.katalon.core.main.TestCaseExecutor.doExecute(TestCaseExecutor.java:328)
	at com.kms.katalon.core.main.TestCaseExecutor.processExecutionPhase(TestCaseExecutor.java:307)
	at com.kms.katalon.core.main.TestCaseExecutor.accessMainPhase(TestCaseExecutor.java:299)
	at com.kms.katalon.core.main.TestCaseExecutor.execute(TestCaseExecutor.java:233)
	at com.kms.katalon.core.main.TestCaseMain.runTestCase(TestCaseMain.java:114)
	at com.kms.katalon.core.keyword.builtin.CallTestCaseKeyword$_callTestCase_closure1.doCall(CallTestCaseKeyword.groovy:59)
	at com.kms.katalon.core.keyword.builtin.CallTestCaseKeyword$_callTestCase_closure1.call(CallTestCaseKeyword.groovy)
	at com.kms.katalon.core.keyword.internal.KeywordMain.runKeyword(KeywordMain.groovy:68)
	at com.kms.katalon.core.keyword.builtin.CallTestCaseKeyword.callTestCase(CallTestCaseKeyword.groovy:81)
	at com.kms.katalon.core.keyword.builtin.CallTestCaseKeyword.execute(CallTestCaseKeyword.groovy:44)
	at com.kms.katalon.core.keyword.internal.KeywordExecutor.executeKeywordForPlatform(KeywordExecutor.groovy:72)
	at com.kms.katalon.core.keyword.BuiltinKeywords.callTestCase(BuiltinKeywords.groovy:334)
	at TC_Agregar_Producto_Almacen.run(TC_Agregar_Producto_Almacen:26)
	at com.kms.katalon.core.main.ScriptEngine.run(ScriptEngine.java:194)
	at com.kms.katalon.core.main.ScriptEngine.runScriptAsRawText(ScriptEngine.java:119)
	at com.kms.katalon.core.main.TestCaseExecutor.runScript(TestCaseExecutor.java:337)
	at com.kms.katalon.core.main.TestCaseExecutor.doExecute(TestCaseExecutor.java:328)
	at com.kms.katalon.core.main.TestCaseExecutor.processExecutionPhase(TestCaseExecutor.java:307)
	at com.kms.katalon.core.main.TestCaseExecutor.accessMainPhase(TestCaseExecutor.java:299)
	at com.kms.katalon.core.main.TestCaseExecutor.execute(TestCaseExecutor.java:233)
	at com.kms.katalon.core.main.TestSuiteExecutor.accessTestCaseMainPhase(TestSuiteExecutor.java:169)
	at com.kms.katalon.core.main.TestSuiteExecutor.accessTestSuiteMainPhase(TestSuiteExecutor.java:142)
	at com.kms.katalon.core.main.TestSuiteExecutor.execute(TestSuiteExecutor.java:91)
	at com.kms.katalon.core.main.TestCaseMain.startTestSuite(TestCaseMain.java:157)
	at com.kms.katalon.core.main.TestCaseMain$startTestSuite$0.call(Unknown Source)
	at TempTestSuite1583240437644.run(TempTestSuite1583240437644.groovy:36)
Caused by: org.openqa.selenium.WebDriverException: unknown error: unhandled inspector error: {"code":-32000,"message":"To maximize a minimized or fullscreen window, restore it to normal state first."}
  (Session info: chrome=80.0.3987.122)
Build info: version: '3.141.59', revision: 'e82be7d358', time: '2018-11-14T08:25:53'
System info: host: 'LAPTOP-K43U1BVQ', ip: '192.168.99.1', os.name: 'Windows 10', os.arch: 'amd64', os.version: '10.0', java.version: '1.8.0_181'
Driver info: com.kms.katalon.selenium.driver.CChromeDriver
Capabilities {acceptInsecureCerts: false, browserName: chrome, browserVersion: 80.0.3987.122, chrome: {chromedriverVersion: 79.0.3945.36 (3582db32b3389..., userDataDir: C:\Users\kaizen\AppData\Loc...}, goog:chromeOptions: {debuggerAddress: localhost:2870}, javascriptEnabled: true, networkConnectionEnabled: false, pageLoadStrategy: normal, platform: WINDOWS, platformName: WINDOWS, proxy: Proxy(), setWindowRect: true, strictFileInteractability: false, timeouts: {implicit: 0, pageLoad: 300000, script: 30000}, unhandledPromptBehavior: dismiss and notify}
Session ID: ead1b1b54edf0e4f766ba10b88b42599
	at org.openqa.selenium.remote.http.W3CHttpResponseCodec.createException(W3CHttpResponseCodec.java:187)
	at org.openqa.selenium.remote.http.W3CHttpResponseCodec.decode(W3CHttpResponseCodec.java:122)
	at org.openqa.selenium.remote.http.W3CHttpResponseCodec.decode(W3CHttpResponseCodec.java:49)
	at org.openqa.selenium.remote.HttpCommandExecutor.execute(HttpCommandExecutor.java:158)
	at org.openqa.selenium.remote.service.DriverCommandExecutor.execute(DriverCommandExecutor.java:83)
	at org.openqa.selenium.remote.RemoteWebDriver.execute(RemoteWebDriver.java:552)
	at com.kms.katalon.selenium.driver.CChromeDriver.execute(CChromeDriver.java:19)
	at org.openqa.selenium.remote.RemoteWebDriver.execute(RemoteWebDriver.java:609)
	at org.openqa.selenium.remote.RemoteWebDriver$RemoteWebDriverOptions$RemoteWindow.maximize(RemoteWebDriver.java:837)
	at org.openqa.selenium.support.events.EventFiringWebDriver$EventFiringWindow.maximize(EventFiringWebDriver.java:769)
	at com.kms.katalon.core.webui.keyword.builtin.MaximizeWindowKeyword$_maximizeWindow_closure1.doCall(MaximizeWindowKeyword.groovy:85)
	at com.kms.katalon.core.webui.keyword.builtin.MaximizeWindowKeyword$_maximizeWindow_closure1.call(MaximizeWindowKeyword.groovy)
	at com.kms.katalon.core.webui.keyword.internal.WebUIKeywordMain.runKeyword(WebUIKeywordMain.groovy:20)
	at com.kms.katalon.core.webui.keyword.builtin.MaximizeWindowKeyword.maximizeWindow(MaximizeWindowKeyword.groovy:74)
	at com.kms.katalon.core.webui.keyword.builtin.MaximizeWindowKeyword.execute(MaximizeWindowKeyword.groovy:69)
	at com.kms.katalon.core.keyword.internal.KeywordExecutor.executeKeywordForPlatform(KeywordExecutor.groovy:72)
	at com.kms.katalon.core.webui.keyword.WebUiBuiltInKeywords.maximizeWindow(WebUiBuiltInKeywords.groovy:279)
	at com.kms.katalon.core.webui.keyword.WebUiBuiltInKeywords$maximizeWindow$0.call(Unknown Source)
	at Script1582302053606.run(Script1582302053606.groovy:23)
	at com.kms.katalon.core.main.ScriptEngine.run(ScriptEngine.java:194)
	at com.kms.katalon.core.main.ScriptEngine.runScriptAsRawText(ScriptEngine.java:119)
	at com.kms.katalon.core.main.TestCaseExecutor.runScript(TestCaseExecutor.java:337)
	at com.kms.katalon.core.main.TestCaseExecutor.doExecute(TestCaseExecutor.java:328)
	at com.kms.katalon.core.main.TestCaseExecutor.processExecutionPhase(TestCaseExecutor.java:307)
	at com.kms.katalon.core.main.TestCaseExecutor.accessMainPhase(TestCaseExecutor.java:299)
	at com.kms.katalon.core.main.TestCaseExecutor.execute(TestCaseExecutor.java:233)
	at com.kms.katalon.core.main.TestCaseMain.runTestCase(TestCaseMain.java:114)
	at com.kms.katalon.core.keyword.builtin.CallTestCaseKeyword$_callTestCase_closure1.doCall(CallTestCaseKeyword.groovy:59)
	at com.kms.katalon.core.keyword.builtin.CallTestCaseKeyword$_callTestCase_closure1.call(CallTestCaseKeyword.groovy)
	at com.kms.katalon.core.keyword.internal.KeywordMain.runKeyword(KeywordMain.groovy:68)
	at com.kms.katalon.core.keyword.builtin.CallTestCaseKeyword.callTestCase(CallTestCaseKeyword.groovy:81)
	at com.kms.katalon.core.keyword.builtin.CallTestCaseKeyword.execute(CallTestCaseKeyword.groovy:44)
	at com.kms.katalon.core.keyword.internal.KeywordExecutor.executeKeywordForPlatform(KeywordExecutor.groovy:72)
	at com.kms.katalon.core.keyword.BuiltinKeywords.callTestCase(BuiltinKeywords.groovy:334)
	at Script1582301841574.run(Script1582301841574.groovy:26)
	... 13 more
)

2020-03-03 09:07:42 - [MESSAGE][FAILED] - Unable to maximize current window (Root cause: com.kms.katalon.core.exception.StepFailedException: Unable to maximize current window
	at com.kms.katalon.core.webui.keyword.internal.WebUIKeywordMain.stepFailed(WebUIKeywordMain.groovy:64)
	at com.kms.katalon.core.webui.keyword.internal.WebUIKeywordMain.runKeyword(WebUIKeywordMain.groovy:26)
	at com.kms.katalon.core.webui.keyword.builtin.MaximizeWindowKeyword.maximizeWindow(MaximizeWindowKeyword.groovy:74)
	at com.kms.katalon.core.webui.keyword.builtin.MaximizeWindowKeyword.execute(MaximizeWindowKeyword.groovy:69)
	at com.kms.katalon.core.keyword.internal.KeywordExecutor.executeKeywordForPlatform(KeywordExecutor.groovy:72)
	at com.kms.katalon.core.webui.keyword.WebUiBuiltInKeywords.maximizeWindow(WebUiBuiltInKeywords.groovy:279)
	at com.kms.katalon.core.webui.keyword.WebUiBuiltInKeywords$maximizeWindow$0.call(Unknown Source)
	at Login.run(Login:23)
	at com.kms.katalon.core.main.ScriptEngine.run(ScriptEngine.java:194)
	at com.kms.katalon.core.main.ScriptEngine.runScriptAsRawText(ScriptEngine.java:119)
	at com.kms.katalon.core.main.TestCaseExecutor.runScript(TestCaseExecutor.java:337)
	at com.kms.katalon.core.main.TestCaseExecutor.doExecute(TestCaseExecutor.java:328)
	at com.kms.katalon.core.main.TestCaseExecutor.processExecutionPhase(TestCaseExecutor.java:307)
	at com.kms.katalon.core.main.TestCaseExecutor.accessMainPhase(TestCaseExecutor.java:299)
	at com.kms.katalon.core.main.TestCaseExecutor.execute(TestCaseExecutor.java:233)
	at com.kms.katalon.core.main.TestCaseMain.runTestCase(TestCaseMain.java:114)
	at com.kms.katalon.core.keyword.builtin.CallTestCaseKeyword$_callTestCase_closure1.doCall(CallTestCaseKeyword.groovy:59)
	at com.kms.katalon.core.keyword.builtin.CallTestCaseKeyword$_callTestCase_closure1.call(CallTestCaseKeyword.groovy)
	at com.kms.katalon.core.keyword.internal.KeywordMain.runKeyword(KeywordMain.groovy:68)
	at com.kms.katalon.core.keyword.builtin.CallTestCaseKeyword.callTestCase(CallTestCaseKeyword.groovy:81)
	at com.kms.katalon.core.keyword.builtin.CallTestCaseKeyword.execute(CallTestCaseKeyword.groovy:44)
	at com.kms.katalon.core.keyword.internal.KeywordExecutor.executeKeywordForPlatform(KeywordExecutor.groovy:72)
	at com.kms.katalon.core.keyword.BuiltinKeywords.callTestCase(BuiltinKeywords.groovy:334)
	at TC_Agregar_Producto_Almacen.run(TC_Agregar_Producto_Almacen:26)
	at com.kms.katalon.core.main.ScriptEngine.run(ScriptEngine.java:194)
	at com.kms.katalon.core.main.ScriptEngine.runScriptAsRawText(ScriptEngine.java:119)
	at com.kms.katalon.core.main.TestCaseExecutor.runScript(TestCaseExecutor.java:337)
	at com.kms.katalon.core.main.TestCaseExecutor.doExecute(TestCaseExecutor.java:328)
	at com.kms.katalon.core.main.TestCaseExecutor.processExecutionPhase(TestCaseExecutor.java:307)
	at com.kms.katalon.core.main.TestCaseExecutor.accessMainPhase(TestCaseExecutor.java:299)
	at com.kms.katalon.core.main.TestCaseExecutor.execute(TestCaseExecutor.java:233)
	at com.kms.katalon.core.main.TestSuiteExecutor.accessTestCaseMainPhase(TestSuiteExecutor.java:169)
	at com.kms.katalon.core.main.TestSuiteExecutor.accessTestSuiteMainPhase(TestSuiteExecutor.java:142)
	at com.kms.katalon.core.main.TestSuiteExecutor.execute(TestSuiteExecutor.java:91)
	at com.kms.katalon.core.main.TestCaseMain.startTestSuite(TestCaseMain.java:157)
	at com.kms.katalon.core.main.TestCaseMain$startTestSuite$0.call(Unknown Source)
	at TempTestSuite1583240437644.run(TempTestSuite1583240437644.groovy:36)
Caused by: org.openqa.selenium.WebDriverException: unknown error: unhandled inspector error: {"code":-32000,"message":"To maximize a minimized or fullscreen window, restore it to normal state first."}
  (Session info: chrome=80.0.3987.122)
Build info: version: '3.141.59', revision: 'e82be7d358', time: '2018-11-14T08:25:53'
System info: host: 'LAPTOP-K43U1BVQ', ip: '192.168.99.1', os.name: 'Windows 10', os.arch: 'amd64', os.version: '10.0', java.version: '1.8.0_181'
Driver info: com.kms.katalon.selenium.driver.CChromeDriver
Capabilities {acceptInsecureCerts: false, browserName: chrome, browserVersion: 80.0.3987.122, chrome: {chromedriverVersion: 79.0.3945.36 (3582db32b3389..., userDataDir: C:\Users\kaizen\AppData\Loc...}, goog:chromeOptions: {debuggerAddress: localhost:2870}, javascriptEnabled: true, networkConnectionEnabled: false, pageLoadStrategy: normal, platform: WINDOWS, platformName: WINDOWS, proxy: Proxy(), setWindowRect: true, strictFileInteractability: false, timeouts: {implicit: 0, pageLoad: 300000, script: 30000}, unhandledPromptBehavior: dismiss and notify}
Session ID: ead1b1b54edf0e4f766ba10b88b42599
	at org.openqa.selenium.remote.http.W3CHttpResponseCodec.createException(W3CHttpResponseCodec.java:187)
	at org.openqa.selenium.remote.http.W3CHttpResponseCodec.decode(W3CHttpResponseCodec.java:122)
	at org.openqa.selenium.remote.http.W3CHttpResponseCodec.decode(W3CHttpResponseCodec.java:49)
	at org.openqa.selenium.remote.HttpCommandExecutor.execute(HttpCommandExecutor.java:158)
	at org.openqa.selenium.remote.service.DriverCommandExecutor.execute(DriverCommandExecutor.java:83)
	at org.openqa.selenium.remote.RemoteWebDriver.execute(RemoteWebDriver.java:552)
	at com.kms.katalon.selenium.driver.CChromeDriver.execute(CChromeDriver.java:19)
	at org.openqa.selenium.remote.RemoteWebDriver.execute(RemoteWebDriver.java:609)
	at org.openqa.selenium.remote.RemoteWebDriver$RemoteWebDriverOptions$RemoteWindow.maximize(RemoteWebDriver.java:837)
	at org.openqa.selenium.support.events.EventFiringWebDriver$EventFiringWindow.maximize(EventFiringWebDriver.java:769)
	at com.kms.katalon.core.webui.keyword.builtin.MaximizeWindowKeyword$_maximizeWindow_closure1.doCall(MaximizeWindowKeyword.groovy:85)
	at com.kms.katalon.core.webui.keyword.builtin.MaximizeWindowKeyword$_maximizeWindow_closure1.call(MaximizeWindowKeyword.groovy)
	at com.kms.katalon.core.webui.keyword.internal.WebUIKeywordMain.runKeyword(WebUIKeywordMain.groovy:20)
	at com.kms.katalon.core.webui.keyword.builtin.MaximizeWindowKeyword.maximizeWindow(MaximizeWindowKeyword.groovy:74)
	at com.kms.katalon.core.webui.keyword.builtin.MaximizeWindowKeyword.execute(MaximizeWindowKeyword.groovy:69)
	at com.kms.katalon.core.keyword.internal.KeywordExecutor.executeKeywordForPlatform(KeywordExecutor.groovy:72)
	at com.kms.katalon.core.webui.keyword.WebUiBuiltInKeywords.maximizeWindow(WebUiBuiltInKeywords.groovy:279)
	at com.kms.katalon.core.webui.keyword.WebUiBuiltInKeywords$maximizeWindow$0.call(Unknown Source)
	at Script1582302053606.run(Script1582302053606.groovy:23)
	at com.kms.katalon.core.main.ScriptEngine.run(ScriptEngine.java:194)
	at com.kms.katalon.core.main.ScriptEngine.runScriptAsRawText(ScriptEngine.java:119)
	at com.kms.katalon.core.main.TestCaseExecutor.runScript(TestCaseExecutor.java:337)
	at com.kms.katalon.core.main.TestCaseExecutor.doExecute(TestCaseExecutor.java:328)
	at com.kms.katalon.core.main.TestCaseExecutor.processExecutionPhase(TestCaseExecutor.java:307)
	at com.kms.katalon.core.main.TestCaseExecutor.accessMainPhase(TestCaseExecutor.java:299)
	at com.kms.katalon.core.main.TestCaseExecutor.execute(TestCaseExecutor.java:233)
	at com.kms.katalon.core.main.TestCaseMain.runTestCase(TestCaseMain.java:114)
	at com.kms.katalon.core.keyword.builtin.CallTestCaseKeyword$_callTestCase_closure1.doCall(CallTestCaseKeyword.groovy:59)
	at com.kms.katalon.core.keyword.builtin.CallTestCaseKeyword$_callTestCase_closure1.call(CallTestCaseKeyword.groovy)
	at com.kms.katalon.core.keyword.internal.KeywordMain.runKeyword(KeywordMain.groovy:68)
	at com.kms.katalon.core.keyword.builtin.CallTestCaseKeyword.callTestCase(CallTestCaseKeyword.groovy:81)
	at com.kms.katalon.core.keyword.builtin.CallTestCaseKeyword.execute(CallTestCaseKeyword.groovy:44)
	at com.kms.katalon.core.keyword.internal.KeywordExecutor.executeKeywordForPlatform(KeywordExecutor.groovy:72)
	at com.kms.katalon.core.keyword.BuiltinKeywords.callTestCase(BuiltinKeywords.groovy:334)
	at Script1582301841574.run(Script1582301841574.groovy:26)
	... 13 more
)
[[ATTACHMENT|C:\\Users\\kaizen\\git\\AutomatizacionKatalon\\Reports\\20200303_090030\\Funcionalidades_Pedidos\\Flujo Completo Mov Inventario\\20200303_090030\\1583240861873.png]]

2020-03-03 09:07:42 - [MESSAGE][FAILED] - Unable to call Test Case 'Test Cases/Individual_Tests/Login' (Root cause: com.kms.katalon.core.exception.StepFailedException: Call Test Case 'Test Cases/Individual_Tests/Login' failed
	at com.kms.katalon.core.keyword.builtin.CallTestCaseKeyword$_callTestCase_closure1.doCall(CallTestCaseKeyword.groovy:63)
	at com.kms.katalon.core.keyword.builtin.CallTestCaseKeyword$_callTestCase_closure1.call(CallTestCaseKeyword.groovy)
	at com.kms.katalon.core.keyword.internal.KeywordMain.runKeyword(KeywordMain.groovy:68)
	at com.kms.katalon.core.keyword.builtin.CallTestCaseKeyword.callTestCase(CallTestCaseKeyword.groovy:81)
	at com.kms.katalon.core.keyword.builtin.CallTestCaseKeyword.execute(CallTestCaseKeyword.groovy:44)
	at com.kms.katalon.core.keyword.internal.KeywordExecutor.executeKeywordForPlatform(KeywordExecutor.groovy:72)
	at com.kms.katalon.core.keyword.BuiltinKeywords.callTestCase(BuiltinKeywords.groovy:334)
	at TC_Agregar_Producto_Almacen.run(TC_Agregar_Producto_Almacen:26)
	at com.kms.katalon.core.main.ScriptEngine.run(ScriptEngine.java:194)
	at com.kms.katalon.core.main.ScriptEngine.runScriptAsRawText(ScriptEngine.java:119)
	at com.kms.katalon.core.main.TestCaseExecutor.runScript(TestCaseExecutor.java:337)
	at com.kms.katalon.core.main.TestCaseExecutor.doExecute(TestCaseExecutor.java:328)
	at com.kms.katalon.core.main.TestCaseExecutor.processExecutionPhase(TestCaseExecutor.java:307)
	at com.kms.katalon.core.main.TestCaseExecutor.accessMainPhase(TestCaseExecutor.java:299)
	at com.kms.katalon.core.main.TestCaseExecutor.execute(TestCaseExecutor.java:233)
	at com.kms.katalon.core.main.TestSuiteExecutor.accessTestCaseMainPhase(TestSuiteExecutor.java:169)
	at com.kms.katalon.core.main.TestSuiteExecutor.accessTestSuiteMainPhase(TestSuiteExecutor.java:142)
	at com.kms.katalon.core.main.TestSuiteExecutor.execute(TestSuiteExecutor.java:91)
	at com.kms.katalon.core.main.TestCaseMain.startTestSuite(TestCaseMain.java:157)
	at com.kms.katalon.core.main.TestCaseMain$startTestSuite$0.call(Unknown Source)
	at TempTestSuite1583240437644.run(TempTestSuite1583240437644.groovy:36)
Caused by: com.kms.katalon.core.exception.StepFailedException: Unable to maximize current window
	at com.kms.katalon.core.webui.keyword.internal.WebUIKeywordMain.stepFailed(WebUIKeywordMain.groovy:64)
	at com.kms.katalon.core.webui.keyword.internal.WebUIKeywordMain.runKeyword(WebUIKeywordMain.groovy:26)
	at com.kms.katalon.core.webui.keyword.builtin.MaximizeWindowKeyword.maximizeWindow(MaximizeWindowKeyword.groovy:74)
	at com.kms.katalon.core.webui.keyword.builtin.MaximizeWindowKeyword.execute(MaximizeWindowKeyword.groovy:69)
	at com.kms.katalon.core.keyword.internal.KeywordExecutor.executeKeywordForPlatform(KeywordExecutor.groovy:72)
	at com.kms.katalon.core.webui.keyword.WebUiBuiltInKeywords.maximizeWindow(WebUiBuiltInKeywords.groovy:279)
	at com.kms.katalon.core.webui.keyword.WebUiBuiltInKeywords$maximizeWindow$0.call(Unknown Source)
	at Login.run(Login:23)
	at com.kms.katalon.core.main.ScriptEngine.run(ScriptEngine.java:194)
	at com.kms.katalon.core.main.ScriptEngine.runScriptAsRawText(ScriptEngine.java:119)
	at com.kms.katalon.core.main.TestCaseExecutor.runScript(TestCaseExecutor.java:337)
	at com.kms.katalon.core.main.TestCaseExecutor.doExecute(TestCaseExecutor.java:328)
	at com.kms.katalon.core.main.TestCaseExecutor.processExecutionPhase(TestCaseExecutor.java:307)
	at com.kms.katalon.core.main.TestCaseExecutor.accessMainPhase(TestCaseExecutor.java:299)
	at com.kms.katalon.core.main.TestCaseExecutor.execute(TestCaseExecutor.java:233)
	at com.kms.katalon.core.main.TestCaseMain.runTestCase(TestCaseMain.java:114)
	at com.kms.katalon.core.keyword.builtin.CallTestCaseKeyword$_callTestCase_closure1.doCall(CallTestCaseKeyword.groovy:59)
	... 20 more
Caused by: org.openqa.selenium.WebDriverException: unknown error: unhandled inspector error: {"code":-32000,"message":"To maximize a minimized or fullscreen window, restore it to normal state first."}
  (Session info: chrome=80.0.3987.122)
Build info: version: '3.141.59', revision: 'e82be7d358', time: '2018-11-14T08:25:53'
System info: host: 'LAPTOP-K43U1BVQ', ip: '192.168.99.1', os.name: 'Windows 10', os.arch: 'amd64', os.version: '10.0', java.version: '1.8.0_181'
Driver info: com.kms.katalon.selenium.driver.CChromeDriver
Capabilities {acceptInsecureCerts: false, browserName: chrome, browserVersion: 80.0.3987.122, chrome: {chromedriverVersion: 79.0.3945.36 (3582db32b3389..., userDataDir: C:\Users\kaizen\AppData\Loc...}, goog:chromeOptions: {debuggerAddress: localhost:2870}, javascriptEnabled: true, networkConnectionEnabled: false, pageLoadStrategy: normal, platform: WINDOWS, platformName: WINDOWS, proxy: Proxy(), setWindowRect: true, strictFileInteractability: false, timeouts: {implicit: 0, pageLoad: 300000, script: 30000}, unhandledPromptBehavior: dismiss and notify}
Session ID: ead1b1b54edf0e4f766ba10b88b42599
	at org.openqa.selenium.remote.http.W3CHttpResponseCodec.createException(W3CHttpResponseCodec.java:187)
	at org.openqa.selenium.remote.http.W3CHttpResponseCodec.decode(W3CHttpResponseCodec.java:122)
	at org.openqa.selenium.remote.http.W3CHttpResponseCodec.decode(W3CHttpResponseCodec.java:49)
	at org.openqa.selenium.remote.HttpCommandExecutor.execute(HttpCommandExecutor.java:158)
	at org.openqa.selenium.remote.service.DriverCommandExecutor.execute(DriverCommandExecutor.java:83)
	at org.openqa.selenium.remote.RemoteWebDriver.execute(RemoteWebDriver.java:552)
	at com.kms.katalon.selenium.driver.CChromeDriver.execute(CChromeDriver.java:19)
	at org.openqa.selenium.remote.RemoteWebDriver.execute(RemoteWebDriver.java:609)
	at org.openqa.selenium.remote.RemoteWebDriver$RemoteWebDriverOptions$RemoteWindow.maximize(RemoteWebDriver.java:837)
	at org.openqa.selenium.support.events.EventFiringWebDriver$EventFiringWindow.maximize(EventFiringWebDriver.java:769)
	at com.kms.katalon.core.webui.keyword.builtin.MaximizeWindowKeyword$_maximizeWindow_closure1.doCall(MaximizeWindowKeyword.groovy:85)
	at com.kms.katalon.core.webui.keyword.builtin.MaximizeWindowKeyword$_maximizeWindow_closure1.call(MaximizeWindowKeyword.groovy)
	at com.kms.katalon.core.webui.keyword.internal.WebUIKeywordMain.runKeyword(WebUIKeywordMain.groovy:20)
	... 35 more
)]]></system-out>
         <system-err><![CDATA[2020-03-03 09:01:17 - [TEST_CASE][FAILED] - Test Cases/Secuencias de Ejecucion/TC_Agregar_Producto_Almacen: Test Cases/Secuencias de Ejecucion/TC_Agregar_Producto_Almacen FAILED.
Reason:
com.kms.katalon.core.exception.StepFailedException: Call Test Case 'Test Cases/Individual_Tests/Login' failed
	at com.kms.katalon.core.keyword.builtin.CallTestCaseKeyword$_callTestCase_closure1.doCall(CallTestCaseKeyword.groovy:63)
	at com.kms.katalon.core.keyword.builtin.CallTestCaseKeyword$_callTestCase_closure1.call(CallTestCaseKeyword.groovy)
	at com.kms.katalon.core.keyword.internal.KeywordMain.runKeyword(KeywordMain.groovy:68)
	at com.kms.katalon.core.keyword.builtin.CallTestCaseKeyword.callTestCase(CallTestCaseKeyword.groovy:81)
	at com.kms.katalon.core.keyword.builtin.CallTestCaseKeyword.execute(CallTestCaseKeyword.groovy:44)
	at com.kms.katalon.core.keyword.internal.KeywordExecutor.executeKeywordForPlatform(KeywordExecutor.groovy:72)
	at com.kms.katalon.core.keyword.BuiltinKeywords.callTestCase(BuiltinKeywords.groovy:334)
	at TC_Agregar_Producto_Almacen.run(TC_Agregar_Producto_Almacen:26)
	at com.kms.katalon.core.main.ScriptEngine.run(ScriptEngine.java:194)
	at com.kms.katalon.core.main.ScriptEngine.runScriptAsRawText(ScriptEngine.java:119)
	at com.kms.katalon.core.main.TestCaseExecutor.runScript(TestCaseExecutor.java:337)
	at com.kms.katalon.core.main.TestCaseExecutor.doExecute(TestCaseExecutor.java:328)
	at com.kms.katalon.core.main.TestCaseExecutor.processExecutionPhase(TestCaseExecutor.java:307)
	at com.kms.katalon.core.main.TestCaseExecutor.accessMainPhase(TestCaseExecutor.java:299)
	at com.kms.katalon.core.main.TestCaseExecutor.execute(TestCaseExecutor.java:233)
	at com.kms.katalon.core.main.TestSuiteExecutor.accessTestCaseMainPhase(TestSuiteExecutor.java:169)
	at com.kms.katalon.core.main.TestSuiteExecutor.accessTestSuiteMainPhase(TestSuiteExecutor.java:142)
	at com.kms.katalon.core.main.TestSuiteExecutor.execute(TestSuiteExecutor.java:91)
	at com.kms.katalon.core.main.TestCaseMain.startTestSuite(TestCaseMain.java:157)
	at com.kms.katalon.core.main.TestCaseMain$startTestSuite$0.call(Unknown Source)
	at TempTestSuite1583240437644.run(TempTestSuite1583240437644.groovy:36)
Caused by: com.kms.katalon.core.exception.StepFailedException: Unable to maximize current window
	at com.kms.katalon.core.webui.keyword.internal.WebUIKeywordMain.stepFailed(WebUIKeywordMain.groovy:64)
	at com.kms.katalon.core.webui.keyword.internal.WebUIKeywordMain.runKeyword(WebUIKeywordMain.groovy:26)
	at com.kms.katalon.core.webui.keyword.builtin.MaximizeWindowKeyword.maximizeWindow(MaximizeWindowKeyword.groovy:74)
	at com.kms.katalon.core.webui.keyword.builtin.MaximizeWindowKeyword.execute(MaximizeWindowKeyword.groovy:69)
	at com.kms.katalon.core.keyword.internal.KeywordExecutor.executeKeywordForPlatform(KeywordExecutor.groovy:72)
	at com.kms.katalon.core.webui.keyword.WebUiBuiltInKeywords.maximizeWindow(WebUiBuiltInKeywords.groovy:279)
	at com.kms.katalon.core.webui.keyword.WebUiBuiltInKeywords$maximizeWindow$0.call(Unknown Source)
	at Login.run(Login:23)
	at com.kms.katalon.core.main.ScriptEngine.run(ScriptEngine.java:194)
	at com.kms.katalon.core.main.ScriptEngine.runScriptAsRawText(ScriptEngine.java:119)
	at com.kms.katalon.core.main.TestCaseExecutor.runScript(TestCaseExecutor.java:337)
	at com.kms.katalon.core.main.TestCaseExecutor.doExecute(TestCaseExecutor.java:328)
	at com.kms.katalon.core.main.TestCaseExecutor.processExecutionPhase(TestCaseExecutor.java:307)
	at com.kms.katalon.core.main.TestCaseExecutor.accessMainPhase(TestCaseExecutor.java:299)
	at com.kms.katalon.core.main.TestCaseExecutor.execute(TestCaseExecutor.java:233)
	at com.kms.katalon.core.main.TestCaseMain.runTestCase(TestCaseMain.java:114)
	at com.kms.katalon.core.keyword.builtin.CallTestCaseKeyword$_callTestCase_closure1.doCall(CallTestCaseKeyword.groovy:59)
	... 20 more
Caused by: org.openqa.selenium.WebDriverException: unknown error: unhandled inspector error: {"code":-32000,"message":"To maximize a minimized or fullscreen window, restore it to normal state first."}
  (Session info: chrome=80.0.3987.122)
Build info: version: '3.141.59', revision: 'e82be7d358', time: '2018-11-14T08:25:53'
System info: host: 'LAPTOP-K43U1BVQ', ip: '192.168.99.1', os.name: 'Windows 10', os.arch: 'amd64', os.version: '10.0', java.version: '1.8.0_181'
Driver info: com.kms.katalon.selenium.driver.CChromeDriver
Capabilities {acceptInsecureCerts: false, browserName: chrome, browserVersion: 80.0.3987.122, chrome: {chromedriverVersion: 79.0.3945.36 (3582db32b3389..., userDataDir: C:\Users\kaizen\AppData\Loc...}, goog:chromeOptions: {debuggerAddress: localhost:2870}, javascriptEnabled: true, networkConnectionEnabled: false, pageLoadStrategy: normal, platform: WINDOWS, platformName: WINDOWS, proxy: Proxy(), setWindowRect: true, strictFileInteractability: false, timeouts: {implicit: 0, pageLoad: 300000, script: 30000}, unhandledPromptBehavior: dismiss and notify}
Session ID: ead1b1b54edf0e4f766ba10b88b42599
	at org.openqa.selenium.remote.http.W3CHttpResponseCodec.createException(W3CHttpResponseCodec.java:187)
	at org.openqa.selenium.remote.http.W3CHttpResponseCodec.decode(W3CHttpResponseCodec.java:122)
	at org.openqa.selenium.remote.http.W3CHttpResponseCodec.decode(W3CHttpResponseCodec.java:49)
	at org.openqa.selenium.remote.HttpCommandExecutor.execute(HttpCommandExecutor.java:158)
	at org.openqa.selenium.remote.service.DriverCommandExecutor.execute(DriverCommandExecutor.java:83)
	at org.openqa.selenium.remote.RemoteWebDriver.execute(RemoteWebDriver.java:552)
	at com.kms.katalon.selenium.driver.CChromeDriver.execute(CChromeDriver.java:19)
	at org.openqa.selenium.remote.RemoteWebDriver.execute(RemoteWebDriver.java:609)
	at org.openqa.selenium.remote.RemoteWebDriver$RemoteWebDriverOptions$RemoteWindow.maximize(RemoteWebDriver.java:837)
	at org.openqa.selenium.support.events.EventFiringWebDriver$EventFiringWindow.maximize(EventFiringWebDriver.java:769)
	at com.kms.katalon.core.webui.keyword.builtin.MaximizeWindowKeyword$_maximizeWindow_closure1.doCall(MaximizeWindowKeyword.groovy:85)
	at com.kms.katalon.core.webui.keyword.builtin.MaximizeWindowKeyword$_maximizeWindow_closure1.call(MaximizeWindowKeyword.groovy)
	at com.kms.katalon.core.webui.keyword.internal.WebUIKeywordMain.runKeyword(WebUIKeywordMain.groovy:20)
	... 35 more]]></system-err>
      </testcase>
      <testcase name="Test Cases/Generar_Excels_Secuencias/TC_Generar_Excel_Mov_Inventario" time="7.159" classname="Test Cases/Generar_Excels_Secuencias/TC_Generar_Excel_Mov_Inventario" status="PASSED">
         <system-out><![CDATA[2020-03-03 09:07:42 - [TEST_CASE][PASSED] - Test Cases/Generar_Excels_Secuencias/TC_Generar_Excel_Mov_Inventario: Test Cases/Generar_Excels_Secuencias/TC_Generar_Excel_Mov_Inventario

2020-03-03 09:07:42 - [TEST_STEP][PASSED] - python.ejecutarAleatoriosPython.runPython("MovimientoInventario"): python.ejecutarAleatoriosPython.runPython is PASSED

2020-03-03 09:07:49 - [MESSAGE][PASSED] - python.ejecutarAleatoriosPython.runPython is PASSED]]></system-out>
         <system-err><![CDATA[]]></system-err>
      </testcase>
      <testcase name="Test Cases/Secuencias de Ejecucion/TC_Agregar_Movimiento_Inventario" time="649.327" classname="Test Cases/Secuencias de Ejecucion/TC_Agregar_Movimiento_Inventario" status="FAILED">
         <failure type="FAILED" message="Test Cases/Secuencias de Ejecucion/TC_Agregar_Movimiento_Inventario FAILED.
Reason:
com.kms.katalon.core.exception.StepFailedException: Call Test Case 'Test Cases/Individual_Tests/Movimientos_Inventario' failed
	at com.kms.katalon.core.keyword.builtin.CallTestCaseKeyword$_callTestCase_closure1.doCall(CallTestCaseKeyword.groovy:63)
	at com.kms.katalon.core.keyword.builtin.CallTestCaseKeyword$_callTestCase_closure1.call(CallTestCaseKeyword.groovy)
	at com.kms.katalon.core.keyword.internal.KeywordMain.runKeyword(KeywordMain.groovy:68)
	at com.kms.katalon.core.keyword.builtin.CallTestCaseKeyword.callTestCase(CallTestCaseKeyword.groovy:81)
	at com.kms.katalon.core.keyword.builtin.CallTestCaseKeyword.execute(CallTestCaseKeyword.groovy:44)
	at com.kms.katalon.core.keyword.internal.KeywordExecutor.executeKeywordForPlatform(KeywordExecutor.groovy:72)
	at com.kms.katalon.core.keyword.BuiltinKeywords.callTestCase(BuiltinKeywords.groovy:334)
	at TC_Agregar_Movimiento_Inventario.run(TC_Agregar_Movimiento_Inventario:31)
	at com.kms.katalon.core.main.ScriptEngine.run(ScriptEngine.java:194)
	at com.kms.katalon.core.main.ScriptEngine.runScriptAsRawText(ScriptEngine.java:119)
	at com.kms.katalon.core.main.TestCaseExecutor.runScript(TestCaseExecutor.java:337)
	at com.kms.katalon.core.main.TestCaseExecutor.doExecute(TestCaseExecutor.java:328)
	at com.kms.katalon.core.main.TestCaseExecutor.processExecutionPhase(TestCaseExecutor.java:307)
	at com.kms.katalon.core.main.TestCaseExecutor.accessMainPhase(TestCaseExecutor.java:299)
	at com.kms.katalon.core.main.TestCaseExecutor.execute(TestCaseExecutor.java:233)
	at com.kms.katalon.core.main.TestSuiteExecutor.accessTestCaseMainPhase(TestSuiteExecutor.java:169)
	at com.kms.katalon.core.main.TestSuiteExecutor.accessTestSuiteMainPhase(TestSuiteExecutor.java:142)
	at com.kms.katalon.core.main.TestSuiteExecutor.execute(TestSuiteExecutor.java:91)
	at com.kms.katalon.core.main.TestCaseMain.startTestSuite(TestCaseMain.java:157)
	at com.kms.katalon.core.main.TestCaseMain$startTestSuite$0.call(Unknown Source)
	at TempTestSuite1583240437644.run(TempTestSuite1583240437644.groovy:36)
Caused by: com.kms.katalon.core.exception.StepFailedException: Unable to verify object 'Object Repository/Page_Index - KAIZEN/mi_btn_agregar' is present
	at com.kms.katalon.core.webui.keyword.internal.WebUIKeywordMain.stepFailed(WebUIKeywordMain.groovy:64)
	at com.kms.katalon.core.webui.keyword.internal.WebUIKeywordMain.runKeyword(WebUIKeywordMain.groovy:26)
	at com.kms.katalon.core.webui.keyword.builtin.VerifyElementPresentKeyword.verifyElementPresent(VerifyElementPresentKeyword.groovy:92)
	at com.kms.katalon.core.webui.keyword.builtin.VerifyElementPresentKeyword.execute(VerifyElementPresentKeyword.groovy:68)
	at com.kms.katalon.core.keyword.internal.KeywordExecutor.executeKeywordForPlatform(KeywordExecutor.groovy:72)
	at com.kms.katalon.core.webui.keyword.WebUiBuiltInKeywords.verifyElementPresent(WebUiBuiltInKeywords.groovy:1434)
	at com.kms.katalon.core.webui.keyword.WebUiBuiltInKeywords$verifyElementPresent$9.call(Unknown Source)
	at Movimientos_Inventario.run(Movimientos_Inventario:83)
	at com.kms.katalon.core.main.ScriptEngine.run(ScriptEngine.java:194)
	at com.kms.katalon.core.main.ScriptEngine.runScriptAsRawText(ScriptEngine.java:119)
	at com.kms.katalon.core.main.TestCaseExecutor.runScript(TestCaseExecutor.java:337)
	at com.kms.katalon.core.main.TestCaseExecutor.doExecute(TestCaseExecutor.java:328)
	at com.kms.katalon.core.main.TestCaseExecutor.processExecutionPhase(TestCaseExecutor.java:307)
	at com.kms.katalon.core.main.TestCaseExecutor.accessMainPhase(TestCaseExecutor.java:299)
	at com.kms.katalon.core.main.TestCaseExecutor.execute(TestCaseExecutor.java:233)
	at com.kms.katalon.core.main.TestCaseMain.runTestCase(TestCaseMain.java:114)
	at com.kms.katalon.core.keyword.builtin.CallTestCaseKeyword$_callTestCase_closure1.doCall(CallTestCaseKeyword.groovy:59)
	... 20 more
Caused by: com.kms.katalon.core.exception.StepFailedException: com.kms.katalon.core.webui.exception.WebElementNotFoundException: Web element with id: 'Object Repository/Page_Index - KAIZEN/mi_btn_agregar' located by 'By.xpath: //div[@id='page-wrapper']/div/div/div/a' not found
	at com.kms.katalon.core.webui.keyword.internal.WebUIKeywordMain.stepFailed(WebUIKeywordMain.groovy:64)
	at com.kms.katalon.core.webui.keyword.builtin.VerifyElementPresentKeyword$_verifyElementPresent_closure1.doCall(VerifyElementPresentKeyword.groovy:85)
	at com.kms.katalon.core.webui.keyword.builtin.VerifyElementPresentKeyword$_verifyElementPresent_closure1.call(VerifyElementPresentKeyword.groovy)
	at com.kms.katalon.core.webui.keyword.internal.WebUIKeywordMain.runKeyword(WebUIKeywordMain.groovy:20)
	... 35 more
"/>
         <system-out><![CDATA[2020-03-03 09:07:49 - [TEST_CASE][FAILED] - Test Cases/Secuencias de Ejecucion/TC_Agregar_Movimiento_Inventario: Test Cases/Secuencias de Ejecucion/TC_Agregar_Movimiento_Inventario FAILED.
Reason:
com.kms.katalon.core.exception.StepFailedException: Call Test Case 'Test Cases/Individual_Tests/Movimientos_Inventario' failed
	at com.kms.katalon.core.keyword.builtin.CallTestCaseKeyword$_callTestCase_closure1.doCall(CallTestCaseKeyword.groovy:63)
	at com.kms.katalon.core.keyword.builtin.CallTestCaseKeyword$_callTestCase_closure1.call(CallTestCaseKeyword.groovy)
	at com.kms.katalon.core.keyword.internal.KeywordMain.runKeyword(KeywordMain.groovy:68)
	at com.kms.katalon.core.keyword.builtin.CallTestCaseKeyword.callTestCase(CallTestCaseKeyword.groovy:81)
	at com.kms.katalon.core.keyword.builtin.CallTestCaseKeyword.execute(CallTestCaseKeyword.groovy:44)
	at com.kms.katalon.core.keyword.internal.KeywordExecutor.executeKeywordForPlatform(KeywordExecutor.groovy:72)
	at com.kms.katalon.core.keyword.BuiltinKeywords.callTestCase(BuiltinKeywords.groovy:334)
	at TC_Agregar_Movimiento_Inventario.run(TC_Agregar_Movimiento_Inventario:31)
	at com.kms.katalon.core.main.ScriptEngine.run(ScriptEngine.java:194)
	at com.kms.katalon.core.main.ScriptEngine.runScriptAsRawText(ScriptEngine.java:119)
	at com.kms.katalon.core.main.TestCaseExecutor.runScript(TestCaseExecutor.java:337)
	at com.kms.katalon.core.main.TestCaseExecutor.doExecute(TestCaseExecutor.java:328)
	at com.kms.katalon.core.main.TestCaseExecutor.processExecutionPhase(TestCaseExecutor.java:307)
	at com.kms.katalon.core.main.TestCaseExecutor.accessMainPhase(TestCaseExecutor.java:299)
	at com.kms.katalon.core.main.TestCaseExecutor.execute(TestCaseExecutor.java:233)
	at com.kms.katalon.core.main.TestSuiteExecutor.accessTestCaseMainPhase(TestSuiteExecutor.java:169)
	at com.kms.katalon.core.main.TestSuiteExecutor.accessTestSuiteMainPhase(TestSuiteExecutor.java:142)
	at com.kms.katalon.core.main.TestSuiteExecutor.execute(TestSuiteExecutor.java:91)
	at com.kms.katalon.core.main.TestCaseMain.startTestSuite(TestCaseMain.java:157)
	at com.kms.katalon.core.main.TestCaseMain$startTestSuite$0.call(Unknown Source)
	at TempTestSuite1583240437644.run(TempTestSuite1583240437644.groovy:36)
Caused by: com.kms.katalon.core.exception.StepFailedException: Unable to verify object 'Object Repository/Page_Index - KAIZEN/mi_btn_agregar' is present
	at com.kms.katalon.core.webui.keyword.internal.WebUIKeywordMain.stepFailed(WebUIKeywordMain.groovy:64)
	at com.kms.katalon.core.webui.keyword.internal.WebUIKeywordMain.runKeyword(WebUIKeywordMain.groovy:26)
	at com.kms.katalon.core.webui.keyword.builtin.VerifyElementPresentKeyword.verifyElementPresent(VerifyElementPresentKeyword.groovy:92)
	at com.kms.katalon.core.webui.keyword.builtin.VerifyElementPresentKeyword.execute(VerifyElementPresentKeyword.groovy:68)
	at com.kms.katalon.core.keyword.internal.KeywordExecutor.executeKeywordForPlatform(KeywordExecutor.groovy:72)
	at com.kms.katalon.core.webui.keyword.WebUiBuiltInKeywords.verifyElementPresent(WebUiBuiltInKeywords.groovy:1434)
	at com.kms.katalon.core.webui.keyword.WebUiBuiltInKeywords$verifyElementPresent$9.call(Unknown Source)
	at Movimientos_Inventario.run(Movimientos_Inventario:83)
	at com.kms.katalon.core.main.ScriptEngine.run(ScriptEngine.java:194)
	at com.kms.katalon.core.main.ScriptEngine.runScriptAsRawText(ScriptEngine.java:119)
	at com.kms.katalon.core.main.TestCaseExecutor.runScript(TestCaseExecutor.java:337)
	at com.kms.katalon.core.main.TestCaseExecutor.doExecute(TestCaseExecutor.java:328)
	at com.kms.katalon.core.main.TestCaseExecutor.processExecutionPhase(TestCaseExecutor.java:307)
	at com.kms.katalon.core.main.TestCaseExecutor.accessMainPhase(TestCaseExecutor.java:299)
	at com.kms.katalon.core.main.TestCaseExecutor.execute(TestCaseExecutor.java:233)
	at com.kms.katalon.core.main.TestCaseMain.runTestCase(TestCaseMain.java:114)
	at com.kms.katalon.core.keyword.builtin.CallTestCaseKeyword$_callTestCase_closure1.doCall(CallTestCaseKeyword.groovy:59)
	... 20 more
Caused by: com.kms.katalon.core.exception.StepFailedException: com.kms.katalon.core.webui.exception.WebElementNotFoundException: Web element with id: 'Object Repository/Page_Index - KAIZEN/mi_btn_agregar' located by 'By.xpath: //div[@id='page-wrapper']/div/div/div/a' not found
	at com.kms.katalon.core.webui.keyword.internal.WebUIKeywordMain.stepFailed(WebUIKeywordMain.groovy:64)
	at com.kms.katalon.core.webui.keyword.builtin.VerifyElementPresentKeyword$_verifyElementPresent_closure1.doCall(VerifyElementPresentKeyword.groovy:85)
	at com.kms.katalon.core.webui.keyword.builtin.VerifyElementPresentKeyword$_verifyElementPresent_closure1.call(VerifyElementPresentKeyword.groovy)
	at com.kms.katalon.core.webui.keyword.internal.WebUIKeywordMain.runKeyword(WebUIKeywordMain.groovy:20)
	... 35 more


2020-03-03 09:07:50 - [TEST_STEP][PASSED] - archivo = $RunConfiguration.getProjectDir()/Pedidos/DataExcel/MovimientoDeInventario.xlsx: null

2020-03-03 09:07:50 - [TEST_STEP][PASSED] - excelData = getExcelDataWithDefaultSheet(archivo, "Sheet1", true): null

2020-03-03 09:07:50 - [TEST_STEP][FAILED] - for ([Index = 1, Index <= excelData.getRowNumbers(), (Index++)]): Unable to call Test Case 'Test Cases/Individual_Tests/Movimientos_Inventario' (Root cause: com.kms.katalon.core.exception.StepFailedException: Call Test Case 'Test Cases/Individual_Tests/Movimientos_Inventario' failed
	at com.kms.katalon.core.keyword.builtin.CallTestCaseKeyword$_callTestCase_closure1.doCall(CallTestCaseKeyword.groovy:63)
	at com.kms.katalon.core.keyword.builtin.CallTestCaseKeyword$_callTestCase_closure1.call(CallTestCaseKeyword.groovy)
	at com.kms.katalon.core.keyword.internal.KeywordMain.runKeyword(KeywordMain.groovy:68)
	at com.kms.katalon.core.keyword.builtin.CallTestCaseKeyword.callTestCase(CallTestCaseKeyword.groovy:81)
	at com.kms.katalon.core.keyword.builtin.CallTestCaseKeyword.execute(CallTestCaseKeyword.groovy:44)
	at com.kms.katalon.core.keyword.internal.KeywordExecutor.executeKeywordForPlatform(KeywordExecutor.groovy:72)
	at com.kms.katalon.core.keyword.BuiltinKeywords.callTestCase(BuiltinKeywords.groovy:334)
	at TC_Agregar_Movimiento_Inventario.run(TC_Agregar_Movimiento_Inventario:31)
	at com.kms.katalon.core.main.ScriptEngine.run(ScriptEngine.java:194)
	at com.kms.katalon.core.main.ScriptEngine.runScriptAsRawText(ScriptEngine.java:119)
	at com.kms.katalon.core.main.TestCaseExecutor.runScript(TestCaseExecutor.java:337)
	at com.kms.katalon.core.main.TestCaseExecutor.doExecute(TestCaseExecutor.java:328)
	at com.kms.katalon.core.main.TestCaseExecutor.processExecutionPhase(TestCaseExecutor.java:307)
	at com.kms.katalon.core.main.TestCaseExecutor.accessMainPhase(TestCaseExecutor.java:299)
	at com.kms.katalon.core.main.TestCaseExecutor.execute(TestCaseExecutor.java:233)
	at com.kms.katalon.core.main.TestSuiteExecutor.accessTestCaseMainPhase(TestSuiteExecutor.java:169)
	at com.kms.katalon.core.main.TestSuiteExecutor.accessTestSuiteMainPhase(TestSuiteExecutor.java:142)
	at com.kms.katalon.core.main.TestSuiteExecutor.execute(TestSuiteExecutor.java:91)
	at com.kms.katalon.core.main.TestCaseMain.startTestSuite(TestCaseMain.java:157)
	at com.kms.katalon.core.main.TestCaseMain$startTestSuite$0.call(Unknown Source)
	at TempTestSuite1583240437644.run(TempTestSuite1583240437644.groovy:36)
Caused by: com.kms.katalon.core.exception.StepFailedException: Unable to verify object 'Object Repository/Page_Index - KAIZEN/mi_btn_agregar' is present
	at com.kms.katalon.core.webui.keyword.internal.WebUIKeywordMain.stepFailed(WebUIKeywordMain.groovy:64)
	at com.kms.katalon.core.webui.keyword.internal.WebUIKeywordMain.runKeyword(WebUIKeywordMain.groovy:26)
	at com.kms.katalon.core.webui.keyword.builtin.VerifyElementPresentKeyword.verifyElementPresent(VerifyElementPresentKeyword.groovy:92)
	at com.kms.katalon.core.webui.keyword.builtin.VerifyElementPresentKeyword.execute(VerifyElementPresentKeyword.groovy:68)
	at com.kms.katalon.core.keyword.internal.KeywordExecutor.executeKeywordForPlatform(KeywordExecutor.groovy:72)
	at com.kms.katalon.core.webui.keyword.WebUiBuiltInKeywords.verifyElementPresent(WebUiBuiltInKeywords.groovy:1434)
	at com.kms.katalon.core.webui.keyword.WebUiBuiltInKeywords$verifyElementPresent$9.call(Unknown Source)
	at Movimientos_Inventario.run(Movimientos_Inventario:83)
	at com.kms.katalon.core.main.ScriptEngine.run(ScriptEngine.java:194)
	at com.kms.katalon.core.main.ScriptEngine.runScriptAsRawText(ScriptEngine.java:119)
	at com.kms.katalon.core.main.TestCaseExecutor.runScript(TestCaseExecutor.java:337)
	at com.kms.katalon.core.main.TestCaseExecutor.doExecute(TestCaseExecutor.java:328)
	at com.kms.katalon.core.main.TestCaseExecutor.processExecutionPhase(TestCaseExecutor.java:307)
	at com.kms.katalon.core.main.TestCaseExecutor.accessMainPhase(TestCaseExecutor.java:299)
	at com.kms.katalon.core.main.TestCaseExecutor.execute(TestCaseExecutor.java:233)
	at com.kms.katalon.core.main.TestCaseMain.runTestCase(TestCaseMain.java:114)
	at com.kms.katalon.core.keyword.builtin.CallTestCaseKeyword$_callTestCase_closure1.doCall(CallTestCaseKeyword.groovy:59)
	... 20 more
Caused by: com.kms.katalon.core.exception.StepFailedException: com.kms.katalon.core.webui.exception.WebElementNotFoundException: Web element with id: 'Object Repository/Page_Index - KAIZEN/mi_btn_agregar' located by 'By.xpath: //div[@id='page-wrapper']/div/div/div/a' not found
	at com.kms.katalon.core.webui.keyword.internal.WebUIKeywordMain.stepFailed(WebUIKeywordMain.groovy:64)
	at com.kms.katalon.core.webui.keyword.builtin.VerifyElementPresentKeyword$_verifyElementPresent_closure1.doCall(VerifyElementPresentKeyword.groovy:85)
	at com.kms.katalon.core.webui.keyword.builtin.VerifyElementPresentKeyword$_verifyElementPresent_closure1.call(VerifyElementPresentKeyword.groovy)
	at com.kms.katalon.core.webui.keyword.internal.WebUIKeywordMain.runKeyword(WebUIKeywordMain.groovy:20)
	... 35 more
)

2020-03-03 09:07:50 - [TEST_STEP][PASSED] - callTestCase(findTestCase("Individual_Tests/Login"), ["Evento":"MovimientoDeInventario", "Index":Index, "Usuario":"", "Contrasena":""], STOP_ON_FAILURE): Call Test Case 'Test Cases/Individual_Tests/Login' successfully

2020-03-03 09:07:50 - [TEST_CASE][PASSED] - Test Cases/Individual_Tests/Login: Test Cases/Individual_Tests/Login

2020-03-03 09:07:50 - [TEST_STEP][PASSED] - print("Evento Seleccionado: " + Evento + "
"): null

2020-03-03 09:07:50 - [TEST_STEP][PASSED] - openBrowser(Web): Browser is opened with url: 'http://test.kaizendev.net/Login/Accesar?salir=true'

2020-03-03 09:07:50 - [MESSAGE][WARNING] - A browser is already opened. Closing browser and opening a new one

2020-03-03 09:07:50 - [MESSAGE][INFO] - Starting 'Chrome' driver

2020-03-03 09:08:11 - [MESSAGE][PASSED] - Browser is opened with url: 'http://test.kaizendev.net/Login/Accesar?salir=true'

2020-03-03 09:08:11 - [TEST_STEP][PASSED] - maximizeWindow(): Current window maximized

2020-03-03 09:08:12 - [MESSAGE][PASSED] - Current window maximized

2020-03-03 09:08:12 - [TEST_STEP][PASSED] - if (Evento == "Crear20"): null

2020-03-03 09:08:12 - [TEST_STEP][PASSED] - else if (Evento == "Crear40"): null

2020-03-03 09:08:12 - [TEST_STEP][PASSED] - else if (Evento == "Aprobar"): null

2020-03-03 09:08:12 - [TEST_STEP][PASSED] - else if (Evento == "Logistica"): null

2020-03-03 09:08:12 - [TEST_STEP][PASSED] - else if (Evento == "Produccion"): null

2020-03-03 09:08:12 - [TEST_STEP][PASSED] - else if (Evento == "Inventario"): null

2020-03-03 09:08:12 - [TEST_STEP][PASSED] - else if (Evento == "Despacho"): null

2020-03-03 09:08:12 - [TEST_STEP][PASSED] - else if (Evento == "ProductoAlmacen"): null

2020-03-03 09:08:12 - [TEST_STEP][PASSED] - else if (Evento == "MovimientoDeInventario"): Object: 'Object Repository/Page_Iniciar Sesion - KAIZEN/is_btn_ingresar_sistema' is clicked on

2020-03-03 09:08:12 - [TEST_STEP][PASSED] - data8 = obtener_excels.obtener_mov_inventario.getValuesExcelMovInventario(Index): obtener_excels.obtener_mov_inventario.getValuesExcelMovInventario is PASSED

2020-03-03 09:08:12 - [MESSAGE][PASSED] - obtener_excels.obtener_mov_inventario.getValuesExcelMovInventario is PASSED

2020-03-03 09:08:13 - [TEST_STEP][PASSED] - Usuario = data8[1]: null

2020-03-03 09:08:13 - [TEST_STEP][PASSED] - Contrasena = data8[2]: null

2020-03-03 09:08:13 - [TEST_STEP][PASSED] - setText(findTestObject("Page_Iniciar Sesion - KAIZEN/is_input_email"), Usuario): Text 'automated.test@grupokaizen.net' is set on object 'Object Repository/Page_Iniciar Sesion - KAIZEN/is_input_email'

2020-03-03 09:08:13 - [MESSAGE][PASSED] - Text 'automated.test@grupokaizen.net' is set on object 'Object Repository/Page_Iniciar Sesion - KAIZEN/is_input_email'

2020-03-03 09:08:13 - [TEST_STEP][PASSED] - setEncryptedText(findTestObject("Page_Iniciar Sesion - KAIZEN/IS_input_contrasena"), Contrasena): Text ****** has been set on object 'Object Repository/Page_Iniciar Sesion - KAIZEN/IS_input_contrasena'

2020-03-03 09:08:14 - [MESSAGE][PASSED] - Text ****** has been set on object 'Object Repository/Page_Iniciar Sesion - KAIZEN/IS_input_contrasena'

2020-03-03 09:08:14 - [TEST_STEP][PASSED] - click(findTestObject("Page_Iniciar Sesion - KAIZEN/is_btn_ingresar_sistema")): Object: 'Object Repository/Page_Iniciar Sesion - KAIZEN/is_btn_ingresar_sistema' is clicked on

2020-03-03 09:08:18 - [MESSAGE][PASSED] - Object: 'Object Repository/Page_Iniciar Sesion - KAIZEN/is_btn_ingresar_sistema' is clicked on

2020-03-03 09:08:18 - [MESSAGE][PASSED] - Call Test Case 'Test Cases/Individual_Tests/Login' successfully

2020-03-03 09:08:18 - [TEST_STEP][PASSED] - callTestCase(findTestCase("Individual_Tests/Seleccionar_Idioma"), ["Evento":"MovimientoDeInventario", "Index":Index], STOP_ON_FAILURE): Call Test Case 'Test Cases/Individual_Tests/Seleccionar_Idioma' successfully

2020-03-03 09:08:18 - [TEST_CASE][PASSED] - Test Cases/Individual_Tests/Seleccionar_Idioma: Test Cases/Individual_Tests/Seleccionar_Idioma

2020-03-03 09:08:18 - [TEST_STEP][PASSED] - Idioma = 0: null

2020-03-03 09:08:18 - [TEST_STEP][PASSED] - if (Evento == "Crear20"): null

2020-03-03 09:08:18 - [TEST_STEP][PASSED] - else if (Evento == "Crear40"): null

2020-03-03 09:08:18 - [TEST_STEP][PASSED] - else if (Evento == "Aprobar"): null

2020-03-03 09:08:18 - [TEST_STEP][PASSED] - else if (Evento == "Logistica"): null

2020-03-03 09:08:18 - [TEST_STEP][PASSED] - else if (Evento == "Produccion"): null

2020-03-03 09:08:18 - [TEST_STEP][PASSED] - else if (Evento == "Inventario"): null

2020-03-03 09:08:18 - [TEST_STEP][PASSED] - else if (Evento == "Despacho"): null

2020-03-03 09:08:18 - [TEST_STEP][PASSED] - else if (Evento == "ProductoAlmacen"): null

2020-03-03 09:08:18 - [TEST_STEP][PASSED] - else if (Evento == "MovimientoDeInventario"): null

2020-03-03 09:08:18 - [TEST_STEP][PASSED] - data7 = obtener_excels.obtener_mov_inventario.getValuesExcelMovInventario(Index): obtener_excels.obtener_mov_inventario.getValuesExcelMovInventario is PASSED

2020-03-03 09:08:18 - [MESSAGE][PASSED] - obtener_excels.obtener_mov_inventario.getValuesExcelMovInventario is PASSED

2020-03-03 09:08:18 - [TEST_STEP][PASSED] - Idioma = data7[0]: null

2020-03-03 09:08:18 - [TEST_STEP][PASSED] - click(findTestObject("Page_- KAIZEN/si_btn_idioma")): Object: 'Object Repository/Page_- KAIZEN/si_btn_idioma' is clicked on

2020-03-03 09:08:18 - [MESSAGE][PASSED] - Object: 'Object Repository/Page_- KAIZEN/si_btn_idioma' is clicked on

2020-03-03 09:08:18 - [TEST_STEP][PASSED] - if (Idioma == "0"): null

2020-03-03 09:08:18 - [TEST_STEP][PASSED] - else: Object: 'Object Repository/Page_- KAIZEN/si_Spanish' is clicked on

2020-03-03 09:08:18 - [TEST_STEP][PASSED] - click(findTestObject("Page_- KAIZEN/si_Spanish")): Object: 'Object Repository/Page_- KAIZEN/si_Spanish' is clicked on

2020-03-03 09:08:20 - [MESSAGE][PASSED] - Object: 'Object Repository/Page_- KAIZEN/si_Spanish' is clicked on

2020-03-03 09:08:20 - [MESSAGE][PASSED] - Call Test Case 'Test Cases/Individual_Tests/Seleccionar_Idioma' successfully

2020-03-03 09:08:20 - [TEST_STEP][PASSED] - callTestCase(findTestCase("Individual_Tests/Movimientos_Inventario"), ["Index":Index], STOP_ON_FAILURE): Call Test Case 'Test Cases/Individual_Tests/Movimientos_Inventario' successfully

2020-03-03 09:08:20 - [TEST_CASE][PASSED] - Test Cases/Individual_Tests/Movimientos_Inventario: Test Cases/Individual_Tests/Movimientos_Inventario

2020-03-03 09:08:20 - [TEST_STEP][PASSED] - data = obtener_excels.obtener_mov_inventario.getValuesExcelMovInventario(Index): obtener_excels.obtener_mov_inventario.getValuesExcelMovInventario is PASSED

2020-03-03 09:08:21 - [MESSAGE][PASSED] - obtener_excels.obtener_mov_inventario.getValuesExcelMovInventario is PASSED

2020-03-03 09:08:21 - [TEST_STEP][PASSED] - concepto = data[3]: null

2020-03-03 09:08:21 - [TEST_STEP][PASSED] - motivo = data[4]: null

2020-03-03 09:08:21 - [TEST_STEP][PASSED] - codProducto = data[5]: null

2020-03-03 09:08:21 - [TEST_STEP][PASSED] - IdAlmacen1 = data[9]: null

2020-03-03 09:08:21 - [TEST_STEP][PASSED] - IdAlmacen2 = data[11]: null

2020-03-03 09:08:21 - [TEST_STEP][PASSED] - cantidad = data[13]: null

2020-03-03 09:08:21 - [TEST_STEP][PASSED] - click(findTestObject("Object Repository/Page_- KAIZEN/mi_menu_Pedidos")): Object: 'Object Repository/Page_- KAIZEN/mi_menu_Pedidos' is clicked on

2020-03-03 09:08:21 - [MESSAGE][PASSED] - Object: 'Object Repository/Page_- KAIZEN/mi_menu_Pedidos' is clicked on

2020-03-03 09:08:21 - [TEST_STEP][PASSED] - click(findTestObject("Object Repository/Page_- KAIZEN/mi_menu_Inventario")): Object: 'Object Repository/Page_- KAIZEN/mi_menu_Inventario' is clicked on

2020-03-03 09:08:22 - [MESSAGE][PASSED] - Object: 'Object Repository/Page_- KAIZEN/mi_menu_Inventario' is clicked on

2020-03-03 09:08:22 - [TEST_STEP][PASSED] - click(findTestObject("Object Repository/Page_- KAIZEN/mi_menu_Movimientos")): Object: 'Object Repository/Page_- KAIZEN/mi_menu_Movimientos' is clicked on

2020-03-03 09:08:27 - [MESSAGE][PASSED] - Object: 'Object Repository/Page_- KAIZEN/mi_menu_Movimientos' is clicked on

2020-03-03 09:08:27 - [TEST_STEP][PASSED] - click(findTestObject("Object Repository/Page_Index - KAIZEN/mi_btn_agregar")): Object: 'Object Repository/Page_Index - KAIZEN/mi_btn_agregar' is clicked on

2020-03-03 09:08:32 - [MESSAGE][PASSED] - Object: 'Object Repository/Page_Index - KAIZEN/mi_btn_agregar' is clicked on

2020-03-03 09:08:32 - [TEST_STEP][PASSED] - selectOptionByValue(findTestObject("Object Repository/Page_Create - KAIZEN/mi_select_concepto"), concepto, true): All options with value 'SalidaDeMercancias' are selected in object 'Object Repository/Page_Create - KAIZEN/mi_select_concepto'  using regular expression

2020-03-03 09:08:34 - [MESSAGE][PASSED] - All options with value 'SalidaDeMercancias' are selected in object 'Object Repository/Page_Create - KAIZEN/mi_select_concepto'  using regular expression

2020-03-03 09:08:34 - [TEST_STEP][PASSED] - selectOptionByValue(findTestObject("Object Repository/Page_Create - KAIZEN/mi_select_motivo"), motivo, true): All options with value 'DevolucionProductoCompra' are selected in object 'Object Repository/Page_Create - KAIZEN/mi_select_motivo'  using regular expression

2020-03-03 09:08:35 - [MESSAGE][PASSED] - All options with value 'DevolucionProductoCompra' are selected in object 'Object Repository/Page_Create - KAIZEN/mi_select_motivo'  using regular expression

2020-03-03 09:08:35 - [TEST_STEP][PASSED] - click(findTestObject("Object Repository/Page_Create - KAIZEN/mi_select_buscar_Producto")): Object: 'Object Repository/Page_Create - KAIZEN/mi_select_buscar_Producto' is clicked on

2020-03-03 09:08:36 - [MESSAGE][PASSED] - Object: 'Object Repository/Page_Create - KAIZEN/mi_select_buscar_Producto' is clicked on

2020-03-03 09:08:36 - [TEST_STEP][PASSED] - setText(findTestObject("Object Repository/Page_Create - KAIZEN/mi_assing_producto"), codProducto): Text '9511-101-140' is set on object 'Object Repository/Page_Create - KAIZEN/mi_assing_producto'

2020-03-03 09:08:37 - [MESSAGE][PASSED] - Text '9511-101-140' is set on object 'Object Repository/Page_Create - KAIZEN/mi_assing_producto'

2020-03-03 09:08:37 - [TEST_STEP][PASSED] - sendKeys(findTestObject("Object Repository/Page_Create - KAIZEN/mi_assing_producto"), Keys.chord(ENTER)): Keys 'ENTER + ' sent to object: 'Object Repository/Page_Create - KAIZEN/mi_assing_producto'

2020-03-03 09:08:38 - [MESSAGE][PASSED] - Keys 'ENTER + ' sent to object: 'Object Repository/Page_Create - KAIZEN/mi_assing_producto'

2020-03-03 09:08:38 - [TEST_STEP][PASSED] - setText(findTestObject("Object Repository/Page_Create - KAIZEN/mi_assing_cantidad"), cantidad): Text '997' is set on object 'Object Repository/Page_Create - KAIZEN/mi_assing_cantidad'

2020-03-03 09:08:38 - [MESSAGE][PASSED] - Text '997' is set on object 'Object Repository/Page_Create - KAIZEN/mi_assing_cantidad'

2020-03-03 09:08:38 - [TEST_STEP][PASSED] - sendKeys(findTestObject("Object Repository/Page_Create - KAIZEN/mi_assing_cantidad"), Keys.chord(ENTER)): Keys 'ENTER + ' sent to object: 'Object Repository/Page_Create - KAIZEN/mi_assing_cantidad'

2020-03-03 09:08:39 - [MESSAGE][PASSED] - Keys 'ENTER + ' sent to object: 'Object Repository/Page_Create - KAIZEN/mi_assing_cantidad'

2020-03-03 09:08:39 - [TEST_STEP][PASSED] - delay(5): Delayed 5 second(s)

2020-03-03 09:08:44 - [MESSAGE][PASSED] - Delayed 5 second(s)

2020-03-03 09:08:44 - [TEST_STEP][PASSED] - modal = executeJavaScript("return document.querySelector('.swal2-popup');", null): Execute JavaScript 'return document.querySelector('.swal2-popup');' successfully

2020-03-03 09:08:44 - [MESSAGE][PASSED] - Execute JavaScript 'return document.querySelector('.swal2-popup');' successfully

2020-03-03 09:08:44 - [TEST_STEP][PASSED] - if (modal == null): Object 'Object Repository/Page_Index - KAIZEN/mi_btn_agregar' is present

2020-03-03 09:08:44 - [TEST_STEP][PASSED] - print(modal): null

2020-03-03 09:08:44 - [TEST_STEP][PASSED] - if (motivo == "EntradaPorFabricacion"): null

2020-03-03 09:08:44 - [TEST_STEP][PASSED] - else: Object 'Object Repository/Page_Index - KAIZEN/mi_btn_agregar' is present

2020-03-03 09:08:44 - [TEST_STEP][PASSED] - selectOptionByValue(findTestObject("Object Repository/Page_Create - KAIZEN/mi_assing_almacen1"), IdAlmacen1, true): All options with value '1' are selected in object 'Object Repository/Page_Create - KAIZEN/mi_assing_almacen1'  using regular expression

2020-03-03 09:08:46 - [MESSAGE][PASSED] - All options with value '1' are selected in object 'Object Repository/Page_Create - KAIZEN/mi_assing_almacen1'  using regular expression

2020-03-03 09:08:46 - [TEST_STEP][PASSED] - if (concepto == "TransferenciaDeMercancias"): null

2020-03-03 09:08:46 - [TEST_STEP][PASSED] - else: Object 'Object Repository/Page_Index - KAIZEN/mi_btn_agregar' is present

2020-03-03 09:08:46 - [TEST_STEP][PASSED] - click(findTestObject("Object Repository/Page_Create - KAIZEN/mi_btn_Guardar")): Object: 'Object Repository/Page_Create - KAIZEN/mi_btn_Guardar' is clicked on

2020-03-03 09:08:48 - [MESSAGE][PASSED] - Object: 'Object Repository/Page_Create - KAIZEN/mi_btn_Guardar' is clicked on

2020-03-03 09:08:48 - [TEST_STEP][PASSED] - verifyElementPresent(findTestObject("Object Repository/Page_Index - KAIZEN/mi_btn_agregar"), 5): Object 'Object Repository/Page_Index - KAIZEN/mi_btn_agregar' is present

2020-03-03 09:08:49 - [MESSAGE][PASSED] - Object 'Object Repository/Page_Index - KAIZEN/mi_btn_agregar' is present

2020-03-03 09:08:49 - [TEST_STEP][PASSED] - delay(5): Delayed 5 second(s)

2020-03-03 09:08:54 - [MESSAGE][PASSED] - Delayed 5 second(s)

2020-03-03 09:08:54 - [MESSAGE][PASSED] - Call Test Case 'Test Cases/Individual_Tests/Movimientos_Inventario' successfully

2020-03-03 09:08:54 - [TEST_STEP][PASSED] - callTestCase(findTestCase("Individual_Tests/Login"), ["Evento":"MovimientoDeInventario", "Index":Index, "Usuario":"", "Contrasena":""], STOP_ON_FAILURE): Call Test Case 'Test Cases/Individual_Tests/Login' successfully

2020-03-03 09:08:54 - [TEST_CASE][PASSED] - Test Cases/Individual_Tests/Login: Test Cases/Individual_Tests/Login

2020-03-03 09:08:54 - [TEST_STEP][PASSED] - print("Evento Seleccionado: " + Evento + "
"): null

2020-03-03 09:08:54 - [TEST_STEP][PASSED] - openBrowser(Web): Browser is opened with url: 'http://test.kaizendev.net/Login/Accesar?salir=true'

2020-03-03 09:08:54 - [MESSAGE][WARNING] - A browser is already opened. Closing browser and opening a new one

2020-03-03 09:08:55 - [MESSAGE][INFO] - Starting 'Chrome' driver

2020-03-03 09:09:12 - [MESSAGE][PASSED] - Browser is opened with url: 'http://test.kaizendev.net/Login/Accesar?salir=true'

2020-03-03 09:09:12 - [TEST_STEP][PASSED] - maximizeWindow(): Current window maximized

2020-03-03 09:09:13 - [MESSAGE][PASSED] - Current window maximized

2020-03-03 09:09:13 - [TEST_STEP][PASSED] - if (Evento == "Crear20"): null

2020-03-03 09:09:13 - [TEST_STEP][PASSED] - else if (Evento == "Crear40"): null

2020-03-03 09:09:13 - [TEST_STEP][PASSED] - else if (Evento == "Aprobar"): null

2020-03-03 09:09:13 - [TEST_STEP][PASSED] - else if (Evento == "Logistica"): null

2020-03-03 09:09:13 - [TEST_STEP][PASSED] - else if (Evento == "Produccion"): null

2020-03-03 09:09:13 - [TEST_STEP][PASSED] - else if (Evento == "Inventario"): null

2020-03-03 09:09:13 - [TEST_STEP][PASSED] - else if (Evento == "Despacho"): null

2020-03-03 09:09:13 - [TEST_STEP][PASSED] - else if (Evento == "ProductoAlmacen"): null

2020-03-03 09:09:13 - [TEST_STEP][PASSED] - else if (Evento == "MovimientoDeInventario"): Object: 'Object Repository/Page_Iniciar Sesion - KAIZEN/is_btn_ingresar_sistema' is clicked on

2020-03-03 09:09:13 - [TEST_STEP][PASSED] - data8 = obtener_excels.obtener_mov_inventario.getValuesExcelMovInventario(Index): obtener_excels.obtener_mov_inventario.getValuesExcelMovInventario is PASSED

2020-03-03 09:09:13 - [MESSAGE][PASSED] - obtener_excels.obtener_mov_inventario.getValuesExcelMovInventario is PASSED

2020-03-03 09:09:13 - [TEST_STEP][PASSED] - Usuario = data8[1]: null

2020-03-03 09:09:13 - [TEST_STEP][PASSED] - Contrasena = data8[2]: null

2020-03-03 09:09:13 - [TEST_STEP][PASSED] - setText(findTestObject("Page_Iniciar Sesion - KAIZEN/is_input_email"), Usuario): Text 'automated.test@grupokaizen.net' is set on object 'Object Repository/Page_Iniciar Sesion - KAIZEN/is_input_email'

2020-03-03 09:09:14 - [MESSAGE][PASSED] - Text 'automated.test@grupokaizen.net' is set on object 'Object Repository/Page_Iniciar Sesion - KAIZEN/is_input_email'

2020-03-03 09:09:14 - [TEST_STEP][PASSED] - setEncryptedText(findTestObject("Page_Iniciar Sesion - KAIZEN/IS_input_contrasena"), Contrasena): Text ****** has been set on object 'Object Repository/Page_Iniciar Sesion - KAIZEN/IS_input_contrasena'

2020-03-03 09:09:15 - [MESSAGE][PASSED] - Text ****** has been set on object 'Object Repository/Page_Iniciar Sesion - KAIZEN/IS_input_contrasena'

2020-03-03 09:09:15 - [TEST_STEP][PASSED] - click(findTestObject("Page_Iniciar Sesion - KAIZEN/is_btn_ingresar_sistema")): Object: 'Object Repository/Page_Iniciar Sesion - KAIZEN/is_btn_ingresar_sistema' is clicked on

2020-03-03 09:09:17 - [MESSAGE][PASSED] - Object: 'Object Repository/Page_Iniciar Sesion - KAIZEN/is_btn_ingresar_sistema' is clicked on

2020-03-03 09:09:17 - [MESSAGE][PASSED] - Call Test Case 'Test Cases/Individual_Tests/Login' successfully

2020-03-03 09:09:17 - [TEST_STEP][PASSED] - callTestCase(findTestCase("Individual_Tests/Seleccionar_Idioma"), ["Evento":"MovimientoDeInventario", "Index":Index], STOP_ON_FAILURE): Call Test Case 'Test Cases/Individual_Tests/Seleccionar_Idioma' successfully

2020-03-03 09:09:17 - [TEST_CASE][PASSED] - Test Cases/Individual_Tests/Seleccionar_Idioma: Test Cases/Individual_Tests/Seleccionar_Idioma

2020-03-03 09:09:17 - [TEST_STEP][PASSED] - Idioma = 0: null

2020-03-03 09:09:17 - [TEST_STEP][PASSED] - if (Evento == "Crear20"): null

2020-03-03 09:09:17 - [TEST_STEP][PASSED] - else if (Evento == "Crear40"): null

2020-03-03 09:09:17 - [TEST_STEP][PASSED] - else if (Evento == "Aprobar"): null

2020-03-03 09:09:17 - [TEST_STEP][PASSED] - else if (Evento == "Logistica"): null

2020-03-03 09:09:17 - [TEST_STEP][PASSED] - else if (Evento == "Produccion"): null

2020-03-03 09:09:17 - [TEST_STEP][PASSED] - else if (Evento == "Inventario"): null

2020-03-03 09:09:17 - [TEST_STEP][PASSED] - else if (Evento == "Despacho"): null

2020-03-03 09:09:17 - [TEST_STEP][PASSED] - else if (Evento == "ProductoAlmacen"): null

2020-03-03 09:09:17 - [TEST_STEP][PASSED] - else if (Evento == "MovimientoDeInventario"): null

2020-03-03 09:09:17 - [TEST_STEP][PASSED] - data7 = obtener_excels.obtener_mov_inventario.getValuesExcelMovInventario(Index): obtener_excels.obtener_mov_inventario.getValuesExcelMovInventario is PASSED

2020-03-03 09:09:17 - [MESSAGE][PASSED] - obtener_excels.obtener_mov_inventario.getValuesExcelMovInventario is PASSED

2020-03-03 09:09:17 - [TEST_STEP][PASSED] - Idioma = data7[0]: null

2020-03-03 09:09:17 - [TEST_STEP][PASSED] - click(findTestObject("Page_- KAIZEN/si_btn_idioma")): Object: 'Object Repository/Page_- KAIZEN/si_btn_idioma' is clicked on

2020-03-03 09:09:18 - [MESSAGE][PASSED] - Object: 'Object Repository/Page_- KAIZEN/si_btn_idioma' is clicked on

2020-03-03 09:09:18 - [TEST_STEP][PASSED] - if (Idioma == "0"): null

2020-03-03 09:09:18 - [TEST_STEP][PASSED] - else: Object: 'Object Repository/Page_- KAIZEN/si_Spanish' is clicked on

2020-03-03 09:09:18 - [TEST_STEP][PASSED] - click(findTestObject("Page_- KAIZEN/si_Spanish")): Object: 'Object Repository/Page_- KAIZEN/si_Spanish' is clicked on

2020-03-03 09:09:20 - [MESSAGE][PASSED] - Object: 'Object Repository/Page_- KAIZEN/si_Spanish' is clicked on

2020-03-03 09:09:20 - [MESSAGE][PASSED] - Call Test Case 'Test Cases/Individual_Tests/Seleccionar_Idioma' successfully

2020-03-03 09:09:20 - [TEST_STEP][PASSED] - callTestCase(findTestCase("Individual_Tests/Movimientos_Inventario"), ["Index":Index], STOP_ON_FAILURE): Call Test Case 'Test Cases/Individual_Tests/Movimientos_Inventario' successfully

2020-03-03 09:09:20 - [TEST_CASE][PASSED] - Test Cases/Individual_Tests/Movimientos_Inventario: Test Cases/Individual_Tests/Movimientos_Inventario

2020-03-03 09:09:20 - [TEST_STEP][PASSED] - data = obtener_excels.obtener_mov_inventario.getValuesExcelMovInventario(Index): obtener_excels.obtener_mov_inventario.getValuesExcelMovInventario is PASSED

2020-03-03 09:09:20 - [MESSAGE][PASSED] - obtener_excels.obtener_mov_inventario.getValuesExcelMovInventario is PASSED

2020-03-03 09:09:20 - [TEST_STEP][PASSED] - concepto = data[3]: null

2020-03-03 09:09:20 - [TEST_STEP][PASSED] - motivo = data[4]: null

2020-03-03 09:09:20 - [TEST_STEP][PASSED] - codProducto = data[5]: null

2020-03-03 09:09:20 - [TEST_STEP][PASSED] - IdAlmacen1 = data[9]: null

2020-03-03 09:09:20 - [TEST_STEP][PASSED] - IdAlmacen2 = data[11]: null

2020-03-03 09:09:20 - [TEST_STEP][PASSED] - cantidad = data[13]: null

2020-03-03 09:09:20 - [TEST_STEP][PASSED] - click(findTestObject("Object Repository/Page_- KAIZEN/mi_menu_Pedidos")): Object: 'Object Repository/Page_- KAIZEN/mi_menu_Pedidos' is clicked on

2020-03-03 09:09:21 - [MESSAGE][PASSED] - Object: 'Object Repository/Page_- KAIZEN/mi_menu_Pedidos' is clicked on

2020-03-03 09:09:21 - [TEST_STEP][PASSED] - click(findTestObject("Object Repository/Page_- KAIZEN/mi_menu_Inventario")): Object: 'Object Repository/Page_- KAIZEN/mi_menu_Inventario' is clicked on

2020-03-03 09:09:22 - [MESSAGE][PASSED] - Object: 'Object Repository/Page_- KAIZEN/mi_menu_Inventario' is clicked on

2020-03-03 09:09:22 - [TEST_STEP][PASSED] - click(findTestObject("Object Repository/Page_- KAIZEN/mi_menu_Movimientos")): Object: 'Object Repository/Page_- KAIZEN/mi_menu_Movimientos' is clicked on

2020-03-03 09:09:28 - [MESSAGE][PASSED] - Object: 'Object Repository/Page_- KAIZEN/mi_menu_Movimientos' is clicked on

2020-03-03 09:09:28 - [TEST_STEP][PASSED] - click(findTestObject("Object Repository/Page_Index - KAIZEN/mi_btn_agregar")): Object: 'Object Repository/Page_Index - KAIZEN/mi_btn_agregar' is clicked on

2020-03-03 09:09:34 - [MESSAGE][PASSED] - Object: 'Object Repository/Page_Index - KAIZEN/mi_btn_agregar' is clicked on

2020-03-03 09:09:34 - [TEST_STEP][PASSED] - selectOptionByValue(findTestObject("Object Repository/Page_Create - KAIZEN/mi_select_concepto"), concepto, true): All options with value 'SalidaDeMercancias' are selected in object 'Object Repository/Page_Create - KAIZEN/mi_select_concepto'  using regular expression

2020-03-03 09:09:36 - [MESSAGE][PASSED] - All options with value 'SalidaDeMercancias' are selected in object 'Object Repository/Page_Create - KAIZEN/mi_select_concepto'  using regular expression

2020-03-03 09:09:36 - [TEST_STEP][PASSED] - selectOptionByValue(findTestObject("Object Repository/Page_Create - KAIZEN/mi_select_motivo"), motivo, true): All options with value 'DevolucionProductoCompra' are selected in object 'Object Repository/Page_Create - KAIZEN/mi_select_motivo'  using regular expression

2020-03-03 09:09:38 - [MESSAGE][PASSED] - All options with value 'DevolucionProductoCompra' are selected in object 'Object Repository/Page_Create - KAIZEN/mi_select_motivo'  using regular expression

2020-03-03 09:09:38 - [TEST_STEP][PASSED] - click(findTestObject("Object Repository/Page_Create - KAIZEN/mi_select_buscar_Producto")): Object: 'Object Repository/Page_Create - KAIZEN/mi_select_buscar_Producto' is clicked on

2020-03-03 09:09:39 - [MESSAGE][PASSED] - Object: 'Object Repository/Page_Create - KAIZEN/mi_select_buscar_Producto' is clicked on

2020-03-03 09:09:39 - [TEST_STEP][PASSED] - setText(findTestObject("Object Repository/Page_Create - KAIZEN/mi_assing_producto"), codProducto): Text '9511-101-140' is set on object 'Object Repository/Page_Create - KAIZEN/mi_assing_producto'

2020-03-03 09:09:40 - [MESSAGE][PASSED] - Text '9511-101-140' is set on object 'Object Repository/Page_Create - KAIZEN/mi_assing_producto'

2020-03-03 09:09:40 - [TEST_STEP][PASSED] - sendKeys(findTestObject("Object Repository/Page_Create - KAIZEN/mi_assing_producto"), Keys.chord(ENTER)): Keys 'ENTER + ' sent to object: 'Object Repository/Page_Create - KAIZEN/mi_assing_producto'

2020-03-03 09:09:41 - [MESSAGE][PASSED] - Keys 'ENTER + ' sent to object: 'Object Repository/Page_Create - KAIZEN/mi_assing_producto'

2020-03-03 09:09:41 - [TEST_STEP][PASSED] - setText(findTestObject("Object Repository/Page_Create - KAIZEN/mi_assing_cantidad"), cantidad): Text '1' is set on object 'Object Repository/Page_Create - KAIZEN/mi_assing_cantidad'

2020-03-03 09:09:41 - [MESSAGE][PASSED] - Text '1' is set on object 'Object Repository/Page_Create - KAIZEN/mi_assing_cantidad'

2020-03-03 09:09:41 - [TEST_STEP][PASSED] - sendKeys(findTestObject("Object Repository/Page_Create - KAIZEN/mi_assing_cantidad"), Keys.chord(ENTER)): Keys 'ENTER + ' sent to object: 'Object Repository/Page_Create - KAIZEN/mi_assing_cantidad'

2020-03-03 09:09:42 - [MESSAGE][PASSED] - Keys 'ENTER + ' sent to object: 'Object Repository/Page_Create - KAIZEN/mi_assing_cantidad'

2020-03-03 09:09:42 - [TEST_STEP][PASSED] - delay(5): Delayed 5 second(s)

2020-03-03 09:09:47 - [MESSAGE][PASSED] - Delayed 5 second(s)

2020-03-03 09:09:47 - [TEST_STEP][PASSED] - modal = executeJavaScript("return document.querySelector('.swal2-popup');", null): Execute JavaScript 'return document.querySelector('.swal2-popup');' successfully

2020-03-03 09:09:47 - [MESSAGE][PASSED] - Execute JavaScript 'return document.querySelector('.swal2-popup');' successfully

2020-03-03 09:09:47 - [TEST_STEP][PASSED] - if (modal == null): Object 'Object Repository/Page_Index - KAIZEN/mi_btn_agregar' is present

2020-03-03 09:09:47 - [TEST_STEP][PASSED] - print(modal): null

2020-03-03 09:09:47 - [TEST_STEP][PASSED] - if (motivo == "EntradaPorFabricacion"): null

2020-03-03 09:09:47 - [TEST_STEP][PASSED] - else: Object 'Object Repository/Page_Index - KAIZEN/mi_btn_agregar' is present

2020-03-03 09:09:47 - [TEST_STEP][PASSED] - selectOptionByValue(findTestObject("Object Repository/Page_Create - KAIZEN/mi_assing_almacen1"), IdAlmacen1, true): All options with value '6' are selected in object 'Object Repository/Page_Create - KAIZEN/mi_assing_almacen1'  using regular expression

2020-03-03 09:09:49 - [MESSAGE][PASSED] - All options with value '6' are selected in object 'Object Repository/Page_Create - KAIZEN/mi_assing_almacen1'  using regular expression

2020-03-03 09:09:49 - [TEST_STEP][PASSED] - if (concepto == "TransferenciaDeMercancias"): null

2020-03-03 09:09:49 - [TEST_STEP][PASSED] - else: Object 'Object Repository/Page_Index - KAIZEN/mi_btn_agregar' is present

2020-03-03 09:09:49 - [TEST_STEP][PASSED] - click(findTestObject("Object Repository/Page_Create - KAIZEN/mi_btn_Guardar")): Object: 'Object Repository/Page_Create - KAIZEN/mi_btn_Guardar' is clicked on

2020-03-03 09:09:53 - [MESSAGE][PASSED] - Object: 'Object Repository/Page_Create - KAIZEN/mi_btn_Guardar' is clicked on

2020-03-03 09:09:53 - [TEST_STEP][PASSED] - verifyElementPresent(findTestObject("Object Repository/Page_Index - KAIZEN/mi_btn_agregar"), 5): Object 'Object Repository/Page_Index - KAIZEN/mi_btn_agregar' is present

2020-03-03 09:09:54 - [MESSAGE][PASSED] - Object 'Object Repository/Page_Index - KAIZEN/mi_btn_agregar' is present

2020-03-03 09:09:54 - [TEST_STEP][PASSED] - delay(5): Delayed 5 second(s)

2020-03-03 09:09:59 - [MESSAGE][PASSED] - Delayed 5 second(s)

2020-03-03 09:09:59 - [MESSAGE][PASSED] - Call Test Case 'Test Cases/Individual_Tests/Movimientos_Inventario' successfully

2020-03-03 09:09:59 - [TEST_STEP][PASSED] - callTestCase(findTestCase("Individual_Tests/Login"), ["Evento":"MovimientoDeInventario", "Index":Index, "Usuario":"", "Contrasena":""], STOP_ON_FAILURE): Call Test Case 'Test Cases/Individual_Tests/Login' successfully

2020-03-03 09:09:59 - [TEST_CASE][PASSED] - Test Cases/Individual_Tests/Login: Test Cases/Individual_Tests/Login

2020-03-03 09:09:59 - [TEST_STEP][PASSED] - print("Evento Seleccionado: " + Evento + "
"): null

2020-03-03 09:09:59 - [TEST_STEP][PASSED] - openBrowser(Web): Browser is opened with url: 'http://test.kaizendev.net/Login/Accesar?salir=true'

2020-03-03 09:09:59 - [MESSAGE][WARNING] - A browser is already opened. Closing browser and opening a new one

2020-03-03 09:10:00 - [MESSAGE][INFO] - Starting 'Chrome' driver

2020-03-03 09:10:20 - [MESSAGE][PASSED] - Browser is opened with url: 'http://test.kaizendev.net/Login/Accesar?salir=true'

2020-03-03 09:10:20 - [TEST_STEP][PASSED] - maximizeWindow(): Current window maximized

2020-03-03 09:10:21 - [MESSAGE][PASSED] - Current window maximized

2020-03-03 09:10:21 - [TEST_STEP][PASSED] - if (Evento == "Crear20"): null

2020-03-03 09:10:21 - [TEST_STEP][PASSED] - else if (Evento == "Crear40"): null

2020-03-03 09:10:21 - [TEST_STEP][PASSED] - else if (Evento == "Aprobar"): null

2020-03-03 09:10:21 - [TEST_STEP][PASSED] - else if (Evento == "Logistica"): null

2020-03-03 09:10:21 - [TEST_STEP][PASSED] - else if (Evento == "Produccion"): null

2020-03-03 09:10:21 - [TEST_STEP][PASSED] - else if (Evento == "Inventario"): null

2020-03-03 09:10:21 - [TEST_STEP][PASSED] - else if (Evento == "Despacho"): null

2020-03-03 09:10:21 - [TEST_STEP][PASSED] - else if (Evento == "ProductoAlmacen"): null

2020-03-03 09:10:21 - [TEST_STEP][PASSED] - else if (Evento == "MovimientoDeInventario"): Object: 'Object Repository/Page_Iniciar Sesion - KAIZEN/is_btn_ingresar_sistema' is clicked on

2020-03-03 09:10:21 - [TEST_STEP][PASSED] - data8 = obtener_excels.obtener_mov_inventario.getValuesExcelMovInventario(Index): obtener_excels.obtener_mov_inventario.getValuesExcelMovInventario is PASSED

2020-03-03 09:10:21 - [MESSAGE][PASSED] - obtener_excels.obtener_mov_inventario.getValuesExcelMovInventario is PASSED

2020-03-03 09:10:21 - [TEST_STEP][PASSED] - Usuario = data8[1]: null

2020-03-03 09:10:21 - [TEST_STEP][PASSED] - Contrasena = data8[2]: null

2020-03-03 09:10:21 - [TEST_STEP][PASSED] - setText(findTestObject("Page_Iniciar Sesion - KAIZEN/is_input_email"), Usuario): Text 'automated.test@grupokaizen.net' is set on object 'Object Repository/Page_Iniciar Sesion - KAIZEN/is_input_email'

2020-03-03 09:10:22 - [MESSAGE][PASSED] - Text 'automated.test@grupokaizen.net' is set on object 'Object Repository/Page_Iniciar Sesion - KAIZEN/is_input_email'

2020-03-03 09:10:22 - [TEST_STEP][PASSED] - setEncryptedText(findTestObject("Page_Iniciar Sesion - KAIZEN/IS_input_contrasena"), Contrasena): Text ****** has been set on object 'Object Repository/Page_Iniciar Sesion - KAIZEN/IS_input_contrasena'

2020-03-03 09:10:23 - [MESSAGE][PASSED] - Text ****** has been set on object 'Object Repository/Page_Iniciar Sesion - KAIZEN/IS_input_contrasena'

2020-03-03 09:10:23 - [TEST_STEP][PASSED] - click(findTestObject("Page_Iniciar Sesion - KAIZEN/is_btn_ingresar_sistema")): Object: 'Object Repository/Page_Iniciar Sesion - KAIZEN/is_btn_ingresar_sistema' is clicked on

2020-03-03 09:10:25 - [MESSAGE][PASSED] - Object: 'Object Repository/Page_Iniciar Sesion - KAIZEN/is_btn_ingresar_sistema' is clicked on

2020-03-03 09:10:25 - [MESSAGE][PASSED] - Call Test Case 'Test Cases/Individual_Tests/Login' successfully

2020-03-03 09:10:25 - [TEST_STEP][PASSED] - callTestCase(findTestCase("Individual_Tests/Seleccionar_Idioma"), ["Evento":"MovimientoDeInventario", "Index":Index], STOP_ON_FAILURE): Call Test Case 'Test Cases/Individual_Tests/Seleccionar_Idioma' successfully

2020-03-03 09:10:25 - [TEST_CASE][PASSED] - Test Cases/Individual_Tests/Seleccionar_Idioma: Test Cases/Individual_Tests/Seleccionar_Idioma

2020-03-03 09:10:25 - [TEST_STEP][PASSED] - Idioma = 0: null

2020-03-03 09:10:25 - [TEST_STEP][PASSED] - if (Evento == "Crear20"): null

2020-03-03 09:10:25 - [TEST_STEP][PASSED] - else if (Evento == "Crear40"): null

2020-03-03 09:10:25 - [TEST_STEP][PASSED] - else if (Evento == "Aprobar"): null

2020-03-03 09:10:25 - [TEST_STEP][PASSED] - else if (Evento == "Logistica"): null

2020-03-03 09:10:25 - [TEST_STEP][PASSED] - else if (Evento == "Produccion"): null

2020-03-03 09:10:25 - [TEST_STEP][PASSED] - else if (Evento == "Inventario"): null

2020-03-03 09:10:25 - [TEST_STEP][PASSED] - else if (Evento == "Despacho"): null

2020-03-03 09:10:25 - [TEST_STEP][PASSED] - else if (Evento == "ProductoAlmacen"): null

2020-03-03 09:10:25 - [TEST_STEP][PASSED] - else if (Evento == "MovimientoDeInventario"): null

2020-03-03 09:10:25 - [TEST_STEP][PASSED] - data7 = obtener_excels.obtener_mov_inventario.getValuesExcelMovInventario(Index): obtener_excels.obtener_mov_inventario.getValuesExcelMovInventario is PASSED

2020-03-03 09:10:25 - [MESSAGE][PASSED] - obtener_excels.obtener_mov_inventario.getValuesExcelMovInventario is PASSED

2020-03-03 09:10:25 - [TEST_STEP][PASSED] - Idioma = data7[0]: null

2020-03-03 09:10:25 - [TEST_STEP][PASSED] - click(findTestObject("Page_- KAIZEN/si_btn_idioma")): Object: 'Object Repository/Page_- KAIZEN/si_btn_idioma' is clicked on

2020-03-03 09:10:26 - [MESSAGE][PASSED] - Object: 'Object Repository/Page_- KAIZEN/si_btn_idioma' is clicked on

2020-03-03 09:10:26 - [TEST_STEP][PASSED] - if (Idioma == "0"): null

2020-03-03 09:10:26 - [TEST_STEP][PASSED] - else: Object: 'Object Repository/Page_- KAIZEN/si_Spanish' is clicked on

2020-03-03 09:10:26 - [TEST_STEP][PASSED] - click(findTestObject("Page_- KAIZEN/si_Spanish")): Object: 'Object Repository/Page_- KAIZEN/si_Spanish' is clicked on

2020-03-03 09:10:36 - [MESSAGE][PASSED] - Object: 'Object Repository/Page_- KAIZEN/si_Spanish' is clicked on

2020-03-03 09:10:36 - [MESSAGE][PASSED] - Call Test Case 'Test Cases/Individual_Tests/Seleccionar_Idioma' successfully

2020-03-03 09:10:36 - [TEST_STEP][PASSED] - callTestCase(findTestCase("Individual_Tests/Movimientos_Inventario"), ["Index":Index], STOP_ON_FAILURE): Call Test Case 'Test Cases/Individual_Tests/Movimientos_Inventario' successfully

2020-03-03 09:10:36 - [TEST_CASE][PASSED] - Test Cases/Individual_Tests/Movimientos_Inventario: Test Cases/Individual_Tests/Movimientos_Inventario

2020-03-03 09:10:36 - [TEST_STEP][PASSED] - data = obtener_excels.obtener_mov_inventario.getValuesExcelMovInventario(Index): obtener_excels.obtener_mov_inventario.getValuesExcelMovInventario is PASSED

2020-03-03 09:10:36 - [MESSAGE][PASSED] - obtener_excels.obtener_mov_inventario.getValuesExcelMovInventario is PASSED

2020-03-03 09:10:36 - [TEST_STEP][PASSED] - concepto = data[3]: null

2020-03-03 09:10:36 - [TEST_STEP][PASSED] - motivo = data[4]: null

2020-03-03 09:10:36 - [TEST_STEP][PASSED] - codProducto = data[5]: null

2020-03-03 09:10:36 - [TEST_STEP][PASSED] - IdAlmacen1 = data[9]: null

2020-03-03 09:10:36 - [TEST_STEP][PASSED] - IdAlmacen2 = data[11]: null

2020-03-03 09:10:36 - [TEST_STEP][PASSED] - cantidad = data[13]: null

2020-03-03 09:10:36 - [TEST_STEP][PASSED] - click(findTestObject("Object Repository/Page_- KAIZEN/mi_menu_Pedidos")): Object: 'Object Repository/Page_- KAIZEN/mi_menu_Pedidos' is clicked on

2020-03-03 09:10:37 - [MESSAGE][PASSED] - Object: 'Object Repository/Page_- KAIZEN/mi_menu_Pedidos' is clicked on

2020-03-03 09:10:37 - [TEST_STEP][PASSED] - click(findTestObject("Object Repository/Page_- KAIZEN/mi_menu_Inventario")): Object: 'Object Repository/Page_- KAIZEN/mi_menu_Inventario' is clicked on

2020-03-03 09:10:38 - [MESSAGE][PASSED] - Object: 'Object Repository/Page_- KAIZEN/mi_menu_Inventario' is clicked on

2020-03-03 09:10:38 - [TEST_STEP][PASSED] - click(findTestObject("Object Repository/Page_- KAIZEN/mi_menu_Movimientos")): Object: 'Object Repository/Page_- KAIZEN/mi_menu_Movimientos' is clicked on

2020-03-03 09:10:55 - [MESSAGE][PASSED] - Object: 'Object Repository/Page_- KAIZEN/mi_menu_Movimientos' is clicked on

2020-03-03 09:10:55 - [TEST_STEP][PASSED] - click(findTestObject("Object Repository/Page_Index - KAIZEN/mi_btn_agregar")): Object: 'Object Repository/Page_Index - KAIZEN/mi_btn_agregar' is clicked on

2020-03-03 09:11:27 - [MESSAGE][PASSED] - Object: 'Object Repository/Page_Index - KAIZEN/mi_btn_agregar' is clicked on

2020-03-03 09:11:27 - [TEST_STEP][PASSED] - selectOptionByValue(findTestObject("Object Repository/Page_Create - KAIZEN/mi_select_concepto"), concepto, true): All options with value 'EntradaDeMercancias' are selected in object 'Object Repository/Page_Create - KAIZEN/mi_select_concepto'  using regular expression

2020-03-03 09:11:29 - [MESSAGE][PASSED] - All options with value 'EntradaDeMercancias' are selected in object 'Object Repository/Page_Create - KAIZEN/mi_select_concepto'  using regular expression

2020-03-03 09:11:29 - [TEST_STEP][PASSED] - selectOptionByValue(findTestObject("Object Repository/Page_Create - KAIZEN/mi_select_motivo"), motivo, true): All options with value 'DevolucionProducto' are selected in object 'Object Repository/Page_Create - KAIZEN/mi_select_motivo'  using regular expression

2020-03-03 09:11:35 - [MESSAGE][PASSED] - All options with value 'DevolucionProducto' are selected in object 'Object Repository/Page_Create - KAIZEN/mi_select_motivo'  using regular expression

2020-03-03 09:11:35 - [TEST_STEP][PASSED] - click(findTestObject("Object Repository/Page_Create - KAIZEN/mi_select_buscar_Producto")): Object: 'Object Repository/Page_Create - KAIZEN/mi_select_buscar_Producto' is clicked on

2020-03-03 09:11:36 - [MESSAGE][PASSED] - Object: 'Object Repository/Page_Create - KAIZEN/mi_select_buscar_Producto' is clicked on

2020-03-03 09:11:36 - [TEST_STEP][PASSED] - setText(findTestObject("Object Repository/Page_Create - KAIZEN/mi_assing_producto"), codProducto): Text '9440-303-304' is set on object 'Object Repository/Page_Create - KAIZEN/mi_assing_producto'

2020-03-03 09:11:40 - [MESSAGE][PASSED] - Text '9440-303-304' is set on object 'Object Repository/Page_Create - KAIZEN/mi_assing_producto'

2020-03-03 09:11:40 - [TEST_STEP][PASSED] - sendKeys(findTestObject("Object Repository/Page_Create - KAIZEN/mi_assing_producto"), Keys.chord(ENTER)): Keys 'ENTER + ' sent to object: 'Object Repository/Page_Create - KAIZEN/mi_assing_producto'

2020-03-03 09:11:40 - [MESSAGE][PASSED] - Keys 'ENTER + ' sent to object: 'Object Repository/Page_Create - KAIZEN/mi_assing_producto'

2020-03-03 09:11:40 - [TEST_STEP][PASSED] - setText(findTestObject("Object Repository/Page_Create - KAIZEN/mi_assing_cantidad"), cantidad): Text '32007' is set on object 'Object Repository/Page_Create - KAIZEN/mi_assing_cantidad'

2020-03-03 09:11:41 - [MESSAGE][PASSED] - Text '32007' is set on object 'Object Repository/Page_Create - KAIZEN/mi_assing_cantidad'

2020-03-03 09:11:41 - [TEST_STEP][PASSED] - sendKeys(findTestObject("Object Repository/Page_Create - KAIZEN/mi_assing_cantidad"), Keys.chord(ENTER)): Keys 'ENTER + ' sent to object: 'Object Repository/Page_Create - KAIZEN/mi_assing_cantidad'

2020-03-03 09:11:41 - [MESSAGE][PASSED] - Keys 'ENTER + ' sent to object: 'Object Repository/Page_Create - KAIZEN/mi_assing_cantidad'

2020-03-03 09:11:41 - [TEST_STEP][PASSED] - delay(5): Delayed 5 second(s)

2020-03-03 09:11:46 - [MESSAGE][PASSED] - Delayed 5 second(s)

2020-03-03 09:11:46 - [TEST_STEP][PASSED] - modal = executeJavaScript("return document.querySelector('.swal2-popup');", null): Execute JavaScript 'return document.querySelector('.swal2-popup');' successfully

2020-03-03 09:11:46 - [MESSAGE][PASSED] - Execute JavaScript 'return document.querySelector('.swal2-popup');' successfully

2020-03-03 09:11:46 - [TEST_STEP][PASSED] - if (modal == null): Object 'Object Repository/Page_Index - KAIZEN/mi_btn_agregar' is present

2020-03-03 09:11:46 - [TEST_STEP][PASSED] - print(modal): null

2020-03-03 09:11:46 - [TEST_STEP][PASSED] - if (motivo == "EntradaPorFabricacion"): null

2020-03-03 09:11:46 - [TEST_STEP][PASSED] - else: Object 'Object Repository/Page_Index - KAIZEN/mi_btn_agregar' is present

2020-03-03 09:11:46 - [TEST_STEP][PASSED] - selectOptionByValue(findTestObject("Object Repository/Page_Create - KAIZEN/mi_assing_almacen1"), IdAlmacen1, true): All options with value '1' are selected in object 'Object Repository/Page_Create - KAIZEN/mi_assing_almacen1'  using regular expression

2020-03-03 09:11:49 - [MESSAGE][PASSED] - All options with value '1' are selected in object 'Object Repository/Page_Create - KAIZEN/mi_assing_almacen1'  using regular expression

2020-03-03 09:11:49 - [TEST_STEP][PASSED] - if (concepto == "TransferenciaDeMercancias"): null

2020-03-03 09:11:49 - [TEST_STEP][PASSED] - else: Object 'Object Repository/Page_Index - KAIZEN/mi_btn_agregar' is present

2020-03-03 09:11:49 - [TEST_STEP][PASSED] - click(findTestObject("Object Repository/Page_Create - KAIZEN/mi_btn_Guardar")): Object: 'Object Repository/Page_Create - KAIZEN/mi_btn_Guardar' is clicked on

2020-03-03 09:11:57 - [MESSAGE][PASSED] - Object: 'Object Repository/Page_Create - KAIZEN/mi_btn_Guardar' is clicked on

2020-03-03 09:11:57 - [TEST_STEP][PASSED] - verifyElementPresent(findTestObject("Object Repository/Page_Index - KAIZEN/mi_btn_agregar"), 5): Object 'Object Repository/Page_Index - KAIZEN/mi_btn_agregar' is present

2020-03-03 09:11:58 - [MESSAGE][PASSED] - Object 'Object Repository/Page_Index - KAIZEN/mi_btn_agregar' is present

2020-03-03 09:11:58 - [TEST_STEP][PASSED] - delay(5): Delayed 5 second(s)

2020-03-03 09:12:03 - [MESSAGE][PASSED] - Delayed 5 second(s)

2020-03-03 09:12:03 - [MESSAGE][PASSED] - Call Test Case 'Test Cases/Individual_Tests/Movimientos_Inventario' successfully

2020-03-03 09:12:03 - [TEST_STEP][PASSED] - callTestCase(findTestCase("Individual_Tests/Login"), ["Evento":"MovimientoDeInventario", "Index":Index, "Usuario":"", "Contrasena":""], STOP_ON_FAILURE): Call Test Case 'Test Cases/Individual_Tests/Login' successfully

2020-03-03 09:12:03 - [TEST_CASE][PASSED] - Test Cases/Individual_Tests/Login: Test Cases/Individual_Tests/Login

2020-03-03 09:12:03 - [TEST_STEP][PASSED] - print("Evento Seleccionado: " + Evento + "
"): null

2020-03-03 09:12:03 - [TEST_STEP][PASSED] - openBrowser(Web): Browser is opened with url: 'http://test.kaizendev.net/Login/Accesar?salir=true'

2020-03-03 09:12:03 - [MESSAGE][WARNING] - A browser is already opened. Closing browser and opening a new one

2020-03-03 09:12:04 - [MESSAGE][INFO] - Starting 'Chrome' driver

2020-03-03 09:12:20 - [MESSAGE][PASSED] - Browser is opened with url: 'http://test.kaizendev.net/Login/Accesar?salir=true'

2020-03-03 09:12:20 - [TEST_STEP][PASSED] - maximizeWindow(): Current window maximized

2020-03-03 09:12:21 - [MESSAGE][PASSED] - Current window maximized

2020-03-03 09:12:21 - [TEST_STEP][PASSED] - if (Evento == "Crear20"): null

2020-03-03 09:12:21 - [TEST_STEP][PASSED] - else if (Evento == "Crear40"): null

2020-03-03 09:12:21 - [TEST_STEP][PASSED] - else if (Evento == "Aprobar"): null

2020-03-03 09:12:21 - [TEST_STEP][PASSED] - else if (Evento == "Logistica"): null

2020-03-03 09:12:21 - [TEST_STEP][PASSED] - else if (Evento == "Produccion"): null

2020-03-03 09:12:21 - [TEST_STEP][PASSED] - else if (Evento == "Inventario"): null

2020-03-03 09:12:21 - [TEST_STEP][PASSED] - else if (Evento == "Despacho"): null

2020-03-03 09:12:21 - [TEST_STEP][PASSED] - else if (Evento == "ProductoAlmacen"): null

2020-03-03 09:12:21 - [TEST_STEP][PASSED] - else if (Evento == "MovimientoDeInventario"): Object: 'Object Repository/Page_Iniciar Sesion - KAIZEN/is_btn_ingresar_sistema' is clicked on

2020-03-03 09:12:21 - [TEST_STEP][PASSED] - data8 = obtener_excels.obtener_mov_inventario.getValuesExcelMovInventario(Index): obtener_excels.obtener_mov_inventario.getValuesExcelMovInventario is PASSED

2020-03-03 09:12:21 - [MESSAGE][PASSED] - obtener_excels.obtener_mov_inventario.getValuesExcelMovInventario is PASSED

2020-03-03 09:12:21 - [TEST_STEP][PASSED] - Usuario = data8[1]: null

2020-03-03 09:12:21 - [TEST_STEP][PASSED] - Contrasena = data8[2]: null

2020-03-03 09:12:21 - [TEST_STEP][PASSED] - setText(findTestObject("Page_Iniciar Sesion - KAIZEN/is_input_email"), Usuario): Text 'automated.test@grupokaizen.net' is set on object 'Object Repository/Page_Iniciar Sesion - KAIZEN/is_input_email'

2020-03-03 09:12:22 - [MESSAGE][PASSED] - Text 'automated.test@grupokaizen.net' is set on object 'Object Repository/Page_Iniciar Sesion - KAIZEN/is_input_email'

2020-03-03 09:12:22 - [TEST_STEP][PASSED] - setEncryptedText(findTestObject("Page_Iniciar Sesion - KAIZEN/IS_input_contrasena"), Contrasena): Text ****** has been set on object 'Object Repository/Page_Iniciar Sesion - KAIZEN/IS_input_contrasena'

2020-03-03 09:12:22 - [MESSAGE][PASSED] - Text ****** has been set on object 'Object Repository/Page_Iniciar Sesion - KAIZEN/IS_input_contrasena'

2020-03-03 09:12:22 - [TEST_STEP][PASSED] - click(findTestObject("Page_Iniciar Sesion - KAIZEN/is_btn_ingresar_sistema")): Object: 'Object Repository/Page_Iniciar Sesion - KAIZEN/is_btn_ingresar_sistema' is clicked on

2020-03-03 09:12:25 - [MESSAGE][PASSED] - Object: 'Object Repository/Page_Iniciar Sesion - KAIZEN/is_btn_ingresar_sistema' is clicked on

2020-03-03 09:12:25 - [MESSAGE][PASSED] - Call Test Case 'Test Cases/Individual_Tests/Login' successfully

2020-03-03 09:12:25 - [TEST_STEP][PASSED] - callTestCase(findTestCase("Individual_Tests/Seleccionar_Idioma"), ["Evento":"MovimientoDeInventario", "Index":Index], STOP_ON_FAILURE): Call Test Case 'Test Cases/Individual_Tests/Seleccionar_Idioma' successfully

2020-03-03 09:12:25 - [TEST_CASE][PASSED] - Test Cases/Individual_Tests/Seleccionar_Idioma: Test Cases/Individual_Tests/Seleccionar_Idioma

2020-03-03 09:12:25 - [TEST_STEP][PASSED] - Idioma = 0: null

2020-03-03 09:12:25 - [TEST_STEP][PASSED] - if (Evento == "Crear20"): null

2020-03-03 09:12:25 - [TEST_STEP][PASSED] - else if (Evento == "Crear40"): null

2020-03-03 09:12:25 - [TEST_STEP][PASSED] - else if (Evento == "Aprobar"): null

2020-03-03 09:12:25 - [TEST_STEP][PASSED] - else if (Evento == "Logistica"): null

2020-03-03 09:12:25 - [TEST_STEP][PASSED] - else if (Evento == "Produccion"): null

2020-03-03 09:12:25 - [TEST_STEP][PASSED] - else if (Evento == "Inventario"): null

2020-03-03 09:12:25 - [TEST_STEP][PASSED] - else if (Evento == "Despacho"): null

2020-03-03 09:12:25 - [TEST_STEP][PASSED] - else if (Evento == "ProductoAlmacen"): null

2020-03-03 09:12:25 - [TEST_STEP][PASSED] - else if (Evento == "MovimientoDeInventario"): null

2020-03-03 09:12:25 - [TEST_STEP][PASSED] - data7 = obtener_excels.obtener_mov_inventario.getValuesExcelMovInventario(Index): obtener_excels.obtener_mov_inventario.getValuesExcelMovInventario is PASSED

2020-03-03 09:12:25 - [MESSAGE][PASSED] - obtener_excels.obtener_mov_inventario.getValuesExcelMovInventario is PASSED

2020-03-03 09:12:25 - [TEST_STEP][PASSED] - Idioma = data7[0]: null

2020-03-03 09:12:25 - [TEST_STEP][PASSED] - click(findTestObject("Page_- KAIZEN/si_btn_idioma")): Object: 'Object Repository/Page_- KAIZEN/si_btn_idioma' is clicked on

2020-03-03 09:12:26 - [MESSAGE][PASSED] - Object: 'Object Repository/Page_- KAIZEN/si_btn_idioma' is clicked on

2020-03-03 09:12:26 - [TEST_STEP][PASSED] - if (Idioma == "0"): null

2020-03-03 09:12:26 - [TEST_STEP][PASSED] - else: Object: 'Object Repository/Page_- KAIZEN/si_Spanish' is clicked on

2020-03-03 09:12:26 - [TEST_STEP][PASSED] - click(findTestObject("Page_- KAIZEN/si_Spanish")): Object: 'Object Repository/Page_- KAIZEN/si_Spanish' is clicked on

2020-03-03 09:12:27 - [MESSAGE][PASSED] - Object: 'Object Repository/Page_- KAIZEN/si_Spanish' is clicked on

2020-03-03 09:12:27 - [MESSAGE][PASSED] - Call Test Case 'Test Cases/Individual_Tests/Seleccionar_Idioma' successfully

2020-03-03 09:12:27 - [TEST_STEP][PASSED] - callTestCase(findTestCase("Individual_Tests/Movimientos_Inventario"), ["Index":Index], STOP_ON_FAILURE): Call Test Case 'Test Cases/Individual_Tests/Movimientos_Inventario' successfully

2020-03-03 09:12:27 - [TEST_CASE][PASSED] - Test Cases/Individual_Tests/Movimientos_Inventario: Test Cases/Individual_Tests/Movimientos_Inventario

2020-03-03 09:12:27 - [TEST_STEP][PASSED] - data = obtener_excels.obtener_mov_inventario.getValuesExcelMovInventario(Index): obtener_excels.obtener_mov_inventario.getValuesExcelMovInventario is PASSED

2020-03-03 09:12:27 - [MESSAGE][PASSED] - obtener_excels.obtener_mov_inventario.getValuesExcelMovInventario is PASSED

2020-03-03 09:12:27 - [TEST_STEP][PASSED] - concepto = data[3]: null

2020-03-03 09:12:27 - [TEST_STEP][PASSED] - motivo = data[4]: null

2020-03-03 09:12:27 - [TEST_STEP][PASSED] - codProducto = data[5]: null

2020-03-03 09:12:27 - [TEST_STEP][PASSED] - IdAlmacen1 = data[9]: null

2020-03-03 09:12:27 - [TEST_STEP][PASSED] - IdAlmacen2 = data[11]: null

2020-03-03 09:12:27 - [TEST_STEP][PASSED] - cantidad = data[13]: null

2020-03-03 09:12:27 - [TEST_STEP][PASSED] - click(findTestObject("Object Repository/Page_- KAIZEN/mi_menu_Pedidos")): Object: 'Object Repository/Page_- KAIZEN/mi_menu_Pedidos' is clicked on

2020-03-03 09:12:28 - [MESSAGE][PASSED] - Object: 'Object Repository/Page_- KAIZEN/mi_menu_Pedidos' is clicked on

2020-03-03 09:12:28 - [TEST_STEP][PASSED] - click(findTestObject("Object Repository/Page_- KAIZEN/mi_menu_Inventario")): Object: 'Object Repository/Page_- KAIZEN/mi_menu_Inventario' is clicked on

2020-03-03 09:12:29 - [MESSAGE][PASSED] - Object: 'Object Repository/Page_- KAIZEN/mi_menu_Inventario' is clicked on

2020-03-03 09:12:29 - [TEST_STEP][PASSED] - click(findTestObject("Object Repository/Page_- KAIZEN/mi_menu_Movimientos")): Object: 'Object Repository/Page_- KAIZEN/mi_menu_Movimientos' is clicked on

2020-03-03 09:12:30 - [MESSAGE][PASSED] - Object: 'Object Repository/Page_- KAIZEN/mi_menu_Movimientos' is clicked on

2020-03-03 09:12:30 - [TEST_STEP][PASSED] - click(findTestObject("Object Repository/Page_Index - KAIZEN/mi_btn_agregar")): Object: 'Object Repository/Page_Index - KAIZEN/mi_btn_agregar' is clicked on

2020-03-03 09:12:34 - [MESSAGE][PASSED] - Object: 'Object Repository/Page_Index - KAIZEN/mi_btn_agregar' is clicked on

2020-03-03 09:12:34 - [TEST_STEP][PASSED] - selectOptionByValue(findTestObject("Object Repository/Page_Create - KAIZEN/mi_select_concepto"), concepto, true): All options with value 'EntradaDeMercancias' are selected in object 'Object Repository/Page_Create - KAIZEN/mi_select_concepto'  using regular expression

2020-03-03 09:12:35 - [MESSAGE][PASSED] - All options with value 'EntradaDeMercancias' are selected in object 'Object Repository/Page_Create - KAIZEN/mi_select_concepto'  using regular expression

2020-03-03 09:12:35 - [TEST_STEP][PASSED] - selectOptionByValue(findTestObject("Object Repository/Page_Create - KAIZEN/mi_select_motivo"), motivo, true): All options with value 'DevolucionProducto' are selected in object 'Object Repository/Page_Create - KAIZEN/mi_select_motivo'  using regular expression

2020-03-03 09:12:36 - [MESSAGE][PASSED] - All options with value 'DevolucionProducto' are selected in object 'Object Repository/Page_Create - KAIZEN/mi_select_motivo'  using regular expression

2020-03-03 09:12:36 - [TEST_STEP][PASSED] - click(findTestObject("Object Repository/Page_Create - KAIZEN/mi_select_buscar_Producto")): Object: 'Object Repository/Page_Create - KAIZEN/mi_select_buscar_Producto' is clicked on

2020-03-03 09:12:37 - [MESSAGE][PASSED] - Object: 'Object Repository/Page_Create - KAIZEN/mi_select_buscar_Producto' is clicked on

2020-03-03 09:12:37 - [TEST_STEP][PASSED] - setText(findTestObject("Object Repository/Page_Create - KAIZEN/mi_assing_producto"), codProducto): Text '9440-303-304' is set on object 'Object Repository/Page_Create - KAIZEN/mi_assing_producto'

2020-03-03 09:12:38 - [MESSAGE][PASSED] - Text '9440-303-304' is set on object 'Object Repository/Page_Create - KAIZEN/mi_assing_producto'

2020-03-03 09:12:38 - [TEST_STEP][PASSED] - sendKeys(findTestObject("Object Repository/Page_Create - KAIZEN/mi_assing_producto"), Keys.chord(ENTER)): Keys 'ENTER + ' sent to object: 'Object Repository/Page_Create - KAIZEN/mi_assing_producto'

2020-03-03 09:12:38 - [MESSAGE][PASSED] - Keys 'ENTER + ' sent to object: 'Object Repository/Page_Create - KAIZEN/mi_assing_producto'

2020-03-03 09:12:38 - [TEST_STEP][PASSED] - setText(findTestObject("Object Repository/Page_Create - KAIZEN/mi_assing_cantidad"), cantidad): Text '102396' is set on object 'Object Repository/Page_Create - KAIZEN/mi_assing_cantidad'

2020-03-03 09:12:39 - [MESSAGE][PASSED] - Text '102396' is set on object 'Object Repository/Page_Create - KAIZEN/mi_assing_cantidad'

2020-03-03 09:12:39 - [TEST_STEP][PASSED] - sendKeys(findTestObject("Object Repository/Page_Create - KAIZEN/mi_assing_cantidad"), Keys.chord(ENTER)): Keys 'ENTER + ' sent to object: 'Object Repository/Page_Create - KAIZEN/mi_assing_cantidad'

2020-03-03 09:12:39 - [MESSAGE][PASSED] - Keys 'ENTER + ' sent to object: 'Object Repository/Page_Create - KAIZEN/mi_assing_cantidad'

2020-03-03 09:12:39 - [TEST_STEP][PASSED] - delay(5): Delayed 5 second(s)

2020-03-03 09:12:44 - [MESSAGE][PASSED] - Delayed 5 second(s)

2020-03-03 09:12:44 - [TEST_STEP][PASSED] - modal = executeJavaScript("return document.querySelector('.swal2-popup');", null): Execute JavaScript 'return document.querySelector('.swal2-popup');' successfully

2020-03-03 09:12:44 - [MESSAGE][PASSED] - Execute JavaScript 'return document.querySelector('.swal2-popup');' successfully

2020-03-03 09:12:44 - [TEST_STEP][PASSED] - if (modal == null): Object 'Object Repository/Page_Index - KAIZEN/mi_btn_agregar' is present

2020-03-03 09:12:44 - [TEST_STEP][PASSED] - print(modal): null

2020-03-03 09:12:44 - [TEST_STEP][PASSED] - if (motivo == "EntradaPorFabricacion"): null

2020-03-03 09:12:44 - [TEST_STEP][PASSED] - else: Object 'Object Repository/Page_Index - KAIZEN/mi_btn_agregar' is present

2020-03-03 09:12:44 - [TEST_STEP][PASSED] - selectOptionByValue(findTestObject("Object Repository/Page_Create - KAIZEN/mi_assing_almacen1"), IdAlmacen1, true): All options with value '6' are selected in object 'Object Repository/Page_Create - KAIZEN/mi_assing_almacen1'  using regular expression

2020-03-03 09:12:46 - [MESSAGE][PASSED] - All options with value '6' are selected in object 'Object Repository/Page_Create - KAIZEN/mi_assing_almacen1'  using regular expression

2020-03-03 09:12:46 - [TEST_STEP][PASSED] - if (concepto == "TransferenciaDeMercancias"): null

2020-03-03 09:12:46 - [TEST_STEP][PASSED] - else: Object 'Object Repository/Page_Index - KAIZEN/mi_btn_agregar' is present

2020-03-03 09:12:46 - [TEST_STEP][PASSED] - click(findTestObject("Object Repository/Page_Create - KAIZEN/mi_btn_Guardar")): Object: 'Object Repository/Page_Create - KAIZEN/mi_btn_Guardar' is clicked on

2020-03-03 09:12:48 - [MESSAGE][PASSED] - Object: 'Object Repository/Page_Create - KAIZEN/mi_btn_Guardar' is clicked on

2020-03-03 09:12:48 - [TEST_STEP][PASSED] - verifyElementPresent(findTestObject("Object Repository/Page_Index - KAIZEN/mi_btn_agregar"), 5): Object 'Object Repository/Page_Index - KAIZEN/mi_btn_agregar' is present

2020-03-03 09:12:49 - [MESSAGE][PASSED] - Object 'Object Repository/Page_Index - KAIZEN/mi_btn_agregar' is present

2020-03-03 09:12:49 - [TEST_STEP][PASSED] - delay(5): Delayed 5 second(s)

2020-03-03 09:12:54 - [MESSAGE][PASSED] - Delayed 5 second(s)

2020-03-03 09:12:54 - [MESSAGE][PASSED] - Call Test Case 'Test Cases/Individual_Tests/Movimientos_Inventario' successfully

2020-03-03 09:12:54 - [TEST_STEP][PASSED] - callTestCase(findTestCase("Individual_Tests/Login"), ["Evento":"MovimientoDeInventario", "Index":Index, "Usuario":"", "Contrasena":""], STOP_ON_FAILURE): Call Test Case 'Test Cases/Individual_Tests/Login' successfully

2020-03-03 09:12:54 - [TEST_CASE][PASSED] - Test Cases/Individual_Tests/Login: Test Cases/Individual_Tests/Login

2020-03-03 09:12:54 - [TEST_STEP][PASSED] - print("Evento Seleccionado: " + Evento + "
"): null

2020-03-03 09:12:54 - [TEST_STEP][PASSED] - openBrowser(Web): Browser is opened with url: 'http://test.kaizendev.net/Login/Accesar?salir=true'

2020-03-03 09:12:54 - [MESSAGE][WARNING] - A browser is already opened. Closing browser and opening a new one

2020-03-03 09:12:58 - [MESSAGE][INFO] - Starting 'Chrome' driver

2020-03-03 09:13:32 - [MESSAGE][PASSED] - Browser is opened with url: 'http://test.kaizendev.net/Login/Accesar?salir=true'

2020-03-03 09:13:32 - [TEST_STEP][PASSED] - maximizeWindow(): Current window maximized

2020-03-03 09:13:33 - [MESSAGE][PASSED] - Current window maximized

2020-03-03 09:13:33 - [TEST_STEP][PASSED] - if (Evento == "Crear20"): null

2020-03-03 09:13:33 - [TEST_STEP][PASSED] - else if (Evento == "Crear40"): null

2020-03-03 09:13:33 - [TEST_STEP][PASSED] - else if (Evento == "Aprobar"): null

2020-03-03 09:13:33 - [TEST_STEP][PASSED] - else if (Evento == "Logistica"): null

2020-03-03 09:13:33 - [TEST_STEP][PASSED] - else if (Evento == "Produccion"): null

2020-03-03 09:13:33 - [TEST_STEP][PASSED] - else if (Evento == "Inventario"): null

2020-03-03 09:13:33 - [TEST_STEP][PASSED] - else if (Evento == "Despacho"): null

2020-03-03 09:13:33 - [TEST_STEP][PASSED] - else if (Evento == "ProductoAlmacen"): null

2020-03-03 09:13:33 - [TEST_STEP][PASSED] - else if (Evento == "MovimientoDeInventario"): Object: 'Object Repository/Page_Iniciar Sesion - KAIZEN/is_btn_ingresar_sistema' is clicked on

2020-03-03 09:13:33 - [TEST_STEP][PASSED] - data8 = obtener_excels.obtener_mov_inventario.getValuesExcelMovInventario(Index): obtener_excels.obtener_mov_inventario.getValuesExcelMovInventario is PASSED

2020-03-03 09:13:33 - [MESSAGE][PASSED] - obtener_excels.obtener_mov_inventario.getValuesExcelMovInventario is PASSED

2020-03-03 09:13:33 - [TEST_STEP][PASSED] - Usuario = data8[1]: null

2020-03-03 09:13:33 - [TEST_STEP][PASSED] - Contrasena = data8[2]: null

2020-03-03 09:13:33 - [TEST_STEP][PASSED] - setText(findTestObject("Page_Iniciar Sesion - KAIZEN/is_input_email"), Usuario): Text 'automated.test@grupokaizen.net' is set on object 'Object Repository/Page_Iniciar Sesion - KAIZEN/is_input_email'

2020-03-03 09:13:34 - [MESSAGE][PASSED] - Text 'automated.test@grupokaizen.net' is set on object 'Object Repository/Page_Iniciar Sesion - KAIZEN/is_input_email'

2020-03-03 09:13:34 - [TEST_STEP][PASSED] - setEncryptedText(findTestObject("Page_Iniciar Sesion - KAIZEN/IS_input_contrasena"), Contrasena): Text ****** has been set on object 'Object Repository/Page_Iniciar Sesion - KAIZEN/IS_input_contrasena'

2020-03-03 09:13:34 - [MESSAGE][PASSED] - Text ****** has been set on object 'Object Repository/Page_Iniciar Sesion - KAIZEN/IS_input_contrasena'

2020-03-03 09:13:34 - [TEST_STEP][PASSED] - click(findTestObject("Page_Iniciar Sesion - KAIZEN/is_btn_ingresar_sistema")): Object: 'Object Repository/Page_Iniciar Sesion - KAIZEN/is_btn_ingresar_sistema' is clicked on

2020-03-03 09:13:57 - [MESSAGE][PASSED] - Object: 'Object Repository/Page_Iniciar Sesion - KAIZEN/is_btn_ingresar_sistema' is clicked on

2020-03-03 09:13:57 - [MESSAGE][PASSED] - Call Test Case 'Test Cases/Individual_Tests/Login' successfully

2020-03-03 09:13:57 - [TEST_STEP][PASSED] - callTestCase(findTestCase("Individual_Tests/Seleccionar_Idioma"), ["Evento":"MovimientoDeInventario", "Index":Index], STOP_ON_FAILURE): Call Test Case 'Test Cases/Individual_Tests/Seleccionar_Idioma' successfully

2020-03-03 09:13:57 - [TEST_CASE][PASSED] - Test Cases/Individual_Tests/Seleccionar_Idioma: Test Cases/Individual_Tests/Seleccionar_Idioma

2020-03-03 09:13:57 - [TEST_STEP][PASSED] - Idioma = 0: null

2020-03-03 09:13:57 - [TEST_STEP][PASSED] - if (Evento == "Crear20"): null

2020-03-03 09:13:57 - [TEST_STEP][PASSED] - else if (Evento == "Crear40"): null

2020-03-03 09:13:57 - [TEST_STEP][PASSED] - else if (Evento == "Aprobar"): null

2020-03-03 09:13:57 - [TEST_STEP][PASSED] - else if (Evento == "Logistica"): null

2020-03-03 09:13:57 - [TEST_STEP][PASSED] - else if (Evento == "Produccion"): null

2020-03-03 09:13:57 - [TEST_STEP][PASSED] - else if (Evento == "Inventario"): null

2020-03-03 09:13:57 - [TEST_STEP][PASSED] - else if (Evento == "Despacho"): null

2020-03-03 09:13:57 - [TEST_STEP][PASSED] - else if (Evento == "ProductoAlmacen"): null

2020-03-03 09:13:57 - [TEST_STEP][PASSED] - else if (Evento == "MovimientoDeInventario"): null

2020-03-03 09:13:57 - [TEST_STEP][PASSED] - data7 = obtener_excels.obtener_mov_inventario.getValuesExcelMovInventario(Index): obtener_excels.obtener_mov_inventario.getValuesExcelMovInventario is PASSED

2020-03-03 09:13:57 - [MESSAGE][PASSED] - obtener_excels.obtener_mov_inventario.getValuesExcelMovInventario is PASSED

2020-03-03 09:13:57 - [TEST_STEP][PASSED] - Idioma = data7[0]: null

2020-03-03 09:13:57 - [TEST_STEP][PASSED] - click(findTestObject("Page_- KAIZEN/si_btn_idioma")): Object: 'Object Repository/Page_- KAIZEN/si_btn_idioma' is clicked on

2020-03-03 09:13:58 - [MESSAGE][PASSED] - Object: 'Object Repository/Page_- KAIZEN/si_btn_idioma' is clicked on

2020-03-03 09:13:58 - [TEST_STEP][PASSED] - if (Idioma == "0"): null

2020-03-03 09:13:58 - [TEST_STEP][PASSED] - else: Object: 'Object Repository/Page_- KAIZEN/si_Spanish' is clicked on

2020-03-03 09:13:58 - [TEST_STEP][PASSED] - click(findTestObject("Page_- KAIZEN/si_Spanish")): Object: 'Object Repository/Page_- KAIZEN/si_Spanish' is clicked on

2020-03-03 09:14:00 - [MESSAGE][PASSED] - Object: 'Object Repository/Page_- KAIZEN/si_Spanish' is clicked on

2020-03-03 09:14:00 - [MESSAGE][PASSED] - Call Test Case 'Test Cases/Individual_Tests/Seleccionar_Idioma' successfully

2020-03-03 09:14:00 - [TEST_STEP][PASSED] - callTestCase(findTestCase("Individual_Tests/Movimientos_Inventario"), ["Index":Index], STOP_ON_FAILURE): Call Test Case 'Test Cases/Individual_Tests/Movimientos_Inventario' successfully

2020-03-03 09:14:00 - [TEST_CASE][PASSED] - Test Cases/Individual_Tests/Movimientos_Inventario: Test Cases/Individual_Tests/Movimientos_Inventario

2020-03-03 09:14:00 - [TEST_STEP][PASSED] - data = obtener_excels.obtener_mov_inventario.getValuesExcelMovInventario(Index): obtener_excels.obtener_mov_inventario.getValuesExcelMovInventario is PASSED

2020-03-03 09:14:00 - [MESSAGE][PASSED] - obtener_excels.obtener_mov_inventario.getValuesExcelMovInventario is PASSED

2020-03-03 09:14:00 - [TEST_STEP][PASSED] - concepto = data[3]: null

2020-03-03 09:14:00 - [TEST_STEP][PASSED] - motivo = data[4]: null

2020-03-03 09:14:00 - [TEST_STEP][PASSED] - codProducto = data[5]: null

2020-03-03 09:14:00 - [TEST_STEP][PASSED] - IdAlmacen1 = data[9]: null

2020-03-03 09:14:00 - [TEST_STEP][PASSED] - IdAlmacen2 = data[11]: null

2020-03-03 09:14:00 - [TEST_STEP][PASSED] - cantidad = data[13]: null

2020-03-03 09:14:00 - [TEST_STEP][PASSED] - click(findTestObject("Object Repository/Page_- KAIZEN/mi_menu_Pedidos")): Object: 'Object Repository/Page_- KAIZEN/mi_menu_Pedidos' is clicked on

2020-03-03 09:14:01 - [MESSAGE][PASSED] - Object: 'Object Repository/Page_- KAIZEN/mi_menu_Pedidos' is clicked on

2020-03-03 09:14:01 - [TEST_STEP][PASSED] - click(findTestObject("Object Repository/Page_- KAIZEN/mi_menu_Inventario")): Object: 'Object Repository/Page_- KAIZEN/mi_menu_Inventario' is clicked on

2020-03-03 09:14:01 - [MESSAGE][PASSED] - Object: 'Object Repository/Page_- KAIZEN/mi_menu_Inventario' is clicked on

2020-03-03 09:14:01 - [TEST_STEP][PASSED] - click(findTestObject("Object Repository/Page_- KAIZEN/mi_menu_Movimientos")): Object: 'Object Repository/Page_- KAIZEN/mi_menu_Movimientos' is clicked on

2020-03-03 09:14:28 - [MESSAGE][PASSED] - Object: 'Object Repository/Page_- KAIZEN/mi_menu_Movimientos' is clicked on

2020-03-03 09:14:28 - [TEST_STEP][PASSED] - click(findTestObject("Object Repository/Page_Index - KAIZEN/mi_btn_agregar")): Object: 'Object Repository/Page_Index - KAIZEN/mi_btn_agregar' is clicked on

2020-03-03 09:14:31 - [MESSAGE][PASSED] - Object: 'Object Repository/Page_Index - KAIZEN/mi_btn_agregar' is clicked on

2020-03-03 09:14:31 - [TEST_STEP][PASSED] - selectOptionByValue(findTestObject("Object Repository/Page_Create - KAIZEN/mi_select_concepto"), concepto, true): All options with value 'EntradaDeMercancias' are selected in object 'Object Repository/Page_Create - KAIZEN/mi_select_concepto'  using regular expression

2020-03-03 09:14:33 - [MESSAGE][PASSED] - All options with value 'EntradaDeMercancias' are selected in object 'Object Repository/Page_Create - KAIZEN/mi_select_concepto'  using regular expression

2020-03-03 09:14:33 - [TEST_STEP][PASSED] - selectOptionByValue(findTestObject("Object Repository/Page_Create - KAIZEN/mi_select_motivo"), motivo, true): All options with value 'CompraProductos' are selected in object 'Object Repository/Page_Create - KAIZEN/mi_select_motivo'  using regular expression

2020-03-03 09:14:35 - [MESSAGE][PASSED] - All options with value 'CompraProductos' are selected in object 'Object Repository/Page_Create - KAIZEN/mi_select_motivo'  using regular expression

2020-03-03 09:14:35 - [TEST_STEP][PASSED] - click(findTestObject("Object Repository/Page_Create - KAIZEN/mi_select_buscar_Producto")): Object: 'Object Repository/Page_Create - KAIZEN/mi_select_buscar_Producto' is clicked on

2020-03-03 09:14:35 - [MESSAGE][PASSED] - Object: 'Object Repository/Page_Create - KAIZEN/mi_select_buscar_Producto' is clicked on

2020-03-03 09:14:35 - [TEST_STEP][PASSED] - setText(findTestObject("Object Repository/Page_Create - KAIZEN/mi_assing_producto"), codProducto): Text '9440-404-382' is set on object 'Object Repository/Page_Create - KAIZEN/mi_assing_producto'

2020-03-03 09:14:36 - [MESSAGE][PASSED] - Text '9440-404-382' is set on object 'Object Repository/Page_Create - KAIZEN/mi_assing_producto'

2020-03-03 09:14:36 - [TEST_STEP][PASSED] - sendKeys(findTestObject("Object Repository/Page_Create - KAIZEN/mi_assing_producto"), Keys.chord(ENTER)): Keys 'ENTER + ' sent to object: 'Object Repository/Page_Create - KAIZEN/mi_assing_producto'

2020-03-03 09:14:36 - [MESSAGE][PASSED] - Keys 'ENTER + ' sent to object: 'Object Repository/Page_Create - KAIZEN/mi_assing_producto'

2020-03-03 09:14:36 - [TEST_STEP][PASSED] - setText(findTestObject("Object Repository/Page_Create - KAIZEN/mi_assing_cantidad"), cantidad): Text '1' is set on object 'Object Repository/Page_Create - KAIZEN/mi_assing_cantidad'

2020-03-03 09:14:37 - [MESSAGE][PASSED] - Text '1' is set on object 'Object Repository/Page_Create - KAIZEN/mi_assing_cantidad'

2020-03-03 09:14:37 - [TEST_STEP][PASSED] - sendKeys(findTestObject("Object Repository/Page_Create - KAIZEN/mi_assing_cantidad"), Keys.chord(ENTER)): Keys 'ENTER + ' sent to object: 'Object Repository/Page_Create - KAIZEN/mi_assing_cantidad'

2020-03-03 09:14:37 - [MESSAGE][PASSED] - Keys 'ENTER + ' sent to object: 'Object Repository/Page_Create - KAIZEN/mi_assing_cantidad'

2020-03-03 09:14:37 - [TEST_STEP][PASSED] - delay(5): Delayed 5 second(s)

2020-03-03 09:14:42 - [MESSAGE][PASSED] - Delayed 5 second(s)

2020-03-03 09:14:42 - [TEST_STEP][PASSED] - modal = executeJavaScript("return document.querySelector('.swal2-popup');", null): Execute JavaScript 'return document.querySelector('.swal2-popup');' successfully

2020-03-03 09:14:42 - [MESSAGE][PASSED] - Execute JavaScript 'return document.querySelector('.swal2-popup');' successfully

2020-03-03 09:14:42 - [TEST_STEP][PASSED] - if (modal == null): Object 'Object Repository/Page_Index - KAIZEN/mi_btn_agregar' is present

2020-03-03 09:14:42 - [TEST_STEP][PASSED] - print(modal): null

2020-03-03 09:14:42 - [TEST_STEP][PASSED] - if (motivo == "EntradaPorFabricacion"): null

2020-03-03 09:14:42 - [TEST_STEP][PASSED] - else: Object 'Object Repository/Page_Index - KAIZEN/mi_btn_agregar' is present

2020-03-03 09:14:42 - [TEST_STEP][PASSED] - selectOptionByValue(findTestObject("Object Repository/Page_Create - KAIZEN/mi_assing_almacen1"), IdAlmacen1, true): All options with value '1' are selected in object 'Object Repository/Page_Create - KAIZEN/mi_assing_almacen1'  using regular expression

2020-03-03 09:14:44 - [MESSAGE][PASSED] - All options with value '1' are selected in object 'Object Repository/Page_Create - KAIZEN/mi_assing_almacen1'  using regular expression

2020-03-03 09:14:44 - [TEST_STEP][PASSED] - if (concepto == "TransferenciaDeMercancias"): null

2020-03-03 09:14:44 - [TEST_STEP][PASSED] - else: Object 'Object Repository/Page_Index - KAIZEN/mi_btn_agregar' is present

2020-03-03 09:14:44 - [TEST_STEP][PASSED] - click(findTestObject("Object Repository/Page_Create - KAIZEN/mi_btn_Guardar")): Object: 'Object Repository/Page_Create - KAIZEN/mi_btn_Guardar' is clicked on

2020-03-03 09:14:46 - [MESSAGE][PASSED] - Object: 'Object Repository/Page_Create - KAIZEN/mi_btn_Guardar' is clicked on

2020-03-03 09:14:46 - [TEST_STEP][PASSED] - verifyElementPresent(findTestObject("Object Repository/Page_Index - KAIZEN/mi_btn_agregar"), 5): Object 'Object Repository/Page_Index - KAIZEN/mi_btn_agregar' is present

2020-03-03 09:14:48 - [MESSAGE][PASSED] - Object 'Object Repository/Page_Index - KAIZEN/mi_btn_agregar' is present

2020-03-03 09:14:48 - [TEST_STEP][PASSED] - delay(5): Delayed 5 second(s)

2020-03-03 09:14:53 - [MESSAGE][PASSED] - Delayed 5 second(s)

2020-03-03 09:14:53 - [MESSAGE][PASSED] - Call Test Case 'Test Cases/Individual_Tests/Movimientos_Inventario' successfully

2020-03-03 09:14:53 - [TEST_STEP][PASSED] - callTestCase(findTestCase("Individual_Tests/Login"), ["Evento":"MovimientoDeInventario", "Index":Index, "Usuario":"", "Contrasena":""], STOP_ON_FAILURE): Call Test Case 'Test Cases/Individual_Tests/Login' successfully

2020-03-03 09:14:53 - [TEST_CASE][PASSED] - Test Cases/Individual_Tests/Login: Test Cases/Individual_Tests/Login

2020-03-03 09:14:53 - [TEST_STEP][PASSED] - print("Evento Seleccionado: " + Evento + "
"): null

2020-03-03 09:14:53 - [TEST_STEP][PASSED] - openBrowser(Web): Browser is opened with url: 'http://test.kaizendev.net/Login/Accesar?salir=true'

2020-03-03 09:14:53 - [MESSAGE][WARNING] - A browser is already opened. Closing browser and opening a new one

2020-03-03 09:14:53 - [MESSAGE][INFO] - Starting 'Chrome' driver

2020-03-03 09:15:21 - [MESSAGE][PASSED] - Browser is opened with url: 'http://test.kaizendev.net/Login/Accesar?salir=true'

2020-03-03 09:15:21 - [TEST_STEP][PASSED] - maximizeWindow(): Current window maximized

2020-03-03 09:15:22 - [MESSAGE][PASSED] - Current window maximized

2020-03-03 09:15:22 - [TEST_STEP][PASSED] - if (Evento == "Crear20"): null

2020-03-03 09:15:22 - [TEST_STEP][PASSED] - else if (Evento == "Crear40"): null

2020-03-03 09:15:22 - [TEST_STEP][PASSED] - else if (Evento == "Aprobar"): null

2020-03-03 09:15:22 - [TEST_STEP][PASSED] - else if (Evento == "Logistica"): null

2020-03-03 09:15:22 - [TEST_STEP][PASSED] - else if (Evento == "Produccion"): null

2020-03-03 09:15:22 - [TEST_STEP][PASSED] - else if (Evento == "Inventario"): null

2020-03-03 09:15:22 - [TEST_STEP][PASSED] - else if (Evento == "Despacho"): null

2020-03-03 09:15:22 - [TEST_STEP][PASSED] - else if (Evento == "ProductoAlmacen"): null

2020-03-03 09:15:22 - [TEST_STEP][PASSED] - else if (Evento == "MovimientoDeInventario"): Object: 'Object Repository/Page_Iniciar Sesion - KAIZEN/is_btn_ingresar_sistema' is clicked on

2020-03-03 09:15:22 - [TEST_STEP][PASSED] - data8 = obtener_excels.obtener_mov_inventario.getValuesExcelMovInventario(Index): obtener_excels.obtener_mov_inventario.getValuesExcelMovInventario is PASSED

2020-03-03 09:15:23 - [MESSAGE][PASSED] - obtener_excels.obtener_mov_inventario.getValuesExcelMovInventario is PASSED

2020-03-03 09:15:23 - [TEST_STEP][PASSED] - Usuario = data8[1]: null

2020-03-03 09:15:23 - [TEST_STEP][PASSED] - Contrasena = data8[2]: null

2020-03-03 09:15:23 - [TEST_STEP][PASSED] - setText(findTestObject("Page_Iniciar Sesion - KAIZEN/is_input_email"), Usuario): Text 'automated.test@grupokaizen.net' is set on object 'Object Repository/Page_Iniciar Sesion - KAIZEN/is_input_email'

2020-03-03 09:15:23 - [MESSAGE][PASSED] - Text 'automated.test@grupokaizen.net' is set on object 'Object Repository/Page_Iniciar Sesion - KAIZEN/is_input_email'

2020-03-03 09:15:23 - [TEST_STEP][PASSED] - setEncryptedText(findTestObject("Page_Iniciar Sesion - KAIZEN/IS_input_contrasena"), Contrasena): Text ****** has been set on object 'Object Repository/Page_Iniciar Sesion - KAIZEN/IS_input_contrasena'

2020-03-03 09:15:24 - [MESSAGE][PASSED] - Text ****** has been set on object 'Object Repository/Page_Iniciar Sesion - KAIZEN/IS_input_contrasena'

2020-03-03 09:15:24 - [TEST_STEP][PASSED] - click(findTestObject("Page_Iniciar Sesion - KAIZEN/is_btn_ingresar_sistema")): Object: 'Object Repository/Page_Iniciar Sesion - KAIZEN/is_btn_ingresar_sistema' is clicked on

2020-03-03 09:15:27 - [MESSAGE][PASSED] - Object: 'Object Repository/Page_Iniciar Sesion - KAIZEN/is_btn_ingresar_sistema' is clicked on

2020-03-03 09:15:27 - [MESSAGE][PASSED] - Call Test Case 'Test Cases/Individual_Tests/Login' successfully

2020-03-03 09:15:27 - [TEST_STEP][PASSED] - callTestCase(findTestCase("Individual_Tests/Seleccionar_Idioma"), ["Evento":"MovimientoDeInventario", "Index":Index], STOP_ON_FAILURE): Call Test Case 'Test Cases/Individual_Tests/Seleccionar_Idioma' successfully

2020-03-03 09:15:27 - [TEST_CASE][PASSED] - Test Cases/Individual_Tests/Seleccionar_Idioma: Test Cases/Individual_Tests/Seleccionar_Idioma

2020-03-03 09:15:27 - [TEST_STEP][PASSED] - Idioma = 0: null

2020-03-03 09:15:27 - [TEST_STEP][PASSED] - if (Evento == "Crear20"): null

2020-03-03 09:15:27 - [TEST_STEP][PASSED] - else if (Evento == "Crear40"): null

2020-03-03 09:15:27 - [TEST_STEP][PASSED] - else if (Evento == "Aprobar"): null

2020-03-03 09:15:27 - [TEST_STEP][PASSED] - else if (Evento == "Logistica"): null

2020-03-03 09:15:27 - [TEST_STEP][PASSED] - else if (Evento == "Produccion"): null

2020-03-03 09:15:27 - [TEST_STEP][PASSED] - else if (Evento == "Inventario"): null

2020-03-03 09:15:27 - [TEST_STEP][PASSED] - else if (Evento == "Despacho"): null

2020-03-03 09:15:27 - [TEST_STEP][PASSED] - else if (Evento == "ProductoAlmacen"): null

2020-03-03 09:15:27 - [TEST_STEP][PASSED] - else if (Evento == "MovimientoDeInventario"): null

2020-03-03 09:15:27 - [TEST_STEP][PASSED] - data7 = obtener_excels.obtener_mov_inventario.getValuesExcelMovInventario(Index): obtener_excels.obtener_mov_inventario.getValuesExcelMovInventario is PASSED

2020-03-03 09:15:27 - [MESSAGE][PASSED] - obtener_excels.obtener_mov_inventario.getValuesExcelMovInventario is PASSED

2020-03-03 09:15:27 - [TEST_STEP][PASSED] - Idioma = data7[0]: null

2020-03-03 09:15:27 - [TEST_STEP][PASSED] - click(findTestObject("Page_- KAIZEN/si_btn_idioma")): Object: 'Object Repository/Page_- KAIZEN/si_btn_idioma' is clicked on

2020-03-03 09:15:27 - [MESSAGE][PASSED] - Object: 'Object Repository/Page_- KAIZEN/si_btn_idioma' is clicked on

2020-03-03 09:15:27 - [TEST_STEP][PASSED] - if (Idioma == "0"): null

2020-03-03 09:15:27 - [TEST_STEP][PASSED] - else: Object: 'Object Repository/Page_- KAIZEN/si_Spanish' is clicked on

2020-03-03 09:15:27 - [TEST_STEP][PASSED] - click(findTestObject("Page_- KAIZEN/si_Spanish")): Object: 'Object Repository/Page_- KAIZEN/si_Spanish' is clicked on

2020-03-03 09:15:30 - [MESSAGE][PASSED] - Object: 'Object Repository/Page_- KAIZEN/si_Spanish' is clicked on

2020-03-03 09:15:30 - [MESSAGE][PASSED] - Call Test Case 'Test Cases/Individual_Tests/Seleccionar_Idioma' successfully

2020-03-03 09:15:30 - [TEST_STEP][PASSED] - callTestCase(findTestCase("Individual_Tests/Movimientos_Inventario"), ["Index":Index], STOP_ON_FAILURE): Call Test Case 'Test Cases/Individual_Tests/Movimientos_Inventario' successfully

2020-03-03 09:15:30 - [TEST_CASE][PASSED] - Test Cases/Individual_Tests/Movimientos_Inventario: Test Cases/Individual_Tests/Movimientos_Inventario

2020-03-03 09:15:30 - [TEST_STEP][PASSED] - data = obtener_excels.obtener_mov_inventario.getValuesExcelMovInventario(Index): obtener_excels.obtener_mov_inventario.getValuesExcelMovInventario is PASSED

2020-03-03 09:15:30 - [MESSAGE][PASSED] - obtener_excels.obtener_mov_inventario.getValuesExcelMovInventario is PASSED

2020-03-03 09:15:30 - [TEST_STEP][PASSED] - concepto = data[3]: null

2020-03-03 09:15:30 - [TEST_STEP][PASSED] - motivo = data[4]: null

2020-03-03 09:15:30 - [TEST_STEP][PASSED] - codProducto = data[5]: null

2020-03-03 09:15:30 - [TEST_STEP][PASSED] - IdAlmacen1 = data[9]: null

2020-03-03 09:15:30 - [TEST_STEP][PASSED] - IdAlmacen2 = data[11]: null

2020-03-03 09:15:30 - [TEST_STEP][PASSED] - cantidad = data[13]: null

2020-03-03 09:15:30 - [TEST_STEP][PASSED] - click(findTestObject("Object Repository/Page_- KAIZEN/mi_menu_Pedidos")): Object: 'Object Repository/Page_- KAIZEN/mi_menu_Pedidos' is clicked on

2020-03-03 09:15:31 - [MESSAGE][PASSED] - Object: 'Object Repository/Page_- KAIZEN/mi_menu_Pedidos' is clicked on

2020-03-03 09:15:31 - [TEST_STEP][PASSED] - click(findTestObject("Object Repository/Page_- KAIZEN/mi_menu_Inventario")): Object: 'Object Repository/Page_- KAIZEN/mi_menu_Inventario' is clicked on

2020-03-03 09:15:31 - [MESSAGE][PASSED] - Object: 'Object Repository/Page_- KAIZEN/mi_menu_Inventario' is clicked on

2020-03-03 09:15:31 - [TEST_STEP][PASSED] - click(findTestObject("Object Repository/Page_- KAIZEN/mi_menu_Movimientos")): Object: 'Object Repository/Page_- KAIZEN/mi_menu_Movimientos' is clicked on

2020-03-03 09:15:34 - [MESSAGE][PASSED] - Object: 'Object Repository/Page_- KAIZEN/mi_menu_Movimientos' is clicked on

2020-03-03 09:15:34 - [TEST_STEP][PASSED] - click(findTestObject("Object Repository/Page_Index - KAIZEN/mi_btn_agregar")): Object: 'Object Repository/Page_Index - KAIZEN/mi_btn_agregar' is clicked on

2020-03-03 09:15:40 - [MESSAGE][PASSED] - Object: 'Object Repository/Page_Index - KAIZEN/mi_btn_agregar' is clicked on

2020-03-03 09:15:40 - [TEST_STEP][PASSED] - selectOptionByValue(findTestObject("Object Repository/Page_Create - KAIZEN/mi_select_concepto"), concepto, true): All options with value 'EntradaDeMercancias' are selected in object 'Object Repository/Page_Create - KAIZEN/mi_select_concepto'  using regular expression

2020-03-03 09:15:42 - [MESSAGE][PASSED] - All options with value 'EntradaDeMercancias' are selected in object 'Object Repository/Page_Create - KAIZEN/mi_select_concepto'  using regular expression

2020-03-03 09:15:42 - [TEST_STEP][PASSED] - selectOptionByValue(findTestObject("Object Repository/Page_Create - KAIZEN/mi_select_motivo"), motivo, true): All options with value 'CompraProductos' are selected in object 'Object Repository/Page_Create - KAIZEN/mi_select_motivo'  using regular expression

2020-03-03 09:15:48 - [MESSAGE][PASSED] - All options with value 'CompraProductos' are selected in object 'Object Repository/Page_Create - KAIZEN/mi_select_motivo'  using regular expression

2020-03-03 09:15:48 - [TEST_STEP][PASSED] - click(findTestObject("Object Repository/Page_Create - KAIZEN/mi_select_buscar_Producto")): Object: 'Object Repository/Page_Create - KAIZEN/mi_select_buscar_Producto' is clicked on

2020-03-03 09:15:49 - [MESSAGE][PASSED] - Object: 'Object Repository/Page_Create - KAIZEN/mi_select_buscar_Producto' is clicked on

2020-03-03 09:15:49 - [TEST_STEP][PASSED] - setText(findTestObject("Object Repository/Page_Create - KAIZEN/mi_assing_producto"), codProducto): Text '9440-404-382' is set on object 'Object Repository/Page_Create - KAIZEN/mi_assing_producto'

2020-03-03 09:15:49 - [MESSAGE][PASSED] - Text '9440-404-382' is set on object 'Object Repository/Page_Create - KAIZEN/mi_assing_producto'

2020-03-03 09:15:49 - [TEST_STEP][PASSED] - sendKeys(findTestObject("Object Repository/Page_Create - KAIZEN/mi_assing_producto"), Keys.chord(ENTER)): Keys 'ENTER + ' sent to object: 'Object Repository/Page_Create - KAIZEN/mi_assing_producto'

2020-03-03 09:15:50 - [MESSAGE][PASSED] - Keys 'ENTER + ' sent to object: 'Object Repository/Page_Create - KAIZEN/mi_assing_producto'

2020-03-03 09:15:50 - [TEST_STEP][PASSED] - setText(findTestObject("Object Repository/Page_Create - KAIZEN/mi_assing_cantidad"), cantidad): Text '1' is set on object 'Object Repository/Page_Create - KAIZEN/mi_assing_cantidad'

2020-03-03 09:15:50 - [MESSAGE][PASSED] - Text '1' is set on object 'Object Repository/Page_Create - KAIZEN/mi_assing_cantidad'

2020-03-03 09:15:50 - [TEST_STEP][PASSED] - sendKeys(findTestObject("Object Repository/Page_Create - KAIZEN/mi_assing_cantidad"), Keys.chord(ENTER)): Keys 'ENTER + ' sent to object: 'Object Repository/Page_Create - KAIZEN/mi_assing_cantidad'

2020-03-03 09:15:51 - [MESSAGE][PASSED] - Keys 'ENTER + ' sent to object: 'Object Repository/Page_Create - KAIZEN/mi_assing_cantidad'

2020-03-03 09:15:51 - [TEST_STEP][PASSED] - delay(5): Delayed 5 second(s)

2020-03-03 09:15:56 - [MESSAGE][PASSED] - Delayed 5 second(s)

2020-03-03 09:15:56 - [TEST_STEP][PASSED] - modal = executeJavaScript("return document.querySelector('.swal2-popup');", null): Execute JavaScript 'return document.querySelector('.swal2-popup');' successfully

2020-03-03 09:15:56 - [MESSAGE][PASSED] - Execute JavaScript 'return document.querySelector('.swal2-popup');' successfully

2020-03-03 09:15:56 - [TEST_STEP][PASSED] - if (modal == null): Object 'Object Repository/Page_Index - KAIZEN/mi_btn_agregar' is present

2020-03-03 09:15:56 - [TEST_STEP][PASSED] - print(modal): null

2020-03-03 09:15:56 - [TEST_STEP][PASSED] - if (motivo == "EntradaPorFabricacion"): null

2020-03-03 09:15:56 - [TEST_STEP][PASSED] - else: Object 'Object Repository/Page_Index - KAIZEN/mi_btn_agregar' is present

2020-03-03 09:15:56 - [TEST_STEP][PASSED] - selectOptionByValue(findTestObject("Object Repository/Page_Create - KAIZEN/mi_assing_almacen1"), IdAlmacen1, true): All options with value '6' are selected in object 'Object Repository/Page_Create - KAIZEN/mi_assing_almacen1'  using regular expression

2020-03-03 09:16:42 - [MESSAGE][PASSED] - All options with value '6' are selected in object 'Object Repository/Page_Create - KAIZEN/mi_assing_almacen1'  using regular expression

2020-03-03 09:16:42 - [TEST_STEP][PASSED] - if (concepto == "TransferenciaDeMercancias"): null

2020-03-03 09:16:42 - [TEST_STEP][PASSED] - else: Object 'Object Repository/Page_Index - KAIZEN/mi_btn_agregar' is present

2020-03-03 09:16:42 - [TEST_STEP][PASSED] - click(findTestObject("Object Repository/Page_Create - KAIZEN/mi_btn_Guardar")): Object: 'Object Repository/Page_Create - KAIZEN/mi_btn_Guardar' is clicked on

2020-03-03 09:16:47 - [MESSAGE][PASSED] - Object: 'Object Repository/Page_Create - KAIZEN/mi_btn_Guardar' is clicked on

2020-03-03 09:16:47 - [TEST_STEP][PASSED] - verifyElementPresent(findTestObject("Object Repository/Page_Index - KAIZEN/mi_btn_agregar"), 5): Object 'Object Repository/Page_Index - KAIZEN/mi_btn_agregar' is present

2020-03-03 09:16:47 - [MESSAGE][PASSED] - Object 'Object Repository/Page_Index - KAIZEN/mi_btn_agregar' is present

2020-03-03 09:16:47 - [TEST_STEP][PASSED] - delay(5): Delayed 5 second(s)

2020-03-03 09:16:52 - [MESSAGE][PASSED] - Delayed 5 second(s)

2020-03-03 09:16:52 - [MESSAGE][PASSED] - Call Test Case 'Test Cases/Individual_Tests/Movimientos_Inventario' successfully

2020-03-03 09:16:52 - [TEST_STEP][PASSED] - callTestCase(findTestCase("Individual_Tests/Login"), ["Evento":"MovimientoDeInventario", "Index":Index, "Usuario":"", "Contrasena":""], STOP_ON_FAILURE): Call Test Case 'Test Cases/Individual_Tests/Login' successfully

2020-03-03 09:16:53 - [TEST_CASE][PASSED] - Test Cases/Individual_Tests/Login: Test Cases/Individual_Tests/Login

2020-03-03 09:16:53 - [TEST_STEP][PASSED] - print("Evento Seleccionado: " + Evento + "
"): null

2020-03-03 09:16:53 - [TEST_STEP][PASSED] - openBrowser(Web): Browser is opened with url: 'http://test.kaizendev.net/Login/Accesar?salir=true'

2020-03-03 09:16:53 - [MESSAGE][WARNING] - A browser is already opened. Closing browser and opening a new one

2020-03-03 09:16:54 - [MESSAGE][INFO] - Starting 'Chrome' driver

2020-03-03 09:17:10 - [MESSAGE][PASSED] - Browser is opened with url: 'http://test.kaizendev.net/Login/Accesar?salir=true'

2020-03-03 09:17:10 - [TEST_STEP][PASSED] - maximizeWindow(): Current window maximized

2020-03-03 09:17:11 - [MESSAGE][PASSED] - Current window maximized

2020-03-03 09:17:11 - [TEST_STEP][PASSED] - if (Evento == "Crear20"): null

2020-03-03 09:17:11 - [TEST_STEP][PASSED] - else if (Evento == "Crear40"): null

2020-03-03 09:17:11 - [TEST_STEP][PASSED] - else if (Evento == "Aprobar"): null

2020-03-03 09:17:11 - [TEST_STEP][PASSED] - else if (Evento == "Logistica"): null

2020-03-03 09:17:11 - [TEST_STEP][PASSED] - else if (Evento == "Produccion"): null

2020-03-03 09:17:11 - [TEST_STEP][PASSED] - else if (Evento == "Inventario"): null

2020-03-03 09:17:11 - [TEST_STEP][PASSED] - else if (Evento == "Despacho"): null

2020-03-03 09:17:11 - [TEST_STEP][PASSED] - else if (Evento == "ProductoAlmacen"): null

2020-03-03 09:17:11 - [TEST_STEP][PASSED] - else if (Evento == "MovimientoDeInventario"): Object: 'Object Repository/Page_Iniciar Sesion - KAIZEN/is_btn_ingresar_sistema' is clicked on

2020-03-03 09:17:11 - [TEST_STEP][PASSED] - data8 = obtener_excels.obtener_mov_inventario.getValuesExcelMovInventario(Index): obtener_excels.obtener_mov_inventario.getValuesExcelMovInventario is PASSED

2020-03-03 09:17:11 - [MESSAGE][PASSED] - obtener_excels.obtener_mov_inventario.getValuesExcelMovInventario is PASSED

2020-03-03 09:17:11 - [TEST_STEP][PASSED] - Usuario = data8[1]: null

2020-03-03 09:17:11 - [TEST_STEP][PASSED] - Contrasena = data8[2]: null

2020-03-03 09:17:11 - [TEST_STEP][PASSED] - setText(findTestObject("Page_Iniciar Sesion - KAIZEN/is_input_email"), Usuario): Text 'automated.test@grupokaizen.net' is set on object 'Object Repository/Page_Iniciar Sesion - KAIZEN/is_input_email'

2020-03-03 09:17:12 - [MESSAGE][PASSED] - Text 'automated.test@grupokaizen.net' is set on object 'Object Repository/Page_Iniciar Sesion - KAIZEN/is_input_email'

2020-03-03 09:17:12 - [TEST_STEP][PASSED] - setEncryptedText(findTestObject("Page_Iniciar Sesion - KAIZEN/IS_input_contrasena"), Contrasena): Text ****** has been set on object 'Object Repository/Page_Iniciar Sesion - KAIZEN/IS_input_contrasena'

2020-03-03 09:17:13 - [MESSAGE][PASSED] - Text ****** has been set on object 'Object Repository/Page_Iniciar Sesion - KAIZEN/IS_input_contrasena'

2020-03-03 09:17:13 - [TEST_STEP][PASSED] - click(findTestObject("Page_Iniciar Sesion - KAIZEN/is_btn_ingresar_sistema")): Object: 'Object Repository/Page_Iniciar Sesion - KAIZEN/is_btn_ingresar_sistema' is clicked on

2020-03-03 09:17:16 - [MESSAGE][PASSED] - Object: 'Object Repository/Page_Iniciar Sesion - KAIZEN/is_btn_ingresar_sistema' is clicked on

2020-03-03 09:17:16 - [MESSAGE][PASSED] - Call Test Case 'Test Cases/Individual_Tests/Login' successfully

2020-03-03 09:17:16 - [TEST_STEP][PASSED] - callTestCase(findTestCase("Individual_Tests/Seleccionar_Idioma"), ["Evento":"MovimientoDeInventario", "Index":Index], STOP_ON_FAILURE): Call Test Case 'Test Cases/Individual_Tests/Seleccionar_Idioma' successfully

2020-03-03 09:17:16 - [TEST_CASE][PASSED] - Test Cases/Individual_Tests/Seleccionar_Idioma: Test Cases/Individual_Tests/Seleccionar_Idioma

2020-03-03 09:17:16 - [TEST_STEP][PASSED] - Idioma = 0: null

2020-03-03 09:17:16 - [TEST_STEP][PASSED] - if (Evento == "Crear20"): null

2020-03-03 09:17:16 - [TEST_STEP][PASSED] - else if (Evento == "Crear40"): null

2020-03-03 09:17:16 - [TEST_STEP][PASSED] - else if (Evento == "Aprobar"): null

2020-03-03 09:17:16 - [TEST_STEP][PASSED] - else if (Evento == "Logistica"): null

2020-03-03 09:17:16 - [TEST_STEP][PASSED] - else if (Evento == "Produccion"): null

2020-03-03 09:17:16 - [TEST_STEP][PASSED] - else if (Evento == "Inventario"): null

2020-03-03 09:17:16 - [TEST_STEP][PASSED] - else if (Evento == "Despacho"): null

2020-03-03 09:17:16 - [TEST_STEP][PASSED] - else if (Evento == "ProductoAlmacen"): null

2020-03-03 09:17:16 - [TEST_STEP][PASSED] - else if (Evento == "MovimientoDeInventario"): null

2020-03-03 09:17:16 - [TEST_STEP][PASSED] - data7 = obtener_excels.obtener_mov_inventario.getValuesExcelMovInventario(Index): obtener_excels.obtener_mov_inventario.getValuesExcelMovInventario is PASSED

2020-03-03 09:17:16 - [MESSAGE][PASSED] - obtener_excels.obtener_mov_inventario.getValuesExcelMovInventario is PASSED

2020-03-03 09:17:16 - [TEST_STEP][PASSED] - Idioma = data7[0]: null

2020-03-03 09:17:16 - [TEST_STEP][PASSED] - click(findTestObject("Page_- KAIZEN/si_btn_idioma")): Object: 'Object Repository/Page_- KAIZEN/si_btn_idioma' is clicked on

2020-03-03 09:17:17 - [MESSAGE][PASSED] - Object: 'Object Repository/Page_- KAIZEN/si_btn_idioma' is clicked on

2020-03-03 09:17:17 - [TEST_STEP][PASSED] - if (Idioma == "0"): null

2020-03-03 09:17:17 - [TEST_STEP][PASSED] - else: Object: 'Object Repository/Page_- KAIZEN/si_Spanish' is clicked on

2020-03-03 09:17:17 - [TEST_STEP][PASSED] - click(findTestObject("Page_- KAIZEN/si_Spanish")): Object: 'Object Repository/Page_- KAIZEN/si_Spanish' is clicked on

2020-03-03 09:17:18 - [MESSAGE][PASSED] - Object: 'Object Repository/Page_- KAIZEN/si_Spanish' is clicked on

2020-03-03 09:17:18 - [MESSAGE][PASSED] - Call Test Case 'Test Cases/Individual_Tests/Seleccionar_Idioma' successfully

2020-03-03 09:17:18 - [TEST_STEP][PASSED] - callTestCase(findTestCase("Individual_Tests/Movimientos_Inventario"), ["Index":Index], STOP_ON_FAILURE): Call Test Case 'Test Cases/Individual_Tests/Movimientos_Inventario' successfully

2020-03-03 09:17:18 - [TEST_CASE][PASSED] - Test Cases/Individual_Tests/Movimientos_Inventario: Test Cases/Individual_Tests/Movimientos_Inventario

2020-03-03 09:17:18 - [TEST_STEP][PASSED] - data = obtener_excels.obtener_mov_inventario.getValuesExcelMovInventario(Index): obtener_excels.obtener_mov_inventario.getValuesExcelMovInventario is PASSED

2020-03-03 09:17:18 - [MESSAGE][PASSED] - obtener_excels.obtener_mov_inventario.getValuesExcelMovInventario is PASSED

2020-03-03 09:17:18 - [TEST_STEP][PASSED] - concepto = data[3]: null

2020-03-03 09:17:18 - [TEST_STEP][PASSED] - motivo = data[4]: null

2020-03-03 09:17:18 - [TEST_STEP][PASSED] - codProducto = data[5]: null

2020-03-03 09:17:18 - [TEST_STEP][PASSED] - IdAlmacen1 = data[9]: null

2020-03-03 09:17:18 - [TEST_STEP][PASSED] - IdAlmacen2 = data[11]: null

2020-03-03 09:17:18 - [TEST_STEP][PASSED] - cantidad = data[13]: null

2020-03-03 09:17:18 - [TEST_STEP][PASSED] - click(findTestObject("Object Repository/Page_- KAIZEN/mi_menu_Pedidos")): Object: 'Object Repository/Page_- KAIZEN/mi_menu_Pedidos' is clicked on

2020-03-03 09:17:19 - [MESSAGE][PASSED] - Object: 'Object Repository/Page_- KAIZEN/mi_menu_Pedidos' is clicked on

2020-03-03 09:17:19 - [TEST_STEP][PASSED] - click(findTestObject("Object Repository/Page_- KAIZEN/mi_menu_Inventario")): Object: 'Object Repository/Page_- KAIZEN/mi_menu_Inventario' is clicked on

2020-03-03 09:17:20 - [MESSAGE][PASSED] - Object: 'Object Repository/Page_- KAIZEN/mi_menu_Inventario' is clicked on

2020-03-03 09:17:20 - [TEST_STEP][PASSED] - click(findTestObject("Object Repository/Page_- KAIZEN/mi_menu_Movimientos")): Object: 'Object Repository/Page_- KAIZEN/mi_menu_Movimientos' is clicked on

2020-03-03 09:17:22 - [MESSAGE][PASSED] - Object: 'Object Repository/Page_- KAIZEN/mi_menu_Movimientos' is clicked on

2020-03-03 09:17:22 - [TEST_STEP][PASSED] - click(findTestObject("Object Repository/Page_Index - KAIZEN/mi_btn_agregar")): Object: 'Object Repository/Page_Index - KAIZEN/mi_btn_agregar' is clicked on

2020-03-03 09:17:25 - [MESSAGE][PASSED] - Object: 'Object Repository/Page_Index - KAIZEN/mi_btn_agregar' is clicked on

2020-03-03 09:17:25 - [TEST_STEP][PASSED] - selectOptionByValue(findTestObject("Object Repository/Page_Create - KAIZEN/mi_select_concepto"), concepto, true): All options with value 'TransferenciaDeMercancias' are selected in object 'Object Repository/Page_Create - KAIZEN/mi_select_concepto'  using regular expression

2020-03-03 09:17:27 - [MESSAGE][PASSED] - All options with value 'TransferenciaDeMercancias' are selected in object 'Object Repository/Page_Create - KAIZEN/mi_select_concepto'  using regular expression

2020-03-03 09:17:27 - [TEST_STEP][PASSED] - selectOptionByValue(findTestObject("Object Repository/Page_Create - KAIZEN/mi_select_motivo"), motivo, true): All options with value 'Fabricacion' are selected in object 'Object Repository/Page_Create - KAIZEN/mi_select_motivo'  using regular expression

2020-03-03 09:17:28 - [MESSAGE][PASSED] - All options with value 'Fabricacion' are selected in object 'Object Repository/Page_Create - KAIZEN/mi_select_motivo'  using regular expression

2020-03-03 09:17:28 - [TEST_STEP][PASSED] - click(findTestObject("Object Repository/Page_Create - KAIZEN/mi_select_buscar_Producto")): Object: 'Object Repository/Page_Create - KAIZEN/mi_select_buscar_Producto' is clicked on

2020-03-03 09:17:28 - [MESSAGE][PASSED] - Object: 'Object Repository/Page_Create - KAIZEN/mi_select_buscar_Producto' is clicked on

2020-03-03 09:17:28 - [TEST_STEP][PASSED] - setText(findTestObject("Object Repository/Page_Create - KAIZEN/mi_assing_producto"), codProducto): Text '9440-404-384' is set on object 'Object Repository/Page_Create - KAIZEN/mi_assing_producto'

2020-03-03 09:17:29 - [MESSAGE][PASSED] - Text '9440-404-384' is set on object 'Object Repository/Page_Create - KAIZEN/mi_assing_producto'

2020-03-03 09:17:29 - [TEST_STEP][PASSED] - sendKeys(findTestObject("Object Repository/Page_Create - KAIZEN/mi_assing_producto"), Keys.chord(ENTER)): Keys 'ENTER + ' sent to object: 'Object Repository/Page_Create - KAIZEN/mi_assing_producto'

2020-03-03 09:17:30 - [MESSAGE][PASSED] - Keys 'ENTER + ' sent to object: 'Object Repository/Page_Create - KAIZEN/mi_assing_producto'

2020-03-03 09:17:30 - [TEST_STEP][PASSED] - setText(findTestObject("Object Repository/Page_Create - KAIZEN/mi_assing_cantidad"), cantidad): Text '31458' is set on object 'Object Repository/Page_Create - KAIZEN/mi_assing_cantidad'

2020-03-03 09:17:31 - [MESSAGE][PASSED] - Text '31458' is set on object 'Object Repository/Page_Create - KAIZEN/mi_assing_cantidad'

2020-03-03 09:17:31 - [TEST_STEP][PASSED] - sendKeys(findTestObject("Object Repository/Page_Create - KAIZEN/mi_assing_cantidad"), Keys.chord(ENTER)): Keys 'ENTER + ' sent to object: 'Object Repository/Page_Create - KAIZEN/mi_assing_cantidad'

2020-03-03 09:17:31 - [MESSAGE][PASSED] - Keys 'ENTER + ' sent to object: 'Object Repository/Page_Create - KAIZEN/mi_assing_cantidad'

2020-03-03 09:17:31 - [TEST_STEP][PASSED] - delay(5): Delayed 5 second(s)

2020-03-03 09:17:36 - [MESSAGE][PASSED] - Delayed 5 second(s)

2020-03-03 09:17:36 - [TEST_STEP][PASSED] - modal = executeJavaScript("return document.querySelector('.swal2-popup');", null): Execute JavaScript 'return document.querySelector('.swal2-popup');' successfully

2020-03-03 09:17:36 - [MESSAGE][PASSED] - Execute JavaScript 'return document.querySelector('.swal2-popup');' successfully

2020-03-03 09:17:36 - [TEST_STEP][PASSED] - if (modal == null): null

2020-03-03 09:17:36 - [TEST_STEP][PASSED] - else: Object 'Object Repository/Page_Index - KAIZEN/mi_btn_agregar' is present

2020-03-03 09:17:36 - [TEST_STEP][PASSED] - executeJavaScript("document.querySelector(".swal2-confirm").click();", null): Execute JavaScript 'document.querySelector(".swal2-confirm").click();' successfully

2020-03-03 09:17:36 - [MESSAGE][PASSED] - Execute JavaScript 'document.querySelector(".swal2-confirm").click();' successfully

2020-03-03 09:17:36 - [TEST_STEP][PASSED] - if (motivo == "EntradaPorFabricacion"): null

2020-03-03 09:17:36 - [TEST_STEP][PASSED] - else: Object 'Object Repository/Page_Index - KAIZEN/mi_btn_agregar' is present

2020-03-03 09:17:36 - [TEST_STEP][PASSED] - selectOptionByValue(findTestObject("Object Repository/Page_Create - KAIZEN/mi_assing_almacen1"), IdAlmacen1, true): All options with value '1' are selected in object 'Object Repository/Page_Create - KAIZEN/mi_assing_almacen1'  using regular expression

2020-03-03 09:17:38 - [MESSAGE][PASSED] - All options with value '1' are selected in object 'Object Repository/Page_Create - KAIZEN/mi_assing_almacen1'  using regular expression

2020-03-03 09:17:38 - [TEST_STEP][PASSED] - if (concepto == "TransferenciaDeMercancias"): Object 'Object Repository/Page_Index - KAIZEN/mi_btn_agregar' is present

2020-03-03 09:17:38 - [TEST_STEP][PASSED] - selectOptionByValue(findTestObject("Object Repository/Page_Create - KAIZEN/mi_assing_almacen2"), IdAlmacen2, true): All options with value '6' are selected in object 'Object Repository/Page_Create - KAIZEN/mi_assing_almacen2'  using regular expression

2020-03-03 09:17:39 - [MESSAGE][PASSED] - All options with value '6' are selected in object 'Object Repository/Page_Create - KAIZEN/mi_assing_almacen2'  using regular expression

2020-03-03 09:17:39 - [TEST_STEP][PASSED] - click(findTestObject("Object Repository/Page_Create - KAIZEN/mi_btn_Guardar")): Object: 'Object Repository/Page_Create - KAIZEN/mi_btn_Guardar' is clicked on

2020-03-03 09:17:43 - [MESSAGE][PASSED] - Object: 'Object Repository/Page_Create - KAIZEN/mi_btn_Guardar' is clicked on

2020-03-03 09:17:43 - [TEST_STEP][PASSED] - verifyElementPresent(findTestObject("Object Repository/Page_Index - KAIZEN/mi_btn_agregar"), 5): Object 'Object Repository/Page_Index - KAIZEN/mi_btn_agregar' is present

2020-03-03 09:17:44 - [MESSAGE][PASSED] - Object 'Object Repository/Page_Index - KAIZEN/mi_btn_agregar' is present

2020-03-03 09:17:44 - [TEST_STEP][PASSED] - delay(5): Delayed 5 second(s)

2020-03-03 09:17:49 - [MESSAGE][PASSED] - Delayed 5 second(s)

2020-03-03 09:17:49 - [MESSAGE][PASSED] - Call Test Case 'Test Cases/Individual_Tests/Movimientos_Inventario' successfully

2020-03-03 09:17:49 - [TEST_STEP][PASSED] - callTestCase(findTestCase("Individual_Tests/Login"), ["Evento":"MovimientoDeInventario", "Index":Index, "Usuario":"", "Contrasena":""], STOP_ON_FAILURE): Call Test Case 'Test Cases/Individual_Tests/Login' successfully

2020-03-03 09:17:49 - [TEST_CASE][PASSED] - Test Cases/Individual_Tests/Login: Test Cases/Individual_Tests/Login

2020-03-03 09:17:49 - [TEST_STEP][PASSED] - print("Evento Seleccionado: " + Evento + "
"): null

2020-03-03 09:17:49 - [TEST_STEP][PASSED] - openBrowser(Web): Browser is opened with url: 'http://test.kaizendev.net/Login/Accesar?salir=true'

2020-03-03 09:17:49 - [MESSAGE][WARNING] - A browser is already opened. Closing browser and opening a new one

2020-03-03 09:17:50 - [MESSAGE][INFO] - Starting 'Chrome' driver

2020-03-03 09:18:02 - [MESSAGE][PASSED] - Browser is opened with url: 'http://test.kaizendev.net/Login/Accesar?salir=true'

2020-03-03 09:18:02 - [TEST_STEP][PASSED] - maximizeWindow(): Current window maximized

2020-03-03 09:18:03 - [MESSAGE][PASSED] - Current window maximized

2020-03-03 09:18:03 - [TEST_STEP][PASSED] - if (Evento == "Crear20"): null

2020-03-03 09:18:03 - [TEST_STEP][PASSED] - else if (Evento == "Crear40"): null

2020-03-03 09:18:03 - [TEST_STEP][PASSED] - else if (Evento == "Aprobar"): null

2020-03-03 09:18:03 - [TEST_STEP][PASSED] - else if (Evento == "Logistica"): null

2020-03-03 09:18:03 - [TEST_STEP][PASSED] - else if (Evento == "Produccion"): null

2020-03-03 09:18:03 - [TEST_STEP][PASSED] - else if (Evento == "Inventario"): null

2020-03-03 09:18:03 - [TEST_STEP][PASSED] - else if (Evento == "Despacho"): null

2020-03-03 09:18:03 - [TEST_STEP][PASSED] - else if (Evento == "ProductoAlmacen"): null

2020-03-03 09:18:03 - [TEST_STEP][PASSED] - else if (Evento == "MovimientoDeInventario"): Object: 'Object Repository/Page_Iniciar Sesion - KAIZEN/is_btn_ingresar_sistema' is clicked on

2020-03-03 09:18:03 - [TEST_STEP][PASSED] - data8 = obtener_excels.obtener_mov_inventario.getValuesExcelMovInventario(Index): obtener_excels.obtener_mov_inventario.getValuesExcelMovInventario is PASSED

2020-03-03 09:18:03 - [MESSAGE][PASSED] - obtener_excels.obtener_mov_inventario.getValuesExcelMovInventario is PASSED

2020-03-03 09:18:03 - [TEST_STEP][PASSED] - Usuario = data8[1]: null

2020-03-03 09:18:03 - [TEST_STEP][PASSED] - Contrasena = data8[2]: null

2020-03-03 09:18:03 - [TEST_STEP][PASSED] - setText(findTestObject("Page_Iniciar Sesion - KAIZEN/is_input_email"), Usuario): Text 'automated.test@grupokaizen.net' is set on object 'Object Repository/Page_Iniciar Sesion - KAIZEN/is_input_email'

2020-03-03 09:18:04 - [MESSAGE][PASSED] - Text 'automated.test@grupokaizen.net' is set on object 'Object Repository/Page_Iniciar Sesion - KAIZEN/is_input_email'

2020-03-03 09:18:04 - [TEST_STEP][PASSED] - setEncryptedText(findTestObject("Page_Iniciar Sesion - KAIZEN/IS_input_contrasena"), Contrasena): Text ****** has been set on object 'Object Repository/Page_Iniciar Sesion - KAIZEN/IS_input_contrasena'

2020-03-03 09:18:04 - [MESSAGE][PASSED] - Text ****** has been set on object 'Object Repository/Page_Iniciar Sesion - KAIZEN/IS_input_contrasena'

2020-03-03 09:18:04 - [TEST_STEP][PASSED] - click(findTestObject("Page_Iniciar Sesion - KAIZEN/is_btn_ingresar_sistema")): Object: 'Object Repository/Page_Iniciar Sesion - KAIZEN/is_btn_ingresar_sistema' is clicked on

2020-03-03 09:18:06 - [MESSAGE][PASSED] - Object: 'Object Repository/Page_Iniciar Sesion - KAIZEN/is_btn_ingresar_sistema' is clicked on

2020-03-03 09:18:06 - [MESSAGE][PASSED] - Call Test Case 'Test Cases/Individual_Tests/Login' successfully

2020-03-03 09:18:06 - [TEST_STEP][PASSED] - callTestCase(findTestCase("Individual_Tests/Seleccionar_Idioma"), ["Evento":"MovimientoDeInventario", "Index":Index], STOP_ON_FAILURE): Call Test Case 'Test Cases/Individual_Tests/Seleccionar_Idioma' successfully

2020-03-03 09:18:06 - [TEST_CASE][PASSED] - Test Cases/Individual_Tests/Seleccionar_Idioma: Test Cases/Individual_Tests/Seleccionar_Idioma

2020-03-03 09:18:06 - [TEST_STEP][PASSED] - Idioma = 0: null

2020-03-03 09:18:06 - [TEST_STEP][PASSED] - if (Evento == "Crear20"): null

2020-03-03 09:18:06 - [TEST_STEP][PASSED] - else if (Evento == "Crear40"): null

2020-03-03 09:18:06 - [TEST_STEP][PASSED] - else if (Evento == "Aprobar"): null

2020-03-03 09:18:06 - [TEST_STEP][PASSED] - else if (Evento == "Logistica"): null

2020-03-03 09:18:06 - [TEST_STEP][PASSED] - else if (Evento == "Produccion"): null

2020-03-03 09:18:06 - [TEST_STEP][PASSED] - else if (Evento == "Inventario"): null

2020-03-03 09:18:06 - [TEST_STEP][PASSED] - else if (Evento == "Despacho"): null

2020-03-03 09:18:06 - [TEST_STEP][PASSED] - else if (Evento == "ProductoAlmacen"): null

2020-03-03 09:18:06 - [TEST_STEP][PASSED] - else if (Evento == "MovimientoDeInventario"): null

2020-03-03 09:18:06 - [TEST_STEP][PASSED] - data7 = obtener_excels.obtener_mov_inventario.getValuesExcelMovInventario(Index): obtener_excels.obtener_mov_inventario.getValuesExcelMovInventario is PASSED

2020-03-03 09:18:06 - [MESSAGE][PASSED] - obtener_excels.obtener_mov_inventario.getValuesExcelMovInventario is PASSED

2020-03-03 09:18:06 - [TEST_STEP][PASSED] - Idioma = data7[0]: null

2020-03-03 09:18:06 - [TEST_STEP][PASSED] - click(findTestObject("Page_- KAIZEN/si_btn_idioma")): Object: 'Object Repository/Page_- KAIZEN/si_btn_idioma' is clicked on

2020-03-03 09:18:07 - [MESSAGE][PASSED] - Object: 'Object Repository/Page_- KAIZEN/si_btn_idioma' is clicked on

2020-03-03 09:18:07 - [TEST_STEP][PASSED] - if (Idioma == "0"): null

2020-03-03 09:18:07 - [TEST_STEP][PASSED] - else: Object: 'Object Repository/Page_- KAIZEN/si_Spanish' is clicked on

2020-03-03 09:18:07 - [TEST_STEP][PASSED] - click(findTestObject("Page_- KAIZEN/si_Spanish")): Object: 'Object Repository/Page_- KAIZEN/si_Spanish' is clicked on

2020-03-03 09:18:08 - [MESSAGE][PASSED] - Object: 'Object Repository/Page_- KAIZEN/si_Spanish' is clicked on

2020-03-03 09:18:08 - [MESSAGE][PASSED] - Call Test Case 'Test Cases/Individual_Tests/Seleccionar_Idioma' successfully

2020-03-03 09:18:08 - [TEST_STEP][FAILED] - callTestCase(findTestCase("Individual_Tests/Movimientos_Inventario"), ["Index":Index], STOP_ON_FAILURE): Unable to call Test Case 'Test Cases/Individual_Tests/Movimientos_Inventario' (Root cause: com.kms.katalon.core.exception.StepFailedException: Call Test Case 'Test Cases/Individual_Tests/Movimientos_Inventario' failed
	at com.kms.katalon.core.keyword.builtin.CallTestCaseKeyword$_callTestCase_closure1.doCall(CallTestCaseKeyword.groovy:63)
	at com.kms.katalon.core.keyword.builtin.CallTestCaseKeyword$_callTestCase_closure1.call(CallTestCaseKeyword.groovy)
	at com.kms.katalon.core.keyword.internal.KeywordMain.runKeyword(KeywordMain.groovy:68)
	at com.kms.katalon.core.keyword.builtin.CallTestCaseKeyword.callTestCase(CallTestCaseKeyword.groovy:81)
	at com.kms.katalon.core.keyword.builtin.CallTestCaseKeyword.execute(CallTestCaseKeyword.groovy:44)
	at com.kms.katalon.core.keyword.internal.KeywordExecutor.executeKeywordForPlatform(KeywordExecutor.groovy:72)
	at com.kms.katalon.core.keyword.BuiltinKeywords.callTestCase(BuiltinKeywords.groovy:334)
	at TC_Agregar_Movimiento_Inventario.run(TC_Agregar_Movimiento_Inventario:31)
	at com.kms.katalon.core.main.ScriptEngine.run(ScriptEngine.java:194)
	at com.kms.katalon.core.main.ScriptEngine.runScriptAsRawText(ScriptEngine.java:119)
	at com.kms.katalon.core.main.TestCaseExecutor.runScript(TestCaseExecutor.java:337)
	at com.kms.katalon.core.main.TestCaseExecutor.doExecute(TestCaseExecutor.java:328)
	at com.kms.katalon.core.main.TestCaseExecutor.processExecutionPhase(TestCaseExecutor.java:307)
	at com.kms.katalon.core.main.TestCaseExecutor.accessMainPhase(TestCaseExecutor.java:299)
	at com.kms.katalon.core.main.TestCaseExecutor.execute(TestCaseExecutor.java:233)
	at com.kms.katalon.core.main.TestSuiteExecutor.accessTestCaseMainPhase(TestSuiteExecutor.java:169)
	at com.kms.katalon.core.main.TestSuiteExecutor.accessTestSuiteMainPhase(TestSuiteExecutor.java:142)
	at com.kms.katalon.core.main.TestSuiteExecutor.execute(TestSuiteExecutor.java:91)
	at com.kms.katalon.core.main.TestCaseMain.startTestSuite(TestCaseMain.java:157)
	at com.kms.katalon.core.main.TestCaseMain$startTestSuite$0.call(Unknown Source)
	at TempTestSuite1583240437644.run(TempTestSuite1583240437644.groovy:36)
Caused by: com.kms.katalon.core.exception.StepFailedException: Unable to verify object 'Object Repository/Page_Index - KAIZEN/mi_btn_agregar' is present
	at com.kms.katalon.core.webui.keyword.internal.WebUIKeywordMain.stepFailed(WebUIKeywordMain.groovy:64)
	at com.kms.katalon.core.webui.keyword.internal.WebUIKeywordMain.runKeyword(WebUIKeywordMain.groovy:26)
	at com.kms.katalon.core.webui.keyword.builtin.VerifyElementPresentKeyword.verifyElementPresent(VerifyElementPresentKeyword.groovy:92)
	at com.kms.katalon.core.webui.keyword.builtin.VerifyElementPresentKeyword.execute(VerifyElementPresentKeyword.groovy:68)
	at com.kms.katalon.core.keyword.internal.KeywordExecutor.executeKeywordForPlatform(KeywordExecutor.groovy:72)
	at com.kms.katalon.core.webui.keyword.WebUiBuiltInKeywords.verifyElementPresent(WebUiBuiltInKeywords.groovy:1434)
	at com.kms.katalon.core.webui.keyword.WebUiBuiltInKeywords$verifyElementPresent$9.call(Unknown Source)
	at Movimientos_Inventario.run(Movimientos_Inventario:83)
	at com.kms.katalon.core.main.ScriptEngine.run(ScriptEngine.java:194)
	at com.kms.katalon.core.main.ScriptEngine.runScriptAsRawText(ScriptEngine.java:119)
	at com.kms.katalon.core.main.TestCaseExecutor.runScript(TestCaseExecutor.java:337)
	at com.kms.katalon.core.main.TestCaseExecutor.doExecute(TestCaseExecutor.java:328)
	at com.kms.katalon.core.main.TestCaseExecutor.processExecutionPhase(TestCaseExecutor.java:307)
	at com.kms.katalon.core.main.TestCaseExecutor.accessMainPhase(TestCaseExecutor.java:299)
	at com.kms.katalon.core.main.TestCaseExecutor.execute(TestCaseExecutor.java:233)
	at com.kms.katalon.core.main.TestCaseMain.runTestCase(TestCaseMain.java:114)
	at com.kms.katalon.core.keyword.builtin.CallTestCaseKeyword$_callTestCase_closure1.doCall(CallTestCaseKeyword.groovy:59)
	... 20 more
Caused by: com.kms.katalon.core.exception.StepFailedException: com.kms.katalon.core.webui.exception.WebElementNotFoundException: Web element with id: 'Object Repository/Page_Index - KAIZEN/mi_btn_agregar' located by 'By.xpath: //div[@id='page-wrapper']/div/div/div/a' not found
	at com.kms.katalon.core.webui.keyword.internal.WebUIKeywordMain.stepFailed(WebUIKeywordMain.groovy:64)
	at com.kms.katalon.core.webui.keyword.builtin.VerifyElementPresentKeyword$_verifyElementPresent_closure1.doCall(VerifyElementPresentKeyword.groovy:85)
	at com.kms.katalon.core.webui.keyword.builtin.VerifyElementPresentKeyword$_verifyElementPresent_closure1.call(VerifyElementPresentKeyword.groovy)
	at com.kms.katalon.core.webui.keyword.internal.WebUIKeywordMain.runKeyword(WebUIKeywordMain.groovy:20)
	... 35 more
)

2020-03-03 09:18:08 - [TEST_CASE][FAILED] - Test Cases/Individual_Tests/Movimientos_Inventario: Test Cases/Individual_Tests/Movimientos_Inventario FAILED.
Reason:
com.kms.katalon.core.exception.StepFailedException: Unable to verify object 'Object Repository/Page_Index - KAIZEN/mi_btn_agregar' is present
	at com.kms.katalon.core.webui.keyword.internal.WebUIKeywordMain.stepFailed(WebUIKeywordMain.groovy:64)
	at com.kms.katalon.core.webui.keyword.internal.WebUIKeywordMain.runKeyword(WebUIKeywordMain.groovy:26)
	at com.kms.katalon.core.webui.keyword.builtin.VerifyElementPresentKeyword.verifyElementPresent(VerifyElementPresentKeyword.groovy:92)
	at com.kms.katalon.core.webui.keyword.builtin.VerifyElementPresentKeyword.execute(VerifyElementPresentKeyword.groovy:68)
	at com.kms.katalon.core.keyword.internal.KeywordExecutor.executeKeywordForPlatform(KeywordExecutor.groovy:72)
	at com.kms.katalon.core.webui.keyword.WebUiBuiltInKeywords.verifyElementPresent(WebUiBuiltInKeywords.groovy:1434)
	at com.kms.katalon.core.webui.keyword.WebUiBuiltInKeywords$verifyElementPresent$9.call(Unknown Source)
	at Movimientos_Inventario.run(Movimientos_Inventario:83)
	at com.kms.katalon.core.main.ScriptEngine.run(ScriptEngine.java:194)
	at com.kms.katalon.core.main.ScriptEngine.runScriptAsRawText(ScriptEngine.java:119)
	at com.kms.katalon.core.main.TestCaseExecutor.runScript(TestCaseExecutor.java:337)
	at com.kms.katalon.core.main.TestCaseExecutor.doExecute(TestCaseExecutor.java:328)
	at com.kms.katalon.core.main.TestCaseExecutor.processExecutionPhase(TestCaseExecutor.java:307)
	at com.kms.katalon.core.main.TestCaseExecutor.accessMainPhase(TestCaseExecutor.java:299)
	at com.kms.katalon.core.main.TestCaseExecutor.execute(TestCaseExecutor.java:233)
	at com.kms.katalon.core.main.TestCaseMain.runTestCase(TestCaseMain.java:114)
	at com.kms.katalon.core.keyword.builtin.CallTestCaseKeyword$_callTestCase_closure1.doCall(CallTestCaseKeyword.groovy:59)
	at com.kms.katalon.core.keyword.builtin.CallTestCaseKeyword$_callTestCase_closure1.call(CallTestCaseKeyword.groovy)
	at com.kms.katalon.core.keyword.internal.KeywordMain.runKeyword(KeywordMain.groovy:68)
	at com.kms.katalon.core.keyword.builtin.CallTestCaseKeyword.callTestCase(CallTestCaseKeyword.groovy:81)
	at com.kms.katalon.core.keyword.builtin.CallTestCaseKeyword.execute(CallTestCaseKeyword.groovy:44)
	at com.kms.katalon.core.keyword.internal.KeywordExecutor.executeKeywordForPlatform(KeywordExecutor.groovy:72)
	at com.kms.katalon.core.keyword.BuiltinKeywords.callTestCase(BuiltinKeywords.groovy:334)
	at TC_Agregar_Movimiento_Inventario.run(TC_Agregar_Movimiento_Inventario:31)
	at com.kms.katalon.core.main.ScriptEngine.run(ScriptEngine.java:194)
	at com.kms.katalon.core.main.ScriptEngine.runScriptAsRawText(ScriptEngine.java:119)
	at com.kms.katalon.core.main.TestCaseExecutor.runScript(TestCaseExecutor.java:337)
	at com.kms.katalon.core.main.TestCaseExecutor.doExecute(TestCaseExecutor.java:328)
	at com.kms.katalon.core.main.TestCaseExecutor.processExecutionPhase(TestCaseExecutor.java:307)
	at com.kms.katalon.core.main.TestCaseExecutor.accessMainPhase(TestCaseExecutor.java:299)
	at com.kms.katalon.core.main.TestCaseExecutor.execute(TestCaseExecutor.java:233)
	at com.kms.katalon.core.main.TestSuiteExecutor.accessTestCaseMainPhase(TestSuiteExecutor.java:169)
	at com.kms.katalon.core.main.TestSuiteExecutor.accessTestSuiteMainPhase(TestSuiteExecutor.java:142)
	at com.kms.katalon.core.main.TestSuiteExecutor.execute(TestSuiteExecutor.java:91)
	at com.kms.katalon.core.main.TestCaseMain.startTestSuite(TestCaseMain.java:157)
	at com.kms.katalon.core.main.TestCaseMain$startTestSuite$0.call(Unknown Source)
	at TempTestSuite1583240437644.run(TempTestSuite1583240437644.groovy:36)
Caused by: com.kms.katalon.core.exception.StepFailedException: com.kms.katalon.core.webui.exception.WebElementNotFoundException: Web element with id: 'Object Repository/Page_Index - KAIZEN/mi_btn_agregar' located by 'By.xpath: //div[@id='page-wrapper']/div/div/div/a' not found
	at com.kms.katalon.core.webui.keyword.internal.WebUIKeywordMain.stepFailed(WebUIKeywordMain.groovy:64)
	at com.kms.katalon.core.webui.keyword.builtin.VerifyElementPresentKeyword$_verifyElementPresent_closure1.doCall(VerifyElementPresentKeyword.groovy:85)
	at com.kms.katalon.core.webui.keyword.builtin.VerifyElementPresentKeyword$_verifyElementPresent_closure1.call(VerifyElementPresentKeyword.groovy)
	at com.kms.katalon.core.webui.keyword.internal.WebUIKeywordMain.runKeyword(WebUIKeywordMain.groovy:20)
	... 35 more


2020-03-03 09:18:08 - [TEST_STEP][PASSED] - data = obtener_excels.obtener_mov_inventario.getValuesExcelMovInventario(Index): obtener_excels.obtener_mov_inventario.getValuesExcelMovInventario is PASSED

2020-03-03 09:18:08 - [MESSAGE][PASSED] - obtener_excels.obtener_mov_inventario.getValuesExcelMovInventario is PASSED

2020-03-03 09:18:08 - [TEST_STEP][PASSED] - concepto = data[3]: null

2020-03-03 09:18:08 - [TEST_STEP][PASSED] - motivo = data[4]: null

2020-03-03 09:18:08 - [TEST_STEP][PASSED] - codProducto = data[5]: null

2020-03-03 09:18:08 - [TEST_STEP][PASSED] - IdAlmacen1 = data[9]: null

2020-03-03 09:18:08 - [TEST_STEP][PASSED] - IdAlmacen2 = data[11]: null

2020-03-03 09:18:08 - [TEST_STEP][PASSED] - cantidad = data[13]: null

2020-03-03 09:18:08 - [TEST_STEP][PASSED] - click(findTestObject("Object Repository/Page_- KAIZEN/mi_menu_Pedidos")): Object: 'Object Repository/Page_- KAIZEN/mi_menu_Pedidos' is clicked on

2020-03-03 09:18:10 - [MESSAGE][PASSED] - Object: 'Object Repository/Page_- KAIZEN/mi_menu_Pedidos' is clicked on

2020-03-03 09:18:10 - [TEST_STEP][PASSED] - click(findTestObject("Object Repository/Page_- KAIZEN/mi_menu_Inventario")): Object: 'Object Repository/Page_- KAIZEN/mi_menu_Inventario' is clicked on

2020-03-03 09:18:10 - [MESSAGE][PASSED] - Object: 'Object Repository/Page_- KAIZEN/mi_menu_Inventario' is clicked on

2020-03-03 09:18:10 - [TEST_STEP][PASSED] - click(findTestObject("Object Repository/Page_- KAIZEN/mi_menu_Movimientos")): Object: 'Object Repository/Page_- KAIZEN/mi_menu_Movimientos' is clicked on

2020-03-03 09:18:12 - [MESSAGE][PASSED] - Object: 'Object Repository/Page_- KAIZEN/mi_menu_Movimientos' is clicked on

2020-03-03 09:18:12 - [TEST_STEP][PASSED] - click(findTestObject("Object Repository/Page_Index - KAIZEN/mi_btn_agregar")): Object: 'Object Repository/Page_Index - KAIZEN/mi_btn_agregar' is clicked on

2020-03-03 09:18:16 - [MESSAGE][PASSED] - Object: 'Object Repository/Page_Index - KAIZEN/mi_btn_agregar' is clicked on

2020-03-03 09:18:16 - [TEST_STEP][PASSED] - selectOptionByValue(findTestObject("Object Repository/Page_Create - KAIZEN/mi_select_concepto"), concepto, true): All options with value 'TransferenciaDeMercancias' are selected in object 'Object Repository/Page_Create - KAIZEN/mi_select_concepto'  using regular expression

2020-03-03 09:18:18 - [MESSAGE][PASSED] - All options with value 'TransferenciaDeMercancias' are selected in object 'Object Repository/Page_Create - KAIZEN/mi_select_concepto'  using regular expression

2020-03-03 09:18:18 - [TEST_STEP][PASSED] - selectOptionByValue(findTestObject("Object Repository/Page_Create - KAIZEN/mi_select_motivo"), motivo, true): All options with value 'Fabricacion' are selected in object 'Object Repository/Page_Create - KAIZEN/mi_select_motivo'  using regular expression

2020-03-03 09:18:19 - [MESSAGE][PASSED] - All options with value 'Fabricacion' are selected in object 'Object Repository/Page_Create - KAIZEN/mi_select_motivo'  using regular expression

2020-03-03 09:18:19 - [TEST_STEP][PASSED] - click(findTestObject("Object Repository/Page_Create - KAIZEN/mi_select_buscar_Producto")): Object: 'Object Repository/Page_Create - KAIZEN/mi_select_buscar_Producto' is clicked on

2020-03-03 09:18:20 - [MESSAGE][PASSED] - Object: 'Object Repository/Page_Create - KAIZEN/mi_select_buscar_Producto' is clicked on

2020-03-03 09:18:20 - [TEST_STEP][PASSED] - setText(findTestObject("Object Repository/Page_Create - KAIZEN/mi_assing_producto"), codProducto): Text '9440-404-384' is set on object 'Object Repository/Page_Create - KAIZEN/mi_assing_producto'

2020-03-03 09:18:21 - [MESSAGE][PASSED] - Text '9440-404-384' is set on object 'Object Repository/Page_Create - KAIZEN/mi_assing_producto'

2020-03-03 09:18:21 - [TEST_STEP][PASSED] - sendKeys(findTestObject("Object Repository/Page_Create - KAIZEN/mi_assing_producto"), Keys.chord(ENTER)): Keys 'ENTER + ' sent to object: 'Object Repository/Page_Create - KAIZEN/mi_assing_producto'

2020-03-03 09:18:21 - [MESSAGE][PASSED] - Keys 'ENTER + ' sent to object: 'Object Repository/Page_Create - KAIZEN/mi_assing_producto'

2020-03-03 09:18:21 - [TEST_STEP][PASSED] - setText(findTestObject("Object Repository/Page_Create - KAIZEN/mi_assing_cantidad"), cantidad): Text '0' is set on object 'Object Repository/Page_Create - KAIZEN/mi_assing_cantidad'

2020-03-03 09:18:22 - [MESSAGE][PASSED] - Text '0' is set on object 'Object Repository/Page_Create - KAIZEN/mi_assing_cantidad'

2020-03-03 09:18:22 - [TEST_STEP][PASSED] - sendKeys(findTestObject("Object Repository/Page_Create - KAIZEN/mi_assing_cantidad"), Keys.chord(ENTER)): Keys 'ENTER + ' sent to object: 'Object Repository/Page_Create - KAIZEN/mi_assing_cantidad'

2020-03-03 09:18:22 - [MESSAGE][PASSED] - Keys 'ENTER + ' sent to object: 'Object Repository/Page_Create - KAIZEN/mi_assing_cantidad'

2020-03-03 09:18:22 - [TEST_STEP][PASSED] - delay(5): Delayed 5 second(s)

2020-03-03 09:18:27 - [MESSAGE][PASSED] - Delayed 5 second(s)

2020-03-03 09:18:27 - [TEST_STEP][PASSED] - modal = executeJavaScript("return document.querySelector('.swal2-popup');", null): Execute JavaScript 'return document.querySelector('.swal2-popup');' successfully

2020-03-03 09:18:27 - [MESSAGE][PASSED] - Execute JavaScript 'return document.querySelector('.swal2-popup');' successfully

2020-03-03 09:18:27 - [TEST_STEP][FAILED] - if (modal == null): Unable to verify object 'Object Repository/Page_Index - KAIZEN/mi_btn_agregar' is present (Root cause: com.kms.katalon.core.exception.StepFailedException: Unable to verify object 'Object Repository/Page_Index - KAIZEN/mi_btn_agregar' is present
	at com.kms.katalon.core.webui.keyword.internal.WebUIKeywordMain.stepFailed(WebUIKeywordMain.groovy:64)
	at com.kms.katalon.core.webui.keyword.internal.WebUIKeywordMain.runKeyword(WebUIKeywordMain.groovy:26)
	at com.kms.katalon.core.webui.keyword.builtin.VerifyElementPresentKeyword.verifyElementPresent(VerifyElementPresentKeyword.groovy:92)
	at com.kms.katalon.core.webui.keyword.builtin.VerifyElementPresentKeyword.execute(VerifyElementPresentKeyword.groovy:68)
	at com.kms.katalon.core.keyword.internal.KeywordExecutor.executeKeywordForPlatform(KeywordExecutor.groovy:72)
	at com.kms.katalon.core.webui.keyword.WebUiBuiltInKeywords.verifyElementPresent(WebUiBuiltInKeywords.groovy:1434)
	at com.kms.katalon.core.webui.keyword.WebUiBuiltInKeywords$verifyElementPresent$9.call(Unknown Source)
	at Movimientos_Inventario.run(Movimientos_Inventario:83)
	at com.kms.katalon.core.main.ScriptEngine.run(ScriptEngine.java:194)
	at com.kms.katalon.core.main.ScriptEngine.runScriptAsRawText(ScriptEngine.java:119)
	at com.kms.katalon.core.main.TestCaseExecutor.runScript(TestCaseExecutor.java:337)
	at com.kms.katalon.core.main.TestCaseExecutor.doExecute(TestCaseExecutor.java:328)
	at com.kms.katalon.core.main.TestCaseExecutor.processExecutionPhase(TestCaseExecutor.java:307)
	at com.kms.katalon.core.main.TestCaseExecutor.accessMainPhase(TestCaseExecutor.java:299)
	at com.kms.katalon.core.main.TestCaseExecutor.execute(TestCaseExecutor.java:233)
	at com.kms.katalon.core.main.TestCaseMain.runTestCase(TestCaseMain.java:114)
	at com.kms.katalon.core.keyword.builtin.CallTestCaseKeyword$_callTestCase_closure1.doCall(CallTestCaseKeyword.groovy:59)
	at com.kms.katalon.core.keyword.builtin.CallTestCaseKeyword$_callTestCase_closure1.call(CallTestCaseKeyword.groovy)
	at com.kms.katalon.core.keyword.internal.KeywordMain.runKeyword(KeywordMain.groovy:68)
	at com.kms.katalon.core.keyword.builtin.CallTestCaseKeyword.callTestCase(CallTestCaseKeyword.groovy:81)
	at com.kms.katalon.core.keyword.builtin.CallTestCaseKeyword.execute(CallTestCaseKeyword.groovy:44)
	at com.kms.katalon.core.keyword.internal.KeywordExecutor.executeKeywordForPlatform(KeywordExecutor.groovy:72)
	at com.kms.katalon.core.keyword.BuiltinKeywords.callTestCase(BuiltinKeywords.groovy:334)
	at TC_Agregar_Movimiento_Inventario.run(TC_Agregar_Movimiento_Inventario:31)
	at com.kms.katalon.core.main.ScriptEngine.run(ScriptEngine.java:194)
	at com.kms.katalon.core.main.ScriptEngine.runScriptAsRawText(ScriptEngine.java:119)
	at com.kms.katalon.core.main.TestCaseExecutor.runScript(TestCaseExecutor.java:337)
	at com.kms.katalon.core.main.TestCaseExecutor.doExecute(TestCaseExecutor.java:328)
	at com.kms.katalon.core.main.TestCaseExecutor.processExecutionPhase(TestCaseExecutor.java:307)
	at com.kms.katalon.core.main.TestCaseExecutor.accessMainPhase(TestCaseExecutor.java:299)
	at com.kms.katalon.core.main.TestCaseExecutor.execute(TestCaseExecutor.java:233)
	at com.kms.katalon.core.main.TestSuiteExecutor.accessTestCaseMainPhase(TestSuiteExecutor.java:169)
	at com.kms.katalon.core.main.TestSuiteExecutor.accessTestSuiteMainPhase(TestSuiteExecutor.java:142)
	at com.kms.katalon.core.main.TestSuiteExecutor.execute(TestSuiteExecutor.java:91)
	at com.kms.katalon.core.main.TestCaseMain.startTestSuite(TestCaseMain.java:157)
	at com.kms.katalon.core.main.TestCaseMain$startTestSuite$0.call(Unknown Source)
	at TempTestSuite1583240437644.run(TempTestSuite1583240437644.groovy:36)
Caused by: com.kms.katalon.core.exception.StepFailedException: com.kms.katalon.core.webui.exception.WebElementNotFoundException: Web element with id: 'Object Repository/Page_Index - KAIZEN/mi_btn_agregar' located by 'By.xpath: //div[@id='page-wrapper']/div/div/div/a' not found
	at com.kms.katalon.core.webui.keyword.internal.WebUIKeywordMain.stepFailed(WebUIKeywordMain.groovy:64)
	at com.kms.katalon.core.webui.keyword.builtin.VerifyElementPresentKeyword$_verifyElementPresent_closure1.doCall(VerifyElementPresentKeyword.groovy:85)
	at com.kms.katalon.core.webui.keyword.builtin.VerifyElementPresentKeyword$_verifyElementPresent_closure1.call(VerifyElementPresentKeyword.groovy)
	at com.kms.katalon.core.webui.keyword.internal.WebUIKeywordMain.runKeyword(WebUIKeywordMain.groovy:20)
	... 35 more
)

2020-03-03 09:18:27 - [TEST_STEP][PASSED] - print(modal): null

2020-03-03 09:18:27 - [TEST_STEP][PASSED] - if (motivo == "EntradaPorFabricacion"): null

2020-03-03 09:18:27 - [TEST_STEP][FAILED] - else: Unable to verify object 'Object Repository/Page_Index - KAIZEN/mi_btn_agregar' is present (Root cause: com.kms.katalon.core.exception.StepFailedException: Unable to verify object 'Object Repository/Page_Index - KAIZEN/mi_btn_agregar' is present
	at com.kms.katalon.core.webui.keyword.internal.WebUIKeywordMain.stepFailed(WebUIKeywordMain.groovy:64)
	at com.kms.katalon.core.webui.keyword.internal.WebUIKeywordMain.runKeyword(WebUIKeywordMain.groovy:26)
	at com.kms.katalon.core.webui.keyword.builtin.VerifyElementPresentKeyword.verifyElementPresent(VerifyElementPresentKeyword.groovy:92)
	at com.kms.katalon.core.webui.keyword.builtin.VerifyElementPresentKeyword.execute(VerifyElementPresentKeyword.groovy:68)
	at com.kms.katalon.core.keyword.internal.KeywordExecutor.executeKeywordForPlatform(KeywordExecutor.groovy:72)
	at com.kms.katalon.core.webui.keyword.WebUiBuiltInKeywords.verifyElementPresent(WebUiBuiltInKeywords.groovy:1434)
	at com.kms.katalon.core.webui.keyword.WebUiBuiltInKeywords$verifyElementPresent$9.call(Unknown Source)
	at Movimientos_Inventario.run(Movimientos_Inventario:83)
	at com.kms.katalon.core.main.ScriptEngine.run(ScriptEngine.java:194)
	at com.kms.katalon.core.main.ScriptEngine.runScriptAsRawText(ScriptEngine.java:119)
	at com.kms.katalon.core.main.TestCaseExecutor.runScript(TestCaseExecutor.java:337)
	at com.kms.katalon.core.main.TestCaseExecutor.doExecute(TestCaseExecutor.java:328)
	at com.kms.katalon.core.main.TestCaseExecutor.processExecutionPhase(TestCaseExecutor.java:307)
	at com.kms.katalon.core.main.TestCaseExecutor.accessMainPhase(TestCaseExecutor.java:299)
	at com.kms.katalon.core.main.TestCaseExecutor.execute(TestCaseExecutor.java:233)
	at com.kms.katalon.core.main.TestCaseMain.runTestCase(TestCaseMain.java:114)
	at com.kms.katalon.core.keyword.builtin.CallTestCaseKeyword$_callTestCase_closure1.doCall(CallTestCaseKeyword.groovy:59)
	at com.kms.katalon.core.keyword.builtin.CallTestCaseKeyword$_callTestCase_closure1.call(CallTestCaseKeyword.groovy)
	at com.kms.katalon.core.keyword.internal.KeywordMain.runKeyword(KeywordMain.groovy:68)
	at com.kms.katalon.core.keyword.builtin.CallTestCaseKeyword.callTestCase(CallTestCaseKeyword.groovy:81)
	at com.kms.katalon.core.keyword.builtin.CallTestCaseKeyword.execute(CallTestCaseKeyword.groovy:44)
	at com.kms.katalon.core.keyword.internal.KeywordExecutor.executeKeywordForPlatform(KeywordExecutor.groovy:72)
	at com.kms.katalon.core.keyword.BuiltinKeywords.callTestCase(BuiltinKeywords.groovy:334)
	at TC_Agregar_Movimiento_Inventario.run(TC_Agregar_Movimiento_Inventario:31)
	at com.kms.katalon.core.main.ScriptEngine.run(ScriptEngine.java:194)
	at com.kms.katalon.core.main.ScriptEngine.runScriptAsRawText(ScriptEngine.java:119)
	at com.kms.katalon.core.main.TestCaseExecutor.runScript(TestCaseExecutor.java:337)
	at com.kms.katalon.core.main.TestCaseExecutor.doExecute(TestCaseExecutor.java:328)
	at com.kms.katalon.core.main.TestCaseExecutor.processExecutionPhase(TestCaseExecutor.java:307)
	at com.kms.katalon.core.main.TestCaseExecutor.accessMainPhase(TestCaseExecutor.java:299)
	at com.kms.katalon.core.main.TestCaseExecutor.execute(TestCaseExecutor.java:233)
	at com.kms.katalon.core.main.TestSuiteExecutor.accessTestCaseMainPhase(TestSuiteExecutor.java:169)
	at com.kms.katalon.core.main.TestSuiteExecutor.accessTestSuiteMainPhase(TestSuiteExecutor.java:142)
	at com.kms.katalon.core.main.TestSuiteExecutor.execute(TestSuiteExecutor.java:91)
	at com.kms.katalon.core.main.TestCaseMain.startTestSuite(TestCaseMain.java:157)
	at com.kms.katalon.core.main.TestCaseMain$startTestSuite$0.call(Unknown Source)
	at TempTestSuite1583240437644.run(TempTestSuite1583240437644.groovy:36)
Caused by: com.kms.katalon.core.exception.StepFailedException: com.kms.katalon.core.webui.exception.WebElementNotFoundException: Web element with id: 'Object Repository/Page_Index - KAIZEN/mi_btn_agregar' located by 'By.xpath: //div[@id='page-wrapper']/div/div/div/a' not found
	at com.kms.katalon.core.webui.keyword.internal.WebUIKeywordMain.stepFailed(WebUIKeywordMain.groovy:64)
	at com.kms.katalon.core.webui.keyword.builtin.VerifyElementPresentKeyword$_verifyElementPresent_closure1.doCall(VerifyElementPresentKeyword.groovy:85)
	at com.kms.katalon.core.webui.keyword.builtin.VerifyElementPresentKeyword$_verifyElementPresent_closure1.call(VerifyElementPresentKeyword.groovy)
	at com.kms.katalon.core.webui.keyword.internal.WebUIKeywordMain.runKeyword(WebUIKeywordMain.groovy:20)
	... 35 more
)

2020-03-03 09:18:27 - [TEST_STEP][PASSED] - selectOptionByValue(findTestObject("Object Repository/Page_Create - KAIZEN/mi_assing_almacen1"), IdAlmacen1, true): All options with value '6' are selected in object 'Object Repository/Page_Create - KAIZEN/mi_assing_almacen1'  using regular expression

2020-03-03 09:18:28 - [MESSAGE][PASSED] - All options with value '6' are selected in object 'Object Repository/Page_Create - KAIZEN/mi_assing_almacen1'  using regular expression

2020-03-03 09:18:28 - [TEST_STEP][FAILED] - if (concepto == "TransferenciaDeMercancias"): Unable to verify object 'Object Repository/Page_Index - KAIZEN/mi_btn_agregar' is present (Root cause: com.kms.katalon.core.exception.StepFailedException: Unable to verify object 'Object Repository/Page_Index - KAIZEN/mi_btn_agregar' is present
	at com.kms.katalon.core.webui.keyword.internal.WebUIKeywordMain.stepFailed(WebUIKeywordMain.groovy:64)
	at com.kms.katalon.core.webui.keyword.internal.WebUIKeywordMain.runKeyword(WebUIKeywordMain.groovy:26)
	at com.kms.katalon.core.webui.keyword.builtin.VerifyElementPresentKeyword.verifyElementPresent(VerifyElementPresentKeyword.groovy:92)
	at com.kms.katalon.core.webui.keyword.builtin.VerifyElementPresentKeyword.execute(VerifyElementPresentKeyword.groovy:68)
	at com.kms.katalon.core.keyword.internal.KeywordExecutor.executeKeywordForPlatform(KeywordExecutor.groovy:72)
	at com.kms.katalon.core.webui.keyword.WebUiBuiltInKeywords.verifyElementPresent(WebUiBuiltInKeywords.groovy:1434)
	at com.kms.katalon.core.webui.keyword.WebUiBuiltInKeywords$verifyElementPresent$9.call(Unknown Source)
	at Movimientos_Inventario.run(Movimientos_Inventario:83)
	at com.kms.katalon.core.main.ScriptEngine.run(ScriptEngine.java:194)
	at com.kms.katalon.core.main.ScriptEngine.runScriptAsRawText(ScriptEngine.java:119)
	at com.kms.katalon.core.main.TestCaseExecutor.runScript(TestCaseExecutor.java:337)
	at com.kms.katalon.core.main.TestCaseExecutor.doExecute(TestCaseExecutor.java:328)
	at com.kms.katalon.core.main.TestCaseExecutor.processExecutionPhase(TestCaseExecutor.java:307)
	at com.kms.katalon.core.main.TestCaseExecutor.accessMainPhase(TestCaseExecutor.java:299)
	at com.kms.katalon.core.main.TestCaseExecutor.execute(TestCaseExecutor.java:233)
	at com.kms.katalon.core.main.TestCaseMain.runTestCase(TestCaseMain.java:114)
	at com.kms.katalon.core.keyword.builtin.CallTestCaseKeyword$_callTestCase_closure1.doCall(CallTestCaseKeyword.groovy:59)
	at com.kms.katalon.core.keyword.builtin.CallTestCaseKeyword$_callTestCase_closure1.call(CallTestCaseKeyword.groovy)
	at com.kms.katalon.core.keyword.internal.KeywordMain.runKeyword(KeywordMain.groovy:68)
	at com.kms.katalon.core.keyword.builtin.CallTestCaseKeyword.callTestCase(CallTestCaseKeyword.groovy:81)
	at com.kms.katalon.core.keyword.builtin.CallTestCaseKeyword.execute(CallTestCaseKeyword.groovy:44)
	at com.kms.katalon.core.keyword.internal.KeywordExecutor.executeKeywordForPlatform(KeywordExecutor.groovy:72)
	at com.kms.katalon.core.keyword.BuiltinKeywords.callTestCase(BuiltinKeywords.groovy:334)
	at TC_Agregar_Movimiento_Inventario.run(TC_Agregar_Movimiento_Inventario:31)
	at com.kms.katalon.core.main.ScriptEngine.run(ScriptEngine.java:194)
	at com.kms.katalon.core.main.ScriptEngine.runScriptAsRawText(ScriptEngine.java:119)
	at com.kms.katalon.core.main.TestCaseExecutor.runScript(TestCaseExecutor.java:337)
	at com.kms.katalon.core.main.TestCaseExecutor.doExecute(TestCaseExecutor.java:328)
	at com.kms.katalon.core.main.TestCaseExecutor.processExecutionPhase(TestCaseExecutor.java:307)
	at com.kms.katalon.core.main.TestCaseExecutor.accessMainPhase(TestCaseExecutor.java:299)
	at com.kms.katalon.core.main.TestCaseExecutor.execute(TestCaseExecutor.java:233)
	at com.kms.katalon.core.main.TestSuiteExecutor.accessTestCaseMainPhase(TestSuiteExecutor.java:169)
	at com.kms.katalon.core.main.TestSuiteExecutor.accessTestSuiteMainPhase(TestSuiteExecutor.java:142)
	at com.kms.katalon.core.main.TestSuiteExecutor.execute(TestSuiteExecutor.java:91)
	at com.kms.katalon.core.main.TestCaseMain.startTestSuite(TestCaseMain.java:157)
	at com.kms.katalon.core.main.TestCaseMain$startTestSuite$0.call(Unknown Source)
	at TempTestSuite1583240437644.run(TempTestSuite1583240437644.groovy:36)
Caused by: com.kms.katalon.core.exception.StepFailedException: com.kms.katalon.core.webui.exception.WebElementNotFoundException: Web element with id: 'Object Repository/Page_Index - KAIZEN/mi_btn_agregar' located by 'By.xpath: //div[@id='page-wrapper']/div/div/div/a' not found
	at com.kms.katalon.core.webui.keyword.internal.WebUIKeywordMain.stepFailed(WebUIKeywordMain.groovy:64)
	at com.kms.katalon.core.webui.keyword.builtin.VerifyElementPresentKeyword$_verifyElementPresent_closure1.doCall(VerifyElementPresentKeyword.groovy:85)
	at com.kms.katalon.core.webui.keyword.builtin.VerifyElementPresentKeyword$_verifyElementPresent_closure1.call(VerifyElementPresentKeyword.groovy)
	at com.kms.katalon.core.webui.keyword.internal.WebUIKeywordMain.runKeyword(WebUIKeywordMain.groovy:20)
	... 35 more
)

2020-03-03 09:18:28 - [TEST_STEP][PASSED] - selectOptionByValue(findTestObject("Object Repository/Page_Create - KAIZEN/mi_assing_almacen2"), IdAlmacen2, true): All options with value '1' are selected in object 'Object Repository/Page_Create - KAIZEN/mi_assing_almacen2'  using regular expression

2020-03-03 09:18:30 - [MESSAGE][PASSED] - All options with value '1' are selected in object 'Object Repository/Page_Create - KAIZEN/mi_assing_almacen2'  using regular expression

2020-03-03 09:18:30 - [TEST_STEP][PASSED] - click(findTestObject("Object Repository/Page_Create - KAIZEN/mi_btn_Guardar")): Object: 'Object Repository/Page_Create - KAIZEN/mi_btn_Guardar' is clicked on

2020-03-03 09:18:30 - [MESSAGE][PASSED] - Object: 'Object Repository/Page_Create - KAIZEN/mi_btn_Guardar' is clicked on

2020-03-03 09:18:30 - [TEST_STEP][FAILED] - verifyElementPresent(findTestObject("Object Repository/Page_Index - KAIZEN/mi_btn_agregar"), 5): Unable to verify object 'Object Repository/Page_Index - KAIZEN/mi_btn_agregar' is present (Root cause: com.kms.katalon.core.exception.StepFailedException: Unable to verify object 'Object Repository/Page_Index - KAIZEN/mi_btn_agregar' is present
	at com.kms.katalon.core.webui.keyword.internal.WebUIKeywordMain.stepFailed(WebUIKeywordMain.groovy:64)
	at com.kms.katalon.core.webui.keyword.internal.WebUIKeywordMain.runKeyword(WebUIKeywordMain.groovy:26)
	at com.kms.katalon.core.webui.keyword.builtin.VerifyElementPresentKeyword.verifyElementPresent(VerifyElementPresentKeyword.groovy:92)
	at com.kms.katalon.core.webui.keyword.builtin.VerifyElementPresentKeyword.execute(VerifyElementPresentKeyword.groovy:68)
	at com.kms.katalon.core.keyword.internal.KeywordExecutor.executeKeywordForPlatform(KeywordExecutor.groovy:72)
	at com.kms.katalon.core.webui.keyword.WebUiBuiltInKeywords.verifyElementPresent(WebUiBuiltInKeywords.groovy:1434)
	at com.kms.katalon.core.webui.keyword.WebUiBuiltInKeywords$verifyElementPresent$9.call(Unknown Source)
	at Movimientos_Inventario.run(Movimientos_Inventario:83)
	at com.kms.katalon.core.main.ScriptEngine.run(ScriptEngine.java:194)
	at com.kms.katalon.core.main.ScriptEngine.runScriptAsRawText(ScriptEngine.java:119)
	at com.kms.katalon.core.main.TestCaseExecutor.runScript(TestCaseExecutor.java:337)
	at com.kms.katalon.core.main.TestCaseExecutor.doExecute(TestCaseExecutor.java:328)
	at com.kms.katalon.core.main.TestCaseExecutor.processExecutionPhase(TestCaseExecutor.java:307)
	at com.kms.katalon.core.main.TestCaseExecutor.accessMainPhase(TestCaseExecutor.java:299)
	at com.kms.katalon.core.main.TestCaseExecutor.execute(TestCaseExecutor.java:233)
	at com.kms.katalon.core.main.TestCaseMain.runTestCase(TestCaseMain.java:114)
	at com.kms.katalon.core.keyword.builtin.CallTestCaseKeyword$_callTestCase_closure1.doCall(CallTestCaseKeyword.groovy:59)
	at com.kms.katalon.core.keyword.builtin.CallTestCaseKeyword$_callTestCase_closure1.call(CallTestCaseKeyword.groovy)
	at com.kms.katalon.core.keyword.internal.KeywordMain.runKeyword(KeywordMain.groovy:68)
	at com.kms.katalon.core.keyword.builtin.CallTestCaseKeyword.callTestCase(CallTestCaseKeyword.groovy:81)
	at com.kms.katalon.core.keyword.builtin.CallTestCaseKeyword.execute(CallTestCaseKeyword.groovy:44)
	at com.kms.katalon.core.keyword.internal.KeywordExecutor.executeKeywordForPlatform(KeywordExecutor.groovy:72)
	at com.kms.katalon.core.keyword.BuiltinKeywords.callTestCase(BuiltinKeywords.groovy:334)
	at TC_Agregar_Movimiento_Inventario.run(TC_Agregar_Movimiento_Inventario:31)
	at com.kms.katalon.core.main.ScriptEngine.run(ScriptEngine.java:194)
	at com.kms.katalon.core.main.ScriptEngine.runScriptAsRawText(ScriptEngine.java:119)
	at com.kms.katalon.core.main.TestCaseExecutor.runScript(TestCaseExecutor.java:337)
	at com.kms.katalon.core.main.TestCaseExecutor.doExecute(TestCaseExecutor.java:328)
	at com.kms.katalon.core.main.TestCaseExecutor.processExecutionPhase(TestCaseExecutor.java:307)
	at com.kms.katalon.core.main.TestCaseExecutor.accessMainPhase(TestCaseExecutor.java:299)
	at com.kms.katalon.core.main.TestCaseExecutor.execute(TestCaseExecutor.java:233)
	at com.kms.katalon.core.main.TestSuiteExecutor.accessTestCaseMainPhase(TestSuiteExecutor.java:169)
	at com.kms.katalon.core.main.TestSuiteExecutor.accessTestSuiteMainPhase(TestSuiteExecutor.java:142)
	at com.kms.katalon.core.main.TestSuiteExecutor.execute(TestSuiteExecutor.java:91)
	at com.kms.katalon.core.main.TestCaseMain.startTestSuite(TestCaseMain.java:157)
	at com.kms.katalon.core.main.TestCaseMain$startTestSuite$0.call(Unknown Source)
	at TempTestSuite1583240437644.run(TempTestSuite1583240437644.groovy:36)
Caused by: com.kms.katalon.core.exception.StepFailedException: com.kms.katalon.core.webui.exception.WebElementNotFoundException: Web element with id: 'Object Repository/Page_Index - KAIZEN/mi_btn_agregar' located by 'By.xpath: //div[@id='page-wrapper']/div/div/div/a' not found
	at com.kms.katalon.core.webui.keyword.internal.WebUIKeywordMain.stepFailed(WebUIKeywordMain.groovy:64)
	at com.kms.katalon.core.webui.keyword.builtin.VerifyElementPresentKeyword$_verifyElementPresent_closure1.doCall(VerifyElementPresentKeyword.groovy:85)
	at com.kms.katalon.core.webui.keyword.builtin.VerifyElementPresentKeyword$_verifyElementPresent_closure1.call(VerifyElementPresentKeyword.groovy)
	at com.kms.katalon.core.webui.keyword.internal.WebUIKeywordMain.runKeyword(WebUIKeywordMain.groovy:20)
	... 35 more
)

2020-03-03 09:18:38 - [MESSAGE][INFO] - Unable to find the element located by 'By.xpath: //div[@id='page-wrapper']/div/div/div/a'. Please recheck the objects properties to make sure the desired element is located. 

2020-03-03 09:18:38 - [MESSAGE][FAILED] - com.kms.katalon.core.webui.exception.WebElementNotFoundException: Web element with id: 'Object Repository/Page_Index - KAIZEN/mi_btn_agregar' located by 'By.xpath: //div[@id='page-wrapper']/div/div/div/a' not found (Root cause: com.kms.katalon.core.exception.StepFailedException: com.kms.katalon.core.webui.exception.WebElementNotFoundException: Web element with id: 'Object Repository/Page_Index - KAIZEN/mi_btn_agregar' located by 'By.xpath: //div[@id='page-wrapper']/div/div/div/a' not found
	at com.kms.katalon.core.webui.keyword.internal.WebUIKeywordMain.stepFailed(WebUIKeywordMain.groovy:64)
	at com.kms.katalon.core.webui.keyword.builtin.VerifyElementPresentKeyword$_verifyElementPresent_closure1.doCall(VerifyElementPresentKeyword.groovy:85)
	at com.kms.katalon.core.webui.keyword.builtin.VerifyElementPresentKeyword$_verifyElementPresent_closure1.call(VerifyElementPresentKeyword.groovy)
	at com.kms.katalon.core.webui.keyword.internal.WebUIKeywordMain.runKeyword(WebUIKeywordMain.groovy:20)
	at com.kms.katalon.core.webui.keyword.builtin.VerifyElementPresentKeyword.verifyElementPresent(VerifyElementPresentKeyword.groovy:92)
	at com.kms.katalon.core.webui.keyword.builtin.VerifyElementPresentKeyword.execute(VerifyElementPresentKeyword.groovy:68)
	at com.kms.katalon.core.keyword.internal.KeywordExecutor.executeKeywordForPlatform(KeywordExecutor.groovy:72)
	at com.kms.katalon.core.webui.keyword.WebUiBuiltInKeywords.verifyElementPresent(WebUiBuiltInKeywords.groovy:1434)
	at com.kms.katalon.core.webui.keyword.WebUiBuiltInKeywords$verifyElementPresent$9.call(Unknown Source)
	at Movimientos_Inventario.run(Movimientos_Inventario:83)
	at com.kms.katalon.core.main.ScriptEngine.run(ScriptEngine.java:194)
	at com.kms.katalon.core.main.ScriptEngine.runScriptAsRawText(ScriptEngine.java:119)
	at com.kms.katalon.core.main.TestCaseExecutor.runScript(TestCaseExecutor.java:337)
	at com.kms.katalon.core.main.TestCaseExecutor.doExecute(TestCaseExecutor.java:328)
	at com.kms.katalon.core.main.TestCaseExecutor.processExecutionPhase(TestCaseExecutor.java:307)
	at com.kms.katalon.core.main.TestCaseExecutor.accessMainPhase(TestCaseExecutor.java:299)
	at com.kms.katalon.core.main.TestCaseExecutor.execute(TestCaseExecutor.java:233)
	at com.kms.katalon.core.main.TestCaseMain.runTestCase(TestCaseMain.java:114)
	at com.kms.katalon.core.keyword.builtin.CallTestCaseKeyword$_callTestCase_closure1.doCall(CallTestCaseKeyword.groovy:59)
	at com.kms.katalon.core.keyword.builtin.CallTestCaseKeyword$_callTestCase_closure1.call(CallTestCaseKeyword.groovy)
	at com.kms.katalon.core.keyword.internal.KeywordMain.runKeyword(KeywordMain.groovy:68)
	at com.kms.katalon.core.keyword.builtin.CallTestCaseKeyword.callTestCase(CallTestCaseKeyword.groovy:81)
	at com.kms.katalon.core.keyword.builtin.CallTestCaseKeyword.execute(CallTestCaseKeyword.groovy:44)
	at com.kms.katalon.core.keyword.internal.KeywordExecutor.executeKeywordForPlatform(KeywordExecutor.groovy:72)
	at com.kms.katalon.core.keyword.BuiltinKeywords.callTestCase(BuiltinKeywords.groovy:334)
	at TC_Agregar_Movimiento_Inventario.run(TC_Agregar_Movimiento_Inventario:31)
	at com.kms.katalon.core.main.ScriptEngine.run(ScriptEngine.java:194)
	at com.kms.katalon.core.main.ScriptEngine.runScriptAsRawText(ScriptEngine.java:119)
	at com.kms.katalon.core.main.TestCaseExecutor.runScript(TestCaseExecutor.java:337)
	at com.kms.katalon.core.main.TestCaseExecutor.doExecute(TestCaseExecutor.java:328)
	at com.kms.katalon.core.main.TestCaseExecutor.processExecutionPhase(TestCaseExecutor.java:307)
	at com.kms.katalon.core.main.TestCaseExecutor.accessMainPhase(TestCaseExecutor.java:299)
	at com.kms.katalon.core.main.TestCaseExecutor.execute(TestCaseExecutor.java:233)
	at com.kms.katalon.core.main.TestSuiteExecutor.accessTestCaseMainPhase(TestSuiteExecutor.java:169)
	at com.kms.katalon.core.main.TestSuiteExecutor.accessTestSuiteMainPhase(TestSuiteExecutor.java:142)
	at com.kms.katalon.core.main.TestSuiteExecutor.execute(TestSuiteExecutor.java:91)
	at com.kms.katalon.core.main.TestCaseMain.startTestSuite(TestCaseMain.java:157)
	at com.kms.katalon.core.main.TestCaseMain$startTestSuite$0.call(Unknown Source)
	at TempTestSuite1583240437644.run(TempTestSuite1583240437644.groovy:36)
)
[[ATTACHMENT|C:\\Users\\kaizen\\git\\AutomatizacionKatalon\\Reports\\20200303_090030\\Funcionalidades_Pedidos\\Flujo Completo Mov Inventario\\20200303_090030\\1583241518219.png]]

2020-03-03 09:18:39 - [MESSAGE][FAILED] - Unable to verify object 'Object Repository/Page_Index - KAIZEN/mi_btn_agregar' is present (Root cause: com.kms.katalon.core.exception.StepFailedException: Unable to verify object 'Object Repository/Page_Index - KAIZEN/mi_btn_agregar' is present
	at com.kms.katalon.core.webui.keyword.internal.WebUIKeywordMain.stepFailed(WebUIKeywordMain.groovy:64)
	at com.kms.katalon.core.webui.keyword.internal.WebUIKeywordMain.runKeyword(WebUIKeywordMain.groovy:26)
	at com.kms.katalon.core.webui.keyword.builtin.VerifyElementPresentKeyword.verifyElementPresent(VerifyElementPresentKeyword.groovy:92)
	at com.kms.katalon.core.webui.keyword.builtin.VerifyElementPresentKeyword.execute(VerifyElementPresentKeyword.groovy:68)
	at com.kms.katalon.core.keyword.internal.KeywordExecutor.executeKeywordForPlatform(KeywordExecutor.groovy:72)
	at com.kms.katalon.core.webui.keyword.WebUiBuiltInKeywords.verifyElementPresent(WebUiBuiltInKeywords.groovy:1434)
	at com.kms.katalon.core.webui.keyword.WebUiBuiltInKeywords$verifyElementPresent$9.call(Unknown Source)
	at Movimientos_Inventario.run(Movimientos_Inventario:83)
	at com.kms.katalon.core.main.ScriptEngine.run(ScriptEngine.java:194)
	at com.kms.katalon.core.main.ScriptEngine.runScriptAsRawText(ScriptEngine.java:119)
	at com.kms.katalon.core.main.TestCaseExecutor.runScript(TestCaseExecutor.java:337)
	at com.kms.katalon.core.main.TestCaseExecutor.doExecute(TestCaseExecutor.java:328)
	at com.kms.katalon.core.main.TestCaseExecutor.processExecutionPhase(TestCaseExecutor.java:307)
	at com.kms.katalon.core.main.TestCaseExecutor.accessMainPhase(TestCaseExecutor.java:299)
	at com.kms.katalon.core.main.TestCaseExecutor.execute(TestCaseExecutor.java:233)
	at com.kms.katalon.core.main.TestCaseMain.runTestCase(TestCaseMain.java:114)
	at com.kms.katalon.core.keyword.builtin.CallTestCaseKeyword$_callTestCase_closure1.doCall(CallTestCaseKeyword.groovy:59)
	at com.kms.katalon.core.keyword.builtin.CallTestCaseKeyword$_callTestCase_closure1.call(CallTestCaseKeyword.groovy)
	at com.kms.katalon.core.keyword.internal.KeywordMain.runKeyword(KeywordMain.groovy:68)
	at com.kms.katalon.core.keyword.builtin.CallTestCaseKeyword.callTestCase(CallTestCaseKeyword.groovy:81)
	at com.kms.katalon.core.keyword.builtin.CallTestCaseKeyword.execute(CallTestCaseKeyword.groovy:44)
	at com.kms.katalon.core.keyword.internal.KeywordExecutor.executeKeywordForPlatform(KeywordExecutor.groovy:72)
	at com.kms.katalon.core.keyword.BuiltinKeywords.callTestCase(BuiltinKeywords.groovy:334)
	at TC_Agregar_Movimiento_Inventario.run(TC_Agregar_Movimiento_Inventario:31)
	at com.kms.katalon.core.main.ScriptEngine.run(ScriptEngine.java:194)
	at com.kms.katalon.core.main.ScriptEngine.runScriptAsRawText(ScriptEngine.java:119)
	at com.kms.katalon.core.main.TestCaseExecutor.runScript(TestCaseExecutor.java:337)
	at com.kms.katalon.core.main.TestCaseExecutor.doExecute(TestCaseExecutor.java:328)
	at com.kms.katalon.core.main.TestCaseExecutor.processExecutionPhase(TestCaseExecutor.java:307)
	at com.kms.katalon.core.main.TestCaseExecutor.accessMainPhase(TestCaseExecutor.java:299)
	at com.kms.katalon.core.main.TestCaseExecutor.execute(TestCaseExecutor.java:233)
	at com.kms.katalon.core.main.TestSuiteExecutor.accessTestCaseMainPhase(TestSuiteExecutor.java:169)
	at com.kms.katalon.core.main.TestSuiteExecutor.accessTestSuiteMainPhase(TestSuiteExecutor.java:142)
	at com.kms.katalon.core.main.TestSuiteExecutor.execute(TestSuiteExecutor.java:91)
	at com.kms.katalon.core.main.TestCaseMain.startTestSuite(TestCaseMain.java:157)
	at com.kms.katalon.core.main.TestCaseMain$startTestSuite$0.call(Unknown Source)
	at TempTestSuite1583240437644.run(TempTestSuite1583240437644.groovy:36)
Caused by: com.kms.katalon.core.exception.StepFailedException: com.kms.katalon.core.webui.exception.WebElementNotFoundException: Web element with id: 'Object Repository/Page_Index - KAIZEN/mi_btn_agregar' located by 'By.xpath: //div[@id='page-wrapper']/div/div/div/a' not found
	at com.kms.katalon.core.webui.keyword.internal.WebUIKeywordMain.stepFailed(WebUIKeywordMain.groovy:64)
	at com.kms.katalon.core.webui.keyword.builtin.VerifyElementPresentKeyword$_verifyElementPresent_closure1.doCall(VerifyElementPresentKeyword.groovy:85)
	at com.kms.katalon.core.webui.keyword.builtin.VerifyElementPresentKeyword$_verifyElementPresent_closure1.call(VerifyElementPresentKeyword.groovy)
	at com.kms.katalon.core.webui.keyword.internal.WebUIKeywordMain.runKeyword(WebUIKeywordMain.groovy:20)
	... 35 more
)
[[ATTACHMENT|C:\\Users\\kaizen\\git\\AutomatizacionKatalon\\Reports\\20200303_090030\\Funcionalidades_Pedidos\\Flujo Completo Mov Inventario\\20200303_090030\\1583241518604.png]]

2020-03-03 09:18:39 - [MESSAGE][FAILED] - Unable to call Test Case 'Test Cases/Individual_Tests/Movimientos_Inventario' (Root cause: com.kms.katalon.core.exception.StepFailedException: Call Test Case 'Test Cases/Individual_Tests/Movimientos_Inventario' failed
	at com.kms.katalon.core.keyword.builtin.CallTestCaseKeyword$_callTestCase_closure1.doCall(CallTestCaseKeyword.groovy:63)
	at com.kms.katalon.core.keyword.builtin.CallTestCaseKeyword$_callTestCase_closure1.call(CallTestCaseKeyword.groovy)
	at com.kms.katalon.core.keyword.internal.KeywordMain.runKeyword(KeywordMain.groovy:68)
	at com.kms.katalon.core.keyword.builtin.CallTestCaseKeyword.callTestCase(CallTestCaseKeyword.groovy:81)
	at com.kms.katalon.core.keyword.builtin.CallTestCaseKeyword.execute(CallTestCaseKeyword.groovy:44)
	at com.kms.katalon.core.keyword.internal.KeywordExecutor.executeKeywordForPlatform(KeywordExecutor.groovy:72)
	at com.kms.katalon.core.keyword.BuiltinKeywords.callTestCase(BuiltinKeywords.groovy:334)
	at TC_Agregar_Movimiento_Inventario.run(TC_Agregar_Movimiento_Inventario:31)
	at com.kms.katalon.core.main.ScriptEngine.run(ScriptEngine.java:194)
	at com.kms.katalon.core.main.ScriptEngine.runScriptAsRawText(ScriptEngine.java:119)
	at com.kms.katalon.core.main.TestCaseExecutor.runScript(TestCaseExecutor.java:337)
	at com.kms.katalon.core.main.TestCaseExecutor.doExecute(TestCaseExecutor.java:328)
	at com.kms.katalon.core.main.TestCaseExecutor.processExecutionPhase(TestCaseExecutor.java:307)
	at com.kms.katalon.core.main.TestCaseExecutor.accessMainPhase(TestCaseExecutor.java:299)
	at com.kms.katalon.core.main.TestCaseExecutor.execute(TestCaseExecutor.java:233)
	at com.kms.katalon.core.main.TestSuiteExecutor.accessTestCaseMainPhase(TestSuiteExecutor.java:169)
	at com.kms.katalon.core.main.TestSuiteExecutor.accessTestSuiteMainPhase(TestSuiteExecutor.java:142)
	at com.kms.katalon.core.main.TestSuiteExecutor.execute(TestSuiteExecutor.java:91)
	at com.kms.katalon.core.main.TestCaseMain.startTestSuite(TestCaseMain.java:157)
	at com.kms.katalon.core.main.TestCaseMain$startTestSuite$0.call(Unknown Source)
	at TempTestSuite1583240437644.run(TempTestSuite1583240437644.groovy:36)
Caused by: com.kms.katalon.core.exception.StepFailedException: Unable to verify object 'Object Repository/Page_Index - KAIZEN/mi_btn_agregar' is present
	at com.kms.katalon.core.webui.keyword.internal.WebUIKeywordMain.stepFailed(WebUIKeywordMain.groovy:64)
	at com.kms.katalon.core.webui.keyword.internal.WebUIKeywordMain.runKeyword(WebUIKeywordMain.groovy:26)
	at com.kms.katalon.core.webui.keyword.builtin.VerifyElementPresentKeyword.verifyElementPresent(VerifyElementPresentKeyword.groovy:92)
	at com.kms.katalon.core.webui.keyword.builtin.VerifyElementPresentKeyword.execute(VerifyElementPresentKeyword.groovy:68)
	at com.kms.katalon.core.keyword.internal.KeywordExecutor.executeKeywordForPlatform(KeywordExecutor.groovy:72)
	at com.kms.katalon.core.webui.keyword.WebUiBuiltInKeywords.verifyElementPresent(WebUiBuiltInKeywords.groovy:1434)
	at com.kms.katalon.core.webui.keyword.WebUiBuiltInKeywords$verifyElementPresent$9.call(Unknown Source)
	at Movimientos_Inventario.run(Movimientos_Inventario:83)
	at com.kms.katalon.core.main.ScriptEngine.run(ScriptEngine.java:194)
	at com.kms.katalon.core.main.ScriptEngine.runScriptAsRawText(ScriptEngine.java:119)
	at com.kms.katalon.core.main.TestCaseExecutor.runScript(TestCaseExecutor.java:337)
	at com.kms.katalon.core.main.TestCaseExecutor.doExecute(TestCaseExecutor.java:328)
	at com.kms.katalon.core.main.TestCaseExecutor.processExecutionPhase(TestCaseExecutor.java:307)
	at com.kms.katalon.core.main.TestCaseExecutor.accessMainPhase(TestCaseExecutor.java:299)
	at com.kms.katalon.core.main.TestCaseExecutor.execute(TestCaseExecutor.java:233)
	at com.kms.katalon.core.main.TestCaseMain.runTestCase(TestCaseMain.java:114)
	at com.kms.katalon.core.keyword.builtin.CallTestCaseKeyword$_callTestCase_closure1.doCall(CallTestCaseKeyword.groovy:59)
	... 20 more
Caused by: com.kms.katalon.core.exception.StepFailedException: com.kms.katalon.core.webui.exception.WebElementNotFoundException: Web element with id: 'Object Repository/Page_Index - KAIZEN/mi_btn_agregar' located by 'By.xpath: //div[@id='page-wrapper']/div/div/div/a' not found
	at com.kms.katalon.core.webui.keyword.internal.WebUIKeywordMain.stepFailed(WebUIKeywordMain.groovy:64)
	at com.kms.katalon.core.webui.keyword.builtin.VerifyElementPresentKeyword$_verifyElementPresent_closure1.doCall(VerifyElementPresentKeyword.groovy:85)
	at com.kms.katalon.core.webui.keyword.builtin.VerifyElementPresentKeyword$_verifyElementPresent_closure1.call(VerifyElementPresentKeyword.groovy)
	at com.kms.katalon.core.webui.keyword.internal.WebUIKeywordMain.runKeyword(WebUIKeywordMain.groovy:20)
	... 35 more
)]]></system-out>
         <system-err><![CDATA[2020-03-03 09:07:49 - [TEST_CASE][FAILED] - Test Cases/Secuencias de Ejecucion/TC_Agregar_Movimiento_Inventario: Test Cases/Secuencias de Ejecucion/TC_Agregar_Movimiento_Inventario FAILED.
Reason:
com.kms.katalon.core.exception.StepFailedException: Call Test Case 'Test Cases/Individual_Tests/Movimientos_Inventario' failed
	at com.kms.katalon.core.keyword.builtin.CallTestCaseKeyword$_callTestCase_closure1.doCall(CallTestCaseKeyword.groovy:63)
	at com.kms.katalon.core.keyword.builtin.CallTestCaseKeyword$_callTestCase_closure1.call(CallTestCaseKeyword.groovy)
	at com.kms.katalon.core.keyword.internal.KeywordMain.runKeyword(KeywordMain.groovy:68)
	at com.kms.katalon.core.keyword.builtin.CallTestCaseKeyword.callTestCase(CallTestCaseKeyword.groovy:81)
	at com.kms.katalon.core.keyword.builtin.CallTestCaseKeyword.execute(CallTestCaseKeyword.groovy:44)
	at com.kms.katalon.core.keyword.internal.KeywordExecutor.executeKeywordForPlatform(KeywordExecutor.groovy:72)
	at com.kms.katalon.core.keyword.BuiltinKeywords.callTestCase(BuiltinKeywords.groovy:334)
	at TC_Agregar_Movimiento_Inventario.run(TC_Agregar_Movimiento_Inventario:31)
	at com.kms.katalon.core.main.ScriptEngine.run(ScriptEngine.java:194)
	at com.kms.katalon.core.main.ScriptEngine.runScriptAsRawText(ScriptEngine.java:119)
	at com.kms.katalon.core.main.TestCaseExecutor.runScript(TestCaseExecutor.java:337)
	at com.kms.katalon.core.main.TestCaseExecutor.doExecute(TestCaseExecutor.java:328)
	at com.kms.katalon.core.main.TestCaseExecutor.processExecutionPhase(TestCaseExecutor.java:307)
	at com.kms.katalon.core.main.TestCaseExecutor.accessMainPhase(TestCaseExecutor.java:299)
	at com.kms.katalon.core.main.TestCaseExecutor.execute(TestCaseExecutor.java:233)
	at com.kms.katalon.core.main.TestSuiteExecutor.accessTestCaseMainPhase(TestSuiteExecutor.java:169)
	at com.kms.katalon.core.main.TestSuiteExecutor.accessTestSuiteMainPhase(TestSuiteExecutor.java:142)
	at com.kms.katalon.core.main.TestSuiteExecutor.execute(TestSuiteExecutor.java:91)
	at com.kms.katalon.core.main.TestCaseMain.startTestSuite(TestCaseMain.java:157)
	at com.kms.katalon.core.main.TestCaseMain$startTestSuite$0.call(Unknown Source)
	at TempTestSuite1583240437644.run(TempTestSuite1583240437644.groovy:36)
Caused by: com.kms.katalon.core.exception.StepFailedException: Unable to verify object 'Object Repository/Page_Index - KAIZEN/mi_btn_agregar' is present
	at com.kms.katalon.core.webui.keyword.internal.WebUIKeywordMain.stepFailed(WebUIKeywordMain.groovy:64)
	at com.kms.katalon.core.webui.keyword.internal.WebUIKeywordMain.runKeyword(WebUIKeywordMain.groovy:26)
	at com.kms.katalon.core.webui.keyword.builtin.VerifyElementPresentKeyword.verifyElementPresent(VerifyElementPresentKeyword.groovy:92)
	at com.kms.katalon.core.webui.keyword.builtin.VerifyElementPresentKeyword.execute(VerifyElementPresentKeyword.groovy:68)
	at com.kms.katalon.core.keyword.internal.KeywordExecutor.executeKeywordForPlatform(KeywordExecutor.groovy:72)
	at com.kms.katalon.core.webui.keyword.WebUiBuiltInKeywords.verifyElementPresent(WebUiBuiltInKeywords.groovy:1434)
	at com.kms.katalon.core.webui.keyword.WebUiBuiltInKeywords$verifyElementPresent$9.call(Unknown Source)
	at Movimientos_Inventario.run(Movimientos_Inventario:83)
	at com.kms.katalon.core.main.ScriptEngine.run(ScriptEngine.java:194)
	at com.kms.katalon.core.main.ScriptEngine.runScriptAsRawText(ScriptEngine.java:119)
	at com.kms.katalon.core.main.TestCaseExecutor.runScript(TestCaseExecutor.java:337)
	at com.kms.katalon.core.main.TestCaseExecutor.doExecute(TestCaseExecutor.java:328)
	at com.kms.katalon.core.main.TestCaseExecutor.processExecutionPhase(TestCaseExecutor.java:307)
	at com.kms.katalon.core.main.TestCaseExecutor.accessMainPhase(TestCaseExecutor.java:299)
	at com.kms.katalon.core.main.TestCaseExecutor.execute(TestCaseExecutor.java:233)
	at com.kms.katalon.core.main.TestCaseMain.runTestCase(TestCaseMain.java:114)
	at com.kms.katalon.core.keyword.builtin.CallTestCaseKeyword$_callTestCase_closure1.doCall(CallTestCaseKeyword.groovy:59)
	... 20 more
Caused by: com.kms.katalon.core.exception.StepFailedException: com.kms.katalon.core.webui.exception.WebElementNotFoundException: Web element with id: 'Object Repository/Page_Index - KAIZEN/mi_btn_agregar' located by 'By.xpath: //div[@id='page-wrapper']/div/div/div/a' not found
	at com.kms.katalon.core.webui.keyword.internal.WebUIKeywordMain.stepFailed(WebUIKeywordMain.groovy:64)
	at com.kms.katalon.core.webui.keyword.builtin.VerifyElementPresentKeyword$_verifyElementPresent_closure1.doCall(VerifyElementPresentKeyword.groovy:85)
	at com.kms.katalon.core.webui.keyword.builtin.VerifyElementPresentKeyword$_verifyElementPresent_closure1.call(VerifyElementPresentKeyword.groovy)
	at com.kms.katalon.core.webui.keyword.internal.WebUIKeywordMain.runKeyword(WebUIKeywordMain.groovy:20)
	... 35 more]]></system-err>
      </testcase>
      <testcase name="Test Cases/Generar_Excels_Secuencias/TC_Generar_Excel_Reporte_Mov_Inventario" time="3.97" classname="Test Cases/Generar_Excels_Secuencias/TC_Generar_Excel_Reporte_Mov_Inventario" status="PASSED">
         <system-out><![CDATA[2020-03-03 09:18:39 - [TEST_CASE][PASSED] - Test Cases/Generar_Excels_Secuencias/TC_Generar_Excel_Reporte_Mov_Inventario: Test Cases/Generar_Excels_Secuencias/TC_Generar_Excel_Reporte_Mov_Inventario

2020-03-03 09:18:39 - [TEST_STEP][PASSED] - python.ejecutarAleatoriosPython.runPython("Reporte"): python.ejecutarAleatoriosPython.runPython is PASSED

2020-03-03 09:18:42 - [MESSAGE][PASSED] - python.ejecutarAleatoriosPython.runPython is PASSED]]></system-out>
         <system-err><![CDATA[]]></system-err>
      </testcase>
      <system-out><![CDATA[2020-03-03 09:00:41 - [TEST_SUITE][FAILED] - Flujo Completo Mov Inventario: Test Cases/Secuencias de Ejecucion/TC_Agregar_Producto_Almacen FAILED.
Reason:
com.kms.katalon.core.exception.StepFailedException: Call Test Case 'Test Cases/Individual_Tests/Login' failed
	at com.kms.katalon.core.keyword.builtin.CallTestCaseKeyword$_callTestCase_closure1.doCall(CallTestCaseKeyword.groovy:63)
	at com.kms.katalon.core.keyword.builtin.CallTestCaseKeyword$_callTestCase_closure1.call(CallTestCaseKeyword.groovy)
	at com.kms.katalon.core.keyword.internal.KeywordMain.runKeyword(KeywordMain.groovy:68)
	at com.kms.katalon.core.keyword.builtin.CallTestCaseKeyword.callTestCase(CallTestCaseKeyword.groovy:81)
	at com.kms.katalon.core.keyword.builtin.CallTestCaseKeyword.execute(CallTestCaseKeyword.groovy:44)
	at com.kms.katalon.core.keyword.internal.KeywordExecutor.executeKeywordForPlatform(KeywordExecutor.groovy:72)
	at com.kms.katalon.core.keyword.BuiltinKeywords.callTestCase(BuiltinKeywords.groovy:334)
	at TC_Agregar_Producto_Almacen.run(TC_Agregar_Producto_Almacen:26)
	at com.kms.katalon.core.main.ScriptEngine.run(ScriptEngine.java:194)
	at com.kms.katalon.core.main.ScriptEngine.runScriptAsRawText(ScriptEngine.java:119)
	at com.kms.katalon.core.main.TestCaseExecutor.runScript(TestCaseExecutor.java:337)
	at com.kms.katalon.core.main.TestCaseExecutor.doExecute(TestCaseExecutor.java:328)
	at com.kms.katalon.core.main.TestCaseExecutor.processExecutionPhase(TestCaseExecutor.java:307)
	at com.kms.katalon.core.main.TestCaseExecutor.accessMainPhase(TestCaseExecutor.java:299)
	at com.kms.katalon.core.main.TestCaseExecutor.execute(TestCaseExecutor.java:233)
	at com.kms.katalon.core.main.TestSuiteExecutor.accessTestCaseMainPhase(TestSuiteExecutor.java:169)
	at com.kms.katalon.core.main.TestSuiteExecutor.accessTestSuiteMainPhase(TestSuiteExecutor.java:142)
	at com.kms.katalon.core.main.TestSuiteExecutor.execute(TestSuiteExecutor.java:91)
	at com.kms.katalon.core.main.TestCaseMain.startTestSuite(TestCaseMain.java:157)
	at com.kms.katalon.core.main.TestCaseMain$startTestSuite$0.call(Unknown Source)
	at TempTestSuite1583240437644.run(TempTestSuite1583240437644.groovy:36)
Caused by: com.kms.katalon.core.exception.StepFailedException: Unable to maximize current window
	at com.kms.katalon.core.webui.keyword.internal.WebUIKeywordMain.stepFailed(WebUIKeywordMain.groovy:64)
	at com.kms.katalon.core.webui.keyword.internal.WebUIKeywordMain.runKeyword(WebUIKeywordMain.groovy:26)
	at com.kms.katalon.core.webui.keyword.builtin.MaximizeWindowKeyword.maximizeWindow(MaximizeWindowKeyword.groovy:74)
	at com.kms.katalon.core.webui.keyword.builtin.MaximizeWindowKeyword.execute(MaximizeWindowKeyword.groovy:69)
	at com.kms.katalon.core.keyword.internal.KeywordExecutor.executeKeywordForPlatform(KeywordExecutor.groovy:72)
	at com.kms.katalon.core.webui.keyword.WebUiBuiltInKeywords.maximizeWindow(WebUiBuiltInKeywords.groovy:279)
	at com.kms.katalon.core.webui.keyword.WebUiBuiltInKeywords$maximizeWindow$0.call(Unknown Source)
	at Login.run(Login:23)
	at com.kms.katalon.core.main.ScriptEngine.run(ScriptEngine.java:194)
	at com.kms.katalon.core.main.ScriptEngine.runScriptAsRawText(ScriptEngine.java:119)
	at com.kms.katalon.core.main.TestCaseExecutor.runScript(TestCaseExecutor.java:337)
	at com.kms.katalon.core.main.TestCaseExecutor.doExecute(TestCaseExecutor.java:328)
	at com.kms.katalon.core.main.TestCaseExecutor.processExecutionPhase(TestCaseExecutor.java:307)
	at com.kms.katalon.core.main.TestCaseExecutor.accessMainPhase(TestCaseExecutor.java:299)
	at com.kms.katalon.core.main.TestCaseExecutor.execute(TestCaseExecutor.java:233)
	at com.kms.katalon.core.main.TestCaseMain.runTestCase(TestCaseMain.java:114)
	at com.kms.katalon.core.keyword.builtin.CallTestCaseKeyword$_callTestCase_closure1.doCall(CallTestCaseKeyword.groovy:59)
	... 20 more
Caused by: org.openqa.selenium.WebDriverException: unknown error: unhandled inspector error: {"code":-32000,"message":"To maximize a minimized or fullscreen window, restore it to normal state first."}
  (Session info: chrome=80.0.3987.122)
Build info: version: '3.141.59', revision: 'e82be7d358', time: '2018-11-14T08:25:53'
System info: host: 'LAPTOP-K43U1BVQ', ip: '192.168.99.1', os.name: 'Windows 10', os.arch: 'amd64', os.version: '10.0', java.version: '1.8.0_181'
Driver info: com.kms.katalon.selenium.driver.CChromeDriver
Capabilities {acceptInsecureCerts: false, browserName: chrome, browserVersion: 80.0.3987.122, chrome: {chromedriverVersion: 79.0.3945.36 (3582db32b3389..., userDataDir: C:\Users\kaizen\AppData\Loc...}, goog:chromeOptions: {debuggerAddress: localhost:2870}, javascriptEnabled: true, networkConnectionEnabled: false, pageLoadStrategy: normal, platform: WINDOWS, platformName: WINDOWS, proxy: Proxy(), setWindowRect: true, strictFileInteractability: false, timeouts: {implicit: 0, pageLoad: 300000, script: 30000}, unhandledPromptBehavior: dismiss and notify}
Session ID: ead1b1b54edf0e4f766ba10b88b42599
	at org.openqa.selenium.remote.http.W3CHttpResponseCodec.createException(W3CHttpResponseCodec.java:187)
	at org.openqa.selenium.remote.http.W3CHttpResponseCodec.decode(W3CHttpResponseCodec.java:122)
	at org.openqa.selenium.remote.http.W3CHttpResponseCodec.decode(W3CHttpResponseCodec.java:49)
	at org.openqa.selenium.remote.HttpCommandExecutor.execute(HttpCommandExecutor.java:158)
	at org.openqa.selenium.remote.service.DriverCommandExecutor.execute(DriverCommandExecutor.java:83)
	at org.openqa.selenium.remote.RemoteWebDriver.execute(RemoteWebDriver.java:552)
	at com.kms.katalon.selenium.driver.CChromeDriver.execute(CChromeDriver.java:19)
	at org.openqa.selenium.remote.RemoteWebDriver.execute(RemoteWebDriver.java:609)
	at org.openqa.selenium.remote.RemoteWebDriver$RemoteWebDriverOptions$RemoteWindow.maximize(RemoteWebDriver.java:837)
	at org.openqa.selenium.support.events.EventFiringWebDriver$EventFiringWindow.maximize(EventFiringWebDriver.java:769)
	at com.kms.katalon.core.webui.keyword.builtin.MaximizeWindowKeyword$_maximizeWindow_closure1.doCall(MaximizeWindowKeyword.groovy:85)
	at com.kms.katalon.core.webui.keyword.builtin.MaximizeWindowKeyword$_maximizeWindow_closure1.call(MaximizeWindowKeyword.groovy)
	at com.kms.katalon.core.webui.keyword.internal.WebUIKeywordMain.runKeyword(WebUIKeywordMain.groovy:20)
	... 35 more]]></system-out>
      <system-err><![CDATA[2020-03-03 09:00:41 - [TEST_SUITE][FAILED] - Flujo Completo Mov Inventario: Test Cases/Secuencias de Ejecucion/TC_Agregar_Producto_Almacen FAILED.
Reason:
com.kms.katalon.core.exception.StepFailedException: Call Test Case 'Test Cases/Individual_Tests/Login' failed
	at com.kms.katalon.core.keyword.builtin.CallTestCaseKeyword$_callTestCase_closure1.doCall(CallTestCaseKeyword.groovy:63)
	at com.kms.katalon.core.keyword.builtin.CallTestCaseKeyword$_callTestCase_closure1.call(CallTestCaseKeyword.groovy)
	at com.kms.katalon.core.keyword.internal.KeywordMain.runKeyword(KeywordMain.groovy:68)
	at com.kms.katalon.core.keyword.builtin.CallTestCaseKeyword.callTestCase(CallTestCaseKeyword.groovy:81)
	at com.kms.katalon.core.keyword.builtin.CallTestCaseKeyword.execute(CallTestCaseKeyword.groovy:44)
	at com.kms.katalon.core.keyword.internal.KeywordExecutor.executeKeywordForPlatform(KeywordExecutor.groovy:72)
	at com.kms.katalon.core.keyword.BuiltinKeywords.callTestCase(BuiltinKeywords.groovy:334)
	at TC_Agregar_Producto_Almacen.run(TC_Agregar_Producto_Almacen:26)
	at com.kms.katalon.core.main.ScriptEngine.run(ScriptEngine.java:194)
	at com.kms.katalon.core.main.ScriptEngine.runScriptAsRawText(ScriptEngine.java:119)
	at com.kms.katalon.core.main.TestCaseExecutor.runScript(TestCaseExecutor.java:337)
	at com.kms.katalon.core.main.TestCaseExecutor.doExecute(TestCaseExecutor.java:328)
	at com.kms.katalon.core.main.TestCaseExecutor.processExecutionPhase(TestCaseExecutor.java:307)
	at com.kms.katalon.core.main.TestCaseExecutor.accessMainPhase(TestCaseExecutor.java:299)
	at com.kms.katalon.core.main.TestCaseExecutor.execute(TestCaseExecutor.java:233)
	at com.kms.katalon.core.main.TestSuiteExecutor.accessTestCaseMainPhase(TestSuiteExecutor.java:169)
	at com.kms.katalon.core.main.TestSuiteExecutor.accessTestSuiteMainPhase(TestSuiteExecutor.java:142)
	at com.kms.katalon.core.main.TestSuiteExecutor.execute(TestSuiteExecutor.java:91)
	at com.kms.katalon.core.main.TestCaseMain.startTestSuite(TestCaseMain.java:157)
	at com.kms.katalon.core.main.TestCaseMain$startTestSuite$0.call(Unknown Source)
	at TempTestSuite1583240437644.run(TempTestSuite1583240437644.groovy:36)
Caused by: com.kms.katalon.core.exception.StepFailedException: Unable to maximize current window
	at com.kms.katalon.core.webui.keyword.internal.WebUIKeywordMain.stepFailed(WebUIKeywordMain.groovy:64)
	at com.kms.katalon.core.webui.keyword.internal.WebUIKeywordMain.runKeyword(WebUIKeywordMain.groovy:26)
	at com.kms.katalon.core.webui.keyword.builtin.MaximizeWindowKeyword.maximizeWindow(MaximizeWindowKeyword.groovy:74)
	at com.kms.katalon.core.webui.keyword.builtin.MaximizeWindowKeyword.execute(MaximizeWindowKeyword.groovy:69)
	at com.kms.katalon.core.keyword.internal.KeywordExecutor.executeKeywordForPlatform(KeywordExecutor.groovy:72)
	at com.kms.katalon.core.webui.keyword.WebUiBuiltInKeywords.maximizeWindow(WebUiBuiltInKeywords.groovy:279)
	at com.kms.katalon.core.webui.keyword.WebUiBuiltInKeywords$maximizeWindow$0.call(Unknown Source)
	at Login.run(Login:23)
	at com.kms.katalon.core.main.ScriptEngine.run(ScriptEngine.java:194)
	at com.kms.katalon.core.main.ScriptEngine.runScriptAsRawText(ScriptEngine.java:119)
	at com.kms.katalon.core.main.TestCaseExecutor.runScript(TestCaseExecutor.java:337)
	at com.kms.katalon.core.main.TestCaseExecutor.doExecute(TestCaseExecutor.java:328)
	at com.kms.katalon.core.main.TestCaseExecutor.processExecutionPhase(TestCaseExecutor.java:307)
	at com.kms.katalon.core.main.TestCaseExecutor.accessMainPhase(TestCaseExecutor.java:299)
	at com.kms.katalon.core.main.TestCaseExecutor.execute(TestCaseExecutor.java:233)
	at com.kms.katalon.core.main.TestCaseMain.runTestCase(TestCaseMain.java:114)
	at com.kms.katalon.core.keyword.builtin.CallTestCaseKeyword$_callTestCase_closure1.doCall(CallTestCaseKeyword.groovy:59)
	... 20 more
Caused by: org.openqa.selenium.WebDriverException: unknown error: unhandled inspector error: {"code":-32000,"message":"To maximize a minimized or fullscreen window, restore it to normal state first."}
  (Session info: chrome=80.0.3987.122)
Build info: version: '3.141.59', revision: 'e82be7d358', time: '2018-11-14T08:25:53'
System info: host: 'LAPTOP-K43U1BVQ', ip: '192.168.99.1', os.name: 'Windows 10', os.arch: 'amd64', os.version: '10.0', java.version: '1.8.0_181'
Driver info: com.kms.katalon.selenium.driver.CChromeDriver
Capabilities {acceptInsecureCerts: false, browserName: chrome, browserVersion: 80.0.3987.122, chrome: {chromedriverVersion: 79.0.3945.36 (3582db32b3389..., userDataDir: C:\Users\kaizen\AppData\Loc...}, goog:chromeOptions: {debuggerAddress: localhost:2870}, javascriptEnabled: true, networkConnectionEnabled: false, pageLoadStrategy: normal, platform: WINDOWS, platformName: WINDOWS, proxy: Proxy(), setWindowRect: true, strictFileInteractability: false, timeouts: {implicit: 0, pageLoad: 300000, script: 30000}, unhandledPromptBehavior: dismiss and notify}
Session ID: ead1b1b54edf0e4f766ba10b88b42599
	at org.openqa.selenium.remote.http.W3CHttpResponseCodec.createException(W3CHttpResponseCodec.java:187)
	at org.openqa.selenium.remote.http.W3CHttpResponseCodec.decode(W3CHttpResponseCodec.java:122)
	at org.openqa.selenium.remote.http.W3CHttpResponseCodec.decode(W3CHttpResponseCodec.java:49)
	at org.openqa.selenium.remote.HttpCommandExecutor.execute(HttpCommandExecutor.java:158)
	at org.openqa.selenium.remote.service.DriverCommandExecutor.execute(DriverCommandExecutor.java:83)
	at org.openqa.selenium.remote.RemoteWebDriver.execute(RemoteWebDriver.java:552)
	at com.kms.katalon.selenium.driver.CChromeDriver.execute(CChromeDriver.java:19)
	at org.openqa.selenium.remote.RemoteWebDriver.execute(RemoteWebDriver.java:609)
	at org.openqa.selenium.remote.RemoteWebDriver$RemoteWebDriverOptions$RemoteWindow.maximize(RemoteWebDriver.java:837)
	at org.openqa.selenium.support.events.EventFiringWebDriver$EventFiringWindow.maximize(EventFiringWebDriver.java:769)
	at com.kms.katalon.core.webui.keyword.builtin.MaximizeWindowKeyword$_maximizeWindow_closure1.doCall(MaximizeWindowKeyword.groovy:85)
	at com.kms.katalon.core.webui.keyword.builtin.MaximizeWindowKeyword$_maximizeWindow_closure1.call(MaximizeWindowKeyword.groovy)
	at com.kms.katalon.core.webui.keyword.internal.WebUIKeywordMain.runKeyword(WebUIKeywordMain.groovy:20)
	... 35 more]]></system-err>
   </testsuite>
</testsuites>
