<?xml version="1.0" encoding="UTF-8"?>
<testsuites name="Flujo Completo Mov Inventario" time="1821.592" tests="1" failures="1" errors="0">
   <testsuite name="Flujo Completo Mov Inventario" tests="1" failures="1" errors="0" time="1821.592" timestamp="2020-03-04 11:12:12" hostname="kaizen - LAPTOP-K43U1BVQ" id="Test Suites/Funcionalidades_Pedidos/Flujo Completo Mov Inventario">
      <properties>
         <property name="deviceName" value=""/>
         <property name="devicePlatform" value=""/>
         <property name="logFolder" value="C:\\Users\\kaizen\\git\\AutomatizacionKatalon\\Reports\\20200304_111209\\Funcionalidades_Pedidos\\Flujo Completo Mov Inventario\\20200304_111209"/>
         <property name="logFiles" value="C:\\Users\\kaizen\\git\\AutomatizacionKatalon\\Reports\\20200304_111209\\Funcionalidades_Pedidos\\Flujo Completo Mov Inventario\\20200304_111209\\execution0.log"/>
         <property name="attachments" value="C:\\Users\\kaizen\\git\\AutomatizacionKatalon\\Reports\\20200304_111209\\Funcionalidades_Pedidos\\Flujo Completo Mov Inventario\\20200304_111209\\1583336552320.png, C:\\Users\\kaizen\\git\\AutomatizacionKatalon\\Reports\\20200304_111209\\Funcionalidades_Pedidos\\Flujo Completo Mov Inventario\\20200304_111209\\1583336552698.png"/>
         <property name="hostName" value="kaizen - LAPTOP-K43U1BVQ"/>
         <property name="os" value="Windows 10 64bit"/>
         <property name="katalonVersion" value="7.2.1.1"/>
         <property name="browser" value="Chrome 80.0.3987.122"/>
         <property name="hostAddress" value="192.168.99.1"/>
         <property name="sessionId" value="463f6ea0bfafd26d955c9faf2ad1dcf8"/>
         <property name="seleniumVersion" value="3.141.59"/>
         <property name="proxyInformation" value="ProxyInformation{proxyOption=NO_PROXY, proxyServerType=HTTP, password=, proxyServerAddress=, proxyServerPort=0, executionList=}"/>
         <property name="platform" value="Windows 10"/>
      </properties>
      <testcase name="Test Cases/Secuencias de Ejecucion/TC_Agregar_Movimiento_Inventario" time="1820.424" classname="Test Cases/Secuencias de Ejecucion/TC_Agregar_Movimiento_Inventario" status="FAILED">
         <failure type="FAILED" message="Test Cases/Secuencias de Ejecucion/TC_Agregar_Movimiento_Inventario FAILED.
Reason:
com.kms.katalon.core.exception.StepFailedException: Call Test Case 'Test Cases/Individual_Tests/Movimientos_Inventario' failed
	at com.kms.katalon.core.keyword.builtin.CallTestCaseKeyword$_callTestCase_closure1.doCall(CallTestCaseKeyword.groovy:63)
	at com.kms.katalon.core.keyword.builtin.CallTestCaseKeyword$_callTestCase_closure1.call(CallTestCaseKeyword.groovy)
	at com.kms.katalon.core.keyword.internal.KeywordMain.runKeyword(KeywordMain.groovy:68)
	at com.kms.katalon.core.keyword.builtin.CallTestCaseKeyword.callTestCase(CallTestCaseKeyword.groovy:81)
	at com.kms.katalon.core.keyword.builtin.CallTestCaseKeyword.execute(CallTestCaseKeyword.groovy:44)
	at com.kms.katalon.core.keyword.internal.KeywordExecutor.executeKeywordForPlatform(KeywordExecutor.groovy:72)
	at com.kms.katalon.core.keyword.BuiltinKeywords.callTestCase(BuiltinKeywords.groovy:334)
	at TC_Agregar_Movimiento_Inventario.run(TC_Agregar_Movimiento_Inventario:31)
	at com.kms.katalon.core.main.ScriptEngine.run(ScriptEngine.java:194)
	at com.kms.katalon.core.main.ScriptEngine.runScriptAsRawText(ScriptEngine.java:119)
	at com.kms.katalon.core.main.TestCaseExecutor.runScript(TestCaseExecutor.java:337)
	at com.kms.katalon.core.main.TestCaseExecutor.doExecute(TestCaseExecutor.java:328)
	at com.kms.katalon.core.main.TestCaseExecutor.processExecutionPhase(TestCaseExecutor.java:307)
	at com.kms.katalon.core.main.TestCaseExecutor.accessMainPhase(TestCaseExecutor.java:299)
	at com.kms.katalon.core.main.TestCaseExecutor.execute(TestCaseExecutor.java:233)
	at com.kms.katalon.core.main.TestSuiteExecutor.accessTestCaseMainPhase(TestSuiteExecutor.java:169)
	at com.kms.katalon.core.main.TestSuiteExecutor.accessTestSuiteMainPhase(TestSuiteExecutor.java:142)
	at com.kms.katalon.core.main.TestSuiteExecutor.execute(TestSuiteExecutor.java:91)
	at com.kms.katalon.core.main.TestCaseMain.startTestSuite(TestCaseMain.java:157)
	at com.kms.katalon.core.main.TestCaseMain$startTestSuite$0.call(Unknown Source)
	at TempTestSuite1583334729493.run(TempTestSuite1583334729493.groovy:36)
Caused by: com.kms.katalon.core.exception.StepFailedException: Unable to verify object 'Object Repository/Page_Index - KAIZEN/mi_btn_agregar' is present
	at com.kms.katalon.core.webui.keyword.internal.WebUIKeywordMain.stepFailed(WebUIKeywordMain.groovy:64)
	at com.kms.katalon.core.webui.keyword.internal.WebUIKeywordMain.runKeyword(WebUIKeywordMain.groovy:26)
	at com.kms.katalon.core.webui.keyword.builtin.VerifyElementPresentKeyword.verifyElementPresent(VerifyElementPresentKeyword.groovy:92)
	at com.kms.katalon.core.webui.keyword.builtin.VerifyElementPresentKeyword.execute(VerifyElementPresentKeyword.groovy:68)
	at com.kms.katalon.core.keyword.internal.KeywordExecutor.executeKeywordForPlatform(KeywordExecutor.groovy:72)
	at com.kms.katalon.core.webui.keyword.WebUiBuiltInKeywords.verifyElementPresent(WebUiBuiltInKeywords.groovy:1434)
	at com.kms.katalon.core.webui.keyword.WebUiBuiltInKeywords$verifyElementPresent$7.call(Unknown Source)
	at Movimientos_Inventario.run(Movimientos_Inventario:109)
	at com.kms.katalon.core.main.ScriptEngine.run(ScriptEngine.java:194)
	at com.kms.katalon.core.main.ScriptEngine.runScriptAsRawText(ScriptEngine.java:119)
	at com.kms.katalon.core.main.TestCaseExecutor.runScript(TestCaseExecutor.java:337)
	at com.kms.katalon.core.main.TestCaseExecutor.doExecute(TestCaseExecutor.java:328)
	at com.kms.katalon.core.main.TestCaseExecutor.processExecutionPhase(TestCaseExecutor.java:307)
	at com.kms.katalon.core.main.TestCaseExecutor.accessMainPhase(TestCaseExecutor.java:299)
	at com.kms.katalon.core.main.TestCaseExecutor.execute(TestCaseExecutor.java:233)
	at com.kms.katalon.core.main.TestCaseMain.runTestCase(TestCaseMain.java:114)
	at com.kms.katalon.core.keyword.builtin.CallTestCaseKeyword$_callTestCase_closure1.doCall(CallTestCaseKeyword.groovy:59)
	... 20 more
Caused by: com.kms.katalon.core.exception.StepFailedException: com.kms.katalon.core.webui.exception.WebElementNotFoundException: Web element with id: 'Object Repository/Page_Index - KAIZEN/mi_btn_agregar' located by 'By.xpath: //div[@id='page-wrapper']/div/div/div/a' not found
	at com.kms.katalon.core.webui.keyword.internal.WebUIKeywordMain.stepFailed(WebUIKeywordMain.groovy:64)
	at com.kms.katalon.core.webui.keyword.builtin.VerifyElementPresentKeyword$_verifyElementPresent_closure1.doCall(VerifyElementPresentKeyword.groovy:85)
	at com.kms.katalon.core.webui.keyword.builtin.VerifyElementPresentKeyword$_verifyElementPresent_closure1.call(VerifyElementPresentKeyword.groovy)
	at com.kms.katalon.core.webui.keyword.internal.WebUIKeywordMain.runKeyword(WebUIKeywordMain.groovy:20)
	... 35 more
"/>
         <system-out><![CDATA[2020-03-04 11:12:12 - [TEST_CASE][FAILED] - Test Cases/Secuencias de Ejecucion/TC_Agregar_Movimiento_Inventario: Test Cases/Secuencias de Ejecucion/TC_Agregar_Movimiento_Inventario FAILED.
Reason:
com.kms.katalon.core.exception.StepFailedException: Call Test Case 'Test Cases/Individual_Tests/Movimientos_Inventario' failed
	at com.kms.katalon.core.keyword.builtin.CallTestCaseKeyword$_callTestCase_closure1.doCall(CallTestCaseKeyword.groovy:63)
	at com.kms.katalon.core.keyword.builtin.CallTestCaseKeyword$_callTestCase_closure1.call(CallTestCaseKeyword.groovy)
	at com.kms.katalon.core.keyword.internal.KeywordMain.runKeyword(KeywordMain.groovy:68)
	at com.kms.katalon.core.keyword.builtin.CallTestCaseKeyword.callTestCase(CallTestCaseKeyword.groovy:81)
	at com.kms.katalon.core.keyword.builtin.CallTestCaseKeyword.execute(CallTestCaseKeyword.groovy:44)
	at com.kms.katalon.core.keyword.internal.KeywordExecutor.executeKeywordForPlatform(KeywordExecutor.groovy:72)
	at com.kms.katalon.core.keyword.BuiltinKeywords.callTestCase(BuiltinKeywords.groovy:334)
	at TC_Agregar_Movimiento_Inventario.run(TC_Agregar_Movimiento_Inventario:31)
	at com.kms.katalon.core.main.ScriptEngine.run(ScriptEngine.java:194)
	at com.kms.katalon.core.main.ScriptEngine.runScriptAsRawText(ScriptEngine.java:119)
	at com.kms.katalon.core.main.TestCaseExecutor.runScript(TestCaseExecutor.java:337)
	at com.kms.katalon.core.main.TestCaseExecutor.doExecute(TestCaseExecutor.java:328)
	at com.kms.katalon.core.main.TestCaseExecutor.processExecutionPhase(TestCaseExecutor.java:307)
	at com.kms.katalon.core.main.TestCaseExecutor.accessMainPhase(TestCaseExecutor.java:299)
	at com.kms.katalon.core.main.TestCaseExecutor.execute(TestCaseExecutor.java:233)
	at com.kms.katalon.core.main.TestSuiteExecutor.accessTestCaseMainPhase(TestSuiteExecutor.java:169)
	at com.kms.katalon.core.main.TestSuiteExecutor.accessTestSuiteMainPhase(TestSuiteExecutor.java:142)
	at com.kms.katalon.core.main.TestSuiteExecutor.execute(TestSuiteExecutor.java:91)
	at com.kms.katalon.core.main.TestCaseMain.startTestSuite(TestCaseMain.java:157)
	at com.kms.katalon.core.main.TestCaseMain$startTestSuite$0.call(Unknown Source)
	at TempTestSuite1583334729493.run(TempTestSuite1583334729493.groovy:36)
Caused by: com.kms.katalon.core.exception.StepFailedException: Unable to verify object 'Object Repository/Page_Index - KAIZEN/mi_btn_agregar' is present
	at com.kms.katalon.core.webui.keyword.internal.WebUIKeywordMain.stepFailed(WebUIKeywordMain.groovy:64)
	at com.kms.katalon.core.webui.keyword.internal.WebUIKeywordMain.runKeyword(WebUIKeywordMain.groovy:26)
	at com.kms.katalon.core.webui.keyword.builtin.VerifyElementPresentKeyword.verifyElementPresent(VerifyElementPresentKeyword.groovy:92)
	at com.kms.katalon.core.webui.keyword.builtin.VerifyElementPresentKeyword.execute(VerifyElementPresentKeyword.groovy:68)
	at com.kms.katalon.core.keyword.internal.KeywordExecutor.executeKeywordForPlatform(KeywordExecutor.groovy:72)
	at com.kms.katalon.core.webui.keyword.WebUiBuiltInKeywords.verifyElementPresent(WebUiBuiltInKeywords.groovy:1434)
	at com.kms.katalon.core.webui.keyword.WebUiBuiltInKeywords$verifyElementPresent$7.call(Unknown Source)
	at Movimientos_Inventario.run(Movimientos_Inventario:109)
	at com.kms.katalon.core.main.ScriptEngine.run(ScriptEngine.java:194)
	at com.kms.katalon.core.main.ScriptEngine.runScriptAsRawText(ScriptEngine.java:119)
	at com.kms.katalon.core.main.TestCaseExecutor.runScript(TestCaseExecutor.java:337)
	at com.kms.katalon.core.main.TestCaseExecutor.doExecute(TestCaseExecutor.java:328)
	at com.kms.katalon.core.main.TestCaseExecutor.processExecutionPhase(TestCaseExecutor.java:307)
	at com.kms.katalon.core.main.TestCaseExecutor.accessMainPhase(TestCaseExecutor.java:299)
	at com.kms.katalon.core.main.TestCaseExecutor.execute(TestCaseExecutor.java:233)
	at com.kms.katalon.core.main.TestCaseMain.runTestCase(TestCaseMain.java:114)
	at com.kms.katalon.core.keyword.builtin.CallTestCaseKeyword$_callTestCase_closure1.doCall(CallTestCaseKeyword.groovy:59)
	... 20 more
Caused by: com.kms.katalon.core.exception.StepFailedException: com.kms.katalon.core.webui.exception.WebElementNotFoundException: Web element with id: 'Object Repository/Page_Index - KAIZEN/mi_btn_agregar' located by 'By.xpath: //div[@id='page-wrapper']/div/div/div/a' not found
	at com.kms.katalon.core.webui.keyword.internal.WebUIKeywordMain.stepFailed(WebUIKeywordMain.groovy:64)
	at com.kms.katalon.core.webui.keyword.builtin.VerifyElementPresentKeyword$_verifyElementPresent_closure1.doCall(VerifyElementPresentKeyword.groovy:85)
	at com.kms.katalon.core.webui.keyword.builtin.VerifyElementPresentKeyword$_verifyElementPresent_closure1.call(VerifyElementPresentKeyword.groovy)
	at com.kms.katalon.core.webui.keyword.internal.WebUIKeywordMain.runKeyword(WebUIKeywordMain.groovy:20)
	... 35 more


2020-03-04 11:12:13 - [TEST_STEP][PASSED] - archivo = $RunConfiguration.getProjectDir()/Pedidos/DataExcel/Inventario/MovimientoDeInventario.xlsx: null

2020-03-04 11:12:13 - [TEST_STEP][PASSED] - excelData = getExcelDataWithDefaultSheet(archivo, "Sheet1", true): null

2020-03-04 11:12:14 - [TEST_STEP][FAILED] - for ([Index = 1, Index <= excelData.getRowNumbers(), (Index++)]): Unable to call Test Case 'Test Cases/Individual_Tests/Movimientos_Inventario' (Root cause: com.kms.katalon.core.exception.StepFailedException: Call Test Case 'Test Cases/Individual_Tests/Movimientos_Inventario' failed
	at com.kms.katalon.core.keyword.builtin.CallTestCaseKeyword$_callTestCase_closure1.doCall(CallTestCaseKeyword.groovy:63)
	at com.kms.katalon.core.keyword.builtin.CallTestCaseKeyword$_callTestCase_closure1.call(CallTestCaseKeyword.groovy)
	at com.kms.katalon.core.keyword.internal.KeywordMain.runKeyword(KeywordMain.groovy:68)
	at com.kms.katalon.core.keyword.builtin.CallTestCaseKeyword.callTestCase(CallTestCaseKeyword.groovy:81)
	at com.kms.katalon.core.keyword.builtin.CallTestCaseKeyword.execute(CallTestCaseKeyword.groovy:44)
	at com.kms.katalon.core.keyword.internal.KeywordExecutor.executeKeywordForPlatform(KeywordExecutor.groovy:72)
	at com.kms.katalon.core.keyword.BuiltinKeywords.callTestCase(BuiltinKeywords.groovy:334)
	at TC_Agregar_Movimiento_Inventario.run(TC_Agregar_Movimiento_Inventario:31)
	at com.kms.katalon.core.main.ScriptEngine.run(ScriptEngine.java:194)
	at com.kms.katalon.core.main.ScriptEngine.runScriptAsRawText(ScriptEngine.java:119)
	at com.kms.katalon.core.main.TestCaseExecutor.runScript(TestCaseExecutor.java:337)
	at com.kms.katalon.core.main.TestCaseExecutor.doExecute(TestCaseExecutor.java:328)
	at com.kms.katalon.core.main.TestCaseExecutor.processExecutionPhase(TestCaseExecutor.java:307)
	at com.kms.katalon.core.main.TestCaseExecutor.accessMainPhase(TestCaseExecutor.java:299)
	at com.kms.katalon.core.main.TestCaseExecutor.execute(TestCaseExecutor.java:233)
	at com.kms.katalon.core.main.TestSuiteExecutor.accessTestCaseMainPhase(TestSuiteExecutor.java:169)
	at com.kms.katalon.core.main.TestSuiteExecutor.accessTestSuiteMainPhase(TestSuiteExecutor.java:142)
	at com.kms.katalon.core.main.TestSuiteExecutor.execute(TestSuiteExecutor.java:91)
	at com.kms.katalon.core.main.TestCaseMain.startTestSuite(TestCaseMain.java:157)
	at com.kms.katalon.core.main.TestCaseMain$startTestSuite$0.call(Unknown Source)
	at TempTestSuite1583334729493.run(TempTestSuite1583334729493.groovy:36)
Caused by: com.kms.katalon.core.exception.StepFailedException: Unable to verify object 'Object Repository/Page_Index - KAIZEN/mi_btn_agregar' is present
	at com.kms.katalon.core.webui.keyword.internal.WebUIKeywordMain.stepFailed(WebUIKeywordMain.groovy:64)
	at com.kms.katalon.core.webui.keyword.internal.WebUIKeywordMain.runKeyword(WebUIKeywordMain.groovy:26)
	at com.kms.katalon.core.webui.keyword.builtin.VerifyElementPresentKeyword.verifyElementPresent(VerifyElementPresentKeyword.groovy:92)
	at com.kms.katalon.core.webui.keyword.builtin.VerifyElementPresentKeyword.execute(VerifyElementPresentKeyword.groovy:68)
	at com.kms.katalon.core.keyword.internal.KeywordExecutor.executeKeywordForPlatform(KeywordExecutor.groovy:72)
	at com.kms.katalon.core.webui.keyword.WebUiBuiltInKeywords.verifyElementPresent(WebUiBuiltInKeywords.groovy:1434)
	at com.kms.katalon.core.webui.keyword.WebUiBuiltInKeywords$verifyElementPresent$7.call(Unknown Source)
	at Movimientos_Inventario.run(Movimientos_Inventario:109)
	at com.kms.katalon.core.main.ScriptEngine.run(ScriptEngine.java:194)
	at com.kms.katalon.core.main.ScriptEngine.runScriptAsRawText(ScriptEngine.java:119)
	at com.kms.katalon.core.main.TestCaseExecutor.runScript(TestCaseExecutor.java:337)
	at com.kms.katalon.core.main.TestCaseExecutor.doExecute(TestCaseExecutor.java:328)
	at com.kms.katalon.core.main.TestCaseExecutor.processExecutionPhase(TestCaseExecutor.java:307)
	at com.kms.katalon.core.main.TestCaseExecutor.accessMainPhase(TestCaseExecutor.java:299)
	at com.kms.katalon.core.main.TestCaseExecutor.execute(TestCaseExecutor.java:233)
	at com.kms.katalon.core.main.TestCaseMain.runTestCase(TestCaseMain.java:114)
	at com.kms.katalon.core.keyword.builtin.CallTestCaseKeyword$_callTestCase_closure1.doCall(CallTestCaseKeyword.groovy:59)
	... 20 more
Caused by: com.kms.katalon.core.exception.StepFailedException: com.kms.katalon.core.webui.exception.WebElementNotFoundException: Web element with id: 'Object Repository/Page_Index - KAIZEN/mi_btn_agregar' located by 'By.xpath: //div[@id='page-wrapper']/div/div/div/a' not found
	at com.kms.katalon.core.webui.keyword.internal.WebUIKeywordMain.stepFailed(WebUIKeywordMain.groovy:64)
	at com.kms.katalon.core.webui.keyword.builtin.VerifyElementPresentKeyword$_verifyElementPresent_closure1.doCall(VerifyElementPresentKeyword.groovy:85)
	at com.kms.katalon.core.webui.keyword.builtin.VerifyElementPresentKeyword$_verifyElementPresent_closure1.call(VerifyElementPresentKeyword.groovy)
	at com.kms.katalon.core.webui.keyword.internal.WebUIKeywordMain.runKeyword(WebUIKeywordMain.groovy:20)
	... 35 more
)

2020-03-04 11:12:14 - [TEST_STEP][PASSED] - callTestCase(findTestCase("Individual_Tests/Login"), ["Evento":"MovimientoDeInventario", "Index":Index, "Usuario":"", "Contrasena":""], STOP_ON_FAILURE): Call Test Case 'Test Cases/Individual_Tests/Login' successfully

2020-03-04 11:12:14 - [TEST_CASE][PASSED] - Test Cases/Individual_Tests/Login: Test Cases/Individual_Tests/Login

2020-03-04 11:12:14 - [TEST_STEP][PASSED] - print("Evento Seleccionado: " + Evento + "
"): null

2020-03-04 11:12:14 - [TEST_STEP][PASSED] - openBrowser(Web): Browser is opened with url: 'http://test.kaizendev.net/Login/Accesar?salir=true'

2020-03-04 11:12:15 - [MESSAGE][INFO] - Starting 'Chrome' driver

2020-03-04 11:12:15 - [MESSAGE][INFO] - Action delay is set to 0 seconds

2020-03-04 11:12:43 - [MESSAGE][PASSED] - Browser is opened with url: 'http://test.kaizendev.net/Login/Accesar?salir=true'

2020-03-04 11:12:43 - [TEST_STEP][PASSED] - maximizeWindow(): Current window maximized

2020-03-04 11:12:44 - [MESSAGE][PASSED] - Current window maximized

2020-03-04 11:12:44 - [TEST_STEP][PASSED] - if (Evento == "Crear20"): null

2020-03-04 11:12:44 - [TEST_STEP][PASSED] - else if (Evento == "Crear40"): null

2020-03-04 11:12:45 - [TEST_STEP][PASSED] - else if (Evento == "Aprobar"): null

2020-03-04 11:12:45 - [TEST_STEP][PASSED] - else if (Evento == "Logistica"): null

2020-03-04 11:12:45 - [TEST_STEP][PASSED] - else if (Evento == "Produccion"): null

2020-03-04 11:12:45 - [TEST_STEP][PASSED] - else if (Evento == "Inventario"): null

2020-03-04 11:12:45 - [TEST_STEP][PASSED] - else if (Evento == "Despacho"): null

2020-03-04 11:12:45 - [TEST_STEP][PASSED] - else if (Evento == "ProductoAlmacen"): null

2020-03-04 11:12:45 - [TEST_STEP][PASSED] - else if (Evento == "MovimientoDeInventario"): Object: 'Object Repository/Page_Iniciar Sesion - KAIZEN/is_btn_ingresar_sistema' is clicked on

2020-03-04 11:12:45 - [TEST_STEP][PASSED] - data8 = obtener_excels.obtener_mov_inventario.getValuesExcelMovInventario(Index): obtener_excels.obtener_mov_inventario.getValuesExcelMovInventario is PASSED

2020-03-04 11:12:45 - [MESSAGE][PASSED] - obtener_excels.obtener_mov_inventario.getValuesExcelMovInventario is PASSED

2020-03-04 11:12:45 - [TEST_STEP][PASSED] - Usuario = data8[1]: null

2020-03-04 11:12:45 - [TEST_STEP][PASSED] - Contrasena = data8[2]: null

2020-03-04 11:12:45 - [TEST_STEP][PASSED] - setText(findTestObject("Page_Iniciar Sesion - KAIZEN/is_input_email"), Usuario): Text 'automated.test@grupokaizen.net' is set on object 'Object Repository/Page_Iniciar Sesion - KAIZEN/is_input_email'

2020-03-04 11:12:45 - [MESSAGE][PASSED] - Text 'automated.test@grupokaizen.net' is set on object 'Object Repository/Page_Iniciar Sesion - KAIZEN/is_input_email'

2020-03-04 11:12:45 - [TEST_STEP][PASSED] - setEncryptedText(findTestObject("Page_Iniciar Sesion - KAIZEN/IS_input_contrasena"), Contrasena): Text ****** has been set on object 'Object Repository/Page_Iniciar Sesion - KAIZEN/IS_input_contrasena'

2020-03-04 11:12:46 - [MESSAGE][PASSED] - Text ****** has been set on object 'Object Repository/Page_Iniciar Sesion - KAIZEN/IS_input_contrasena'

2020-03-04 11:12:46 - [TEST_STEP][PASSED] - click(findTestObject("Page_Iniciar Sesion - KAIZEN/is_btn_ingresar_sistema")): Object: 'Object Repository/Page_Iniciar Sesion - KAIZEN/is_btn_ingresar_sistema' is clicked on

2020-03-04 11:12:49 - [MESSAGE][PASSED] - Object: 'Object Repository/Page_Iniciar Sesion - KAIZEN/is_btn_ingresar_sistema' is clicked on

2020-03-04 11:12:49 - [MESSAGE][PASSED] - Call Test Case 'Test Cases/Individual_Tests/Login' successfully

2020-03-04 11:12:49 - [TEST_STEP][PASSED] - callTestCase(findTestCase("Individual_Tests/Seleccionar_Idioma"), ["Evento":"MovimientoDeInventario", "Index":Index], STOP_ON_FAILURE): Call Test Case 'Test Cases/Individual_Tests/Seleccionar_Idioma' successfully

2020-03-04 11:12:49 - [TEST_CASE][PASSED] - Test Cases/Individual_Tests/Seleccionar_Idioma: Test Cases/Individual_Tests/Seleccionar_Idioma

2020-03-04 11:12:49 - [TEST_STEP][PASSED] - Idioma = 0: null

2020-03-04 11:12:49 - [TEST_STEP][PASSED] - if (Evento == "Crear20"): null

2020-03-04 11:12:49 - [TEST_STEP][PASSED] - else if (Evento == "Crear40"): null

2020-03-04 11:12:49 - [TEST_STEP][PASSED] - else if (Evento == "Aprobar"): null

2020-03-04 11:12:49 - [TEST_STEP][PASSED] - else if (Evento == "Logistica"): null

2020-03-04 11:12:49 - [TEST_STEP][PASSED] - else if (Evento == "Produccion"): null

2020-03-04 11:12:49 - [TEST_STEP][PASSED] - else if (Evento == "Inventario"): null

2020-03-04 11:12:49 - [TEST_STEP][PASSED] - else if (Evento == "Despacho"): null

2020-03-04 11:12:49 - [TEST_STEP][PASSED] - else if (Evento == "ProductoAlmacen"): null

2020-03-04 11:12:49 - [TEST_STEP][PASSED] - else if (Evento == "MovimientoDeInventario"): null

2020-03-04 11:12:49 - [TEST_STEP][PASSED] - data7 = obtener_excels.obtener_mov_inventario.getValuesExcelMovInventario(Index): obtener_excels.obtener_mov_inventario.getValuesExcelMovInventario is PASSED

2020-03-04 11:12:49 - [MESSAGE][PASSED] - obtener_excels.obtener_mov_inventario.getValuesExcelMovInventario is PASSED

2020-03-04 11:12:49 - [TEST_STEP][PASSED] - Idioma = data7[0]: null

2020-03-04 11:12:49 - [TEST_STEP][PASSED] - click(findTestObject("Page_- KAIZEN/si_btn_idioma")): Object: 'Object Repository/Page_- KAIZEN/si_btn_idioma' is clicked on

2020-03-04 11:12:50 - [MESSAGE][PASSED] - Object: 'Object Repository/Page_- KAIZEN/si_btn_idioma' is clicked on

2020-03-04 11:12:50 - [TEST_STEP][PASSED] - if (Idioma == "0"): null

2020-03-04 11:12:50 - [TEST_STEP][PASSED] - else: Object: 'Object Repository/Page_- KAIZEN/si_Spanish' is clicked on

2020-03-04 11:12:50 - [TEST_STEP][PASSED] - click(findTestObject("Page_- KAIZEN/si_Spanish")): Object: 'Object Repository/Page_- KAIZEN/si_Spanish' is clicked on

2020-03-04 11:12:51 - [MESSAGE][PASSED] - Object: 'Object Repository/Page_- KAIZEN/si_Spanish' is clicked on

2020-03-04 11:12:51 - [MESSAGE][PASSED] - Call Test Case 'Test Cases/Individual_Tests/Seleccionar_Idioma' successfully

2020-03-04 11:12:51 - [TEST_STEP][PASSED] - callTestCase(findTestCase("Individual_Tests/Movimientos_Inventario"), ["Index":Index], STOP_ON_FAILURE): Call Test Case 'Test Cases/Individual_Tests/Movimientos_Inventario' successfully

2020-03-04 11:12:51 - [TEST_CASE][PASSED] - Test Cases/Individual_Tests/Movimientos_Inventario: Test Cases/Individual_Tests/Movimientos_Inventario

2020-03-04 11:12:52 - [TEST_STEP][PASSED] - data = obtener_excels.obtener_mov_inventario.getValuesExcelMovInventario(Index): obtener_excels.obtener_mov_inventario.getValuesExcelMovInventario is PASSED

2020-03-04 11:12:52 - [MESSAGE][PASSED] - obtener_excels.obtener_mov_inventario.getValuesExcelMovInventario is PASSED

2020-03-04 11:12:52 - [TEST_STEP][PASSED] - concepto = data[3]: null

2020-03-04 11:12:52 - [TEST_STEP][PASSED] - motivo = data[4]: null

2020-03-04 11:12:52 - [TEST_STEP][PASSED] - IdProducto = data[14]: null

2020-03-04 11:12:52 - [TEST_STEP][PASSED] - Existencia = data[8]: null

2020-03-04 11:12:52 - [TEST_STEP][PASSED] - cantidadActual1 = data[10]: null

2020-03-04 11:12:52 - [TEST_STEP][PASSED] - cantidadActual2 = data[12]: null

2020-03-04 11:12:52 - [TEST_STEP][PASSED] - codProducto = data[5]: null

2020-03-04 11:12:52 - [TEST_STEP][PASSED] - IdGrupo = data[6]: null

2020-03-04 11:12:52 - [TEST_STEP][PASSED] - Producto = data[7]: null

2020-03-04 11:12:52 - [TEST_STEP][PASSED] - IdAlmacen1 = data[9]: null

2020-03-04 11:12:52 - [TEST_STEP][PASSED] - IdAlmacen2 = data[11]: null

2020-03-04 11:12:52 - [TEST_STEP][PASSED] - cantidadAMover = data[13]: null

2020-03-04 11:12:52 - [TEST_STEP][PASSED] - cantidad = data[13]: null

2020-03-04 11:12:52 - [TEST_STEP][PASSED] - rand = new java.util.Random(): null

2020-03-04 11:12:52 - [TEST_STEP][PASSED] - nuevacantidad = 0: null

2020-03-04 11:12:52 - [TEST_STEP][PASSED] - if (concepto == "TransferenciaDeMercancias" & cantidad == "0"): null

2020-03-04 11:12:52 - [TEST_STEP][PASSED] - concepto = data[3]: null

2020-03-04 11:12:52 - [TEST_STEP][PASSED] - motivo = data[4]: null

2020-03-04 11:12:52 - [TEST_STEP][PASSED] - click(findTestObject("Object Repository/Page_- KAIZEN/mi_menu_Inventario")): Object: 'Object Repository/Page_- KAIZEN/mi_menu_Inventario' is clicked on

2020-03-04 11:12:52 - [MESSAGE][PASSED] - Object: 'Object Repository/Page_- KAIZEN/mi_menu_Inventario' is clicked on

2020-03-04 11:12:52 - [TEST_STEP][PASSED] - click(findTestObject("Object Repository/Page_- KAIZEN/mi_menu_Movimientos")): Object: 'Object Repository/Page_- KAIZEN/mi_menu_Movimientos' is clicked on

2020-03-04 11:12:55 - [MESSAGE][PASSED] - Object: 'Object Repository/Page_- KAIZEN/mi_menu_Movimientos' is clicked on

2020-03-04 11:12:55 - [TEST_STEP][PASSED] - click(findTestObject("Object Repository/Page_Index - KAIZEN/mi_btn_agregar")): Object: 'Object Repository/Page_Index - KAIZEN/mi_btn_agregar' is clicked on

2020-03-04 11:13:00 - [MESSAGE][PASSED] - Object: 'Object Repository/Page_Index - KAIZEN/mi_btn_agregar' is clicked on

2020-03-04 11:13:00 - [TEST_STEP][PASSED] - selectOptionByValue(findTestObject("Object Repository/Page_Create - KAIZEN/mi_select_concepto"), concepto, true): All options with value 'TransferenciaDeMercancias' are selected in object 'Object Repository/Page_Create - KAIZEN/mi_select_concepto'  using regular expression

2020-03-04 11:13:02 - [MESSAGE][PASSED] - All options with value 'TransferenciaDeMercancias' are selected in object 'Object Repository/Page_Create - KAIZEN/mi_select_concepto'  using regular expression

2020-03-04 11:13:02 - [TEST_STEP][PASSED] - selectOptionByValue(findTestObject("Object Repository/Page_Create - KAIZEN/mi_select_motivo"), motivo, true): All options with value 'DannoProducto' are selected in object 'Object Repository/Page_Create - KAIZEN/mi_select_motivo'  using regular expression

2020-03-04 11:13:03 - [MESSAGE][PASSED] - All options with value 'DannoProducto' are selected in object 'Object Repository/Page_Create - KAIZEN/mi_select_motivo'  using regular expression

2020-03-04 11:13:03 - [TEST_STEP][PASSED] - click(findTestObject("Object Repository/Page_Create - KAIZEN/mi_select_buscar_Producto")): Object: 'Object Repository/Page_Create - KAIZEN/mi_select_buscar_Producto' is clicked on

2020-03-04 11:13:04 - [MESSAGE][PASSED] - Object: 'Object Repository/Page_Create - KAIZEN/mi_select_buscar_Producto' is clicked on

2020-03-04 11:13:04 - [TEST_STEP][PASSED] - setText(findTestObject("Object Repository/Page_Create - KAIZEN/mi_assing_producto"), codProducto): Text '2663-909-114' is set on object 'Object Repository/Page_Create - KAIZEN/mi_assing_producto'

2020-03-04 11:13:05 - [MESSAGE][PASSED] - Text '2663-909-114' is set on object 'Object Repository/Page_Create - KAIZEN/mi_assing_producto'

2020-03-04 11:13:05 - [TEST_STEP][PASSED] - sendKeys(findTestObject("Object Repository/Page_Create - KAIZEN/mi_assing_producto"), Keys.chord(ENTER)): Keys 'ENTER + ' sent to object: 'Object Repository/Page_Create - KAIZEN/mi_assing_producto'

2020-03-04 11:13:05 - [MESSAGE][PASSED] - Keys 'ENTER + ' sent to object: 'Object Repository/Page_Create - KAIZEN/mi_assing_producto'

2020-03-04 11:13:05 - [TEST_STEP][PASSED] - setText(findTestObject("Object Repository/Page_Create - KAIZEN/mi_assing_cantidad"), cantidadAMover): Text '3120478' is set on object 'Object Repository/Page_Create - KAIZEN/mi_assing_cantidad'

2020-03-04 11:13:06 - [MESSAGE][PASSED] - Text '3120478' is set on object 'Object Repository/Page_Create - KAIZEN/mi_assing_cantidad'

2020-03-04 11:13:06 - [TEST_STEP][PASSED] - sendKeys(findTestObject("Object Repository/Page_Create - KAIZEN/mi_assing_cantidad"), Keys.chord(ENTER)): Keys 'ENTER + ' sent to object: 'Object Repository/Page_Create - KAIZEN/mi_assing_cantidad'

2020-03-04 11:13:06 - [MESSAGE][PASSED] - Keys 'ENTER + ' sent to object: 'Object Repository/Page_Create - KAIZEN/mi_assing_cantidad'

2020-03-04 11:13:06 - [TEST_STEP][PASSED] - delay(5): Delayed 5 second(s)

2020-03-04 11:13:11 - [MESSAGE][PASSED] - Delayed 5 second(s)

2020-03-04 11:13:11 - [TEST_STEP][PASSED] - modal = executeJavaScript("return document.querySelector('.swal2-popup');", null): Execute JavaScript 'return document.querySelector('.swal2-popup');' successfully

2020-03-04 11:13:11 - [MESSAGE][PASSED] - Execute JavaScript 'return document.querySelector('.swal2-popup');' successfully

2020-03-04 11:13:11 - [TEST_STEP][PASSED] - if (modal == null): null

2020-03-04 11:13:11 - [TEST_STEP][PASSED] - else: Object 'Object Repository/Page_Index - KAIZEN/mi_btn_agregar' is present

2020-03-04 11:13:11 - [TEST_STEP][PASSED] - executeJavaScript("document.querySelector(".swal2-confirm").click();", null): Execute JavaScript 'document.querySelector(".swal2-confirm").click();' successfully

2020-03-04 11:13:11 - [MESSAGE][PASSED] - Execute JavaScript 'document.querySelector(".swal2-confirm").click();' successfully

2020-03-04 11:13:11 - [TEST_STEP][PASSED] - if (motivo == "EntradaPorFabricacion"): null

2020-03-04 11:13:11 - [TEST_STEP][PASSED] - else: Object 'Object Repository/Page_Index - KAIZEN/mi_btn_agregar' is present

2020-03-04 11:13:11 - [TEST_STEP][PASSED] - selectOptionByValue(findTestObject("Object Repository/Page_Create - KAIZEN/mi_assing_almacen1"), IdAlmacen1, true): All options with value '1' are selected in object 'Object Repository/Page_Create - KAIZEN/mi_assing_almacen1'  using regular expression

2020-03-04 11:13:13 - [MESSAGE][PASSED] - All options with value '1' are selected in object 'Object Repository/Page_Create - KAIZEN/mi_assing_almacen1'  using regular expression

2020-03-04 11:13:13 - [TEST_STEP][PASSED] - if (concepto == "TransferenciaDeMercancias"): Object 'Object Repository/Page_Index - KAIZEN/mi_btn_agregar' is present

2020-03-04 11:13:13 - [TEST_STEP][PASSED] - selectOptionByValue(findTestObject("Object Repository/Page_Create - KAIZEN/mi_assing_almacen2"), IdAlmacen2, true): All options with value '6' are selected in object 'Object Repository/Page_Create - KAIZEN/mi_assing_almacen2'  using regular expression

2020-03-04 11:13:14 - [MESSAGE][PASSED] - All options with value '6' are selected in object 'Object Repository/Page_Create - KAIZEN/mi_assing_almacen2'  using regular expression

2020-03-04 11:13:14 - [TEST_STEP][PASSED] - click(findTestObject("Object Repository/Page_Create - KAIZEN/mi_btn_Guardar")): Object: 'Object Repository/Page_Create - KAIZEN/mi_btn_Guardar' is clicked on

2020-03-04 11:13:20 - [MESSAGE][PASSED] - Object: 'Object Repository/Page_Create - KAIZEN/mi_btn_Guardar' is clicked on

2020-03-04 11:13:20 - [TEST_STEP][PASSED] - verifyElementPresent(findTestObject("Object Repository/Page_Index - KAIZEN/mi_btn_agregar"), 5): Object 'Object Repository/Page_Index - KAIZEN/mi_btn_agregar' is present

2020-03-04 11:13:23 - [MESSAGE][PASSED] - Object 'Object Repository/Page_Index - KAIZEN/mi_btn_agregar' is present

2020-03-04 11:13:23 - [TEST_STEP][PASSED] - delay(5): Delayed 5 second(s)

2020-03-04 11:13:28 - [MESSAGE][PASSED] - Delayed 5 second(s)

2020-03-04 11:13:28 - [TEST_STEP][PASSED] - exportar_archivos.logInventario.reporteInv(concepto, motivo, IdProducto, codProducto, Producto, IdGrupo, Existencia, IdAlmacen1, cantidadActual1, IdAlmacen2, cantidadActual2, cantidad): exportar_archivos.logInventario.reporteInv is PASSED

2020-03-04 11:13:28 - [MESSAGE][PASSED] - exportar_archivos.logInventario.reporteInv is PASSED

2020-03-04 11:13:28 - [MESSAGE][PASSED] - Call Test Case 'Test Cases/Individual_Tests/Movimientos_Inventario' successfully

2020-03-04 11:13:28 - [TEST_STEP][PASSED] - callTestCase(findTestCase("Individual_Tests/Login"), ["Evento":"MovimientoDeInventario", "Index":Index, "Usuario":"", "Contrasena":""], STOP_ON_FAILURE): Call Test Case 'Test Cases/Individual_Tests/Login' successfully

2020-03-04 11:13:28 - [TEST_CASE][PASSED] - Test Cases/Individual_Tests/Login: Test Cases/Individual_Tests/Login

2020-03-04 11:13:28 - [TEST_STEP][PASSED] - print("Evento Seleccionado: " + Evento + "
"): null

2020-03-04 11:13:28 - [TEST_STEP][PASSED] - openBrowser(Web): Browser is opened with url: 'http://test.kaizendev.net/Login/Accesar?salir=true'

2020-03-04 11:13:28 - [MESSAGE][WARNING] - A browser is already opened. Closing browser and opening a new one

2020-03-04 11:13:29 - [MESSAGE][INFO] - Starting 'Chrome' driver

2020-03-04 11:13:44 - [MESSAGE][PASSED] - Browser is opened with url: 'http://test.kaizendev.net/Login/Accesar?salir=true'

2020-03-04 11:13:44 - [TEST_STEP][PASSED] - maximizeWindow(): Current window maximized

2020-03-04 11:13:45 - [MESSAGE][PASSED] - Current window maximized

2020-03-04 11:13:45 - [TEST_STEP][PASSED] - if (Evento == "Crear20"): null

2020-03-04 11:13:45 - [TEST_STEP][PASSED] - else if (Evento == "Crear40"): null

2020-03-04 11:13:45 - [TEST_STEP][PASSED] - else if (Evento == "Aprobar"): null

2020-03-04 11:13:45 - [TEST_STEP][PASSED] - else if (Evento == "Logistica"): null

2020-03-04 11:13:45 - [TEST_STEP][PASSED] - else if (Evento == "Produccion"): null

2020-03-04 11:13:45 - [TEST_STEP][PASSED] - else if (Evento == "Inventario"): null

2020-03-04 11:13:45 - [TEST_STEP][PASSED] - else if (Evento == "Despacho"): null

2020-03-04 11:13:45 - [TEST_STEP][PASSED] - else if (Evento == "ProductoAlmacen"): null

2020-03-04 11:13:45 - [TEST_STEP][PASSED] - else if (Evento == "MovimientoDeInventario"): Object: 'Object Repository/Page_Iniciar Sesion - KAIZEN/is_btn_ingresar_sistema' is clicked on

2020-03-04 11:13:45 - [TEST_STEP][PASSED] - data8 = obtener_excels.obtener_mov_inventario.getValuesExcelMovInventario(Index): obtener_excels.obtener_mov_inventario.getValuesExcelMovInventario is PASSED

2020-03-04 11:13:45 - [MESSAGE][PASSED] - obtener_excels.obtener_mov_inventario.getValuesExcelMovInventario is PASSED

2020-03-04 11:13:45 - [TEST_STEP][PASSED] - Usuario = data8[1]: null

2020-03-04 11:13:45 - [TEST_STEP][PASSED] - Contrasena = data8[2]: null

2020-03-04 11:13:45 - [TEST_STEP][PASSED] - setText(findTestObject("Page_Iniciar Sesion - KAIZEN/is_input_email"), Usuario): Text 'automated.test@grupokaizen.net' is set on object 'Object Repository/Page_Iniciar Sesion - KAIZEN/is_input_email'

2020-03-04 11:13:46 - [MESSAGE][PASSED] - Text 'automated.test@grupokaizen.net' is set on object 'Object Repository/Page_Iniciar Sesion - KAIZEN/is_input_email'

2020-03-04 11:13:46 - [TEST_STEP][PASSED] - setEncryptedText(findTestObject("Page_Iniciar Sesion - KAIZEN/IS_input_contrasena"), Contrasena): Text ****** has been set on object 'Object Repository/Page_Iniciar Sesion - KAIZEN/IS_input_contrasena'

2020-03-04 11:13:47 - [MESSAGE][PASSED] - Text ****** has been set on object 'Object Repository/Page_Iniciar Sesion - KAIZEN/IS_input_contrasena'

2020-03-04 11:13:47 - [TEST_STEP][PASSED] - click(findTestObject("Page_Iniciar Sesion - KAIZEN/is_btn_ingresar_sistema")): Object: 'Object Repository/Page_Iniciar Sesion - KAIZEN/is_btn_ingresar_sistema' is clicked on

2020-03-04 11:13:49 - [MESSAGE][PASSED] - Object: 'Object Repository/Page_Iniciar Sesion - KAIZEN/is_btn_ingresar_sistema' is clicked on

2020-03-04 11:13:49 - [MESSAGE][PASSED] - Call Test Case 'Test Cases/Individual_Tests/Login' successfully

2020-03-04 11:13:49 - [TEST_STEP][PASSED] - callTestCase(findTestCase("Individual_Tests/Seleccionar_Idioma"), ["Evento":"MovimientoDeInventario", "Index":Index], STOP_ON_FAILURE): Call Test Case 'Test Cases/Individual_Tests/Seleccionar_Idioma' successfully

2020-03-04 11:13:49 - [TEST_CASE][PASSED] - Test Cases/Individual_Tests/Seleccionar_Idioma: Test Cases/Individual_Tests/Seleccionar_Idioma

2020-03-04 11:13:49 - [TEST_STEP][PASSED] - Idioma = 0: null

2020-03-04 11:13:49 - [TEST_STEP][PASSED] - if (Evento == "Crear20"): null

2020-03-04 11:13:49 - [TEST_STEP][PASSED] - else if (Evento == "Crear40"): null

2020-03-04 11:13:49 - [TEST_STEP][PASSED] - else if (Evento == "Aprobar"): null

2020-03-04 11:13:49 - [TEST_STEP][PASSED] - else if (Evento == "Logistica"): null

2020-03-04 11:13:49 - [TEST_STEP][PASSED] - else if (Evento == "Produccion"): null

2020-03-04 11:13:49 - [TEST_STEP][PASSED] - else if (Evento == "Inventario"): null

2020-03-04 11:13:49 - [TEST_STEP][PASSED] - else if (Evento == "Despacho"): null

2020-03-04 11:13:49 - [TEST_STEP][PASSED] - else if (Evento == "ProductoAlmacen"): null

2020-03-04 11:13:49 - [TEST_STEP][PASSED] - else if (Evento == "MovimientoDeInventario"): null

2020-03-04 11:13:49 - [TEST_STEP][PASSED] - data7 = obtener_excels.obtener_mov_inventario.getValuesExcelMovInventario(Index): obtener_excels.obtener_mov_inventario.getValuesExcelMovInventario is PASSED

2020-03-04 11:13:49 - [MESSAGE][PASSED] - obtener_excels.obtener_mov_inventario.getValuesExcelMovInventario is PASSED

2020-03-04 11:13:49 - [TEST_STEP][PASSED] - Idioma = data7[0]: null

2020-03-04 11:13:49 - [TEST_STEP][PASSED] - click(findTestObject("Page_- KAIZEN/si_btn_idioma")): Object: 'Object Repository/Page_- KAIZEN/si_btn_idioma' is clicked on

2020-03-04 11:13:50 - [MESSAGE][PASSED] - Object: 'Object Repository/Page_- KAIZEN/si_btn_idioma' is clicked on

2020-03-04 11:13:50 - [TEST_STEP][PASSED] - if (Idioma == "0"): null

2020-03-04 11:13:50 - [TEST_STEP][PASSED] - else: Object: 'Object Repository/Page_- KAIZEN/si_Spanish' is clicked on

2020-03-04 11:13:50 - [TEST_STEP][PASSED] - click(findTestObject("Page_- KAIZEN/si_Spanish")): Object: 'Object Repository/Page_- KAIZEN/si_Spanish' is clicked on

2020-03-04 11:13:51 - [MESSAGE][PASSED] - Object: 'Object Repository/Page_- KAIZEN/si_Spanish' is clicked on

2020-03-04 11:13:51 - [MESSAGE][PASSED] - Call Test Case 'Test Cases/Individual_Tests/Seleccionar_Idioma' successfully

2020-03-04 11:13:51 - [TEST_STEP][PASSED] - callTestCase(findTestCase("Individual_Tests/Movimientos_Inventario"), ["Index":Index], STOP_ON_FAILURE): Call Test Case 'Test Cases/Individual_Tests/Movimientos_Inventario' successfully

2020-03-04 11:13:51 - [TEST_CASE][PASSED] - Test Cases/Individual_Tests/Movimientos_Inventario: Test Cases/Individual_Tests/Movimientos_Inventario

2020-03-04 11:13:52 - [TEST_STEP][PASSED] - data = obtener_excels.obtener_mov_inventario.getValuesExcelMovInventario(Index): obtener_excels.obtener_mov_inventario.getValuesExcelMovInventario is PASSED

2020-03-04 11:13:52 - [MESSAGE][PASSED] - obtener_excels.obtener_mov_inventario.getValuesExcelMovInventario is PASSED

2020-03-04 11:13:52 - [TEST_STEP][PASSED] - concepto = data[3]: null

2020-03-04 11:13:52 - [TEST_STEP][PASSED] - motivo = data[4]: null

2020-03-04 11:13:52 - [TEST_STEP][PASSED] - IdProducto = data[14]: null

2020-03-04 11:13:52 - [TEST_STEP][PASSED] - Existencia = data[8]: null

2020-03-04 11:13:52 - [TEST_STEP][PASSED] - cantidadActual1 = data[10]: null

2020-03-04 11:13:52 - [TEST_STEP][PASSED] - cantidadActual2 = data[12]: null

2020-03-04 11:13:52 - [TEST_STEP][PASSED] - codProducto = data[5]: null

2020-03-04 11:13:52 - [TEST_STEP][PASSED] - IdGrupo = data[6]: null

2020-03-04 11:13:52 - [TEST_STEP][PASSED] - Producto = data[7]: null

2020-03-04 11:13:52 - [TEST_STEP][PASSED] - IdAlmacen1 = data[9]: null

2020-03-04 11:13:52 - [TEST_STEP][PASSED] - IdAlmacen2 = data[11]: null

2020-03-04 11:13:52 - [TEST_STEP][PASSED] - cantidadAMover = data[13]: null

2020-03-04 11:13:52 - [TEST_STEP][PASSED] - cantidad = data[13]: null

2020-03-04 11:13:52 - [TEST_STEP][PASSED] - rand = new java.util.Random(): null

2020-03-04 11:13:52 - [TEST_STEP][PASSED] - nuevacantidad = 0: null

2020-03-04 11:13:52 - [TEST_STEP][PASSED] - if (concepto == "TransferenciaDeMercancias" & cantidad == "0"): null

2020-03-04 11:13:52 - [TEST_STEP][PASSED] - concepto = data[3]: null

2020-03-04 11:13:52 - [TEST_STEP][PASSED] - motivo = data[4]: null

2020-03-04 11:13:52 - [TEST_STEP][PASSED] - click(findTestObject("Object Repository/Page_- KAIZEN/mi_menu_Inventario")): Object: 'Object Repository/Page_- KAIZEN/mi_menu_Inventario' is clicked on

2020-03-04 11:13:53 - [MESSAGE][PASSED] - Object: 'Object Repository/Page_- KAIZEN/mi_menu_Inventario' is clicked on

2020-03-04 11:13:53 - [TEST_STEP][PASSED] - click(findTestObject("Object Repository/Page_- KAIZEN/mi_menu_Movimientos")): Object: 'Object Repository/Page_- KAIZEN/mi_menu_Movimientos' is clicked on

2020-03-04 11:13:55 - [MESSAGE][PASSED] - Object: 'Object Repository/Page_- KAIZEN/mi_menu_Movimientos' is clicked on

2020-03-04 11:13:55 - [TEST_STEP][PASSED] - click(findTestObject("Object Repository/Page_Index - KAIZEN/mi_btn_agregar")): Object: 'Object Repository/Page_Index - KAIZEN/mi_btn_agregar' is clicked on

2020-03-04 11:13:59 - [MESSAGE][PASSED] - Object: 'Object Repository/Page_Index - KAIZEN/mi_btn_agregar' is clicked on

2020-03-04 11:13:59 - [TEST_STEP][PASSED] - selectOptionByValue(findTestObject("Object Repository/Page_Create - KAIZEN/mi_select_concepto"), concepto, true): All options with value 'TransferenciaDeMercancias' are selected in object 'Object Repository/Page_Create - KAIZEN/mi_select_concepto'  using regular expression

2020-03-04 11:14:01 - [MESSAGE][PASSED] - All options with value 'TransferenciaDeMercancias' are selected in object 'Object Repository/Page_Create - KAIZEN/mi_select_concepto'  using regular expression

2020-03-04 11:14:01 - [TEST_STEP][PASSED] - selectOptionByValue(findTestObject("Object Repository/Page_Create - KAIZEN/mi_select_motivo"), motivo, true): All options with value 'DannoProducto' are selected in object 'Object Repository/Page_Create - KAIZEN/mi_select_motivo'  using regular expression

2020-03-04 11:14:02 - [MESSAGE][PASSED] - All options with value 'DannoProducto' are selected in object 'Object Repository/Page_Create - KAIZEN/mi_select_motivo'  using regular expression

2020-03-04 11:14:02 - [TEST_STEP][PASSED] - click(findTestObject("Object Repository/Page_Create - KAIZEN/mi_select_buscar_Producto")): Object: 'Object Repository/Page_Create - KAIZEN/mi_select_buscar_Producto' is clicked on

2020-03-04 11:14:03 - [MESSAGE][PASSED] - Object: 'Object Repository/Page_Create - KAIZEN/mi_select_buscar_Producto' is clicked on

2020-03-04 11:14:03 - [TEST_STEP][PASSED] - setText(findTestObject("Object Repository/Page_Create - KAIZEN/mi_assing_producto"), codProducto): Text '2663-909-114' is set on object 'Object Repository/Page_Create - KAIZEN/mi_assing_producto'

2020-03-04 11:14:04 - [MESSAGE][PASSED] - Text '2663-909-114' is set on object 'Object Repository/Page_Create - KAIZEN/mi_assing_producto'

2020-03-04 11:14:04 - [TEST_STEP][PASSED] - sendKeys(findTestObject("Object Repository/Page_Create - KAIZEN/mi_assing_producto"), Keys.chord(ENTER)): Keys 'ENTER + ' sent to object: 'Object Repository/Page_Create - KAIZEN/mi_assing_producto'

2020-03-04 11:14:04 - [MESSAGE][PASSED] - Keys 'ENTER + ' sent to object: 'Object Repository/Page_Create - KAIZEN/mi_assing_producto'

2020-03-04 11:14:04 - [TEST_STEP][PASSED] - setText(findTestObject("Object Repository/Page_Create - KAIZEN/mi_assing_cantidad"), cantidadAMover): Text '92' is set on object 'Object Repository/Page_Create - KAIZEN/mi_assing_cantidad'

2020-03-04 11:14:05 - [MESSAGE][PASSED] - Text '92' is set on object 'Object Repository/Page_Create - KAIZEN/mi_assing_cantidad'

2020-03-04 11:14:05 - [TEST_STEP][PASSED] - sendKeys(findTestObject("Object Repository/Page_Create - KAIZEN/mi_assing_cantidad"), Keys.chord(ENTER)): Keys 'ENTER + ' sent to object: 'Object Repository/Page_Create - KAIZEN/mi_assing_cantidad'

2020-03-04 11:14:05 - [MESSAGE][PASSED] - Keys 'ENTER + ' sent to object: 'Object Repository/Page_Create - KAIZEN/mi_assing_cantidad'

2020-03-04 11:14:05 - [TEST_STEP][PASSED] - delay(5): Delayed 5 second(s)

2020-03-04 11:14:10 - [MESSAGE][PASSED] - Delayed 5 second(s)

2020-03-04 11:14:10 - [TEST_STEP][PASSED] - modal = executeJavaScript("return document.querySelector('.swal2-popup');", null): Execute JavaScript 'return document.querySelector('.swal2-popup');' successfully

2020-03-04 11:14:10 - [MESSAGE][PASSED] - Execute JavaScript 'return document.querySelector('.swal2-popup');' successfully

2020-03-04 11:14:10 - [TEST_STEP][PASSED] - if (modal == null): null

2020-03-04 11:14:10 - [TEST_STEP][PASSED] - else: Object 'Object Repository/Page_Index - KAIZEN/mi_btn_agregar' is present

2020-03-04 11:14:10 - [TEST_STEP][PASSED] - executeJavaScript("document.querySelector(".swal2-confirm").click();", null): Execute JavaScript 'document.querySelector(".swal2-confirm").click();' successfully

2020-03-04 11:14:10 - [MESSAGE][PASSED] - Execute JavaScript 'document.querySelector(".swal2-confirm").click();' successfully

2020-03-04 11:14:10 - [TEST_STEP][PASSED] - if (motivo == "EntradaPorFabricacion"): null

2020-03-04 11:14:10 - [TEST_STEP][PASSED] - else: Object 'Object Repository/Page_Index - KAIZEN/mi_btn_agregar' is present

2020-03-04 11:14:10 - [TEST_STEP][PASSED] - selectOptionByValue(findTestObject("Object Repository/Page_Create - KAIZEN/mi_assing_almacen1"), IdAlmacen1, true): All options with value '6' are selected in object 'Object Repository/Page_Create - KAIZEN/mi_assing_almacen1'  using regular expression

2020-03-04 11:14:12 - [MESSAGE][PASSED] - All options with value '6' are selected in object 'Object Repository/Page_Create - KAIZEN/mi_assing_almacen1'  using regular expression

2020-03-04 11:14:12 - [TEST_STEP][PASSED] - if (concepto == "TransferenciaDeMercancias"): Object 'Object Repository/Page_Index - KAIZEN/mi_btn_agregar' is present

2020-03-04 11:14:12 - [TEST_STEP][PASSED] - selectOptionByValue(findTestObject("Object Repository/Page_Create - KAIZEN/mi_assing_almacen2"), IdAlmacen2, true): All options with value '1' are selected in object 'Object Repository/Page_Create - KAIZEN/mi_assing_almacen2'  using regular expression

2020-03-04 11:14:13 - [MESSAGE][PASSED] - All options with value '1' are selected in object 'Object Repository/Page_Create - KAIZEN/mi_assing_almacen2'  using regular expression

2020-03-04 11:14:13 - [TEST_STEP][PASSED] - click(findTestObject("Object Repository/Page_Create - KAIZEN/mi_btn_Guardar")): Object: 'Object Repository/Page_Create - KAIZEN/mi_btn_Guardar' is clicked on

2020-03-04 11:14:16 - [MESSAGE][PASSED] - Object: 'Object Repository/Page_Create - KAIZEN/mi_btn_Guardar' is clicked on

2020-03-04 11:14:16 - [TEST_STEP][PASSED] - verifyElementPresent(findTestObject("Object Repository/Page_Index - KAIZEN/mi_btn_agregar"), 5): Object 'Object Repository/Page_Index - KAIZEN/mi_btn_agregar' is present

2020-03-04 11:14:18 - [MESSAGE][PASSED] - Object 'Object Repository/Page_Index - KAIZEN/mi_btn_agregar' is present

2020-03-04 11:14:18 - [TEST_STEP][PASSED] - delay(5): Delayed 5 second(s)

2020-03-04 11:14:23 - [MESSAGE][PASSED] - Delayed 5 second(s)

2020-03-04 11:14:23 - [TEST_STEP][PASSED] - exportar_archivos.logInventario.reporteInv(concepto, motivo, IdProducto, codProducto, Producto, IdGrupo, Existencia, IdAlmacen1, cantidadActual1, IdAlmacen2, cantidadActual2, cantidad): exportar_archivos.logInventario.reporteInv is PASSED

2020-03-04 11:14:23 - [MESSAGE][PASSED] - exportar_archivos.logInventario.reporteInv is PASSED

2020-03-04 11:14:23 - [MESSAGE][PASSED] - Call Test Case 'Test Cases/Individual_Tests/Movimientos_Inventario' successfully

2020-03-04 11:14:23 - [TEST_STEP][PASSED] - callTestCase(findTestCase("Individual_Tests/Login"), ["Evento":"MovimientoDeInventario", "Index":Index, "Usuario":"", "Contrasena":""], STOP_ON_FAILURE): Call Test Case 'Test Cases/Individual_Tests/Login' successfully

2020-03-04 11:14:23 - [TEST_CASE][PASSED] - Test Cases/Individual_Tests/Login: Test Cases/Individual_Tests/Login

2020-03-04 11:14:23 - [TEST_STEP][PASSED] - print("Evento Seleccionado: " + Evento + "
"): null

2020-03-04 11:14:23 - [TEST_STEP][PASSED] - openBrowser(Web): Browser is opened with url: 'http://test.kaizendev.net/Login/Accesar?salir=true'

2020-03-04 11:14:23 - [MESSAGE][WARNING] - A browser is already opened. Closing browser and opening a new one

2020-03-04 11:14:24 - [MESSAGE][INFO] - Starting 'Chrome' driver

2020-03-04 11:14:39 - [MESSAGE][PASSED] - Browser is opened with url: 'http://test.kaizendev.net/Login/Accesar?salir=true'

2020-03-04 11:14:39 - [TEST_STEP][PASSED] - maximizeWindow(): Current window maximized

2020-03-04 11:14:40 - [MESSAGE][PASSED] - Current window maximized

2020-03-04 11:14:40 - [TEST_STEP][PASSED] - if (Evento == "Crear20"): null

2020-03-04 11:14:40 - [TEST_STEP][PASSED] - else if (Evento == "Crear40"): null

2020-03-04 11:14:40 - [TEST_STEP][PASSED] - else if (Evento == "Aprobar"): null

2020-03-04 11:14:40 - [TEST_STEP][PASSED] - else if (Evento == "Logistica"): null

2020-03-04 11:14:40 - [TEST_STEP][PASSED] - else if (Evento == "Produccion"): null

2020-03-04 11:14:40 - [TEST_STEP][PASSED] - else if (Evento == "Inventario"): null

2020-03-04 11:14:40 - [TEST_STEP][PASSED] - else if (Evento == "Despacho"): null

2020-03-04 11:14:40 - [TEST_STEP][PASSED] - else if (Evento == "ProductoAlmacen"): null

2020-03-04 11:14:40 - [TEST_STEP][PASSED] - else if (Evento == "MovimientoDeInventario"): Object: 'Object Repository/Page_Iniciar Sesion - KAIZEN/is_btn_ingresar_sistema' is clicked on

2020-03-04 11:14:40 - [TEST_STEP][PASSED] - data8 = obtener_excels.obtener_mov_inventario.getValuesExcelMovInventario(Index): obtener_excels.obtener_mov_inventario.getValuesExcelMovInventario is PASSED

2020-03-04 11:14:40 - [MESSAGE][PASSED] - obtener_excels.obtener_mov_inventario.getValuesExcelMovInventario is PASSED

2020-03-04 11:14:40 - [TEST_STEP][PASSED] - Usuario = data8[1]: null

2020-03-04 11:14:40 - [TEST_STEP][PASSED] - Contrasena = data8[2]: null

2020-03-04 11:14:40 - [TEST_STEP][PASSED] - setText(findTestObject("Page_Iniciar Sesion - KAIZEN/is_input_email"), Usuario): Text 'automated.test@grupokaizen.net' is set on object 'Object Repository/Page_Iniciar Sesion - KAIZEN/is_input_email'

2020-03-04 11:14:41 - [MESSAGE][PASSED] - Text 'automated.test@grupokaizen.net' is set on object 'Object Repository/Page_Iniciar Sesion - KAIZEN/is_input_email'

2020-03-04 11:14:41 - [TEST_STEP][PASSED] - setEncryptedText(findTestObject("Page_Iniciar Sesion - KAIZEN/IS_input_contrasena"), Contrasena): Text ****** has been set on object 'Object Repository/Page_Iniciar Sesion - KAIZEN/IS_input_contrasena'

2020-03-04 11:14:41 - [MESSAGE][PASSED] - Text ****** has been set on object 'Object Repository/Page_Iniciar Sesion - KAIZEN/IS_input_contrasena'

2020-03-04 11:14:41 - [TEST_STEP][PASSED] - click(findTestObject("Page_Iniciar Sesion - KAIZEN/is_btn_ingresar_sistema")): Object: 'Object Repository/Page_Iniciar Sesion - KAIZEN/is_btn_ingresar_sistema' is clicked on

2020-03-04 11:14:44 - [MESSAGE][PASSED] - Object: 'Object Repository/Page_Iniciar Sesion - KAIZEN/is_btn_ingresar_sistema' is clicked on

2020-03-04 11:14:44 - [MESSAGE][PASSED] - Call Test Case 'Test Cases/Individual_Tests/Login' successfully

2020-03-04 11:14:44 - [TEST_STEP][PASSED] - callTestCase(findTestCase("Individual_Tests/Seleccionar_Idioma"), ["Evento":"MovimientoDeInventario", "Index":Index], STOP_ON_FAILURE): Call Test Case 'Test Cases/Individual_Tests/Seleccionar_Idioma' successfully

2020-03-04 11:14:44 - [TEST_CASE][PASSED] - Test Cases/Individual_Tests/Seleccionar_Idioma: Test Cases/Individual_Tests/Seleccionar_Idioma

2020-03-04 11:14:44 - [TEST_STEP][PASSED] - Idioma = 0: null

2020-03-04 11:14:44 - [TEST_STEP][PASSED] - if (Evento == "Crear20"): null

2020-03-04 11:14:44 - [TEST_STEP][PASSED] - else if (Evento == "Crear40"): null

2020-03-04 11:14:44 - [TEST_STEP][PASSED] - else if (Evento == "Aprobar"): null

2020-03-04 11:14:44 - [TEST_STEP][PASSED] - else if (Evento == "Logistica"): null

2020-03-04 11:14:44 - [TEST_STEP][PASSED] - else if (Evento == "Produccion"): null

2020-03-04 11:14:44 - [TEST_STEP][PASSED] - else if (Evento == "Inventario"): null

2020-03-04 11:14:44 - [TEST_STEP][PASSED] - else if (Evento == "Despacho"): null

2020-03-04 11:14:44 - [TEST_STEP][PASSED] - else if (Evento == "ProductoAlmacen"): null

2020-03-04 11:14:44 - [TEST_STEP][PASSED] - else if (Evento == "MovimientoDeInventario"): null

2020-03-04 11:14:44 - [TEST_STEP][PASSED] - data7 = obtener_excels.obtener_mov_inventario.getValuesExcelMovInventario(Index): obtener_excels.obtener_mov_inventario.getValuesExcelMovInventario is PASSED

2020-03-04 11:14:44 - [MESSAGE][PASSED] - obtener_excels.obtener_mov_inventario.getValuesExcelMovInventario is PASSED

2020-03-04 11:14:44 - [TEST_STEP][PASSED] - Idioma = data7[0]: null

2020-03-04 11:14:44 - [TEST_STEP][PASSED] - click(findTestObject("Page_- KAIZEN/si_btn_idioma")): Object: 'Object Repository/Page_- KAIZEN/si_btn_idioma' is clicked on

2020-03-04 11:14:44 - [MESSAGE][PASSED] - Object: 'Object Repository/Page_- KAIZEN/si_btn_idioma' is clicked on

2020-03-04 11:14:44 - [TEST_STEP][PASSED] - if (Idioma == "0"): null

2020-03-04 11:14:44 - [TEST_STEP][PASSED] - else: Object: 'Object Repository/Page_- KAIZEN/si_Spanish' is clicked on

2020-03-04 11:14:44 - [TEST_STEP][PASSED] - click(findTestObject("Page_- KAIZEN/si_Spanish")): Object: 'Object Repository/Page_- KAIZEN/si_Spanish' is clicked on

2020-03-04 11:14:46 - [MESSAGE][PASSED] - Object: 'Object Repository/Page_- KAIZEN/si_Spanish' is clicked on

2020-03-04 11:14:46 - [MESSAGE][PASSED] - Call Test Case 'Test Cases/Individual_Tests/Seleccionar_Idioma' successfully

2020-03-04 11:14:46 - [TEST_STEP][PASSED] - callTestCase(findTestCase("Individual_Tests/Movimientos_Inventario"), ["Index":Index], STOP_ON_FAILURE): Call Test Case 'Test Cases/Individual_Tests/Movimientos_Inventario' successfully

2020-03-04 11:14:46 - [TEST_CASE][PASSED] - Test Cases/Individual_Tests/Movimientos_Inventario: Test Cases/Individual_Tests/Movimientos_Inventario

2020-03-04 11:14:46 - [TEST_STEP][PASSED] - data = obtener_excels.obtener_mov_inventario.getValuesExcelMovInventario(Index): obtener_excels.obtener_mov_inventario.getValuesExcelMovInventario is PASSED

2020-03-04 11:14:46 - [MESSAGE][PASSED] - obtener_excels.obtener_mov_inventario.getValuesExcelMovInventario is PASSED

2020-03-04 11:14:46 - [TEST_STEP][PASSED] - concepto = data[3]: null

2020-03-04 11:14:46 - [TEST_STEP][PASSED] - motivo = data[4]: null

2020-03-04 11:14:46 - [TEST_STEP][PASSED] - IdProducto = data[14]: null

2020-03-04 11:14:46 - [TEST_STEP][PASSED] - Existencia = data[8]: null

2020-03-04 11:14:46 - [TEST_STEP][PASSED] - cantidadActual1 = data[10]: null

2020-03-04 11:14:46 - [TEST_STEP][PASSED] - cantidadActual2 = data[12]: null

2020-03-04 11:14:46 - [TEST_STEP][PASSED] - codProducto = data[5]: null

2020-03-04 11:14:46 - [TEST_STEP][PASSED] - IdGrupo = data[6]: null

2020-03-04 11:14:46 - [TEST_STEP][PASSED] - Producto = data[7]: null

2020-03-04 11:14:46 - [TEST_STEP][PASSED] - IdAlmacen1 = data[9]: null

2020-03-04 11:14:46 - [TEST_STEP][PASSED] - IdAlmacen2 = data[11]: null

2020-03-04 11:14:46 - [TEST_STEP][PASSED] - cantidadAMover = data[13]: null

2020-03-04 11:14:46 - [TEST_STEP][PASSED] - cantidad = data[13]: null

2020-03-04 11:14:46 - [TEST_STEP][PASSED] - rand = new java.util.Random(): null

2020-03-04 11:14:46 - [TEST_STEP][PASSED] - nuevacantidad = 0: null

2020-03-04 11:14:46 - [TEST_STEP][PASSED] - if (concepto == "TransferenciaDeMercancias" & cantidad == "0"): null

2020-03-04 11:14:46 - [TEST_STEP][PASSED] - concepto = data[3]: null

2020-03-04 11:14:46 - [TEST_STEP][PASSED] - motivo = data[4]: null

2020-03-04 11:14:46 - [TEST_STEP][PASSED] - click(findTestObject("Object Repository/Page_- KAIZEN/mi_menu_Inventario")): Object: 'Object Repository/Page_- KAIZEN/mi_menu_Inventario' is clicked on

2020-03-04 11:14:47 - [MESSAGE][PASSED] - Object: 'Object Repository/Page_- KAIZEN/mi_menu_Inventario' is clicked on

2020-03-04 11:14:47 - [TEST_STEP][PASSED] - click(findTestObject("Object Repository/Page_- KAIZEN/mi_menu_Movimientos")): Object: 'Object Repository/Page_- KAIZEN/mi_menu_Movimientos' is clicked on

2020-03-04 11:14:49 - [MESSAGE][PASSED] - Object: 'Object Repository/Page_- KAIZEN/mi_menu_Movimientos' is clicked on

2020-03-04 11:14:49 - [TEST_STEP][PASSED] - click(findTestObject("Object Repository/Page_Index - KAIZEN/mi_btn_agregar")): Object: 'Object Repository/Page_Index - KAIZEN/mi_btn_agregar' is clicked on

2020-03-04 11:14:53 - [MESSAGE][PASSED] - Object: 'Object Repository/Page_Index - KAIZEN/mi_btn_agregar' is clicked on

2020-03-04 11:14:53 - [TEST_STEP][PASSED] - selectOptionByValue(findTestObject("Object Repository/Page_Create - KAIZEN/mi_select_concepto"), concepto, true): All options with value 'EntradaDeMercancias' are selected in object 'Object Repository/Page_Create - KAIZEN/mi_select_concepto'  using regular expression

2020-03-04 11:14:55 - [MESSAGE][PASSED] - All options with value 'EntradaDeMercancias' are selected in object 'Object Repository/Page_Create - KAIZEN/mi_select_concepto'  using regular expression

2020-03-04 11:14:55 - [TEST_STEP][PASSED] - selectOptionByValue(findTestObject("Object Repository/Page_Create - KAIZEN/mi_select_motivo"), motivo, true): All options with value 'InitialLoading' are selected in object 'Object Repository/Page_Create - KAIZEN/mi_select_motivo'  using regular expression

2020-03-04 11:14:56 - [MESSAGE][PASSED] - All options with value 'InitialLoading' are selected in object 'Object Repository/Page_Create - KAIZEN/mi_select_motivo'  using regular expression

2020-03-04 11:14:56 - [TEST_STEP][PASSED] - click(findTestObject("Object Repository/Page_Create - KAIZEN/mi_select_buscar_Producto")): Object: 'Object Repository/Page_Create - KAIZEN/mi_select_buscar_Producto' is clicked on

2020-03-04 11:14:57 - [MESSAGE][PASSED] - Object: 'Object Repository/Page_Create - KAIZEN/mi_select_buscar_Producto' is clicked on

2020-03-04 11:14:57 - [TEST_STEP][PASSED] - setText(findTestObject("Object Repository/Page_Create - KAIZEN/mi_assing_producto"), codProducto): Text '9511-202-111' is set on object 'Object Repository/Page_Create - KAIZEN/mi_assing_producto'

2020-03-04 11:14:58 - [MESSAGE][PASSED] - Text '9511-202-111' is set on object 'Object Repository/Page_Create - KAIZEN/mi_assing_producto'

2020-03-04 11:14:58 - [TEST_STEP][PASSED] - sendKeys(findTestObject("Object Repository/Page_Create - KAIZEN/mi_assing_producto"), Keys.chord(ENTER)): Keys 'ENTER + ' sent to object: 'Object Repository/Page_Create - KAIZEN/mi_assing_producto'

2020-03-04 11:14:59 - [MESSAGE][PASSED] - Keys 'ENTER + ' sent to object: 'Object Repository/Page_Create - KAIZEN/mi_assing_producto'

2020-03-04 11:14:59 - [TEST_STEP][PASSED] - setText(findTestObject("Object Repository/Page_Create - KAIZEN/mi_assing_cantidad"), cantidadAMover): Text '2' is set on object 'Object Repository/Page_Create - KAIZEN/mi_assing_cantidad'

2020-03-04 11:14:59 - [MESSAGE][PASSED] - Text '2' is set on object 'Object Repository/Page_Create - KAIZEN/mi_assing_cantidad'

2020-03-04 11:14:59 - [TEST_STEP][PASSED] - sendKeys(findTestObject("Object Repository/Page_Create - KAIZEN/mi_assing_cantidad"), Keys.chord(ENTER)): Keys 'ENTER + ' sent to object: 'Object Repository/Page_Create - KAIZEN/mi_assing_cantidad'

2020-03-04 11:14:59 - [MESSAGE][PASSED] - Keys 'ENTER + ' sent to object: 'Object Repository/Page_Create - KAIZEN/mi_assing_cantidad'

2020-03-04 11:14:59 - [TEST_STEP][PASSED] - delay(5): Delayed 5 second(s)

2020-03-04 11:15:04 - [MESSAGE][PASSED] - Delayed 5 second(s)

2020-03-04 11:15:04 - [TEST_STEP][PASSED] - modal = executeJavaScript("return document.querySelector('.swal2-popup');", null): Execute JavaScript 'return document.querySelector('.swal2-popup');' successfully

2020-03-04 11:15:04 - [MESSAGE][PASSED] - Execute JavaScript 'return document.querySelector('.swal2-popup');' successfully

2020-03-04 11:15:04 - [TEST_STEP][PASSED] - if (modal == null): Object 'Object Repository/Page_Index - KAIZEN/mi_btn_agregar' is present

2020-03-04 11:15:04 - [TEST_STEP][PASSED] - print(modal): null

2020-03-04 11:15:04 - [TEST_STEP][PASSED] - if (motivo == "EntradaPorFabricacion"): null

2020-03-04 11:15:04 - [TEST_STEP][PASSED] - else: Object 'Object Repository/Page_Index - KAIZEN/mi_btn_agregar' is present

2020-03-04 11:15:04 - [TEST_STEP][PASSED] - selectOptionByValue(findTestObject("Object Repository/Page_Create - KAIZEN/mi_assing_almacen1"), IdAlmacen1, true): All options with value '1' are selected in object 'Object Repository/Page_Create - KAIZEN/mi_assing_almacen1'  using regular expression

2020-03-04 11:15:06 - [MESSAGE][PASSED] - All options with value '1' are selected in object 'Object Repository/Page_Create - KAIZEN/mi_assing_almacen1'  using regular expression

2020-03-04 11:15:06 - [TEST_STEP][PASSED] - if (concepto == "TransferenciaDeMercancias"): null

2020-03-04 11:15:06 - [TEST_STEP][PASSED] - else: Object 'Object Repository/Page_Index - KAIZEN/mi_btn_agregar' is present

2020-03-04 11:15:06 - [TEST_STEP][PASSED] - click(findTestObject("Object Repository/Page_Create - KAIZEN/mi_btn_Guardar")): Object: 'Object Repository/Page_Create - KAIZEN/mi_btn_Guardar' is clicked on

2020-03-04 11:15:09 - [MESSAGE][PASSED] - Object: 'Object Repository/Page_Create - KAIZEN/mi_btn_Guardar' is clicked on

2020-03-04 11:15:09 - [TEST_STEP][PASSED] - verifyElementPresent(findTestObject("Object Repository/Page_Index - KAIZEN/mi_btn_agregar"), 5): Object 'Object Repository/Page_Index - KAIZEN/mi_btn_agregar' is present

2020-03-04 11:15:11 - [MESSAGE][PASSED] - Object 'Object Repository/Page_Index - KAIZEN/mi_btn_agregar' is present

2020-03-04 11:15:11 - [TEST_STEP][PASSED] - delay(5): Delayed 5 second(s)

2020-03-04 11:15:16 - [MESSAGE][PASSED] - Delayed 5 second(s)

2020-03-04 11:15:16 - [TEST_STEP][PASSED] - exportar_archivos.logInventario.reporteInv(concepto, motivo, IdProducto, codProducto, Producto, IdGrupo, Existencia, IdAlmacen1, cantidadActual1, IdAlmacen2, cantidadActual2, cantidad): exportar_archivos.logInventario.reporteInv is PASSED

2020-03-04 11:15:16 - [MESSAGE][PASSED] - exportar_archivos.logInventario.reporteInv is PASSED

2020-03-04 11:15:16 - [MESSAGE][PASSED] - Call Test Case 'Test Cases/Individual_Tests/Movimientos_Inventario' successfully

2020-03-04 11:15:16 - [TEST_STEP][PASSED] - callTestCase(findTestCase("Individual_Tests/Login"), ["Evento":"MovimientoDeInventario", "Index":Index, "Usuario":"", "Contrasena":""], STOP_ON_FAILURE): Call Test Case 'Test Cases/Individual_Tests/Login' successfully

2020-03-04 11:15:16 - [TEST_CASE][PASSED] - Test Cases/Individual_Tests/Login: Test Cases/Individual_Tests/Login

2020-03-04 11:15:16 - [TEST_STEP][PASSED] - print("Evento Seleccionado: " + Evento + "
"): null

2020-03-04 11:15:16 - [TEST_STEP][PASSED] - openBrowser(Web): Browser is opened with url: 'http://test.kaizendev.net/Login/Accesar?salir=true'

2020-03-04 11:15:16 - [MESSAGE][WARNING] - A browser is already opened. Closing browser and opening a new one

2020-03-04 11:15:17 - [MESSAGE][INFO] - Starting 'Chrome' driver

2020-03-04 11:15:36 - [MESSAGE][PASSED] - Browser is opened with url: 'http://test.kaizendev.net/Login/Accesar?salir=true'

2020-03-04 11:15:36 - [TEST_STEP][PASSED] - maximizeWindow(): Current window maximized

2020-03-04 11:15:38 - [MESSAGE][PASSED] - Current window maximized

2020-03-04 11:15:38 - [TEST_STEP][PASSED] - if (Evento == "Crear20"): null

2020-03-04 11:15:38 - [TEST_STEP][PASSED] - else if (Evento == "Crear40"): null

2020-03-04 11:15:38 - [TEST_STEP][PASSED] - else if (Evento == "Aprobar"): null

2020-03-04 11:15:38 - [TEST_STEP][PASSED] - else if (Evento == "Logistica"): null

2020-03-04 11:15:38 - [TEST_STEP][PASSED] - else if (Evento == "Produccion"): null

2020-03-04 11:15:38 - [TEST_STEP][PASSED] - else if (Evento == "Inventario"): null

2020-03-04 11:15:38 - [TEST_STEP][PASSED] - else if (Evento == "Despacho"): null

2020-03-04 11:15:38 - [TEST_STEP][PASSED] - else if (Evento == "ProductoAlmacen"): null

2020-03-04 11:15:38 - [TEST_STEP][PASSED] - else if (Evento == "MovimientoDeInventario"): Object: 'Object Repository/Page_Iniciar Sesion - KAIZEN/is_btn_ingresar_sistema' is clicked on

2020-03-04 11:15:38 - [TEST_STEP][PASSED] - data8 = obtener_excels.obtener_mov_inventario.getValuesExcelMovInventario(Index): obtener_excels.obtener_mov_inventario.getValuesExcelMovInventario is PASSED

2020-03-04 11:15:38 - [MESSAGE][PASSED] - obtener_excels.obtener_mov_inventario.getValuesExcelMovInventario is PASSED

2020-03-04 11:15:38 - [TEST_STEP][PASSED] - Usuario = data8[1]: null

2020-03-04 11:15:38 - [TEST_STEP][PASSED] - Contrasena = data8[2]: null

2020-03-04 11:15:38 - [TEST_STEP][PASSED] - setText(findTestObject("Page_Iniciar Sesion - KAIZEN/is_input_email"), Usuario): Text 'automated.test@grupokaizen.net' is set on object 'Object Repository/Page_Iniciar Sesion - KAIZEN/is_input_email'

2020-03-04 11:15:38 - [MESSAGE][PASSED] - Text 'automated.test@grupokaizen.net' is set on object 'Object Repository/Page_Iniciar Sesion - KAIZEN/is_input_email'

2020-03-04 11:15:38 - [TEST_STEP][PASSED] - setEncryptedText(findTestObject("Page_Iniciar Sesion - KAIZEN/IS_input_contrasena"), Contrasena): Text ****** has been set on object 'Object Repository/Page_Iniciar Sesion - KAIZEN/IS_input_contrasena'

2020-03-04 11:15:39 - [MESSAGE][PASSED] - Text ****** has been set on object 'Object Repository/Page_Iniciar Sesion - KAIZEN/IS_input_contrasena'

2020-03-04 11:15:39 - [TEST_STEP][PASSED] - click(findTestObject("Page_Iniciar Sesion - KAIZEN/is_btn_ingresar_sistema")): Object: 'Object Repository/Page_Iniciar Sesion - KAIZEN/is_btn_ingresar_sistema' is clicked on

2020-03-04 11:15:42 - [MESSAGE][PASSED] - Object: 'Object Repository/Page_Iniciar Sesion - KAIZEN/is_btn_ingresar_sistema' is clicked on

2020-03-04 11:15:42 - [MESSAGE][PASSED] - Call Test Case 'Test Cases/Individual_Tests/Login' successfully

2020-03-04 11:15:42 - [TEST_STEP][PASSED] - callTestCase(findTestCase("Individual_Tests/Seleccionar_Idioma"), ["Evento":"MovimientoDeInventario", "Index":Index], STOP_ON_FAILURE): Call Test Case 'Test Cases/Individual_Tests/Seleccionar_Idioma' successfully

2020-03-04 11:15:42 - [TEST_CASE][PASSED] - Test Cases/Individual_Tests/Seleccionar_Idioma: Test Cases/Individual_Tests/Seleccionar_Idioma

2020-03-04 11:15:42 - [TEST_STEP][PASSED] - Idioma = 0: null

2020-03-04 11:15:42 - [TEST_STEP][PASSED] - if (Evento == "Crear20"): null

2020-03-04 11:15:42 - [TEST_STEP][PASSED] - else if (Evento == "Crear40"): null

2020-03-04 11:15:42 - [TEST_STEP][PASSED] - else if (Evento == "Aprobar"): null

2020-03-04 11:15:42 - [TEST_STEP][PASSED] - else if (Evento == "Logistica"): null

2020-03-04 11:15:42 - [TEST_STEP][PASSED] - else if (Evento == "Produccion"): null

2020-03-04 11:15:42 - [TEST_STEP][PASSED] - else if (Evento == "Inventario"): null

2020-03-04 11:15:42 - [TEST_STEP][PASSED] - else if (Evento == "Despacho"): null

2020-03-04 11:15:42 - [TEST_STEP][PASSED] - else if (Evento == "ProductoAlmacen"): null

2020-03-04 11:15:42 - [TEST_STEP][PASSED] - else if (Evento == "MovimientoDeInventario"): null

2020-03-04 11:15:42 - [TEST_STEP][PASSED] - data7 = obtener_excels.obtener_mov_inventario.getValuesExcelMovInventario(Index): obtener_excels.obtener_mov_inventario.getValuesExcelMovInventario is PASSED

2020-03-04 11:15:43 - [MESSAGE][PASSED] - obtener_excels.obtener_mov_inventario.getValuesExcelMovInventario is PASSED

2020-03-04 11:15:43 - [TEST_STEP][PASSED] - Idioma = data7[0]: null

2020-03-04 11:15:43 - [TEST_STEP][PASSED] - click(findTestObject("Page_- KAIZEN/si_btn_idioma")): Object: 'Object Repository/Page_- KAIZEN/si_btn_idioma' is clicked on

2020-03-04 11:15:43 - [MESSAGE][PASSED] - Object: 'Object Repository/Page_- KAIZEN/si_btn_idioma' is clicked on

2020-03-04 11:15:43 - [TEST_STEP][PASSED] - if (Idioma == "0"): null

2020-03-04 11:15:43 - [TEST_STEP][PASSED] - else: Object: 'Object Repository/Page_- KAIZEN/si_Spanish' is clicked on

2020-03-04 11:15:43 - [TEST_STEP][PASSED] - click(findTestObject("Page_- KAIZEN/si_Spanish")): Object: 'Object Repository/Page_- KAIZEN/si_Spanish' is clicked on

2020-03-04 11:15:45 - [MESSAGE][PASSED] - Object: 'Object Repository/Page_- KAIZEN/si_Spanish' is clicked on

2020-03-04 11:15:45 - [MESSAGE][PASSED] - Call Test Case 'Test Cases/Individual_Tests/Seleccionar_Idioma' successfully

2020-03-04 11:15:45 - [TEST_STEP][PASSED] - callTestCase(findTestCase("Individual_Tests/Movimientos_Inventario"), ["Index":Index], STOP_ON_FAILURE): Call Test Case 'Test Cases/Individual_Tests/Movimientos_Inventario' successfully

2020-03-04 11:15:45 - [TEST_CASE][PASSED] - Test Cases/Individual_Tests/Movimientos_Inventario: Test Cases/Individual_Tests/Movimientos_Inventario

2020-03-04 11:15:45 - [TEST_STEP][PASSED] - data = obtener_excels.obtener_mov_inventario.getValuesExcelMovInventario(Index): obtener_excels.obtener_mov_inventario.getValuesExcelMovInventario is PASSED

2020-03-04 11:15:45 - [MESSAGE][PASSED] - obtener_excels.obtener_mov_inventario.getValuesExcelMovInventario is PASSED

2020-03-04 11:15:45 - [TEST_STEP][PASSED] - concepto = data[3]: null

2020-03-04 11:15:45 - [TEST_STEP][PASSED] - motivo = data[4]: null

2020-03-04 11:15:45 - [TEST_STEP][PASSED] - IdProducto = data[14]: null

2020-03-04 11:15:45 - [TEST_STEP][PASSED] - Existencia = data[8]: null

2020-03-04 11:15:45 - [TEST_STEP][PASSED] - cantidadActual1 = data[10]: null

2020-03-04 11:15:45 - [TEST_STEP][PASSED] - cantidadActual2 = data[12]: null

2020-03-04 11:15:45 - [TEST_STEP][PASSED] - codProducto = data[5]: null

2020-03-04 11:15:45 - [TEST_STEP][PASSED] - IdGrupo = data[6]: null

2020-03-04 11:15:45 - [TEST_STEP][PASSED] - Producto = data[7]: null

2020-03-04 11:15:45 - [TEST_STEP][PASSED] - IdAlmacen1 = data[9]: null

2020-03-04 11:15:45 - [TEST_STEP][PASSED] - IdAlmacen2 = data[11]: null

2020-03-04 11:15:45 - [TEST_STEP][PASSED] - cantidadAMover = data[13]: null

2020-03-04 11:15:45 - [TEST_STEP][PASSED] - cantidad = data[13]: null

2020-03-04 11:15:45 - [TEST_STEP][PASSED] - rand = new java.util.Random(): null

2020-03-04 11:15:45 - [TEST_STEP][PASSED] - nuevacantidad = 0: null

2020-03-04 11:15:45 - [TEST_STEP][PASSED] - if (concepto == "TransferenciaDeMercancias" & cantidad == "0"): null

2020-03-04 11:15:45 - [TEST_STEP][PASSED] - concepto = data[3]: null

2020-03-04 11:15:45 - [TEST_STEP][PASSED] - motivo = data[4]: null

2020-03-04 11:15:45 - [TEST_STEP][PASSED] - click(findTestObject("Object Repository/Page_- KAIZEN/mi_menu_Inventario")): Object: 'Object Repository/Page_- KAIZEN/mi_menu_Inventario' is clicked on

2020-03-04 11:15:46 - [MESSAGE][PASSED] - Object: 'Object Repository/Page_- KAIZEN/mi_menu_Inventario' is clicked on

2020-03-04 11:15:46 - [TEST_STEP][PASSED] - click(findTestObject("Object Repository/Page_- KAIZEN/mi_menu_Movimientos")): Object: 'Object Repository/Page_- KAIZEN/mi_menu_Movimientos' is clicked on

2020-03-04 11:15:49 - [MESSAGE][PASSED] - Object: 'Object Repository/Page_- KAIZEN/mi_menu_Movimientos' is clicked on

2020-03-04 11:15:49 - [TEST_STEP][PASSED] - click(findTestObject("Object Repository/Page_Index - KAIZEN/mi_btn_agregar")): Object: 'Object Repository/Page_Index - KAIZEN/mi_btn_agregar' is clicked on

2020-03-04 11:16:04 - [MESSAGE][PASSED] - Object: 'Object Repository/Page_Index - KAIZEN/mi_btn_agregar' is clicked on

2020-03-04 11:16:04 - [TEST_STEP][PASSED] - selectOptionByValue(findTestObject("Object Repository/Page_Create - KAIZEN/mi_select_concepto"), concepto, true): All options with value 'EntradaDeMercancias' are selected in object 'Object Repository/Page_Create - KAIZEN/mi_select_concepto'  using regular expression

2020-03-04 11:16:06 - [MESSAGE][PASSED] - All options with value 'EntradaDeMercancias' are selected in object 'Object Repository/Page_Create - KAIZEN/mi_select_concepto'  using regular expression

2020-03-04 11:16:06 - [TEST_STEP][PASSED] - selectOptionByValue(findTestObject("Object Repository/Page_Create - KAIZEN/mi_select_motivo"), motivo, true): All options with value 'InitialLoading' are selected in object 'Object Repository/Page_Create - KAIZEN/mi_select_motivo'  using regular expression

2020-03-04 11:16:08 - [MESSAGE][PASSED] - All options with value 'InitialLoading' are selected in object 'Object Repository/Page_Create - KAIZEN/mi_select_motivo'  using regular expression

2020-03-04 11:16:08 - [TEST_STEP][PASSED] - click(findTestObject("Object Repository/Page_Create - KAIZEN/mi_select_buscar_Producto")): Object: 'Object Repository/Page_Create - KAIZEN/mi_select_buscar_Producto' is clicked on

2020-03-04 11:16:08 - [MESSAGE][PASSED] - Object: 'Object Repository/Page_Create - KAIZEN/mi_select_buscar_Producto' is clicked on

2020-03-04 11:16:08 - [TEST_STEP][PASSED] - setText(findTestObject("Object Repository/Page_Create - KAIZEN/mi_assing_producto"), codProducto): Text '9511-202-111' is set on object 'Object Repository/Page_Create - KAIZEN/mi_assing_producto'

2020-03-04 11:16:09 - [MESSAGE][PASSED] - Text '9511-202-111' is set on object 'Object Repository/Page_Create - KAIZEN/mi_assing_producto'

2020-03-04 11:16:09 - [TEST_STEP][PASSED] - sendKeys(findTestObject("Object Repository/Page_Create - KAIZEN/mi_assing_producto"), Keys.chord(ENTER)): Keys 'ENTER + ' sent to object: 'Object Repository/Page_Create - KAIZEN/mi_assing_producto'

2020-03-04 11:16:10 - [MESSAGE][PASSED] - Keys 'ENTER + ' sent to object: 'Object Repository/Page_Create - KAIZEN/mi_assing_producto'

2020-03-04 11:16:10 - [TEST_STEP][PASSED] - setText(findTestObject("Object Repository/Page_Create - KAIZEN/mi_assing_cantidad"), cantidadAMover): Text '3' is set on object 'Object Repository/Page_Create - KAIZEN/mi_assing_cantidad'

2020-03-04 11:16:10 - [MESSAGE][PASSED] - Text '3' is set on object 'Object Repository/Page_Create - KAIZEN/mi_assing_cantidad'

2020-03-04 11:16:10 - [TEST_STEP][PASSED] - sendKeys(findTestObject("Object Repository/Page_Create - KAIZEN/mi_assing_cantidad"), Keys.chord(ENTER)): Keys 'ENTER + ' sent to object: 'Object Repository/Page_Create - KAIZEN/mi_assing_cantidad'

2020-03-04 11:16:11 - [MESSAGE][PASSED] - Keys 'ENTER + ' sent to object: 'Object Repository/Page_Create - KAIZEN/mi_assing_cantidad'

2020-03-04 11:16:11 - [TEST_STEP][PASSED] - delay(5): Delayed 5 second(s)

2020-03-04 11:16:16 - [MESSAGE][PASSED] - Delayed 5 second(s)

2020-03-04 11:16:16 - [TEST_STEP][PASSED] - modal = executeJavaScript("return document.querySelector('.swal2-popup');", null): Execute JavaScript 'return document.querySelector('.swal2-popup');' successfully

2020-03-04 11:16:16 - [MESSAGE][PASSED] - Execute JavaScript 'return document.querySelector('.swal2-popup');' successfully

2020-03-04 11:16:16 - [TEST_STEP][PASSED] - if (modal == null): Object 'Object Repository/Page_Index - KAIZEN/mi_btn_agregar' is present

2020-03-04 11:16:16 - [TEST_STEP][PASSED] - print(modal): null

2020-03-04 11:16:16 - [TEST_STEP][PASSED] - if (motivo == "EntradaPorFabricacion"): null

2020-03-04 11:16:16 - [TEST_STEP][PASSED] - else: Object 'Object Repository/Page_Index - KAIZEN/mi_btn_agregar' is present

2020-03-04 11:16:16 - [TEST_STEP][PASSED] - selectOptionByValue(findTestObject("Object Repository/Page_Create - KAIZEN/mi_assing_almacen1"), IdAlmacen1, true): All options with value '6' are selected in object 'Object Repository/Page_Create - KAIZEN/mi_assing_almacen1'  using regular expression

2020-03-04 11:16:18 - [MESSAGE][PASSED] - All options with value '6' are selected in object 'Object Repository/Page_Create - KAIZEN/mi_assing_almacen1'  using regular expression

2020-03-04 11:16:18 - [TEST_STEP][PASSED] - if (concepto == "TransferenciaDeMercancias"): null

2020-03-04 11:16:18 - [TEST_STEP][PASSED] - else: Object 'Object Repository/Page_Index - KAIZEN/mi_btn_agregar' is present

2020-03-04 11:16:18 - [TEST_STEP][PASSED] - click(findTestObject("Object Repository/Page_Create - KAIZEN/mi_btn_Guardar")): Object: 'Object Repository/Page_Create - KAIZEN/mi_btn_Guardar' is clicked on

2020-03-04 11:16:21 - [MESSAGE][PASSED] - Object: 'Object Repository/Page_Create - KAIZEN/mi_btn_Guardar' is clicked on

2020-03-04 11:16:21 - [TEST_STEP][PASSED] - verifyElementPresent(findTestObject("Object Repository/Page_Index - KAIZEN/mi_btn_agregar"), 5): Object 'Object Repository/Page_Index - KAIZEN/mi_btn_agregar' is present

2020-03-04 11:16:23 - [MESSAGE][PASSED] - Object 'Object Repository/Page_Index - KAIZEN/mi_btn_agregar' is present

2020-03-04 11:16:23 - [TEST_STEP][PASSED] - delay(5): Delayed 5 second(s)

2020-03-04 11:16:28 - [MESSAGE][PASSED] - Delayed 5 second(s)

2020-03-04 11:16:28 - [TEST_STEP][PASSED] - exportar_archivos.logInventario.reporteInv(concepto, motivo, IdProducto, codProducto, Producto, IdGrupo, Existencia, IdAlmacen1, cantidadActual1, IdAlmacen2, cantidadActual2, cantidad): exportar_archivos.logInventario.reporteInv is PASSED

2020-03-04 11:16:28 - [MESSAGE][PASSED] - exportar_archivos.logInventario.reporteInv is PASSED

2020-03-04 11:16:28 - [MESSAGE][PASSED] - Call Test Case 'Test Cases/Individual_Tests/Movimientos_Inventario' successfully

2020-03-04 11:16:28 - [TEST_STEP][PASSED] - callTestCase(findTestCase("Individual_Tests/Login"), ["Evento":"MovimientoDeInventario", "Index":Index, "Usuario":"", "Contrasena":""], STOP_ON_FAILURE): Call Test Case 'Test Cases/Individual_Tests/Login' successfully

2020-03-04 11:16:28 - [TEST_CASE][PASSED] - Test Cases/Individual_Tests/Login: Test Cases/Individual_Tests/Login

2020-03-04 11:16:28 - [TEST_STEP][PASSED] - print("Evento Seleccionado: " + Evento + "
"): null

2020-03-04 11:16:28 - [TEST_STEP][PASSED] - openBrowser(Web): Browser is opened with url: 'http://test.kaizendev.net/Login/Accesar?salir=true'

2020-03-04 11:16:28 - [MESSAGE][WARNING] - A browser is already opened. Closing browser and opening a new one

2020-03-04 11:16:29 - [MESSAGE][INFO] - Starting 'Chrome' driver

2020-03-04 11:16:56 - [MESSAGE][PASSED] - Browser is opened with url: 'http://test.kaizendev.net/Login/Accesar?salir=true'

2020-03-04 11:16:56 - [TEST_STEP][PASSED] - maximizeWindow(): Current window maximized

2020-03-04 11:16:57 - [MESSAGE][PASSED] - Current window maximized

2020-03-04 11:16:57 - [TEST_STEP][PASSED] - if (Evento == "Crear20"): null

2020-03-04 11:16:57 - [TEST_STEP][PASSED] - else if (Evento == "Crear40"): null

2020-03-04 11:16:57 - [TEST_STEP][PASSED] - else if (Evento == "Aprobar"): null

2020-03-04 11:16:57 - [TEST_STEP][PASSED] - else if (Evento == "Logistica"): null

2020-03-04 11:16:57 - [TEST_STEP][PASSED] - else if (Evento == "Produccion"): null

2020-03-04 11:16:57 - [TEST_STEP][PASSED] - else if (Evento == "Inventario"): null

2020-03-04 11:16:57 - [TEST_STEP][PASSED] - else if (Evento == "Despacho"): null

2020-03-04 11:16:57 - [TEST_STEP][PASSED] - else if (Evento == "ProductoAlmacen"): null

2020-03-04 11:16:57 - [TEST_STEP][PASSED] - else if (Evento == "MovimientoDeInventario"): Object: 'Object Repository/Page_Iniciar Sesion - KAIZEN/is_btn_ingresar_sistema' is clicked on

2020-03-04 11:16:57 - [TEST_STEP][PASSED] - data8 = obtener_excels.obtener_mov_inventario.getValuesExcelMovInventario(Index): obtener_excels.obtener_mov_inventario.getValuesExcelMovInventario is PASSED

2020-03-04 11:16:57 - [MESSAGE][PASSED] - obtener_excels.obtener_mov_inventario.getValuesExcelMovInventario is PASSED

2020-03-04 11:16:57 - [TEST_STEP][PASSED] - Usuario = data8[1]: null

2020-03-04 11:16:57 - [TEST_STEP][PASSED] - Contrasena = data8[2]: null

2020-03-04 11:16:57 - [TEST_STEP][PASSED] - setText(findTestObject("Page_Iniciar Sesion - KAIZEN/is_input_email"), Usuario): Text 'automated.test@grupokaizen.net' is set on object 'Object Repository/Page_Iniciar Sesion - KAIZEN/is_input_email'

2020-03-04 11:16:58 - [MESSAGE][PASSED] - Text 'automated.test@grupokaizen.net' is set on object 'Object Repository/Page_Iniciar Sesion - KAIZEN/is_input_email'

2020-03-04 11:16:58 - [TEST_STEP][PASSED] - setEncryptedText(findTestObject("Page_Iniciar Sesion - KAIZEN/IS_input_contrasena"), Contrasena): Text ****** has been set on object 'Object Repository/Page_Iniciar Sesion - KAIZEN/IS_input_contrasena'

2020-03-04 11:16:58 - [MESSAGE][PASSED] - Text ****** has been set on object 'Object Repository/Page_Iniciar Sesion - KAIZEN/IS_input_contrasena'

2020-03-04 11:16:58 - [TEST_STEP][PASSED] - click(findTestObject("Page_Iniciar Sesion - KAIZEN/is_btn_ingresar_sistema")): Object: 'Object Repository/Page_Iniciar Sesion - KAIZEN/is_btn_ingresar_sistema' is clicked on

2020-03-04 11:17:02 - [MESSAGE][PASSED] - Object: 'Object Repository/Page_Iniciar Sesion - KAIZEN/is_btn_ingresar_sistema' is clicked on

2020-03-04 11:17:02 - [MESSAGE][PASSED] - Call Test Case 'Test Cases/Individual_Tests/Login' successfully

2020-03-04 11:17:02 - [TEST_STEP][PASSED] - callTestCase(findTestCase("Individual_Tests/Seleccionar_Idioma"), ["Evento":"MovimientoDeInventario", "Index":Index], STOP_ON_FAILURE): Call Test Case 'Test Cases/Individual_Tests/Seleccionar_Idioma' successfully

2020-03-04 11:17:02 - [TEST_CASE][PASSED] - Test Cases/Individual_Tests/Seleccionar_Idioma: Test Cases/Individual_Tests/Seleccionar_Idioma

2020-03-04 11:17:02 - [TEST_STEP][PASSED] - Idioma = 0: null

2020-03-04 11:17:02 - [TEST_STEP][PASSED] - if (Evento == "Crear20"): null

2020-03-04 11:17:02 - [TEST_STEP][PASSED] - else if (Evento == "Crear40"): null

2020-03-04 11:17:02 - [TEST_STEP][PASSED] - else if (Evento == "Aprobar"): null

2020-03-04 11:17:02 - [TEST_STEP][PASSED] - else if (Evento == "Logistica"): null

2020-03-04 11:17:02 - [TEST_STEP][PASSED] - else if (Evento == "Produccion"): null

2020-03-04 11:17:02 - [TEST_STEP][PASSED] - else if (Evento == "Inventario"): null

2020-03-04 11:17:02 - [TEST_STEP][PASSED] - else if (Evento == "Despacho"): null

2020-03-04 11:17:02 - [TEST_STEP][PASSED] - else if (Evento == "ProductoAlmacen"): null

2020-03-04 11:17:02 - [TEST_STEP][PASSED] - else if (Evento == "MovimientoDeInventario"): null

2020-03-04 11:17:02 - [TEST_STEP][PASSED] - data7 = obtener_excels.obtener_mov_inventario.getValuesExcelMovInventario(Index): obtener_excels.obtener_mov_inventario.getValuesExcelMovInventario is PASSED

2020-03-04 11:17:02 - [MESSAGE][PASSED] - obtener_excels.obtener_mov_inventario.getValuesExcelMovInventario is PASSED

2020-03-04 11:17:02 - [TEST_STEP][PASSED] - Idioma = data7[0]: null

2020-03-04 11:17:02 - [TEST_STEP][PASSED] - click(findTestObject("Page_- KAIZEN/si_btn_idioma")): Object: 'Object Repository/Page_- KAIZEN/si_btn_idioma' is clicked on

2020-03-04 11:17:03 - [MESSAGE][PASSED] - Object: 'Object Repository/Page_- KAIZEN/si_btn_idioma' is clicked on

2020-03-04 11:17:03 - [TEST_STEP][PASSED] - if (Idioma == "0"): null

2020-03-04 11:17:03 - [TEST_STEP][PASSED] - else: Object: 'Object Repository/Page_- KAIZEN/si_Spanish' is clicked on

2020-03-04 11:17:03 - [TEST_STEP][PASSED] - click(findTestObject("Page_- KAIZEN/si_Spanish")): Object: 'Object Repository/Page_- KAIZEN/si_Spanish' is clicked on

2020-03-04 11:17:04 - [MESSAGE][PASSED] - Object: 'Object Repository/Page_- KAIZEN/si_Spanish' is clicked on

2020-03-04 11:17:04 - [MESSAGE][PASSED] - Call Test Case 'Test Cases/Individual_Tests/Seleccionar_Idioma' successfully

2020-03-04 11:17:04 - [TEST_STEP][PASSED] - callTestCase(findTestCase("Individual_Tests/Movimientos_Inventario"), ["Index":Index], STOP_ON_FAILURE): Call Test Case 'Test Cases/Individual_Tests/Movimientos_Inventario' successfully

2020-03-04 11:17:04 - [TEST_CASE][PASSED] - Test Cases/Individual_Tests/Movimientos_Inventario: Test Cases/Individual_Tests/Movimientos_Inventario

2020-03-04 11:17:04 - [TEST_STEP][PASSED] - data = obtener_excels.obtener_mov_inventario.getValuesExcelMovInventario(Index): obtener_excels.obtener_mov_inventario.getValuesExcelMovInventario is PASSED

2020-03-04 11:17:04 - [MESSAGE][PASSED] - obtener_excels.obtener_mov_inventario.getValuesExcelMovInventario is PASSED

2020-03-04 11:17:04 - [TEST_STEP][PASSED] - concepto = data[3]: null

2020-03-04 11:17:04 - [TEST_STEP][PASSED] - motivo = data[4]: null

2020-03-04 11:17:04 - [TEST_STEP][PASSED] - IdProducto = data[14]: null

2020-03-04 11:17:04 - [TEST_STEP][PASSED] - Existencia = data[8]: null

2020-03-04 11:17:05 - [TEST_STEP][PASSED] - cantidadActual1 = data[10]: null

2020-03-04 11:17:05 - [TEST_STEP][PASSED] - cantidadActual2 = data[12]: null

2020-03-04 11:17:05 - [TEST_STEP][PASSED] - codProducto = data[5]: null

2020-03-04 11:17:05 - [TEST_STEP][PASSED] - IdGrupo = data[6]: null

2020-03-04 11:17:05 - [TEST_STEP][PASSED] - Producto = data[7]: null

2020-03-04 11:17:05 - [TEST_STEP][PASSED] - IdAlmacen1 = data[9]: null

2020-03-04 11:17:05 - [TEST_STEP][PASSED] - IdAlmacen2 = data[11]: null

2020-03-04 11:17:05 - [TEST_STEP][PASSED] - cantidadAMover = data[13]: null

2020-03-04 11:17:05 - [TEST_STEP][PASSED] - cantidad = data[13]: null

2020-03-04 11:17:05 - [TEST_STEP][PASSED] - rand = new java.util.Random(): null

2020-03-04 11:17:05 - [TEST_STEP][PASSED] - nuevacantidad = 0: null

2020-03-04 11:17:05 - [TEST_STEP][PASSED] - if (concepto == "TransferenciaDeMercancias" & cantidad == "0"): null

2020-03-04 11:17:05 - [TEST_STEP][PASSED] - concepto = data[3]: null

2020-03-04 11:17:05 - [TEST_STEP][PASSED] - motivo = data[4]: null

2020-03-04 11:17:05 - [TEST_STEP][PASSED] - click(findTestObject("Object Repository/Page_- KAIZEN/mi_menu_Inventario")): Object: 'Object Repository/Page_- KAIZEN/mi_menu_Inventario' is clicked on

2020-03-04 11:17:06 - [MESSAGE][PASSED] - Object: 'Object Repository/Page_- KAIZEN/mi_menu_Inventario' is clicked on

2020-03-04 11:17:06 - [TEST_STEP][PASSED] - click(findTestObject("Object Repository/Page_- KAIZEN/mi_menu_Movimientos")): Object: 'Object Repository/Page_- KAIZEN/mi_menu_Movimientos' is clicked on

2020-03-04 11:17:14 - [MESSAGE][PASSED] - Object: 'Object Repository/Page_- KAIZEN/mi_menu_Movimientos' is clicked on

2020-03-04 11:17:14 - [TEST_STEP][PASSED] - click(findTestObject("Object Repository/Page_Index - KAIZEN/mi_btn_agregar")): Object: 'Object Repository/Page_Index - KAIZEN/mi_btn_agregar' is clicked on

2020-03-04 11:17:19 - [MESSAGE][PASSED] - Object: 'Object Repository/Page_Index - KAIZEN/mi_btn_agregar' is clicked on

2020-03-04 11:17:19 - [TEST_STEP][PASSED] - selectOptionByValue(findTestObject("Object Repository/Page_Create - KAIZEN/mi_select_concepto"), concepto, true): All options with value 'EntradaDeMercancias' are selected in object 'Object Repository/Page_Create - KAIZEN/mi_select_concepto'  using regular expression

2020-03-04 11:17:21 - [MESSAGE][PASSED] - All options with value 'EntradaDeMercancias' are selected in object 'Object Repository/Page_Create - KAIZEN/mi_select_concepto'  using regular expression

2020-03-04 11:17:21 - [TEST_STEP][PASSED] - selectOptionByValue(findTestObject("Object Repository/Page_Create - KAIZEN/mi_select_motivo"), motivo, true): All options with value 'DevolucionProducto' are selected in object 'Object Repository/Page_Create - KAIZEN/mi_select_motivo'  using regular expression

2020-03-04 11:17:22 - [MESSAGE][PASSED] - All options with value 'DevolucionProducto' are selected in object 'Object Repository/Page_Create - KAIZEN/mi_select_motivo'  using regular expression

2020-03-04 11:17:22 - [TEST_STEP][PASSED] - click(findTestObject("Object Repository/Page_Create - KAIZEN/mi_select_buscar_Producto")): Object: 'Object Repository/Page_Create - KAIZEN/mi_select_buscar_Producto' is clicked on

2020-03-04 11:17:23 - [MESSAGE][PASSED] - Object: 'Object Repository/Page_Create - KAIZEN/mi_select_buscar_Producto' is clicked on

2020-03-04 11:17:23 - [TEST_STEP][PASSED] - setText(findTestObject("Object Repository/Page_Create - KAIZEN/mi_assing_producto"), codProducto): Text '9440-303-304' is set on object 'Object Repository/Page_Create - KAIZEN/mi_assing_producto'

2020-03-04 11:17:24 - [MESSAGE][PASSED] - Text '9440-303-304' is set on object 'Object Repository/Page_Create - KAIZEN/mi_assing_producto'

2020-03-04 11:17:24 - [TEST_STEP][PASSED] - sendKeys(findTestObject("Object Repository/Page_Create - KAIZEN/mi_assing_producto"), Keys.chord(ENTER)): Keys 'ENTER + ' sent to object: 'Object Repository/Page_Create - KAIZEN/mi_assing_producto'

2020-03-04 11:17:24 - [MESSAGE][PASSED] - Keys 'ENTER + ' sent to object: 'Object Repository/Page_Create - KAIZEN/mi_assing_producto'

2020-03-04 11:17:24 - [TEST_STEP][PASSED] - setText(findTestObject("Object Repository/Page_Create - KAIZEN/mi_assing_cantidad"), cantidadAMover): Text '23000' is set on object 'Object Repository/Page_Create - KAIZEN/mi_assing_cantidad'

2020-03-04 11:17:25 - [MESSAGE][PASSED] - Text '23000' is set on object 'Object Repository/Page_Create - KAIZEN/mi_assing_cantidad'

2020-03-04 11:17:25 - [TEST_STEP][PASSED] - sendKeys(findTestObject("Object Repository/Page_Create - KAIZEN/mi_assing_cantidad"), Keys.chord(ENTER)): Keys 'ENTER + ' sent to object: 'Object Repository/Page_Create - KAIZEN/mi_assing_cantidad'

2020-03-04 11:17:25 - [MESSAGE][PASSED] - Keys 'ENTER + ' sent to object: 'Object Repository/Page_Create - KAIZEN/mi_assing_cantidad'

2020-03-04 11:17:25 - [TEST_STEP][PASSED] - delay(5): Delayed 5 second(s)

2020-03-04 11:17:30 - [MESSAGE][PASSED] - Delayed 5 second(s)

2020-03-04 11:17:30 - [TEST_STEP][PASSED] - modal = executeJavaScript("return document.querySelector('.swal2-popup');", null): Execute JavaScript 'return document.querySelector('.swal2-popup');' successfully

2020-03-04 11:17:30 - [MESSAGE][PASSED] - Execute JavaScript 'return document.querySelector('.swal2-popup');' successfully

2020-03-04 11:17:30 - [TEST_STEP][PASSED] - if (modal == null): Object 'Object Repository/Page_Index - KAIZEN/mi_btn_agregar' is present

2020-03-04 11:17:30 - [TEST_STEP][PASSED] - print(modal): null

2020-03-04 11:17:30 - [TEST_STEP][PASSED] - if (motivo == "EntradaPorFabricacion"): null

2020-03-04 11:17:30 - [TEST_STEP][PASSED] - else: Object 'Object Repository/Page_Index - KAIZEN/mi_btn_agregar' is present

2020-03-04 11:17:30 - [TEST_STEP][PASSED] - selectOptionByValue(findTestObject("Object Repository/Page_Create - KAIZEN/mi_assing_almacen1"), IdAlmacen1, true): All options with value '1' are selected in object 'Object Repository/Page_Create - KAIZEN/mi_assing_almacen1'  using regular expression

2020-03-04 11:17:32 - [MESSAGE][PASSED] - All options with value '1' are selected in object 'Object Repository/Page_Create - KAIZEN/mi_assing_almacen1'  using regular expression

2020-03-04 11:17:32 - [TEST_STEP][PASSED] - if (concepto == "TransferenciaDeMercancias"): null

2020-03-04 11:17:32 - [TEST_STEP][PASSED] - else: Object 'Object Repository/Page_Index - KAIZEN/mi_btn_agregar' is present

2020-03-04 11:17:32 - [TEST_STEP][PASSED] - click(findTestObject("Object Repository/Page_Create - KAIZEN/mi_btn_Guardar")): Object: 'Object Repository/Page_Create - KAIZEN/mi_btn_Guardar' is clicked on

2020-03-04 11:17:42 - [MESSAGE][PASSED] - Object: 'Object Repository/Page_Create - KAIZEN/mi_btn_Guardar' is clicked on

2020-03-04 11:17:42 - [TEST_STEP][PASSED] - verifyElementPresent(findTestObject("Object Repository/Page_Index - KAIZEN/mi_btn_agregar"), 5): Object 'Object Repository/Page_Index - KAIZEN/mi_btn_agregar' is present

2020-03-04 11:17:43 - [MESSAGE][PASSED] - Object 'Object Repository/Page_Index - KAIZEN/mi_btn_agregar' is present

2020-03-04 11:17:43 - [TEST_STEP][PASSED] - delay(5): Delayed 5 second(s)

2020-03-04 11:17:48 - [MESSAGE][PASSED] - Delayed 5 second(s)

2020-03-04 11:17:48 - [TEST_STEP][PASSED] - exportar_archivos.logInventario.reporteInv(concepto, motivo, IdProducto, codProducto, Producto, IdGrupo, Existencia, IdAlmacen1, cantidadActual1, IdAlmacen2, cantidadActual2, cantidad): exportar_archivos.logInventario.reporteInv is PASSED

2020-03-04 11:17:48 - [MESSAGE][PASSED] - exportar_archivos.logInventario.reporteInv is PASSED

2020-03-04 11:17:48 - [MESSAGE][PASSED] - Call Test Case 'Test Cases/Individual_Tests/Movimientos_Inventario' successfully

2020-03-04 11:17:48 - [TEST_STEP][PASSED] - callTestCase(findTestCase("Individual_Tests/Login"), ["Evento":"MovimientoDeInventario", "Index":Index, "Usuario":"", "Contrasena":""], STOP_ON_FAILURE): Call Test Case 'Test Cases/Individual_Tests/Login' successfully

2020-03-04 11:17:48 - [TEST_CASE][PASSED] - Test Cases/Individual_Tests/Login: Test Cases/Individual_Tests/Login

2020-03-04 11:17:48 - [TEST_STEP][PASSED] - print("Evento Seleccionado: " + Evento + "
"): null

2020-03-04 11:17:48 - [TEST_STEP][PASSED] - openBrowser(Web): Browser is opened with url: 'http://test.kaizendev.net/Login/Accesar?salir=true'

2020-03-04 11:17:48 - [MESSAGE][WARNING] - A browser is already opened. Closing browser and opening a new one

2020-03-04 11:17:48 - [MESSAGE][INFO] - Starting 'Chrome' driver

2020-03-04 11:18:12 - [MESSAGE][PASSED] - Browser is opened with url: 'http://test.kaizendev.net/Login/Accesar?salir=true'

2020-03-04 11:18:12 - [TEST_STEP][PASSED] - maximizeWindow(): Current window maximized

2020-03-04 11:18:13 - [MESSAGE][PASSED] - Current window maximized

2020-03-04 11:18:13 - [TEST_STEP][PASSED] - if (Evento == "Crear20"): null

2020-03-04 11:18:13 - [TEST_STEP][PASSED] - else if (Evento == "Crear40"): null

2020-03-04 11:18:13 - [TEST_STEP][PASSED] - else if (Evento == "Aprobar"): null

2020-03-04 11:18:13 - [TEST_STEP][PASSED] - else if (Evento == "Logistica"): null

2020-03-04 11:18:13 - [TEST_STEP][PASSED] - else if (Evento == "Produccion"): null

2020-03-04 11:18:13 - [TEST_STEP][PASSED] - else if (Evento == "Inventario"): null

2020-03-04 11:18:13 - [TEST_STEP][PASSED] - else if (Evento == "Despacho"): null

2020-03-04 11:18:13 - [TEST_STEP][PASSED] - else if (Evento == "ProductoAlmacen"): null

2020-03-04 11:18:13 - [TEST_STEP][PASSED] - else if (Evento == "MovimientoDeInventario"): Object: 'Object Repository/Page_Iniciar Sesion - KAIZEN/is_btn_ingresar_sistema' is clicked on

2020-03-04 11:18:13 - [TEST_STEP][PASSED] - data8 = obtener_excels.obtener_mov_inventario.getValuesExcelMovInventario(Index): obtener_excels.obtener_mov_inventario.getValuesExcelMovInventario is PASSED

2020-03-04 11:18:13 - [MESSAGE][PASSED] - obtener_excels.obtener_mov_inventario.getValuesExcelMovInventario is PASSED

2020-03-04 11:18:13 - [TEST_STEP][PASSED] - Usuario = data8[1]: null

2020-03-04 11:18:13 - [TEST_STEP][PASSED] - Contrasena = data8[2]: null

2020-03-04 11:18:13 - [TEST_STEP][PASSED] - setText(findTestObject("Page_Iniciar Sesion - KAIZEN/is_input_email"), Usuario): Text 'automated.test@grupokaizen.net' is set on object 'Object Repository/Page_Iniciar Sesion - KAIZEN/is_input_email'

2020-03-04 11:18:14 - [MESSAGE][PASSED] - Text 'automated.test@grupokaizen.net' is set on object 'Object Repository/Page_Iniciar Sesion - KAIZEN/is_input_email'

2020-03-04 11:18:14 - [TEST_STEP][PASSED] - setEncryptedText(findTestObject("Page_Iniciar Sesion - KAIZEN/IS_input_contrasena"), Contrasena): Text ****** has been set on object 'Object Repository/Page_Iniciar Sesion - KAIZEN/IS_input_contrasena'

2020-03-04 11:18:15 - [MESSAGE][PASSED] - Text ****** has been set on object 'Object Repository/Page_Iniciar Sesion - KAIZEN/IS_input_contrasena'

2020-03-04 11:18:15 - [TEST_STEP][PASSED] - click(findTestObject("Page_Iniciar Sesion - KAIZEN/is_btn_ingresar_sistema")): Object: 'Object Repository/Page_Iniciar Sesion - KAIZEN/is_btn_ingresar_sistema' is clicked on

2020-03-04 11:18:20 - [MESSAGE][PASSED] - Object: 'Object Repository/Page_Iniciar Sesion - KAIZEN/is_btn_ingresar_sistema' is clicked on

2020-03-04 11:18:20 - [MESSAGE][PASSED] - Call Test Case 'Test Cases/Individual_Tests/Login' successfully

2020-03-04 11:18:20 - [TEST_STEP][PASSED] - callTestCase(findTestCase("Individual_Tests/Seleccionar_Idioma"), ["Evento":"MovimientoDeInventario", "Index":Index], STOP_ON_FAILURE): Call Test Case 'Test Cases/Individual_Tests/Seleccionar_Idioma' successfully

2020-03-04 11:18:20 - [TEST_CASE][PASSED] - Test Cases/Individual_Tests/Seleccionar_Idioma: Test Cases/Individual_Tests/Seleccionar_Idioma

2020-03-04 11:18:20 - [TEST_STEP][PASSED] - Idioma = 0: null

2020-03-04 11:18:20 - [TEST_STEP][PASSED] - if (Evento == "Crear20"): null

2020-03-04 11:18:20 - [TEST_STEP][PASSED] - else if (Evento == "Crear40"): null

2020-03-04 11:18:20 - [TEST_STEP][PASSED] - else if (Evento == "Aprobar"): null

2020-03-04 11:18:20 - [TEST_STEP][PASSED] - else if (Evento == "Logistica"): null

2020-03-04 11:18:20 - [TEST_STEP][PASSED] - else if (Evento == "Produccion"): null

2020-03-04 11:18:20 - [TEST_STEP][PASSED] - else if (Evento == "Inventario"): null

2020-03-04 11:18:20 - [TEST_STEP][PASSED] - else if (Evento == "Despacho"): null

2020-03-04 11:18:20 - [TEST_STEP][PASSED] - else if (Evento == "ProductoAlmacen"): null

2020-03-04 11:18:20 - [TEST_STEP][PASSED] - else if (Evento == "MovimientoDeInventario"): null

2020-03-04 11:18:20 - [TEST_STEP][PASSED] - data7 = obtener_excels.obtener_mov_inventario.getValuesExcelMovInventario(Index): obtener_excels.obtener_mov_inventario.getValuesExcelMovInventario is PASSED

2020-03-04 11:18:20 - [MESSAGE][PASSED] - obtener_excels.obtener_mov_inventario.getValuesExcelMovInventario is PASSED

2020-03-04 11:18:20 - [TEST_STEP][PASSED] - Idioma = data7[0]: null

2020-03-04 11:18:20 - [TEST_STEP][PASSED] - click(findTestObject("Page_- KAIZEN/si_btn_idioma")): Object: 'Object Repository/Page_- KAIZEN/si_btn_idioma' is clicked on

2020-03-04 11:18:21 - [MESSAGE][PASSED] - Object: 'Object Repository/Page_- KAIZEN/si_btn_idioma' is clicked on

2020-03-04 11:18:21 - [TEST_STEP][PASSED] - if (Idioma == "0"): null

2020-03-04 11:18:21 - [TEST_STEP][PASSED] - else: Object: 'Object Repository/Page_- KAIZEN/si_Spanish' is clicked on

2020-03-04 11:18:21 - [TEST_STEP][PASSED] - click(findTestObject("Page_- KAIZEN/si_Spanish")): Object: 'Object Repository/Page_- KAIZEN/si_Spanish' is clicked on

2020-03-04 11:18:23 - [MESSAGE][PASSED] - Object: 'Object Repository/Page_- KAIZEN/si_Spanish' is clicked on

2020-03-04 11:18:23 - [MESSAGE][PASSED] - Call Test Case 'Test Cases/Individual_Tests/Seleccionar_Idioma' successfully

2020-03-04 11:18:23 - [TEST_STEP][PASSED] - callTestCase(findTestCase("Individual_Tests/Movimientos_Inventario"), ["Index":Index], STOP_ON_FAILURE): Call Test Case 'Test Cases/Individual_Tests/Movimientos_Inventario' successfully

2020-03-04 11:18:23 - [TEST_CASE][PASSED] - Test Cases/Individual_Tests/Movimientos_Inventario: Test Cases/Individual_Tests/Movimientos_Inventario

2020-03-04 11:18:23 - [TEST_STEP][PASSED] - data = obtener_excels.obtener_mov_inventario.getValuesExcelMovInventario(Index): obtener_excels.obtener_mov_inventario.getValuesExcelMovInventario is PASSED

2020-03-04 11:18:23 - [MESSAGE][PASSED] - obtener_excels.obtener_mov_inventario.getValuesExcelMovInventario is PASSED

2020-03-04 11:18:23 - [TEST_STEP][PASSED] - concepto = data[3]: null

2020-03-04 11:18:23 - [TEST_STEP][PASSED] - motivo = data[4]: null

2020-03-04 11:18:23 - [TEST_STEP][PASSED] - IdProducto = data[14]: null

2020-03-04 11:18:23 - [TEST_STEP][PASSED] - Existencia = data[8]: null

2020-03-04 11:18:23 - [TEST_STEP][PASSED] - cantidadActual1 = data[10]: null

2020-03-04 11:18:23 - [TEST_STEP][PASSED] - cantidadActual2 = data[12]: null

2020-03-04 11:18:23 - [TEST_STEP][PASSED] - codProducto = data[5]: null

2020-03-04 11:18:23 - [TEST_STEP][PASSED] - IdGrupo = data[6]: null

2020-03-04 11:18:23 - [TEST_STEP][PASSED] - Producto = data[7]: null

2020-03-04 11:18:23 - [TEST_STEP][PASSED] - IdAlmacen1 = data[9]: null

2020-03-04 11:18:23 - [TEST_STEP][PASSED] - IdAlmacen2 = data[11]: null

2020-03-04 11:18:23 - [TEST_STEP][PASSED] - cantidadAMover = data[13]: null

2020-03-04 11:18:23 - [TEST_STEP][PASSED] - cantidad = data[13]: null

2020-03-04 11:18:23 - [TEST_STEP][PASSED] - rand = new java.util.Random(): null

2020-03-04 11:18:23 - [TEST_STEP][PASSED] - nuevacantidad = 0: null

2020-03-04 11:18:23 - [TEST_STEP][PASSED] - if (concepto == "TransferenciaDeMercancias" & cantidad == "0"): null

2020-03-04 11:18:23 - [TEST_STEP][PASSED] - concepto = data[3]: null

2020-03-04 11:18:23 - [TEST_STEP][PASSED] - motivo = data[4]: null

2020-03-04 11:18:23 - [TEST_STEP][PASSED] - click(findTestObject("Object Repository/Page_- KAIZEN/mi_menu_Inventario")): Object: 'Object Repository/Page_- KAIZEN/mi_menu_Inventario' is clicked on

2020-03-04 11:18:24 - [MESSAGE][PASSED] - Object: 'Object Repository/Page_- KAIZEN/mi_menu_Inventario' is clicked on

2020-03-04 11:18:24 - [TEST_STEP][PASSED] - click(findTestObject("Object Repository/Page_- KAIZEN/mi_menu_Movimientos")): Object: 'Object Repository/Page_- KAIZEN/mi_menu_Movimientos' is clicked on

2020-03-04 11:18:27 - [MESSAGE][PASSED] - Object: 'Object Repository/Page_- KAIZEN/mi_menu_Movimientos' is clicked on

2020-03-04 11:18:27 - [TEST_STEP][PASSED] - click(findTestObject("Object Repository/Page_Index - KAIZEN/mi_btn_agregar")): Object: 'Object Repository/Page_Index - KAIZEN/mi_btn_agregar' is clicked on

2020-03-04 11:18:37 - [MESSAGE][PASSED] - Object: 'Object Repository/Page_Index - KAIZEN/mi_btn_agregar' is clicked on

2020-03-04 11:18:37 - [TEST_STEP][PASSED] - selectOptionByValue(findTestObject("Object Repository/Page_Create - KAIZEN/mi_select_concepto"), concepto, true): All options with value 'EntradaDeMercancias' are selected in object 'Object Repository/Page_Create - KAIZEN/mi_select_concepto'  using regular expression

2020-03-04 11:18:39 - [MESSAGE][PASSED] - All options with value 'EntradaDeMercancias' are selected in object 'Object Repository/Page_Create - KAIZEN/mi_select_concepto'  using regular expression

2020-03-04 11:18:39 - [TEST_STEP][PASSED] - selectOptionByValue(findTestObject("Object Repository/Page_Create - KAIZEN/mi_select_motivo"), motivo, true): All options with value 'DevolucionProducto' are selected in object 'Object Repository/Page_Create - KAIZEN/mi_select_motivo'  using regular expression

2020-03-04 11:18:40 - [MESSAGE][PASSED] - All options with value 'DevolucionProducto' are selected in object 'Object Repository/Page_Create - KAIZEN/mi_select_motivo'  using regular expression

2020-03-04 11:18:40 - [TEST_STEP][PASSED] - click(findTestObject("Object Repository/Page_Create - KAIZEN/mi_select_buscar_Producto")): Object: 'Object Repository/Page_Create - KAIZEN/mi_select_buscar_Producto' is clicked on

2020-03-04 11:18:41 - [MESSAGE][PASSED] - Object: 'Object Repository/Page_Create - KAIZEN/mi_select_buscar_Producto' is clicked on

2020-03-04 11:18:41 - [TEST_STEP][PASSED] - setText(findTestObject("Object Repository/Page_Create - KAIZEN/mi_assing_producto"), codProducto): Text '9440-303-304' is set on object 'Object Repository/Page_Create - KAIZEN/mi_assing_producto'

2020-03-04 11:18:42 - [MESSAGE][PASSED] - Text '9440-303-304' is set on object 'Object Repository/Page_Create - KAIZEN/mi_assing_producto'

2020-03-04 11:18:42 - [TEST_STEP][PASSED] - sendKeys(findTestObject("Object Repository/Page_Create - KAIZEN/mi_assing_producto"), Keys.chord(ENTER)): Keys 'ENTER + ' sent to object: 'Object Repository/Page_Create - KAIZEN/mi_assing_producto'

2020-03-04 11:18:42 - [MESSAGE][PASSED] - Keys 'ENTER + ' sent to object: 'Object Repository/Page_Create - KAIZEN/mi_assing_producto'

2020-03-04 11:18:42 - [TEST_STEP][PASSED] - setText(findTestObject("Object Repository/Page_Create - KAIZEN/mi_assing_cantidad"), cantidadAMover): Text '36938' is set on object 'Object Repository/Page_Create - KAIZEN/mi_assing_cantidad'

2020-03-04 11:18:43 - [MESSAGE][PASSED] - Text '36938' is set on object 'Object Repository/Page_Create - KAIZEN/mi_assing_cantidad'

2020-03-04 11:18:43 - [TEST_STEP][PASSED] - sendKeys(findTestObject("Object Repository/Page_Create - KAIZEN/mi_assing_cantidad"), Keys.chord(ENTER)): Keys 'ENTER + ' sent to object: 'Object Repository/Page_Create - KAIZEN/mi_assing_cantidad'

2020-03-04 11:18:43 - [MESSAGE][PASSED] - Keys 'ENTER + ' sent to object: 'Object Repository/Page_Create - KAIZEN/mi_assing_cantidad'

2020-03-04 11:18:43 - [TEST_STEP][PASSED] - delay(5): Delayed 5 second(s)

2020-03-04 11:18:48 - [MESSAGE][PASSED] - Delayed 5 second(s)

2020-03-04 11:18:48 - [TEST_STEP][PASSED] - modal = executeJavaScript("return document.querySelector('.swal2-popup');", null): Execute JavaScript 'return document.querySelector('.swal2-popup');' successfully

2020-03-04 11:18:48 - [MESSAGE][PASSED] - Execute JavaScript 'return document.querySelector('.swal2-popup');' successfully

2020-03-04 11:18:48 - [TEST_STEP][PASSED] - if (modal == null): Object 'Object Repository/Page_Index - KAIZEN/mi_btn_agregar' is present

2020-03-04 11:18:48 - [TEST_STEP][PASSED] - print(modal): null

2020-03-04 11:18:48 - [TEST_STEP][PASSED] - if (motivo == "EntradaPorFabricacion"): null

2020-03-04 11:18:48 - [TEST_STEP][PASSED] - else: Object 'Object Repository/Page_Index - KAIZEN/mi_btn_agregar' is present

2020-03-04 11:18:48 - [TEST_STEP][PASSED] - selectOptionByValue(findTestObject("Object Repository/Page_Create - KAIZEN/mi_assing_almacen1"), IdAlmacen1, true): All options with value '6' are selected in object 'Object Repository/Page_Create - KAIZEN/mi_assing_almacen1'  using regular expression

2020-03-04 11:18:55 - [MESSAGE][PASSED] - All options with value '6' are selected in object 'Object Repository/Page_Create - KAIZEN/mi_assing_almacen1'  using regular expression

2020-03-04 11:18:55 - [TEST_STEP][PASSED] - if (concepto == "TransferenciaDeMercancias"): null

2020-03-04 11:18:55 - [TEST_STEP][PASSED] - else: Object 'Object Repository/Page_Index - KAIZEN/mi_btn_agregar' is present

2020-03-04 11:18:55 - [TEST_STEP][PASSED] - click(findTestObject("Object Repository/Page_Create - KAIZEN/mi_btn_Guardar")): Object: 'Object Repository/Page_Create - KAIZEN/mi_btn_Guardar' is clicked on

2020-03-04 11:19:02 - [MESSAGE][PASSED] - Object: 'Object Repository/Page_Create - KAIZEN/mi_btn_Guardar' is clicked on

2020-03-04 11:19:02 - [TEST_STEP][PASSED] - verifyElementPresent(findTestObject("Object Repository/Page_Index - KAIZEN/mi_btn_agregar"), 5): Object 'Object Repository/Page_Index - KAIZEN/mi_btn_agregar' is present

2020-03-04 11:19:04 - [MESSAGE][PASSED] - Object 'Object Repository/Page_Index - KAIZEN/mi_btn_agregar' is present

2020-03-04 11:19:04 - [TEST_STEP][PASSED] - delay(5): Delayed 5 second(s)

2020-03-04 11:19:09 - [MESSAGE][PASSED] - Delayed 5 second(s)

2020-03-04 11:19:09 - [TEST_STEP][PASSED] - exportar_archivos.logInventario.reporteInv(concepto, motivo, IdProducto, codProducto, Producto, IdGrupo, Existencia, IdAlmacen1, cantidadActual1, IdAlmacen2, cantidadActual2, cantidad): exportar_archivos.logInventario.reporteInv is PASSED

2020-03-04 11:19:09 - [MESSAGE][PASSED] - exportar_archivos.logInventario.reporteInv is PASSED

2020-03-04 11:19:09 - [MESSAGE][PASSED] - Call Test Case 'Test Cases/Individual_Tests/Movimientos_Inventario' successfully

2020-03-04 11:19:09 - [TEST_STEP][PASSED] - callTestCase(findTestCase("Individual_Tests/Login"), ["Evento":"MovimientoDeInventario", "Index":Index, "Usuario":"", "Contrasena":""], STOP_ON_FAILURE): Call Test Case 'Test Cases/Individual_Tests/Login' successfully

2020-03-04 11:19:09 - [TEST_CASE][PASSED] - Test Cases/Individual_Tests/Login: Test Cases/Individual_Tests/Login

2020-03-04 11:19:09 - [TEST_STEP][PASSED] - print("Evento Seleccionado: " + Evento + "
"): null

2020-03-04 11:19:09 - [TEST_STEP][PASSED] - openBrowser(Web): Browser is opened with url: 'http://test.kaizendev.net/Login/Accesar?salir=true'

2020-03-04 11:19:09 - [MESSAGE][WARNING] - A browser is already opened. Closing browser and opening a new one

2020-03-04 11:19:10 - [MESSAGE][INFO] - Starting 'Chrome' driver

2020-03-04 11:19:51 - [MESSAGE][PASSED] - Browser is opened with url: 'http://test.kaizendev.net/Login/Accesar?salir=true'

2020-03-04 11:19:51 - [TEST_STEP][PASSED] - maximizeWindow(): Current window maximized

2020-03-04 11:19:52 - [MESSAGE][PASSED] - Current window maximized

2020-03-04 11:19:52 - [TEST_STEP][PASSED] - if (Evento == "Crear20"): null

2020-03-04 11:19:52 - [TEST_STEP][PASSED] - else if (Evento == "Crear40"): null

2020-03-04 11:19:52 - [TEST_STEP][PASSED] - else if (Evento == "Aprobar"): null

2020-03-04 11:19:52 - [TEST_STEP][PASSED] - else if (Evento == "Logistica"): null

2020-03-04 11:19:52 - [TEST_STEP][PASSED] - else if (Evento == "Produccion"): null

2020-03-04 11:19:52 - [TEST_STEP][PASSED] - else if (Evento == "Inventario"): null

2020-03-04 11:19:52 - [TEST_STEP][PASSED] - else if (Evento == "Despacho"): null

2020-03-04 11:19:52 - [TEST_STEP][PASSED] - else if (Evento == "ProductoAlmacen"): null

2020-03-04 11:19:52 - [TEST_STEP][PASSED] - else if (Evento == "MovimientoDeInventario"): Object: 'Object Repository/Page_Iniciar Sesion - KAIZEN/is_btn_ingresar_sistema' is clicked on

2020-03-04 11:19:52 - [TEST_STEP][PASSED] - data8 = obtener_excels.obtener_mov_inventario.getValuesExcelMovInventario(Index): obtener_excels.obtener_mov_inventario.getValuesExcelMovInventario is PASSED

2020-03-04 11:19:52 - [MESSAGE][PASSED] - obtener_excels.obtener_mov_inventario.getValuesExcelMovInventario is PASSED

2020-03-04 11:19:52 - [TEST_STEP][PASSED] - Usuario = data8[1]: null

2020-03-04 11:19:52 - [TEST_STEP][PASSED] - Contrasena = data8[2]: null

2020-03-04 11:19:52 - [TEST_STEP][PASSED] - setText(findTestObject("Page_Iniciar Sesion - KAIZEN/is_input_email"), Usuario): Text 'automated.test@grupokaizen.net' is set on object 'Object Repository/Page_Iniciar Sesion - KAIZEN/is_input_email'

2020-03-04 11:19:53 - [MESSAGE][PASSED] - Text 'automated.test@grupokaizen.net' is set on object 'Object Repository/Page_Iniciar Sesion - KAIZEN/is_input_email'

2020-03-04 11:19:53 - [TEST_STEP][PASSED] - setEncryptedText(findTestObject("Page_Iniciar Sesion - KAIZEN/IS_input_contrasena"), Contrasena): Text ****** has been set on object 'Object Repository/Page_Iniciar Sesion - KAIZEN/IS_input_contrasena'

2020-03-04 11:19:53 - [MESSAGE][PASSED] - Text ****** has been set on object 'Object Repository/Page_Iniciar Sesion - KAIZEN/IS_input_contrasena'

2020-03-04 11:19:53 - [TEST_STEP][PASSED] - click(findTestObject("Page_Iniciar Sesion - KAIZEN/is_btn_ingresar_sistema")): Object: 'Object Repository/Page_Iniciar Sesion - KAIZEN/is_btn_ingresar_sistema' is clicked on

2020-03-04 11:19:58 - [MESSAGE][PASSED] - Object: 'Object Repository/Page_Iniciar Sesion - KAIZEN/is_btn_ingresar_sistema' is clicked on

2020-03-04 11:19:58 - [MESSAGE][PASSED] - Call Test Case 'Test Cases/Individual_Tests/Login' successfully

2020-03-04 11:19:58 - [TEST_STEP][PASSED] - callTestCase(findTestCase("Individual_Tests/Seleccionar_Idioma"), ["Evento":"MovimientoDeInventario", "Index":Index], STOP_ON_FAILURE): Call Test Case 'Test Cases/Individual_Tests/Seleccionar_Idioma' successfully

2020-03-04 11:19:58 - [TEST_CASE][PASSED] - Test Cases/Individual_Tests/Seleccionar_Idioma: Test Cases/Individual_Tests/Seleccionar_Idioma

2020-03-04 11:19:58 - [TEST_STEP][PASSED] - Idioma = 0: null

2020-03-04 11:19:58 - [TEST_STEP][PASSED] - if (Evento == "Crear20"): null

2020-03-04 11:19:58 - [TEST_STEP][PASSED] - else if (Evento == "Crear40"): null

2020-03-04 11:19:58 - [TEST_STEP][PASSED] - else if (Evento == "Aprobar"): null

2020-03-04 11:19:58 - [TEST_STEP][PASSED] - else if (Evento == "Logistica"): null

2020-03-04 11:19:58 - [TEST_STEP][PASSED] - else if (Evento == "Produccion"): null

2020-03-04 11:19:58 - [TEST_STEP][PASSED] - else if (Evento == "Inventario"): null

2020-03-04 11:19:58 - [TEST_STEP][PASSED] - else if (Evento == "Despacho"): null

2020-03-04 11:19:58 - [TEST_STEP][PASSED] - else if (Evento == "ProductoAlmacen"): null

2020-03-04 11:19:58 - [TEST_STEP][PASSED] - else if (Evento == "MovimientoDeInventario"): null

2020-03-04 11:19:58 - [TEST_STEP][PASSED] - data7 = obtener_excels.obtener_mov_inventario.getValuesExcelMovInventario(Index): obtener_excels.obtener_mov_inventario.getValuesExcelMovInventario is PASSED

2020-03-04 11:19:58 - [MESSAGE][PASSED] - obtener_excels.obtener_mov_inventario.getValuesExcelMovInventario is PASSED

2020-03-04 11:19:58 - [TEST_STEP][PASSED] - Idioma = data7[0]: null

2020-03-04 11:19:58 - [TEST_STEP][PASSED] - click(findTestObject("Page_- KAIZEN/si_btn_idioma")): Object: 'Object Repository/Page_- KAIZEN/si_btn_idioma' is clicked on

2020-03-04 11:19:59 - [MESSAGE][PASSED] - Object: 'Object Repository/Page_- KAIZEN/si_btn_idioma' is clicked on

2020-03-04 11:19:59 - [TEST_STEP][PASSED] - if (Idioma == "0"): null

2020-03-04 11:19:59 - [TEST_STEP][PASSED] - else: Object: 'Object Repository/Page_- KAIZEN/si_Spanish' is clicked on

2020-03-04 11:19:59 - [TEST_STEP][PASSED] - click(findTestObject("Page_- KAIZEN/si_Spanish")): Object: 'Object Repository/Page_- KAIZEN/si_Spanish' is clicked on

2020-03-04 11:20:00 - [MESSAGE][PASSED] - Object: 'Object Repository/Page_- KAIZEN/si_Spanish' is clicked on

2020-03-04 11:20:00 - [MESSAGE][PASSED] - Call Test Case 'Test Cases/Individual_Tests/Seleccionar_Idioma' successfully

2020-03-04 11:20:00 - [TEST_STEP][PASSED] - callTestCase(findTestCase("Individual_Tests/Movimientos_Inventario"), ["Index":Index], STOP_ON_FAILURE): Call Test Case 'Test Cases/Individual_Tests/Movimientos_Inventario' successfully

2020-03-04 11:20:00 - [TEST_CASE][PASSED] - Test Cases/Individual_Tests/Movimientos_Inventario: Test Cases/Individual_Tests/Movimientos_Inventario

2020-03-04 11:20:00 - [TEST_STEP][PASSED] - data = obtener_excels.obtener_mov_inventario.getValuesExcelMovInventario(Index): obtener_excels.obtener_mov_inventario.getValuesExcelMovInventario is PASSED

2020-03-04 11:20:00 - [MESSAGE][PASSED] - obtener_excels.obtener_mov_inventario.getValuesExcelMovInventario is PASSED

2020-03-04 11:20:00 - [TEST_STEP][PASSED] - concepto = data[3]: null

2020-03-04 11:20:00 - [TEST_STEP][PASSED] - motivo = data[4]: null

2020-03-04 11:20:00 - [TEST_STEP][PASSED] - IdProducto = data[14]: null

2020-03-04 11:20:00 - [TEST_STEP][PASSED] - Existencia = data[8]: null

2020-03-04 11:20:00 - [TEST_STEP][PASSED] - cantidadActual1 = data[10]: null

2020-03-04 11:20:00 - [TEST_STEP][PASSED] - cantidadActual2 = data[12]: null

2020-03-04 11:20:00 - [TEST_STEP][PASSED] - codProducto = data[5]: null

2020-03-04 11:20:00 - [TEST_STEP][PASSED] - IdGrupo = data[6]: null

2020-03-04 11:20:00 - [TEST_STEP][PASSED] - Producto = data[7]: null

2020-03-04 11:20:00 - [TEST_STEP][PASSED] - IdAlmacen1 = data[9]: null

2020-03-04 11:20:00 - [TEST_STEP][PASSED] - IdAlmacen2 = data[11]: null

2020-03-04 11:20:00 - [TEST_STEP][PASSED] - cantidadAMover = data[13]: null

2020-03-04 11:20:00 - [TEST_STEP][PASSED] - cantidad = data[13]: null

2020-03-04 11:20:00 - [TEST_STEP][PASSED] - rand = new java.util.Random(): null

2020-03-04 11:20:00 - [TEST_STEP][PASSED] - nuevacantidad = 0: null

2020-03-04 11:20:00 - [TEST_STEP][PASSED] - if (concepto == "TransferenciaDeMercancias" & cantidad == "0"): null

2020-03-04 11:20:00 - [TEST_STEP][PASSED] - concepto = data[3]: null

2020-03-04 11:20:00 - [TEST_STEP][PASSED] - motivo = data[4]: null

2020-03-04 11:20:00 - [TEST_STEP][PASSED] - click(findTestObject("Object Repository/Page_- KAIZEN/mi_menu_Inventario")): Object: 'Object Repository/Page_- KAIZEN/mi_menu_Inventario' is clicked on

2020-03-04 11:20:01 - [MESSAGE][PASSED] - Object: 'Object Repository/Page_- KAIZEN/mi_menu_Inventario' is clicked on

2020-03-04 11:20:01 - [TEST_STEP][PASSED] - click(findTestObject("Object Repository/Page_- KAIZEN/mi_menu_Movimientos")): Object: 'Object Repository/Page_- KAIZEN/mi_menu_Movimientos' is clicked on

2020-03-04 11:20:04 - [MESSAGE][PASSED] - Object: 'Object Repository/Page_- KAIZEN/mi_menu_Movimientos' is clicked on

2020-03-04 11:20:04 - [TEST_STEP][PASSED] - click(findTestObject("Object Repository/Page_Index - KAIZEN/mi_btn_agregar")): Object: 'Object Repository/Page_Index - KAIZEN/mi_btn_agregar' is clicked on

2020-03-04 11:20:09 - [MESSAGE][PASSED] - Object: 'Object Repository/Page_Index - KAIZEN/mi_btn_agregar' is clicked on

2020-03-04 11:20:09 - [TEST_STEP][PASSED] - selectOptionByValue(findTestObject("Object Repository/Page_Create - KAIZEN/mi_select_concepto"), concepto, true): All options with value 'TransferenciaDeMercancias' are selected in object 'Object Repository/Page_Create - KAIZEN/mi_select_concepto'  using regular expression

2020-03-04 11:20:11 - [MESSAGE][PASSED] - All options with value 'TransferenciaDeMercancias' are selected in object 'Object Repository/Page_Create - KAIZEN/mi_select_concepto'  using regular expression

2020-03-04 11:20:11 - [TEST_STEP][PASSED] - selectOptionByValue(findTestObject("Object Repository/Page_Create - KAIZEN/mi_select_motivo"), motivo, true): All options with value 'VerificaciónCalidad' are selected in object 'Object Repository/Page_Create - KAIZEN/mi_select_motivo'  using regular expression

2020-03-04 11:20:12 - [MESSAGE][PASSED] - All options with value 'VerificaciónCalidad' are selected in object 'Object Repository/Page_Create - KAIZEN/mi_select_motivo'  using regular expression

2020-03-04 11:20:12 - [TEST_STEP][PASSED] - click(findTestObject("Object Repository/Page_Create - KAIZEN/mi_select_buscar_Producto")): Object: 'Object Repository/Page_Create - KAIZEN/mi_select_buscar_Producto' is clicked on

2020-03-04 11:20:13 - [MESSAGE][PASSED] - Object: 'Object Repository/Page_Create - KAIZEN/mi_select_buscar_Producto' is clicked on

2020-03-04 11:20:13 - [TEST_STEP][PASSED] - setText(findTestObject("Object Repository/Page_Create - KAIZEN/mi_assing_producto"), codProducto): Text '9440-404-382' is set on object 'Object Repository/Page_Create - KAIZEN/mi_assing_producto'

2020-03-04 11:20:14 - [MESSAGE][PASSED] - Text '9440-404-382' is set on object 'Object Repository/Page_Create - KAIZEN/mi_assing_producto'

2020-03-04 11:20:14 - [TEST_STEP][PASSED] - sendKeys(findTestObject("Object Repository/Page_Create - KAIZEN/mi_assing_producto"), Keys.chord(ENTER)): Keys 'ENTER + ' sent to object: 'Object Repository/Page_Create - KAIZEN/mi_assing_producto'

2020-03-04 11:20:14 - [MESSAGE][PASSED] - Keys 'ENTER + ' sent to object: 'Object Repository/Page_Create - KAIZEN/mi_assing_producto'

2020-03-04 11:20:14 - [TEST_STEP][PASSED] - setText(findTestObject("Object Repository/Page_Create - KAIZEN/mi_assing_cantidad"), cantidadAMover): Text '1' is set on object 'Object Repository/Page_Create - KAIZEN/mi_assing_cantidad'

2020-03-04 11:20:15 - [MESSAGE][PASSED] - Text '1' is set on object 'Object Repository/Page_Create - KAIZEN/mi_assing_cantidad'

2020-03-04 11:20:15 - [TEST_STEP][PASSED] - sendKeys(findTestObject("Object Repository/Page_Create - KAIZEN/mi_assing_cantidad"), Keys.chord(ENTER)): Keys 'ENTER + ' sent to object: 'Object Repository/Page_Create - KAIZEN/mi_assing_cantidad'

2020-03-04 11:20:15 - [MESSAGE][PASSED] - Keys 'ENTER + ' sent to object: 'Object Repository/Page_Create - KAIZEN/mi_assing_cantidad'

2020-03-04 11:20:15 - [TEST_STEP][PASSED] - delay(5): Delayed 5 second(s)

2020-03-04 11:20:20 - [MESSAGE][PASSED] - Delayed 5 second(s)

2020-03-04 11:20:20 - [TEST_STEP][PASSED] - modal = executeJavaScript("return document.querySelector('.swal2-popup');", null): Execute JavaScript 'return document.querySelector('.swal2-popup');' successfully

2020-03-04 11:20:20 - [MESSAGE][PASSED] - Execute JavaScript 'return document.querySelector('.swal2-popup');' successfully

2020-03-04 11:20:20 - [TEST_STEP][PASSED] - if (modal == null): null

2020-03-04 11:20:20 - [TEST_STEP][PASSED] - else: Object 'Object Repository/Page_Index - KAIZEN/mi_btn_agregar' is present

2020-03-04 11:20:20 - [TEST_STEP][PASSED] - executeJavaScript("document.querySelector(".swal2-confirm").click();", null): Execute JavaScript 'document.querySelector(".swal2-confirm").click();' successfully

2020-03-04 11:20:20 - [MESSAGE][PASSED] - Execute JavaScript 'document.querySelector(".swal2-confirm").click();' successfully

2020-03-04 11:20:20 - [TEST_STEP][PASSED] - if (motivo == "EntradaPorFabricacion"): null

2020-03-04 11:20:20 - [TEST_STEP][PASSED] - else: Object 'Object Repository/Page_Index - KAIZEN/mi_btn_agregar' is present

2020-03-04 11:20:20 - [TEST_STEP][PASSED] - selectOptionByValue(findTestObject("Object Repository/Page_Create - KAIZEN/mi_assing_almacen1"), IdAlmacen1, true): All options with value '1' are selected in object 'Object Repository/Page_Create - KAIZEN/mi_assing_almacen1'  using regular expression

2020-03-04 11:20:23 - [MESSAGE][PASSED] - All options with value '1' are selected in object 'Object Repository/Page_Create - KAIZEN/mi_assing_almacen1'  using regular expression

2020-03-04 11:20:23 - [TEST_STEP][PASSED] - if (concepto == "TransferenciaDeMercancias"): Object 'Object Repository/Page_Index - KAIZEN/mi_btn_agregar' is present

2020-03-04 11:20:23 - [TEST_STEP][PASSED] - selectOptionByValue(findTestObject("Object Repository/Page_Create - KAIZEN/mi_assing_almacen2"), IdAlmacen2, true): All options with value '6' are selected in object 'Object Repository/Page_Create - KAIZEN/mi_assing_almacen2'  using regular expression

2020-03-04 11:20:24 - [MESSAGE][PASSED] - All options with value '6' are selected in object 'Object Repository/Page_Create - KAIZEN/mi_assing_almacen2'  using regular expression

2020-03-04 11:20:24 - [TEST_STEP][PASSED] - click(findTestObject("Object Repository/Page_Create - KAIZEN/mi_btn_Guardar")): Object: 'Object Repository/Page_Create - KAIZEN/mi_btn_Guardar' is clicked on

2020-03-04 11:20:42 - [MESSAGE][PASSED] - Object: 'Object Repository/Page_Create - KAIZEN/mi_btn_Guardar' is clicked on

2020-03-04 11:20:42 - [TEST_STEP][PASSED] - verifyElementPresent(findTestObject("Object Repository/Page_Index - KAIZEN/mi_btn_agregar"), 5): Object 'Object Repository/Page_Index - KAIZEN/mi_btn_agregar' is present

2020-03-04 11:20:43 - [MESSAGE][PASSED] - Object 'Object Repository/Page_Index - KAIZEN/mi_btn_agregar' is present

2020-03-04 11:20:43 - [TEST_STEP][PASSED] - delay(5): Delayed 5 second(s)

2020-03-04 11:20:48 - [MESSAGE][PASSED] - Delayed 5 second(s)

2020-03-04 11:20:48 - [TEST_STEP][PASSED] - exportar_archivos.logInventario.reporteInv(concepto, motivo, IdProducto, codProducto, Producto, IdGrupo, Existencia, IdAlmacen1, cantidadActual1, IdAlmacen2, cantidadActual2, cantidad): exportar_archivos.logInventario.reporteInv is PASSED

2020-03-04 11:20:48 - [MESSAGE][PASSED] - exportar_archivos.logInventario.reporteInv is PASSED

2020-03-04 11:20:48 - [MESSAGE][PASSED] - Call Test Case 'Test Cases/Individual_Tests/Movimientos_Inventario' successfully

2020-03-04 11:20:48 - [TEST_STEP][PASSED] - callTestCase(findTestCase("Individual_Tests/Login"), ["Evento":"MovimientoDeInventario", "Index":Index, "Usuario":"", "Contrasena":""], STOP_ON_FAILURE): Call Test Case 'Test Cases/Individual_Tests/Login' successfully

2020-03-04 11:20:48 - [TEST_CASE][PASSED] - Test Cases/Individual_Tests/Login: Test Cases/Individual_Tests/Login

2020-03-04 11:20:48 - [TEST_STEP][PASSED] - print("Evento Seleccionado: " + Evento + "
"): null

2020-03-04 11:20:48 - [TEST_STEP][PASSED] - openBrowser(Web): Browser is opened with url: 'http://test.kaizendev.net/Login/Accesar?salir=true'

2020-03-04 11:20:48 - [MESSAGE][WARNING] - A browser is already opened. Closing browser and opening a new one

2020-03-04 11:20:49 - [MESSAGE][INFO] - Starting 'Chrome' driver

2020-03-04 11:21:19 - [MESSAGE][PASSED] - Browser is opened with url: 'http://test.kaizendev.net/Login/Accesar?salir=true'

2020-03-04 11:21:19 - [TEST_STEP][PASSED] - maximizeWindow(): Current window maximized

2020-03-04 11:21:20 - [MESSAGE][PASSED] - Current window maximized

2020-03-04 11:21:20 - [TEST_STEP][PASSED] - if (Evento == "Crear20"): null

2020-03-04 11:21:20 - [TEST_STEP][PASSED] - else if (Evento == "Crear40"): null

2020-03-04 11:21:20 - [TEST_STEP][PASSED] - else if (Evento == "Aprobar"): null

2020-03-04 11:21:20 - [TEST_STEP][PASSED] - else if (Evento == "Logistica"): null

2020-03-04 11:21:20 - [TEST_STEP][PASSED] - else if (Evento == "Produccion"): null

2020-03-04 11:21:20 - [TEST_STEP][PASSED] - else if (Evento == "Inventario"): null

2020-03-04 11:21:20 - [TEST_STEP][PASSED] - else if (Evento == "Despacho"): null

2020-03-04 11:21:20 - [TEST_STEP][PASSED] - else if (Evento == "ProductoAlmacen"): null

2020-03-04 11:21:20 - [TEST_STEP][PASSED] - else if (Evento == "MovimientoDeInventario"): Object: 'Object Repository/Page_Iniciar Sesion - KAIZEN/is_btn_ingresar_sistema' is clicked on

2020-03-04 11:21:20 - [TEST_STEP][PASSED] - data8 = obtener_excels.obtener_mov_inventario.getValuesExcelMovInventario(Index): obtener_excels.obtener_mov_inventario.getValuesExcelMovInventario is PASSED

2020-03-04 11:21:20 - [MESSAGE][PASSED] - obtener_excels.obtener_mov_inventario.getValuesExcelMovInventario is PASSED

2020-03-04 11:21:20 - [TEST_STEP][PASSED] - Usuario = data8[1]: null

2020-03-04 11:21:20 - [TEST_STEP][PASSED] - Contrasena = data8[2]: null

2020-03-04 11:21:20 - [TEST_STEP][PASSED] - setText(findTestObject("Page_Iniciar Sesion - KAIZEN/is_input_email"), Usuario): Text 'automated.test@grupokaizen.net' is set on object 'Object Repository/Page_Iniciar Sesion - KAIZEN/is_input_email'

2020-03-04 11:21:21 - [MESSAGE][PASSED] - Text 'automated.test@grupokaizen.net' is set on object 'Object Repository/Page_Iniciar Sesion - KAIZEN/is_input_email'

2020-03-04 11:21:21 - [TEST_STEP][PASSED] - setEncryptedText(findTestObject("Page_Iniciar Sesion - KAIZEN/IS_input_contrasena"), Contrasena): Text ****** has been set on object 'Object Repository/Page_Iniciar Sesion - KAIZEN/IS_input_contrasena'

2020-03-04 11:21:21 - [MESSAGE][PASSED] - Text ****** has been set on object 'Object Repository/Page_Iniciar Sesion - KAIZEN/IS_input_contrasena'

2020-03-04 11:21:21 - [TEST_STEP][PASSED] - click(findTestObject("Page_Iniciar Sesion - KAIZEN/is_btn_ingresar_sistema")): Object: 'Object Repository/Page_Iniciar Sesion - KAIZEN/is_btn_ingresar_sistema' is clicked on

2020-03-04 11:21:25 - [MESSAGE][PASSED] - Object: 'Object Repository/Page_Iniciar Sesion - KAIZEN/is_btn_ingresar_sistema' is clicked on

2020-03-04 11:21:25 - [MESSAGE][PASSED] - Call Test Case 'Test Cases/Individual_Tests/Login' successfully

2020-03-04 11:21:25 - [TEST_STEP][PASSED] - callTestCase(findTestCase("Individual_Tests/Seleccionar_Idioma"), ["Evento":"MovimientoDeInventario", "Index":Index], STOP_ON_FAILURE): Call Test Case 'Test Cases/Individual_Tests/Seleccionar_Idioma' successfully

2020-03-04 11:21:25 - [TEST_CASE][PASSED] - Test Cases/Individual_Tests/Seleccionar_Idioma: Test Cases/Individual_Tests/Seleccionar_Idioma

2020-03-04 11:21:25 - [TEST_STEP][PASSED] - Idioma = 0: null

2020-03-04 11:21:25 - [TEST_STEP][PASSED] - if (Evento == "Crear20"): null

2020-03-04 11:21:25 - [TEST_STEP][PASSED] - else if (Evento == "Crear40"): null

2020-03-04 11:21:25 - [TEST_STEP][PASSED] - else if (Evento == "Aprobar"): null

2020-03-04 11:21:25 - [TEST_STEP][PASSED] - else if (Evento == "Logistica"): null

2020-03-04 11:21:25 - [TEST_STEP][PASSED] - else if (Evento == "Produccion"): null

2020-03-04 11:21:25 - [TEST_STEP][PASSED] - else if (Evento == "Inventario"): null

2020-03-04 11:21:25 - [TEST_STEP][PASSED] - else if (Evento == "Despacho"): null

2020-03-04 11:21:25 - [TEST_STEP][PASSED] - else if (Evento == "ProductoAlmacen"): null

2020-03-04 11:21:25 - [TEST_STEP][PASSED] - else if (Evento == "MovimientoDeInventario"): null

2020-03-04 11:21:25 - [TEST_STEP][PASSED] - data7 = obtener_excels.obtener_mov_inventario.getValuesExcelMovInventario(Index): obtener_excels.obtener_mov_inventario.getValuesExcelMovInventario is PASSED

2020-03-04 11:21:25 - [MESSAGE][PASSED] - obtener_excels.obtener_mov_inventario.getValuesExcelMovInventario is PASSED

2020-03-04 11:21:25 - [TEST_STEP][PASSED] - Idioma = data7[0]: null

2020-03-04 11:21:25 - [TEST_STEP][PASSED] - click(findTestObject("Page_- KAIZEN/si_btn_idioma")): Object: 'Object Repository/Page_- KAIZEN/si_btn_idioma' is clicked on

2020-03-04 11:21:26 - [MESSAGE][PASSED] - Object: 'Object Repository/Page_- KAIZEN/si_btn_idioma' is clicked on

2020-03-04 11:21:26 - [TEST_STEP][PASSED] - if (Idioma == "0"): null

2020-03-04 11:21:26 - [TEST_STEP][PASSED] - else: Object: 'Object Repository/Page_- KAIZEN/si_Spanish' is clicked on

2020-03-04 11:21:26 - [TEST_STEP][PASSED] - click(findTestObject("Page_- KAIZEN/si_Spanish")): Object: 'Object Repository/Page_- KAIZEN/si_Spanish' is clicked on

2020-03-04 11:21:30 - [MESSAGE][PASSED] - Object: 'Object Repository/Page_- KAIZEN/si_Spanish' is clicked on

2020-03-04 11:21:30 - [MESSAGE][PASSED] - Call Test Case 'Test Cases/Individual_Tests/Seleccionar_Idioma' successfully

2020-03-04 11:21:30 - [TEST_STEP][PASSED] - callTestCase(findTestCase("Individual_Tests/Movimientos_Inventario"), ["Index":Index], STOP_ON_FAILURE): Call Test Case 'Test Cases/Individual_Tests/Movimientos_Inventario' successfully

2020-03-04 11:21:30 - [TEST_CASE][PASSED] - Test Cases/Individual_Tests/Movimientos_Inventario: Test Cases/Individual_Tests/Movimientos_Inventario

2020-03-04 11:21:30 - [TEST_STEP][PASSED] - data = obtener_excels.obtener_mov_inventario.getValuesExcelMovInventario(Index): obtener_excels.obtener_mov_inventario.getValuesExcelMovInventario is PASSED

2020-03-04 11:21:30 - [MESSAGE][PASSED] - obtener_excels.obtener_mov_inventario.getValuesExcelMovInventario is PASSED

2020-03-04 11:21:30 - [TEST_STEP][PASSED] - concepto = data[3]: null

2020-03-04 11:21:30 - [TEST_STEP][PASSED] - motivo = data[4]: null

2020-03-04 11:21:30 - [TEST_STEP][PASSED] - IdProducto = data[14]: null

2020-03-04 11:21:30 - [TEST_STEP][PASSED] - Existencia = data[8]: null

2020-03-04 11:21:30 - [TEST_STEP][PASSED] - cantidadActual1 = data[10]: null

2020-03-04 11:21:30 - [TEST_STEP][PASSED] - cantidadActual2 = data[12]: null

2020-03-04 11:21:30 - [TEST_STEP][PASSED] - codProducto = data[5]: null

2020-03-04 11:21:30 - [TEST_STEP][PASSED] - IdGrupo = data[6]: null

2020-03-04 11:21:30 - [TEST_STEP][PASSED] - Producto = data[7]: null

2020-03-04 11:21:30 - [TEST_STEP][PASSED] - IdAlmacen1 = data[9]: null

2020-03-04 11:21:30 - [TEST_STEP][PASSED] - IdAlmacen2 = data[11]: null

2020-03-04 11:21:30 - [TEST_STEP][PASSED] - cantidadAMover = data[13]: null

2020-03-04 11:21:30 - [TEST_STEP][PASSED] - cantidad = data[13]: null

2020-03-04 11:21:30 - [TEST_STEP][PASSED] - rand = new java.util.Random(): null

2020-03-04 11:21:30 - [TEST_STEP][PASSED] - nuevacantidad = 0: null

2020-03-04 11:21:30 - [TEST_STEP][PASSED] - if (concepto == "TransferenciaDeMercancias" & cantidad == "0"): null

2020-03-04 11:21:30 - [TEST_STEP][PASSED] - concepto = data[3]: null

2020-03-04 11:21:30 - [TEST_STEP][PASSED] - motivo = data[4]: null

2020-03-04 11:21:30 - [TEST_STEP][PASSED] - click(findTestObject("Object Repository/Page_- KAIZEN/mi_menu_Inventario")): Object: 'Object Repository/Page_- KAIZEN/mi_menu_Inventario' is clicked on

2020-03-04 11:21:30 - [MESSAGE][PASSED] - Object: 'Object Repository/Page_- KAIZEN/mi_menu_Inventario' is clicked on

2020-03-04 11:21:30 - [TEST_STEP][PASSED] - click(findTestObject("Object Repository/Page_- KAIZEN/mi_menu_Movimientos")): Object: 'Object Repository/Page_- KAIZEN/mi_menu_Movimientos' is clicked on

2020-03-04 11:21:43 - [MESSAGE][PASSED] - Object: 'Object Repository/Page_- KAIZEN/mi_menu_Movimientos' is clicked on

2020-03-04 11:21:43 - [TEST_STEP][PASSED] - click(findTestObject("Object Repository/Page_Index - KAIZEN/mi_btn_agregar")): Object: 'Object Repository/Page_Index - KAIZEN/mi_btn_agregar' is clicked on

2020-03-04 11:21:58 - [MESSAGE][PASSED] - Object: 'Object Repository/Page_Index - KAIZEN/mi_btn_agregar' is clicked on

2020-03-04 11:21:58 - [TEST_STEP][PASSED] - selectOptionByValue(findTestObject("Object Repository/Page_Create - KAIZEN/mi_select_concepto"), concepto, true): All options with value 'TransferenciaDeMercancias' are selected in object 'Object Repository/Page_Create - KAIZEN/mi_select_concepto'  using regular expression

2020-03-04 11:22:00 - [MESSAGE][PASSED] - All options with value 'TransferenciaDeMercancias' are selected in object 'Object Repository/Page_Create - KAIZEN/mi_select_concepto'  using regular expression

2020-03-04 11:22:00 - [TEST_STEP][PASSED] - selectOptionByValue(findTestObject("Object Repository/Page_Create - KAIZEN/mi_select_motivo"), motivo, true): All options with value 'VerificaciónCalidad' are selected in object 'Object Repository/Page_Create - KAIZEN/mi_select_motivo'  using regular expression

2020-03-04 11:22:02 - [MESSAGE][PASSED] - All options with value 'VerificaciónCalidad' are selected in object 'Object Repository/Page_Create - KAIZEN/mi_select_motivo'  using regular expression

2020-03-04 11:22:02 - [TEST_STEP][PASSED] - click(findTestObject("Object Repository/Page_Create - KAIZEN/mi_select_buscar_Producto")): Object: 'Object Repository/Page_Create - KAIZEN/mi_select_buscar_Producto' is clicked on

2020-03-04 11:22:02 - [MESSAGE][PASSED] - Object: 'Object Repository/Page_Create - KAIZEN/mi_select_buscar_Producto' is clicked on

2020-03-04 11:22:02 - [TEST_STEP][PASSED] - setText(findTestObject("Object Repository/Page_Create - KAIZEN/mi_assing_producto"), codProducto): Text '9440-404-382' is set on object 'Object Repository/Page_Create - KAIZEN/mi_assing_producto'

2020-03-04 11:22:03 - [MESSAGE][PASSED] - Text '9440-404-382' is set on object 'Object Repository/Page_Create - KAIZEN/mi_assing_producto'

2020-03-04 11:22:03 - [TEST_STEP][PASSED] - sendKeys(findTestObject("Object Repository/Page_Create - KAIZEN/mi_assing_producto"), Keys.chord(ENTER)): Keys 'ENTER + ' sent to object: 'Object Repository/Page_Create - KAIZEN/mi_assing_producto'

2020-03-04 11:22:04 - [MESSAGE][PASSED] - Keys 'ENTER + ' sent to object: 'Object Repository/Page_Create - KAIZEN/mi_assing_producto'

2020-03-04 11:22:04 - [TEST_STEP][PASSED] - setText(findTestObject("Object Repository/Page_Create - KAIZEN/mi_assing_cantidad"), cantidadAMover): Text '1' is set on object 'Object Repository/Page_Create - KAIZEN/mi_assing_cantidad'

2020-03-04 11:22:04 - [MESSAGE][PASSED] - Text '1' is set on object 'Object Repository/Page_Create - KAIZEN/mi_assing_cantidad'

2020-03-04 11:22:04 - [TEST_STEP][PASSED] - sendKeys(findTestObject("Object Repository/Page_Create - KAIZEN/mi_assing_cantidad"), Keys.chord(ENTER)): Keys 'ENTER + ' sent to object: 'Object Repository/Page_Create - KAIZEN/mi_assing_cantidad'

2020-03-04 11:22:05 - [MESSAGE][PASSED] - Keys 'ENTER + ' sent to object: 'Object Repository/Page_Create - KAIZEN/mi_assing_cantidad'

2020-03-04 11:22:05 - [TEST_STEP][PASSED] - delay(5): Delayed 5 second(s)

2020-03-04 11:22:10 - [MESSAGE][PASSED] - Delayed 5 second(s)

2020-03-04 11:22:10 - [TEST_STEP][PASSED] - modal = executeJavaScript("return document.querySelector('.swal2-popup');", null): Execute JavaScript 'return document.querySelector('.swal2-popup');' successfully

2020-03-04 11:22:10 - [MESSAGE][PASSED] - Execute JavaScript 'return document.querySelector('.swal2-popup');' successfully

2020-03-04 11:22:10 - [TEST_STEP][PASSED] - if (modal == null): null

2020-03-04 11:22:10 - [TEST_STEP][PASSED] - else: Object 'Object Repository/Page_Index - KAIZEN/mi_btn_agregar' is present

2020-03-04 11:22:10 - [TEST_STEP][PASSED] - executeJavaScript("document.querySelector(".swal2-confirm").click();", null): Execute JavaScript 'document.querySelector(".swal2-confirm").click();' successfully

2020-03-04 11:22:10 - [MESSAGE][PASSED] - Execute JavaScript 'document.querySelector(".swal2-confirm").click();' successfully

2020-03-04 11:22:10 - [TEST_STEP][PASSED] - if (motivo == "EntradaPorFabricacion"): null

2020-03-04 11:22:10 - [TEST_STEP][PASSED] - else: Object 'Object Repository/Page_Index - KAIZEN/mi_btn_agregar' is present

2020-03-04 11:22:10 - [TEST_STEP][PASSED] - selectOptionByValue(findTestObject("Object Repository/Page_Create - KAIZEN/mi_assing_almacen1"), IdAlmacen1, true): All options with value '6' are selected in object 'Object Repository/Page_Create - KAIZEN/mi_assing_almacen1'  using regular expression

2020-03-04 11:22:14 - [MESSAGE][PASSED] - All options with value '6' are selected in object 'Object Repository/Page_Create - KAIZEN/mi_assing_almacen1'  using regular expression

2020-03-04 11:22:14 - [TEST_STEP][PASSED] - if (concepto == "TransferenciaDeMercancias"): Object 'Object Repository/Page_Index - KAIZEN/mi_btn_agregar' is present

2020-03-04 11:22:14 - [TEST_STEP][PASSED] - selectOptionByValue(findTestObject("Object Repository/Page_Create - KAIZEN/mi_assing_almacen2"), IdAlmacen2, true): All options with value '1' are selected in object 'Object Repository/Page_Create - KAIZEN/mi_assing_almacen2'  using regular expression

2020-03-04 11:22:15 - [MESSAGE][PASSED] - All options with value '1' are selected in object 'Object Repository/Page_Create - KAIZEN/mi_assing_almacen2'  using regular expression

2020-03-04 11:22:15 - [TEST_STEP][PASSED] - click(findTestObject("Object Repository/Page_Create - KAIZEN/mi_btn_Guardar")): Object: 'Object Repository/Page_Create - KAIZEN/mi_btn_Guardar' is clicked on

2020-03-04 11:22:23 - [MESSAGE][PASSED] - Object: 'Object Repository/Page_Create - KAIZEN/mi_btn_Guardar' is clicked on

2020-03-04 11:22:23 - [TEST_STEP][PASSED] - verifyElementPresent(findTestObject("Object Repository/Page_Index - KAIZEN/mi_btn_agregar"), 5): Object 'Object Repository/Page_Index - KAIZEN/mi_btn_agregar' is present

2020-03-04 11:22:24 - [MESSAGE][PASSED] - Object 'Object Repository/Page_Index - KAIZEN/mi_btn_agregar' is present

2020-03-04 11:22:24 - [TEST_STEP][PASSED] - delay(5): Delayed 5 second(s)

2020-03-04 11:22:29 - [MESSAGE][PASSED] - Delayed 5 second(s)

2020-03-04 11:22:29 - [TEST_STEP][PASSED] - exportar_archivos.logInventario.reporteInv(concepto, motivo, IdProducto, codProducto, Producto, IdGrupo, Existencia, IdAlmacen1, cantidadActual1, IdAlmacen2, cantidadActual2, cantidad): exportar_archivos.logInventario.reporteInv is PASSED

2020-03-04 11:22:29 - [MESSAGE][PASSED] - exportar_archivos.logInventario.reporteInv is PASSED

2020-03-04 11:22:29 - [MESSAGE][PASSED] - Call Test Case 'Test Cases/Individual_Tests/Movimientos_Inventario' successfully

2020-03-04 11:22:29 - [TEST_STEP][PASSED] - callTestCase(findTestCase("Individual_Tests/Login"), ["Evento":"MovimientoDeInventario", "Index":Index, "Usuario":"", "Contrasena":""], STOP_ON_FAILURE): Call Test Case 'Test Cases/Individual_Tests/Login' successfully

2020-03-04 11:22:29 - [TEST_CASE][PASSED] - Test Cases/Individual_Tests/Login: Test Cases/Individual_Tests/Login

2020-03-04 11:22:29 - [TEST_STEP][PASSED] - print("Evento Seleccionado: " + Evento + "
"): null

2020-03-04 11:22:29 - [TEST_STEP][PASSED] - openBrowser(Web): Browser is opened with url: 'http://test.kaizendev.net/Login/Accesar?salir=true'

2020-03-04 11:22:29 - [MESSAGE][WARNING] - A browser is already opened. Closing browser and opening a new one

2020-03-04 11:22:30 - [MESSAGE][INFO] - Starting 'Chrome' driver

2020-03-04 11:22:51 - [MESSAGE][PASSED] - Browser is opened with url: 'http://test.kaizendev.net/Login/Accesar?salir=true'

2020-03-04 11:22:51 - [TEST_STEP][PASSED] - maximizeWindow(): Current window maximized

2020-03-04 11:22:52 - [MESSAGE][PASSED] - Current window maximized

2020-03-04 11:22:52 - [TEST_STEP][PASSED] - if (Evento == "Crear20"): null

2020-03-04 11:22:52 - [TEST_STEP][PASSED] - else if (Evento == "Crear40"): null

2020-03-04 11:22:52 - [TEST_STEP][PASSED] - else if (Evento == "Aprobar"): null

2020-03-04 11:22:52 - [TEST_STEP][PASSED] - else if (Evento == "Logistica"): null

2020-03-04 11:22:52 - [TEST_STEP][PASSED] - else if (Evento == "Produccion"): null

2020-03-04 11:22:52 - [TEST_STEP][PASSED] - else if (Evento == "Inventario"): null

2020-03-04 11:22:52 - [TEST_STEP][PASSED] - else if (Evento == "Despacho"): null

2020-03-04 11:22:52 - [TEST_STEP][PASSED] - else if (Evento == "ProductoAlmacen"): null

2020-03-04 11:22:52 - [TEST_STEP][PASSED] - else if (Evento == "MovimientoDeInventario"): Object: 'Object Repository/Page_Iniciar Sesion - KAIZEN/is_btn_ingresar_sistema' is clicked on

2020-03-04 11:22:52 - [TEST_STEP][PASSED] - data8 = obtener_excels.obtener_mov_inventario.getValuesExcelMovInventario(Index): obtener_excels.obtener_mov_inventario.getValuesExcelMovInventario is PASSED

2020-03-04 11:22:52 - [MESSAGE][PASSED] - obtener_excels.obtener_mov_inventario.getValuesExcelMovInventario is PASSED

2020-03-04 11:22:52 - [TEST_STEP][PASSED] - Usuario = data8[1]: null

2020-03-04 11:22:52 - [TEST_STEP][PASSED] - Contrasena = data8[2]: null

2020-03-04 11:22:52 - [TEST_STEP][PASSED] - setText(findTestObject("Page_Iniciar Sesion - KAIZEN/is_input_email"), Usuario): Text 'automated.test@grupokaizen.net' is set on object 'Object Repository/Page_Iniciar Sesion - KAIZEN/is_input_email'

2020-03-04 11:22:53 - [MESSAGE][PASSED] - Text 'automated.test@grupokaizen.net' is set on object 'Object Repository/Page_Iniciar Sesion - KAIZEN/is_input_email'

2020-03-04 11:22:53 - [TEST_STEP][PASSED] - setEncryptedText(findTestObject("Page_Iniciar Sesion - KAIZEN/IS_input_contrasena"), Contrasena): Text ****** has been set on object 'Object Repository/Page_Iniciar Sesion - KAIZEN/IS_input_contrasena'

2020-03-04 11:22:53 - [MESSAGE][PASSED] - Text ****** has been set on object 'Object Repository/Page_Iniciar Sesion - KAIZEN/IS_input_contrasena'

2020-03-04 11:22:53 - [TEST_STEP][PASSED] - click(findTestObject("Page_Iniciar Sesion - KAIZEN/is_btn_ingresar_sistema")): Object: 'Object Repository/Page_Iniciar Sesion - KAIZEN/is_btn_ingresar_sistema' is clicked on

2020-03-04 11:22:57 - [MESSAGE][PASSED] - Object: 'Object Repository/Page_Iniciar Sesion - KAIZEN/is_btn_ingresar_sistema' is clicked on

2020-03-04 11:22:57 - [MESSAGE][PASSED] - Call Test Case 'Test Cases/Individual_Tests/Login' successfully

2020-03-04 11:22:57 - [TEST_STEP][PASSED] - callTestCase(findTestCase("Individual_Tests/Seleccionar_Idioma"), ["Evento":"MovimientoDeInventario", "Index":Index], STOP_ON_FAILURE): Call Test Case 'Test Cases/Individual_Tests/Seleccionar_Idioma' successfully

2020-03-04 11:22:57 - [TEST_CASE][PASSED] - Test Cases/Individual_Tests/Seleccionar_Idioma: Test Cases/Individual_Tests/Seleccionar_Idioma

2020-03-04 11:22:57 - [TEST_STEP][PASSED] - Idioma = 0: null

2020-03-04 11:22:57 - [TEST_STEP][PASSED] - if (Evento == "Crear20"): null

2020-03-04 11:22:57 - [TEST_STEP][PASSED] - else if (Evento == "Crear40"): null

2020-03-04 11:22:57 - [TEST_STEP][PASSED] - else if (Evento == "Aprobar"): null

2020-03-04 11:22:57 - [TEST_STEP][PASSED] - else if (Evento == "Logistica"): null

2020-03-04 11:22:57 - [TEST_STEP][PASSED] - else if (Evento == "Produccion"): null

2020-03-04 11:22:57 - [TEST_STEP][PASSED] - else if (Evento == "Inventario"): null

2020-03-04 11:22:57 - [TEST_STEP][PASSED] - else if (Evento == "Despacho"): null

2020-03-04 11:22:57 - [TEST_STEP][PASSED] - else if (Evento == "ProductoAlmacen"): null

2020-03-04 11:22:57 - [TEST_STEP][PASSED] - else if (Evento == "MovimientoDeInventario"): null

2020-03-04 11:22:57 - [TEST_STEP][PASSED] - data7 = obtener_excels.obtener_mov_inventario.getValuesExcelMovInventario(Index): obtener_excels.obtener_mov_inventario.getValuesExcelMovInventario is PASSED

2020-03-04 11:22:57 - [MESSAGE][PASSED] - obtener_excels.obtener_mov_inventario.getValuesExcelMovInventario is PASSED

2020-03-04 11:22:57 - [TEST_STEP][PASSED] - Idioma = data7[0]: null

2020-03-04 11:22:57 - [TEST_STEP][PASSED] - click(findTestObject("Page_- KAIZEN/si_btn_idioma")): Object: 'Object Repository/Page_- KAIZEN/si_btn_idioma' is clicked on

2020-03-04 11:22:57 - [MESSAGE][PASSED] - Object: 'Object Repository/Page_- KAIZEN/si_btn_idioma' is clicked on

2020-03-04 11:22:57 - [TEST_STEP][PASSED] - if (Idioma == "0"): null

2020-03-04 11:22:57 - [TEST_STEP][PASSED] - else: Object: 'Object Repository/Page_- KAIZEN/si_Spanish' is clicked on

2020-03-04 11:22:57 - [TEST_STEP][PASSED] - click(findTestObject("Page_- KAIZEN/si_Spanish")): Object: 'Object Repository/Page_- KAIZEN/si_Spanish' is clicked on

2020-03-04 11:23:00 - [MESSAGE][PASSED] - Object: 'Object Repository/Page_- KAIZEN/si_Spanish' is clicked on

2020-03-04 11:23:00 - [MESSAGE][PASSED] - Call Test Case 'Test Cases/Individual_Tests/Seleccionar_Idioma' successfully

2020-03-04 11:23:00 - [TEST_STEP][PASSED] - callTestCase(findTestCase("Individual_Tests/Movimientos_Inventario"), ["Index":Index], STOP_ON_FAILURE): Call Test Case 'Test Cases/Individual_Tests/Movimientos_Inventario' successfully

2020-03-04 11:23:00 - [TEST_CASE][PASSED] - Test Cases/Individual_Tests/Movimientos_Inventario: Test Cases/Individual_Tests/Movimientos_Inventario

2020-03-04 11:23:00 - [TEST_STEP][PASSED] - data = obtener_excels.obtener_mov_inventario.getValuesExcelMovInventario(Index): obtener_excels.obtener_mov_inventario.getValuesExcelMovInventario is PASSED

2020-03-04 11:23:00 - [MESSAGE][PASSED] - obtener_excels.obtener_mov_inventario.getValuesExcelMovInventario is PASSED

2020-03-04 11:23:00 - [TEST_STEP][PASSED] - concepto = data[3]: null

2020-03-04 11:23:00 - [TEST_STEP][PASSED] - motivo = data[4]: null

2020-03-04 11:23:00 - [TEST_STEP][PASSED] - IdProducto = data[14]: null

2020-03-04 11:23:00 - [TEST_STEP][PASSED] - Existencia = data[8]: null

2020-03-04 11:23:00 - [TEST_STEP][PASSED] - cantidadActual1 = data[10]: null

2020-03-04 11:23:00 - [TEST_STEP][PASSED] - cantidadActual2 = data[12]: null

2020-03-04 11:23:00 - [TEST_STEP][PASSED] - codProducto = data[5]: null

2020-03-04 11:23:00 - [TEST_STEP][PASSED] - IdGrupo = data[6]: null

2020-03-04 11:23:00 - [TEST_STEP][PASSED] - Producto = data[7]: null

2020-03-04 11:23:00 - [TEST_STEP][PASSED] - IdAlmacen1 = data[9]: null

2020-03-04 11:23:00 - [TEST_STEP][PASSED] - IdAlmacen2 = data[11]: null

2020-03-04 11:23:00 - [TEST_STEP][PASSED] - cantidadAMover = data[13]: null

2020-03-04 11:23:00 - [TEST_STEP][PASSED] - cantidad = data[13]: null

2020-03-04 11:23:00 - [TEST_STEP][PASSED] - rand = new java.util.Random(): null

2020-03-04 11:23:00 - [TEST_STEP][PASSED] - nuevacantidad = 0: null

2020-03-04 11:23:00 - [TEST_STEP][PASSED] - if (concepto == "TransferenciaDeMercancias" & cantidad == "0"): null

2020-03-04 11:23:00 - [TEST_STEP][PASSED] - concepto = data[3]: null

2020-03-04 11:23:00 - [TEST_STEP][PASSED] - motivo = data[4]: null

2020-03-04 11:23:00 - [TEST_STEP][PASSED] - click(findTestObject("Object Repository/Page_- KAIZEN/mi_menu_Inventario")): Object: 'Object Repository/Page_- KAIZEN/mi_menu_Inventario' is clicked on

2020-03-04 11:23:01 - [MESSAGE][PASSED] - Object: 'Object Repository/Page_- KAIZEN/mi_menu_Inventario' is clicked on

2020-03-04 11:23:01 - [TEST_STEP][PASSED] - click(findTestObject("Object Repository/Page_- KAIZEN/mi_menu_Movimientos")): Object: 'Object Repository/Page_- KAIZEN/mi_menu_Movimientos' is clicked on

2020-03-04 11:23:05 - [MESSAGE][PASSED] - Object: 'Object Repository/Page_- KAIZEN/mi_menu_Movimientos' is clicked on

2020-03-04 11:23:05 - [TEST_STEP][PASSED] - click(findTestObject("Object Repository/Page_Index - KAIZEN/mi_btn_agregar")): Object: 'Object Repository/Page_Index - KAIZEN/mi_btn_agregar' is clicked on

2020-03-04 11:23:11 - [MESSAGE][PASSED] - Object: 'Object Repository/Page_Index - KAIZEN/mi_btn_agregar' is clicked on

2020-03-04 11:23:11 - [TEST_STEP][PASSED] - selectOptionByValue(findTestObject("Object Repository/Page_Create - KAIZEN/mi_select_concepto"), concepto, true): All options with value 'EntradaDeMercancias' are selected in object 'Object Repository/Page_Create - KAIZEN/mi_select_concepto'  using regular expression

2020-03-04 11:23:12 - [MESSAGE][PASSED] - All options with value 'EntradaDeMercancias' are selected in object 'Object Repository/Page_Create - KAIZEN/mi_select_concepto'  using regular expression

2020-03-04 11:23:12 - [TEST_STEP][PASSED] - selectOptionByValue(findTestObject("Object Repository/Page_Create - KAIZEN/mi_select_motivo"), motivo, true): All options with value 'CompraProductos' are selected in object 'Object Repository/Page_Create - KAIZEN/mi_select_motivo'  using regular expression

2020-03-04 11:23:14 - [MESSAGE][PASSED] - All options with value 'CompraProductos' are selected in object 'Object Repository/Page_Create - KAIZEN/mi_select_motivo'  using regular expression

2020-03-04 11:23:14 - [TEST_STEP][PASSED] - click(findTestObject("Object Repository/Page_Create - KAIZEN/mi_select_buscar_Producto")): Object: 'Object Repository/Page_Create - KAIZEN/mi_select_buscar_Producto' is clicked on

2020-03-04 11:23:14 - [MESSAGE][PASSED] - Object: 'Object Repository/Page_Create - KAIZEN/mi_select_buscar_Producto' is clicked on

2020-03-04 11:23:14 - [TEST_STEP][PASSED] - setText(findTestObject("Object Repository/Page_Create - KAIZEN/mi_assing_producto"), codProducto): Text '9440-404-384' is set on object 'Object Repository/Page_Create - KAIZEN/mi_assing_producto'

2020-03-04 11:23:15 - [MESSAGE][PASSED] - Text '9440-404-384' is set on object 'Object Repository/Page_Create - KAIZEN/mi_assing_producto'

2020-03-04 11:23:15 - [TEST_STEP][PASSED] - sendKeys(findTestObject("Object Repository/Page_Create - KAIZEN/mi_assing_producto"), Keys.chord(ENTER)): Keys 'ENTER + ' sent to object: 'Object Repository/Page_Create - KAIZEN/mi_assing_producto'

2020-03-04 11:23:16 - [MESSAGE][PASSED] - Keys 'ENTER + ' sent to object: 'Object Repository/Page_Create - KAIZEN/mi_assing_producto'

2020-03-04 11:23:16 - [TEST_STEP][PASSED] - setText(findTestObject("Object Repository/Page_Create - KAIZEN/mi_assing_cantidad"), cantidadAMover): Text '3348' is set on object 'Object Repository/Page_Create - KAIZEN/mi_assing_cantidad'

2020-03-04 11:23:16 - [MESSAGE][PASSED] - Text '3348' is set on object 'Object Repository/Page_Create - KAIZEN/mi_assing_cantidad'

2020-03-04 11:23:16 - [TEST_STEP][PASSED] - sendKeys(findTestObject("Object Repository/Page_Create - KAIZEN/mi_assing_cantidad"), Keys.chord(ENTER)): Keys 'ENTER + ' sent to object: 'Object Repository/Page_Create - KAIZEN/mi_assing_cantidad'

2020-03-04 11:23:17 - [MESSAGE][PASSED] - Keys 'ENTER + ' sent to object: 'Object Repository/Page_Create - KAIZEN/mi_assing_cantidad'

2020-03-04 11:23:17 - [TEST_STEP][PASSED] - delay(5): Delayed 5 second(s)

2020-03-04 11:23:22 - [MESSAGE][PASSED] - Delayed 5 second(s)

2020-03-04 11:23:22 - [TEST_STEP][PASSED] - modal = executeJavaScript("return document.querySelector('.swal2-popup');", null): Execute JavaScript 'return document.querySelector('.swal2-popup');' successfully

2020-03-04 11:23:22 - [MESSAGE][PASSED] - Execute JavaScript 'return document.querySelector('.swal2-popup');' successfully

2020-03-04 11:23:22 - [TEST_STEP][PASSED] - if (modal == null): Object 'Object Repository/Page_Index - KAIZEN/mi_btn_agregar' is present

2020-03-04 11:23:22 - [TEST_STEP][PASSED] - print(modal): null

2020-03-04 11:23:22 - [TEST_STEP][PASSED] - if (motivo == "EntradaPorFabricacion"): null

2020-03-04 11:23:22 - [TEST_STEP][PASSED] - else: Object 'Object Repository/Page_Index - KAIZEN/mi_btn_agregar' is present

2020-03-04 11:23:22 - [TEST_STEP][PASSED] - selectOptionByValue(findTestObject("Object Repository/Page_Create - KAIZEN/mi_assing_almacen1"), IdAlmacen1, true): All options with value '1' are selected in object 'Object Repository/Page_Create - KAIZEN/mi_assing_almacen1'  using regular expression

2020-03-04 11:23:23 - [MESSAGE][PASSED] - All options with value '1' are selected in object 'Object Repository/Page_Create - KAIZEN/mi_assing_almacen1'  using regular expression

2020-03-04 11:23:23 - [TEST_STEP][PASSED] - if (concepto == "TransferenciaDeMercancias"): null

2020-03-04 11:23:23 - [TEST_STEP][PASSED] - else: Object 'Object Repository/Page_Index - KAIZEN/mi_btn_agregar' is present

2020-03-04 11:23:23 - [TEST_STEP][PASSED] - click(findTestObject("Object Repository/Page_Create - KAIZEN/mi_btn_Guardar")): Object: 'Object Repository/Page_Create - KAIZEN/mi_btn_Guardar' is clicked on

2020-03-04 11:23:26 - [MESSAGE][PASSED] - Object: 'Object Repository/Page_Create - KAIZEN/mi_btn_Guardar' is clicked on

2020-03-04 11:23:26 - [TEST_STEP][PASSED] - verifyElementPresent(findTestObject("Object Repository/Page_Index - KAIZEN/mi_btn_agregar"), 5): Object 'Object Repository/Page_Index - KAIZEN/mi_btn_agregar' is present

2020-03-04 11:23:27 - [MESSAGE][PASSED] - Object 'Object Repository/Page_Index - KAIZEN/mi_btn_agregar' is present

2020-03-04 11:23:27 - [TEST_STEP][PASSED] - delay(5): Delayed 5 second(s)

2020-03-04 11:23:32 - [MESSAGE][PASSED] - Delayed 5 second(s)

2020-03-04 11:23:32 - [TEST_STEP][PASSED] - exportar_archivos.logInventario.reporteInv(concepto, motivo, IdProducto, codProducto, Producto, IdGrupo, Existencia, IdAlmacen1, cantidadActual1, IdAlmacen2, cantidadActual2, cantidad): exportar_archivos.logInventario.reporteInv is PASSED

2020-03-04 11:23:32 - [MESSAGE][PASSED] - exportar_archivos.logInventario.reporteInv is PASSED

2020-03-04 11:23:32 - [MESSAGE][PASSED] - Call Test Case 'Test Cases/Individual_Tests/Movimientos_Inventario' successfully

2020-03-04 11:23:32 - [TEST_STEP][PASSED] - callTestCase(findTestCase("Individual_Tests/Login"), ["Evento":"MovimientoDeInventario", "Index":Index, "Usuario":"", "Contrasena":""], STOP_ON_FAILURE): Call Test Case 'Test Cases/Individual_Tests/Login' successfully

2020-03-04 11:23:32 - [TEST_CASE][PASSED] - Test Cases/Individual_Tests/Login: Test Cases/Individual_Tests/Login

2020-03-04 11:23:32 - [TEST_STEP][PASSED] - print("Evento Seleccionado: " + Evento + "
"): null

2020-03-04 11:23:32 - [TEST_STEP][PASSED] - openBrowser(Web): Browser is opened with url: 'http://test.kaizendev.net/Login/Accesar?salir=true'

2020-03-04 11:23:32 - [MESSAGE][WARNING] - A browser is already opened. Closing browser and opening a new one

2020-03-04 11:23:33 - [MESSAGE][INFO] - Starting 'Chrome' driver

2020-03-04 11:23:53 - [MESSAGE][PASSED] - Browser is opened with url: 'http://test.kaizendev.net/Login/Accesar?salir=true'

2020-03-04 11:23:53 - [TEST_STEP][PASSED] - maximizeWindow(): Current window maximized

2020-03-04 11:23:54 - [MESSAGE][PASSED] - Current window maximized

2020-03-04 11:23:54 - [TEST_STEP][PASSED] - if (Evento == "Crear20"): null

2020-03-04 11:23:54 - [TEST_STEP][PASSED] - else if (Evento == "Crear40"): null

2020-03-04 11:23:54 - [TEST_STEP][PASSED] - else if (Evento == "Aprobar"): null

2020-03-04 11:23:54 - [TEST_STEP][PASSED] - else if (Evento == "Logistica"): null

2020-03-04 11:23:54 - [TEST_STEP][PASSED] - else if (Evento == "Produccion"): null

2020-03-04 11:23:54 - [TEST_STEP][PASSED] - else if (Evento == "Inventario"): null

2020-03-04 11:23:54 - [TEST_STEP][PASSED] - else if (Evento == "Despacho"): null

2020-03-04 11:23:54 - [TEST_STEP][PASSED] - else if (Evento == "ProductoAlmacen"): null

2020-03-04 11:23:54 - [TEST_STEP][PASSED] - else if (Evento == "MovimientoDeInventario"): Object: 'Object Repository/Page_Iniciar Sesion - KAIZEN/is_btn_ingresar_sistema' is clicked on

2020-03-04 11:23:54 - [TEST_STEP][PASSED] - data8 = obtener_excels.obtener_mov_inventario.getValuesExcelMovInventario(Index): obtener_excels.obtener_mov_inventario.getValuesExcelMovInventario is PASSED

2020-03-04 11:23:54 - [MESSAGE][PASSED] - obtener_excels.obtener_mov_inventario.getValuesExcelMovInventario is PASSED

2020-03-04 11:23:54 - [TEST_STEP][PASSED] - Usuario = data8[1]: null

2020-03-04 11:23:54 - [TEST_STEP][PASSED] - Contrasena = data8[2]: null

2020-03-04 11:23:54 - [TEST_STEP][PASSED] - setText(findTestObject("Page_Iniciar Sesion - KAIZEN/is_input_email"), Usuario): Text 'automated.test@grupokaizen.net' is set on object 'Object Repository/Page_Iniciar Sesion - KAIZEN/is_input_email'

2020-03-04 11:23:55 - [MESSAGE][PASSED] - Text 'automated.test@grupokaizen.net' is set on object 'Object Repository/Page_Iniciar Sesion - KAIZEN/is_input_email'

2020-03-04 11:23:55 - [TEST_STEP][PASSED] - setEncryptedText(findTestObject("Page_Iniciar Sesion - KAIZEN/IS_input_contrasena"), Contrasena): Text ****** has been set on object 'Object Repository/Page_Iniciar Sesion - KAIZEN/IS_input_contrasena'

2020-03-04 11:23:55 - [MESSAGE][PASSED] - Text ****** has been set on object 'Object Repository/Page_Iniciar Sesion - KAIZEN/IS_input_contrasena'

2020-03-04 11:23:55 - [TEST_STEP][PASSED] - click(findTestObject("Page_Iniciar Sesion - KAIZEN/is_btn_ingresar_sistema")): Object: 'Object Repository/Page_Iniciar Sesion - KAIZEN/is_btn_ingresar_sistema' is clicked on

2020-03-04 11:24:03 - [MESSAGE][PASSED] - Object: 'Object Repository/Page_Iniciar Sesion - KAIZEN/is_btn_ingresar_sistema' is clicked on

2020-03-04 11:24:03 - [MESSAGE][PASSED] - Call Test Case 'Test Cases/Individual_Tests/Login' successfully

2020-03-04 11:24:03 - [TEST_STEP][PASSED] - callTestCase(findTestCase("Individual_Tests/Seleccionar_Idioma"), ["Evento":"MovimientoDeInventario", "Index":Index], STOP_ON_FAILURE): Call Test Case 'Test Cases/Individual_Tests/Seleccionar_Idioma' successfully

2020-03-04 11:24:03 - [TEST_CASE][PASSED] - Test Cases/Individual_Tests/Seleccionar_Idioma: Test Cases/Individual_Tests/Seleccionar_Idioma

2020-03-04 11:24:03 - [TEST_STEP][PASSED] - Idioma = 0: null

2020-03-04 11:24:03 - [TEST_STEP][PASSED] - if (Evento == "Crear20"): null

2020-03-04 11:24:03 - [TEST_STEP][PASSED] - else if (Evento == "Crear40"): null

2020-03-04 11:24:03 - [TEST_STEP][PASSED] - else if (Evento == "Aprobar"): null

2020-03-04 11:24:03 - [TEST_STEP][PASSED] - else if (Evento == "Logistica"): null

2020-03-04 11:24:03 - [TEST_STEP][PASSED] - else if (Evento == "Produccion"): null

2020-03-04 11:24:03 - [TEST_STEP][PASSED] - else if (Evento == "Inventario"): null

2020-03-04 11:24:03 - [TEST_STEP][PASSED] - else if (Evento == "Despacho"): null

2020-03-04 11:24:03 - [TEST_STEP][PASSED] - else if (Evento == "ProductoAlmacen"): null

2020-03-04 11:24:03 - [TEST_STEP][PASSED] - else if (Evento == "MovimientoDeInventario"): null

2020-03-04 11:24:03 - [TEST_STEP][PASSED] - data7 = obtener_excels.obtener_mov_inventario.getValuesExcelMovInventario(Index): obtener_excels.obtener_mov_inventario.getValuesExcelMovInventario is PASSED

2020-03-04 11:24:03 - [MESSAGE][PASSED] - obtener_excels.obtener_mov_inventario.getValuesExcelMovInventario is PASSED

2020-03-04 11:24:03 - [TEST_STEP][PASSED] - Idioma = data7[0]: null

2020-03-04 11:24:03 - [TEST_STEP][PASSED] - click(findTestObject("Page_- KAIZEN/si_btn_idioma")): Object: 'Object Repository/Page_- KAIZEN/si_btn_idioma' is clicked on

2020-03-04 11:24:03 - [MESSAGE][PASSED] - Object: 'Object Repository/Page_- KAIZEN/si_btn_idioma' is clicked on

2020-03-04 11:24:03 - [TEST_STEP][PASSED] - if (Idioma == "0"): null

2020-03-04 11:24:03 - [TEST_STEP][PASSED] - else: Object: 'Object Repository/Page_- KAIZEN/si_Spanish' is clicked on

2020-03-04 11:24:03 - [TEST_STEP][PASSED] - click(findTestObject("Page_- KAIZEN/si_Spanish")): Object: 'Object Repository/Page_- KAIZEN/si_Spanish' is clicked on

2020-03-04 11:24:05 - [MESSAGE][PASSED] - Object: 'Object Repository/Page_- KAIZEN/si_Spanish' is clicked on

2020-03-04 11:24:05 - [MESSAGE][PASSED] - Call Test Case 'Test Cases/Individual_Tests/Seleccionar_Idioma' successfully

2020-03-04 11:24:05 - [TEST_STEP][PASSED] - callTestCase(findTestCase("Individual_Tests/Movimientos_Inventario"), ["Index":Index], STOP_ON_FAILURE): Call Test Case 'Test Cases/Individual_Tests/Movimientos_Inventario' successfully

2020-03-04 11:24:05 - [TEST_CASE][PASSED] - Test Cases/Individual_Tests/Movimientos_Inventario: Test Cases/Individual_Tests/Movimientos_Inventario

2020-03-04 11:24:05 - [TEST_STEP][PASSED] - data = obtener_excels.obtener_mov_inventario.getValuesExcelMovInventario(Index): obtener_excels.obtener_mov_inventario.getValuesExcelMovInventario is PASSED

2020-03-04 11:24:05 - [MESSAGE][PASSED] - obtener_excels.obtener_mov_inventario.getValuesExcelMovInventario is PASSED

2020-03-04 11:24:05 - [TEST_STEP][PASSED] - concepto = data[3]: null

2020-03-04 11:24:05 - [TEST_STEP][PASSED] - motivo = data[4]: null

2020-03-04 11:24:05 - [TEST_STEP][PASSED] - IdProducto = data[14]: null

2020-03-04 11:24:05 - [TEST_STEP][PASSED] - Existencia = data[8]: null

2020-03-04 11:24:05 - [TEST_STEP][PASSED] - cantidadActual1 = data[10]: null

2020-03-04 11:24:05 - [TEST_STEP][PASSED] - cantidadActual2 = data[12]: null

2020-03-04 11:24:05 - [TEST_STEP][PASSED] - codProducto = data[5]: null

2020-03-04 11:24:05 - [TEST_STEP][PASSED] - IdGrupo = data[6]: null

2020-03-04 11:24:05 - [TEST_STEP][PASSED] - Producto = data[7]: null

2020-03-04 11:24:05 - [TEST_STEP][PASSED] - IdAlmacen1 = data[9]: null

2020-03-04 11:24:05 - [TEST_STEP][PASSED] - IdAlmacen2 = data[11]: null

2020-03-04 11:24:05 - [TEST_STEP][PASSED] - cantidadAMover = data[13]: null

2020-03-04 11:24:05 - [TEST_STEP][PASSED] - cantidad = data[13]: null

2020-03-04 11:24:05 - [TEST_STEP][PASSED] - rand = new java.util.Random(): null

2020-03-04 11:24:05 - [TEST_STEP][PASSED] - nuevacantidad = 0: null

2020-03-04 11:24:05 - [TEST_STEP][PASSED] - if (concepto == "TransferenciaDeMercancias" & cantidad == "0"): null

2020-03-04 11:24:05 - [TEST_STEP][PASSED] - concepto = data[3]: null

2020-03-04 11:24:05 - [TEST_STEP][PASSED] - motivo = data[4]: null

2020-03-04 11:24:05 - [TEST_STEP][PASSED] - click(findTestObject("Object Repository/Page_- KAIZEN/mi_menu_Inventario")): Object: 'Object Repository/Page_- KAIZEN/mi_menu_Inventario' is clicked on

2020-03-04 11:24:06 - [MESSAGE][PASSED] - Object: 'Object Repository/Page_- KAIZEN/mi_menu_Inventario' is clicked on

2020-03-04 11:24:06 - [TEST_STEP][PASSED] - click(findTestObject("Object Repository/Page_- KAIZEN/mi_menu_Movimientos")): Object: 'Object Repository/Page_- KAIZEN/mi_menu_Movimientos' is clicked on

2020-03-04 11:24:10 - [MESSAGE][PASSED] - Object: 'Object Repository/Page_- KAIZEN/mi_menu_Movimientos' is clicked on

2020-03-04 11:24:10 - [TEST_STEP][PASSED] - click(findTestObject("Object Repository/Page_Index - KAIZEN/mi_btn_agregar")): Object: 'Object Repository/Page_Index - KAIZEN/mi_btn_agregar' is clicked on

2020-03-04 11:24:15 - [MESSAGE][PASSED] - Object: 'Object Repository/Page_Index - KAIZEN/mi_btn_agregar' is clicked on

2020-03-04 11:24:15 - [TEST_STEP][PASSED] - selectOptionByValue(findTestObject("Object Repository/Page_Create - KAIZEN/mi_select_concepto"), concepto, true): All options with value 'EntradaDeMercancias' are selected in object 'Object Repository/Page_Create - KAIZEN/mi_select_concepto'  using regular expression

2020-03-04 11:24:16 - [MESSAGE][PASSED] - All options with value 'EntradaDeMercancias' are selected in object 'Object Repository/Page_Create - KAIZEN/mi_select_concepto'  using regular expression

2020-03-04 11:24:16 - [TEST_STEP][PASSED] - selectOptionByValue(findTestObject("Object Repository/Page_Create - KAIZEN/mi_select_motivo"), motivo, true): All options with value 'CompraProductos' are selected in object 'Object Repository/Page_Create - KAIZEN/mi_select_motivo'  using regular expression

2020-03-04 11:24:18 - [MESSAGE][PASSED] - All options with value 'CompraProductos' are selected in object 'Object Repository/Page_Create - KAIZEN/mi_select_motivo'  using regular expression

2020-03-04 11:24:18 - [TEST_STEP][PASSED] - click(findTestObject("Object Repository/Page_Create - KAIZEN/mi_select_buscar_Producto")): Object: 'Object Repository/Page_Create - KAIZEN/mi_select_buscar_Producto' is clicked on

2020-03-04 11:24:19 - [MESSAGE][PASSED] - Object: 'Object Repository/Page_Create - KAIZEN/mi_select_buscar_Producto' is clicked on

2020-03-04 11:24:19 - [TEST_STEP][PASSED] - setText(findTestObject("Object Repository/Page_Create - KAIZEN/mi_assing_producto"), codProducto): Text '9440-404-384' is set on object 'Object Repository/Page_Create - KAIZEN/mi_assing_producto'

2020-03-04 11:24:20 - [MESSAGE][PASSED] - Text '9440-404-384' is set on object 'Object Repository/Page_Create - KAIZEN/mi_assing_producto'

2020-03-04 11:24:20 - [TEST_STEP][PASSED] - sendKeys(findTestObject("Object Repository/Page_Create - KAIZEN/mi_assing_producto"), Keys.chord(ENTER)): Keys 'ENTER + ' sent to object: 'Object Repository/Page_Create - KAIZEN/mi_assing_producto'

2020-03-04 11:24:20 - [MESSAGE][PASSED] - Keys 'ENTER + ' sent to object: 'Object Repository/Page_Create - KAIZEN/mi_assing_producto'

2020-03-04 11:24:20 - [TEST_STEP][PASSED] - setText(findTestObject("Object Repository/Page_Create - KAIZEN/mi_assing_cantidad"), cantidadAMover): Text '5904' is set on object 'Object Repository/Page_Create - KAIZEN/mi_assing_cantidad'

2020-03-04 11:24:21 - [MESSAGE][PASSED] - Text '5904' is set on object 'Object Repository/Page_Create - KAIZEN/mi_assing_cantidad'

2020-03-04 11:24:21 - [TEST_STEP][PASSED] - sendKeys(findTestObject("Object Repository/Page_Create - KAIZEN/mi_assing_cantidad"), Keys.chord(ENTER)): Keys 'ENTER + ' sent to object: 'Object Repository/Page_Create - KAIZEN/mi_assing_cantidad'

2020-03-04 11:24:21 - [MESSAGE][PASSED] - Keys 'ENTER + ' sent to object: 'Object Repository/Page_Create - KAIZEN/mi_assing_cantidad'

2020-03-04 11:24:21 - [TEST_STEP][PASSED] - delay(5): Delayed 5 second(s)

2020-03-04 11:24:26 - [MESSAGE][PASSED] - Delayed 5 second(s)

2020-03-04 11:24:26 - [TEST_STEP][PASSED] - modal = executeJavaScript("return document.querySelector('.swal2-popup');", null): Execute JavaScript 'return document.querySelector('.swal2-popup');' successfully

2020-03-04 11:24:26 - [MESSAGE][PASSED] - Execute JavaScript 'return document.querySelector('.swal2-popup');' successfully

2020-03-04 11:24:26 - [TEST_STEP][PASSED] - if (modal == null): Object 'Object Repository/Page_Index - KAIZEN/mi_btn_agregar' is present

2020-03-04 11:24:26 - [TEST_STEP][PASSED] - print(modal): null

2020-03-04 11:24:26 - [TEST_STEP][PASSED] - if (motivo == "EntradaPorFabricacion"): null

2020-03-04 11:24:26 - [TEST_STEP][PASSED] - else: Object 'Object Repository/Page_Index - KAIZEN/mi_btn_agregar' is present

2020-03-04 11:24:26 - [TEST_STEP][PASSED] - selectOptionByValue(findTestObject("Object Repository/Page_Create - KAIZEN/mi_assing_almacen1"), IdAlmacen1, true): All options with value '6' are selected in object 'Object Repository/Page_Create - KAIZEN/mi_assing_almacen1'  using regular expression

2020-03-04 11:24:29 - [MESSAGE][PASSED] - All options with value '6' are selected in object 'Object Repository/Page_Create - KAIZEN/mi_assing_almacen1'  using regular expression

2020-03-04 11:24:29 - [TEST_STEP][PASSED] - if (concepto == "TransferenciaDeMercancias"): null

2020-03-04 11:24:29 - [TEST_STEP][PASSED] - else: Object 'Object Repository/Page_Index - KAIZEN/mi_btn_agregar' is present

2020-03-04 11:24:29 - [TEST_STEP][PASSED] - click(findTestObject("Object Repository/Page_Create - KAIZEN/mi_btn_Guardar")): Object: 'Object Repository/Page_Create - KAIZEN/mi_btn_Guardar' is clicked on

2020-03-04 11:24:32 - [MESSAGE][PASSED] - Object: 'Object Repository/Page_Create - KAIZEN/mi_btn_Guardar' is clicked on

2020-03-04 11:24:32 - [TEST_STEP][PASSED] - verifyElementPresent(findTestObject("Object Repository/Page_Index - KAIZEN/mi_btn_agregar"), 5): Object 'Object Repository/Page_Index - KAIZEN/mi_btn_agregar' is present

2020-03-04 11:24:34 - [MESSAGE][PASSED] - Object 'Object Repository/Page_Index - KAIZEN/mi_btn_agregar' is present

2020-03-04 11:24:34 - [TEST_STEP][PASSED] - delay(5): Delayed 5 second(s)

2020-03-04 11:24:39 - [MESSAGE][PASSED] - Delayed 5 second(s)

2020-03-04 11:24:39 - [TEST_STEP][PASSED] - exportar_archivos.logInventario.reporteInv(concepto, motivo, IdProducto, codProducto, Producto, IdGrupo, Existencia, IdAlmacen1, cantidadActual1, IdAlmacen2, cantidadActual2, cantidad): exportar_archivos.logInventario.reporteInv is PASSED

2020-03-04 11:24:39 - [MESSAGE][PASSED] - exportar_archivos.logInventario.reporteInv is PASSED

2020-03-04 11:24:39 - [MESSAGE][PASSED] - Call Test Case 'Test Cases/Individual_Tests/Movimientos_Inventario' successfully

2020-03-04 11:24:39 - [TEST_STEP][PASSED] - callTestCase(findTestCase("Individual_Tests/Login"), ["Evento":"MovimientoDeInventario", "Index":Index, "Usuario":"", "Contrasena":""], STOP_ON_FAILURE): Call Test Case 'Test Cases/Individual_Tests/Login' successfully

2020-03-04 11:24:39 - [TEST_CASE][PASSED] - Test Cases/Individual_Tests/Login: Test Cases/Individual_Tests/Login

2020-03-04 11:24:39 - [TEST_STEP][PASSED] - print("Evento Seleccionado: " + Evento + "
"): null

2020-03-04 11:24:39 - [TEST_STEP][PASSED] - openBrowser(Web): Browser is opened with url: 'http://test.kaizendev.net/Login/Accesar?salir=true'

2020-03-04 11:24:39 - [MESSAGE][WARNING] - A browser is already opened. Closing browser and opening a new one

2020-03-04 11:24:40 - [MESSAGE][INFO] - Starting 'Chrome' driver

2020-03-04 11:24:58 - [MESSAGE][PASSED] - Browser is opened with url: 'http://test.kaizendev.net/Login/Accesar?salir=true'

2020-03-04 11:24:58 - [TEST_STEP][PASSED] - maximizeWindow(): Current window maximized

2020-03-04 11:25:00 - [MESSAGE][PASSED] - Current window maximized

2020-03-04 11:25:00 - [TEST_STEP][PASSED] - if (Evento == "Crear20"): null

2020-03-04 11:25:00 - [TEST_STEP][PASSED] - else if (Evento == "Crear40"): null

2020-03-04 11:25:00 - [TEST_STEP][PASSED] - else if (Evento == "Aprobar"): null

2020-03-04 11:25:00 - [TEST_STEP][PASSED] - else if (Evento == "Logistica"): null

2020-03-04 11:25:00 - [TEST_STEP][PASSED] - else if (Evento == "Produccion"): null

2020-03-04 11:25:00 - [TEST_STEP][PASSED] - else if (Evento == "Inventario"): null

2020-03-04 11:25:00 - [TEST_STEP][PASSED] - else if (Evento == "Despacho"): null

2020-03-04 11:25:00 - [TEST_STEP][PASSED] - else if (Evento == "ProductoAlmacen"): null

2020-03-04 11:25:00 - [TEST_STEP][PASSED] - else if (Evento == "MovimientoDeInventario"): Object: 'Object Repository/Page_Iniciar Sesion - KAIZEN/is_btn_ingresar_sistema' is clicked on

2020-03-04 11:25:00 - [TEST_STEP][PASSED] - data8 = obtener_excels.obtener_mov_inventario.getValuesExcelMovInventario(Index): obtener_excels.obtener_mov_inventario.getValuesExcelMovInventario is PASSED

2020-03-04 11:25:00 - [MESSAGE][PASSED] - obtener_excels.obtener_mov_inventario.getValuesExcelMovInventario is PASSED

2020-03-04 11:25:00 - [TEST_STEP][PASSED] - Usuario = data8[1]: null

2020-03-04 11:25:00 - [TEST_STEP][PASSED] - Contrasena = data8[2]: null

2020-03-04 11:25:00 - [TEST_STEP][PASSED] - setText(findTestObject("Page_Iniciar Sesion - KAIZEN/is_input_email"), Usuario): Text 'automated.test@grupokaizen.net' is set on object 'Object Repository/Page_Iniciar Sesion - KAIZEN/is_input_email'

2020-03-04 11:25:00 - [MESSAGE][PASSED] - Text 'automated.test@grupokaizen.net' is set on object 'Object Repository/Page_Iniciar Sesion - KAIZEN/is_input_email'

2020-03-04 11:25:00 - [TEST_STEP][PASSED] - setEncryptedText(findTestObject("Page_Iniciar Sesion - KAIZEN/IS_input_contrasena"), Contrasena): Text ****** has been set on object 'Object Repository/Page_Iniciar Sesion - KAIZEN/IS_input_contrasena'

2020-03-04 11:25:01 - [MESSAGE][PASSED] - Text ****** has been set on object 'Object Repository/Page_Iniciar Sesion - KAIZEN/IS_input_contrasena'

2020-03-04 11:25:01 - [TEST_STEP][PASSED] - click(findTestObject("Page_Iniciar Sesion - KAIZEN/is_btn_ingresar_sistema")): Object: 'Object Repository/Page_Iniciar Sesion - KAIZEN/is_btn_ingresar_sistema' is clicked on

2020-03-04 11:25:03 - [MESSAGE][PASSED] - Object: 'Object Repository/Page_Iniciar Sesion - KAIZEN/is_btn_ingresar_sistema' is clicked on

2020-03-04 11:25:03 - [MESSAGE][PASSED] - Call Test Case 'Test Cases/Individual_Tests/Login' successfully

2020-03-04 11:25:03 - [TEST_STEP][PASSED] - callTestCase(findTestCase("Individual_Tests/Seleccionar_Idioma"), ["Evento":"MovimientoDeInventario", "Index":Index], STOP_ON_FAILURE): Call Test Case 'Test Cases/Individual_Tests/Seleccionar_Idioma' successfully

2020-03-04 11:25:03 - [TEST_CASE][PASSED] - Test Cases/Individual_Tests/Seleccionar_Idioma: Test Cases/Individual_Tests/Seleccionar_Idioma

2020-03-04 11:25:03 - [TEST_STEP][PASSED] - Idioma = 0: null

2020-03-04 11:25:03 - [TEST_STEP][PASSED] - if (Evento == "Crear20"): null

2020-03-04 11:25:03 - [TEST_STEP][PASSED] - else if (Evento == "Crear40"): null

2020-03-04 11:25:03 - [TEST_STEP][PASSED] - else if (Evento == "Aprobar"): null

2020-03-04 11:25:03 - [TEST_STEP][PASSED] - else if (Evento == "Logistica"): null

2020-03-04 11:25:03 - [TEST_STEP][PASSED] - else if (Evento == "Produccion"): null

2020-03-04 11:25:03 - [TEST_STEP][PASSED] - else if (Evento == "Inventario"): null

2020-03-04 11:25:03 - [TEST_STEP][PASSED] - else if (Evento == "Despacho"): null

2020-03-04 11:25:03 - [TEST_STEP][PASSED] - else if (Evento == "ProductoAlmacen"): null

2020-03-04 11:25:03 - [TEST_STEP][PASSED] - else if (Evento == "MovimientoDeInventario"): null

2020-03-04 11:25:03 - [TEST_STEP][PASSED] - data7 = obtener_excels.obtener_mov_inventario.getValuesExcelMovInventario(Index): obtener_excels.obtener_mov_inventario.getValuesExcelMovInventario is PASSED

2020-03-04 11:25:03 - [MESSAGE][PASSED] - obtener_excels.obtener_mov_inventario.getValuesExcelMovInventario is PASSED

2020-03-04 11:25:03 - [TEST_STEP][PASSED] - Idioma = data7[0]: null

2020-03-04 11:25:03 - [TEST_STEP][PASSED] - click(findTestObject("Page_- KAIZEN/si_btn_idioma")): Object: 'Object Repository/Page_- KAIZEN/si_btn_idioma' is clicked on

2020-03-04 11:25:04 - [MESSAGE][PASSED] - Object: 'Object Repository/Page_- KAIZEN/si_btn_idioma' is clicked on

2020-03-04 11:25:04 - [TEST_STEP][PASSED] - if (Idioma == "0"): null

2020-03-04 11:25:04 - [TEST_STEP][PASSED] - else: Object: 'Object Repository/Page_- KAIZEN/si_Spanish' is clicked on

2020-03-04 11:25:04 - [TEST_STEP][PASSED] - click(findTestObject("Page_- KAIZEN/si_Spanish")): Object: 'Object Repository/Page_- KAIZEN/si_Spanish' is clicked on

2020-03-04 11:25:05 - [MESSAGE][PASSED] - Object: 'Object Repository/Page_- KAIZEN/si_Spanish' is clicked on

2020-03-04 11:25:05 - [MESSAGE][PASSED] - Call Test Case 'Test Cases/Individual_Tests/Seleccionar_Idioma' successfully

2020-03-04 11:25:05 - [TEST_STEP][PASSED] - callTestCase(findTestCase("Individual_Tests/Movimientos_Inventario"), ["Index":Index], STOP_ON_FAILURE): Call Test Case 'Test Cases/Individual_Tests/Movimientos_Inventario' successfully

2020-03-04 11:25:05 - [TEST_CASE][PASSED] - Test Cases/Individual_Tests/Movimientos_Inventario: Test Cases/Individual_Tests/Movimientos_Inventario

2020-03-04 11:25:05 - [TEST_STEP][PASSED] - data = obtener_excels.obtener_mov_inventario.getValuesExcelMovInventario(Index): obtener_excels.obtener_mov_inventario.getValuesExcelMovInventario is PASSED

2020-03-04 11:25:05 - [MESSAGE][PASSED] - obtener_excels.obtener_mov_inventario.getValuesExcelMovInventario is PASSED

2020-03-04 11:25:05 - [TEST_STEP][PASSED] - concepto = data[3]: null

2020-03-04 11:25:05 - [TEST_STEP][PASSED] - motivo = data[4]: null

2020-03-04 11:25:05 - [TEST_STEP][PASSED] - IdProducto = data[14]: null

2020-03-04 11:25:05 - [TEST_STEP][PASSED] - Existencia = data[8]: null

2020-03-04 11:25:05 - [TEST_STEP][PASSED] - cantidadActual1 = data[10]: null

2020-03-04 11:25:05 - [TEST_STEP][PASSED] - cantidadActual2 = data[12]: null

2020-03-04 11:25:05 - [TEST_STEP][PASSED] - codProducto = data[5]: null

2020-03-04 11:25:05 - [TEST_STEP][PASSED] - IdGrupo = data[6]: null

2020-03-04 11:25:05 - [TEST_STEP][PASSED] - Producto = data[7]: null

2020-03-04 11:25:05 - [TEST_STEP][PASSED] - IdAlmacen1 = data[9]: null

2020-03-04 11:25:05 - [TEST_STEP][PASSED] - IdAlmacen2 = data[11]: null

2020-03-04 11:25:05 - [TEST_STEP][PASSED] - cantidadAMover = data[13]: null

2020-03-04 11:25:05 - [TEST_STEP][PASSED] - cantidad = data[13]: null

2020-03-04 11:25:05 - [TEST_STEP][PASSED] - rand = new java.util.Random(): null

2020-03-04 11:25:05 - [TEST_STEP][PASSED] - nuevacantidad = 0: null

2020-03-04 11:25:05 - [TEST_STEP][PASSED] - if (concepto == "TransferenciaDeMercancias" & cantidad == "0"): null

2020-03-04 11:25:05 - [TEST_STEP][PASSED] - concepto = data[3]: null

2020-03-04 11:25:05 - [TEST_STEP][PASSED] - motivo = data[4]: null

2020-03-04 11:25:05 - [TEST_STEP][PASSED] - click(findTestObject("Object Repository/Page_- KAIZEN/mi_menu_Inventario")): Object: 'Object Repository/Page_- KAIZEN/mi_menu_Inventario' is clicked on

2020-03-04 11:25:06 - [MESSAGE][PASSED] - Object: 'Object Repository/Page_- KAIZEN/mi_menu_Inventario' is clicked on

2020-03-04 11:25:06 - [TEST_STEP][PASSED] - click(findTestObject("Object Repository/Page_- KAIZEN/mi_menu_Movimientos")): Object: 'Object Repository/Page_- KAIZEN/mi_menu_Movimientos' is clicked on

2020-03-04 11:25:08 - [MESSAGE][PASSED] - Object: 'Object Repository/Page_- KAIZEN/mi_menu_Movimientos' is clicked on

2020-03-04 11:25:08 - [TEST_STEP][PASSED] - click(findTestObject("Object Repository/Page_Index - KAIZEN/mi_btn_agregar")): Object: 'Object Repository/Page_Index - KAIZEN/mi_btn_agregar' is clicked on

2020-03-04 11:25:15 - [MESSAGE][PASSED] - Object: 'Object Repository/Page_Index - KAIZEN/mi_btn_agregar' is clicked on

2020-03-04 11:25:15 - [TEST_STEP][PASSED] - selectOptionByValue(findTestObject("Object Repository/Page_Create - KAIZEN/mi_select_concepto"), concepto, true): All options with value 'SalidaDeMercancias' are selected in object 'Object Repository/Page_Create - KAIZEN/mi_select_concepto'  using regular expression

2020-03-04 11:25:16 - [MESSAGE][PASSED] - All options with value 'SalidaDeMercancias' are selected in object 'Object Repository/Page_Create - KAIZEN/mi_select_concepto'  using regular expression

2020-03-04 11:25:16 - [TEST_STEP][PASSED] - selectOptionByValue(findTestObject("Object Repository/Page_Create - KAIZEN/mi_select_motivo"), motivo, true): All options with value 'DispatchOutput' are selected in object 'Object Repository/Page_Create - KAIZEN/mi_select_motivo'  using regular expression

2020-03-04 11:25:17 - [MESSAGE][PASSED] - All options with value 'DispatchOutput' are selected in object 'Object Repository/Page_Create - KAIZEN/mi_select_motivo'  using regular expression

2020-03-04 11:25:17 - [TEST_STEP][PASSED] - click(findTestObject("Object Repository/Page_Create - KAIZEN/mi_select_buscar_Producto")): Object: 'Object Repository/Page_Create - KAIZEN/mi_select_buscar_Producto' is clicked on

2020-03-04 11:25:18 - [MESSAGE][PASSED] - Object: 'Object Repository/Page_Create - KAIZEN/mi_select_buscar_Producto' is clicked on

2020-03-04 11:25:18 - [TEST_STEP][PASSED] - setText(findTestObject("Object Repository/Page_Create - KAIZEN/mi_assing_producto"), codProducto): Text '9440-404-385' is set on object 'Object Repository/Page_Create - KAIZEN/mi_assing_producto'

2020-03-04 11:25:19 - [MESSAGE][PASSED] - Text '9440-404-385' is set on object 'Object Repository/Page_Create - KAIZEN/mi_assing_producto'

2020-03-04 11:25:19 - [TEST_STEP][PASSED] - sendKeys(findTestObject("Object Repository/Page_Create - KAIZEN/mi_assing_producto"), Keys.chord(ENTER)): Keys 'ENTER + ' sent to object: 'Object Repository/Page_Create - KAIZEN/mi_assing_producto'

2020-03-04 11:25:19 - [MESSAGE][PASSED] - Keys 'ENTER + ' sent to object: 'Object Repository/Page_Create - KAIZEN/mi_assing_producto'

2020-03-04 11:25:19 - [TEST_STEP][PASSED] - setText(findTestObject("Object Repository/Page_Create - KAIZEN/mi_assing_cantidad"), cantidadAMover): Text '109123' is set on object 'Object Repository/Page_Create - KAIZEN/mi_assing_cantidad'

2020-03-04 11:25:20 - [MESSAGE][PASSED] - Text '109123' is set on object 'Object Repository/Page_Create - KAIZEN/mi_assing_cantidad'

2020-03-04 11:25:20 - [TEST_STEP][PASSED] - sendKeys(findTestObject("Object Repository/Page_Create - KAIZEN/mi_assing_cantidad"), Keys.chord(ENTER)): Keys 'ENTER + ' sent to object: 'Object Repository/Page_Create - KAIZEN/mi_assing_cantidad'

2020-03-04 11:25:20 - [MESSAGE][PASSED] - Keys 'ENTER + ' sent to object: 'Object Repository/Page_Create - KAIZEN/mi_assing_cantidad'

2020-03-04 11:25:20 - [TEST_STEP][PASSED] - delay(5): Delayed 5 second(s)

2020-03-04 11:25:25 - [MESSAGE][PASSED] - Delayed 5 second(s)

2020-03-04 11:25:25 - [TEST_STEP][PASSED] - modal = executeJavaScript("return document.querySelector('.swal2-popup');", null): Execute JavaScript 'return document.querySelector('.swal2-popup');' successfully

2020-03-04 11:25:25 - [MESSAGE][PASSED] - Execute JavaScript 'return document.querySelector('.swal2-popup');' successfully

2020-03-04 11:25:25 - [TEST_STEP][PASSED] - if (modal == null): Object 'Object Repository/Page_Index - KAIZEN/mi_btn_agregar' is present

2020-03-04 11:25:25 - [TEST_STEP][PASSED] - print(modal): null

2020-03-04 11:25:25 - [TEST_STEP][PASSED] - if (motivo == "EntradaPorFabricacion"): null

2020-03-04 11:25:25 - [TEST_STEP][PASSED] - else: Object 'Object Repository/Page_Index - KAIZEN/mi_btn_agregar' is present

2020-03-04 11:25:25 - [TEST_STEP][PASSED] - selectOptionByValue(findTestObject("Object Repository/Page_Create - KAIZEN/mi_assing_almacen1"), IdAlmacen1, true): All options with value '1' are selected in object 'Object Repository/Page_Create - KAIZEN/mi_assing_almacen1'  using regular expression

2020-03-04 11:25:28 - [MESSAGE][PASSED] - All options with value '1' are selected in object 'Object Repository/Page_Create - KAIZEN/mi_assing_almacen1'  using regular expression

2020-03-04 11:25:28 - [TEST_STEP][PASSED] - if (concepto == "TransferenciaDeMercancias"): null

2020-03-04 11:25:28 - [TEST_STEP][PASSED] - else: Object 'Object Repository/Page_Index - KAIZEN/mi_btn_agregar' is present

2020-03-04 11:25:28 - [TEST_STEP][PASSED] - click(findTestObject("Object Repository/Page_Create - KAIZEN/mi_btn_Guardar")): Object: 'Object Repository/Page_Create - KAIZEN/mi_btn_Guardar' is clicked on

2020-03-04 11:25:32 - [MESSAGE][PASSED] - Object: 'Object Repository/Page_Create - KAIZEN/mi_btn_Guardar' is clicked on

2020-03-04 11:25:32 - [TEST_STEP][PASSED] - verifyElementPresent(findTestObject("Object Repository/Page_Index - KAIZEN/mi_btn_agregar"), 5): Object 'Object Repository/Page_Index - KAIZEN/mi_btn_agregar' is present

2020-03-04 11:25:33 - [MESSAGE][PASSED] - Object 'Object Repository/Page_Index - KAIZEN/mi_btn_agregar' is present

2020-03-04 11:25:33 - [TEST_STEP][PASSED] - delay(5): Delayed 5 second(s)

2020-03-04 11:25:38 - [MESSAGE][PASSED] - Delayed 5 second(s)

2020-03-04 11:25:38 - [TEST_STEP][PASSED] - exportar_archivos.logInventario.reporteInv(concepto, motivo, IdProducto, codProducto, Producto, IdGrupo, Existencia, IdAlmacen1, cantidadActual1, IdAlmacen2, cantidadActual2, cantidad): exportar_archivos.logInventario.reporteInv is PASSED

2020-03-04 11:25:38 - [MESSAGE][PASSED] - exportar_archivos.logInventario.reporteInv is PASSED

2020-03-04 11:25:38 - [MESSAGE][PASSED] - Call Test Case 'Test Cases/Individual_Tests/Movimientos_Inventario' successfully

2020-03-04 11:25:38 - [TEST_STEP][PASSED] - callTestCase(findTestCase("Individual_Tests/Login"), ["Evento":"MovimientoDeInventario", "Index":Index, "Usuario":"", "Contrasena":""], STOP_ON_FAILURE): Call Test Case 'Test Cases/Individual_Tests/Login' successfully

2020-03-04 11:25:38 - [TEST_CASE][PASSED] - Test Cases/Individual_Tests/Login: Test Cases/Individual_Tests/Login

2020-03-04 11:25:38 - [TEST_STEP][PASSED] - print("Evento Seleccionado: " + Evento + "
"): null

2020-03-04 11:25:38 - [TEST_STEP][PASSED] - openBrowser(Web): Browser is opened with url: 'http://test.kaizendev.net/Login/Accesar?salir=true'

2020-03-04 11:25:38 - [MESSAGE][WARNING] - A browser is already opened. Closing browser and opening a new one

2020-03-04 11:25:39 - [MESSAGE][INFO] - Starting 'Chrome' driver

2020-03-04 11:25:57 - [MESSAGE][PASSED] - Browser is opened with url: 'http://test.kaizendev.net/Login/Accesar?salir=true'

2020-03-04 11:25:57 - [TEST_STEP][PASSED] - maximizeWindow(): Current window maximized

2020-03-04 11:25:59 - [MESSAGE][PASSED] - Current window maximized

2020-03-04 11:25:59 - [TEST_STEP][PASSED] - if (Evento == "Crear20"): null

2020-03-04 11:25:59 - [TEST_STEP][PASSED] - else if (Evento == "Crear40"): null

2020-03-04 11:25:59 - [TEST_STEP][PASSED] - else if (Evento == "Aprobar"): null

2020-03-04 11:25:59 - [TEST_STEP][PASSED] - else if (Evento == "Logistica"): null

2020-03-04 11:25:59 - [TEST_STEP][PASSED] - else if (Evento == "Produccion"): null

2020-03-04 11:25:59 - [TEST_STEP][PASSED] - else if (Evento == "Inventario"): null

2020-03-04 11:25:59 - [TEST_STEP][PASSED] - else if (Evento == "Despacho"): null

2020-03-04 11:25:59 - [TEST_STEP][PASSED] - else if (Evento == "ProductoAlmacen"): null

2020-03-04 11:25:59 - [TEST_STEP][PASSED] - else if (Evento == "MovimientoDeInventario"): Object: 'Object Repository/Page_Iniciar Sesion - KAIZEN/is_btn_ingresar_sistema' is clicked on

2020-03-04 11:25:59 - [TEST_STEP][PASSED] - data8 = obtener_excels.obtener_mov_inventario.getValuesExcelMovInventario(Index): obtener_excels.obtener_mov_inventario.getValuesExcelMovInventario is PASSED

2020-03-04 11:25:59 - [MESSAGE][PASSED] - obtener_excels.obtener_mov_inventario.getValuesExcelMovInventario is PASSED

2020-03-04 11:25:59 - [TEST_STEP][PASSED] - Usuario = data8[1]: null

2020-03-04 11:25:59 - [TEST_STEP][PASSED] - Contrasena = data8[2]: null

2020-03-04 11:25:59 - [TEST_STEP][PASSED] - setText(findTestObject("Page_Iniciar Sesion - KAIZEN/is_input_email"), Usuario): Text 'automated.test@grupokaizen.net' is set on object 'Object Repository/Page_Iniciar Sesion - KAIZEN/is_input_email'

2020-03-04 11:25:59 - [MESSAGE][PASSED] - Text 'automated.test@grupokaizen.net' is set on object 'Object Repository/Page_Iniciar Sesion - KAIZEN/is_input_email'

2020-03-04 11:25:59 - [TEST_STEP][PASSED] - setEncryptedText(findTestObject("Page_Iniciar Sesion - KAIZEN/IS_input_contrasena"), Contrasena): Text ****** has been set on object 'Object Repository/Page_Iniciar Sesion - KAIZEN/IS_input_contrasena'

2020-03-04 11:26:00 - [MESSAGE][PASSED] - Text ****** has been set on object 'Object Repository/Page_Iniciar Sesion - KAIZEN/IS_input_contrasena'

2020-03-04 11:26:00 - [TEST_STEP][PASSED] - click(findTestObject("Page_Iniciar Sesion - KAIZEN/is_btn_ingresar_sistema")): Object: 'Object Repository/Page_Iniciar Sesion - KAIZEN/is_btn_ingresar_sistema' is clicked on

2020-03-04 11:26:03 - [MESSAGE][PASSED] - Object: 'Object Repository/Page_Iniciar Sesion - KAIZEN/is_btn_ingresar_sistema' is clicked on

2020-03-04 11:26:03 - [MESSAGE][PASSED] - Call Test Case 'Test Cases/Individual_Tests/Login' successfully

2020-03-04 11:26:03 - [TEST_STEP][PASSED] - callTestCase(findTestCase("Individual_Tests/Seleccionar_Idioma"), ["Evento":"MovimientoDeInventario", "Index":Index], STOP_ON_FAILURE): Call Test Case 'Test Cases/Individual_Tests/Seleccionar_Idioma' successfully

2020-03-04 11:26:03 - [TEST_CASE][PASSED] - Test Cases/Individual_Tests/Seleccionar_Idioma: Test Cases/Individual_Tests/Seleccionar_Idioma

2020-03-04 11:26:03 - [TEST_STEP][PASSED] - Idioma = 0: null

2020-03-04 11:26:03 - [TEST_STEP][PASSED] - if (Evento == "Crear20"): null

2020-03-04 11:26:03 - [TEST_STEP][PASSED] - else if (Evento == "Crear40"): null

2020-03-04 11:26:03 - [TEST_STEP][PASSED] - else if (Evento == "Aprobar"): null

2020-03-04 11:26:03 - [TEST_STEP][PASSED] - else if (Evento == "Logistica"): null

2020-03-04 11:26:03 - [TEST_STEP][PASSED] - else if (Evento == "Produccion"): null

2020-03-04 11:26:03 - [TEST_STEP][PASSED] - else if (Evento == "Inventario"): null

2020-03-04 11:26:03 - [TEST_STEP][PASSED] - else if (Evento == "Despacho"): null

2020-03-04 11:26:03 - [TEST_STEP][PASSED] - else if (Evento == "ProductoAlmacen"): null

2020-03-04 11:26:03 - [TEST_STEP][PASSED] - else if (Evento == "MovimientoDeInventario"): null

2020-03-04 11:26:03 - [TEST_STEP][PASSED] - data7 = obtener_excels.obtener_mov_inventario.getValuesExcelMovInventario(Index): obtener_excels.obtener_mov_inventario.getValuesExcelMovInventario is PASSED

2020-03-04 11:26:03 - [MESSAGE][PASSED] - obtener_excels.obtener_mov_inventario.getValuesExcelMovInventario is PASSED

2020-03-04 11:26:03 - [TEST_STEP][PASSED] - Idioma = data7[0]: null

2020-03-04 11:26:03 - [TEST_STEP][PASSED] - click(findTestObject("Page_- KAIZEN/si_btn_idioma")): Object: 'Object Repository/Page_- KAIZEN/si_btn_idioma' is clicked on

2020-03-04 11:26:03 - [MESSAGE][PASSED] - Object: 'Object Repository/Page_- KAIZEN/si_btn_idioma' is clicked on

2020-03-04 11:26:03 - [TEST_STEP][PASSED] - if (Idioma == "0"): null

2020-03-04 11:26:03 - [TEST_STEP][PASSED] - else: Object: 'Object Repository/Page_- KAIZEN/si_Spanish' is clicked on

2020-03-04 11:26:03 - [TEST_STEP][PASSED] - click(findTestObject("Page_- KAIZEN/si_Spanish")): Object: 'Object Repository/Page_- KAIZEN/si_Spanish' is clicked on

2020-03-04 11:26:06 - [MESSAGE][PASSED] - Object: 'Object Repository/Page_- KAIZEN/si_Spanish' is clicked on

2020-03-04 11:26:06 - [MESSAGE][PASSED] - Call Test Case 'Test Cases/Individual_Tests/Seleccionar_Idioma' successfully

2020-03-04 11:26:06 - [TEST_STEP][PASSED] - callTestCase(findTestCase("Individual_Tests/Movimientos_Inventario"), ["Index":Index], STOP_ON_FAILURE): Call Test Case 'Test Cases/Individual_Tests/Movimientos_Inventario' successfully

2020-03-04 11:26:06 - [TEST_CASE][PASSED] - Test Cases/Individual_Tests/Movimientos_Inventario: Test Cases/Individual_Tests/Movimientos_Inventario

2020-03-04 11:26:06 - [TEST_STEP][PASSED] - data = obtener_excels.obtener_mov_inventario.getValuesExcelMovInventario(Index): obtener_excels.obtener_mov_inventario.getValuesExcelMovInventario is PASSED

2020-03-04 11:26:06 - [MESSAGE][PASSED] - obtener_excels.obtener_mov_inventario.getValuesExcelMovInventario is PASSED

2020-03-04 11:26:06 - [TEST_STEP][PASSED] - concepto = data[3]: null

2020-03-04 11:26:06 - [TEST_STEP][PASSED] - motivo = data[4]: null

2020-03-04 11:26:06 - [TEST_STEP][PASSED] - IdProducto = data[14]: null

2020-03-04 11:26:06 - [TEST_STEP][PASSED] - Existencia = data[8]: null

2020-03-04 11:26:06 - [TEST_STEP][PASSED] - cantidadActual1 = data[10]: null

2020-03-04 11:26:06 - [TEST_STEP][PASSED] - cantidadActual2 = data[12]: null

2020-03-04 11:26:06 - [TEST_STEP][PASSED] - codProducto = data[5]: null

2020-03-04 11:26:06 - [TEST_STEP][PASSED] - IdGrupo = data[6]: null

2020-03-04 11:26:06 - [TEST_STEP][PASSED] - Producto = data[7]: null

2020-03-04 11:26:06 - [TEST_STEP][PASSED] - IdAlmacen1 = data[9]: null

2020-03-04 11:26:06 - [TEST_STEP][PASSED] - IdAlmacen2 = data[11]: null

2020-03-04 11:26:06 - [TEST_STEP][PASSED] - cantidadAMover = data[13]: null

2020-03-04 11:26:06 - [TEST_STEP][PASSED] - cantidad = data[13]: null

2020-03-04 11:26:06 - [TEST_STEP][PASSED] - rand = new java.util.Random(): null

2020-03-04 11:26:06 - [TEST_STEP][PASSED] - nuevacantidad = 0: null

2020-03-04 11:26:06 - [TEST_STEP][PASSED] - if (concepto == "TransferenciaDeMercancias" & cantidad == "0"): null

2020-03-04 11:26:06 - [TEST_STEP][PASSED] - concepto = data[3]: null

2020-03-04 11:26:06 - [TEST_STEP][PASSED] - motivo = data[4]: null

2020-03-04 11:26:06 - [TEST_STEP][PASSED] - click(findTestObject("Object Repository/Page_- KAIZEN/mi_menu_Inventario")): Object: 'Object Repository/Page_- KAIZEN/mi_menu_Inventario' is clicked on

2020-03-04 11:26:07 - [MESSAGE][PASSED] - Object: 'Object Repository/Page_- KAIZEN/mi_menu_Inventario' is clicked on

2020-03-04 11:26:07 - [TEST_STEP][PASSED] - click(findTestObject("Object Repository/Page_- KAIZEN/mi_menu_Movimientos")): Object: 'Object Repository/Page_- KAIZEN/mi_menu_Movimientos' is clicked on

2020-03-04 11:26:11 - [MESSAGE][PASSED] - Object: 'Object Repository/Page_- KAIZEN/mi_menu_Movimientos' is clicked on

2020-03-04 11:26:11 - [TEST_STEP][PASSED] - click(findTestObject("Object Repository/Page_Index - KAIZEN/mi_btn_agregar")): Object: 'Object Repository/Page_Index - KAIZEN/mi_btn_agregar' is clicked on

2020-03-04 11:26:15 - [MESSAGE][PASSED] - Object: 'Object Repository/Page_Index - KAIZEN/mi_btn_agregar' is clicked on

2020-03-04 11:26:15 - [TEST_STEP][PASSED] - selectOptionByValue(findTestObject("Object Repository/Page_Create - KAIZEN/mi_select_concepto"), concepto, true): All options with value 'SalidaDeMercancias' are selected in object 'Object Repository/Page_Create - KAIZEN/mi_select_concepto'  using regular expression

2020-03-04 11:26:17 - [MESSAGE][PASSED] - All options with value 'SalidaDeMercancias' are selected in object 'Object Repository/Page_Create - KAIZEN/mi_select_concepto'  using regular expression

2020-03-04 11:26:17 - [TEST_STEP][PASSED] - selectOptionByValue(findTestObject("Object Repository/Page_Create - KAIZEN/mi_select_motivo"), motivo, true): All options with value 'DispatchOutput' are selected in object 'Object Repository/Page_Create - KAIZEN/mi_select_motivo'  using regular expression

2020-03-04 11:26:18 - [MESSAGE][PASSED] - All options with value 'DispatchOutput' are selected in object 'Object Repository/Page_Create - KAIZEN/mi_select_motivo'  using regular expression

2020-03-04 11:26:18 - [TEST_STEP][PASSED] - click(findTestObject("Object Repository/Page_Create - KAIZEN/mi_select_buscar_Producto")): Object: 'Object Repository/Page_Create - KAIZEN/mi_select_buscar_Producto' is clicked on

2020-03-04 11:26:18 - [MESSAGE][PASSED] - Object: 'Object Repository/Page_Create - KAIZEN/mi_select_buscar_Producto' is clicked on

2020-03-04 11:26:18 - [TEST_STEP][PASSED] - setText(findTestObject("Object Repository/Page_Create - KAIZEN/mi_assing_producto"), codProducto): Text '9440-404-385' is set on object 'Object Repository/Page_Create - KAIZEN/mi_assing_producto'

2020-03-04 11:26:19 - [MESSAGE][PASSED] - Text '9440-404-385' is set on object 'Object Repository/Page_Create - KAIZEN/mi_assing_producto'

2020-03-04 11:26:19 - [TEST_STEP][PASSED] - sendKeys(findTestObject("Object Repository/Page_Create - KAIZEN/mi_assing_producto"), Keys.chord(ENTER)): Keys 'ENTER + ' sent to object: 'Object Repository/Page_Create - KAIZEN/mi_assing_producto'

2020-03-04 11:26:20 - [MESSAGE][PASSED] - Keys 'ENTER + ' sent to object: 'Object Repository/Page_Create - KAIZEN/mi_assing_producto'

2020-03-04 11:26:20 - [TEST_STEP][PASSED] - setText(findTestObject("Object Repository/Page_Create - KAIZEN/mi_assing_cantidad"), cantidadAMover): Text '68520' is set on object 'Object Repository/Page_Create - KAIZEN/mi_assing_cantidad'

2020-03-04 11:26:20 - [MESSAGE][PASSED] - Text '68520' is set on object 'Object Repository/Page_Create - KAIZEN/mi_assing_cantidad'

2020-03-04 11:26:20 - [TEST_STEP][PASSED] - sendKeys(findTestObject("Object Repository/Page_Create - KAIZEN/mi_assing_cantidad"), Keys.chord(ENTER)): Keys 'ENTER + ' sent to object: 'Object Repository/Page_Create - KAIZEN/mi_assing_cantidad'

2020-03-04 11:26:21 - [MESSAGE][PASSED] - Keys 'ENTER + ' sent to object: 'Object Repository/Page_Create - KAIZEN/mi_assing_cantidad'

2020-03-04 11:26:21 - [TEST_STEP][PASSED] - delay(5): Delayed 5 second(s)

2020-03-04 11:26:26 - [MESSAGE][PASSED] - Delayed 5 second(s)

2020-03-04 11:26:26 - [TEST_STEP][PASSED] - modal = executeJavaScript("return document.querySelector('.swal2-popup');", null): Execute JavaScript 'return document.querySelector('.swal2-popup');' successfully

2020-03-04 11:26:26 - [MESSAGE][PASSED] - Execute JavaScript 'return document.querySelector('.swal2-popup');' successfully

2020-03-04 11:26:26 - [TEST_STEP][PASSED] - if (modal == null): Object 'Object Repository/Page_Index - KAIZEN/mi_btn_agregar' is present

2020-03-04 11:26:26 - [TEST_STEP][PASSED] - print(modal): null

2020-03-04 11:26:26 - [TEST_STEP][PASSED] - if (motivo == "EntradaPorFabricacion"): null

2020-03-04 11:26:26 - [TEST_STEP][PASSED] - else: Object 'Object Repository/Page_Index - KAIZEN/mi_btn_agregar' is present

2020-03-04 11:26:26 - [TEST_STEP][PASSED] - selectOptionByValue(findTestObject("Object Repository/Page_Create - KAIZEN/mi_assing_almacen1"), IdAlmacen1, true): All options with value '6' are selected in object 'Object Repository/Page_Create - KAIZEN/mi_assing_almacen1'  using regular expression

2020-03-04 11:26:28 - [MESSAGE][PASSED] - All options with value '6' are selected in object 'Object Repository/Page_Create - KAIZEN/mi_assing_almacen1'  using regular expression

2020-03-04 11:26:28 - [TEST_STEP][PASSED] - if (concepto == "TransferenciaDeMercancias"): null

2020-03-04 11:26:28 - [TEST_STEP][PASSED] - else: Object 'Object Repository/Page_Index - KAIZEN/mi_btn_agregar' is present

2020-03-04 11:26:28 - [TEST_STEP][PASSED] - click(findTestObject("Object Repository/Page_Create - KAIZEN/mi_btn_Guardar")): Object: 'Object Repository/Page_Create - KAIZEN/mi_btn_Guardar' is clicked on

2020-03-04 11:26:30 - [MESSAGE][PASSED] - Object: 'Object Repository/Page_Create - KAIZEN/mi_btn_Guardar' is clicked on

2020-03-04 11:26:30 - [TEST_STEP][PASSED] - verifyElementPresent(findTestObject("Object Repository/Page_Index - KAIZEN/mi_btn_agregar"), 5): Object 'Object Repository/Page_Index - KAIZEN/mi_btn_agregar' is present

2020-03-04 11:26:30 - [MESSAGE][PASSED] - Object 'Object Repository/Page_Index - KAIZEN/mi_btn_agregar' is present

2020-03-04 11:26:30 - [TEST_STEP][PASSED] - delay(5): Delayed 5 second(s)

2020-03-04 11:26:35 - [MESSAGE][PASSED] - Delayed 5 second(s)

2020-03-04 11:26:35 - [TEST_STEP][PASSED] - exportar_archivos.logInventario.reporteInv(concepto, motivo, IdProducto, codProducto, Producto, IdGrupo, Existencia, IdAlmacen1, cantidadActual1, IdAlmacen2, cantidadActual2, cantidad): exportar_archivos.logInventario.reporteInv is PASSED

2020-03-04 11:26:35 - [MESSAGE][PASSED] - exportar_archivos.logInventario.reporteInv is PASSED

2020-03-04 11:26:35 - [MESSAGE][PASSED] - Call Test Case 'Test Cases/Individual_Tests/Movimientos_Inventario' successfully

2020-03-04 11:26:35 - [TEST_STEP][PASSED] - callTestCase(findTestCase("Individual_Tests/Login"), ["Evento":"MovimientoDeInventario", "Index":Index, "Usuario":"", "Contrasena":""], STOP_ON_FAILURE): Call Test Case 'Test Cases/Individual_Tests/Login' successfully

2020-03-04 11:26:35 - [TEST_CASE][PASSED] - Test Cases/Individual_Tests/Login: Test Cases/Individual_Tests/Login

2020-03-04 11:26:35 - [TEST_STEP][PASSED] - print("Evento Seleccionado: " + Evento + "
"): null

2020-03-04 11:26:35 - [TEST_STEP][PASSED] - openBrowser(Web): Browser is opened with url: 'http://test.kaizendev.net/Login/Accesar?salir=true'

2020-03-04 11:26:35 - [MESSAGE][WARNING] - A browser is already opened. Closing browser and opening a new one

2020-03-04 11:26:36 - [MESSAGE][INFO] - Starting 'Chrome' driver

2020-03-04 11:26:42 - [MESSAGE][PASSED] - Browser is opened with url: 'http://test.kaizendev.net/Login/Accesar?salir=true'

2020-03-04 11:26:42 - [TEST_STEP][PASSED] - maximizeWindow(): Current window maximized

2020-03-04 11:26:44 - [MESSAGE][PASSED] - Current window maximized

2020-03-04 11:26:44 - [TEST_STEP][PASSED] - if (Evento == "Crear20"): null

2020-03-04 11:26:44 - [TEST_STEP][PASSED] - else if (Evento == "Crear40"): null

2020-03-04 11:26:44 - [TEST_STEP][PASSED] - else if (Evento == "Aprobar"): null

2020-03-04 11:26:44 - [TEST_STEP][PASSED] - else if (Evento == "Logistica"): null

2020-03-04 11:26:44 - [TEST_STEP][PASSED] - else if (Evento == "Produccion"): null

2020-03-04 11:26:44 - [TEST_STEP][PASSED] - else if (Evento == "Inventario"): null

2020-03-04 11:26:44 - [TEST_STEP][PASSED] - else if (Evento == "Despacho"): null

2020-03-04 11:26:44 - [TEST_STEP][PASSED] - else if (Evento == "ProductoAlmacen"): null

2020-03-04 11:26:44 - [TEST_STEP][PASSED] - else if (Evento == "MovimientoDeInventario"): Object: 'Object Repository/Page_Iniciar Sesion - KAIZEN/is_btn_ingresar_sistema' is clicked on

2020-03-04 11:26:44 - [TEST_STEP][PASSED] - data8 = obtener_excels.obtener_mov_inventario.getValuesExcelMovInventario(Index): obtener_excels.obtener_mov_inventario.getValuesExcelMovInventario is PASSED

2020-03-04 11:26:44 - [MESSAGE][PASSED] - obtener_excels.obtener_mov_inventario.getValuesExcelMovInventario is PASSED

2020-03-04 11:26:44 - [TEST_STEP][PASSED] - Usuario = data8[1]: null

2020-03-04 11:26:44 - [TEST_STEP][PASSED] - Contrasena = data8[2]: null

2020-03-04 11:26:44 - [TEST_STEP][PASSED] - setText(findTestObject("Page_Iniciar Sesion - KAIZEN/is_input_email"), Usuario): Text 'automated.test@grupokaizen.net' is set on object 'Object Repository/Page_Iniciar Sesion - KAIZEN/is_input_email'

2020-03-04 11:27:20 - [MESSAGE][PASSED] - Text 'automated.test@grupokaizen.net' is set on object 'Object Repository/Page_Iniciar Sesion - KAIZEN/is_input_email'

2020-03-04 11:27:20 - [TEST_STEP][PASSED] - setEncryptedText(findTestObject("Page_Iniciar Sesion - KAIZEN/IS_input_contrasena"), Contrasena): Text ****** has been set on object 'Object Repository/Page_Iniciar Sesion - KAIZEN/IS_input_contrasena'

2020-03-04 11:27:22 - [MESSAGE][PASSED] - Text ****** has been set on object 'Object Repository/Page_Iniciar Sesion - KAIZEN/IS_input_contrasena'

2020-03-04 11:27:22 - [TEST_STEP][PASSED] - click(findTestObject("Page_Iniciar Sesion - KAIZEN/is_btn_ingresar_sistema")): Object: 'Object Repository/Page_Iniciar Sesion - KAIZEN/is_btn_ingresar_sistema' is clicked on

2020-03-04 11:27:27 - [MESSAGE][PASSED] - Object: 'Object Repository/Page_Iniciar Sesion - KAIZEN/is_btn_ingresar_sistema' is clicked on

2020-03-04 11:27:27 - [MESSAGE][PASSED] - Call Test Case 'Test Cases/Individual_Tests/Login' successfully

2020-03-04 11:27:27 - [TEST_STEP][PASSED] - callTestCase(findTestCase("Individual_Tests/Seleccionar_Idioma"), ["Evento":"MovimientoDeInventario", "Index":Index], STOP_ON_FAILURE): Call Test Case 'Test Cases/Individual_Tests/Seleccionar_Idioma' successfully

2020-03-04 11:27:27 - [TEST_CASE][PASSED] - Test Cases/Individual_Tests/Seleccionar_Idioma: Test Cases/Individual_Tests/Seleccionar_Idioma

2020-03-04 11:27:27 - [TEST_STEP][PASSED] - Idioma = 0: null

2020-03-04 11:27:27 - [TEST_STEP][PASSED] - if (Evento == "Crear20"): null

2020-03-04 11:27:27 - [TEST_STEP][PASSED] - else if (Evento == "Crear40"): null

2020-03-04 11:27:27 - [TEST_STEP][PASSED] - else if (Evento == "Aprobar"): null

2020-03-04 11:27:27 - [TEST_STEP][PASSED] - else if (Evento == "Logistica"): null

2020-03-04 11:27:27 - [TEST_STEP][PASSED] - else if (Evento == "Produccion"): null

2020-03-04 11:27:27 - [TEST_STEP][PASSED] - else if (Evento == "Inventario"): null

2020-03-04 11:27:27 - [TEST_STEP][PASSED] - else if (Evento == "Despacho"): null

2020-03-04 11:27:27 - [TEST_STEP][PASSED] - else if (Evento == "ProductoAlmacen"): null

2020-03-04 11:27:27 - [TEST_STEP][PASSED] - else if (Evento == "MovimientoDeInventario"): null

2020-03-04 11:27:27 - [TEST_STEP][PASSED] - data7 = obtener_excels.obtener_mov_inventario.getValuesExcelMovInventario(Index): obtener_excels.obtener_mov_inventario.getValuesExcelMovInventario is PASSED

2020-03-04 11:27:27 - [MESSAGE][PASSED] - obtener_excels.obtener_mov_inventario.getValuesExcelMovInventario is PASSED

2020-03-04 11:27:27 - [TEST_STEP][PASSED] - Idioma = data7[0]: null

2020-03-04 11:27:27 - [TEST_STEP][PASSED] - click(findTestObject("Page_- KAIZEN/si_btn_idioma")): Object: 'Object Repository/Page_- KAIZEN/si_btn_idioma' is clicked on

2020-03-04 11:27:28 - [MESSAGE][PASSED] - Object: 'Object Repository/Page_- KAIZEN/si_btn_idioma' is clicked on

2020-03-04 11:27:28 - [TEST_STEP][PASSED] - if (Idioma == "0"): null

2020-03-04 11:27:28 - [TEST_STEP][PASSED] - else: Object: 'Object Repository/Page_- KAIZEN/si_Spanish' is clicked on

2020-03-04 11:27:28 - [TEST_STEP][PASSED] - click(findTestObject("Page_- KAIZEN/si_Spanish")): Object: 'Object Repository/Page_- KAIZEN/si_Spanish' is clicked on

2020-03-04 11:27:30 - [MESSAGE][PASSED] - Object: 'Object Repository/Page_- KAIZEN/si_Spanish' is clicked on

2020-03-04 11:27:30 - [MESSAGE][PASSED] - Call Test Case 'Test Cases/Individual_Tests/Seleccionar_Idioma' successfully

2020-03-04 11:27:30 - [TEST_STEP][PASSED] - callTestCase(findTestCase("Individual_Tests/Movimientos_Inventario"), ["Index":Index], STOP_ON_FAILURE): Call Test Case 'Test Cases/Individual_Tests/Movimientos_Inventario' successfully

2020-03-04 11:27:31 - [TEST_CASE][PASSED] - Test Cases/Individual_Tests/Movimientos_Inventario: Test Cases/Individual_Tests/Movimientos_Inventario

2020-03-04 11:27:31 - [TEST_STEP][PASSED] - data = obtener_excels.obtener_mov_inventario.getValuesExcelMovInventario(Index): obtener_excels.obtener_mov_inventario.getValuesExcelMovInventario is PASSED

2020-03-04 11:27:31 - [MESSAGE][PASSED] - obtener_excels.obtener_mov_inventario.getValuesExcelMovInventario is PASSED

2020-03-04 11:27:31 - [TEST_STEP][PASSED] - concepto = data[3]: null

2020-03-04 11:27:31 - [TEST_STEP][PASSED] - motivo = data[4]: null

2020-03-04 11:27:31 - [TEST_STEP][PASSED] - IdProducto = data[14]: null

2020-03-04 11:27:31 - [TEST_STEP][PASSED] - Existencia = data[8]: null

2020-03-04 11:27:31 - [TEST_STEP][PASSED] - cantidadActual1 = data[10]: null

2020-03-04 11:27:31 - [TEST_STEP][PASSED] - cantidadActual2 = data[12]: null

2020-03-04 11:27:31 - [TEST_STEP][PASSED] - codProducto = data[5]: null

2020-03-04 11:27:31 - [TEST_STEP][PASSED] - IdGrupo = data[6]: null

2020-03-04 11:27:31 - [TEST_STEP][PASSED] - Producto = data[7]: null

2020-03-04 11:27:31 - [TEST_STEP][PASSED] - IdAlmacen1 = data[9]: null

2020-03-04 11:27:31 - [TEST_STEP][PASSED] - IdAlmacen2 = data[11]: null

2020-03-04 11:27:31 - [TEST_STEP][PASSED] - cantidadAMover = data[13]: null

2020-03-04 11:27:31 - [TEST_STEP][PASSED] - cantidad = data[13]: null

2020-03-04 11:27:31 - [TEST_STEP][PASSED] - rand = new java.util.Random(): null

2020-03-04 11:27:31 - [TEST_STEP][PASSED] - nuevacantidad = 0: null

2020-03-04 11:27:31 - [TEST_STEP][PASSED] - if (concepto == "TransferenciaDeMercancias" & cantidad == "0"): null

2020-03-04 11:27:31 - [TEST_STEP][PASSED] - concepto = data[3]: null

2020-03-04 11:27:31 - [TEST_STEP][PASSED] - motivo = data[4]: null

2020-03-04 11:27:31 - [TEST_STEP][PASSED] - click(findTestObject("Object Repository/Page_- KAIZEN/mi_menu_Inventario")): Object: 'Object Repository/Page_- KAIZEN/mi_menu_Inventario' is clicked on

2020-03-04 11:27:31 - [MESSAGE][PASSED] - Object: 'Object Repository/Page_- KAIZEN/mi_menu_Inventario' is clicked on

2020-03-04 11:27:31 - [TEST_STEP][PASSED] - click(findTestObject("Object Repository/Page_- KAIZEN/mi_menu_Movimientos")): Object: 'Object Repository/Page_- KAIZEN/mi_menu_Movimientos' is clicked on

2020-03-04 11:27:37 - [MESSAGE][PASSED] - Object: 'Object Repository/Page_- KAIZEN/mi_menu_Movimientos' is clicked on

2020-03-04 11:27:37 - [TEST_STEP][PASSED] - click(findTestObject("Object Repository/Page_Index - KAIZEN/mi_btn_agregar")): Object: 'Object Repository/Page_Index - KAIZEN/mi_btn_agregar' is clicked on

2020-03-04 11:27:56 - [MESSAGE][PASSED] - Object: 'Object Repository/Page_Index - KAIZEN/mi_btn_agregar' is clicked on

2020-03-04 11:27:56 - [TEST_STEP][PASSED] - selectOptionByValue(findTestObject("Object Repository/Page_Create - KAIZEN/mi_select_concepto"), concepto, true): All options with value 'TransferenciaDeMercancias' are selected in object 'Object Repository/Page_Create - KAIZEN/mi_select_concepto'  using regular expression

2020-03-04 11:28:04 - [MESSAGE][PASSED] - All options with value 'TransferenciaDeMercancias' are selected in object 'Object Repository/Page_Create - KAIZEN/mi_select_concepto'  using regular expression

2020-03-04 11:28:04 - [TEST_STEP][PASSED] - selectOptionByValue(findTestObject("Object Repository/Page_Create - KAIZEN/mi_select_motivo"), motivo, true): All options with value 'Fabricacion' are selected in object 'Object Repository/Page_Create - KAIZEN/mi_select_motivo'  using regular expression

2020-03-04 11:28:08 - [MESSAGE][PASSED] - All options with value 'Fabricacion' are selected in object 'Object Repository/Page_Create - KAIZEN/mi_select_motivo'  using regular expression

2020-03-04 11:28:08 - [TEST_STEP][PASSED] - click(findTestObject("Object Repository/Page_Create - KAIZEN/mi_select_buscar_Producto")): Object: 'Object Repository/Page_Create - KAIZEN/mi_select_buscar_Producto' is clicked on

2020-03-04 11:28:09 - [MESSAGE][PASSED] - Object: 'Object Repository/Page_Create - KAIZEN/mi_select_buscar_Producto' is clicked on

2020-03-04 11:28:09 - [TEST_STEP][PASSED] - setText(findTestObject("Object Repository/Page_Create - KAIZEN/mi_assing_producto"), codProducto): Text '2590-114-102' is set on object 'Object Repository/Page_Create - KAIZEN/mi_assing_producto'

2020-03-04 11:28:10 - [MESSAGE][PASSED] - Text '2590-114-102' is set on object 'Object Repository/Page_Create - KAIZEN/mi_assing_producto'

2020-03-04 11:28:10 - [TEST_STEP][PASSED] - sendKeys(findTestObject("Object Repository/Page_Create - KAIZEN/mi_assing_producto"), Keys.chord(ENTER)): Keys 'ENTER + ' sent to object: 'Object Repository/Page_Create - KAIZEN/mi_assing_producto'

2020-03-04 11:28:10 - [MESSAGE][PASSED] - Keys 'ENTER + ' sent to object: 'Object Repository/Page_Create - KAIZEN/mi_assing_producto'

2020-03-04 11:28:10 - [TEST_STEP][PASSED] - setText(findTestObject("Object Repository/Page_Create - KAIZEN/mi_assing_cantidad"), cantidadAMover): Text '1' is set on object 'Object Repository/Page_Create - KAIZEN/mi_assing_cantidad'

2020-03-04 11:28:11 - [MESSAGE][PASSED] - Text '1' is set on object 'Object Repository/Page_Create - KAIZEN/mi_assing_cantidad'

2020-03-04 11:28:11 - [TEST_STEP][PASSED] - sendKeys(findTestObject("Object Repository/Page_Create - KAIZEN/mi_assing_cantidad"), Keys.chord(ENTER)): Keys 'ENTER + ' sent to object: 'Object Repository/Page_Create - KAIZEN/mi_assing_cantidad'

2020-03-04 11:28:11 - [MESSAGE][PASSED] - Keys 'ENTER + ' sent to object: 'Object Repository/Page_Create - KAIZEN/mi_assing_cantidad'

2020-03-04 11:28:11 - [TEST_STEP][PASSED] - delay(5): Delayed 5 second(s)

2020-03-04 11:28:16 - [MESSAGE][PASSED] - Delayed 5 second(s)

2020-03-04 11:28:16 - [TEST_STEP][PASSED] - modal = executeJavaScript("return document.querySelector('.swal2-popup');", null): Execute JavaScript 'return document.querySelector('.swal2-popup');' successfully

2020-03-04 11:28:16 - [MESSAGE][PASSED] - Execute JavaScript 'return document.querySelector('.swal2-popup');' successfully

2020-03-04 11:28:16 - [TEST_STEP][PASSED] - if (modal == null): null

2020-03-04 11:28:16 - [TEST_STEP][PASSED] - else: Object 'Object Repository/Page_Index - KAIZEN/mi_btn_agregar' is present

2020-03-04 11:28:16 - [TEST_STEP][PASSED] - executeJavaScript("document.querySelector(".swal2-confirm").click();", null): Execute JavaScript 'document.querySelector(".swal2-confirm").click();' successfully

2020-03-04 11:28:16 - [MESSAGE][PASSED] - Execute JavaScript 'document.querySelector(".swal2-confirm").click();' successfully

2020-03-04 11:28:16 - [TEST_STEP][PASSED] - if (motivo == "EntradaPorFabricacion"): null

2020-03-04 11:28:16 - [TEST_STEP][PASSED] - else: Object 'Object Repository/Page_Index - KAIZEN/mi_btn_agregar' is present

2020-03-04 11:28:16 - [TEST_STEP][PASSED] - selectOptionByValue(findTestObject("Object Repository/Page_Create - KAIZEN/mi_assing_almacen1"), IdAlmacen1, true): All options with value '1' are selected in object 'Object Repository/Page_Create - KAIZEN/mi_assing_almacen1'  using regular expression

2020-03-04 11:28:19 - [MESSAGE][PASSED] - All options with value '1' are selected in object 'Object Repository/Page_Create - KAIZEN/mi_assing_almacen1'  using regular expression

2020-03-04 11:28:19 - [TEST_STEP][PASSED] - if (concepto == "TransferenciaDeMercancias"): Object 'Object Repository/Page_Index - KAIZEN/mi_btn_agregar' is present

2020-03-04 11:28:19 - [TEST_STEP][PASSED] - selectOptionByValue(findTestObject("Object Repository/Page_Create - KAIZEN/mi_assing_almacen2"), IdAlmacen2, true): All options with value '6' are selected in object 'Object Repository/Page_Create - KAIZEN/mi_assing_almacen2'  using regular expression

2020-03-04 11:28:20 - [MESSAGE][PASSED] - All options with value '6' are selected in object 'Object Repository/Page_Create - KAIZEN/mi_assing_almacen2'  using regular expression

2020-03-04 11:28:20 - [TEST_STEP][PASSED] - click(findTestObject("Object Repository/Page_Create - KAIZEN/mi_btn_Guardar")): Object: 'Object Repository/Page_Create - KAIZEN/mi_btn_Guardar' is clicked on

2020-03-04 11:28:24 - [MESSAGE][PASSED] - Object: 'Object Repository/Page_Create - KAIZEN/mi_btn_Guardar' is clicked on

2020-03-04 11:28:24 - [TEST_STEP][PASSED] - verifyElementPresent(findTestObject("Object Repository/Page_Index - KAIZEN/mi_btn_agregar"), 5): Object 'Object Repository/Page_Index - KAIZEN/mi_btn_agregar' is present

2020-03-04 11:28:25 - [MESSAGE][PASSED] - Object 'Object Repository/Page_Index - KAIZEN/mi_btn_agregar' is present

2020-03-04 11:28:25 - [TEST_STEP][PASSED] - delay(5): Delayed 5 second(s)

2020-03-04 11:28:30 - [MESSAGE][PASSED] - Delayed 5 second(s)

2020-03-04 11:28:30 - [TEST_STEP][PASSED] - exportar_archivos.logInventario.reporteInv(concepto, motivo, IdProducto, codProducto, Producto, IdGrupo, Existencia, IdAlmacen1, cantidadActual1, IdAlmacen2, cantidadActual2, cantidad): exportar_archivos.logInventario.reporteInv is PASSED

2020-03-04 11:28:30 - [MESSAGE][PASSED] - exportar_archivos.logInventario.reporteInv is PASSED

2020-03-04 11:28:30 - [MESSAGE][PASSED] - Call Test Case 'Test Cases/Individual_Tests/Movimientos_Inventario' successfully

2020-03-04 11:28:30 - [TEST_STEP][PASSED] - callTestCase(findTestCase("Individual_Tests/Login"), ["Evento":"MovimientoDeInventario", "Index":Index, "Usuario":"", "Contrasena":""], STOP_ON_FAILURE): Call Test Case 'Test Cases/Individual_Tests/Login' successfully

2020-03-04 11:28:30 - [TEST_CASE][PASSED] - Test Cases/Individual_Tests/Login: Test Cases/Individual_Tests/Login

2020-03-04 11:28:30 - [TEST_STEP][PASSED] - print("Evento Seleccionado: " + Evento + "
"): null

2020-03-04 11:28:30 - [TEST_STEP][PASSED] - openBrowser(Web): Browser is opened with url: 'http://test.kaizendev.net/Login/Accesar?salir=true'

2020-03-04 11:28:30 - [MESSAGE][WARNING] - A browser is already opened. Closing browser and opening a new one

2020-03-04 11:28:31 - [MESSAGE][INFO] - Starting 'Chrome' driver

2020-03-04 11:29:26 - [MESSAGE][PASSED] - Browser is opened with url: 'http://test.kaizendev.net/Login/Accesar?salir=true'

2020-03-04 11:29:26 - [TEST_STEP][PASSED] - maximizeWindow(): Current window maximized

2020-03-04 11:29:27 - [MESSAGE][PASSED] - Current window maximized

2020-03-04 11:29:27 - [TEST_STEP][PASSED] - if (Evento == "Crear20"): null

2020-03-04 11:29:27 - [TEST_STEP][PASSED] - else if (Evento == "Crear40"): null

2020-03-04 11:29:27 - [TEST_STEP][PASSED] - else if (Evento == "Aprobar"): null

2020-03-04 11:29:27 - [TEST_STEP][PASSED] - else if (Evento == "Logistica"): null

2020-03-04 11:29:27 - [TEST_STEP][PASSED] - else if (Evento == "Produccion"): null

2020-03-04 11:29:27 - [TEST_STEP][PASSED] - else if (Evento == "Inventario"): null

2020-03-04 11:29:27 - [TEST_STEP][PASSED] - else if (Evento == "Despacho"): null

2020-03-04 11:29:27 - [TEST_STEP][PASSED] - else if (Evento == "ProductoAlmacen"): null

2020-03-04 11:29:27 - [TEST_STEP][PASSED] - else if (Evento == "MovimientoDeInventario"): Object: 'Object Repository/Page_Iniciar Sesion - KAIZEN/is_btn_ingresar_sistema' is clicked on

2020-03-04 11:29:27 - [TEST_STEP][PASSED] - data8 = obtener_excels.obtener_mov_inventario.getValuesExcelMovInventario(Index): obtener_excels.obtener_mov_inventario.getValuesExcelMovInventario is PASSED

2020-03-04 11:29:27 - [MESSAGE][PASSED] - obtener_excels.obtener_mov_inventario.getValuesExcelMovInventario is PASSED

2020-03-04 11:29:27 - [TEST_STEP][PASSED] - Usuario = data8[1]: null

2020-03-04 11:29:27 - [TEST_STEP][PASSED] - Contrasena = data8[2]: null

2020-03-04 11:29:27 - [TEST_STEP][PASSED] - setText(findTestObject("Page_Iniciar Sesion - KAIZEN/is_input_email"), Usuario): Text 'automated.test@grupokaizen.net' is set on object 'Object Repository/Page_Iniciar Sesion - KAIZEN/is_input_email'

2020-03-04 11:29:28 - [MESSAGE][PASSED] - Text 'automated.test@grupokaizen.net' is set on object 'Object Repository/Page_Iniciar Sesion - KAIZEN/is_input_email'

2020-03-04 11:29:28 - [TEST_STEP][PASSED] - setEncryptedText(findTestObject("Page_Iniciar Sesion - KAIZEN/IS_input_contrasena"), Contrasena): Text ****** has been set on object 'Object Repository/Page_Iniciar Sesion - KAIZEN/IS_input_contrasena'

2020-03-04 11:29:28 - [MESSAGE][PASSED] - Text ****** has been set on object 'Object Repository/Page_Iniciar Sesion - KAIZEN/IS_input_contrasena'

2020-03-04 11:29:28 - [TEST_STEP][PASSED] - click(findTestObject("Page_Iniciar Sesion - KAIZEN/is_btn_ingresar_sistema")): Object: 'Object Repository/Page_Iniciar Sesion - KAIZEN/is_btn_ingresar_sistema' is clicked on

2020-03-04 11:29:59 - [MESSAGE][PASSED] - Object: 'Object Repository/Page_Iniciar Sesion - KAIZEN/is_btn_ingresar_sistema' is clicked on

2020-03-04 11:29:59 - [MESSAGE][PASSED] - Call Test Case 'Test Cases/Individual_Tests/Login' successfully

2020-03-04 11:29:59 - [TEST_STEP][PASSED] - callTestCase(findTestCase("Individual_Tests/Seleccionar_Idioma"), ["Evento":"MovimientoDeInventario", "Index":Index], STOP_ON_FAILURE): Call Test Case 'Test Cases/Individual_Tests/Seleccionar_Idioma' successfully

2020-03-04 11:29:59 - [TEST_CASE][PASSED] - Test Cases/Individual_Tests/Seleccionar_Idioma: Test Cases/Individual_Tests/Seleccionar_Idioma

2020-03-04 11:29:59 - [TEST_STEP][PASSED] - Idioma = 0: null

2020-03-04 11:29:59 - [TEST_STEP][PASSED] - if (Evento == "Crear20"): null

2020-03-04 11:29:59 - [TEST_STEP][PASSED] - else if (Evento == "Crear40"): null

2020-03-04 11:29:59 - [TEST_STEP][PASSED] - else if (Evento == "Aprobar"): null

2020-03-04 11:29:59 - [TEST_STEP][PASSED] - else if (Evento == "Logistica"): null

2020-03-04 11:29:59 - [TEST_STEP][PASSED] - else if (Evento == "Produccion"): null

2020-03-04 11:29:59 - [TEST_STEP][PASSED] - else if (Evento == "Inventario"): null

2020-03-04 11:29:59 - [TEST_STEP][PASSED] - else if (Evento == "Despacho"): null

2020-03-04 11:29:59 - [TEST_STEP][PASSED] - else if (Evento == "ProductoAlmacen"): null

2020-03-04 11:29:59 - [TEST_STEP][PASSED] - else if (Evento == "MovimientoDeInventario"): null

2020-03-04 11:29:59 - [TEST_STEP][PASSED] - data7 = obtener_excels.obtener_mov_inventario.getValuesExcelMovInventario(Index): obtener_excels.obtener_mov_inventario.getValuesExcelMovInventario is PASSED

2020-03-04 11:29:59 - [MESSAGE][PASSED] - obtener_excels.obtener_mov_inventario.getValuesExcelMovInventario is PASSED

2020-03-04 11:29:59 - [TEST_STEP][PASSED] - Idioma = data7[0]: null

2020-03-04 11:29:59 - [TEST_STEP][PASSED] - click(findTestObject("Page_- KAIZEN/si_btn_idioma")): Object: 'Object Repository/Page_- KAIZEN/si_btn_idioma' is clicked on

2020-03-04 11:30:29 - [MESSAGE][PASSED] - Object: 'Object Repository/Page_- KAIZEN/si_btn_idioma' is clicked on

2020-03-04 11:30:29 - [TEST_STEP][PASSED] - if (Idioma == "0"): null

2020-03-04 11:30:29 - [TEST_STEP][PASSED] - else: Object: 'Object Repository/Page_- KAIZEN/si_Spanish' is clicked on

2020-03-04 11:30:29 - [TEST_STEP][PASSED] - click(findTestObject("Page_- KAIZEN/si_Spanish")): Object: 'Object Repository/Page_- KAIZEN/si_Spanish' is clicked on

2020-03-04 11:31:01 - [MESSAGE][PASSED] - Object: 'Object Repository/Page_- KAIZEN/si_Spanish' is clicked on

2020-03-04 11:31:01 - [MESSAGE][PASSED] - Call Test Case 'Test Cases/Individual_Tests/Seleccionar_Idioma' successfully

2020-03-04 11:31:01 - [TEST_STEP][PASSED] - callTestCase(findTestCase("Individual_Tests/Movimientos_Inventario"), ["Index":Index], STOP_ON_FAILURE): Call Test Case 'Test Cases/Individual_Tests/Movimientos_Inventario' successfully

2020-03-04 11:31:01 - [TEST_CASE][PASSED] - Test Cases/Individual_Tests/Movimientos_Inventario: Test Cases/Individual_Tests/Movimientos_Inventario

2020-03-04 11:31:01 - [TEST_STEP][PASSED] - data = obtener_excels.obtener_mov_inventario.getValuesExcelMovInventario(Index): obtener_excels.obtener_mov_inventario.getValuesExcelMovInventario is PASSED

2020-03-04 11:31:01 - [MESSAGE][PASSED] - obtener_excels.obtener_mov_inventario.getValuesExcelMovInventario is PASSED

2020-03-04 11:31:01 - [TEST_STEP][PASSED] - concepto = data[3]: null

2020-03-04 11:31:01 - [TEST_STEP][PASSED] - motivo = data[4]: null

2020-03-04 11:31:01 - [TEST_STEP][PASSED] - IdProducto = data[14]: null

2020-03-04 11:31:01 - [TEST_STEP][PASSED] - Existencia = data[8]: null

2020-03-04 11:31:01 - [TEST_STEP][PASSED] - cantidadActual1 = data[10]: null

2020-03-04 11:31:01 - [TEST_STEP][PASSED] - cantidadActual2 = data[12]: null

2020-03-04 11:31:01 - [TEST_STEP][PASSED] - codProducto = data[5]: null

2020-03-04 11:31:01 - [TEST_STEP][PASSED] - IdGrupo = data[6]: null

2020-03-04 11:31:01 - [TEST_STEP][PASSED] - Producto = data[7]: null

2020-03-04 11:31:01 - [TEST_STEP][PASSED] - IdAlmacen1 = data[9]: null

2020-03-04 11:31:01 - [TEST_STEP][PASSED] - IdAlmacen2 = data[11]: null

2020-03-04 11:31:01 - [TEST_STEP][PASSED] - cantidadAMover = data[13]: null

2020-03-04 11:31:01 - [TEST_STEP][PASSED] - cantidad = data[13]: null

2020-03-04 11:31:01 - [TEST_STEP][PASSED] - rand = new java.util.Random(): null

2020-03-04 11:31:01 - [TEST_STEP][PASSED] - nuevacantidad = 0: null

2020-03-04 11:31:01 - [TEST_STEP][PASSED] - if (concepto == "TransferenciaDeMercancias" & cantidad == "0"): null

2020-03-04 11:31:01 - [TEST_STEP][PASSED] - concepto = data[3]: null

2020-03-04 11:31:01 - [TEST_STEP][PASSED] - motivo = data[4]: null

2020-03-04 11:31:01 - [TEST_STEP][PASSED] - click(findTestObject("Object Repository/Page_- KAIZEN/mi_menu_Inventario")): Object: 'Object Repository/Page_- KAIZEN/mi_menu_Inventario' is clicked on

2020-03-04 11:31:02 - [MESSAGE][PASSED] - Object: 'Object Repository/Page_- KAIZEN/mi_menu_Inventario' is clicked on

2020-03-04 11:31:02 - [TEST_STEP][PASSED] - click(findTestObject("Object Repository/Page_- KAIZEN/mi_menu_Movimientos")): Object: 'Object Repository/Page_- KAIZEN/mi_menu_Movimientos' is clicked on

2020-03-04 11:31:05 - [MESSAGE][PASSED] - Object: 'Object Repository/Page_- KAIZEN/mi_menu_Movimientos' is clicked on

2020-03-04 11:31:05 - [TEST_STEP][PASSED] - click(findTestObject("Object Repository/Page_Index - KAIZEN/mi_btn_agregar")): Object: 'Object Repository/Page_Index - KAIZEN/mi_btn_agregar' is clicked on

2020-03-04 11:31:10 - [MESSAGE][PASSED] - Object: 'Object Repository/Page_Index - KAIZEN/mi_btn_agregar' is clicked on

2020-03-04 11:31:10 - [TEST_STEP][PASSED] - selectOptionByValue(findTestObject("Object Repository/Page_Create - KAIZEN/mi_select_concepto"), concepto, true): All options with value 'TransferenciaDeMercancias' are selected in object 'Object Repository/Page_Create - KAIZEN/mi_select_concepto'  using regular expression

2020-03-04 11:31:12 - [MESSAGE][PASSED] - All options with value 'TransferenciaDeMercancias' are selected in object 'Object Repository/Page_Create - KAIZEN/mi_select_concepto'  using regular expression

2020-03-04 11:31:12 - [TEST_STEP][PASSED] - selectOptionByValue(findTestObject("Object Repository/Page_Create - KAIZEN/mi_select_motivo"), motivo, true): All options with value 'Fabricacion' are selected in object 'Object Repository/Page_Create - KAIZEN/mi_select_motivo'  using regular expression

2020-03-04 11:31:13 - [MESSAGE][PASSED] - All options with value 'Fabricacion' are selected in object 'Object Repository/Page_Create - KAIZEN/mi_select_motivo'  using regular expression

2020-03-04 11:31:13 - [TEST_STEP][PASSED] - click(findTestObject("Object Repository/Page_Create - KAIZEN/mi_select_buscar_Producto")): Object: 'Object Repository/Page_Create - KAIZEN/mi_select_buscar_Producto' is clicked on

2020-03-04 11:31:14 - [MESSAGE][PASSED] - Object: 'Object Repository/Page_Create - KAIZEN/mi_select_buscar_Producto' is clicked on

2020-03-04 11:31:14 - [TEST_STEP][PASSED] - setText(findTestObject("Object Repository/Page_Create - KAIZEN/mi_assing_producto"), codProducto): Text '2590-114-102' is set on object 'Object Repository/Page_Create - KAIZEN/mi_assing_producto'

2020-03-04 11:31:15 - [MESSAGE][PASSED] - Text '2590-114-102' is set on object 'Object Repository/Page_Create - KAIZEN/mi_assing_producto'

2020-03-04 11:31:15 - [TEST_STEP][PASSED] - sendKeys(findTestObject("Object Repository/Page_Create - KAIZEN/mi_assing_producto"), Keys.chord(ENTER)): Keys 'ENTER + ' sent to object: 'Object Repository/Page_Create - KAIZEN/mi_assing_producto'

2020-03-04 11:31:15 - [MESSAGE][PASSED] - Keys 'ENTER + ' sent to object: 'Object Repository/Page_Create - KAIZEN/mi_assing_producto'

2020-03-04 11:31:15 - [TEST_STEP][PASSED] - setText(findTestObject("Object Repository/Page_Create - KAIZEN/mi_assing_cantidad"), cantidadAMover): Text '15' is set on object 'Object Repository/Page_Create - KAIZEN/mi_assing_cantidad'

2020-03-04 11:31:16 - [MESSAGE][PASSED] - Text '15' is set on object 'Object Repository/Page_Create - KAIZEN/mi_assing_cantidad'

2020-03-04 11:31:16 - [TEST_STEP][PASSED] - sendKeys(findTestObject("Object Repository/Page_Create - KAIZEN/mi_assing_cantidad"), Keys.chord(ENTER)): Keys 'ENTER + ' sent to object: 'Object Repository/Page_Create - KAIZEN/mi_assing_cantidad'

2020-03-04 11:31:16 - [MESSAGE][PASSED] - Keys 'ENTER + ' sent to object: 'Object Repository/Page_Create - KAIZEN/mi_assing_cantidad'

2020-03-04 11:31:16 - [TEST_STEP][PASSED] - delay(5): Delayed 5 second(s)

2020-03-04 11:31:21 - [MESSAGE][PASSED] - Delayed 5 second(s)

2020-03-04 11:31:21 - [TEST_STEP][PASSED] - modal = executeJavaScript("return document.querySelector('.swal2-popup');", null): Execute JavaScript 'return document.querySelector('.swal2-popup');' successfully

2020-03-04 11:31:21 - [MESSAGE][PASSED] - Execute JavaScript 'return document.querySelector('.swal2-popup');' successfully

2020-03-04 11:31:21 - [TEST_STEP][PASSED] - if (modal == null): null

2020-03-04 11:31:21 - [TEST_STEP][PASSED] - else: Object 'Object Repository/Page_Index - KAIZEN/mi_btn_agregar' is present

2020-03-04 11:31:21 - [TEST_STEP][PASSED] - executeJavaScript("document.querySelector(".swal2-confirm").click();", null): Execute JavaScript 'document.querySelector(".swal2-confirm").click();' successfully

2020-03-04 11:31:21 - [MESSAGE][PASSED] - Execute JavaScript 'document.querySelector(".swal2-confirm").click();' successfully

2020-03-04 11:31:21 - [TEST_STEP][PASSED] - if (motivo == "EntradaPorFabricacion"): null

2020-03-04 11:31:21 - [TEST_STEP][PASSED] - else: Object 'Object Repository/Page_Index - KAIZEN/mi_btn_agregar' is present

2020-03-04 11:31:21 - [TEST_STEP][PASSED] - selectOptionByValue(findTestObject("Object Repository/Page_Create - KAIZEN/mi_assing_almacen1"), IdAlmacen1, true): All options with value '6' are selected in object 'Object Repository/Page_Create - KAIZEN/mi_assing_almacen1'  using regular expression

2020-03-04 11:31:26 - [MESSAGE][PASSED] - All options with value '6' are selected in object 'Object Repository/Page_Create - KAIZEN/mi_assing_almacen1'  using regular expression

2020-03-04 11:31:26 - [TEST_STEP][PASSED] - if (concepto == "TransferenciaDeMercancias"): Object 'Object Repository/Page_Index - KAIZEN/mi_btn_agregar' is present

2020-03-04 11:31:26 - [TEST_STEP][PASSED] - selectOptionByValue(findTestObject("Object Repository/Page_Create - KAIZEN/mi_assing_almacen2"), IdAlmacen2, true): All options with value '1' are selected in object 'Object Repository/Page_Create - KAIZEN/mi_assing_almacen2'  using regular expression

2020-03-04 11:31:27 - [MESSAGE][PASSED] - All options with value '1' are selected in object 'Object Repository/Page_Create - KAIZEN/mi_assing_almacen2'  using regular expression

2020-03-04 11:31:27 - [TEST_STEP][PASSED] - click(findTestObject("Object Repository/Page_Create - KAIZEN/mi_btn_Guardar")): Object: 'Object Repository/Page_Create - KAIZEN/mi_btn_Guardar' is clicked on

2020-03-04 11:31:32 - [MESSAGE][PASSED] - Object: 'Object Repository/Page_Create - KAIZEN/mi_btn_Guardar' is clicked on

2020-03-04 11:31:32 - [TEST_STEP][PASSED] - verifyElementPresent(findTestObject("Object Repository/Page_Index - KAIZEN/mi_btn_agregar"), 5): Object 'Object Repository/Page_Index - KAIZEN/mi_btn_agregar' is present

2020-03-04 11:31:33 - [MESSAGE][PASSED] - Object 'Object Repository/Page_Index - KAIZEN/mi_btn_agregar' is present

2020-03-04 11:31:33 - [TEST_STEP][PASSED] - delay(5): Delayed 5 second(s)

2020-03-04 11:31:38 - [MESSAGE][PASSED] - Delayed 5 second(s)

2020-03-04 11:31:38 - [TEST_STEP][PASSED] - exportar_archivos.logInventario.reporteInv(concepto, motivo, IdProducto, codProducto, Producto, IdGrupo, Existencia, IdAlmacen1, cantidadActual1, IdAlmacen2, cantidadActual2, cantidad): exportar_archivos.logInventario.reporteInv is PASSED

2020-03-04 11:31:38 - [MESSAGE][PASSED] - exportar_archivos.logInventario.reporteInv is PASSED

2020-03-04 11:31:38 - [MESSAGE][PASSED] - Call Test Case 'Test Cases/Individual_Tests/Movimientos_Inventario' successfully

2020-03-04 11:31:38 - [TEST_STEP][PASSED] - callTestCase(findTestCase("Individual_Tests/Login"), ["Evento":"MovimientoDeInventario", "Index":Index, "Usuario":"", "Contrasena":""], STOP_ON_FAILURE): Call Test Case 'Test Cases/Individual_Tests/Login' successfully

2020-03-04 11:31:38 - [TEST_CASE][PASSED] - Test Cases/Individual_Tests/Login: Test Cases/Individual_Tests/Login

2020-03-04 11:31:38 - [TEST_STEP][PASSED] - print("Evento Seleccionado: " + Evento + "
"): null

2020-03-04 11:31:38 - [TEST_STEP][PASSED] - openBrowser(Web): Browser is opened with url: 'http://test.kaizendev.net/Login/Accesar?salir=true'

2020-03-04 11:31:38 - [MESSAGE][WARNING] - A browser is already opened. Closing browser and opening a new one

2020-03-04 11:31:39 - [MESSAGE][INFO] - Starting 'Chrome' driver

2020-03-04 11:32:44 - [MESSAGE][PASSED] - Browser is opened with url: 'http://test.kaizendev.net/Login/Accesar?salir=true'

2020-03-04 11:32:44 - [TEST_STEP][PASSED] - maximizeWindow(): Current window maximized

2020-03-04 11:32:45 - [MESSAGE][PASSED] - Current window maximized

2020-03-04 11:32:45 - [TEST_STEP][PASSED] - if (Evento == "Crear20"): null

2020-03-04 11:32:45 - [TEST_STEP][PASSED] - else if (Evento == "Crear40"): null

2020-03-04 11:32:45 - [TEST_STEP][PASSED] - else if (Evento == "Aprobar"): null

2020-03-04 11:32:45 - [TEST_STEP][PASSED] - else if (Evento == "Logistica"): null

2020-03-04 11:32:45 - [TEST_STEP][PASSED] - else if (Evento == "Produccion"): null

2020-03-04 11:32:45 - [TEST_STEP][PASSED] - else if (Evento == "Inventario"): null

2020-03-04 11:32:45 - [TEST_STEP][PASSED] - else if (Evento == "Despacho"): null

2020-03-04 11:32:45 - [TEST_STEP][PASSED] - else if (Evento == "ProductoAlmacen"): null

2020-03-04 11:32:45 - [TEST_STEP][PASSED] - else if (Evento == "MovimientoDeInventario"): Object: 'Object Repository/Page_Iniciar Sesion - KAIZEN/is_btn_ingresar_sistema' is clicked on

2020-03-04 11:32:45 - [TEST_STEP][PASSED] - data8 = obtener_excels.obtener_mov_inventario.getValuesExcelMovInventario(Index): obtener_excels.obtener_mov_inventario.getValuesExcelMovInventario is PASSED

2020-03-04 11:32:45 - [MESSAGE][PASSED] - obtener_excels.obtener_mov_inventario.getValuesExcelMovInventario is PASSED

2020-03-04 11:32:45 - [TEST_STEP][PASSED] - Usuario = data8[1]: null

2020-03-04 11:32:45 - [TEST_STEP][PASSED] - Contrasena = data8[2]: null

2020-03-04 11:32:45 - [TEST_STEP][PASSED] - setText(findTestObject("Page_Iniciar Sesion - KAIZEN/is_input_email"), Usuario): Text 'automated.test@grupokaizen.net' is set on object 'Object Repository/Page_Iniciar Sesion - KAIZEN/is_input_email'

2020-03-04 11:32:46 - [MESSAGE][PASSED] - Text 'automated.test@grupokaizen.net' is set on object 'Object Repository/Page_Iniciar Sesion - KAIZEN/is_input_email'

2020-03-04 11:32:46 - [TEST_STEP][PASSED] - setEncryptedText(findTestObject("Page_Iniciar Sesion - KAIZEN/IS_input_contrasena"), Contrasena): Text ****** has been set on object 'Object Repository/Page_Iniciar Sesion - KAIZEN/IS_input_contrasena'

2020-03-04 11:32:46 - [MESSAGE][PASSED] - Text ****** has been set on object 'Object Repository/Page_Iniciar Sesion - KAIZEN/IS_input_contrasena'

2020-03-04 11:32:46 - [TEST_STEP][PASSED] - click(findTestObject("Page_Iniciar Sesion - KAIZEN/is_btn_ingresar_sistema")): Object: 'Object Repository/Page_Iniciar Sesion - KAIZEN/is_btn_ingresar_sistema' is clicked on

2020-03-04 11:32:50 - [MESSAGE][PASSED] - Object: 'Object Repository/Page_Iniciar Sesion - KAIZEN/is_btn_ingresar_sistema' is clicked on

2020-03-04 11:32:50 - [MESSAGE][PASSED] - Call Test Case 'Test Cases/Individual_Tests/Login' successfully

2020-03-04 11:32:50 - [TEST_STEP][PASSED] - callTestCase(findTestCase("Individual_Tests/Seleccionar_Idioma"), ["Evento":"MovimientoDeInventario", "Index":Index], STOP_ON_FAILURE): Call Test Case 'Test Cases/Individual_Tests/Seleccionar_Idioma' successfully

2020-03-04 11:32:50 - [TEST_CASE][PASSED] - Test Cases/Individual_Tests/Seleccionar_Idioma: Test Cases/Individual_Tests/Seleccionar_Idioma

2020-03-04 11:32:50 - [TEST_STEP][PASSED] - Idioma = 0: null

2020-03-04 11:32:50 - [TEST_STEP][PASSED] - if (Evento == "Crear20"): null

2020-03-04 11:32:50 - [TEST_STEP][PASSED] - else if (Evento == "Crear40"): null

2020-03-04 11:32:50 - [TEST_STEP][PASSED] - else if (Evento == "Aprobar"): null

2020-03-04 11:32:50 - [TEST_STEP][PASSED] - else if (Evento == "Logistica"): null

2020-03-04 11:32:50 - [TEST_STEP][PASSED] - else if (Evento == "Produccion"): null

2020-03-04 11:32:50 - [TEST_STEP][PASSED] - else if (Evento == "Inventario"): null

2020-03-04 11:32:50 - [TEST_STEP][PASSED] - else if (Evento == "Despacho"): null

2020-03-04 11:32:50 - [TEST_STEP][PASSED] - else if (Evento == "ProductoAlmacen"): null

2020-03-04 11:32:50 - [TEST_STEP][PASSED] - else if (Evento == "MovimientoDeInventario"): null

2020-03-04 11:32:50 - [TEST_STEP][PASSED] - data7 = obtener_excels.obtener_mov_inventario.getValuesExcelMovInventario(Index): obtener_excels.obtener_mov_inventario.getValuesExcelMovInventario is PASSED

2020-03-04 11:32:50 - [MESSAGE][PASSED] - obtener_excels.obtener_mov_inventario.getValuesExcelMovInventario is PASSED

2020-03-04 11:32:50 - [TEST_STEP][PASSED] - Idioma = data7[0]: null

2020-03-04 11:32:50 - [TEST_STEP][PASSED] - click(findTestObject("Page_- KAIZEN/si_btn_idioma")): Object: 'Object Repository/Page_- KAIZEN/si_btn_idioma' is clicked on

2020-03-04 11:32:50 - [MESSAGE][PASSED] - Object: 'Object Repository/Page_- KAIZEN/si_btn_idioma' is clicked on

2020-03-04 11:32:50 - [TEST_STEP][PASSED] - if (Idioma == "0"): null

2020-03-04 11:32:50 - [TEST_STEP][PASSED] - else: Object: 'Object Repository/Page_- KAIZEN/si_Spanish' is clicked on

2020-03-04 11:32:50 - [TEST_STEP][PASSED] - click(findTestObject("Page_- KAIZEN/si_Spanish")): Object: 'Object Repository/Page_- KAIZEN/si_Spanish' is clicked on

2020-03-04 11:32:52 - [MESSAGE][PASSED] - Object: 'Object Repository/Page_- KAIZEN/si_Spanish' is clicked on

2020-03-04 11:32:52 - [MESSAGE][PASSED] - Call Test Case 'Test Cases/Individual_Tests/Seleccionar_Idioma' successfully

2020-03-04 11:32:52 - [TEST_STEP][PASSED] - callTestCase(findTestCase("Individual_Tests/Movimientos_Inventario"), ["Index":Index], STOP_ON_FAILURE): Call Test Case 'Test Cases/Individual_Tests/Movimientos_Inventario' successfully

2020-03-04 11:32:52 - [TEST_CASE][PASSED] - Test Cases/Individual_Tests/Movimientos_Inventario: Test Cases/Individual_Tests/Movimientos_Inventario

2020-03-04 11:32:52 - [TEST_STEP][PASSED] - data = obtener_excels.obtener_mov_inventario.getValuesExcelMovInventario(Index): obtener_excels.obtener_mov_inventario.getValuesExcelMovInventario is PASSED

2020-03-04 11:32:52 - [MESSAGE][PASSED] - obtener_excels.obtener_mov_inventario.getValuesExcelMovInventario is PASSED

2020-03-04 11:32:52 - [TEST_STEP][PASSED] - concepto = data[3]: null

2020-03-04 11:32:52 - [TEST_STEP][PASSED] - motivo = data[4]: null

2020-03-04 11:32:52 - [TEST_STEP][PASSED] - IdProducto = data[14]: null

2020-03-04 11:32:52 - [TEST_STEP][PASSED] - Existencia = data[8]: null

2020-03-04 11:32:52 - [TEST_STEP][PASSED] - cantidadActual1 = data[10]: null

2020-03-04 11:32:52 - [TEST_STEP][PASSED] - cantidadActual2 = data[12]: null

2020-03-04 11:32:52 - [TEST_STEP][PASSED] - codProducto = data[5]: null

2020-03-04 11:32:52 - [TEST_STEP][PASSED] - IdGrupo = data[6]: null

2020-03-04 11:32:52 - [TEST_STEP][PASSED] - Producto = data[7]: null

2020-03-04 11:32:52 - [TEST_STEP][PASSED] - IdAlmacen1 = data[9]: null

2020-03-04 11:32:52 - [TEST_STEP][PASSED] - IdAlmacen2 = data[11]: null

2020-03-04 11:32:52 - [TEST_STEP][PASSED] - cantidadAMover = data[13]: null

2020-03-04 11:32:52 - [TEST_STEP][PASSED] - cantidad = data[13]: null

2020-03-04 11:32:52 - [TEST_STEP][PASSED] - rand = new java.util.Random(): null

2020-03-04 11:32:52 - [TEST_STEP][PASSED] - nuevacantidad = 0: null

2020-03-04 11:32:52 - [TEST_STEP][PASSED] - if (concepto == "TransferenciaDeMercancias" & cantidad == "0"): null

2020-03-04 11:32:52 - [TEST_STEP][PASSED] - concepto = data[3]: null

2020-03-04 11:32:52 - [TEST_STEP][PASSED] - motivo = data[4]: null

2020-03-04 11:32:52 - [TEST_STEP][PASSED] - click(findTestObject("Object Repository/Page_- KAIZEN/mi_menu_Inventario")): Object: 'Object Repository/Page_- KAIZEN/mi_menu_Inventario' is clicked on

2020-03-04 11:32:53 - [MESSAGE][PASSED] - Object: 'Object Repository/Page_- KAIZEN/mi_menu_Inventario' is clicked on

2020-03-04 11:32:53 - [TEST_STEP][PASSED] - click(findTestObject("Object Repository/Page_- KAIZEN/mi_menu_Movimientos")): Object: 'Object Repository/Page_- KAIZEN/mi_menu_Movimientos' is clicked on

2020-03-04 11:32:55 - [MESSAGE][PASSED] - Object: 'Object Repository/Page_- KAIZEN/mi_menu_Movimientos' is clicked on

2020-03-04 11:32:55 - [TEST_STEP][PASSED] - click(findTestObject("Object Repository/Page_Index - KAIZEN/mi_btn_agregar")): Object: 'Object Repository/Page_Index - KAIZEN/mi_btn_agregar' is clicked on

2020-03-04 11:32:59 - [MESSAGE][PASSED] - Object: 'Object Repository/Page_Index - KAIZEN/mi_btn_agregar' is clicked on

2020-03-04 11:32:59 - [TEST_STEP][PASSED] - selectOptionByValue(findTestObject("Object Repository/Page_Create - KAIZEN/mi_select_concepto"), concepto, true): All options with value 'SalidaDeMercancias' are selected in object 'Object Repository/Page_Create - KAIZEN/mi_select_concepto'  using regular expression

2020-03-04 11:33:01 - [MESSAGE][PASSED] - All options with value 'SalidaDeMercancias' are selected in object 'Object Repository/Page_Create - KAIZEN/mi_select_concepto'  using regular expression

2020-03-04 11:33:01 - [TEST_STEP][PASSED] - selectOptionByValue(findTestObject("Object Repository/Page_Create - KAIZEN/mi_select_motivo"), motivo, true): All options with value 'DevolucionProductoCompra' are selected in object 'Object Repository/Page_Create - KAIZEN/mi_select_motivo'  using regular expression

2020-03-04 11:33:02 - [MESSAGE][PASSED] - All options with value 'DevolucionProductoCompra' are selected in object 'Object Repository/Page_Create - KAIZEN/mi_select_motivo'  using regular expression

2020-03-04 11:33:02 - [TEST_STEP][PASSED] - click(findTestObject("Object Repository/Page_Create - KAIZEN/mi_select_buscar_Producto")): Object: 'Object Repository/Page_Create - KAIZEN/mi_select_buscar_Producto' is clicked on

2020-03-04 11:33:03 - [MESSAGE][PASSED] - Object: 'Object Repository/Page_Create - KAIZEN/mi_select_buscar_Producto' is clicked on

2020-03-04 11:33:03 - [TEST_STEP][PASSED] - setText(findTestObject("Object Repository/Page_Create - KAIZEN/mi_assing_producto"), codProducto): Text '1500-440-055' is set on object 'Object Repository/Page_Create - KAIZEN/mi_assing_producto'

2020-03-04 11:33:04 - [MESSAGE][PASSED] - Text '1500-440-055' is set on object 'Object Repository/Page_Create - KAIZEN/mi_assing_producto'

2020-03-04 11:33:04 - [TEST_STEP][PASSED] - sendKeys(findTestObject("Object Repository/Page_Create - KAIZEN/mi_assing_producto"), Keys.chord(ENTER)): Keys 'ENTER + ' sent to object: 'Object Repository/Page_Create - KAIZEN/mi_assing_producto'

2020-03-04 11:33:04 - [MESSAGE][PASSED] - Keys 'ENTER + ' sent to object: 'Object Repository/Page_Create - KAIZEN/mi_assing_producto'

2020-03-04 11:33:04 - [TEST_STEP][PASSED] - setText(findTestObject("Object Repository/Page_Create - KAIZEN/mi_assing_cantidad"), cantidadAMover): Text '97' is set on object 'Object Repository/Page_Create - KAIZEN/mi_assing_cantidad'

2020-03-04 11:33:05 - [MESSAGE][PASSED] - Text '97' is set on object 'Object Repository/Page_Create - KAIZEN/mi_assing_cantidad'

2020-03-04 11:33:05 - [TEST_STEP][PASSED] - sendKeys(findTestObject("Object Repository/Page_Create - KAIZEN/mi_assing_cantidad"), Keys.chord(ENTER)): Keys 'ENTER + ' sent to object: 'Object Repository/Page_Create - KAIZEN/mi_assing_cantidad'

2020-03-04 11:33:05 - [MESSAGE][PASSED] - Keys 'ENTER + ' sent to object: 'Object Repository/Page_Create - KAIZEN/mi_assing_cantidad'

2020-03-04 11:33:05 - [TEST_STEP][PASSED] - delay(5): Delayed 5 second(s)

2020-03-04 11:33:10 - [MESSAGE][PASSED] - Delayed 5 second(s)

2020-03-04 11:33:10 - [TEST_STEP][PASSED] - modal = executeJavaScript("return document.querySelector('.swal2-popup');", null): Execute JavaScript 'return document.querySelector('.swal2-popup');' successfully

2020-03-04 11:33:10 - [MESSAGE][PASSED] - Execute JavaScript 'return document.querySelector('.swal2-popup');' successfully

2020-03-04 11:33:10 - [TEST_STEP][PASSED] - if (modal == null): Object 'Object Repository/Page_Index - KAIZEN/mi_btn_agregar' is present

2020-03-04 11:33:10 - [TEST_STEP][PASSED] - print(modal): null

2020-03-04 11:33:10 - [TEST_STEP][PASSED] - if (motivo == "EntradaPorFabricacion"): null

2020-03-04 11:33:10 - [TEST_STEP][PASSED] - else: Object 'Object Repository/Page_Index - KAIZEN/mi_btn_agregar' is present

2020-03-04 11:33:10 - [TEST_STEP][PASSED] - selectOptionByValue(findTestObject("Object Repository/Page_Create - KAIZEN/mi_assing_almacen1"), IdAlmacen1, true): All options with value '2' are selected in object 'Object Repository/Page_Create - KAIZEN/mi_assing_almacen1'  using regular expression

2020-03-04 11:33:19 - [MESSAGE][PASSED] - All options with value '2' are selected in object 'Object Repository/Page_Create - KAIZEN/mi_assing_almacen1'  using regular expression

2020-03-04 11:33:19 - [TEST_STEP][PASSED] - if (concepto == "TransferenciaDeMercancias"): null

2020-03-04 11:33:19 - [TEST_STEP][PASSED] - else: Object 'Object Repository/Page_Index - KAIZEN/mi_btn_agregar' is present

2020-03-04 11:33:19 - [TEST_STEP][PASSED] - click(findTestObject("Object Repository/Page_Create - KAIZEN/mi_btn_Guardar")): Object: 'Object Repository/Page_Create - KAIZEN/mi_btn_Guardar' is clicked on

2020-03-04 11:33:39 - [MESSAGE][PASSED] - Object: 'Object Repository/Page_Create - KAIZEN/mi_btn_Guardar' is clicked on

2020-03-04 11:33:39 - [TEST_STEP][PASSED] - verifyElementPresent(findTestObject("Object Repository/Page_Index - KAIZEN/mi_btn_agregar"), 5): Object 'Object Repository/Page_Index - KAIZEN/mi_btn_agregar' is present

2020-03-04 11:33:41 - [MESSAGE][PASSED] - Object 'Object Repository/Page_Index - KAIZEN/mi_btn_agregar' is present

2020-03-04 11:33:41 - [TEST_STEP][PASSED] - delay(5): Delayed 5 second(s)

2020-03-04 11:33:46 - [MESSAGE][PASSED] - Delayed 5 second(s)

2020-03-04 11:33:46 - [TEST_STEP][PASSED] - exportar_archivos.logInventario.reporteInv(concepto, motivo, IdProducto, codProducto, Producto, IdGrupo, Existencia, IdAlmacen1, cantidadActual1, IdAlmacen2, cantidadActual2, cantidad): exportar_archivos.logInventario.reporteInv is PASSED

2020-03-04 11:33:46 - [MESSAGE][PASSED] - exportar_archivos.logInventario.reporteInv is PASSED

2020-03-04 11:33:46 - [MESSAGE][PASSED] - Call Test Case 'Test Cases/Individual_Tests/Movimientos_Inventario' successfully

2020-03-04 11:33:46 - [TEST_STEP][PASSED] - callTestCase(findTestCase("Individual_Tests/Login"), ["Evento":"MovimientoDeInventario", "Index":Index, "Usuario":"", "Contrasena":""], STOP_ON_FAILURE): Call Test Case 'Test Cases/Individual_Tests/Login' successfully

2020-03-04 11:33:46 - [TEST_CASE][PASSED] - Test Cases/Individual_Tests/Login: Test Cases/Individual_Tests/Login

2020-03-04 11:33:46 - [TEST_STEP][PASSED] - print("Evento Seleccionado: " + Evento + "
"): null

2020-03-04 11:33:46 - [TEST_STEP][PASSED] - openBrowser(Web): Browser is opened with url: 'http://test.kaizendev.net/Login/Accesar?salir=true'

2020-03-04 11:33:46 - [MESSAGE][WARNING] - A browser is already opened. Closing browser and opening a new one

2020-03-04 11:33:46 - [MESSAGE][INFO] - Starting 'Chrome' driver

2020-03-04 11:34:13 - [MESSAGE][PASSED] - Browser is opened with url: 'http://test.kaizendev.net/Login/Accesar?salir=true'

2020-03-04 11:34:13 - [TEST_STEP][PASSED] - maximizeWindow(): Current window maximized

2020-03-04 11:34:14 - [MESSAGE][PASSED] - Current window maximized

2020-03-04 11:34:14 - [TEST_STEP][PASSED] - if (Evento == "Crear20"): null

2020-03-04 11:34:14 - [TEST_STEP][PASSED] - else if (Evento == "Crear40"): null

2020-03-04 11:34:14 - [TEST_STEP][PASSED] - else if (Evento == "Aprobar"): null

2020-03-04 11:34:14 - [TEST_STEP][PASSED] - else if (Evento == "Logistica"): null

2020-03-04 11:34:14 - [TEST_STEP][PASSED] - else if (Evento == "Produccion"): null

2020-03-04 11:34:14 - [TEST_STEP][PASSED] - else if (Evento == "Inventario"): null

2020-03-04 11:34:14 - [TEST_STEP][PASSED] - else if (Evento == "Despacho"): null

2020-03-04 11:34:14 - [TEST_STEP][PASSED] - else if (Evento == "ProductoAlmacen"): null

2020-03-04 11:34:14 - [TEST_STEP][PASSED] - else if (Evento == "MovimientoDeInventario"): Object: 'Object Repository/Page_Iniciar Sesion - KAIZEN/is_btn_ingresar_sistema' is clicked on

2020-03-04 11:34:14 - [TEST_STEP][PASSED] - data8 = obtener_excels.obtener_mov_inventario.getValuesExcelMovInventario(Index): obtener_excels.obtener_mov_inventario.getValuesExcelMovInventario is PASSED

2020-03-04 11:34:14 - [MESSAGE][PASSED] - obtener_excels.obtener_mov_inventario.getValuesExcelMovInventario is PASSED

2020-03-04 11:34:14 - [TEST_STEP][PASSED] - Usuario = data8[1]: null

2020-03-04 11:34:14 - [TEST_STEP][PASSED] - Contrasena = data8[2]: null

2020-03-04 11:34:14 - [TEST_STEP][PASSED] - setText(findTestObject("Page_Iniciar Sesion - KAIZEN/is_input_email"), Usuario): Text 'automated.test@grupokaizen.net' is set on object 'Object Repository/Page_Iniciar Sesion - KAIZEN/is_input_email'

2020-03-04 11:34:15 - [MESSAGE][PASSED] - Text 'automated.test@grupokaizen.net' is set on object 'Object Repository/Page_Iniciar Sesion - KAIZEN/is_input_email'

2020-03-04 11:34:15 - [TEST_STEP][PASSED] - setEncryptedText(findTestObject("Page_Iniciar Sesion - KAIZEN/IS_input_contrasena"), Contrasena): Text ****** has been set on object 'Object Repository/Page_Iniciar Sesion - KAIZEN/IS_input_contrasena'

2020-03-04 11:34:15 - [MESSAGE][PASSED] - Text ****** has been set on object 'Object Repository/Page_Iniciar Sesion - KAIZEN/IS_input_contrasena'

2020-03-04 11:34:15 - [TEST_STEP][PASSED] - click(findTestObject("Page_Iniciar Sesion - KAIZEN/is_btn_ingresar_sistema")): Object: 'Object Repository/Page_Iniciar Sesion - KAIZEN/is_btn_ingresar_sistema' is clicked on

2020-03-04 11:34:20 - [MESSAGE][PASSED] - Object: 'Object Repository/Page_Iniciar Sesion - KAIZEN/is_btn_ingresar_sistema' is clicked on

2020-03-04 11:34:20 - [MESSAGE][PASSED] - Call Test Case 'Test Cases/Individual_Tests/Login' successfully

2020-03-04 11:34:20 - [TEST_STEP][PASSED] - callTestCase(findTestCase("Individual_Tests/Seleccionar_Idioma"), ["Evento":"MovimientoDeInventario", "Index":Index], STOP_ON_FAILURE): Call Test Case 'Test Cases/Individual_Tests/Seleccionar_Idioma' successfully

2020-03-04 11:34:20 - [TEST_CASE][PASSED] - Test Cases/Individual_Tests/Seleccionar_Idioma: Test Cases/Individual_Tests/Seleccionar_Idioma

2020-03-04 11:34:20 - [TEST_STEP][PASSED] - Idioma = 0: null

2020-03-04 11:34:20 - [TEST_STEP][PASSED] - if (Evento == "Crear20"): null

2020-03-04 11:34:20 - [TEST_STEP][PASSED] - else if (Evento == "Crear40"): null

2020-03-04 11:34:20 - [TEST_STEP][PASSED] - else if (Evento == "Aprobar"): null

2020-03-04 11:34:20 - [TEST_STEP][PASSED] - else if (Evento == "Logistica"): null

2020-03-04 11:34:20 - [TEST_STEP][PASSED] - else if (Evento == "Produccion"): null

2020-03-04 11:34:20 - [TEST_STEP][PASSED] - else if (Evento == "Inventario"): null

2020-03-04 11:34:20 - [TEST_STEP][PASSED] - else if (Evento == "Despacho"): null

2020-03-04 11:34:20 - [TEST_STEP][PASSED] - else if (Evento == "ProductoAlmacen"): null

2020-03-04 11:34:20 - [TEST_STEP][PASSED] - else if (Evento == "MovimientoDeInventario"): null

2020-03-04 11:34:20 - [TEST_STEP][PASSED] - data7 = obtener_excels.obtener_mov_inventario.getValuesExcelMovInventario(Index): obtener_excels.obtener_mov_inventario.getValuesExcelMovInventario is PASSED

2020-03-04 11:34:20 - [MESSAGE][PASSED] - obtener_excels.obtener_mov_inventario.getValuesExcelMovInventario is PASSED

2020-03-04 11:34:20 - [TEST_STEP][PASSED] - Idioma = data7[0]: null

2020-03-04 11:34:20 - [TEST_STEP][PASSED] - click(findTestObject("Page_- KAIZEN/si_btn_idioma")): Object: 'Object Repository/Page_- KAIZEN/si_btn_idioma' is clicked on

2020-03-04 11:34:20 - [MESSAGE][PASSED] - Object: 'Object Repository/Page_- KAIZEN/si_btn_idioma' is clicked on

2020-03-04 11:34:20 - [TEST_STEP][PASSED] - if (Idioma == "0"): null

2020-03-04 11:34:20 - [TEST_STEP][PASSED] - else: Object: 'Object Repository/Page_- KAIZEN/si_Spanish' is clicked on

2020-03-04 11:34:20 - [TEST_STEP][PASSED] - click(findTestObject("Page_- KAIZEN/si_Spanish")): Object: 'Object Repository/Page_- KAIZEN/si_Spanish' is clicked on

2020-03-04 11:34:22 - [MESSAGE][PASSED] - Object: 'Object Repository/Page_- KAIZEN/si_Spanish' is clicked on

2020-03-04 11:34:22 - [MESSAGE][PASSED] - Call Test Case 'Test Cases/Individual_Tests/Seleccionar_Idioma' successfully

2020-03-04 11:34:22 - [TEST_STEP][PASSED] - callTestCase(findTestCase("Individual_Tests/Movimientos_Inventario"), ["Index":Index], STOP_ON_FAILURE): Call Test Case 'Test Cases/Individual_Tests/Movimientos_Inventario' successfully

2020-03-04 11:34:22 - [TEST_CASE][PASSED] - Test Cases/Individual_Tests/Movimientos_Inventario: Test Cases/Individual_Tests/Movimientos_Inventario

2020-03-04 11:34:22 - [TEST_STEP][PASSED] - data = obtener_excels.obtener_mov_inventario.getValuesExcelMovInventario(Index): obtener_excels.obtener_mov_inventario.getValuesExcelMovInventario is PASSED

2020-03-04 11:34:22 - [MESSAGE][PASSED] - obtener_excels.obtener_mov_inventario.getValuesExcelMovInventario is PASSED

2020-03-04 11:34:22 - [TEST_STEP][PASSED] - concepto = data[3]: null

2020-03-04 11:34:22 - [TEST_STEP][PASSED] - motivo = data[4]: null

2020-03-04 11:34:22 - [TEST_STEP][PASSED] - IdProducto = data[14]: null

2020-03-04 11:34:22 - [TEST_STEP][PASSED] - Existencia = data[8]: null

2020-03-04 11:34:22 - [TEST_STEP][PASSED] - cantidadActual1 = data[10]: null

2020-03-04 11:34:22 - [TEST_STEP][PASSED] - cantidadActual2 = data[12]: null

2020-03-04 11:34:22 - [TEST_STEP][PASSED] - codProducto = data[5]: null

2020-03-04 11:34:22 - [TEST_STEP][PASSED] - IdGrupo = data[6]: null

2020-03-04 11:34:22 - [TEST_STEP][PASSED] - Producto = data[7]: null

2020-03-04 11:34:22 - [TEST_STEP][PASSED] - IdAlmacen1 = data[9]: null

2020-03-04 11:34:22 - [TEST_STEP][PASSED] - IdAlmacen2 = data[11]: null

2020-03-04 11:34:22 - [TEST_STEP][PASSED] - cantidadAMover = data[13]: null

2020-03-04 11:34:22 - [TEST_STEP][PASSED] - cantidad = data[13]: null

2020-03-04 11:34:22 - [TEST_STEP][PASSED] - rand = new java.util.Random(): null

2020-03-04 11:34:22 - [TEST_STEP][PASSED] - nuevacantidad = 0: null

2020-03-04 11:34:22 - [TEST_STEP][PASSED] - if (concepto == "TransferenciaDeMercancias" & cantidad == "0"): null

2020-03-04 11:34:22 - [TEST_STEP][PASSED] - concepto = data[3]: null

2020-03-04 11:34:22 - [TEST_STEP][PASSED] - motivo = data[4]: null

2020-03-04 11:34:22 - [TEST_STEP][PASSED] - click(findTestObject("Object Repository/Page_- KAIZEN/mi_menu_Inventario")): Object: 'Object Repository/Page_- KAIZEN/mi_menu_Inventario' is clicked on

2020-03-04 11:34:23 - [MESSAGE][PASSED] - Object: 'Object Repository/Page_- KAIZEN/mi_menu_Inventario' is clicked on

2020-03-04 11:34:23 - [TEST_STEP][PASSED] - click(findTestObject("Object Repository/Page_- KAIZEN/mi_menu_Movimientos")): Object: 'Object Repository/Page_- KAIZEN/mi_menu_Movimientos' is clicked on

2020-03-04 11:34:26 - [MESSAGE][PASSED] - Object: 'Object Repository/Page_- KAIZEN/mi_menu_Movimientos' is clicked on

2020-03-04 11:34:26 - [TEST_STEP][PASSED] - click(findTestObject("Object Repository/Page_Index - KAIZEN/mi_btn_agregar")): Object: 'Object Repository/Page_Index - KAIZEN/mi_btn_agregar' is clicked on

2020-03-04 11:34:35 - [MESSAGE][PASSED] - Object: 'Object Repository/Page_Index - KAIZEN/mi_btn_agregar' is clicked on

2020-03-04 11:34:35 - [TEST_STEP][PASSED] - selectOptionByValue(findTestObject("Object Repository/Page_Create - KAIZEN/mi_select_concepto"), concepto, true): All options with value 'SalidaDeMercancias' are selected in object 'Object Repository/Page_Create - KAIZEN/mi_select_concepto'  using regular expression

2020-03-04 11:34:37 - [MESSAGE][PASSED] - All options with value 'SalidaDeMercancias' are selected in object 'Object Repository/Page_Create - KAIZEN/mi_select_concepto'  using regular expression

2020-03-04 11:34:37 - [TEST_STEP][PASSED] - selectOptionByValue(findTestObject("Object Repository/Page_Create - KAIZEN/mi_select_motivo"), motivo, true): All options with value 'DevolucionProductoCompra' are selected in object 'Object Repository/Page_Create - KAIZEN/mi_select_motivo'  using regular expression

2020-03-04 11:34:38 - [MESSAGE][PASSED] - All options with value 'DevolucionProductoCompra' are selected in object 'Object Repository/Page_Create - KAIZEN/mi_select_motivo'  using regular expression

2020-03-04 11:34:38 - [TEST_STEP][PASSED] - click(findTestObject("Object Repository/Page_Create - KAIZEN/mi_select_buscar_Producto")): Object: 'Object Repository/Page_Create - KAIZEN/mi_select_buscar_Producto' is clicked on

2020-03-04 11:34:39 - [MESSAGE][PASSED] - Object: 'Object Repository/Page_Create - KAIZEN/mi_select_buscar_Producto' is clicked on

2020-03-04 11:34:39 - [TEST_STEP][PASSED] - setText(findTestObject("Object Repository/Page_Create - KAIZEN/mi_assing_producto"), codProducto): Text '1500-440-055' is set on object 'Object Repository/Page_Create - KAIZEN/mi_assing_producto'

2020-03-04 11:34:40 - [MESSAGE][PASSED] - Text '1500-440-055' is set on object 'Object Repository/Page_Create - KAIZEN/mi_assing_producto'

2020-03-04 11:34:40 - [TEST_STEP][PASSED] - sendKeys(findTestObject("Object Repository/Page_Create - KAIZEN/mi_assing_producto"), Keys.chord(ENTER)): Keys 'ENTER + ' sent to object: 'Object Repository/Page_Create - KAIZEN/mi_assing_producto'

2020-03-04 11:34:40 - [MESSAGE][PASSED] - Keys 'ENTER + ' sent to object: 'Object Repository/Page_Create - KAIZEN/mi_assing_producto'

2020-03-04 11:34:40 - [TEST_STEP][PASSED] - setText(findTestObject("Object Repository/Page_Create - KAIZEN/mi_assing_cantidad"), cantidadAMover): Text '12' is set on object 'Object Repository/Page_Create - KAIZEN/mi_assing_cantidad'

2020-03-04 11:34:41 - [MESSAGE][PASSED] - Text '12' is set on object 'Object Repository/Page_Create - KAIZEN/mi_assing_cantidad'

2020-03-04 11:34:41 - [TEST_STEP][PASSED] - sendKeys(findTestObject("Object Repository/Page_Create - KAIZEN/mi_assing_cantidad"), Keys.chord(ENTER)): Keys 'ENTER + ' sent to object: 'Object Repository/Page_Create - KAIZEN/mi_assing_cantidad'

2020-03-04 11:34:41 - [MESSAGE][PASSED] - Keys 'ENTER + ' sent to object: 'Object Repository/Page_Create - KAIZEN/mi_assing_cantidad'

2020-03-04 11:34:41 - [TEST_STEP][PASSED] - delay(5): Delayed 5 second(s)

2020-03-04 11:34:46 - [MESSAGE][PASSED] - Delayed 5 second(s)

2020-03-04 11:34:46 - [TEST_STEP][PASSED] - modal = executeJavaScript("return document.querySelector('.swal2-popup');", null): Execute JavaScript 'return document.querySelector('.swal2-popup');' successfully

2020-03-04 11:34:46 - [MESSAGE][PASSED] - Execute JavaScript 'return document.querySelector('.swal2-popup');' successfully

2020-03-04 11:34:46 - [TEST_STEP][PASSED] - if (modal == null): Object 'Object Repository/Page_Index - KAIZEN/mi_btn_agregar' is present

2020-03-04 11:34:46 - [TEST_STEP][PASSED] - print(modal): null

2020-03-04 11:34:46 - [TEST_STEP][PASSED] - if (motivo == "EntradaPorFabricacion"): null

2020-03-04 11:34:46 - [TEST_STEP][PASSED] - else: Object 'Object Repository/Page_Index - KAIZEN/mi_btn_agregar' is present

2020-03-04 11:34:46 - [TEST_STEP][PASSED] - selectOptionByValue(findTestObject("Object Repository/Page_Create - KAIZEN/mi_assing_almacen1"), IdAlmacen1, true): All options with value '7' are selected in object 'Object Repository/Page_Create - KAIZEN/mi_assing_almacen1'  using regular expression

2020-03-04 11:34:53 - [MESSAGE][PASSED] - All options with value '7' are selected in object 'Object Repository/Page_Create - KAIZEN/mi_assing_almacen1'  using regular expression

2020-03-04 11:34:53 - [TEST_STEP][PASSED] - if (concepto == "TransferenciaDeMercancias"): null

2020-03-04 11:34:53 - [TEST_STEP][PASSED] - else: Object 'Object Repository/Page_Index - KAIZEN/mi_btn_agregar' is present

2020-03-04 11:34:53 - [TEST_STEP][PASSED] - click(findTestObject("Object Repository/Page_Create - KAIZEN/mi_btn_Guardar")): Object: 'Object Repository/Page_Create - KAIZEN/mi_btn_Guardar' is clicked on

2020-03-04 11:34:56 - [MESSAGE][PASSED] - Object: 'Object Repository/Page_Create - KAIZEN/mi_btn_Guardar' is clicked on

2020-03-04 11:34:56 - [TEST_STEP][PASSED] - verifyElementPresent(findTestObject("Object Repository/Page_Index - KAIZEN/mi_btn_agregar"), 5): Object 'Object Repository/Page_Index - KAIZEN/mi_btn_agregar' is present

2020-03-04 11:34:57 - [MESSAGE][PASSED] - Object 'Object Repository/Page_Index - KAIZEN/mi_btn_agregar' is present

2020-03-04 11:34:57 - [TEST_STEP][PASSED] - delay(5): Delayed 5 second(s)

2020-03-04 11:35:02 - [MESSAGE][PASSED] - Delayed 5 second(s)

2020-03-04 11:35:02 - [TEST_STEP][PASSED] - exportar_archivos.logInventario.reporteInv(concepto, motivo, IdProducto, codProducto, Producto, IdGrupo, Existencia, IdAlmacen1, cantidadActual1, IdAlmacen2, cantidadActual2, cantidad): exportar_archivos.logInventario.reporteInv is PASSED

2020-03-04 11:35:02 - [MESSAGE][PASSED] - exportar_archivos.logInventario.reporteInv is PASSED

2020-03-04 11:35:02 - [MESSAGE][PASSED] - Call Test Case 'Test Cases/Individual_Tests/Movimientos_Inventario' successfully

2020-03-04 11:35:02 - [TEST_STEP][PASSED] - callTestCase(findTestCase("Individual_Tests/Login"), ["Evento":"MovimientoDeInventario", "Index":Index, "Usuario":"", "Contrasena":""], STOP_ON_FAILURE): Call Test Case 'Test Cases/Individual_Tests/Login' successfully

2020-03-04 11:35:02 - [TEST_CASE][PASSED] - Test Cases/Individual_Tests/Login: Test Cases/Individual_Tests/Login

2020-03-04 11:35:02 - [TEST_STEP][PASSED] - print("Evento Seleccionado: " + Evento + "
"): null

2020-03-04 11:35:02 - [TEST_STEP][PASSED] - openBrowser(Web): Browser is opened with url: 'http://test.kaizendev.net/Login/Accesar?salir=true'

2020-03-04 11:35:02 - [MESSAGE][WARNING] - A browser is already opened. Closing browser and opening a new one

2020-03-04 11:35:03 - [MESSAGE][INFO] - Starting 'Chrome' driver

2020-03-04 11:35:28 - [MESSAGE][PASSED] - Browser is opened with url: 'http://test.kaizendev.net/Login/Accesar?salir=true'

2020-03-04 11:35:28 - [TEST_STEP][PASSED] - maximizeWindow(): Current window maximized

2020-03-04 11:35:29 - [MESSAGE][PASSED] - Current window maximized

2020-03-04 11:35:29 - [TEST_STEP][PASSED] - if (Evento == "Crear20"): null

2020-03-04 11:35:29 - [TEST_STEP][PASSED] - else if (Evento == "Crear40"): null

2020-03-04 11:35:29 - [TEST_STEP][PASSED] - else if (Evento == "Aprobar"): null

2020-03-04 11:35:29 - [TEST_STEP][PASSED] - else if (Evento == "Logistica"): null

2020-03-04 11:35:29 - [TEST_STEP][PASSED] - else if (Evento == "Produccion"): null

2020-03-04 11:35:29 - [TEST_STEP][PASSED] - else if (Evento == "Inventario"): null

2020-03-04 11:35:29 - [TEST_STEP][PASSED] - else if (Evento == "Despacho"): null

2020-03-04 11:35:29 - [TEST_STEP][PASSED] - else if (Evento == "ProductoAlmacen"): null

2020-03-04 11:35:29 - [TEST_STEP][PASSED] - else if (Evento == "MovimientoDeInventario"): Object: 'Object Repository/Page_Iniciar Sesion - KAIZEN/is_btn_ingresar_sistema' is clicked on

2020-03-04 11:35:29 - [TEST_STEP][PASSED] - data8 = obtener_excels.obtener_mov_inventario.getValuesExcelMovInventario(Index): obtener_excels.obtener_mov_inventario.getValuesExcelMovInventario is PASSED

2020-03-04 11:35:29 - [MESSAGE][PASSED] - obtener_excels.obtener_mov_inventario.getValuesExcelMovInventario is PASSED

2020-03-04 11:35:29 - [TEST_STEP][PASSED] - Usuario = data8[1]: null

2020-03-04 11:35:29 - [TEST_STEP][PASSED] - Contrasena = data8[2]: null

2020-03-04 11:35:29 - [TEST_STEP][PASSED] - setText(findTestObject("Page_Iniciar Sesion - KAIZEN/is_input_email"), Usuario): Text 'automated.test@grupokaizen.net' is set on object 'Object Repository/Page_Iniciar Sesion - KAIZEN/is_input_email'

2020-03-04 11:35:30 - [MESSAGE][PASSED] - Text 'automated.test@grupokaizen.net' is set on object 'Object Repository/Page_Iniciar Sesion - KAIZEN/is_input_email'

2020-03-04 11:35:30 - [TEST_STEP][PASSED] - setEncryptedText(findTestObject("Page_Iniciar Sesion - KAIZEN/IS_input_contrasena"), Contrasena): Text ****** has been set on object 'Object Repository/Page_Iniciar Sesion - KAIZEN/IS_input_contrasena'

2020-03-04 11:35:30 - [MESSAGE][PASSED] - Text ****** has been set on object 'Object Repository/Page_Iniciar Sesion - KAIZEN/IS_input_contrasena'

2020-03-04 11:35:30 - [TEST_STEP][PASSED] - click(findTestObject("Page_Iniciar Sesion - KAIZEN/is_btn_ingresar_sistema")): Object: 'Object Repository/Page_Iniciar Sesion - KAIZEN/is_btn_ingresar_sistema' is clicked on

2020-03-04 11:35:34 - [MESSAGE][PASSED] - Object: 'Object Repository/Page_Iniciar Sesion - KAIZEN/is_btn_ingresar_sistema' is clicked on

2020-03-04 11:35:34 - [MESSAGE][PASSED] - Call Test Case 'Test Cases/Individual_Tests/Login' successfully

2020-03-04 11:35:34 - [TEST_STEP][PASSED] - callTestCase(findTestCase("Individual_Tests/Seleccionar_Idioma"), ["Evento":"MovimientoDeInventario", "Index":Index], STOP_ON_FAILURE): Call Test Case 'Test Cases/Individual_Tests/Seleccionar_Idioma' successfully

2020-03-04 11:35:34 - [TEST_CASE][PASSED] - Test Cases/Individual_Tests/Seleccionar_Idioma: Test Cases/Individual_Tests/Seleccionar_Idioma

2020-03-04 11:35:34 - [TEST_STEP][PASSED] - Idioma = 0: null

2020-03-04 11:35:34 - [TEST_STEP][PASSED] - if (Evento == "Crear20"): null

2020-03-04 11:35:34 - [TEST_STEP][PASSED] - else if (Evento == "Crear40"): null

2020-03-04 11:35:34 - [TEST_STEP][PASSED] - else if (Evento == "Aprobar"): null

2020-03-04 11:35:34 - [TEST_STEP][PASSED] - else if (Evento == "Logistica"): null

2020-03-04 11:35:34 - [TEST_STEP][PASSED] - else if (Evento == "Produccion"): null

2020-03-04 11:35:34 - [TEST_STEP][PASSED] - else if (Evento == "Inventario"): null

2020-03-04 11:35:34 - [TEST_STEP][PASSED] - else if (Evento == "Despacho"): null

2020-03-04 11:35:34 - [TEST_STEP][PASSED] - else if (Evento == "ProductoAlmacen"): null

2020-03-04 11:35:34 - [TEST_STEP][PASSED] - else if (Evento == "MovimientoDeInventario"): null

2020-03-04 11:35:34 - [TEST_STEP][PASSED] - data7 = obtener_excels.obtener_mov_inventario.getValuesExcelMovInventario(Index): obtener_excels.obtener_mov_inventario.getValuesExcelMovInventario is PASSED

2020-03-04 11:35:34 - [MESSAGE][PASSED] - obtener_excels.obtener_mov_inventario.getValuesExcelMovInventario is PASSED

2020-03-04 11:35:34 - [TEST_STEP][PASSED] - Idioma = data7[0]: null

2020-03-04 11:35:34 - [TEST_STEP][PASSED] - click(findTestObject("Page_- KAIZEN/si_btn_idioma")): Object: 'Object Repository/Page_- KAIZEN/si_btn_idioma' is clicked on

2020-03-04 11:35:35 - [MESSAGE][PASSED] - Object: 'Object Repository/Page_- KAIZEN/si_btn_idioma' is clicked on

2020-03-04 11:35:35 - [TEST_STEP][PASSED] - if (Idioma == "0"): null

2020-03-04 11:35:35 - [TEST_STEP][PASSED] - else: Object: 'Object Repository/Page_- KAIZEN/si_Spanish' is clicked on

2020-03-04 11:35:35 - [TEST_STEP][PASSED] - click(findTestObject("Page_- KAIZEN/si_Spanish")): Object: 'Object Repository/Page_- KAIZEN/si_Spanish' is clicked on

2020-03-04 11:35:36 - [MESSAGE][PASSED] - Object: 'Object Repository/Page_- KAIZEN/si_Spanish' is clicked on

2020-03-04 11:35:36 - [MESSAGE][PASSED] - Call Test Case 'Test Cases/Individual_Tests/Seleccionar_Idioma' successfully

2020-03-04 11:35:36 - [TEST_STEP][PASSED] - callTestCase(findTestCase("Individual_Tests/Movimientos_Inventario"), ["Index":Index], STOP_ON_FAILURE): Call Test Case 'Test Cases/Individual_Tests/Movimientos_Inventario' successfully

2020-03-04 11:35:36 - [TEST_CASE][PASSED] - Test Cases/Individual_Tests/Movimientos_Inventario: Test Cases/Individual_Tests/Movimientos_Inventario

2020-03-04 11:35:36 - [TEST_STEP][PASSED] - data = obtener_excels.obtener_mov_inventario.getValuesExcelMovInventario(Index): obtener_excels.obtener_mov_inventario.getValuesExcelMovInventario is PASSED

2020-03-04 11:35:36 - [MESSAGE][PASSED] - obtener_excels.obtener_mov_inventario.getValuesExcelMovInventario is PASSED

2020-03-04 11:35:36 - [TEST_STEP][PASSED] - concepto = data[3]: null

2020-03-04 11:35:36 - [TEST_STEP][PASSED] - motivo = data[4]: null

2020-03-04 11:35:36 - [TEST_STEP][PASSED] - IdProducto = data[14]: null

2020-03-04 11:35:36 - [TEST_STEP][PASSED] - Existencia = data[8]: null

2020-03-04 11:35:36 - [TEST_STEP][PASSED] - cantidadActual1 = data[10]: null

2020-03-04 11:35:36 - [TEST_STEP][PASSED] - cantidadActual2 = data[12]: null

2020-03-04 11:35:36 - [TEST_STEP][PASSED] - codProducto = data[5]: null

2020-03-04 11:35:36 - [TEST_STEP][PASSED] - IdGrupo = data[6]: null

2020-03-04 11:35:36 - [TEST_STEP][PASSED] - Producto = data[7]: null

2020-03-04 11:35:36 - [TEST_STEP][PASSED] - IdAlmacen1 = data[9]: null

2020-03-04 11:35:36 - [TEST_STEP][PASSED] - IdAlmacen2 = data[11]: null

2020-03-04 11:35:36 - [TEST_STEP][PASSED] - cantidadAMover = data[13]: null

2020-03-04 11:35:36 - [TEST_STEP][PASSED] - cantidad = data[13]: null

2020-03-04 11:35:36 - [TEST_STEP][PASSED] - rand = new java.util.Random(): null

2020-03-04 11:35:36 - [TEST_STEP][PASSED] - nuevacantidad = 0: null

2020-03-04 11:35:36 - [TEST_STEP][PASSED] - if (concepto == "TransferenciaDeMercancias" & cantidad == "0"): null

2020-03-04 11:35:36 - [TEST_STEP][PASSED] - concepto = data[3]: null

2020-03-04 11:35:36 - [TEST_STEP][PASSED] - motivo = data[4]: null

2020-03-04 11:35:36 - [TEST_STEP][PASSED] - click(findTestObject("Object Repository/Page_- KAIZEN/mi_menu_Inventario")): Object: 'Object Repository/Page_- KAIZEN/mi_menu_Inventario' is clicked on

2020-03-04 11:35:37 - [MESSAGE][PASSED] - Object: 'Object Repository/Page_- KAIZEN/mi_menu_Inventario' is clicked on

2020-03-04 11:35:37 - [TEST_STEP][PASSED] - click(findTestObject("Object Repository/Page_- KAIZEN/mi_menu_Movimientos")): Object: 'Object Repository/Page_- KAIZEN/mi_menu_Movimientos' is clicked on

2020-03-04 11:35:40 - [MESSAGE][PASSED] - Object: 'Object Repository/Page_- KAIZEN/mi_menu_Movimientos' is clicked on

2020-03-04 11:35:40 - [TEST_STEP][PASSED] - click(findTestObject("Object Repository/Page_Index - KAIZEN/mi_btn_agregar")): Object: 'Object Repository/Page_Index - KAIZEN/mi_btn_agregar' is clicked on

2020-03-04 11:35:45 - [MESSAGE][PASSED] - Object: 'Object Repository/Page_Index - KAIZEN/mi_btn_agregar' is clicked on

2020-03-04 11:35:45 - [TEST_STEP][PASSED] - selectOptionByValue(findTestObject("Object Repository/Page_Create - KAIZEN/mi_select_concepto"), concepto, true): All options with value 'SalidaDeMercancias' are selected in object 'Object Repository/Page_Create - KAIZEN/mi_select_concepto'  using regular expression

2020-03-04 11:35:47 - [MESSAGE][PASSED] - All options with value 'SalidaDeMercancias' are selected in object 'Object Repository/Page_Create - KAIZEN/mi_select_concepto'  using regular expression

2020-03-04 11:35:47 - [TEST_STEP][PASSED] - selectOptionByValue(findTestObject("Object Repository/Page_Create - KAIZEN/mi_select_motivo"), motivo, true): All options with value 'VentaProducto' are selected in object 'Object Repository/Page_Create - KAIZEN/mi_select_motivo'  using regular expression

2020-03-04 11:35:48 - [MESSAGE][PASSED] - All options with value 'VentaProducto' are selected in object 'Object Repository/Page_Create - KAIZEN/mi_select_motivo'  using regular expression

2020-03-04 11:35:48 - [TEST_STEP][PASSED] - click(findTestObject("Object Repository/Page_Create - KAIZEN/mi_select_buscar_Producto")): Object: 'Object Repository/Page_Create - KAIZEN/mi_select_buscar_Producto' is clicked on

2020-03-04 11:35:49 - [MESSAGE][PASSED] - Object: 'Object Repository/Page_Create - KAIZEN/mi_select_buscar_Producto' is clicked on

2020-03-04 11:35:49 - [TEST_STEP][PASSED] - setText(findTestObject("Object Repository/Page_Create - KAIZEN/mi_assing_producto"), codProducto): Text '2663-101-455' is set on object 'Object Repository/Page_Create - KAIZEN/mi_assing_producto'

2020-03-04 11:35:50 - [MESSAGE][PASSED] - Text '2663-101-455' is set on object 'Object Repository/Page_Create - KAIZEN/mi_assing_producto'

2020-03-04 11:35:50 - [TEST_STEP][PASSED] - sendKeys(findTestObject("Object Repository/Page_Create - KAIZEN/mi_assing_producto"), Keys.chord(ENTER)): Keys 'ENTER + ' sent to object: 'Object Repository/Page_Create - KAIZEN/mi_assing_producto'

2020-03-04 11:35:51 - [MESSAGE][PASSED] - Keys 'ENTER + ' sent to object: 'Object Repository/Page_Create - KAIZEN/mi_assing_producto'

2020-03-04 11:35:51 - [TEST_STEP][PASSED] - setText(findTestObject("Object Repository/Page_Create - KAIZEN/mi_assing_cantidad"), cantidadAMover): Text '15' is set on object 'Object Repository/Page_Create - KAIZEN/mi_assing_cantidad'

2020-03-04 11:35:51 - [MESSAGE][PASSED] - Text '15' is set on object 'Object Repository/Page_Create - KAIZEN/mi_assing_cantidad'

2020-03-04 11:35:51 - [TEST_STEP][PASSED] - sendKeys(findTestObject("Object Repository/Page_Create - KAIZEN/mi_assing_cantidad"), Keys.chord(ENTER)): Keys 'ENTER + ' sent to object: 'Object Repository/Page_Create - KAIZEN/mi_assing_cantidad'

2020-03-04 11:35:52 - [MESSAGE][PASSED] - Keys 'ENTER + ' sent to object: 'Object Repository/Page_Create - KAIZEN/mi_assing_cantidad'

2020-03-04 11:35:52 - [TEST_STEP][PASSED] - delay(5): Delayed 5 second(s)

2020-03-04 11:35:57 - [MESSAGE][PASSED] - Delayed 5 second(s)

2020-03-04 11:35:57 - [TEST_STEP][PASSED] - modal = executeJavaScript("return document.querySelector('.swal2-popup');", null): Execute JavaScript 'return document.querySelector('.swal2-popup');' successfully

2020-03-04 11:35:57 - [MESSAGE][PASSED] - Execute JavaScript 'return document.querySelector('.swal2-popup');' successfully

2020-03-04 11:35:57 - [TEST_STEP][PASSED] - if (modal == null): Object 'Object Repository/Page_Index - KAIZEN/mi_btn_agregar' is present

2020-03-04 11:35:57 - [TEST_STEP][PASSED] - print(modal): null

2020-03-04 11:35:57 - [TEST_STEP][PASSED] - if (motivo == "EntradaPorFabricacion"): null

2020-03-04 11:35:57 - [TEST_STEP][PASSED] - else: Object 'Object Repository/Page_Index - KAIZEN/mi_btn_agregar' is present

2020-03-04 11:35:57 - [TEST_STEP][PASSED] - selectOptionByValue(findTestObject("Object Repository/Page_Create - KAIZEN/mi_assing_almacen1"), IdAlmacen1, true): All options with value '2' are selected in object 'Object Repository/Page_Create - KAIZEN/mi_assing_almacen1'  using regular expression

2020-03-04 11:35:59 - [MESSAGE][PASSED] - All options with value '2' are selected in object 'Object Repository/Page_Create - KAIZEN/mi_assing_almacen1'  using regular expression

2020-03-04 11:35:59 - [TEST_STEP][PASSED] - if (concepto == "TransferenciaDeMercancias"): null

2020-03-04 11:35:59 - [TEST_STEP][PASSED] - else: Object 'Object Repository/Page_Index - KAIZEN/mi_btn_agregar' is present

2020-03-04 11:35:59 - [TEST_STEP][PASSED] - click(findTestObject("Object Repository/Page_Create - KAIZEN/mi_btn_Guardar")): Object: 'Object Repository/Page_Create - KAIZEN/mi_btn_Guardar' is clicked on

2020-03-04 11:36:05 - [MESSAGE][PASSED] - Object: 'Object Repository/Page_Create - KAIZEN/mi_btn_Guardar' is clicked on

2020-03-04 11:36:05 - [TEST_STEP][PASSED] - verifyElementPresent(findTestObject("Object Repository/Page_Index - KAIZEN/mi_btn_agregar"), 5): Object 'Object Repository/Page_Index - KAIZEN/mi_btn_agregar' is present

2020-03-04 11:36:06 - [MESSAGE][PASSED] - Object 'Object Repository/Page_Index - KAIZEN/mi_btn_agregar' is present

2020-03-04 11:36:06 - [TEST_STEP][PASSED] - delay(5): Delayed 5 second(s)

2020-03-04 11:36:11 - [MESSAGE][PASSED] - Delayed 5 second(s)

2020-03-04 11:36:11 - [TEST_STEP][PASSED] - exportar_archivos.logInventario.reporteInv(concepto, motivo, IdProducto, codProducto, Producto, IdGrupo, Existencia, IdAlmacen1, cantidadActual1, IdAlmacen2, cantidadActual2, cantidad): exportar_archivos.logInventario.reporteInv is PASSED

2020-03-04 11:36:11 - [MESSAGE][PASSED] - exportar_archivos.logInventario.reporteInv is PASSED

2020-03-04 11:36:11 - [MESSAGE][PASSED] - Call Test Case 'Test Cases/Individual_Tests/Movimientos_Inventario' successfully

2020-03-04 11:36:11 - [TEST_STEP][PASSED] - callTestCase(findTestCase("Individual_Tests/Login"), ["Evento":"MovimientoDeInventario", "Index":Index, "Usuario":"", "Contrasena":""], STOP_ON_FAILURE): Call Test Case 'Test Cases/Individual_Tests/Login' successfully

2020-03-04 11:36:12 - [TEST_CASE][PASSED] - Test Cases/Individual_Tests/Login: Test Cases/Individual_Tests/Login

2020-03-04 11:36:12 - [TEST_STEP][PASSED] - print("Evento Seleccionado: " + Evento + "
"): null

2020-03-04 11:36:12 - [TEST_STEP][PASSED] - openBrowser(Web): Browser is opened with url: 'http://test.kaizendev.net/Login/Accesar?salir=true'

2020-03-04 11:36:12 - [MESSAGE][WARNING] - A browser is already opened. Closing browser and opening a new one

2020-03-04 11:36:12 - [MESSAGE][INFO] - Starting 'Chrome' driver

2020-03-04 11:36:43 - [MESSAGE][PASSED] - Browser is opened with url: 'http://test.kaizendev.net/Login/Accesar?salir=true'

2020-03-04 11:36:43 - [TEST_STEP][PASSED] - maximizeWindow(): Current window maximized

2020-03-04 11:36:45 - [MESSAGE][PASSED] - Current window maximized

2020-03-04 11:36:45 - [TEST_STEP][PASSED] - if (Evento == "Crear20"): null

2020-03-04 11:36:45 - [TEST_STEP][PASSED] - else if (Evento == "Crear40"): null

2020-03-04 11:36:45 - [TEST_STEP][PASSED] - else if (Evento == "Aprobar"): null

2020-03-04 11:36:45 - [TEST_STEP][PASSED] - else if (Evento == "Logistica"): null

2020-03-04 11:36:45 - [TEST_STEP][PASSED] - else if (Evento == "Produccion"): null

2020-03-04 11:36:45 - [TEST_STEP][PASSED] - else if (Evento == "Inventario"): null

2020-03-04 11:36:45 - [TEST_STEP][PASSED] - else if (Evento == "Despacho"): null

2020-03-04 11:36:45 - [TEST_STEP][PASSED] - else if (Evento == "ProductoAlmacen"): null

2020-03-04 11:36:45 - [TEST_STEP][PASSED] - else if (Evento == "MovimientoDeInventario"): Object: 'Object Repository/Page_Iniciar Sesion - KAIZEN/is_btn_ingresar_sistema' is clicked on

2020-03-04 11:36:45 - [TEST_STEP][PASSED] - data8 = obtener_excels.obtener_mov_inventario.getValuesExcelMovInventario(Index): obtener_excels.obtener_mov_inventario.getValuesExcelMovInventario is PASSED

2020-03-04 11:36:45 - [MESSAGE][PASSED] - obtener_excels.obtener_mov_inventario.getValuesExcelMovInventario is PASSED

2020-03-04 11:36:45 - [TEST_STEP][PASSED] - Usuario = data8[1]: null

2020-03-04 11:36:45 - [TEST_STEP][PASSED] - Contrasena = data8[2]: null

2020-03-04 11:36:45 - [TEST_STEP][PASSED] - setText(findTestObject("Page_Iniciar Sesion - KAIZEN/is_input_email"), Usuario): Text 'automated.test@grupokaizen.net' is set on object 'Object Repository/Page_Iniciar Sesion - KAIZEN/is_input_email'

2020-03-04 11:36:45 - [MESSAGE][PASSED] - Text 'automated.test@grupokaizen.net' is set on object 'Object Repository/Page_Iniciar Sesion - KAIZEN/is_input_email'

2020-03-04 11:36:45 - [TEST_STEP][PASSED] - setEncryptedText(findTestObject("Page_Iniciar Sesion - KAIZEN/IS_input_contrasena"), Contrasena): Text ****** has been set on object 'Object Repository/Page_Iniciar Sesion - KAIZEN/IS_input_contrasena'

2020-03-04 11:36:46 - [MESSAGE][PASSED] - Text ****** has been set on object 'Object Repository/Page_Iniciar Sesion - KAIZEN/IS_input_contrasena'

2020-03-04 11:36:46 - [TEST_STEP][PASSED] - click(findTestObject("Page_Iniciar Sesion - KAIZEN/is_btn_ingresar_sistema")): Object: 'Object Repository/Page_Iniciar Sesion - KAIZEN/is_btn_ingresar_sistema' is clicked on

2020-03-04 11:36:47 - [MESSAGE][PASSED] - Object: 'Object Repository/Page_Iniciar Sesion - KAIZEN/is_btn_ingresar_sistema' is clicked on

2020-03-04 11:36:47 - [MESSAGE][PASSED] - Call Test Case 'Test Cases/Individual_Tests/Login' successfully

2020-03-04 11:36:47 - [TEST_STEP][PASSED] - callTestCase(findTestCase("Individual_Tests/Seleccionar_Idioma"), ["Evento":"MovimientoDeInventario", "Index":Index], STOP_ON_FAILURE): Call Test Case 'Test Cases/Individual_Tests/Seleccionar_Idioma' successfully

2020-03-04 11:36:47 - [TEST_CASE][PASSED] - Test Cases/Individual_Tests/Seleccionar_Idioma: Test Cases/Individual_Tests/Seleccionar_Idioma

2020-03-04 11:36:47 - [TEST_STEP][PASSED] - Idioma = 0: null

2020-03-04 11:36:47 - [TEST_STEP][PASSED] - if (Evento == "Crear20"): null

2020-03-04 11:36:47 - [TEST_STEP][PASSED] - else if (Evento == "Crear40"): null

2020-03-04 11:36:47 - [TEST_STEP][PASSED] - else if (Evento == "Aprobar"): null

2020-03-04 11:36:47 - [TEST_STEP][PASSED] - else if (Evento == "Logistica"): null

2020-03-04 11:36:47 - [TEST_STEP][PASSED] - else if (Evento == "Produccion"): null

2020-03-04 11:36:47 - [TEST_STEP][PASSED] - else if (Evento == "Inventario"): null

2020-03-04 11:36:47 - [TEST_STEP][PASSED] - else if (Evento == "Despacho"): null

2020-03-04 11:36:47 - [TEST_STEP][PASSED] - else if (Evento == "ProductoAlmacen"): null

2020-03-04 11:36:47 - [TEST_STEP][PASSED] - else if (Evento == "MovimientoDeInventario"): null

2020-03-04 11:36:47 - [TEST_STEP][PASSED] - data7 = obtener_excels.obtener_mov_inventario.getValuesExcelMovInventario(Index): obtener_excels.obtener_mov_inventario.getValuesExcelMovInventario is PASSED

2020-03-04 11:36:47 - [MESSAGE][PASSED] - obtener_excels.obtener_mov_inventario.getValuesExcelMovInventario is PASSED

2020-03-04 11:36:47 - [TEST_STEP][PASSED] - Idioma = data7[0]: null

2020-03-04 11:36:47 - [TEST_STEP][PASSED] - click(findTestObject("Page_- KAIZEN/si_btn_idioma")): Object: 'Object Repository/Page_- KAIZEN/si_btn_idioma' is clicked on

2020-03-04 11:36:49 - [MESSAGE][PASSED] - Object: 'Object Repository/Page_- KAIZEN/si_btn_idioma' is clicked on

2020-03-04 11:36:49 - [TEST_STEP][PASSED] - if (Idioma == "0"): null

2020-03-04 11:36:49 - [TEST_STEP][PASSED] - else: Object: 'Object Repository/Page_- KAIZEN/si_Spanish' is clicked on

2020-03-04 11:36:49 - [TEST_STEP][PASSED] - click(findTestObject("Page_- KAIZEN/si_Spanish")): Object: 'Object Repository/Page_- KAIZEN/si_Spanish' is clicked on

2020-03-04 11:36:51 - [MESSAGE][PASSED] - Object: 'Object Repository/Page_- KAIZEN/si_Spanish' is clicked on

2020-03-04 11:36:51 - [MESSAGE][PASSED] - Call Test Case 'Test Cases/Individual_Tests/Seleccionar_Idioma' successfully

2020-03-04 11:36:51 - [TEST_STEP][PASSED] - callTestCase(findTestCase("Individual_Tests/Movimientos_Inventario"), ["Index":Index], STOP_ON_FAILURE): Call Test Case 'Test Cases/Individual_Tests/Movimientos_Inventario' successfully

2020-03-04 11:36:51 - [TEST_CASE][PASSED] - Test Cases/Individual_Tests/Movimientos_Inventario: Test Cases/Individual_Tests/Movimientos_Inventario

2020-03-04 11:36:51 - [TEST_STEP][PASSED] - data = obtener_excels.obtener_mov_inventario.getValuesExcelMovInventario(Index): obtener_excels.obtener_mov_inventario.getValuesExcelMovInventario is PASSED

2020-03-04 11:36:51 - [MESSAGE][PASSED] - obtener_excels.obtener_mov_inventario.getValuesExcelMovInventario is PASSED

2020-03-04 11:36:51 - [TEST_STEP][PASSED] - concepto = data[3]: null

2020-03-04 11:36:51 - [TEST_STEP][PASSED] - motivo = data[4]: null

2020-03-04 11:36:51 - [TEST_STEP][PASSED] - IdProducto = data[14]: null

2020-03-04 11:36:51 - [TEST_STEP][PASSED] - Existencia = data[8]: null

2020-03-04 11:36:51 - [TEST_STEP][PASSED] - cantidadActual1 = data[10]: null

2020-03-04 11:36:51 - [TEST_STEP][PASSED] - cantidadActual2 = data[12]: null

2020-03-04 11:36:51 - [TEST_STEP][PASSED] - codProducto = data[5]: null

2020-03-04 11:36:51 - [TEST_STEP][PASSED] - IdGrupo = data[6]: null

2020-03-04 11:36:51 - [TEST_STEP][PASSED] - Producto = data[7]: null

2020-03-04 11:36:51 - [TEST_STEP][PASSED] - IdAlmacen1 = data[9]: null

2020-03-04 11:36:51 - [TEST_STEP][PASSED] - IdAlmacen2 = data[11]: null

2020-03-04 11:36:51 - [TEST_STEP][PASSED] - cantidadAMover = data[13]: null

2020-03-04 11:36:51 - [TEST_STEP][PASSED] - cantidad = data[13]: null

2020-03-04 11:36:51 - [TEST_STEP][PASSED] - rand = new java.util.Random(): null

2020-03-04 11:36:51 - [TEST_STEP][PASSED] - nuevacantidad = 0: null

2020-03-04 11:36:51 - [TEST_STEP][PASSED] - if (concepto == "TransferenciaDeMercancias" & cantidad == "0"): null

2020-03-04 11:36:51 - [TEST_STEP][PASSED] - concepto = data[3]: null

2020-03-04 11:36:51 - [TEST_STEP][PASSED] - motivo = data[4]: null

2020-03-04 11:36:51 - [TEST_STEP][PASSED] - click(findTestObject("Object Repository/Page_- KAIZEN/mi_menu_Inventario")): Object: 'Object Repository/Page_- KAIZEN/mi_menu_Inventario' is clicked on

2020-03-04 11:36:52 - [MESSAGE][PASSED] - Object: 'Object Repository/Page_- KAIZEN/mi_menu_Inventario' is clicked on

2020-03-04 11:36:52 - [TEST_STEP][PASSED] - click(findTestObject("Object Repository/Page_- KAIZEN/mi_menu_Movimientos")): Object: 'Object Repository/Page_- KAIZEN/mi_menu_Movimientos' is clicked on

2020-03-04 11:37:04 - [MESSAGE][PASSED] - Object: 'Object Repository/Page_- KAIZEN/mi_menu_Movimientos' is clicked on

2020-03-04 11:37:04 - [TEST_STEP][PASSED] - click(findTestObject("Object Repository/Page_Index - KAIZEN/mi_btn_agregar")): Object: 'Object Repository/Page_Index - KAIZEN/mi_btn_agregar' is clicked on

2020-03-04 11:37:34 - [MESSAGE][PASSED] - Object: 'Object Repository/Page_Index - KAIZEN/mi_btn_agregar' is clicked on

2020-03-04 11:37:34 - [TEST_STEP][PASSED] - selectOptionByValue(findTestObject("Object Repository/Page_Create - KAIZEN/mi_select_concepto"), concepto, true): All options with value 'SalidaDeMercancias' are selected in object 'Object Repository/Page_Create - KAIZEN/mi_select_concepto'  using regular expression

2020-03-04 11:37:35 - [MESSAGE][PASSED] - All options with value 'SalidaDeMercancias' are selected in object 'Object Repository/Page_Create - KAIZEN/mi_select_concepto'  using regular expression

2020-03-04 11:37:35 - [TEST_STEP][PASSED] - selectOptionByValue(findTestObject("Object Repository/Page_Create - KAIZEN/mi_select_motivo"), motivo, true): All options with value 'VentaProducto' are selected in object 'Object Repository/Page_Create - KAIZEN/mi_select_motivo'  using regular expression

2020-03-04 11:37:45 - [MESSAGE][PASSED] - All options with value 'VentaProducto' are selected in object 'Object Repository/Page_Create - KAIZEN/mi_select_motivo'  using regular expression

2020-03-04 11:37:45 - [TEST_STEP][PASSED] - click(findTestObject("Object Repository/Page_Create - KAIZEN/mi_select_buscar_Producto")): Object: 'Object Repository/Page_Create - KAIZEN/mi_select_buscar_Producto' is clicked on

2020-03-04 11:37:46 - [MESSAGE][PASSED] - Object: 'Object Repository/Page_Create - KAIZEN/mi_select_buscar_Producto' is clicked on

2020-03-04 11:37:46 - [TEST_STEP][PASSED] - setText(findTestObject("Object Repository/Page_Create - KAIZEN/mi_assing_producto"), codProducto): Text '2663-101-455' is set on object 'Object Repository/Page_Create - KAIZEN/mi_assing_producto'

2020-03-04 11:37:47 - [MESSAGE][PASSED] - Text '2663-101-455' is set on object 'Object Repository/Page_Create - KAIZEN/mi_assing_producto'

2020-03-04 11:37:47 - [TEST_STEP][PASSED] - sendKeys(findTestObject("Object Repository/Page_Create - KAIZEN/mi_assing_producto"), Keys.chord(ENTER)): Keys 'ENTER + ' sent to object: 'Object Repository/Page_Create - KAIZEN/mi_assing_producto'

2020-03-04 11:37:47 - [MESSAGE][PASSED] - Keys 'ENTER + ' sent to object: 'Object Repository/Page_Create - KAIZEN/mi_assing_producto'

2020-03-04 11:37:47 - [TEST_STEP][PASSED] - setText(findTestObject("Object Repository/Page_Create - KAIZEN/mi_assing_cantidad"), cantidadAMover): Text '31' is set on object 'Object Repository/Page_Create - KAIZEN/mi_assing_cantidad'

2020-03-04 11:37:48 - [MESSAGE][PASSED] - Text '31' is set on object 'Object Repository/Page_Create - KAIZEN/mi_assing_cantidad'

2020-03-04 11:37:48 - [TEST_STEP][PASSED] - sendKeys(findTestObject("Object Repository/Page_Create - KAIZEN/mi_assing_cantidad"), Keys.chord(ENTER)): Keys 'ENTER + ' sent to object: 'Object Repository/Page_Create - KAIZEN/mi_assing_cantidad'

2020-03-04 11:37:49 - [MESSAGE][PASSED] - Keys 'ENTER + ' sent to object: 'Object Repository/Page_Create - KAIZEN/mi_assing_cantidad'

2020-03-04 11:37:49 - [TEST_STEP][PASSED] - delay(5): Delayed 5 second(s)

2020-03-04 11:37:54 - [MESSAGE][PASSED] - Delayed 5 second(s)

2020-03-04 11:37:54 - [TEST_STEP][PASSED] - modal = executeJavaScript("return document.querySelector('.swal2-popup');", null): Execute JavaScript 'return document.querySelector('.swal2-popup');' successfully

2020-03-04 11:37:55 - [MESSAGE][PASSED] - Execute JavaScript 'return document.querySelector('.swal2-popup');' successfully

2020-03-04 11:37:55 - [TEST_STEP][PASSED] - if (modal == null): Object 'Object Repository/Page_Index - KAIZEN/mi_btn_agregar' is present

2020-03-04 11:37:55 - [TEST_STEP][PASSED] - print(modal): null

2020-03-04 11:37:55 - [TEST_STEP][PASSED] - if (motivo == "EntradaPorFabricacion"): null

2020-03-04 11:37:55 - [TEST_STEP][PASSED] - else: Object 'Object Repository/Page_Index - KAIZEN/mi_btn_agregar' is present

2020-03-04 11:37:55 - [TEST_STEP][PASSED] - selectOptionByValue(findTestObject("Object Repository/Page_Create - KAIZEN/mi_assing_almacen1"), IdAlmacen1, true): All options with value '7' are selected in object 'Object Repository/Page_Create - KAIZEN/mi_assing_almacen1'  using regular expression

2020-03-04 11:38:02 - [MESSAGE][PASSED] - All options with value '7' are selected in object 'Object Repository/Page_Create - KAIZEN/mi_assing_almacen1'  using regular expression

2020-03-04 11:38:02 - [TEST_STEP][PASSED] - if (concepto == "TransferenciaDeMercancias"): null

2020-03-04 11:38:02 - [TEST_STEP][PASSED] - else: Object 'Object Repository/Page_Index - KAIZEN/mi_btn_agregar' is present

2020-03-04 11:38:02 - [TEST_STEP][PASSED] - click(findTestObject("Object Repository/Page_Create - KAIZEN/mi_btn_Guardar")): Object: 'Object Repository/Page_Create - KAIZEN/mi_btn_Guardar' is clicked on

2020-03-04 11:38:13 - [MESSAGE][PASSED] - Object: 'Object Repository/Page_Create - KAIZEN/mi_btn_Guardar' is clicked on

2020-03-04 11:38:13 - [TEST_STEP][PASSED] - verifyElementPresent(findTestObject("Object Repository/Page_Index - KAIZEN/mi_btn_agregar"), 5): Object 'Object Repository/Page_Index - KAIZEN/mi_btn_agregar' is present

2020-03-04 11:38:16 - [MESSAGE][PASSED] - Object 'Object Repository/Page_Index - KAIZEN/mi_btn_agregar' is present

2020-03-04 11:38:16 - [TEST_STEP][PASSED] - delay(5): Delayed 5 second(s)

2020-03-04 11:38:21 - [MESSAGE][PASSED] - Delayed 5 second(s)

2020-03-04 11:38:21 - [TEST_STEP][PASSED] - exportar_archivos.logInventario.reporteInv(concepto, motivo, IdProducto, codProducto, Producto, IdGrupo, Existencia, IdAlmacen1, cantidadActual1, IdAlmacen2, cantidadActual2, cantidad): exportar_archivos.logInventario.reporteInv is PASSED

2020-03-04 11:38:22 - [MESSAGE][PASSED] - exportar_archivos.logInventario.reporteInv is PASSED

2020-03-04 11:38:22 - [MESSAGE][PASSED] - Call Test Case 'Test Cases/Individual_Tests/Movimientos_Inventario' successfully

2020-03-04 11:38:22 - [TEST_STEP][PASSED] - callTestCase(findTestCase("Individual_Tests/Login"), ["Evento":"MovimientoDeInventario", "Index":Index, "Usuario":"", "Contrasena":""], STOP_ON_FAILURE): Call Test Case 'Test Cases/Individual_Tests/Login' successfully

2020-03-04 11:38:22 - [TEST_CASE][PASSED] - Test Cases/Individual_Tests/Login: Test Cases/Individual_Tests/Login

2020-03-04 11:38:22 - [TEST_STEP][PASSED] - print("Evento Seleccionado: " + Evento + "
"): null

2020-03-04 11:38:22 - [TEST_STEP][PASSED] - openBrowser(Web): Browser is opened with url: 'http://test.kaizendev.net/Login/Accesar?salir=true'

2020-03-04 11:38:22 - [MESSAGE][WARNING] - A browser is already opened. Closing browser and opening a new one

2020-03-04 11:38:22 - [MESSAGE][INFO] - Starting 'Chrome' driver

2020-03-04 11:38:31 - [MESSAGE][PASSED] - Browser is opened with url: 'http://test.kaizendev.net/Login/Accesar?salir=true'

2020-03-04 11:38:31 - [TEST_STEP][PASSED] - maximizeWindow(): Current window maximized

2020-03-04 11:38:33 - [MESSAGE][PASSED] - Current window maximized

2020-03-04 11:38:33 - [TEST_STEP][PASSED] - if (Evento == "Crear20"): null

2020-03-04 11:38:33 - [TEST_STEP][PASSED] - else if (Evento == "Crear40"): null

2020-03-04 11:38:33 - [TEST_STEP][PASSED] - else if (Evento == "Aprobar"): null

2020-03-04 11:38:33 - [TEST_STEP][PASSED] - else if (Evento == "Logistica"): null

2020-03-04 11:38:33 - [TEST_STEP][PASSED] - else if (Evento == "Produccion"): null

2020-03-04 11:38:33 - [TEST_STEP][PASSED] - else if (Evento == "Inventario"): null

2020-03-04 11:38:33 - [TEST_STEP][PASSED] - else if (Evento == "Despacho"): null

2020-03-04 11:38:33 - [TEST_STEP][PASSED] - else if (Evento == "ProductoAlmacen"): null

2020-03-04 11:38:33 - [TEST_STEP][PASSED] - else if (Evento == "MovimientoDeInventario"): Object: 'Object Repository/Page_Iniciar Sesion - KAIZEN/is_btn_ingresar_sistema' is clicked on

2020-03-04 11:38:33 - [TEST_STEP][PASSED] - data8 = obtener_excels.obtener_mov_inventario.getValuesExcelMovInventario(Index): obtener_excels.obtener_mov_inventario.getValuesExcelMovInventario is PASSED

2020-03-04 11:38:33 - [MESSAGE][PASSED] - obtener_excels.obtener_mov_inventario.getValuesExcelMovInventario is PASSED

2020-03-04 11:38:33 - [TEST_STEP][PASSED] - Usuario = data8[1]: null

2020-03-04 11:38:33 - [TEST_STEP][PASSED] - Contrasena = data8[2]: null

2020-03-04 11:38:33 - [TEST_STEP][PASSED] - setText(findTestObject("Page_Iniciar Sesion - KAIZEN/is_input_email"), Usuario): Text 'automated.test@grupokaizen.net' is set on object 'Object Repository/Page_Iniciar Sesion - KAIZEN/is_input_email'

2020-03-04 11:39:53 - [MESSAGE][PASSED] - Text 'automated.test@grupokaizen.net' is set on object 'Object Repository/Page_Iniciar Sesion - KAIZEN/is_input_email'

2020-03-04 11:39:53 - [TEST_STEP][PASSED] - setEncryptedText(findTestObject("Page_Iniciar Sesion - KAIZEN/IS_input_contrasena"), Contrasena): Text ****** has been set on object 'Object Repository/Page_Iniciar Sesion - KAIZEN/IS_input_contrasena'

2020-03-04 11:39:54 - [MESSAGE][PASSED] - Text ****** has been set on object 'Object Repository/Page_Iniciar Sesion - KAIZEN/IS_input_contrasena'

2020-03-04 11:39:54 - [TEST_STEP][PASSED] - click(findTestObject("Page_Iniciar Sesion - KAIZEN/is_btn_ingresar_sistema")): Object: 'Object Repository/Page_Iniciar Sesion - KAIZEN/is_btn_ingresar_sistema' is clicked on

2020-03-04 11:39:56 - [MESSAGE][PASSED] - Object: 'Object Repository/Page_Iniciar Sesion - KAIZEN/is_btn_ingresar_sistema' is clicked on

2020-03-04 11:39:56 - [MESSAGE][PASSED] - Call Test Case 'Test Cases/Individual_Tests/Login' successfully

2020-03-04 11:39:56 - [TEST_STEP][PASSED] - callTestCase(findTestCase("Individual_Tests/Seleccionar_Idioma"), ["Evento":"MovimientoDeInventario", "Index":Index], STOP_ON_FAILURE): Call Test Case 'Test Cases/Individual_Tests/Seleccionar_Idioma' successfully

2020-03-04 11:39:56 - [TEST_CASE][PASSED] - Test Cases/Individual_Tests/Seleccionar_Idioma: Test Cases/Individual_Tests/Seleccionar_Idioma

2020-03-04 11:39:56 - [TEST_STEP][PASSED] - Idioma = 0: null

2020-03-04 11:39:56 - [TEST_STEP][PASSED] - if (Evento == "Crear20"): null

2020-03-04 11:39:56 - [TEST_STEP][PASSED] - else if (Evento == "Crear40"): null

2020-03-04 11:39:56 - [TEST_STEP][PASSED] - else if (Evento == "Aprobar"): null

2020-03-04 11:39:56 - [TEST_STEP][PASSED] - else if (Evento == "Logistica"): null

2020-03-04 11:39:56 - [TEST_STEP][PASSED] - else if (Evento == "Produccion"): null

2020-03-04 11:39:56 - [TEST_STEP][PASSED] - else if (Evento == "Inventario"): null

2020-03-04 11:39:56 - [TEST_STEP][PASSED] - else if (Evento == "Despacho"): null

2020-03-04 11:39:56 - [TEST_STEP][PASSED] - else if (Evento == "ProductoAlmacen"): null

2020-03-04 11:39:56 - [TEST_STEP][PASSED] - else if (Evento == "MovimientoDeInventario"): null

2020-03-04 11:39:56 - [TEST_STEP][PASSED] - data7 = obtener_excels.obtener_mov_inventario.getValuesExcelMovInventario(Index): obtener_excels.obtener_mov_inventario.getValuesExcelMovInventario is PASSED

2020-03-04 11:39:56 - [MESSAGE][PASSED] - obtener_excels.obtener_mov_inventario.getValuesExcelMovInventario is PASSED

2020-03-04 11:39:56 - [TEST_STEP][PASSED] - Idioma = data7[0]: null

2020-03-04 11:39:56 - [TEST_STEP][PASSED] - click(findTestObject("Page_- KAIZEN/si_btn_idioma")): Object: 'Object Repository/Page_- KAIZEN/si_btn_idioma' is clicked on

2020-03-04 11:39:57 - [MESSAGE][PASSED] - Object: 'Object Repository/Page_- KAIZEN/si_btn_idioma' is clicked on

2020-03-04 11:39:57 - [TEST_STEP][PASSED] - if (Idioma == "0"): null

2020-03-04 11:39:57 - [TEST_STEP][PASSED] - else: Object: 'Object Repository/Page_- KAIZEN/si_Spanish' is clicked on

2020-03-04 11:39:57 - [TEST_STEP][PASSED] - click(findTestObject("Page_- KAIZEN/si_Spanish")): Object: 'Object Repository/Page_- KAIZEN/si_Spanish' is clicked on

2020-03-04 11:39:58 - [MESSAGE][PASSED] - Object: 'Object Repository/Page_- KAIZEN/si_Spanish' is clicked on

2020-03-04 11:39:58 - [MESSAGE][PASSED] - Call Test Case 'Test Cases/Individual_Tests/Seleccionar_Idioma' successfully

2020-03-04 11:39:58 - [TEST_STEP][PASSED] - callTestCase(findTestCase("Individual_Tests/Movimientos_Inventario"), ["Index":Index], STOP_ON_FAILURE): Call Test Case 'Test Cases/Individual_Tests/Movimientos_Inventario' successfully

2020-03-04 11:39:58 - [TEST_CASE][PASSED] - Test Cases/Individual_Tests/Movimientos_Inventario: Test Cases/Individual_Tests/Movimientos_Inventario

2020-03-04 11:39:58 - [TEST_STEP][PASSED] - data = obtener_excels.obtener_mov_inventario.getValuesExcelMovInventario(Index): obtener_excels.obtener_mov_inventario.getValuesExcelMovInventario is PASSED

2020-03-04 11:39:58 - [MESSAGE][PASSED] - obtener_excels.obtener_mov_inventario.getValuesExcelMovInventario is PASSED

2020-03-04 11:39:58 - [TEST_STEP][PASSED] - concepto = data[3]: null

2020-03-04 11:39:58 - [TEST_STEP][PASSED] - motivo = data[4]: null

2020-03-04 11:39:58 - [TEST_STEP][PASSED] - IdProducto = data[14]: null

2020-03-04 11:39:58 - [TEST_STEP][PASSED] - Existencia = data[8]: null

2020-03-04 11:39:58 - [TEST_STEP][PASSED] - cantidadActual1 = data[10]: null

2020-03-04 11:39:58 - [TEST_STEP][PASSED] - cantidadActual2 = data[12]: null

2020-03-04 11:39:58 - [TEST_STEP][PASSED] - codProducto = data[5]: null

2020-03-04 11:39:58 - [TEST_STEP][PASSED] - IdGrupo = data[6]: null

2020-03-04 11:39:58 - [TEST_STEP][PASSED] - Producto = data[7]: null

2020-03-04 11:39:58 - [TEST_STEP][PASSED] - IdAlmacen1 = data[9]: null

2020-03-04 11:39:58 - [TEST_STEP][PASSED] - IdAlmacen2 = data[11]: null

2020-03-04 11:39:58 - [TEST_STEP][PASSED] - cantidadAMover = data[13]: null

2020-03-04 11:39:58 - [TEST_STEP][PASSED] - cantidad = data[13]: null

2020-03-04 11:39:58 - [TEST_STEP][PASSED] - rand = new java.util.Random(): null

2020-03-04 11:39:58 - [TEST_STEP][PASSED] - nuevacantidad = 0: null

2020-03-04 11:39:58 - [TEST_STEP][PASSED] - if (concepto == "TransferenciaDeMercancias" & cantidad == "0"): null

2020-03-04 11:39:58 - [TEST_STEP][PASSED] - concepto = data[3]: null

2020-03-04 11:39:58 - [TEST_STEP][PASSED] - motivo = data[4]: null

2020-03-04 11:39:58 - [TEST_STEP][PASSED] - click(findTestObject("Object Repository/Page_- KAIZEN/mi_menu_Inventario")): Object: 'Object Repository/Page_- KAIZEN/mi_menu_Inventario' is clicked on

2020-03-04 11:39:58 - [MESSAGE][PASSED] - Object: 'Object Repository/Page_- KAIZEN/mi_menu_Inventario' is clicked on

2020-03-04 11:39:59 - [TEST_STEP][PASSED] - click(findTestObject("Object Repository/Page_- KAIZEN/mi_menu_Movimientos")): Object: 'Object Repository/Page_- KAIZEN/mi_menu_Movimientos' is clicked on

2020-03-04 11:40:04 - [MESSAGE][PASSED] - Object: 'Object Repository/Page_- KAIZEN/mi_menu_Movimientos' is clicked on

2020-03-04 11:40:04 - [TEST_STEP][PASSED] - click(findTestObject("Object Repository/Page_Index - KAIZEN/mi_btn_agregar")): Object: 'Object Repository/Page_Index - KAIZEN/mi_btn_agregar' is clicked on

2020-03-04 11:40:09 - [MESSAGE][PASSED] - Object: 'Object Repository/Page_Index - KAIZEN/mi_btn_agregar' is clicked on

2020-03-04 11:40:09 - [TEST_STEP][PASSED] - selectOptionByValue(findTestObject("Object Repository/Page_Create - KAIZEN/mi_select_concepto"), concepto, true): All options with value 'TransferenciaDeMercancias' are selected in object 'Object Repository/Page_Create - KAIZEN/mi_select_concepto'  using regular expression

2020-03-04 11:40:10 - [MESSAGE][PASSED] - All options with value 'TransferenciaDeMercancias' are selected in object 'Object Repository/Page_Create - KAIZEN/mi_select_concepto'  using regular expression

2020-03-04 11:40:10 - [TEST_STEP][PASSED] - selectOptionByValue(findTestObject("Object Repository/Page_Create - KAIZEN/mi_select_motivo"), motivo, true): All options with value 'ParaDespacho' are selected in object 'Object Repository/Page_Create - KAIZEN/mi_select_motivo'  using regular expression

2020-03-04 11:40:12 - [MESSAGE][PASSED] - All options with value 'ParaDespacho' are selected in object 'Object Repository/Page_Create - KAIZEN/mi_select_motivo'  using regular expression

2020-03-04 11:40:12 - [TEST_STEP][PASSED] - click(findTestObject("Object Repository/Page_Create - KAIZEN/mi_select_buscar_Producto")): Object: 'Object Repository/Page_Create - KAIZEN/mi_select_buscar_Producto' is clicked on

2020-03-04 11:40:13 - [MESSAGE][PASSED] - Object: 'Object Repository/Page_Create - KAIZEN/mi_select_buscar_Producto' is clicked on

2020-03-04 11:40:13 - [TEST_STEP][PASSED] - setText(findTestObject("Object Repository/Page_Create - KAIZEN/mi_assing_producto"), codProducto): Text 'PV-002' is set on object 'Object Repository/Page_Create - KAIZEN/mi_assing_producto'

2020-03-04 11:40:13 - [MESSAGE][PASSED] - Text 'PV-002' is set on object 'Object Repository/Page_Create - KAIZEN/mi_assing_producto'

2020-03-04 11:40:13 - [TEST_STEP][PASSED] - sendKeys(findTestObject("Object Repository/Page_Create - KAIZEN/mi_assing_producto"), Keys.chord(ENTER)): Keys 'ENTER + ' sent to object: 'Object Repository/Page_Create - KAIZEN/mi_assing_producto'

2020-03-04 11:40:14 - [MESSAGE][PASSED] - Keys 'ENTER + ' sent to object: 'Object Repository/Page_Create - KAIZEN/mi_assing_producto'

2020-03-04 11:40:14 - [TEST_STEP][PASSED] - setText(findTestObject("Object Repository/Page_Create - KAIZEN/mi_assing_cantidad"), cantidadAMover): Text '8' is set on object 'Object Repository/Page_Create - KAIZEN/mi_assing_cantidad'

2020-03-04 11:40:14 - [MESSAGE][PASSED] - Text '8' is set on object 'Object Repository/Page_Create - KAIZEN/mi_assing_cantidad'

2020-03-04 11:40:14 - [TEST_STEP][PASSED] - sendKeys(findTestObject("Object Repository/Page_Create - KAIZEN/mi_assing_cantidad"), Keys.chord(ENTER)): Keys 'ENTER + ' sent to object: 'Object Repository/Page_Create - KAIZEN/mi_assing_cantidad'

2020-03-04 11:40:15 - [MESSAGE][PASSED] - Keys 'ENTER + ' sent to object: 'Object Repository/Page_Create - KAIZEN/mi_assing_cantidad'

2020-03-04 11:40:15 - [TEST_STEP][PASSED] - delay(5): Delayed 5 second(s)

2020-03-04 11:40:20 - [MESSAGE][PASSED] - Delayed 5 second(s)

2020-03-04 11:40:20 - [TEST_STEP][PASSED] - modal = executeJavaScript("return document.querySelector('.swal2-popup');", null): Execute JavaScript 'return document.querySelector('.swal2-popup');' successfully

2020-03-04 11:40:20 - [MESSAGE][PASSED] - Execute JavaScript 'return document.querySelector('.swal2-popup');' successfully

2020-03-04 11:40:20 - [TEST_STEP][PASSED] - if (modal == null): null

2020-03-04 11:40:20 - [TEST_STEP][PASSED] - else: Object 'Object Repository/Page_Index - KAIZEN/mi_btn_agregar' is present

2020-03-04 11:40:20 - [TEST_STEP][PASSED] - executeJavaScript("document.querySelector(".swal2-confirm").click();", null): Execute JavaScript 'document.querySelector(".swal2-confirm").click();' successfully

2020-03-04 11:40:20 - [MESSAGE][PASSED] - Execute JavaScript 'document.querySelector(".swal2-confirm").click();' successfully

2020-03-04 11:40:20 - [TEST_STEP][PASSED] - if (motivo == "EntradaPorFabricacion"): null

2020-03-04 11:40:20 - [TEST_STEP][PASSED] - else: Object 'Object Repository/Page_Index - KAIZEN/mi_btn_agregar' is present

2020-03-04 11:40:20 - [TEST_STEP][PASSED] - selectOptionByValue(findTestObject("Object Repository/Page_Create - KAIZEN/mi_assing_almacen1"), IdAlmacen1, true): All options with value '2' are selected in object 'Object Repository/Page_Create - KAIZEN/mi_assing_almacen1'  using regular expression

2020-03-04 11:40:21 - [MESSAGE][PASSED] - All options with value '2' are selected in object 'Object Repository/Page_Create - KAIZEN/mi_assing_almacen1'  using regular expression

2020-03-04 11:40:21 - [TEST_STEP][PASSED] - if (concepto == "TransferenciaDeMercancias"): Object 'Object Repository/Page_Index - KAIZEN/mi_btn_agregar' is present

2020-03-04 11:40:21 - [TEST_STEP][PASSED] - selectOptionByValue(findTestObject("Object Repository/Page_Create - KAIZEN/mi_assing_almacen2"), IdAlmacen2, true): All options with value '7' are selected in object 'Object Repository/Page_Create - KAIZEN/mi_assing_almacen2'  using regular expression

2020-03-04 11:40:22 - [MESSAGE][PASSED] - All options with value '7' are selected in object 'Object Repository/Page_Create - KAIZEN/mi_assing_almacen2'  using regular expression

2020-03-04 11:40:22 - [TEST_STEP][PASSED] - click(findTestObject("Object Repository/Page_Create - KAIZEN/mi_btn_Guardar")): Object: 'Object Repository/Page_Create - KAIZEN/mi_btn_Guardar' is clicked on

2020-03-04 11:40:26 - [MESSAGE][PASSED] - Object: 'Object Repository/Page_Create - KAIZEN/mi_btn_Guardar' is clicked on

2020-03-04 11:40:26 - [TEST_STEP][PASSED] - verifyElementPresent(findTestObject("Object Repository/Page_Index - KAIZEN/mi_btn_agregar"), 5): Object 'Object Repository/Page_Index - KAIZEN/mi_btn_agregar' is present

2020-03-04 11:40:27 - [MESSAGE][PASSED] - Object 'Object Repository/Page_Index - KAIZEN/mi_btn_agregar' is present

2020-03-04 11:40:27 - [TEST_STEP][PASSED] - delay(5): Delayed 5 second(s)

2020-03-04 11:40:32 - [MESSAGE][PASSED] - Delayed 5 second(s)

2020-03-04 11:40:32 - [TEST_STEP][PASSED] - exportar_archivos.logInventario.reporteInv(concepto, motivo, IdProducto, codProducto, Producto, IdGrupo, Existencia, IdAlmacen1, cantidadActual1, IdAlmacen2, cantidadActual2, cantidad): exportar_archivos.logInventario.reporteInv is PASSED

2020-03-04 11:40:32 - [MESSAGE][PASSED] - exportar_archivos.logInventario.reporteInv is PASSED

2020-03-04 11:40:32 - [MESSAGE][PASSED] - Call Test Case 'Test Cases/Individual_Tests/Movimientos_Inventario' successfully

2020-03-04 11:40:32 - [TEST_STEP][PASSED] - callTestCase(findTestCase("Individual_Tests/Login"), ["Evento":"MovimientoDeInventario", "Index":Index, "Usuario":"", "Contrasena":""], STOP_ON_FAILURE): Call Test Case 'Test Cases/Individual_Tests/Login' successfully

2020-03-04 11:40:32 - [TEST_CASE][PASSED] - Test Cases/Individual_Tests/Login: Test Cases/Individual_Tests/Login

2020-03-04 11:40:32 - [TEST_STEP][PASSED] - print("Evento Seleccionado: " + Evento + "
"): null

2020-03-04 11:40:32 - [TEST_STEP][PASSED] - openBrowser(Web): Browser is opened with url: 'http://test.kaizendev.net/Login/Accesar?salir=true'

2020-03-04 11:40:32 - [MESSAGE][WARNING] - A browser is already opened. Closing browser and opening a new one

2020-03-04 11:40:33 - [MESSAGE][INFO] - Starting 'Chrome' driver

2020-03-04 11:40:46 - [MESSAGE][PASSED] - Browser is opened with url: 'http://test.kaizendev.net/Login/Accesar?salir=true'

2020-03-04 11:40:46 - [TEST_STEP][PASSED] - maximizeWindow(): Current window maximized

2020-03-04 11:40:47 - [MESSAGE][PASSED] - Current window maximized

2020-03-04 11:40:47 - [TEST_STEP][PASSED] - if (Evento == "Crear20"): null

2020-03-04 11:40:47 - [TEST_STEP][PASSED] - else if (Evento == "Crear40"): null

2020-03-04 11:40:47 - [TEST_STEP][PASSED] - else if (Evento == "Aprobar"): null

2020-03-04 11:40:47 - [TEST_STEP][PASSED] - else if (Evento == "Logistica"): null

2020-03-04 11:40:47 - [TEST_STEP][PASSED] - else if (Evento == "Produccion"): null

2020-03-04 11:40:47 - [TEST_STEP][PASSED] - else if (Evento == "Inventario"): null

2020-03-04 11:40:47 - [TEST_STEP][PASSED] - else if (Evento == "Despacho"): null

2020-03-04 11:40:47 - [TEST_STEP][PASSED] - else if (Evento == "ProductoAlmacen"): null

2020-03-04 11:40:47 - [TEST_STEP][PASSED] - else if (Evento == "MovimientoDeInventario"): Object: 'Object Repository/Page_Iniciar Sesion - KAIZEN/is_btn_ingresar_sistema' is clicked on

2020-03-04 11:40:47 - [TEST_STEP][PASSED] - data8 = obtener_excels.obtener_mov_inventario.getValuesExcelMovInventario(Index): obtener_excels.obtener_mov_inventario.getValuesExcelMovInventario is PASSED

2020-03-04 11:40:47 - [MESSAGE][PASSED] - obtener_excels.obtener_mov_inventario.getValuesExcelMovInventario is PASSED

2020-03-04 11:40:47 - [TEST_STEP][PASSED] - Usuario = data8[1]: null

2020-03-04 11:40:47 - [TEST_STEP][PASSED] - Contrasena = data8[2]: null

2020-03-04 11:40:47 - [TEST_STEP][PASSED] - setText(findTestObject("Page_Iniciar Sesion - KAIZEN/is_input_email"), Usuario): Text 'automated.test@grupokaizen.net' is set on object 'Object Repository/Page_Iniciar Sesion - KAIZEN/is_input_email'

2020-03-04 11:40:48 - [MESSAGE][PASSED] - Text 'automated.test@grupokaizen.net' is set on object 'Object Repository/Page_Iniciar Sesion - KAIZEN/is_input_email'

2020-03-04 11:40:48 - [TEST_STEP][PASSED] - setEncryptedText(findTestObject("Page_Iniciar Sesion - KAIZEN/IS_input_contrasena"), Contrasena): Text ****** has been set on object 'Object Repository/Page_Iniciar Sesion - KAIZEN/IS_input_contrasena'

2020-03-04 11:40:48 - [MESSAGE][PASSED] - Text ****** has been set on object 'Object Repository/Page_Iniciar Sesion - KAIZEN/IS_input_contrasena'

2020-03-04 11:40:48 - [TEST_STEP][PASSED] - click(findTestObject("Page_Iniciar Sesion - KAIZEN/is_btn_ingresar_sistema")): Object: 'Object Repository/Page_Iniciar Sesion - KAIZEN/is_btn_ingresar_sistema' is clicked on

2020-03-04 11:40:50 - [MESSAGE][PASSED] - Object: 'Object Repository/Page_Iniciar Sesion - KAIZEN/is_btn_ingresar_sistema' is clicked on

2020-03-04 11:40:50 - [MESSAGE][PASSED] - Call Test Case 'Test Cases/Individual_Tests/Login' successfully

2020-03-04 11:40:50 - [TEST_STEP][PASSED] - callTestCase(findTestCase("Individual_Tests/Seleccionar_Idioma"), ["Evento":"MovimientoDeInventario", "Index":Index], STOP_ON_FAILURE): Call Test Case 'Test Cases/Individual_Tests/Seleccionar_Idioma' successfully

2020-03-04 11:40:50 - [TEST_CASE][PASSED] - Test Cases/Individual_Tests/Seleccionar_Idioma: Test Cases/Individual_Tests/Seleccionar_Idioma

2020-03-04 11:40:50 - [TEST_STEP][PASSED] - Idioma = 0: null

2020-03-04 11:40:50 - [TEST_STEP][PASSED] - if (Evento == "Crear20"): null

2020-03-04 11:40:50 - [TEST_STEP][PASSED] - else if (Evento == "Crear40"): null

2020-03-04 11:40:50 - [TEST_STEP][PASSED] - else if (Evento == "Aprobar"): null

2020-03-04 11:40:50 - [TEST_STEP][PASSED] - else if (Evento == "Logistica"): null

2020-03-04 11:40:50 - [TEST_STEP][PASSED] - else if (Evento == "Produccion"): null

2020-03-04 11:40:50 - [TEST_STEP][PASSED] - else if (Evento == "Inventario"): null

2020-03-04 11:40:50 - [TEST_STEP][PASSED] - else if (Evento == "Despacho"): null

2020-03-04 11:40:50 - [TEST_STEP][PASSED] - else if (Evento == "ProductoAlmacen"): null

2020-03-04 11:40:50 - [TEST_STEP][PASSED] - else if (Evento == "MovimientoDeInventario"): null

2020-03-04 11:40:50 - [TEST_STEP][PASSED] - data7 = obtener_excels.obtener_mov_inventario.getValuesExcelMovInventario(Index): obtener_excels.obtener_mov_inventario.getValuesExcelMovInventario is PASSED

2020-03-04 11:40:50 - [MESSAGE][PASSED] - obtener_excels.obtener_mov_inventario.getValuesExcelMovInventario is PASSED

2020-03-04 11:40:50 - [TEST_STEP][PASSED] - Idioma = data7[0]: null

2020-03-04 11:40:50 - [TEST_STEP][PASSED] - click(findTestObject("Page_- KAIZEN/si_btn_idioma")): Object: 'Object Repository/Page_- KAIZEN/si_btn_idioma' is clicked on

2020-03-04 11:40:51 - [MESSAGE][PASSED] - Object: 'Object Repository/Page_- KAIZEN/si_btn_idioma' is clicked on

2020-03-04 11:40:51 - [TEST_STEP][PASSED] - if (Idioma == "0"): null

2020-03-04 11:40:51 - [TEST_STEP][PASSED] - else: Object: 'Object Repository/Page_- KAIZEN/si_Spanish' is clicked on

2020-03-04 11:40:51 - [TEST_STEP][PASSED] - click(findTestObject("Page_- KAIZEN/si_Spanish")): Object: 'Object Repository/Page_- KAIZEN/si_Spanish' is clicked on

2020-03-04 11:40:52 - [MESSAGE][PASSED] - Object: 'Object Repository/Page_- KAIZEN/si_Spanish' is clicked on

2020-03-04 11:40:52 - [MESSAGE][PASSED] - Call Test Case 'Test Cases/Individual_Tests/Seleccionar_Idioma' successfully

2020-03-04 11:40:52 - [TEST_STEP][PASSED] - callTestCase(findTestCase("Individual_Tests/Movimientos_Inventario"), ["Index":Index], STOP_ON_FAILURE): Call Test Case 'Test Cases/Individual_Tests/Movimientos_Inventario' successfully

2020-03-04 11:40:53 - [TEST_CASE][PASSED] - Test Cases/Individual_Tests/Movimientos_Inventario: Test Cases/Individual_Tests/Movimientos_Inventario

2020-03-04 11:40:53 - [TEST_STEP][PASSED] - data = obtener_excels.obtener_mov_inventario.getValuesExcelMovInventario(Index): obtener_excels.obtener_mov_inventario.getValuesExcelMovInventario is PASSED

2020-03-04 11:40:53 - [MESSAGE][PASSED] - obtener_excels.obtener_mov_inventario.getValuesExcelMovInventario is PASSED

2020-03-04 11:40:53 - [TEST_STEP][PASSED] - concepto = data[3]: null

2020-03-04 11:40:53 - [TEST_STEP][PASSED] - motivo = data[4]: null

2020-03-04 11:40:53 - [TEST_STEP][PASSED] - IdProducto = data[14]: null

2020-03-04 11:40:53 - [TEST_STEP][PASSED] - Existencia = data[8]: null

2020-03-04 11:40:53 - [TEST_STEP][PASSED] - cantidadActual1 = data[10]: null

2020-03-04 11:40:53 - [TEST_STEP][PASSED] - cantidadActual2 = data[12]: null

2020-03-04 11:40:53 - [TEST_STEP][PASSED] - codProducto = data[5]: null

2020-03-04 11:40:53 - [TEST_STEP][PASSED] - IdGrupo = data[6]: null

2020-03-04 11:40:53 - [TEST_STEP][PASSED] - Producto = data[7]: null

2020-03-04 11:40:53 - [TEST_STEP][PASSED] - IdAlmacen1 = data[9]: null

2020-03-04 11:40:53 - [TEST_STEP][PASSED] - IdAlmacen2 = data[11]: null

2020-03-04 11:40:53 - [TEST_STEP][PASSED] - cantidadAMover = data[13]: null

2020-03-04 11:40:53 - [TEST_STEP][PASSED] - cantidad = data[13]: null

2020-03-04 11:40:53 - [TEST_STEP][PASSED] - rand = new java.util.Random(): null

2020-03-04 11:40:53 - [TEST_STEP][PASSED] - nuevacantidad = 0: null

2020-03-04 11:40:53 - [TEST_STEP][PASSED] - if (concepto == "TransferenciaDeMercancias" & cantidad == "0"): null

2020-03-04 11:40:53 - [TEST_STEP][PASSED] - concepto = data[3]: null

2020-03-04 11:40:53 - [TEST_STEP][PASSED] - motivo = data[4]: null

2020-03-04 11:40:53 - [TEST_STEP][PASSED] - click(findTestObject("Object Repository/Page_- KAIZEN/mi_menu_Inventario")): Object: 'Object Repository/Page_- KAIZEN/mi_menu_Inventario' is clicked on

2020-03-04 11:40:54 - [MESSAGE][PASSED] - Object: 'Object Repository/Page_- KAIZEN/mi_menu_Inventario' is clicked on

2020-03-04 11:40:54 - [TEST_STEP][PASSED] - click(findTestObject("Object Repository/Page_- KAIZEN/mi_menu_Movimientos")): Object: 'Object Repository/Page_- KAIZEN/mi_menu_Movimientos' is clicked on

2020-03-04 11:40:56 - [MESSAGE][PASSED] - Object: 'Object Repository/Page_- KAIZEN/mi_menu_Movimientos' is clicked on

2020-03-04 11:40:56 - [TEST_STEP][PASSED] - click(findTestObject("Object Repository/Page_Index - KAIZEN/mi_btn_agregar")): Object: 'Object Repository/Page_Index - KAIZEN/mi_btn_agregar' is clicked on

2020-03-04 11:41:04 - [MESSAGE][PASSED] - Object: 'Object Repository/Page_Index - KAIZEN/mi_btn_agregar' is clicked on

2020-03-04 11:41:04 - [TEST_STEP][PASSED] - selectOptionByValue(findTestObject("Object Repository/Page_Create - KAIZEN/mi_select_concepto"), concepto, true): All options with value 'TransferenciaDeMercancias' are selected in object 'Object Repository/Page_Create - KAIZEN/mi_select_concepto'  using regular expression

2020-03-04 11:41:06 - [MESSAGE][PASSED] - All options with value 'TransferenciaDeMercancias' are selected in object 'Object Repository/Page_Create - KAIZEN/mi_select_concepto'  using regular expression

2020-03-04 11:41:06 - [TEST_STEP][PASSED] - selectOptionByValue(findTestObject("Object Repository/Page_Create - KAIZEN/mi_select_motivo"), motivo, true): All options with value 'ParaDespacho' are selected in object 'Object Repository/Page_Create - KAIZEN/mi_select_motivo'  using regular expression

2020-03-04 11:41:07 - [MESSAGE][PASSED] - All options with value 'ParaDespacho' are selected in object 'Object Repository/Page_Create - KAIZEN/mi_select_motivo'  using regular expression

2020-03-04 11:41:07 - [TEST_STEP][PASSED] - click(findTestObject("Object Repository/Page_Create - KAIZEN/mi_select_buscar_Producto")): Object: 'Object Repository/Page_Create - KAIZEN/mi_select_buscar_Producto' is clicked on

2020-03-04 11:41:08 - [MESSAGE][PASSED] - Object: 'Object Repository/Page_Create - KAIZEN/mi_select_buscar_Producto' is clicked on

2020-03-04 11:41:08 - [TEST_STEP][PASSED] - setText(findTestObject("Object Repository/Page_Create - KAIZEN/mi_assing_producto"), codProducto): Text 'PV-002' is set on object 'Object Repository/Page_Create - KAIZEN/mi_assing_producto'

2020-03-04 11:41:09 - [MESSAGE][PASSED] - Text 'PV-002' is set on object 'Object Repository/Page_Create - KAIZEN/mi_assing_producto'

2020-03-04 11:41:09 - [TEST_STEP][PASSED] - sendKeys(findTestObject("Object Repository/Page_Create - KAIZEN/mi_assing_producto"), Keys.chord(ENTER)): Keys 'ENTER + ' sent to object: 'Object Repository/Page_Create - KAIZEN/mi_assing_producto'

2020-03-04 11:41:09 - [MESSAGE][PASSED] - Keys 'ENTER + ' sent to object: 'Object Repository/Page_Create - KAIZEN/mi_assing_producto'

2020-03-04 11:41:09 - [TEST_STEP][PASSED] - setText(findTestObject("Object Repository/Page_Create - KAIZEN/mi_assing_cantidad"), cantidadAMover): Text '2' is set on object 'Object Repository/Page_Create - KAIZEN/mi_assing_cantidad'

2020-03-04 11:41:10 - [MESSAGE][PASSED] - Text '2' is set on object 'Object Repository/Page_Create - KAIZEN/mi_assing_cantidad'

2020-03-04 11:41:10 - [TEST_STEP][PASSED] - sendKeys(findTestObject("Object Repository/Page_Create - KAIZEN/mi_assing_cantidad"), Keys.chord(ENTER)): Keys 'ENTER + ' sent to object: 'Object Repository/Page_Create - KAIZEN/mi_assing_cantidad'

2020-03-04 11:41:10 - [MESSAGE][PASSED] - Keys 'ENTER + ' sent to object: 'Object Repository/Page_Create - KAIZEN/mi_assing_cantidad'

2020-03-04 11:41:10 - [TEST_STEP][PASSED] - delay(5): Delayed 5 second(s)

2020-03-04 11:41:15 - [MESSAGE][PASSED] - Delayed 5 second(s)

2020-03-04 11:41:15 - [TEST_STEP][PASSED] - modal = executeJavaScript("return document.querySelector('.swal2-popup');", null): Execute JavaScript 'return document.querySelector('.swal2-popup');' successfully

2020-03-04 11:41:15 - [MESSAGE][PASSED] - Execute JavaScript 'return document.querySelector('.swal2-popup');' successfully

2020-03-04 11:41:15 - [TEST_STEP][PASSED] - if (modal == null): null

2020-03-04 11:41:15 - [TEST_STEP][PASSED] - else: Object 'Object Repository/Page_Index - KAIZEN/mi_btn_agregar' is present

2020-03-04 11:41:15 - [TEST_STEP][PASSED] - executeJavaScript("document.querySelector(".swal2-confirm").click();", null): Execute JavaScript 'document.querySelector(".swal2-confirm").click();' successfully

2020-03-04 11:41:15 - [MESSAGE][PASSED] - Execute JavaScript 'document.querySelector(".swal2-confirm").click();' successfully

2020-03-04 11:41:15 - [TEST_STEP][PASSED] - if (motivo == "EntradaPorFabricacion"): null

2020-03-04 11:41:15 - [TEST_STEP][PASSED] - else: Object 'Object Repository/Page_Index - KAIZEN/mi_btn_agregar' is present

2020-03-04 11:41:15 - [TEST_STEP][PASSED] - selectOptionByValue(findTestObject("Object Repository/Page_Create - KAIZEN/mi_assing_almacen1"), IdAlmacen1, true): All options with value '7' are selected in object 'Object Repository/Page_Create - KAIZEN/mi_assing_almacen1'  using regular expression

2020-03-04 11:41:17 - [MESSAGE][PASSED] - All options with value '7' are selected in object 'Object Repository/Page_Create - KAIZEN/mi_assing_almacen1'  using regular expression

2020-03-04 11:41:17 - [TEST_STEP][PASSED] - if (concepto == "TransferenciaDeMercancias"): Object 'Object Repository/Page_Index - KAIZEN/mi_btn_agregar' is present

2020-03-04 11:41:17 - [TEST_STEP][PASSED] - selectOptionByValue(findTestObject("Object Repository/Page_Create - KAIZEN/mi_assing_almacen2"), IdAlmacen2, true): All options with value '2' are selected in object 'Object Repository/Page_Create - KAIZEN/mi_assing_almacen2'  using regular expression

2020-03-04 11:41:18 - [MESSAGE][PASSED] - All options with value '2' are selected in object 'Object Repository/Page_Create - KAIZEN/mi_assing_almacen2'  using regular expression

2020-03-04 11:41:18 - [TEST_STEP][PASSED] - click(findTestObject("Object Repository/Page_Create - KAIZEN/mi_btn_Guardar")): Object: 'Object Repository/Page_Create - KAIZEN/mi_btn_Guardar' is clicked on

2020-03-04 11:41:20 - [MESSAGE][PASSED] - Object: 'Object Repository/Page_Create - KAIZEN/mi_btn_Guardar' is clicked on

2020-03-04 11:41:20 - [TEST_STEP][PASSED] - verifyElementPresent(findTestObject("Object Repository/Page_Index - KAIZEN/mi_btn_agregar"), 5): Object 'Object Repository/Page_Index - KAIZEN/mi_btn_agregar' is present

2020-03-04 11:41:21 - [MESSAGE][PASSED] - Object 'Object Repository/Page_Index - KAIZEN/mi_btn_agregar' is present

2020-03-04 11:41:21 - [TEST_STEP][PASSED] - delay(5): Delayed 5 second(s)

2020-03-04 11:41:26 - [MESSAGE][PASSED] - Delayed 5 second(s)

2020-03-04 11:41:26 - [TEST_STEP][PASSED] - exportar_archivos.logInventario.reporteInv(concepto, motivo, IdProducto, codProducto, Producto, IdGrupo, Existencia, IdAlmacen1, cantidadActual1, IdAlmacen2, cantidadActual2, cantidad): exportar_archivos.logInventario.reporteInv is PASSED

2020-03-04 11:41:26 - [MESSAGE][PASSED] - exportar_archivos.logInventario.reporteInv is PASSED

2020-03-04 11:41:26 - [MESSAGE][PASSED] - Call Test Case 'Test Cases/Individual_Tests/Movimientos_Inventario' successfully

2020-03-04 11:41:26 - [TEST_STEP][PASSED] - callTestCase(findTestCase("Individual_Tests/Login"), ["Evento":"MovimientoDeInventario", "Index":Index, "Usuario":"", "Contrasena":""], STOP_ON_FAILURE): Call Test Case 'Test Cases/Individual_Tests/Login' successfully

2020-03-04 11:41:26 - [TEST_CASE][PASSED] - Test Cases/Individual_Tests/Login: Test Cases/Individual_Tests/Login

2020-03-04 11:41:26 - [TEST_STEP][PASSED] - print("Evento Seleccionado: " + Evento + "
"): null

2020-03-04 11:41:26 - [TEST_STEP][PASSED] - openBrowser(Web): Browser is opened with url: 'http://test.kaizendev.net/Login/Accesar?salir=true'

2020-03-04 11:41:26 - [MESSAGE][WARNING] - A browser is already opened. Closing browser and opening a new one

2020-03-04 11:41:27 - [MESSAGE][INFO] - Starting 'Chrome' driver

2020-03-04 11:41:41 - [MESSAGE][PASSED] - Browser is opened with url: 'http://test.kaizendev.net/Login/Accesar?salir=true'

2020-03-04 11:41:41 - [TEST_STEP][PASSED] - maximizeWindow(): Current window maximized

2020-03-04 11:41:42 - [MESSAGE][PASSED] - Current window maximized

2020-03-04 11:41:42 - [TEST_STEP][PASSED] - if (Evento == "Crear20"): null

2020-03-04 11:41:42 - [TEST_STEP][PASSED] - else if (Evento == "Crear40"): null

2020-03-04 11:41:42 - [TEST_STEP][PASSED] - else if (Evento == "Aprobar"): null

2020-03-04 11:41:42 - [TEST_STEP][PASSED] - else if (Evento == "Logistica"): null

2020-03-04 11:41:42 - [TEST_STEP][PASSED] - else if (Evento == "Produccion"): null

2020-03-04 11:41:42 - [TEST_STEP][PASSED] - else if (Evento == "Inventario"): null

2020-03-04 11:41:42 - [TEST_STEP][PASSED] - else if (Evento == "Despacho"): null

2020-03-04 11:41:42 - [TEST_STEP][PASSED] - else if (Evento == "ProductoAlmacen"): null

2020-03-04 11:41:42 - [TEST_STEP][PASSED] - else if (Evento == "MovimientoDeInventario"): Object: 'Object Repository/Page_Iniciar Sesion - KAIZEN/is_btn_ingresar_sistema' is clicked on

2020-03-04 11:41:42 - [TEST_STEP][PASSED] - data8 = obtener_excels.obtener_mov_inventario.getValuesExcelMovInventario(Index): obtener_excels.obtener_mov_inventario.getValuesExcelMovInventario is PASSED

2020-03-04 11:41:42 - [MESSAGE][PASSED] - obtener_excels.obtener_mov_inventario.getValuesExcelMovInventario is PASSED

2020-03-04 11:41:42 - [TEST_STEP][PASSED] - Usuario = data8[1]: null

2020-03-04 11:41:42 - [TEST_STEP][PASSED] - Contrasena = data8[2]: null

2020-03-04 11:41:42 - [TEST_STEP][PASSED] - setText(findTestObject("Page_Iniciar Sesion - KAIZEN/is_input_email"), Usuario): Text 'automated.test@grupokaizen.net' is set on object 'Object Repository/Page_Iniciar Sesion - KAIZEN/is_input_email'

2020-03-04 11:41:43 - [MESSAGE][PASSED] - Text 'automated.test@grupokaizen.net' is set on object 'Object Repository/Page_Iniciar Sesion - KAIZEN/is_input_email'

2020-03-04 11:41:43 - [TEST_STEP][PASSED] - setEncryptedText(findTestObject("Page_Iniciar Sesion - KAIZEN/IS_input_contrasena"), Contrasena): Text ****** has been set on object 'Object Repository/Page_Iniciar Sesion - KAIZEN/IS_input_contrasena'

2020-03-04 11:41:43 - [MESSAGE][PASSED] - Text ****** has been set on object 'Object Repository/Page_Iniciar Sesion - KAIZEN/IS_input_contrasena'

2020-03-04 11:41:43 - [TEST_STEP][PASSED] - click(findTestObject("Page_Iniciar Sesion - KAIZEN/is_btn_ingresar_sistema")): Object: 'Object Repository/Page_Iniciar Sesion - KAIZEN/is_btn_ingresar_sistema' is clicked on

2020-03-04 11:41:46 - [MESSAGE][PASSED] - Object: 'Object Repository/Page_Iniciar Sesion - KAIZEN/is_btn_ingresar_sistema' is clicked on

2020-03-04 11:41:46 - [MESSAGE][PASSED] - Call Test Case 'Test Cases/Individual_Tests/Login' successfully

2020-03-04 11:41:46 - [TEST_STEP][PASSED] - callTestCase(findTestCase("Individual_Tests/Seleccionar_Idioma"), ["Evento":"MovimientoDeInventario", "Index":Index], STOP_ON_FAILURE): Call Test Case 'Test Cases/Individual_Tests/Seleccionar_Idioma' successfully

2020-03-04 11:41:46 - [TEST_CASE][PASSED] - Test Cases/Individual_Tests/Seleccionar_Idioma: Test Cases/Individual_Tests/Seleccionar_Idioma

2020-03-04 11:41:46 - [TEST_STEP][PASSED] - Idioma = 0: null

2020-03-04 11:41:46 - [TEST_STEP][PASSED] - if (Evento == "Crear20"): null

2020-03-04 11:41:46 - [TEST_STEP][PASSED] - else if (Evento == "Crear40"): null

2020-03-04 11:41:46 - [TEST_STEP][PASSED] - else if (Evento == "Aprobar"): null

2020-03-04 11:41:46 - [TEST_STEP][PASSED] - else if (Evento == "Logistica"): null

2020-03-04 11:41:46 - [TEST_STEP][PASSED] - else if (Evento == "Produccion"): null

2020-03-04 11:41:46 - [TEST_STEP][PASSED] - else if (Evento == "Inventario"): null

2020-03-04 11:41:46 - [TEST_STEP][PASSED] - else if (Evento == "Despacho"): null

2020-03-04 11:41:46 - [TEST_STEP][PASSED] - else if (Evento == "ProductoAlmacen"): null

2020-03-04 11:41:46 - [TEST_STEP][PASSED] - else if (Evento == "MovimientoDeInventario"): null

2020-03-04 11:41:46 - [TEST_STEP][PASSED] - data7 = obtener_excels.obtener_mov_inventario.getValuesExcelMovInventario(Index): obtener_excels.obtener_mov_inventario.getValuesExcelMovInventario is PASSED

2020-03-04 11:41:46 - [MESSAGE][PASSED] - obtener_excels.obtener_mov_inventario.getValuesExcelMovInventario is PASSED

2020-03-04 11:41:46 - [TEST_STEP][PASSED] - Idioma = data7[0]: null

2020-03-04 11:41:46 - [TEST_STEP][PASSED] - click(findTestObject("Page_- KAIZEN/si_btn_idioma")): Object: 'Object Repository/Page_- KAIZEN/si_btn_idioma' is clicked on

2020-03-04 11:41:46 - [MESSAGE][PASSED] - Object: 'Object Repository/Page_- KAIZEN/si_btn_idioma' is clicked on

2020-03-04 11:41:46 - [TEST_STEP][PASSED] - if (Idioma == "0"): null

2020-03-04 11:41:46 - [TEST_STEP][PASSED] - else: Object: 'Object Repository/Page_- KAIZEN/si_Spanish' is clicked on

2020-03-04 11:41:46 - [TEST_STEP][PASSED] - click(findTestObject("Page_- KAIZEN/si_Spanish")): Object: 'Object Repository/Page_- KAIZEN/si_Spanish' is clicked on

2020-03-04 11:41:48 - [MESSAGE][PASSED] - Object: 'Object Repository/Page_- KAIZEN/si_Spanish' is clicked on

2020-03-04 11:41:48 - [MESSAGE][PASSED] - Call Test Case 'Test Cases/Individual_Tests/Seleccionar_Idioma' successfully

2020-03-04 11:41:48 - [TEST_STEP][FAILED] - callTestCase(findTestCase("Individual_Tests/Movimientos_Inventario"), ["Index":Index], STOP_ON_FAILURE): Unable to call Test Case 'Test Cases/Individual_Tests/Movimientos_Inventario' (Root cause: com.kms.katalon.core.exception.StepFailedException: Call Test Case 'Test Cases/Individual_Tests/Movimientos_Inventario' failed
	at com.kms.katalon.core.keyword.builtin.CallTestCaseKeyword$_callTestCase_closure1.doCall(CallTestCaseKeyword.groovy:63)
	at com.kms.katalon.core.keyword.builtin.CallTestCaseKeyword$_callTestCase_closure1.call(CallTestCaseKeyword.groovy)
	at com.kms.katalon.core.keyword.internal.KeywordMain.runKeyword(KeywordMain.groovy:68)
	at com.kms.katalon.core.keyword.builtin.CallTestCaseKeyword.callTestCase(CallTestCaseKeyword.groovy:81)
	at com.kms.katalon.core.keyword.builtin.CallTestCaseKeyword.execute(CallTestCaseKeyword.groovy:44)
	at com.kms.katalon.core.keyword.internal.KeywordExecutor.executeKeywordForPlatform(KeywordExecutor.groovy:72)
	at com.kms.katalon.core.keyword.BuiltinKeywords.callTestCase(BuiltinKeywords.groovy:334)
	at TC_Agregar_Movimiento_Inventario.run(TC_Agregar_Movimiento_Inventario:31)
	at com.kms.katalon.core.main.ScriptEngine.run(ScriptEngine.java:194)
	at com.kms.katalon.core.main.ScriptEngine.runScriptAsRawText(ScriptEngine.java:119)
	at com.kms.katalon.core.main.TestCaseExecutor.runScript(TestCaseExecutor.java:337)
	at com.kms.katalon.core.main.TestCaseExecutor.doExecute(TestCaseExecutor.java:328)
	at com.kms.katalon.core.main.TestCaseExecutor.processExecutionPhase(TestCaseExecutor.java:307)
	at com.kms.katalon.core.main.TestCaseExecutor.accessMainPhase(TestCaseExecutor.java:299)
	at com.kms.katalon.core.main.TestCaseExecutor.execute(TestCaseExecutor.java:233)
	at com.kms.katalon.core.main.TestSuiteExecutor.accessTestCaseMainPhase(TestSuiteExecutor.java:169)
	at com.kms.katalon.core.main.TestSuiteExecutor.accessTestSuiteMainPhase(TestSuiteExecutor.java:142)
	at com.kms.katalon.core.main.TestSuiteExecutor.execute(TestSuiteExecutor.java:91)
	at com.kms.katalon.core.main.TestCaseMain.startTestSuite(TestCaseMain.java:157)
	at com.kms.katalon.core.main.TestCaseMain$startTestSuite$0.call(Unknown Source)
	at TempTestSuite1583334729493.run(TempTestSuite1583334729493.groovy:36)
Caused by: com.kms.katalon.core.exception.StepFailedException: Unable to verify object 'Object Repository/Page_Index - KAIZEN/mi_btn_agregar' is present
	at com.kms.katalon.core.webui.keyword.internal.WebUIKeywordMain.stepFailed(WebUIKeywordMain.groovy:64)
	at com.kms.katalon.core.webui.keyword.internal.WebUIKeywordMain.runKeyword(WebUIKeywordMain.groovy:26)
	at com.kms.katalon.core.webui.keyword.builtin.VerifyElementPresentKeyword.verifyElementPresent(VerifyElementPresentKeyword.groovy:92)
	at com.kms.katalon.core.webui.keyword.builtin.VerifyElementPresentKeyword.execute(VerifyElementPresentKeyword.groovy:68)
	at com.kms.katalon.core.keyword.internal.KeywordExecutor.executeKeywordForPlatform(KeywordExecutor.groovy:72)
	at com.kms.katalon.core.webui.keyword.WebUiBuiltInKeywords.verifyElementPresent(WebUiBuiltInKeywords.groovy:1434)
	at com.kms.katalon.core.webui.keyword.WebUiBuiltInKeywords$verifyElementPresent$7.call(Unknown Source)
	at Movimientos_Inventario.run(Movimientos_Inventario:109)
	at com.kms.katalon.core.main.ScriptEngine.run(ScriptEngine.java:194)
	at com.kms.katalon.core.main.ScriptEngine.runScriptAsRawText(ScriptEngine.java:119)
	at com.kms.katalon.core.main.TestCaseExecutor.runScript(TestCaseExecutor.java:337)
	at com.kms.katalon.core.main.TestCaseExecutor.doExecute(TestCaseExecutor.java:328)
	at com.kms.katalon.core.main.TestCaseExecutor.processExecutionPhase(TestCaseExecutor.java:307)
	at com.kms.katalon.core.main.TestCaseExecutor.accessMainPhase(TestCaseExecutor.java:299)
	at com.kms.katalon.core.main.TestCaseExecutor.execute(TestCaseExecutor.java:233)
	at com.kms.katalon.core.main.TestCaseMain.runTestCase(TestCaseMain.java:114)
	at com.kms.katalon.core.keyword.builtin.CallTestCaseKeyword$_callTestCase_closure1.doCall(CallTestCaseKeyword.groovy:59)
	... 20 more
Caused by: com.kms.katalon.core.exception.StepFailedException: com.kms.katalon.core.webui.exception.WebElementNotFoundException: Web element with id: 'Object Repository/Page_Index - KAIZEN/mi_btn_agregar' located by 'By.xpath: //div[@id='page-wrapper']/div/div/div/a' not found
	at com.kms.katalon.core.webui.keyword.internal.WebUIKeywordMain.stepFailed(WebUIKeywordMain.groovy:64)
	at com.kms.katalon.core.webui.keyword.builtin.VerifyElementPresentKeyword$_verifyElementPresent_closure1.doCall(VerifyElementPresentKeyword.groovy:85)
	at com.kms.katalon.core.webui.keyword.builtin.VerifyElementPresentKeyword$_verifyElementPresent_closure1.call(VerifyElementPresentKeyword.groovy)
	at com.kms.katalon.core.webui.keyword.internal.WebUIKeywordMain.runKeyword(WebUIKeywordMain.groovy:20)
	... 35 more
)

2020-03-04 11:41:48 - [TEST_CASE][FAILED] - Test Cases/Individual_Tests/Movimientos_Inventario: Test Cases/Individual_Tests/Movimientos_Inventario FAILED.
Reason:
com.kms.katalon.core.exception.StepFailedException: Unable to verify object 'Object Repository/Page_Index - KAIZEN/mi_btn_agregar' is present
	at com.kms.katalon.core.webui.keyword.internal.WebUIKeywordMain.stepFailed(WebUIKeywordMain.groovy:64)
	at com.kms.katalon.core.webui.keyword.internal.WebUIKeywordMain.runKeyword(WebUIKeywordMain.groovy:26)
	at com.kms.katalon.core.webui.keyword.builtin.VerifyElementPresentKeyword.verifyElementPresent(VerifyElementPresentKeyword.groovy:92)
	at com.kms.katalon.core.webui.keyword.builtin.VerifyElementPresentKeyword.execute(VerifyElementPresentKeyword.groovy:68)
	at com.kms.katalon.core.keyword.internal.KeywordExecutor.executeKeywordForPlatform(KeywordExecutor.groovy:72)
	at com.kms.katalon.core.webui.keyword.WebUiBuiltInKeywords.verifyElementPresent(WebUiBuiltInKeywords.groovy:1434)
	at com.kms.katalon.core.webui.keyword.WebUiBuiltInKeywords$verifyElementPresent$7.call(Unknown Source)
	at Movimientos_Inventario.run(Movimientos_Inventario:109)
	at com.kms.katalon.core.main.ScriptEngine.run(ScriptEngine.java:194)
	at com.kms.katalon.core.main.ScriptEngine.runScriptAsRawText(ScriptEngine.java:119)
	at com.kms.katalon.core.main.TestCaseExecutor.runScript(TestCaseExecutor.java:337)
	at com.kms.katalon.core.main.TestCaseExecutor.doExecute(TestCaseExecutor.java:328)
	at com.kms.katalon.core.main.TestCaseExecutor.processExecutionPhase(TestCaseExecutor.java:307)
	at com.kms.katalon.core.main.TestCaseExecutor.accessMainPhase(TestCaseExecutor.java:299)
	at com.kms.katalon.core.main.TestCaseExecutor.execute(TestCaseExecutor.java:233)
	at com.kms.katalon.core.main.TestCaseMain.runTestCase(TestCaseMain.java:114)
	at com.kms.katalon.core.keyword.builtin.CallTestCaseKeyword$_callTestCase_closure1.doCall(CallTestCaseKeyword.groovy:59)
	at com.kms.katalon.core.keyword.builtin.CallTestCaseKeyword$_callTestCase_closure1.call(CallTestCaseKeyword.groovy)
	at com.kms.katalon.core.keyword.internal.KeywordMain.runKeyword(KeywordMain.groovy:68)
	at com.kms.katalon.core.keyword.builtin.CallTestCaseKeyword.callTestCase(CallTestCaseKeyword.groovy:81)
	at com.kms.katalon.core.keyword.builtin.CallTestCaseKeyword.execute(CallTestCaseKeyword.groovy:44)
	at com.kms.katalon.core.keyword.internal.KeywordExecutor.executeKeywordForPlatform(KeywordExecutor.groovy:72)
	at com.kms.katalon.core.keyword.BuiltinKeywords.callTestCase(BuiltinKeywords.groovy:334)
	at TC_Agregar_Movimiento_Inventario.run(TC_Agregar_Movimiento_Inventario:31)
	at com.kms.katalon.core.main.ScriptEngine.run(ScriptEngine.java:194)
	at com.kms.katalon.core.main.ScriptEngine.runScriptAsRawText(ScriptEngine.java:119)
	at com.kms.katalon.core.main.TestCaseExecutor.runScript(TestCaseExecutor.java:337)
	at com.kms.katalon.core.main.TestCaseExecutor.doExecute(TestCaseExecutor.java:328)
	at com.kms.katalon.core.main.TestCaseExecutor.processExecutionPhase(TestCaseExecutor.java:307)
	at com.kms.katalon.core.main.TestCaseExecutor.accessMainPhase(TestCaseExecutor.java:299)
	at com.kms.katalon.core.main.TestCaseExecutor.execute(TestCaseExecutor.java:233)
	at com.kms.katalon.core.main.TestSuiteExecutor.accessTestCaseMainPhase(TestSuiteExecutor.java:169)
	at com.kms.katalon.core.main.TestSuiteExecutor.accessTestSuiteMainPhase(TestSuiteExecutor.java:142)
	at com.kms.katalon.core.main.TestSuiteExecutor.execute(TestSuiteExecutor.java:91)
	at com.kms.katalon.core.main.TestCaseMain.startTestSuite(TestCaseMain.java:157)
	at com.kms.katalon.core.main.TestCaseMain$startTestSuite$0.call(Unknown Source)
	at TempTestSuite1583334729493.run(TempTestSuite1583334729493.groovy:36)
Caused by: com.kms.katalon.core.exception.StepFailedException: com.kms.katalon.core.webui.exception.WebElementNotFoundException: Web element with id: 'Object Repository/Page_Index - KAIZEN/mi_btn_agregar' located by 'By.xpath: //div[@id='page-wrapper']/div/div/div/a' not found
	at com.kms.katalon.core.webui.keyword.internal.WebUIKeywordMain.stepFailed(WebUIKeywordMain.groovy:64)
	at com.kms.katalon.core.webui.keyword.builtin.VerifyElementPresentKeyword$_verifyElementPresent_closure1.doCall(VerifyElementPresentKeyword.groovy:85)
	at com.kms.katalon.core.webui.keyword.builtin.VerifyElementPresentKeyword$_verifyElementPresent_closure1.call(VerifyElementPresentKeyword.groovy)
	at com.kms.katalon.core.webui.keyword.internal.WebUIKeywordMain.runKeyword(WebUIKeywordMain.groovy:20)
	... 35 more


2020-03-04 11:41:48 - [TEST_STEP][PASSED] - data = obtener_excels.obtener_mov_inventario.getValuesExcelMovInventario(Index): obtener_excels.obtener_mov_inventario.getValuesExcelMovInventario is PASSED

2020-03-04 11:41:49 - [MESSAGE][PASSED] - obtener_excels.obtener_mov_inventario.getValuesExcelMovInventario is PASSED

2020-03-04 11:41:49 - [TEST_STEP][PASSED] - concepto = data[3]: null

2020-03-04 11:41:49 - [TEST_STEP][PASSED] - motivo = data[4]: null

2020-03-04 11:41:49 - [TEST_STEP][PASSED] - IdProducto = data[14]: null

2020-03-04 11:41:49 - [TEST_STEP][PASSED] - Existencia = data[8]: null

2020-03-04 11:41:49 - [TEST_STEP][PASSED] - cantidadActual1 = data[10]: null

2020-03-04 11:41:49 - [TEST_STEP][PASSED] - cantidadActual2 = data[12]: null

2020-03-04 11:41:49 - [TEST_STEP][PASSED] - codProducto = data[5]: null

2020-03-04 11:41:49 - [TEST_STEP][PASSED] - IdGrupo = data[6]: null

2020-03-04 11:41:49 - [TEST_STEP][PASSED] - Producto = data[7]: null

2020-03-04 11:41:49 - [TEST_STEP][PASSED] - IdAlmacen1 = data[9]: null

2020-03-04 11:41:49 - [TEST_STEP][PASSED] - IdAlmacen2 = data[11]: null

2020-03-04 11:41:49 - [TEST_STEP][PASSED] - cantidadAMover = data[13]: null

2020-03-04 11:41:49 - [TEST_STEP][PASSED] - cantidad = data[13]: null

2020-03-04 11:41:49 - [TEST_STEP][PASSED] - rand = new java.util.Random(): null

2020-03-04 11:41:49 - [TEST_STEP][PASSED] - nuevacantidad = 0: null

2020-03-04 11:41:49 - [TEST_STEP][PASSED] - if (concepto == "TransferenciaDeMercancias" & cantidad == "0"): null

2020-03-04 11:41:49 - [TEST_STEP][PASSED] - concepto = data[3]: null

2020-03-04 11:41:49 - [TEST_STEP][PASSED] - motivo = data[4]: null

2020-03-04 11:41:49 - [TEST_STEP][PASSED] - click(findTestObject("Object Repository/Page_- KAIZEN/mi_menu_Inventario")): Object: 'Object Repository/Page_- KAIZEN/mi_menu_Inventario' is clicked on

2020-03-04 11:41:51 - [MESSAGE][PASSED] - Object: 'Object Repository/Page_- KAIZEN/mi_menu_Inventario' is clicked on

2020-03-04 11:41:51 - [TEST_STEP][PASSED] - click(findTestObject("Object Repository/Page_- KAIZEN/mi_menu_Movimientos")): Object: 'Object Repository/Page_- KAIZEN/mi_menu_Movimientos' is clicked on

2020-03-04 11:41:53 - [MESSAGE][PASSED] - Object: 'Object Repository/Page_- KAIZEN/mi_menu_Movimientos' is clicked on

2020-03-04 11:41:53 - [TEST_STEP][PASSED] - click(findTestObject("Object Repository/Page_Index - KAIZEN/mi_btn_agregar")): Object: 'Object Repository/Page_Index - KAIZEN/mi_btn_agregar' is clicked on

2020-03-04 11:42:11 - [MESSAGE][PASSED] - Object: 'Object Repository/Page_Index - KAIZEN/mi_btn_agregar' is clicked on

2020-03-04 11:42:11 - [TEST_STEP][PASSED] - selectOptionByValue(findTestObject("Object Repository/Page_Create - KAIZEN/mi_select_concepto"), concepto, true): All options with value 'EntradaDeMercancias' are selected in object 'Object Repository/Page_Create - KAIZEN/mi_select_concepto'  using regular expression

2020-03-04 11:42:13 - [MESSAGE][PASSED] - All options with value 'EntradaDeMercancias' are selected in object 'Object Repository/Page_Create - KAIZEN/mi_select_concepto'  using regular expression

2020-03-04 11:42:13 - [TEST_STEP][PASSED] - selectOptionByValue(findTestObject("Object Repository/Page_Create - KAIZEN/mi_select_motivo"), motivo, true): All options with value 'EntradaPorFabricacion' are selected in object 'Object Repository/Page_Create - KAIZEN/mi_select_motivo'  using regular expression

2020-03-04 11:42:14 - [MESSAGE][PASSED] - All options with value 'EntradaPorFabricacion' are selected in object 'Object Repository/Page_Create - KAIZEN/mi_select_motivo'  using regular expression

2020-03-04 11:42:14 - [TEST_STEP][PASSED] - click(findTestObject("Object Repository/Page_Create - KAIZEN/mi_select_buscar_Producto")): Object: 'Object Repository/Page_Create - KAIZEN/mi_select_buscar_Producto' is clicked on

2020-03-04 11:42:15 - [MESSAGE][PASSED] - Object: 'Object Repository/Page_Create - KAIZEN/mi_select_buscar_Producto' is clicked on

2020-03-04 11:42:15 - [TEST_STEP][PASSED] - setText(findTestObject("Object Repository/Page_Create - KAIZEN/mi_assing_producto"), codProducto): Text '9511-101-140' is set on object 'Object Repository/Page_Create - KAIZEN/mi_assing_producto'

2020-03-04 11:42:16 - [MESSAGE][PASSED] - Text '9511-101-140' is set on object 'Object Repository/Page_Create - KAIZEN/mi_assing_producto'

2020-03-04 11:42:16 - [TEST_STEP][PASSED] - sendKeys(findTestObject("Object Repository/Page_Create - KAIZEN/mi_assing_producto"), Keys.chord(ENTER)): Keys 'ENTER + ' sent to object: 'Object Repository/Page_Create - KAIZEN/mi_assing_producto'

2020-03-04 11:42:16 - [MESSAGE][PASSED] - Keys 'ENTER + ' sent to object: 'Object Repository/Page_Create - KAIZEN/mi_assing_producto'

2020-03-04 11:42:16 - [TEST_STEP][PASSED] - setText(findTestObject("Object Repository/Page_Create - KAIZEN/mi_assing_cantidad"), cantidadAMover): Text '1373' is set on object 'Object Repository/Page_Create - KAIZEN/mi_assing_cantidad'

2020-03-04 11:42:17 - [MESSAGE][PASSED] - Text '1373' is set on object 'Object Repository/Page_Create - KAIZEN/mi_assing_cantidad'

2020-03-04 11:42:17 - [TEST_STEP][PASSED] - sendKeys(findTestObject("Object Repository/Page_Create - KAIZEN/mi_assing_cantidad"), Keys.chord(ENTER)): Keys 'ENTER + ' sent to object: 'Object Repository/Page_Create - KAIZEN/mi_assing_cantidad'

2020-03-04 11:42:17 - [MESSAGE][PASSED] - Keys 'ENTER + ' sent to object: 'Object Repository/Page_Create - KAIZEN/mi_assing_cantidad'

2020-03-04 11:42:17 - [TEST_STEP][PASSED] - delay(5): Delayed 5 second(s)

2020-03-04 11:42:22 - [MESSAGE][PASSED] - Delayed 5 second(s)

2020-03-04 11:42:22 - [TEST_STEP][PASSED] - modal = executeJavaScript("return document.querySelector('.swal2-popup');", null): Execute JavaScript 'return document.querySelector('.swal2-popup');' successfully

2020-03-04 11:42:22 - [MESSAGE][PASSED] - Execute JavaScript 'return document.querySelector('.swal2-popup');' successfully

2020-03-04 11:42:22 - [TEST_STEP][FAILED] - if (modal == null): Unable to verify object 'Object Repository/Page_Index - KAIZEN/mi_btn_agregar' is present (Root cause: com.kms.katalon.core.exception.StepFailedException: Unable to verify object 'Object Repository/Page_Index - KAIZEN/mi_btn_agregar' is present
	at com.kms.katalon.core.webui.keyword.internal.WebUIKeywordMain.stepFailed(WebUIKeywordMain.groovy:64)
	at com.kms.katalon.core.webui.keyword.internal.WebUIKeywordMain.runKeyword(WebUIKeywordMain.groovy:26)
	at com.kms.katalon.core.webui.keyword.builtin.VerifyElementPresentKeyword.verifyElementPresent(VerifyElementPresentKeyword.groovy:92)
	at com.kms.katalon.core.webui.keyword.builtin.VerifyElementPresentKeyword.execute(VerifyElementPresentKeyword.groovy:68)
	at com.kms.katalon.core.keyword.internal.KeywordExecutor.executeKeywordForPlatform(KeywordExecutor.groovy:72)
	at com.kms.katalon.core.webui.keyword.WebUiBuiltInKeywords.verifyElementPresent(WebUiBuiltInKeywords.groovy:1434)
	at com.kms.katalon.core.webui.keyword.WebUiBuiltInKeywords$verifyElementPresent$7.call(Unknown Source)
	at Movimientos_Inventario.run(Movimientos_Inventario:109)
	at com.kms.katalon.core.main.ScriptEngine.run(ScriptEngine.java:194)
	at com.kms.katalon.core.main.ScriptEngine.runScriptAsRawText(ScriptEngine.java:119)
	at com.kms.katalon.core.main.TestCaseExecutor.runScript(TestCaseExecutor.java:337)
	at com.kms.katalon.core.main.TestCaseExecutor.doExecute(TestCaseExecutor.java:328)
	at com.kms.katalon.core.main.TestCaseExecutor.processExecutionPhase(TestCaseExecutor.java:307)
	at com.kms.katalon.core.main.TestCaseExecutor.accessMainPhase(TestCaseExecutor.java:299)
	at com.kms.katalon.core.main.TestCaseExecutor.execute(TestCaseExecutor.java:233)
	at com.kms.katalon.core.main.TestCaseMain.runTestCase(TestCaseMain.java:114)
	at com.kms.katalon.core.keyword.builtin.CallTestCaseKeyword$_callTestCase_closure1.doCall(CallTestCaseKeyword.groovy:59)
	at com.kms.katalon.core.keyword.builtin.CallTestCaseKeyword$_callTestCase_closure1.call(CallTestCaseKeyword.groovy)
	at com.kms.katalon.core.keyword.internal.KeywordMain.runKeyword(KeywordMain.groovy:68)
	at com.kms.katalon.core.keyword.builtin.CallTestCaseKeyword.callTestCase(CallTestCaseKeyword.groovy:81)
	at com.kms.katalon.core.keyword.builtin.CallTestCaseKeyword.execute(CallTestCaseKeyword.groovy:44)
	at com.kms.katalon.core.keyword.internal.KeywordExecutor.executeKeywordForPlatform(KeywordExecutor.groovy:72)
	at com.kms.katalon.core.keyword.BuiltinKeywords.callTestCase(BuiltinKeywords.groovy:334)
	at TC_Agregar_Movimiento_Inventario.run(TC_Agregar_Movimiento_Inventario:31)
	at com.kms.katalon.core.main.ScriptEngine.run(ScriptEngine.java:194)
	at com.kms.katalon.core.main.ScriptEngine.runScriptAsRawText(ScriptEngine.java:119)
	at com.kms.katalon.core.main.TestCaseExecutor.runScript(TestCaseExecutor.java:337)
	at com.kms.katalon.core.main.TestCaseExecutor.doExecute(TestCaseExecutor.java:328)
	at com.kms.katalon.core.main.TestCaseExecutor.processExecutionPhase(TestCaseExecutor.java:307)
	at com.kms.katalon.core.main.TestCaseExecutor.accessMainPhase(TestCaseExecutor.java:299)
	at com.kms.katalon.core.main.TestCaseExecutor.execute(TestCaseExecutor.java:233)
	at com.kms.katalon.core.main.TestSuiteExecutor.accessTestCaseMainPhase(TestSuiteExecutor.java:169)
	at com.kms.katalon.core.main.TestSuiteExecutor.accessTestSuiteMainPhase(TestSuiteExecutor.java:142)
	at com.kms.katalon.core.main.TestSuiteExecutor.execute(TestSuiteExecutor.java:91)
	at com.kms.katalon.core.main.TestCaseMain.startTestSuite(TestCaseMain.java:157)
	at com.kms.katalon.core.main.TestCaseMain$startTestSuite$0.call(Unknown Source)
	at TempTestSuite1583334729493.run(TempTestSuite1583334729493.groovy:36)
Caused by: com.kms.katalon.core.exception.StepFailedException: com.kms.katalon.core.webui.exception.WebElementNotFoundException: Web element with id: 'Object Repository/Page_Index - KAIZEN/mi_btn_agregar' located by 'By.xpath: //div[@id='page-wrapper']/div/div/div/a' not found
	at com.kms.katalon.core.webui.keyword.internal.WebUIKeywordMain.stepFailed(WebUIKeywordMain.groovy:64)
	at com.kms.katalon.core.webui.keyword.builtin.VerifyElementPresentKeyword$_verifyElementPresent_closure1.doCall(VerifyElementPresentKeyword.groovy:85)
	at com.kms.katalon.core.webui.keyword.builtin.VerifyElementPresentKeyword$_verifyElementPresent_closure1.call(VerifyElementPresentKeyword.groovy)
	at com.kms.katalon.core.webui.keyword.internal.WebUIKeywordMain.runKeyword(WebUIKeywordMain.groovy:20)
	... 35 more
)

2020-03-04 11:42:22 - [TEST_STEP][PASSED] - print(modal): null

2020-03-04 11:42:22 - [TEST_STEP][FAILED] - if (motivo == "EntradaPorFabricacion"): Unable to verify object 'Object Repository/Page_Index - KAIZEN/mi_btn_agregar' is present (Root cause: com.kms.katalon.core.exception.StepFailedException: Unable to verify object 'Object Repository/Page_Index - KAIZEN/mi_btn_agregar' is present
	at com.kms.katalon.core.webui.keyword.internal.WebUIKeywordMain.stepFailed(WebUIKeywordMain.groovy:64)
	at com.kms.katalon.core.webui.keyword.internal.WebUIKeywordMain.runKeyword(WebUIKeywordMain.groovy:26)
	at com.kms.katalon.core.webui.keyword.builtin.VerifyElementPresentKeyword.verifyElementPresent(VerifyElementPresentKeyword.groovy:92)
	at com.kms.katalon.core.webui.keyword.builtin.VerifyElementPresentKeyword.execute(VerifyElementPresentKeyword.groovy:68)
	at com.kms.katalon.core.keyword.internal.KeywordExecutor.executeKeywordForPlatform(KeywordExecutor.groovy:72)
	at com.kms.katalon.core.webui.keyword.WebUiBuiltInKeywords.verifyElementPresent(WebUiBuiltInKeywords.groovy:1434)
	at com.kms.katalon.core.webui.keyword.WebUiBuiltInKeywords$verifyElementPresent$7.call(Unknown Source)
	at Movimientos_Inventario.run(Movimientos_Inventario:109)
	at com.kms.katalon.core.main.ScriptEngine.run(ScriptEngine.java:194)
	at com.kms.katalon.core.main.ScriptEngine.runScriptAsRawText(ScriptEngine.java:119)
	at com.kms.katalon.core.main.TestCaseExecutor.runScript(TestCaseExecutor.java:337)
	at com.kms.katalon.core.main.TestCaseExecutor.doExecute(TestCaseExecutor.java:328)
	at com.kms.katalon.core.main.TestCaseExecutor.processExecutionPhase(TestCaseExecutor.java:307)
	at com.kms.katalon.core.main.TestCaseExecutor.accessMainPhase(TestCaseExecutor.java:299)
	at com.kms.katalon.core.main.TestCaseExecutor.execute(TestCaseExecutor.java:233)
	at com.kms.katalon.core.main.TestCaseMain.runTestCase(TestCaseMain.java:114)
	at com.kms.katalon.core.keyword.builtin.CallTestCaseKeyword$_callTestCase_closure1.doCall(CallTestCaseKeyword.groovy:59)
	at com.kms.katalon.core.keyword.builtin.CallTestCaseKeyword$_callTestCase_closure1.call(CallTestCaseKeyword.groovy)
	at com.kms.katalon.core.keyword.internal.KeywordMain.runKeyword(KeywordMain.groovy:68)
	at com.kms.katalon.core.keyword.builtin.CallTestCaseKeyword.callTestCase(CallTestCaseKeyword.groovy:81)
	at com.kms.katalon.core.keyword.builtin.CallTestCaseKeyword.execute(CallTestCaseKeyword.groovy:44)
	at com.kms.katalon.core.keyword.internal.KeywordExecutor.executeKeywordForPlatform(KeywordExecutor.groovy:72)
	at com.kms.katalon.core.keyword.BuiltinKeywords.callTestCase(BuiltinKeywords.groovy:334)
	at TC_Agregar_Movimiento_Inventario.run(TC_Agregar_Movimiento_Inventario:31)
	at com.kms.katalon.core.main.ScriptEngine.run(ScriptEngine.java:194)
	at com.kms.katalon.core.main.ScriptEngine.runScriptAsRawText(ScriptEngine.java:119)
	at com.kms.katalon.core.main.TestCaseExecutor.runScript(TestCaseExecutor.java:337)
	at com.kms.katalon.core.main.TestCaseExecutor.doExecute(TestCaseExecutor.java:328)
	at com.kms.katalon.core.main.TestCaseExecutor.processExecutionPhase(TestCaseExecutor.java:307)
	at com.kms.katalon.core.main.TestCaseExecutor.accessMainPhase(TestCaseExecutor.java:299)
	at com.kms.katalon.core.main.TestCaseExecutor.execute(TestCaseExecutor.java:233)
	at com.kms.katalon.core.main.TestSuiteExecutor.accessTestCaseMainPhase(TestSuiteExecutor.java:169)
	at com.kms.katalon.core.main.TestSuiteExecutor.accessTestSuiteMainPhase(TestSuiteExecutor.java:142)
	at com.kms.katalon.core.main.TestSuiteExecutor.execute(TestSuiteExecutor.java:91)
	at com.kms.katalon.core.main.TestCaseMain.startTestSuite(TestCaseMain.java:157)
	at com.kms.katalon.core.main.TestCaseMain$startTestSuite$0.call(Unknown Source)
	at TempTestSuite1583334729493.run(TempTestSuite1583334729493.groovy:36)
Caused by: com.kms.katalon.core.exception.StepFailedException: com.kms.katalon.core.webui.exception.WebElementNotFoundException: Web element with id: 'Object Repository/Page_Index - KAIZEN/mi_btn_agregar' located by 'By.xpath: //div[@id='page-wrapper']/div/div/div/a' not found
	at com.kms.katalon.core.webui.keyword.internal.WebUIKeywordMain.stepFailed(WebUIKeywordMain.groovy:64)
	at com.kms.katalon.core.webui.keyword.builtin.VerifyElementPresentKeyword$_verifyElementPresent_closure1.doCall(VerifyElementPresentKeyword.groovy:85)
	at com.kms.katalon.core.webui.keyword.builtin.VerifyElementPresentKeyword$_verifyElementPresent_closure1.call(VerifyElementPresentKeyword.groovy)
	at com.kms.katalon.core.webui.keyword.internal.WebUIKeywordMain.runKeyword(WebUIKeywordMain.groovy:20)
	... 35 more
)

2020-03-04 11:42:22 - [TEST_STEP][PASSED] - click(findTestObject("Object Repository/Page_Create - KAIZEN/mi_btn_Guardar")): Object: 'Object Repository/Page_Create - KAIZEN/mi_btn_Guardar' is clicked on

2020-03-04 11:42:24 - [MESSAGE][PASSED] - Object: 'Object Repository/Page_Create - KAIZEN/mi_btn_Guardar' is clicked on

2020-03-04 11:42:24 - [TEST_STEP][FAILED] - verifyElementPresent(findTestObject("Object Repository/Page_Index - KAIZEN/mi_btn_agregar"), 5): Unable to verify object 'Object Repository/Page_Index - KAIZEN/mi_btn_agregar' is present (Root cause: com.kms.katalon.core.exception.StepFailedException: Unable to verify object 'Object Repository/Page_Index - KAIZEN/mi_btn_agregar' is present
	at com.kms.katalon.core.webui.keyword.internal.WebUIKeywordMain.stepFailed(WebUIKeywordMain.groovy:64)
	at com.kms.katalon.core.webui.keyword.internal.WebUIKeywordMain.runKeyword(WebUIKeywordMain.groovy:26)
	at com.kms.katalon.core.webui.keyword.builtin.VerifyElementPresentKeyword.verifyElementPresent(VerifyElementPresentKeyword.groovy:92)
	at com.kms.katalon.core.webui.keyword.builtin.VerifyElementPresentKeyword.execute(VerifyElementPresentKeyword.groovy:68)
	at com.kms.katalon.core.keyword.internal.KeywordExecutor.executeKeywordForPlatform(KeywordExecutor.groovy:72)
	at com.kms.katalon.core.webui.keyword.WebUiBuiltInKeywords.verifyElementPresent(WebUiBuiltInKeywords.groovy:1434)
	at com.kms.katalon.core.webui.keyword.WebUiBuiltInKeywords$verifyElementPresent$7.call(Unknown Source)
	at Movimientos_Inventario.run(Movimientos_Inventario:109)
	at com.kms.katalon.core.main.ScriptEngine.run(ScriptEngine.java:194)
	at com.kms.katalon.core.main.ScriptEngine.runScriptAsRawText(ScriptEngine.java:119)
	at com.kms.katalon.core.main.TestCaseExecutor.runScript(TestCaseExecutor.java:337)
	at com.kms.katalon.core.main.TestCaseExecutor.doExecute(TestCaseExecutor.java:328)
	at com.kms.katalon.core.main.TestCaseExecutor.processExecutionPhase(TestCaseExecutor.java:307)
	at com.kms.katalon.core.main.TestCaseExecutor.accessMainPhase(TestCaseExecutor.java:299)
	at com.kms.katalon.core.main.TestCaseExecutor.execute(TestCaseExecutor.java:233)
	at com.kms.katalon.core.main.TestCaseMain.runTestCase(TestCaseMain.java:114)
	at com.kms.katalon.core.keyword.builtin.CallTestCaseKeyword$_callTestCase_closure1.doCall(CallTestCaseKeyword.groovy:59)
	at com.kms.katalon.core.keyword.builtin.CallTestCaseKeyword$_callTestCase_closure1.call(CallTestCaseKeyword.groovy)
	at com.kms.katalon.core.keyword.internal.KeywordMain.runKeyword(KeywordMain.groovy:68)
	at com.kms.katalon.core.keyword.builtin.CallTestCaseKeyword.callTestCase(CallTestCaseKeyword.groovy:81)
	at com.kms.katalon.core.keyword.builtin.CallTestCaseKeyword.execute(CallTestCaseKeyword.groovy:44)
	at com.kms.katalon.core.keyword.internal.KeywordExecutor.executeKeywordForPlatform(KeywordExecutor.groovy:72)
	at com.kms.katalon.core.keyword.BuiltinKeywords.callTestCase(BuiltinKeywords.groovy:334)
	at TC_Agregar_Movimiento_Inventario.run(TC_Agregar_Movimiento_Inventario:31)
	at com.kms.katalon.core.main.ScriptEngine.run(ScriptEngine.java:194)
	at com.kms.katalon.core.main.ScriptEngine.runScriptAsRawText(ScriptEngine.java:119)
	at com.kms.katalon.core.main.TestCaseExecutor.runScript(TestCaseExecutor.java:337)
	at com.kms.katalon.core.main.TestCaseExecutor.doExecute(TestCaseExecutor.java:328)
	at com.kms.katalon.core.main.TestCaseExecutor.processExecutionPhase(TestCaseExecutor.java:307)
	at com.kms.katalon.core.main.TestCaseExecutor.accessMainPhase(TestCaseExecutor.java:299)
	at com.kms.katalon.core.main.TestCaseExecutor.execute(TestCaseExecutor.java:233)
	at com.kms.katalon.core.main.TestSuiteExecutor.accessTestCaseMainPhase(TestSuiteExecutor.java:169)
	at com.kms.katalon.core.main.TestSuiteExecutor.accessTestSuiteMainPhase(TestSuiteExecutor.java:142)
	at com.kms.katalon.core.main.TestSuiteExecutor.execute(TestSuiteExecutor.java:91)
	at com.kms.katalon.core.main.TestCaseMain.startTestSuite(TestCaseMain.java:157)
	at com.kms.katalon.core.main.TestCaseMain$startTestSuite$0.call(Unknown Source)
	at TempTestSuite1583334729493.run(TempTestSuite1583334729493.groovy:36)
Caused by: com.kms.katalon.core.exception.StepFailedException: com.kms.katalon.core.webui.exception.WebElementNotFoundException: Web element with id: 'Object Repository/Page_Index - KAIZEN/mi_btn_agregar' located by 'By.xpath: //div[@id='page-wrapper']/div/div/div/a' not found
	at com.kms.katalon.core.webui.keyword.internal.WebUIKeywordMain.stepFailed(WebUIKeywordMain.groovy:64)
	at com.kms.katalon.core.webui.keyword.builtin.VerifyElementPresentKeyword$_verifyElementPresent_closure1.doCall(VerifyElementPresentKeyword.groovy:85)
	at com.kms.katalon.core.webui.keyword.builtin.VerifyElementPresentKeyword$_verifyElementPresent_closure1.call(VerifyElementPresentKeyword.groovy)
	at com.kms.katalon.core.webui.keyword.internal.WebUIKeywordMain.runKeyword(WebUIKeywordMain.groovy:20)
	... 35 more
)

2020-03-04 11:42:32 - [MESSAGE][INFO] - Unable to find the element located by 'By.xpath: //div[@id='page-wrapper']/div/div/div/a'. Please recheck the objects properties to make sure the desired element is located. 

2020-03-04 11:42:32 - [MESSAGE][FAILED] - com.kms.katalon.core.webui.exception.WebElementNotFoundException: Web element with id: 'Object Repository/Page_Index - KAIZEN/mi_btn_agregar' located by 'By.xpath: //div[@id='page-wrapper']/div/div/div/a' not found (Root cause: com.kms.katalon.core.exception.StepFailedException: com.kms.katalon.core.webui.exception.WebElementNotFoundException: Web element with id: 'Object Repository/Page_Index - KAIZEN/mi_btn_agregar' located by 'By.xpath: //div[@id='page-wrapper']/div/div/div/a' not found
	at com.kms.katalon.core.webui.keyword.internal.WebUIKeywordMain.stepFailed(WebUIKeywordMain.groovy:64)
	at com.kms.katalon.core.webui.keyword.builtin.VerifyElementPresentKeyword$_verifyElementPresent_closure1.doCall(VerifyElementPresentKeyword.groovy:85)
	at com.kms.katalon.core.webui.keyword.builtin.VerifyElementPresentKeyword$_verifyElementPresent_closure1.call(VerifyElementPresentKeyword.groovy)
	at com.kms.katalon.core.webui.keyword.internal.WebUIKeywordMain.runKeyword(WebUIKeywordMain.groovy:20)
	at com.kms.katalon.core.webui.keyword.builtin.VerifyElementPresentKeyword.verifyElementPresent(VerifyElementPresentKeyword.groovy:92)
	at com.kms.katalon.core.webui.keyword.builtin.VerifyElementPresentKeyword.execute(VerifyElementPresentKeyword.groovy:68)
	at com.kms.katalon.core.keyword.internal.KeywordExecutor.executeKeywordForPlatform(KeywordExecutor.groovy:72)
	at com.kms.katalon.core.webui.keyword.WebUiBuiltInKeywords.verifyElementPresent(WebUiBuiltInKeywords.groovy:1434)
	at com.kms.katalon.core.webui.keyword.WebUiBuiltInKeywords$verifyElementPresent$7.call(Unknown Source)
	at Movimientos_Inventario.run(Movimientos_Inventario:109)
	at com.kms.katalon.core.main.ScriptEngine.run(ScriptEngine.java:194)
	at com.kms.katalon.core.main.ScriptEngine.runScriptAsRawText(ScriptEngine.java:119)
	at com.kms.katalon.core.main.TestCaseExecutor.runScript(TestCaseExecutor.java:337)
	at com.kms.katalon.core.main.TestCaseExecutor.doExecute(TestCaseExecutor.java:328)
	at com.kms.katalon.core.main.TestCaseExecutor.processExecutionPhase(TestCaseExecutor.java:307)
	at com.kms.katalon.core.main.TestCaseExecutor.accessMainPhase(TestCaseExecutor.java:299)
	at com.kms.katalon.core.main.TestCaseExecutor.execute(TestCaseExecutor.java:233)
	at com.kms.katalon.core.main.TestCaseMain.runTestCase(TestCaseMain.java:114)
	at com.kms.katalon.core.keyword.builtin.CallTestCaseKeyword$_callTestCase_closure1.doCall(CallTestCaseKeyword.groovy:59)
	at com.kms.katalon.core.keyword.builtin.CallTestCaseKeyword$_callTestCase_closure1.call(CallTestCaseKeyword.groovy)
	at com.kms.katalon.core.keyword.internal.KeywordMain.runKeyword(KeywordMain.groovy:68)
	at com.kms.katalon.core.keyword.builtin.CallTestCaseKeyword.callTestCase(CallTestCaseKeyword.groovy:81)
	at com.kms.katalon.core.keyword.builtin.CallTestCaseKeyword.execute(CallTestCaseKeyword.groovy:44)
	at com.kms.katalon.core.keyword.internal.KeywordExecutor.executeKeywordForPlatform(KeywordExecutor.groovy:72)
	at com.kms.katalon.core.keyword.BuiltinKeywords.callTestCase(BuiltinKeywords.groovy:334)
	at TC_Agregar_Movimiento_Inventario.run(TC_Agregar_Movimiento_Inventario:31)
	at com.kms.katalon.core.main.ScriptEngine.run(ScriptEngine.java:194)
	at com.kms.katalon.core.main.ScriptEngine.runScriptAsRawText(ScriptEngine.java:119)
	at com.kms.katalon.core.main.TestCaseExecutor.runScript(TestCaseExecutor.java:337)
	at com.kms.katalon.core.main.TestCaseExecutor.doExecute(TestCaseExecutor.java:328)
	at com.kms.katalon.core.main.TestCaseExecutor.processExecutionPhase(TestCaseExecutor.java:307)
	at com.kms.katalon.core.main.TestCaseExecutor.accessMainPhase(TestCaseExecutor.java:299)
	at com.kms.katalon.core.main.TestCaseExecutor.execute(TestCaseExecutor.java:233)
	at com.kms.katalon.core.main.TestSuiteExecutor.accessTestCaseMainPhase(TestSuiteExecutor.java:169)
	at com.kms.katalon.core.main.TestSuiteExecutor.accessTestSuiteMainPhase(TestSuiteExecutor.java:142)
	at com.kms.katalon.core.main.TestSuiteExecutor.execute(TestSuiteExecutor.java:91)
	at com.kms.katalon.core.main.TestCaseMain.startTestSuite(TestCaseMain.java:157)
	at com.kms.katalon.core.main.TestCaseMain$startTestSuite$0.call(Unknown Source)
	at TempTestSuite1583334729493.run(TempTestSuite1583334729493.groovy:36)
)
[[ATTACHMENT|C:\\Users\\kaizen\\git\\AutomatizacionKatalon\\Reports\\20200304_111209\\Funcionalidades_Pedidos\\Flujo Completo Mov Inventario\\20200304_111209\\1583336552320.png]]

2020-03-04 11:42:33 - [MESSAGE][FAILED] - Unable to verify object 'Object Repository/Page_Index - KAIZEN/mi_btn_agregar' is present (Root cause: com.kms.katalon.core.exception.StepFailedException: Unable to verify object 'Object Repository/Page_Index - KAIZEN/mi_btn_agregar' is present
	at com.kms.katalon.core.webui.keyword.internal.WebUIKeywordMain.stepFailed(WebUIKeywordMain.groovy:64)
	at com.kms.katalon.core.webui.keyword.internal.WebUIKeywordMain.runKeyword(WebUIKeywordMain.groovy:26)
	at com.kms.katalon.core.webui.keyword.builtin.VerifyElementPresentKeyword.verifyElementPresent(VerifyElementPresentKeyword.groovy:92)
	at com.kms.katalon.core.webui.keyword.builtin.VerifyElementPresentKeyword.execute(VerifyElementPresentKeyword.groovy:68)
	at com.kms.katalon.core.keyword.internal.KeywordExecutor.executeKeywordForPlatform(KeywordExecutor.groovy:72)
	at com.kms.katalon.core.webui.keyword.WebUiBuiltInKeywords.verifyElementPresent(WebUiBuiltInKeywords.groovy:1434)
	at com.kms.katalon.core.webui.keyword.WebUiBuiltInKeywords$verifyElementPresent$7.call(Unknown Source)
	at Movimientos_Inventario.run(Movimientos_Inventario:109)
	at com.kms.katalon.core.main.ScriptEngine.run(ScriptEngine.java:194)
	at com.kms.katalon.core.main.ScriptEngine.runScriptAsRawText(ScriptEngine.java:119)
	at com.kms.katalon.core.main.TestCaseExecutor.runScript(TestCaseExecutor.java:337)
	at com.kms.katalon.core.main.TestCaseExecutor.doExecute(TestCaseExecutor.java:328)
	at com.kms.katalon.core.main.TestCaseExecutor.processExecutionPhase(TestCaseExecutor.java:307)
	at com.kms.katalon.core.main.TestCaseExecutor.accessMainPhase(TestCaseExecutor.java:299)
	at com.kms.katalon.core.main.TestCaseExecutor.execute(TestCaseExecutor.java:233)
	at com.kms.katalon.core.main.TestCaseMain.runTestCase(TestCaseMain.java:114)
	at com.kms.katalon.core.keyword.builtin.CallTestCaseKeyword$_callTestCase_closure1.doCall(CallTestCaseKeyword.groovy:59)
	at com.kms.katalon.core.keyword.builtin.CallTestCaseKeyword$_callTestCase_closure1.call(CallTestCaseKeyword.groovy)
	at com.kms.katalon.core.keyword.internal.KeywordMain.runKeyword(KeywordMain.groovy:68)
	at com.kms.katalon.core.keyword.builtin.CallTestCaseKeyword.callTestCase(CallTestCaseKeyword.groovy:81)
	at com.kms.katalon.core.keyword.builtin.CallTestCaseKeyword.execute(CallTestCaseKeyword.groovy:44)
	at com.kms.katalon.core.keyword.internal.KeywordExecutor.executeKeywordForPlatform(KeywordExecutor.groovy:72)
	at com.kms.katalon.core.keyword.BuiltinKeywords.callTestCase(BuiltinKeywords.groovy:334)
	at TC_Agregar_Movimiento_Inventario.run(TC_Agregar_Movimiento_Inventario:31)
	at com.kms.katalon.core.main.ScriptEngine.run(ScriptEngine.java:194)
	at com.kms.katalon.core.main.ScriptEngine.runScriptAsRawText(ScriptEngine.java:119)
	at com.kms.katalon.core.main.TestCaseExecutor.runScript(TestCaseExecutor.java:337)
	at com.kms.katalon.core.main.TestCaseExecutor.doExecute(TestCaseExecutor.java:328)
	at com.kms.katalon.core.main.TestCaseExecutor.processExecutionPhase(TestCaseExecutor.java:307)
	at com.kms.katalon.core.main.TestCaseExecutor.accessMainPhase(TestCaseExecutor.java:299)
	at com.kms.katalon.core.main.TestCaseExecutor.execute(TestCaseExecutor.java:233)
	at com.kms.katalon.core.main.TestSuiteExecutor.accessTestCaseMainPhase(TestSuiteExecutor.java:169)
	at com.kms.katalon.core.main.TestSuiteExecutor.accessTestSuiteMainPhase(TestSuiteExecutor.java:142)
	at com.kms.katalon.core.main.TestSuiteExecutor.execute(TestSuiteExecutor.java:91)
	at com.kms.katalon.core.main.TestCaseMain.startTestSuite(TestCaseMain.java:157)
	at com.kms.katalon.core.main.TestCaseMain$startTestSuite$0.call(Unknown Source)
	at TempTestSuite1583334729493.run(TempTestSuite1583334729493.groovy:36)
Caused by: com.kms.katalon.core.exception.StepFailedException: com.kms.katalon.core.webui.exception.WebElementNotFoundException: Web element with id: 'Object Repository/Page_Index - KAIZEN/mi_btn_agregar' located by 'By.xpath: //div[@id='page-wrapper']/div/div/div/a' not found
	at com.kms.katalon.core.webui.keyword.internal.WebUIKeywordMain.stepFailed(WebUIKeywordMain.groovy:64)
	at com.kms.katalon.core.webui.keyword.builtin.VerifyElementPresentKeyword$_verifyElementPresent_closure1.doCall(VerifyElementPresentKeyword.groovy:85)
	at com.kms.katalon.core.webui.keyword.builtin.VerifyElementPresentKeyword$_verifyElementPresent_closure1.call(VerifyElementPresentKeyword.groovy)
	at com.kms.katalon.core.webui.keyword.internal.WebUIKeywordMain.runKeyword(WebUIKeywordMain.groovy:20)
	... 35 more
)
[[ATTACHMENT|C:\\Users\\kaizen\\git\\AutomatizacionKatalon\\Reports\\20200304_111209\\Funcionalidades_Pedidos\\Flujo Completo Mov Inventario\\20200304_111209\\1583336552698.png]]

2020-03-04 11:42:33 - [MESSAGE][FAILED] - Unable to call Test Case 'Test Cases/Individual_Tests/Movimientos_Inventario' (Root cause: com.kms.katalon.core.exception.StepFailedException: Call Test Case 'Test Cases/Individual_Tests/Movimientos_Inventario' failed
	at com.kms.katalon.core.keyword.builtin.CallTestCaseKeyword$_callTestCase_closure1.doCall(CallTestCaseKeyword.groovy:63)
	at com.kms.katalon.core.keyword.builtin.CallTestCaseKeyword$_callTestCase_closure1.call(CallTestCaseKeyword.groovy)
	at com.kms.katalon.core.keyword.internal.KeywordMain.runKeyword(KeywordMain.groovy:68)
	at com.kms.katalon.core.keyword.builtin.CallTestCaseKeyword.callTestCase(CallTestCaseKeyword.groovy:81)
	at com.kms.katalon.core.keyword.builtin.CallTestCaseKeyword.execute(CallTestCaseKeyword.groovy:44)
	at com.kms.katalon.core.keyword.internal.KeywordExecutor.executeKeywordForPlatform(KeywordExecutor.groovy:72)
	at com.kms.katalon.core.keyword.BuiltinKeywords.callTestCase(BuiltinKeywords.groovy:334)
	at TC_Agregar_Movimiento_Inventario.run(TC_Agregar_Movimiento_Inventario:31)
	at com.kms.katalon.core.main.ScriptEngine.run(ScriptEngine.java:194)
	at com.kms.katalon.core.main.ScriptEngine.runScriptAsRawText(ScriptEngine.java:119)
	at com.kms.katalon.core.main.TestCaseExecutor.runScript(TestCaseExecutor.java:337)
	at com.kms.katalon.core.main.TestCaseExecutor.doExecute(TestCaseExecutor.java:328)
	at com.kms.katalon.core.main.TestCaseExecutor.processExecutionPhase(TestCaseExecutor.java:307)
	at com.kms.katalon.core.main.TestCaseExecutor.accessMainPhase(TestCaseExecutor.java:299)
	at com.kms.katalon.core.main.TestCaseExecutor.execute(TestCaseExecutor.java:233)
	at com.kms.katalon.core.main.TestSuiteExecutor.accessTestCaseMainPhase(TestSuiteExecutor.java:169)
	at com.kms.katalon.core.main.TestSuiteExecutor.accessTestSuiteMainPhase(TestSuiteExecutor.java:142)
	at com.kms.katalon.core.main.TestSuiteExecutor.execute(TestSuiteExecutor.java:91)
	at com.kms.katalon.core.main.TestCaseMain.startTestSuite(TestCaseMain.java:157)
	at com.kms.katalon.core.main.TestCaseMain$startTestSuite$0.call(Unknown Source)
	at TempTestSuite1583334729493.run(TempTestSuite1583334729493.groovy:36)
Caused by: com.kms.katalon.core.exception.StepFailedException: Unable to verify object 'Object Repository/Page_Index - KAIZEN/mi_btn_agregar' is present
	at com.kms.katalon.core.webui.keyword.internal.WebUIKeywordMain.stepFailed(WebUIKeywordMain.groovy:64)
	at com.kms.katalon.core.webui.keyword.internal.WebUIKeywordMain.runKeyword(WebUIKeywordMain.groovy:26)
	at com.kms.katalon.core.webui.keyword.builtin.VerifyElementPresentKeyword.verifyElementPresent(VerifyElementPresentKeyword.groovy:92)
	at com.kms.katalon.core.webui.keyword.builtin.VerifyElementPresentKeyword.execute(VerifyElementPresentKeyword.groovy:68)
	at com.kms.katalon.core.keyword.internal.KeywordExecutor.executeKeywordForPlatform(KeywordExecutor.groovy:72)
	at com.kms.katalon.core.webui.keyword.WebUiBuiltInKeywords.verifyElementPresent(WebUiBuiltInKeywords.groovy:1434)
	at com.kms.katalon.core.webui.keyword.WebUiBuiltInKeywords$verifyElementPresent$7.call(Unknown Source)
	at Movimientos_Inventario.run(Movimientos_Inventario:109)
	at com.kms.katalon.core.main.ScriptEngine.run(ScriptEngine.java:194)
	at com.kms.katalon.core.main.ScriptEngine.runScriptAsRawText(ScriptEngine.java:119)
	at com.kms.katalon.core.main.TestCaseExecutor.runScript(TestCaseExecutor.java:337)
	at com.kms.katalon.core.main.TestCaseExecutor.doExecute(TestCaseExecutor.java:328)
	at com.kms.katalon.core.main.TestCaseExecutor.processExecutionPhase(TestCaseExecutor.java:307)
	at com.kms.katalon.core.main.TestCaseExecutor.accessMainPhase(TestCaseExecutor.java:299)
	at com.kms.katalon.core.main.TestCaseExecutor.execute(TestCaseExecutor.java:233)
	at com.kms.katalon.core.main.TestCaseMain.runTestCase(TestCaseMain.java:114)
	at com.kms.katalon.core.keyword.builtin.CallTestCaseKeyword$_callTestCase_closure1.doCall(CallTestCaseKeyword.groovy:59)
	... 20 more
Caused by: com.kms.katalon.core.exception.StepFailedException: com.kms.katalon.core.webui.exception.WebElementNotFoundException: Web element with id: 'Object Repository/Page_Index - KAIZEN/mi_btn_agregar' located by 'By.xpath: //div[@id='page-wrapper']/div/div/div/a' not found
	at com.kms.katalon.core.webui.keyword.internal.WebUIKeywordMain.stepFailed(WebUIKeywordMain.groovy:64)
	at com.kms.katalon.core.webui.keyword.builtin.VerifyElementPresentKeyword$_verifyElementPresent_closure1.doCall(VerifyElementPresentKeyword.groovy:85)
	at com.kms.katalon.core.webui.keyword.builtin.VerifyElementPresentKeyword$_verifyElementPresent_closure1.call(VerifyElementPresentKeyword.groovy)
	at com.kms.katalon.core.webui.keyword.internal.WebUIKeywordMain.runKeyword(WebUIKeywordMain.groovy:20)
	... 35 more
)]]></system-out>
         <system-err><![CDATA[2020-03-04 11:12:12 - [TEST_CASE][FAILED] - Test Cases/Secuencias de Ejecucion/TC_Agregar_Movimiento_Inventario: Test Cases/Secuencias de Ejecucion/TC_Agregar_Movimiento_Inventario FAILED.
Reason:
com.kms.katalon.core.exception.StepFailedException: Call Test Case 'Test Cases/Individual_Tests/Movimientos_Inventario' failed
	at com.kms.katalon.core.keyword.builtin.CallTestCaseKeyword$_callTestCase_closure1.doCall(CallTestCaseKeyword.groovy:63)
	at com.kms.katalon.core.keyword.builtin.CallTestCaseKeyword$_callTestCase_closure1.call(CallTestCaseKeyword.groovy)
	at com.kms.katalon.core.keyword.internal.KeywordMain.runKeyword(KeywordMain.groovy:68)
	at com.kms.katalon.core.keyword.builtin.CallTestCaseKeyword.callTestCase(CallTestCaseKeyword.groovy:81)
	at com.kms.katalon.core.keyword.builtin.CallTestCaseKeyword.execute(CallTestCaseKeyword.groovy:44)
	at com.kms.katalon.core.keyword.internal.KeywordExecutor.executeKeywordForPlatform(KeywordExecutor.groovy:72)
	at com.kms.katalon.core.keyword.BuiltinKeywords.callTestCase(BuiltinKeywords.groovy:334)
	at TC_Agregar_Movimiento_Inventario.run(TC_Agregar_Movimiento_Inventario:31)
	at com.kms.katalon.core.main.ScriptEngine.run(ScriptEngine.java:194)
	at com.kms.katalon.core.main.ScriptEngine.runScriptAsRawText(ScriptEngine.java:119)
	at com.kms.katalon.core.main.TestCaseExecutor.runScript(TestCaseExecutor.java:337)
	at com.kms.katalon.core.main.TestCaseExecutor.doExecute(TestCaseExecutor.java:328)
	at com.kms.katalon.core.main.TestCaseExecutor.processExecutionPhase(TestCaseExecutor.java:307)
	at com.kms.katalon.core.main.TestCaseExecutor.accessMainPhase(TestCaseExecutor.java:299)
	at com.kms.katalon.core.main.TestCaseExecutor.execute(TestCaseExecutor.java:233)
	at com.kms.katalon.core.main.TestSuiteExecutor.accessTestCaseMainPhase(TestSuiteExecutor.java:169)
	at com.kms.katalon.core.main.TestSuiteExecutor.accessTestSuiteMainPhase(TestSuiteExecutor.java:142)
	at com.kms.katalon.core.main.TestSuiteExecutor.execute(TestSuiteExecutor.java:91)
	at com.kms.katalon.core.main.TestCaseMain.startTestSuite(TestCaseMain.java:157)
	at com.kms.katalon.core.main.TestCaseMain$startTestSuite$0.call(Unknown Source)
	at TempTestSuite1583334729493.run(TempTestSuite1583334729493.groovy:36)
Caused by: com.kms.katalon.core.exception.StepFailedException: Unable to verify object 'Object Repository/Page_Index - KAIZEN/mi_btn_agregar' is present
	at com.kms.katalon.core.webui.keyword.internal.WebUIKeywordMain.stepFailed(WebUIKeywordMain.groovy:64)
	at com.kms.katalon.core.webui.keyword.internal.WebUIKeywordMain.runKeyword(WebUIKeywordMain.groovy:26)
	at com.kms.katalon.core.webui.keyword.builtin.VerifyElementPresentKeyword.verifyElementPresent(VerifyElementPresentKeyword.groovy:92)
	at com.kms.katalon.core.webui.keyword.builtin.VerifyElementPresentKeyword.execute(VerifyElementPresentKeyword.groovy:68)
	at com.kms.katalon.core.keyword.internal.KeywordExecutor.executeKeywordForPlatform(KeywordExecutor.groovy:72)
	at com.kms.katalon.core.webui.keyword.WebUiBuiltInKeywords.verifyElementPresent(WebUiBuiltInKeywords.groovy:1434)
	at com.kms.katalon.core.webui.keyword.WebUiBuiltInKeywords$verifyElementPresent$7.call(Unknown Source)
	at Movimientos_Inventario.run(Movimientos_Inventario:109)
	at com.kms.katalon.core.main.ScriptEngine.run(ScriptEngine.java:194)
	at com.kms.katalon.core.main.ScriptEngine.runScriptAsRawText(ScriptEngine.java:119)
	at com.kms.katalon.core.main.TestCaseExecutor.runScript(TestCaseExecutor.java:337)
	at com.kms.katalon.core.main.TestCaseExecutor.doExecute(TestCaseExecutor.java:328)
	at com.kms.katalon.core.main.TestCaseExecutor.processExecutionPhase(TestCaseExecutor.java:307)
	at com.kms.katalon.core.main.TestCaseExecutor.accessMainPhase(TestCaseExecutor.java:299)
	at com.kms.katalon.core.main.TestCaseExecutor.execute(TestCaseExecutor.java:233)
	at com.kms.katalon.core.main.TestCaseMain.runTestCase(TestCaseMain.java:114)
	at com.kms.katalon.core.keyword.builtin.CallTestCaseKeyword$_callTestCase_closure1.doCall(CallTestCaseKeyword.groovy:59)
	... 20 more
Caused by: com.kms.katalon.core.exception.StepFailedException: com.kms.katalon.core.webui.exception.WebElementNotFoundException: Web element with id: 'Object Repository/Page_Index - KAIZEN/mi_btn_agregar' located by 'By.xpath: //div[@id='page-wrapper']/div/div/div/a' not found
	at com.kms.katalon.core.webui.keyword.internal.WebUIKeywordMain.stepFailed(WebUIKeywordMain.groovy:64)
	at com.kms.katalon.core.webui.keyword.builtin.VerifyElementPresentKeyword$_verifyElementPresent_closure1.doCall(VerifyElementPresentKeyword.groovy:85)
	at com.kms.katalon.core.webui.keyword.builtin.VerifyElementPresentKeyword$_verifyElementPresent_closure1.call(VerifyElementPresentKeyword.groovy)
	at com.kms.katalon.core.webui.keyword.internal.WebUIKeywordMain.runKeyword(WebUIKeywordMain.groovy:20)
	... 35 more]]></system-err>
      </testcase>
      <system-out><![CDATA[2020-03-04 11:12:12 - [TEST_SUITE][FAILED] - Flujo Completo Mov Inventario: Test Cases/Secuencias de Ejecucion/TC_Agregar_Movimiento_Inventario FAILED.
Reason:
com.kms.katalon.core.exception.StepFailedException: Call Test Case 'Test Cases/Individual_Tests/Movimientos_Inventario' failed
	at com.kms.katalon.core.keyword.builtin.CallTestCaseKeyword$_callTestCase_closure1.doCall(CallTestCaseKeyword.groovy:63)
	at com.kms.katalon.core.keyword.builtin.CallTestCaseKeyword$_callTestCase_closure1.call(CallTestCaseKeyword.groovy)
	at com.kms.katalon.core.keyword.internal.KeywordMain.runKeyword(KeywordMain.groovy:68)
	at com.kms.katalon.core.keyword.builtin.CallTestCaseKeyword.callTestCase(CallTestCaseKeyword.groovy:81)
	at com.kms.katalon.core.keyword.builtin.CallTestCaseKeyword.execute(CallTestCaseKeyword.groovy:44)
	at com.kms.katalon.core.keyword.internal.KeywordExecutor.executeKeywordForPlatform(KeywordExecutor.groovy:72)
	at com.kms.katalon.core.keyword.BuiltinKeywords.callTestCase(BuiltinKeywords.groovy:334)
	at TC_Agregar_Movimiento_Inventario.run(TC_Agregar_Movimiento_Inventario:31)
	at com.kms.katalon.core.main.ScriptEngine.run(ScriptEngine.java:194)
	at com.kms.katalon.core.main.ScriptEngine.runScriptAsRawText(ScriptEngine.java:119)
	at com.kms.katalon.core.main.TestCaseExecutor.runScript(TestCaseExecutor.java:337)
	at com.kms.katalon.core.main.TestCaseExecutor.doExecute(TestCaseExecutor.java:328)
	at com.kms.katalon.core.main.TestCaseExecutor.processExecutionPhase(TestCaseExecutor.java:307)
	at com.kms.katalon.core.main.TestCaseExecutor.accessMainPhase(TestCaseExecutor.java:299)
	at com.kms.katalon.core.main.TestCaseExecutor.execute(TestCaseExecutor.java:233)
	at com.kms.katalon.core.main.TestSuiteExecutor.accessTestCaseMainPhase(TestSuiteExecutor.java:169)
	at com.kms.katalon.core.main.TestSuiteExecutor.accessTestSuiteMainPhase(TestSuiteExecutor.java:142)
	at com.kms.katalon.core.main.TestSuiteExecutor.execute(TestSuiteExecutor.java:91)
	at com.kms.katalon.core.main.TestCaseMain.startTestSuite(TestCaseMain.java:157)
	at com.kms.katalon.core.main.TestCaseMain$startTestSuite$0.call(Unknown Source)
	at TempTestSuite1583334729493.run(TempTestSuite1583334729493.groovy:36)
Caused by: com.kms.katalon.core.exception.StepFailedException: Unable to verify object 'Object Repository/Page_Index - KAIZEN/mi_btn_agregar' is present
	at com.kms.katalon.core.webui.keyword.internal.WebUIKeywordMain.stepFailed(WebUIKeywordMain.groovy:64)
	at com.kms.katalon.core.webui.keyword.internal.WebUIKeywordMain.runKeyword(WebUIKeywordMain.groovy:26)
	at com.kms.katalon.core.webui.keyword.builtin.VerifyElementPresentKeyword.verifyElementPresent(VerifyElementPresentKeyword.groovy:92)
	at com.kms.katalon.core.webui.keyword.builtin.VerifyElementPresentKeyword.execute(VerifyElementPresentKeyword.groovy:68)
	at com.kms.katalon.core.keyword.internal.KeywordExecutor.executeKeywordForPlatform(KeywordExecutor.groovy:72)
	at com.kms.katalon.core.webui.keyword.WebUiBuiltInKeywords.verifyElementPresent(WebUiBuiltInKeywords.groovy:1434)
	at com.kms.katalon.core.webui.keyword.WebUiBuiltInKeywords$verifyElementPresent$7.call(Unknown Source)
	at Movimientos_Inventario.run(Movimientos_Inventario:109)
	at com.kms.katalon.core.main.ScriptEngine.run(ScriptEngine.java:194)
	at com.kms.katalon.core.main.ScriptEngine.runScriptAsRawText(ScriptEngine.java:119)
	at com.kms.katalon.core.main.TestCaseExecutor.runScript(TestCaseExecutor.java:337)
	at com.kms.katalon.core.main.TestCaseExecutor.doExecute(TestCaseExecutor.java:328)
	at com.kms.katalon.core.main.TestCaseExecutor.processExecutionPhase(TestCaseExecutor.java:307)
	at com.kms.katalon.core.main.TestCaseExecutor.accessMainPhase(TestCaseExecutor.java:299)
	at com.kms.katalon.core.main.TestCaseExecutor.execute(TestCaseExecutor.java:233)
	at com.kms.katalon.core.main.TestCaseMain.runTestCase(TestCaseMain.java:114)
	at com.kms.katalon.core.keyword.builtin.CallTestCaseKeyword$_callTestCase_closure1.doCall(CallTestCaseKeyword.groovy:59)
	... 20 more
Caused by: com.kms.katalon.core.exception.StepFailedException: com.kms.katalon.core.webui.exception.WebElementNotFoundException: Web element with id: 'Object Repository/Page_Index - KAIZEN/mi_btn_agregar' located by 'By.xpath: //div[@id='page-wrapper']/div/div/div/a' not found
	at com.kms.katalon.core.webui.keyword.internal.WebUIKeywordMain.stepFailed(WebUIKeywordMain.groovy:64)
	at com.kms.katalon.core.webui.keyword.builtin.VerifyElementPresentKeyword$_verifyElementPresent_closure1.doCall(VerifyElementPresentKeyword.groovy:85)
	at com.kms.katalon.core.webui.keyword.builtin.VerifyElementPresentKeyword$_verifyElementPresent_closure1.call(VerifyElementPresentKeyword.groovy)
	at com.kms.katalon.core.webui.keyword.internal.WebUIKeywordMain.runKeyword(WebUIKeywordMain.groovy:20)
	... 35 more]]></system-out>
      <system-err><![CDATA[2020-03-04 11:12:12 - [TEST_SUITE][FAILED] - Flujo Completo Mov Inventario: Test Cases/Secuencias de Ejecucion/TC_Agregar_Movimiento_Inventario FAILED.
Reason:
com.kms.katalon.core.exception.StepFailedException: Call Test Case 'Test Cases/Individual_Tests/Movimientos_Inventario' failed
	at com.kms.katalon.core.keyword.builtin.CallTestCaseKeyword$_callTestCase_closure1.doCall(CallTestCaseKeyword.groovy:63)
	at com.kms.katalon.core.keyword.builtin.CallTestCaseKeyword$_callTestCase_closure1.call(CallTestCaseKeyword.groovy)
	at com.kms.katalon.core.keyword.internal.KeywordMain.runKeyword(KeywordMain.groovy:68)
	at com.kms.katalon.core.keyword.builtin.CallTestCaseKeyword.callTestCase(CallTestCaseKeyword.groovy:81)
	at com.kms.katalon.core.keyword.builtin.CallTestCaseKeyword.execute(CallTestCaseKeyword.groovy:44)
	at com.kms.katalon.core.keyword.internal.KeywordExecutor.executeKeywordForPlatform(KeywordExecutor.groovy:72)
	at com.kms.katalon.core.keyword.BuiltinKeywords.callTestCase(BuiltinKeywords.groovy:334)
	at TC_Agregar_Movimiento_Inventario.run(TC_Agregar_Movimiento_Inventario:31)
	at com.kms.katalon.core.main.ScriptEngine.run(ScriptEngine.java:194)
	at com.kms.katalon.core.main.ScriptEngine.runScriptAsRawText(ScriptEngine.java:119)
	at com.kms.katalon.core.main.TestCaseExecutor.runScript(TestCaseExecutor.java:337)
	at com.kms.katalon.core.main.TestCaseExecutor.doExecute(TestCaseExecutor.java:328)
	at com.kms.katalon.core.main.TestCaseExecutor.processExecutionPhase(TestCaseExecutor.java:307)
	at com.kms.katalon.core.main.TestCaseExecutor.accessMainPhase(TestCaseExecutor.java:299)
	at com.kms.katalon.core.main.TestCaseExecutor.execute(TestCaseExecutor.java:233)
	at com.kms.katalon.core.main.TestSuiteExecutor.accessTestCaseMainPhase(TestSuiteExecutor.java:169)
	at com.kms.katalon.core.main.TestSuiteExecutor.accessTestSuiteMainPhase(TestSuiteExecutor.java:142)
	at com.kms.katalon.core.main.TestSuiteExecutor.execute(TestSuiteExecutor.java:91)
	at com.kms.katalon.core.main.TestCaseMain.startTestSuite(TestCaseMain.java:157)
	at com.kms.katalon.core.main.TestCaseMain$startTestSuite$0.call(Unknown Source)
	at TempTestSuite1583334729493.run(TempTestSuite1583334729493.groovy:36)
Caused by: com.kms.katalon.core.exception.StepFailedException: Unable to verify object 'Object Repository/Page_Index - KAIZEN/mi_btn_agregar' is present
	at com.kms.katalon.core.webui.keyword.internal.WebUIKeywordMain.stepFailed(WebUIKeywordMain.groovy:64)
	at com.kms.katalon.core.webui.keyword.internal.WebUIKeywordMain.runKeyword(WebUIKeywordMain.groovy:26)
	at com.kms.katalon.core.webui.keyword.builtin.VerifyElementPresentKeyword.verifyElementPresent(VerifyElementPresentKeyword.groovy:92)
	at com.kms.katalon.core.webui.keyword.builtin.VerifyElementPresentKeyword.execute(VerifyElementPresentKeyword.groovy:68)
	at com.kms.katalon.core.keyword.internal.KeywordExecutor.executeKeywordForPlatform(KeywordExecutor.groovy:72)
	at com.kms.katalon.core.webui.keyword.WebUiBuiltInKeywords.verifyElementPresent(WebUiBuiltInKeywords.groovy:1434)
	at com.kms.katalon.core.webui.keyword.WebUiBuiltInKeywords$verifyElementPresent$7.call(Unknown Source)
	at Movimientos_Inventario.run(Movimientos_Inventario:109)
	at com.kms.katalon.core.main.ScriptEngine.run(ScriptEngine.java:194)
	at com.kms.katalon.core.main.ScriptEngine.runScriptAsRawText(ScriptEngine.java:119)
	at com.kms.katalon.core.main.TestCaseExecutor.runScript(TestCaseExecutor.java:337)
	at com.kms.katalon.core.main.TestCaseExecutor.doExecute(TestCaseExecutor.java:328)
	at com.kms.katalon.core.main.TestCaseExecutor.processExecutionPhase(TestCaseExecutor.java:307)
	at com.kms.katalon.core.main.TestCaseExecutor.accessMainPhase(TestCaseExecutor.java:299)
	at com.kms.katalon.core.main.TestCaseExecutor.execute(TestCaseExecutor.java:233)
	at com.kms.katalon.core.main.TestCaseMain.runTestCase(TestCaseMain.java:114)
	at com.kms.katalon.core.keyword.builtin.CallTestCaseKeyword$_callTestCase_closure1.doCall(CallTestCaseKeyword.groovy:59)
	... 20 more
Caused by: com.kms.katalon.core.exception.StepFailedException: com.kms.katalon.core.webui.exception.WebElementNotFoundException: Web element with id: 'Object Repository/Page_Index - KAIZEN/mi_btn_agregar' located by 'By.xpath: //div[@id='page-wrapper']/div/div/div/a' not found
	at com.kms.katalon.core.webui.keyword.internal.WebUIKeywordMain.stepFailed(WebUIKeywordMain.groovy:64)
	at com.kms.katalon.core.webui.keyword.builtin.VerifyElementPresentKeyword$_verifyElementPresent_closure1.doCall(VerifyElementPresentKeyword.groovy:85)
	at com.kms.katalon.core.webui.keyword.builtin.VerifyElementPresentKeyword$_verifyElementPresent_closure1.call(VerifyElementPresentKeyword.groovy)
	at com.kms.katalon.core.webui.keyword.internal.WebUIKeywordMain.runKeyword(WebUIKeywordMain.groovy:20)
	... 35 more]]></system-err>
   </testsuite>
</testsuites>
