<?xml version="1.0" encoding="UTF-8"?>
<testsuites name="1-Crear_Pedidos_20_TestSuites" time="7.151" tests="1" failures="0" errors="0">
   <testsuite name="1-Crear_Pedidos_20_TestSuites" tests="1" failures="0" errors="0" time="7.151" timestamp="2020-02-17 14:44:14" hostname="kaizen - LAPTOP-K43U1BVQ" id="Test Suites/Funcionalidades_Pedidos/1-Crear_Pedidos_20_TestSuites">
      <properties>
         <property name="deviceName" value=""/>
         <property name="devicePlatform" value=""/>
         <property name="logFolder" value="C:\\Users\\kaizen\\git\\AutomatizacionKatalon\\Reports\\20200217_144406\\Funcionalidades_Pedidos\\1-Crear_Pedidos_20_TestSuites\\20200217_144406"/>
         <property name="logFiles" value="C:\\Users\\kaizen\\git\\AutomatizacionKatalon\\Reports\\20200217_144406\\Funcionalidades_Pedidos\\1-Crear_Pedidos_20_TestSuites\\20200217_144406\\execution0.log"/>
         <property name="attachments" value=""/>
         <property name="hostName" value="kaizen - LAPTOP-K43U1BVQ"/>
         <property name="hostAddress" value="192.168.99.1"/>
         <property name="os" value="Windows 10 64bit"/>
         <property name="katalonVersion" value="7.2.1.1"/>
      </properties>
      <testcase name="Test Cases/Secuencias de Ejecucion/TC_Generar_Aleatorio_Pedidos_20pies" time="6.636" classname="Test Cases/Secuencias de Ejecucion/TC_Generar_Aleatorio_Pedidos_20pies" status="PASSED">
         <system-out><![CDATA[2020-02-17 14:44:14 - [TEST_CASE][PASSED] - Test Cases/Secuencias de Ejecucion/TC_Generar_Aleatorio_Pedidos_20pies: Test Cases/Secuencias de Ejecucion/TC_Generar_Aleatorio_Pedidos_20pies

2020-02-17 14:44:14 - [TEST_STEP][PASSED] - python.ejecutarAleatoriosPython.runPython("Crear20"): python.ejecutarAleatoriosPython.runPython is PASSED

2020-02-17 14:44:21 - [MESSAGE][PASSED] - python.ejecutarAleatoriosPython.runPython is PASSED]]></system-out>
         <system-err><![CDATA[]]></system-err>
      </testcase>
      <system-out><![CDATA[2020-02-17 14:44:14 - [TEST_SUITE][PASSED] - 1-Crear_Pedidos_20_TestSuites: Test Cases/Secuencias de Ejecucion/TC_Generar_Aleatorio_Pedidos_20pies]]></system-out>
      <system-err><![CDATA[]]></system-err>
   </testsuite>
</testsuites>
