<?xml version="1.0" encoding="UTF-8"?>
<testsuites name="Aprobaciones_TestSuites" time="5.107" tests="1" failures="0" errors="0">
   <testsuite name="Aprobaciones_TestSuites" tests="1" failures="0" errors="0" time="5.107" timestamp="2020-01-24 15:09:11" hostname="kaizen - DESKTOP-38N4VV4" id="Test Suites/Flujo_funcionalidades_Pedidos_20pies/Aprobaciones_TestSuites">
      <properties>
         <property name="deviceName" value=""/>
         <property name="devicePlatform" value=""/>
         <property name="logFolder" value="C:\\Users\\kaizen\\git\\AutomatizacionKatalon\\Reports\\20200124_150908\\Flujo_funcionalidades_Pedidos_20pies\\Aprobaciones_TestSuites\\20200124_150908"/>
         <property name="logFiles" value="C:\\Users\\kaizen\\git\\AutomatizacionKatalon\\Reports\\20200124_150908\\Flujo_funcionalidades_Pedidos_20pies\\Aprobaciones_TestSuites\\20200124_150908\\execution0.log"/>
         <property name="attachments" value=""/>
         <property name="hostName" value="kaizen - DESKTOP-38N4VV4"/>
         <property name="hostAddress" value="192.168.1.101"/>
         <property name="os" value="Windows 10 64bit"/>
         <property name="katalonVersion" value="7.2.1.1"/>
      </properties>
      <testcase name="Test Cases/Secuencias de Ejecucion/TC_Generar_Aprobaciones_20pies" time="4.36" classname="Test Cases/Secuencias de Ejecucion/TC_Generar_Aprobaciones_20pies" status="PASSED">
         <system-out><![CDATA[2020-01-24 15:09:11 - [TEST_CASE][PASSED] - Test Cases/Secuencias de Ejecucion/TC_Generar_Aprobaciones_20pies: Test Cases/Secuencias de Ejecucion/TC_Generar_Aprobaciones_20pies

2020-01-24 15:09:12 - [TEST_STEP][PASSED] - python.Ex_pedidos_aprobar_20pies.runPython(): python.Ex_pedidos_aprobar_20pies.runPython is PASSED

2020-01-24 15:09:16 - [MESSAGE][PASSED] - python.Ex_pedidos_aprobar_20pies.runPython is PASSED]]></system-out>
         <system-err><![CDATA[]]></system-err>
      </testcase>
      <system-out><![CDATA[2020-01-24 15:09:11 - [TEST_SUITE][PASSED] - Aprobaciones_TestSuites: Test Cases/Secuencias de Ejecucion/TC_Generar_Aprobaciones_20pies]]></system-out>
      <system-err><![CDATA[]]></system-err>
   </testsuite>
</testsuites>
