<?xml version="1.0" encoding="UTF-8"?>
<testsuites name="Flujo Completo 20 pies" time="1122.853" tests="13" failures="2" errors="0">
   <testsuite name="Flujo Completo 20 pies" tests="13" failures="2" errors="0" time="1122.853" timestamp="2020-03-11 09:16:25" hostname="kaizen - LAPTOP-K43U1BVQ" id="Test Suites/Funcionalidades_Pedidos/Flujo Completo 20 pies">
      <properties>
         <property name="deviceName" value=""/>
         <property name="devicePlatform" value=""/>
         <property name="logFolder" value="C:\\Users\\kaizen\\git\\AutomatizacionKatalon\\Reports\\20200311_091612\\Funcionalidades_Pedidos\\Flujo Completo 20 pies\\20200311_091612"/>
         <property name="logFiles" value="C:\\Users\\kaizen\\git\\AutomatizacionKatalon\\Reports\\20200311_091612\\Funcionalidades_Pedidos\\Flujo Completo 20 pies\\20200311_091612\\execution0.log"/>
         <property name="attachments" value="C:\\Users\\kaizen\\git\\AutomatizacionKatalon\\Reports\\20200311_091612\\Funcionalidades_Pedidos\\Flujo Completo 20 pies\\20200311_091612\\1583932823397.png, C:\\Users\\kaizen\\git\\AutomatizacionKatalon\\Reports\\20200311_091612\\Funcionalidades_Pedidos\\Flujo Completo 20 pies\\20200311_091612\\1583933410919.png"/>
         <property name="hostName" value="kaizen - LAPTOP-K43U1BVQ"/>
         <property name="os" value="Windows 10 64bit"/>
         <property name="katalonVersion" value="7.2.1.1"/>
         <property name="browser" value="Chrome 80.0.3987.132"/>
         <property name="hostAddress" value="192.168.99.1"/>
         <property name="sessionId" value="2975a7e2c53a26e32c7864b3cf90dea1"/>
         <property name="seleniumVersion" value="3.141.59"/>
         <property name="proxyInformation" value="ProxyInformation{proxyOption=NO_PROXY, proxyServerType=HTTP, password=, proxyServerAddress=, proxyServerPort=0, executionList=}"/>
         <property name="platform" value="Windows 10"/>
      </properties>
      <testcase name="Test Cases/Secuencias de Ejecucion/TC_Crear_Pedido_20pies" time="174.346" classname="Test Cases/Secuencias de Ejecucion/TC_Crear_Pedido_20pies" status="PASSED">
         <system-out><![CDATA[2020-03-11 09:16:26 - [TEST_CASE][PASSED] - Test Cases/Secuencias de Ejecucion/TC_Crear_Pedido_20pies: Test Cases/Secuencias de Ejecucion/TC_Crear_Pedido_20pies

2020-03-11 09:16:27 - [TEST_STEP][PASSED] - archivo = $RunConfiguration.getProjectDir()/Pedidos/DataExcel/Crear_Pedido20pies.xlsx: null

2020-03-11 09:16:27 - [TEST_STEP][PASSED] - excelData = getExcelDataWithDefaultSheet(archivo, "Sheet1", true): null

2020-03-11 09:16:29 - [TEST_STEP][PASSED] - for ([Index = 1, Index <= excelData.getRowNumbers(), (Index++)]): Call Test Case 'Test Cases/Individual_Tests/Seleccionar_Productos20pies' successfully

2020-03-11 09:16:29 - [TEST_STEP][PASSED] - callTestCase(findTestCase("Individual_Tests/Login"), ["Evento":"Crear20", "Index":Index], STOP_ON_FAILURE): Call Test Case 'Test Cases/Individual_Tests/Login' successfully

2020-03-11 09:16:29 - [TEST_CASE][PASSED] - Test Cases/Individual_Tests/Login: Test Cases/Individual_Tests/Login

2020-03-11 09:16:31 - [TEST_STEP][PASSED] - print("Evento Seleccionado: " + Evento + "
"): null

2020-03-11 09:16:31 - [TEST_STEP][PASSED] - openBrowser(Web): Browser is opened with url: 'http://test.kaizendev.net/Login/Accesar?salir=true'

2020-03-11 09:16:32 - [MESSAGE][INFO] - Starting 'Chrome' driver

2020-03-11 09:16:33 - [MESSAGE][INFO] - Action delay is set to 0 seconds

2020-03-11 09:17:17 - [MESSAGE][PASSED] - Browser is opened with url: 'http://test.kaizendev.net/Login/Accesar?salir=true'

2020-03-11 09:17:17 - [TEST_STEP][PASSED] - maximizeWindow(): Current window maximized

2020-03-11 09:17:18 - [MESSAGE][PASSED] - Current window maximized

2020-03-11 09:17:18 - [TEST_STEP][PASSED] - if (Evento == "Crear20"): Object: 'Object Repository/Page_Iniciar Sesion - KAIZEN/is_btn_ingresar_sistema' is clicked on

2020-03-11 09:17:18 - [TEST_STEP][PASSED] - data = obtener_excels.obtener_pedidos20pies.getValuesExcelCreate20(Index): obtener_excels.obtener_pedidos20pies.getValuesExcelCreate20 is PASSED

2020-03-11 09:17:19 - [MESSAGE][PASSED] - obtener_excels.obtener_pedidos20pies.getValuesExcelCreate20 is PASSED

2020-03-11 09:17:19 - [TEST_STEP][PASSED] - Usuario = data[1]: null

2020-03-11 09:17:19 - [TEST_STEP][PASSED] - Contrasena = data[2]: null

2020-03-11 09:17:19 - [TEST_STEP][PASSED] - setText(findTestObject("Page_Iniciar Sesion - KAIZEN/is_input_email"), Usuario): Text 'automated.test@grupokaizen.net' is set on object 'Object Repository/Page_Iniciar Sesion - KAIZEN/is_input_email'

2020-03-11 09:17:20 - [MESSAGE][PASSED] - Text 'automated.test@grupokaizen.net' is set on object 'Object Repository/Page_Iniciar Sesion - KAIZEN/is_input_email'

2020-03-11 09:17:20 - [TEST_STEP][PASSED] - setEncryptedText(findTestObject("Page_Iniciar Sesion - KAIZEN/IS_input_contrasena"), Contrasena): Text ****** has been set on object 'Object Repository/Page_Iniciar Sesion - KAIZEN/IS_input_contrasena'

2020-03-11 09:17:21 - [MESSAGE][PASSED] - Text ****** has been set on object 'Object Repository/Page_Iniciar Sesion - KAIZEN/IS_input_contrasena'

2020-03-11 09:17:21 - [TEST_STEP][PASSED] - click(findTestObject("Page_Iniciar Sesion - KAIZEN/is_btn_ingresar_sistema")): Object: 'Object Repository/Page_Iniciar Sesion - KAIZEN/is_btn_ingresar_sistema' is clicked on

2020-03-11 09:17:27 - [MESSAGE][PASSED] - Object: 'Object Repository/Page_Iniciar Sesion - KAIZEN/is_btn_ingresar_sistema' is clicked on

2020-03-11 09:17:27 - [MESSAGE][PASSED] - Call Test Case 'Test Cases/Individual_Tests/Login' successfully

2020-03-11 09:17:27 - [TEST_STEP][PASSED] - callTestCase(findTestCase("Individual_Tests/Seleccionar_Idioma"), ["Evento":"Crear20", "Index":Index], STOP_ON_FAILURE): Call Test Case 'Test Cases/Individual_Tests/Seleccionar_Idioma' successfully

2020-03-11 09:17:27 - [TEST_CASE][PASSED] - Test Cases/Individual_Tests/Seleccionar_Idioma: Test Cases/Individual_Tests/Seleccionar_Idioma

2020-03-11 09:17:28 - [TEST_STEP][PASSED] - Idioma = 0: null

2020-03-11 09:17:28 - [TEST_STEP][PASSED] - if (Evento == "Crear20"): null

2020-03-11 09:17:28 - [TEST_STEP][PASSED] - data = obtener_excels.obtener_pedidos20pies.getValuesExcelCreate20(Index): obtener_excels.obtener_pedidos20pies.getValuesExcelCreate20 is PASSED

2020-03-11 09:17:28 - [MESSAGE][PASSED] - obtener_excels.obtener_pedidos20pies.getValuesExcelCreate20 is PASSED

2020-03-11 09:17:28 - [TEST_STEP][PASSED] - Idioma = data[0]: null

2020-03-11 09:17:28 - [TEST_STEP][PASSED] - click(findTestObject("Page_- KAIZEN/si_btn_idioma")): Object: 'Object Repository/Page_- KAIZEN/si_btn_idioma' is clicked on

2020-03-11 09:17:29 - [MESSAGE][PASSED] - Object: 'Object Repository/Page_- KAIZEN/si_btn_idioma' is clicked on

2020-03-11 09:17:29 - [TEST_STEP][PASSED] - if (Idioma == "0"): null

2020-03-11 09:17:29 - [TEST_STEP][PASSED] - else: Object: 'Object Repository/Page_- KAIZEN/si_Spanish' is clicked on

2020-03-11 09:17:29 - [TEST_STEP][PASSED] - click(findTestObject("Page_- KAIZEN/si_Spanish")): Object: 'Object Repository/Page_- KAIZEN/si_Spanish' is clicked on

2020-03-11 09:17:31 - [MESSAGE][PASSED] - Object: 'Object Repository/Page_- KAIZEN/si_Spanish' is clicked on

2020-03-11 09:17:31 - [MESSAGE][PASSED] - Call Test Case 'Test Cases/Individual_Tests/Seleccionar_Idioma' successfully

2020-03-11 09:17:31 - [TEST_STEP][PASSED] - callTestCase(findTestCase("Individual_Tests/Anadir_pedido"), [:], STOP_ON_FAILURE): Call Test Case 'Test Cases/Individual_Tests/Anadir_pedido' successfully

2020-03-11 09:17:31 - [TEST_CASE][PASSED] - Test Cases/Individual_Tests/Anadir_pedido: Test Cases/Individual_Tests/Anadir_pedido

2020-03-11 09:17:32 - [TEST_STEP][PASSED] - click(findTestObject("Page_- KAIZEN/bp_menu_pedido")): Object: 'Object Repository/Page_- KAIZEN/bp_menu_pedido' is clicked on

2020-03-11 09:17:32 - [MESSAGE][PASSED] - Object: 'Object Repository/Page_- KAIZEN/bp_menu_pedido' is clicked on

2020-03-11 09:17:32 - [TEST_STEP][PASSED] - click(findTestObject("Page_- KAIZEN/bp_click_menu_pedido")): Object: 'Object Repository/Page_- KAIZEN/bp_click_menu_pedido' is clicked on

2020-03-11 09:17:39 - [MESSAGE][PASSED] - Object: 'Object Repository/Page_- KAIZEN/bp_click_menu_pedido' is clicked on

2020-03-11 09:17:39 - [TEST_STEP][PASSED] - click(findTestObject("Page_Pedidos de Lubricantes - KAIZEN/ap_btn_agregar")): Object: 'Object Repository/Page_Pedidos de Lubricantes - KAIZEN/ap_btn_agregar' is clicked on

2020-03-11 09:18:13 - [MESSAGE][PASSED] - Object: 'Object Repository/Page_Pedidos de Lubricantes - KAIZEN/ap_btn_agregar' is clicked on

2020-03-11 09:18:13 - [MESSAGE][PASSED] - Call Test Case 'Test Cases/Individual_Tests/Anadir_pedido' successfully

2020-03-11 09:18:13 - [TEST_STEP][PASSED] - callTestCase(findTestCase("Individual_Tests/Seleccionar_Cliente"), ["Evento":"Crear20", "Index":Index], STOP_ON_FAILURE): Call Test Case 'Test Cases/Individual_Tests/Seleccionar_Cliente' successfully

2020-03-11 09:18:13 - [TEST_CASE][PASSED] - Test Cases/Individual_Tests/Seleccionar_Cliente: Test Cases/Individual_Tests/Seleccionar_Cliente

2020-03-11 09:18:14 - [TEST_STEP][PASSED] - Nombre = <not implemented yet for class: org.codehaus.groovy.ast.expr.EmptyExpression>: null

2020-03-11 09:18:14 - [TEST_STEP][PASSED] - Direccion = <not implemented yet for class: org.codehaus.groovy.ast.expr.EmptyExpression>: null

2020-03-11 09:18:14 - [TEST_STEP][PASSED] - Contenedor = <not implemented yet for class: org.codehaus.groovy.ast.expr.EmptyExpression>: null

2020-03-11 09:18:14 - [TEST_STEP][PASSED] - if (Evento == "Crear20"): null

2020-03-11 09:18:14 - [TEST_STEP][PASSED] - data = obtener_excels.obtener_pedidos20pies.getValuesExcelCreate20(Index): obtener_excels.obtener_pedidos20pies.getValuesExcelCreate20 is PASSED

2020-03-11 09:18:14 - [MESSAGE][PASSED] - obtener_excels.obtener_pedidos20pies.getValuesExcelCreate20 is PASSED

2020-03-11 09:18:14 - [TEST_STEP][PASSED] - Nombre = data[3]: null

2020-03-11 09:18:14 - [TEST_STEP][PASSED] - Direccion = data[4]: null

2020-03-11 09:18:14 - [TEST_STEP][PASSED] - Contenedor = data[5]: null

2020-03-11 09:18:14 - [TEST_STEP][PASSED] - delay(2): Delayed 2 second(s)

2020-03-11 09:18:16 - [MESSAGE][PASSED] - Delayed 2 second(s)

2020-03-11 09:18:16 - [TEST_STEP][PASSED] - element = executeJavaScript("return document.getElementById('ID_CLIENTE_LIST').value;", null): Execute JavaScript 'return document.getElementById('ID_CLIENTE_LIST').value;' successfully

2020-03-11 09:18:16 - [MESSAGE][PASSED] - Execute JavaScript 'return document.getElementById('ID_CLIENTE_LIST').value;' successfully

2020-03-11 09:18:16 - [TEST_STEP][PASSED] - if (element == Nombre): null

2020-03-11 09:18:16 - [TEST_STEP][PASSED] - else: Object: 'Object Repository/Page_- KAIZEN/sc_btn_next' is clicked on

2020-03-11 09:18:16 - [TEST_STEP][PASSED] - print(Nombre + "
"): null

2020-03-11 09:18:16 - [TEST_STEP][PASSED] - click(findTestObject("Page_- KAIZEN/sc_select_cliente1")): Object: 'Object Repository/Page_- KAIZEN/sc_select_cliente1' is clicked on

2020-03-11 09:18:16 - [MESSAGE][PASSED] - Object: 'Object Repository/Page_- KAIZEN/sc_select_cliente1' is clicked on

2020-03-11 09:18:16 - [TEST_STEP][PASSED] - click(findTestObject("Page_- KAIZEN/sc_select_cliente2")): Object: 'Object Repository/Page_- KAIZEN/sc_select_cliente2' is clicked on

2020-03-11 09:18:18 - [MESSAGE][PASSED] - Object: 'Object Repository/Page_- KAIZEN/sc_select_cliente2' is clicked on

2020-03-11 09:18:18 - [TEST_STEP][PASSED] - waitForElementPresent(findTestObject("Page_- KAIZEN/sc_select_cliente3"), 5): Object 'Object Repository/Page_- KAIZEN/sc_select_cliente3' is present

2020-03-11 09:18:18 - [MESSAGE][PASSED] - Object 'Object Repository/Page_- KAIZEN/sc_select_cliente3' is present

2020-03-11 09:18:18 - [TEST_STEP][PASSED] - selectOptionByValue(findTestObject("Page_- KAIZEN/sc_select_cliente3"), Nombre.toString(), true): All options with value '3' are selected in object 'Object Repository/Page_- KAIZEN/sc_select_cliente3'  using regular expression

2020-03-11 09:18:22 - [MESSAGE][PASSED] - All options with value '3' are selected in object 'Object Repository/Page_- KAIZEN/sc_select_cliente3'  using regular expression

2020-03-11 09:18:22 - [TEST_STEP][PASSED] - waitForElementPresent(findTestObject("Page_- KAIZEN/sc_span_select_address"), 5): Object 'Object Repository/Page_- KAIZEN/sc_span_select_address' is present

2020-03-11 09:18:22 - [MESSAGE][PASSED] - Object 'Object Repository/Page_- KAIZEN/sc_span_select_address' is present

2020-03-11 09:18:22 - [TEST_STEP][PASSED] - click(findTestObject("Page_- KAIZEN/sc_span_select_address")): Object: 'Object Repository/Page_- KAIZEN/sc_span_select_address' is clicked on

2020-03-11 09:18:23 - [MESSAGE][PASSED] - Object: 'Object Repository/Page_- KAIZEN/sc_span_select_address' is clicked on

2020-03-11 09:18:23 - [TEST_STEP][PASSED] - selectOptionByValue(findTestObject("Page_- KAIZEN/sc_assing_select_address"), Direccion, true): All options with value '7' are selected in object 'Object Repository/Page_- KAIZEN/sc_assing_select_address'  using regular expression

2020-03-11 09:18:24 - [MESSAGE][PASSED] - All options with value '7' are selected in object 'Object Repository/Page_- KAIZEN/sc_assing_select_address'  using regular expression

2020-03-11 09:18:24 - [TEST_STEP][PASSED] - delay(5): Delayed 5 second(s)

2020-03-11 09:18:29 - [MESSAGE][PASSED] - Delayed 5 second(s)

2020-03-11 09:18:29 - [TEST_STEP][PASSED] - if (Contenedor == "20"): Object: 'Object Repository/Page_- KAIZEN/sc_btn_contenedor_20_pies' is clicked on

2020-03-11 09:18:29 - [TEST_STEP][PASSED] - click(findTestObject("Page_- KAIZEN/sc_btn_contenedor_20_pies")): Object: 'Object Repository/Page_- KAIZEN/sc_btn_contenedor_20_pies' is clicked on

2020-03-11 09:18:30 - [MESSAGE][PASSED] - Object: 'Object Repository/Page_- KAIZEN/sc_btn_contenedor_20_pies' is clicked on

2020-03-11 09:18:30 - [TEST_STEP][PASSED] - delay(2): Delayed 2 second(s)

2020-03-11 09:18:32 - [MESSAGE][PASSED] - Delayed 2 second(s)

2020-03-11 09:18:32 - [TEST_STEP][PASSED] - waitForElementVisible(findTestObject("Page_- KAIZEN/sc_btn_next"), 3): Object 'Object Repository/Page_- KAIZEN/sc_btn_next' is visible

2020-03-11 09:18:32 - [MESSAGE][PASSED] - Object 'Object Repository/Page_- KAIZEN/sc_btn_next' is visible

2020-03-11 09:18:32 - [TEST_STEP][PASSED] - click(findTestObject("Page_- KAIZEN/sc_btn_next")): Object: 'Object Repository/Page_- KAIZEN/sc_btn_next' is clicked on

2020-03-11 09:18:33 - [MESSAGE][PASSED] - Object: 'Object Repository/Page_- KAIZEN/sc_btn_next' is clicked on

2020-03-11 09:18:33 - [MESSAGE][PASSED] - Call Test Case 'Test Cases/Individual_Tests/Seleccionar_Cliente' successfully

2020-03-11 09:18:33 - [TEST_STEP][PASSED] - callTestCase(findTestCase("Individual_Tests/Seleccionar_Incoterm"), ["Evento":"Crear20", "Index":Index], STOP_ON_FAILURE): Call Test Case 'Test Cases/Individual_Tests/Seleccionar_Incoterm' successfully

2020-03-11 09:18:33 - [TEST_CASE][PASSED] - Test Cases/Individual_Tests/Seleccionar_Incoterm: Test Cases/Individual_Tests/Seleccionar_Incoterm

2020-03-11 09:18:33 - [TEST_STEP][PASSED] - Incoterm = <not implemented yet for class: org.codehaus.groovy.ast.expr.EmptyExpression>: null

2020-03-11 09:18:33 - [TEST_STEP][PASSED] - if (Evento == "Crear20"): null

2020-03-11 09:18:33 - [TEST_STEP][PASSED] - data = obtener_excels.obtener_pedidos20pies.getValuesExcelCreate20(Index): obtener_excels.obtener_pedidos20pies.getValuesExcelCreate20 is PASSED

2020-03-11 09:18:34 - [MESSAGE][PASSED] - obtener_excels.obtener_pedidos20pies.getValuesExcelCreate20 is PASSED

2020-03-11 09:18:34 - [TEST_STEP][PASSED] - Incoterm = data[6]: null

2020-03-11 09:18:34 - [TEST_STEP][PASSED] - selectOptionByValue(findTestObject("Page_- KAIZEN/sin_select_incoterm"), Incoterm, true): All options with value 'EXW' are selected in object 'Object Repository/Page_- KAIZEN/sin_select_incoterm'  using regular expression

2020-03-11 09:18:35 - [MESSAGE][PASSED] - All options with value 'EXW' are selected in object 'Object Repository/Page_- KAIZEN/sin_select_incoterm'  using regular expression

2020-03-11 09:18:35 - [TEST_STEP][PASSED] - click(findTestObject("Page_- KAIZEN/sc_btn_next")): Object: 'Object Repository/Page_- KAIZEN/sc_btn_next' is clicked on

2020-03-11 09:18:35 - [MESSAGE][PASSED] - Object: 'Object Repository/Page_- KAIZEN/sc_btn_next' is clicked on

2020-03-11 09:18:35 - [MESSAGE][PASSED] - Call Test Case 'Test Cases/Individual_Tests/Seleccionar_Incoterm' successfully

2020-03-11 09:18:35 - [TEST_STEP][PASSED] - callTestCase(findTestCase("Individual_Tests/Seleccionar_Opcion_Compra"), ["Evento":"Crear20", "Index":Index], STOP_ON_FAILURE): Call Test Case 'Test Cases/Individual_Tests/Seleccionar_Opcion_Compra' successfully

2020-03-11 09:18:35 - [TEST_CASE][PASSED] - Test Cases/Individual_Tests/Seleccionar_Opcion_Compra: Test Cases/Individual_Tests/Seleccionar_Opcion_Compra

2020-03-11 09:18:36 - [TEST_STEP][PASSED] - OpCompra1 = 0: null

2020-03-11 09:18:36 - [TEST_STEP][PASSED] - if (Evento == "Crear20"): null

2020-03-11 09:18:36 - [TEST_STEP][PASSED] - data = obtener_excels.obtener_pedidos20pies.getValuesExcelCreate20(Index): obtener_excels.obtener_pedidos20pies.getValuesExcelCreate20 is PASSED

2020-03-11 09:18:36 - [MESSAGE][PASSED] - obtener_excels.obtener_pedidos20pies.getValuesExcelCreate20 is PASSED

2020-03-11 09:18:36 - [TEST_STEP][PASSED] - OpCompra1 = data[7]: null

2020-03-11 09:18:36 - [TEST_STEP][PASSED] - delay(7): Delayed 7 second(s)

2020-03-11 09:18:43 - [MESSAGE][PASSED] - Delayed 7 second(s)

2020-03-11 09:18:43 - [TEST_STEP][PASSED] - waitForElementClickable(findTestObject("Page_- KAIZEN/so_SelectorOP"), 7): Object 'Object Repository/Page_- KAIZEN/so_SelectorOP' is clickable

2020-03-11 09:18:43 - [MESSAGE][PASSED] - Object 'Object Repository/Page_- KAIZEN/so_SelectorOP' is clickable

2020-03-11 09:18:43 - [TEST_STEP][PASSED] - delay(3): Delayed 3 second(s)

2020-03-11 09:18:46 - [MESSAGE][PASSED] - Delayed 3 second(s)

2020-03-11 09:18:46 - [TEST_STEP][PASSED] - click(findTestObject("Page_- KAIZEN/so_select_SeleccioneOPCION")): Object: 'Object Repository/Page_- KAIZEN/so_select_SeleccioneOPCION' is clicked on

2020-03-11 09:18:47 - [MESSAGE][PASSED] - Object: 'Object Repository/Page_- KAIZEN/so_select_SeleccioneOPCION' is clicked on

2020-03-11 09:18:47 - [TEST_STEP][PASSED] - selectOptionByValue(findTestObject("Page_- KAIZEN/so_select_SeleccioneOPCION"), OpCompra1, true): All options with value '11' are selected in object 'Object Repository/Page_- KAIZEN/so_select_SeleccioneOPCION'  using regular expression

2020-03-11 09:18:49 - [MESSAGE][PASSED] - All options with value '11' are selected in object 'Object Repository/Page_- KAIZEN/so_select_SeleccioneOPCION'  using regular expression

2020-03-11 09:18:49 - [TEST_STEP][PASSED] - waitForElementPresent(findTestObject("Page_- KAIZEN/sc_btn_next"), 7): Object 'Object Repository/Page_- KAIZEN/sc_btn_next' is present

2020-03-11 09:18:50 - [MESSAGE][PASSED] - Object 'Object Repository/Page_- KAIZEN/sc_btn_next' is present

2020-03-11 09:18:50 - [TEST_STEP][PASSED] - click(findTestObject("Page_- KAIZEN/sc_btn_next")): Object: 'Object Repository/Page_- KAIZEN/sc_btn_next' is clicked on

2020-03-11 09:18:51 - [MESSAGE][PASSED] - Object: 'Object Repository/Page_- KAIZEN/sc_btn_next' is clicked on

2020-03-11 09:18:51 - [MESSAGE][PASSED] - Call Test Case 'Test Cases/Individual_Tests/Seleccionar_Opcion_Compra' successfully

2020-03-11 09:18:51 - [TEST_STEP][PASSED] - callTestCase(findTestCase("Individual_Tests/Seleccionar_Productos20pies"), ["Index":Index], STOP_ON_FAILURE): Call Test Case 'Test Cases/Individual_Tests/Seleccionar_Productos20pies' successfully

2020-03-11 09:18:51 - [TEST_CASE][PASSED] - Test Cases/Individual_Tests/Seleccionar_Productos20pies: Test Cases/Individual_Tests/Seleccionar_Productos20pies

2020-03-11 09:18:52 - [TEST_STEP][PASSED] - data = obtener_excels.obtener_pedidos20pies.getValuesExcelCreate20(Index): obtener_excels.obtener_pedidos20pies.getValuesExcelCreate20 is PASSED

2020-03-11 09:18:52 - [MESSAGE][PASSED] - obtener_excels.obtener_pedidos20pies.getValuesExcelCreate20 is PASSED

2020-03-11 09:18:52 - [TEST_STEP][PASSED] - Presentacion = data[8]: null

2020-03-11 09:18:52 - [TEST_STEP][PASSED] - Producto = data[9]: null

2020-03-11 09:18:52 - [TEST_STEP][PASSED] - Cantidad = data[10]: null

2020-03-11 09:18:52 - [TEST_STEP][PASSED] - Presentacion2 = data[11]: null

2020-03-11 09:18:52 - [TEST_STEP][PASSED] - Producto2 = data[12]: null

2020-03-11 09:18:52 - [TEST_STEP][PASSED] - Cantidad2 = data[13]: null

2020-03-11 09:18:52 - [TEST_STEP][PASSED] - Iterar = data[14]: null

2020-03-11 09:18:52 - [TEST_STEP][PASSED] - Iterado = Iterar.toInteger(): null

2020-03-11 09:18:52 - [TEST_STEP][PASSED] - cantProductos = Iterado: null

2020-03-11 09:18:52 - [TEST_STEP][PASSED] - IDPedidoCreado = executeJavaScript("return document.getElementById('IdPedido').value;", null): Execute JavaScript 'return document.getElementById('IdPedido').value;' successfully

2020-03-11 09:18:52 - [MESSAGE][PASSED] - Execute JavaScript 'return document.getElementById('IdPedido').value;' successfully

2020-03-11 09:18:52 - [TEST_STEP][PASSED] - IDPedidoCreado1 = IDPedidoCreado.toInteger(): null

2020-03-11 09:18:52 - [TEST_STEP][PASSED] - exportar_archivos.Ex_guardar_pedidos_creados.demoKey(IDPedidoCreado1, cantProductos): exportar_archivos.Ex_guardar_pedidos_creados.demoKey is PASSED

2020-03-11 09:18:53 - [MESSAGE][PASSED] - exportar_archivos.Ex_guardar_pedidos_creados.demoKey is PASSED

2020-03-11 09:18:53 - [TEST_STEP][PASSED] - boton = executeJavaScript("return document.getElementById("btn_next").style.display;", null): Execute JavaScript 'return document.getElementById("btn_next").style.display;' successfully

2020-03-11 09:18:53 - [MESSAGE][PASSED] - Execute JavaScript 'return document.getElementById("btn_next").style.display;' successfully

2020-03-11 09:18:53 - [TEST_STEP][PASSED] - if (boton == "block"): null

2020-03-11 09:18:53 - [TEST_STEP][PASSED] - else: Browser is closed

2020-03-11 09:18:53 - [TEST_STEP][PASSED] - if (Iterar == "1"): Browser is closed

2020-03-11 09:18:53 - [TEST_STEP][PASSED] - click(findTestObject("Page_- KAIZEN/sp_Element_presentacion")): Object: 'Object Repository/Page_- KAIZEN/sp_Element_presentacion' is clicked on

2020-03-11 09:18:53 - [MESSAGE][PASSED] - Object: 'Object Repository/Page_- KAIZEN/sp_Element_presentacion' is clicked on

2020-03-11 09:18:53 - [TEST_STEP][PASSED] - click(findTestObject("Page_- KAIZEN/sp_click_select_presentation")): Object: 'Object Repository/Page_- KAIZEN/sp_click_select_presentation' is clicked on

2020-03-11 09:18:54 - [MESSAGE][PASSED] - Object: 'Object Repository/Page_- KAIZEN/sp_click_select_presentation' is clicked on

2020-03-11 09:18:54 - [TEST_STEP][PASSED] - selectOptionByValue(findTestObject("Page_- KAIZEN/sp_assing_select_presentation"), Presentacion, true): All options with value '3' are selected in object 'Object Repository/Page_- KAIZEN/sp_assing_select_presentation'  using regular expression

2020-03-11 09:18:55 - [MESSAGE][PASSED] - All options with value '3' are selected in object 'Object Repository/Page_- KAIZEN/sp_assing_select_presentation'  using regular expression

2020-03-11 09:18:55 - [TEST_STEP][PASSED] - click(findTestObject("Page_- KAIZEN/sp_Element_producto")): Object: 'Object Repository/Page_- KAIZEN/sp_Element_producto' is clicked on

2020-03-11 09:18:56 - [MESSAGE][PASSED] - Object: 'Object Repository/Page_- KAIZEN/sp_Element_producto' is clicked on

2020-03-11 09:18:56 - [TEST_STEP][PASSED] - click(findTestObject("Page_- KAIZEN/sp_click_select_product")): Object: 'Object Repository/Page_- KAIZEN/sp_click_select_product' is clicked on

2020-03-11 09:18:56 - [MESSAGE][PASSED] - Object: 'Object Repository/Page_- KAIZEN/sp_click_select_product' is clicked on

2020-03-11 09:18:56 - [TEST_STEP][PASSED] - selectOptionByValue(findTestObject("Page_- KAIZEN/sp_assing_select_product"), Producto, true): All options with value '572' are selected in object 'Object Repository/Page_- KAIZEN/sp_assing_select_product'  using regular expression

2020-03-11 09:18:57 - [MESSAGE][PASSED] - All options with value '572' are selected in object 'Object Repository/Page_- KAIZEN/sp_assing_select_product'  using regular expression

2020-03-11 09:18:57 - [TEST_STEP][PASSED] - setText(findTestObject("Page_- KAIZEN/sp_input_product_quantity"), Cantidad): Text '20' is set on object 'Object Repository/Page_- KAIZEN/sp_input_product_quantity'

2020-03-11 09:18:58 - [MESSAGE][PASSED] - Text '20' is set on object 'Object Repository/Page_- KAIZEN/sp_input_product_quantity'

2020-03-11 09:18:58 - [TEST_STEP][PASSED] - click(findTestObject("Page_- KAIZEN/sp_btn_add_product")): Object: 'Object Repository/Page_- KAIZEN/sp_btn_add_product' is clicked on

2020-03-11 09:19:00 - [MESSAGE][PASSED] - Object: 'Object Repository/Page_- KAIZEN/sp_btn_add_product' is clicked on

2020-03-11 09:19:00 - [TEST_STEP][PASSED] - delay(10): Delayed 10 second(s)

2020-03-11 09:19:10 - [MESSAGE][PASSED] - Delayed 10 second(s)

2020-03-11 09:19:10 - [TEST_STEP][PASSED] - boton2 = executeJavaScript("return document.getElementById("btn_next").style.display;", null): Execute JavaScript 'return document.getElementById("btn_next").style.display;' successfully

2020-03-11 09:19:10 - [MESSAGE][PASSED] - Execute JavaScript 'return document.getElementById("btn_next").style.display;' successfully

2020-03-11 09:19:10 - [TEST_STEP][PASSED] - if (boton2 == "none"): null

2020-03-11 09:19:10 - [TEST_STEP][PASSED] - else: Browser is closed

2020-03-11 09:19:10 - [TEST_STEP][PASSED] - click(findTestObject("Page_- KAIZEN/sp_Siguiente")): Object: 'Object Repository/Page_- KAIZEN/sp_Siguiente' is clicked on

2020-03-11 09:19:12 - [MESSAGE][PASSED] - Object: 'Object Repository/Page_- KAIZEN/sp_Siguiente' is clicked on

2020-03-11 09:19:12 - [TEST_STEP][PASSED] - click(findTestObject("Page_- KAIZEN/sp_btn_finish")): Object: 'Object Repository/Page_- KAIZEN/sp_btn_finish' is clicked on

2020-03-11 09:19:16 - [MESSAGE][PASSED] - Object: 'Object Repository/Page_- KAIZEN/sp_btn_finish' is clicked on

2020-03-11 09:19:16 - [TEST_STEP][PASSED] - delay(3): Delayed 3 second(s)

2020-03-11 09:19:19 - [MESSAGE][PASSED] - Delayed 3 second(s)

2020-03-11 09:19:19 - [TEST_STEP][PASSED] - closeBrowser(): Browser is closed

2020-03-11 09:19:20 - [MESSAGE][PASSED] - Browser is closed

2020-03-11 09:19:20 - [MESSAGE][PASSED] - Call Test Case 'Test Cases/Individual_Tests/Seleccionar_Productos20pies' successfully]]></system-out>
         <system-err><![CDATA[]]></system-err>
      </testcase>
      <testcase name="Test Cases/Generar_Excels_Secuencias/TC_Generar_Excel_Aprobaciones" time="18.444" classname="Test Cases/Generar_Excels_Secuencias/TC_Generar_Excel_Aprobaciones" status="PASSED">
         <system-out><![CDATA[2020-03-11 09:19:20 - [TEST_CASE][PASSED] - Test Cases/Generar_Excels_Secuencias/TC_Generar_Excel_Aprobaciones: Test Cases/Generar_Excels_Secuencias/TC_Generar_Excel_Aprobaciones

2020-03-11 09:19:21 - [TEST_STEP][PASSED] - python.ejecutarAleatoriosPython.runPython("Aprobar"): python.ejecutarAleatoriosPython.runPython is PASSED

2020-03-11 09:19:39 - [MESSAGE][PASSED] - python.ejecutarAleatoriosPython.runPython is PASSED]]></system-out>
         <system-err><![CDATA[]]></system-err>
      </testcase>
      <testcase name="Test Cases/Secuencias de Ejecucion/TC_Aprobar_Ventas" time="44.828" classname="Test Cases/Secuencias de Ejecucion/TC_Aprobar_Ventas" status="FAILED">
         <failure type="FAILED" message="Test Cases/Secuencias de Ejecucion/TC_Aprobar_Ventas FAILED.
Reason:
com.kms.katalon.core.exception.StepFailedException: Call Test Case 'Test Cases/Individual_Tests/Aprobacion_Ventas' failed
	at com.kms.katalon.core.keyword.builtin.CallTestCaseKeyword$_callTestCase_closure1.doCall(CallTestCaseKeyword.groovy:63)
	at com.kms.katalon.core.keyword.builtin.CallTestCaseKeyword$_callTestCase_closure1.call(CallTestCaseKeyword.groovy)
	at com.kms.katalon.core.keyword.internal.KeywordMain.runKeyword(KeywordMain.groovy:68)
	at com.kms.katalon.core.keyword.builtin.CallTestCaseKeyword.callTestCase(CallTestCaseKeyword.groovy:81)
	at com.kms.katalon.core.keyword.builtin.CallTestCaseKeyword.execute(CallTestCaseKeyword.groovy:44)
	at com.kms.katalon.core.keyword.internal.KeywordExecutor.executeKeywordForPlatform(KeywordExecutor.groovy:72)
	at com.kms.katalon.core.keyword.BuiltinKeywords.callTestCase(BuiltinKeywords.groovy:334)
	at TC_Aprobar_Ventas.run(TC_Aprobar_Ventas:33)
	at com.kms.katalon.core.main.ScriptEngine.run(ScriptEngine.java:194)
	at com.kms.katalon.core.main.ScriptEngine.runScriptAsRawText(ScriptEngine.java:119)
	at com.kms.katalon.core.main.TestCaseExecutor.runScript(TestCaseExecutor.java:337)
	at com.kms.katalon.core.main.TestCaseExecutor.doExecute(TestCaseExecutor.java:328)
	at com.kms.katalon.core.main.TestCaseExecutor.processExecutionPhase(TestCaseExecutor.java:307)
	at com.kms.katalon.core.main.TestCaseExecutor.accessMainPhase(TestCaseExecutor.java:299)
	at com.kms.katalon.core.main.TestCaseExecutor.execute(TestCaseExecutor.java:233)
	at com.kms.katalon.core.main.TestSuiteExecutor.accessTestCaseMainPhase(TestSuiteExecutor.java:169)
	at com.kms.katalon.core.main.TestSuiteExecutor.accessTestSuiteMainPhase(TestSuiteExecutor.java:142)
	at com.kms.katalon.core.main.TestSuiteExecutor.execute(TestSuiteExecutor.java:91)
	at com.kms.katalon.core.main.TestCaseMain.startTestSuite(TestCaseMain.java:157)
	at com.kms.katalon.core.main.TestCaseMain$startTestSuite$0.call(Unknown Source)
	at TempTestSuite1583932579593.run(TempTestSuite1583932579593.groovy:36)
Caused by: com.kms.katalon.core.exception.StepFailedException: Unable to execute JavaScript.
	at com.kms.katalon.core.webui.keyword.internal.WebUIKeywordMain.stepFailed(WebUIKeywordMain.groovy:64)
	at com.kms.katalon.core.webui.keyword.internal.WebUIKeywordMain.runKeyword(WebUIKeywordMain.groovy:26)
	at com.kms.katalon.core.webui.keyword.builtin.ExecuteJavaScriptKeyword.executeJavascript(ExecuteJavascriptKeyword.groovy:42)
	at com.kms.katalon.core.webui.keyword.builtin.ExecuteJavaScriptKeyword.execute(ExecuteJavascriptKeyword.groovy:37)
	at com.kms.katalon.core.keyword.internal.KeywordExecutor.executeKeywordForPlatform(KeywordExecutor.groovy:72)
	at com.kms.katalon.core.webui.keyword.WebUiBuiltInKeywords.executeJavaScript(WebUiBuiltInKeywords.groovy:3787)
	at Aprobacion_Ventas.run(Aprobacion_Ventas:57)
	at com.kms.katalon.core.main.ScriptEngine.run(ScriptEngine.java:194)
	at com.kms.katalon.core.main.ScriptEngine.runScriptAsRawText(ScriptEngine.java:119)
	at com.kms.katalon.core.main.TestCaseExecutor.runScript(TestCaseExecutor.java:337)
	at com.kms.katalon.core.main.TestCaseExecutor.doExecute(TestCaseExecutor.java:328)
	at com.kms.katalon.core.main.TestCaseExecutor.processExecutionPhase(TestCaseExecutor.java:307)
	at com.kms.katalon.core.main.TestCaseExecutor.accessMainPhase(TestCaseExecutor.java:299)
	at com.kms.katalon.core.main.TestCaseExecutor.execute(TestCaseExecutor.java:233)
	at com.kms.katalon.core.main.TestCaseMain.runTestCase(TestCaseMain.java:114)
	at com.kms.katalon.core.keyword.builtin.CallTestCaseKeyword$_callTestCase_closure1.doCall(CallTestCaseKeyword.groovy:59)
	... 20 more
Caused by: org.openqa.selenium.JavascriptException: javascript error: Cannot read property 'click' of null
  (Session info: chrome=80.0.3987.132)
Build info: version: '3.141.59', revision: 'e82be7d358', time: '2018-11-14T08:25:53'
System info: host: 'LAPTOP-K43U1BVQ', ip: '192.168.99.1', os.name: 'Windows 10', os.arch: 'amd64', os.version: '10.0', java.version: '1.8.0_181'
Driver info: com.kms.katalon.selenium.driver.CChromeDriver
Capabilities {acceptInsecureCerts: false, browserName: chrome, browserVersion: 80.0.3987.132, chrome: {chromedriverVersion: 79.0.3945.36 (3582db32b3389..., userDataDir: C:\Users\kaizen\AppData\Loc...}, goog:chromeOptions: {debuggerAddress: localhost:12772}, javascriptEnabled: true, networkConnectionEnabled: false, pageLoadStrategy: normal, platform: WINDOWS, platformName: WINDOWS, proxy: Proxy(), setWindowRect: true, strictFileInteractability: false, timeouts: {implicit: 0, pageLoad: 300000, script: 30000}, unhandledPromptBehavior: dismiss and notify}
Session ID: 052c400c40ee0e260b1c6cbe732eeb35
	at org.openqa.selenium.remote.http.W3CHttpResponseCodec.createException(W3CHttpResponseCodec.java:187)
	at org.openqa.selenium.remote.http.W3CHttpResponseCodec.decode(W3CHttpResponseCodec.java:122)
	at org.openqa.selenium.remote.http.W3CHttpResponseCodec.decode(W3CHttpResponseCodec.java:49)
	at org.openqa.selenium.remote.HttpCommandExecutor.execute(HttpCommandExecutor.java:158)
	at org.openqa.selenium.remote.service.DriverCommandExecutor.execute(DriverCommandExecutor.java:83)
	at org.openqa.selenium.remote.RemoteWebDriver.execute(RemoteWebDriver.java:552)
	at com.kms.katalon.selenium.driver.CChromeDriver.execute(CChromeDriver.java:19)
	at org.openqa.selenium.remote.RemoteWebDriver.executeScript(RemoteWebDriver.java:489)
	at org.openqa.selenium.support.events.EventFiringWebDriver.lambda$new$1(EventFiringWebDriver.java:105)
	at com.sun.proxy.$Proxy9.executeScript(Unknown Source)
	at org.openqa.selenium.support.events.EventFiringWebDriver.executeScript(EventFiringWebDriver.java:229)
	at com.kms.katalon.core.webui.keyword.builtin.ExecuteJavaScriptKeyword$_executeJavascript_closure1.doCall(ExecuteJavascriptKeyword.groovy:48)
	at com.kms.katalon.core.webui.keyword.builtin.ExecuteJavaScriptKeyword$_executeJavascript_closure1.call(ExecuteJavascriptKeyword.groovy)
	at com.kms.katalon.core.webui.keyword.internal.WebUIKeywordMain.runKeyword(WebUIKeywordMain.groovy:20)
	... 34 more
"/>
         <system-out><![CDATA[2020-03-11 09:19:39 - [TEST_CASE][FAILED] - Test Cases/Secuencias de Ejecucion/TC_Aprobar_Ventas: Test Cases/Secuencias de Ejecucion/TC_Aprobar_Ventas FAILED.
Reason:
com.kms.katalon.core.exception.StepFailedException: Call Test Case 'Test Cases/Individual_Tests/Aprobacion_Ventas' failed
	at com.kms.katalon.core.keyword.builtin.CallTestCaseKeyword$_callTestCase_closure1.doCall(CallTestCaseKeyword.groovy:63)
	at com.kms.katalon.core.keyword.builtin.CallTestCaseKeyword$_callTestCase_closure1.call(CallTestCaseKeyword.groovy)
	at com.kms.katalon.core.keyword.internal.KeywordMain.runKeyword(KeywordMain.groovy:68)
	at com.kms.katalon.core.keyword.builtin.CallTestCaseKeyword.callTestCase(CallTestCaseKeyword.groovy:81)
	at com.kms.katalon.core.keyword.builtin.CallTestCaseKeyword.execute(CallTestCaseKeyword.groovy:44)
	at com.kms.katalon.core.keyword.internal.KeywordExecutor.executeKeywordForPlatform(KeywordExecutor.groovy:72)
	at com.kms.katalon.core.keyword.BuiltinKeywords.callTestCase(BuiltinKeywords.groovy:334)
	at TC_Aprobar_Ventas.run(TC_Aprobar_Ventas:33)
	at com.kms.katalon.core.main.ScriptEngine.run(ScriptEngine.java:194)
	at com.kms.katalon.core.main.ScriptEngine.runScriptAsRawText(ScriptEngine.java:119)
	at com.kms.katalon.core.main.TestCaseExecutor.runScript(TestCaseExecutor.java:337)
	at com.kms.katalon.core.main.TestCaseExecutor.doExecute(TestCaseExecutor.java:328)
	at com.kms.katalon.core.main.TestCaseExecutor.processExecutionPhase(TestCaseExecutor.java:307)
	at com.kms.katalon.core.main.TestCaseExecutor.accessMainPhase(TestCaseExecutor.java:299)
	at com.kms.katalon.core.main.TestCaseExecutor.execute(TestCaseExecutor.java:233)
	at com.kms.katalon.core.main.TestSuiteExecutor.accessTestCaseMainPhase(TestSuiteExecutor.java:169)
	at com.kms.katalon.core.main.TestSuiteExecutor.accessTestSuiteMainPhase(TestSuiteExecutor.java:142)
	at com.kms.katalon.core.main.TestSuiteExecutor.execute(TestSuiteExecutor.java:91)
	at com.kms.katalon.core.main.TestCaseMain.startTestSuite(TestCaseMain.java:157)
	at com.kms.katalon.core.main.TestCaseMain$startTestSuite$0.call(Unknown Source)
	at TempTestSuite1583932579593.run(TempTestSuite1583932579593.groovy:36)
Caused by: com.kms.katalon.core.exception.StepFailedException: Unable to execute JavaScript.
	at com.kms.katalon.core.webui.keyword.internal.WebUIKeywordMain.stepFailed(WebUIKeywordMain.groovy:64)
	at com.kms.katalon.core.webui.keyword.internal.WebUIKeywordMain.runKeyword(WebUIKeywordMain.groovy:26)
	at com.kms.katalon.core.webui.keyword.builtin.ExecuteJavaScriptKeyword.executeJavascript(ExecuteJavascriptKeyword.groovy:42)
	at com.kms.katalon.core.webui.keyword.builtin.ExecuteJavaScriptKeyword.execute(ExecuteJavascriptKeyword.groovy:37)
	at com.kms.katalon.core.keyword.internal.KeywordExecutor.executeKeywordForPlatform(KeywordExecutor.groovy:72)
	at com.kms.katalon.core.webui.keyword.WebUiBuiltInKeywords.executeJavaScript(WebUiBuiltInKeywords.groovy:3787)
	at Aprobacion_Ventas.run(Aprobacion_Ventas:57)
	at com.kms.katalon.core.main.ScriptEngine.run(ScriptEngine.java:194)
	at com.kms.katalon.core.main.ScriptEngine.runScriptAsRawText(ScriptEngine.java:119)
	at com.kms.katalon.core.main.TestCaseExecutor.runScript(TestCaseExecutor.java:337)
	at com.kms.katalon.core.main.TestCaseExecutor.doExecute(TestCaseExecutor.java:328)
	at com.kms.katalon.core.main.TestCaseExecutor.processExecutionPhase(TestCaseExecutor.java:307)
	at com.kms.katalon.core.main.TestCaseExecutor.accessMainPhase(TestCaseExecutor.java:299)
	at com.kms.katalon.core.main.TestCaseExecutor.execute(TestCaseExecutor.java:233)
	at com.kms.katalon.core.main.TestCaseMain.runTestCase(TestCaseMain.java:114)
	at com.kms.katalon.core.keyword.builtin.CallTestCaseKeyword$_callTestCase_closure1.doCall(CallTestCaseKeyword.groovy:59)
	... 20 more
Caused by: org.openqa.selenium.JavascriptException: javascript error: Cannot read property 'click' of null
  (Session info: chrome=80.0.3987.132)
Build info: version: '3.141.59', revision: 'e82be7d358', time: '2018-11-14T08:25:53'
System info: host: 'LAPTOP-K43U1BVQ', ip: '192.168.99.1', os.name: 'Windows 10', os.arch: 'amd64', os.version: '10.0', java.version: '1.8.0_181'
Driver info: com.kms.katalon.selenium.driver.CChromeDriver
Capabilities {acceptInsecureCerts: false, browserName: chrome, browserVersion: 80.0.3987.132, chrome: {chromedriverVersion: 79.0.3945.36 (3582db32b3389..., userDataDir: C:\Users\kaizen\AppData\Loc...}, goog:chromeOptions: {debuggerAddress: localhost:12772}, javascriptEnabled: true, networkConnectionEnabled: false, pageLoadStrategy: normal, platform: WINDOWS, platformName: WINDOWS, proxy: Proxy(), setWindowRect: true, strictFileInteractability: false, timeouts: {implicit: 0, pageLoad: 300000, script: 30000}, unhandledPromptBehavior: dismiss and notify}
Session ID: 052c400c40ee0e260b1c6cbe732eeb35
	at org.openqa.selenium.remote.http.W3CHttpResponseCodec.createException(W3CHttpResponseCodec.java:187)
	at org.openqa.selenium.remote.http.W3CHttpResponseCodec.decode(W3CHttpResponseCodec.java:122)
	at org.openqa.selenium.remote.http.W3CHttpResponseCodec.decode(W3CHttpResponseCodec.java:49)
	at org.openqa.selenium.remote.HttpCommandExecutor.execute(HttpCommandExecutor.java:158)
	at org.openqa.selenium.remote.service.DriverCommandExecutor.execute(DriverCommandExecutor.java:83)
	at org.openqa.selenium.remote.RemoteWebDriver.execute(RemoteWebDriver.java:552)
	at com.kms.katalon.selenium.driver.CChromeDriver.execute(CChromeDriver.java:19)
	at org.openqa.selenium.remote.RemoteWebDriver.executeScript(RemoteWebDriver.java:489)
	at org.openqa.selenium.support.events.EventFiringWebDriver.lambda$new$1(EventFiringWebDriver.java:105)
	at com.sun.proxy.$Proxy9.executeScript(Unknown Source)
	at org.openqa.selenium.support.events.EventFiringWebDriver.executeScript(EventFiringWebDriver.java:229)
	at com.kms.katalon.core.webui.keyword.builtin.ExecuteJavaScriptKeyword$_executeJavascript_closure1.doCall(ExecuteJavascriptKeyword.groovy:48)
	at com.kms.katalon.core.webui.keyword.builtin.ExecuteJavaScriptKeyword$_executeJavascript_closure1.call(ExecuteJavascriptKeyword.groovy)
	at com.kms.katalon.core.webui.keyword.internal.WebUIKeywordMain.runKeyword(WebUIKeywordMain.groovy:20)
	... 34 more


2020-03-11 09:19:39 - [TEST_STEP][PASSED] - archivo = $RunConfiguration.getProjectDir()/Pedidos/DataExcel/AprobacionesPedidos.xlsx: null

2020-03-11 09:19:39 - [TEST_STEP][PASSED] - excelData = getExcelDataWithDefaultSheet(archivo, "Sheet1", true): null

2020-03-11 09:19:39 - [TEST_STEP][FAILED] - for ([Index = 1, Index <= excelData.getRowNumbers(), (Index++)]): Unable to call Test Case 'Test Cases/Individual_Tests/Aprobacion_Ventas' (Root cause: com.kms.katalon.core.exception.StepFailedException: Call Test Case 'Test Cases/Individual_Tests/Aprobacion_Ventas' failed
	at com.kms.katalon.core.keyword.builtin.CallTestCaseKeyword$_callTestCase_closure1.doCall(CallTestCaseKeyword.groovy:63)
	at com.kms.katalon.core.keyword.builtin.CallTestCaseKeyword$_callTestCase_closure1.call(CallTestCaseKeyword.groovy)
	at com.kms.katalon.core.keyword.internal.KeywordMain.runKeyword(KeywordMain.groovy:68)
	at com.kms.katalon.core.keyword.builtin.CallTestCaseKeyword.callTestCase(CallTestCaseKeyword.groovy:81)
	at com.kms.katalon.core.keyword.builtin.CallTestCaseKeyword.execute(CallTestCaseKeyword.groovy:44)
	at com.kms.katalon.core.keyword.internal.KeywordExecutor.executeKeywordForPlatform(KeywordExecutor.groovy:72)
	at com.kms.katalon.core.keyword.BuiltinKeywords.callTestCase(BuiltinKeywords.groovy:334)
	at TC_Aprobar_Ventas.run(TC_Aprobar_Ventas:33)
	at com.kms.katalon.core.main.ScriptEngine.run(ScriptEngine.java:194)
	at com.kms.katalon.core.main.ScriptEngine.runScriptAsRawText(ScriptEngine.java:119)
	at com.kms.katalon.core.main.TestCaseExecutor.runScript(TestCaseExecutor.java:337)
	at com.kms.katalon.core.main.TestCaseExecutor.doExecute(TestCaseExecutor.java:328)
	at com.kms.katalon.core.main.TestCaseExecutor.processExecutionPhase(TestCaseExecutor.java:307)
	at com.kms.katalon.core.main.TestCaseExecutor.accessMainPhase(TestCaseExecutor.java:299)
	at com.kms.katalon.core.main.TestCaseExecutor.execute(TestCaseExecutor.java:233)
	at com.kms.katalon.core.main.TestSuiteExecutor.accessTestCaseMainPhase(TestSuiteExecutor.java:169)
	at com.kms.katalon.core.main.TestSuiteExecutor.accessTestSuiteMainPhase(TestSuiteExecutor.java:142)
	at com.kms.katalon.core.main.TestSuiteExecutor.execute(TestSuiteExecutor.java:91)
	at com.kms.katalon.core.main.TestCaseMain.startTestSuite(TestCaseMain.java:157)
	at com.kms.katalon.core.main.TestCaseMain$startTestSuite$0.call(Unknown Source)
	at TempTestSuite1583932579593.run(TempTestSuite1583932579593.groovy:36)
Caused by: com.kms.katalon.core.exception.StepFailedException: Unable to execute JavaScript.
	at com.kms.katalon.core.webui.keyword.internal.WebUIKeywordMain.stepFailed(WebUIKeywordMain.groovy:64)
	at com.kms.katalon.core.webui.keyword.internal.WebUIKeywordMain.runKeyword(WebUIKeywordMain.groovy:26)
	at com.kms.katalon.core.webui.keyword.builtin.ExecuteJavaScriptKeyword.executeJavascript(ExecuteJavascriptKeyword.groovy:42)
	at com.kms.katalon.core.webui.keyword.builtin.ExecuteJavaScriptKeyword.execute(ExecuteJavascriptKeyword.groovy:37)
	at com.kms.katalon.core.keyword.internal.KeywordExecutor.executeKeywordForPlatform(KeywordExecutor.groovy:72)
	at com.kms.katalon.core.webui.keyword.WebUiBuiltInKeywords.executeJavaScript(WebUiBuiltInKeywords.groovy:3787)
	at Aprobacion_Ventas.run(Aprobacion_Ventas:57)
	at com.kms.katalon.core.main.ScriptEngine.run(ScriptEngine.java:194)
	at com.kms.katalon.core.main.ScriptEngine.runScriptAsRawText(ScriptEngine.java:119)
	at com.kms.katalon.core.main.TestCaseExecutor.runScript(TestCaseExecutor.java:337)
	at com.kms.katalon.core.main.TestCaseExecutor.doExecute(TestCaseExecutor.java:328)
	at com.kms.katalon.core.main.TestCaseExecutor.processExecutionPhase(TestCaseExecutor.java:307)
	at com.kms.katalon.core.main.TestCaseExecutor.accessMainPhase(TestCaseExecutor.java:299)
	at com.kms.katalon.core.main.TestCaseExecutor.execute(TestCaseExecutor.java:233)
	at com.kms.katalon.core.main.TestCaseMain.runTestCase(TestCaseMain.java:114)
	at com.kms.katalon.core.keyword.builtin.CallTestCaseKeyword$_callTestCase_closure1.doCall(CallTestCaseKeyword.groovy:59)
	... 20 more
Caused by: org.openqa.selenium.JavascriptException: javascript error: Cannot read property 'click' of null
  (Session info: chrome=80.0.3987.132)
Build info: version: '3.141.59', revision: 'e82be7d358', time: '2018-11-14T08:25:53'
System info: host: 'LAPTOP-K43U1BVQ', ip: '192.168.99.1', os.name: 'Windows 10', os.arch: 'amd64', os.version: '10.0', java.version: '1.8.0_181'
Driver info: com.kms.katalon.selenium.driver.CChromeDriver
Capabilities {acceptInsecureCerts: false, browserName: chrome, browserVersion: 80.0.3987.132, chrome: {chromedriverVersion: 79.0.3945.36 (3582db32b3389..., userDataDir: C:\Users\kaizen\AppData\Loc...}, goog:chromeOptions: {debuggerAddress: localhost:12772}, javascriptEnabled: true, networkConnectionEnabled: false, pageLoadStrategy: normal, platform: WINDOWS, platformName: WINDOWS, proxy: Proxy(), setWindowRect: true, strictFileInteractability: false, timeouts: {implicit: 0, pageLoad: 300000, script: 30000}, unhandledPromptBehavior: dismiss and notify}
Session ID: 052c400c40ee0e260b1c6cbe732eeb35
	at org.openqa.selenium.remote.http.W3CHttpResponseCodec.createException(W3CHttpResponseCodec.java:187)
	at org.openqa.selenium.remote.http.W3CHttpResponseCodec.decode(W3CHttpResponseCodec.java:122)
	at org.openqa.selenium.remote.http.W3CHttpResponseCodec.decode(W3CHttpResponseCodec.java:49)
	at org.openqa.selenium.remote.HttpCommandExecutor.execute(HttpCommandExecutor.java:158)
	at org.openqa.selenium.remote.service.DriverCommandExecutor.execute(DriverCommandExecutor.java:83)
	at org.openqa.selenium.remote.RemoteWebDriver.execute(RemoteWebDriver.java:552)
	at com.kms.katalon.selenium.driver.CChromeDriver.execute(CChromeDriver.java:19)
	at org.openqa.selenium.remote.RemoteWebDriver.executeScript(RemoteWebDriver.java:489)
	at org.openqa.selenium.support.events.EventFiringWebDriver.lambda$new$1(EventFiringWebDriver.java:105)
	at com.sun.proxy.$Proxy9.executeScript(Unknown Source)
	at org.openqa.selenium.support.events.EventFiringWebDriver.executeScript(EventFiringWebDriver.java:229)
	at com.kms.katalon.core.webui.keyword.builtin.ExecuteJavaScriptKeyword$_executeJavascript_closure1.doCall(ExecuteJavascriptKeyword.groovy:48)
	at com.kms.katalon.core.webui.keyword.builtin.ExecuteJavaScriptKeyword$_executeJavascript_closure1.call(ExecuteJavascriptKeyword.groovy)
	at com.kms.katalon.core.webui.keyword.internal.WebUIKeywordMain.runKeyword(WebUIKeywordMain.groovy:20)
	... 34 more
)

2020-03-11 09:19:39 - [TEST_STEP][PASSED] - callTestCase(findTestCase("Individual_Tests/Login"), ["Evento":"Aprobar", "Index":Index], STOP_ON_FAILURE): Call Test Case 'Test Cases/Individual_Tests/Login' successfully

2020-03-11 09:19:39 - [TEST_CASE][PASSED] - Test Cases/Individual_Tests/Login: Test Cases/Individual_Tests/Login

2020-03-11 09:19:39 - [TEST_STEP][PASSED] - print("Evento Seleccionado: " + Evento + "
"): null

2020-03-11 09:19:39 - [TEST_STEP][PASSED] - openBrowser(Web): Browser is opened with url: 'http://test.kaizendev.net/Login/Accesar?salir=true'

2020-03-11 09:19:39 - [MESSAGE][INFO] - Starting 'Chrome' driver

2020-03-11 09:19:51 - [MESSAGE][PASSED] - Browser is opened with url: 'http://test.kaizendev.net/Login/Accesar?salir=true'

2020-03-11 09:19:51 - [TEST_STEP][PASSED] - maximizeWindow(): Current window maximized

2020-03-11 09:19:52 - [MESSAGE][PASSED] - Current window maximized

2020-03-11 09:19:52 - [TEST_STEP][PASSED] - if (Evento == "Crear20"): null

2020-03-11 09:19:52 - [TEST_STEP][PASSED] - else if (Evento == "Crear40"): null

2020-03-11 09:19:52 - [TEST_STEP][PASSED] - else if (Evento == "Aprobar"): Object: 'Object Repository/Page_Iniciar Sesion - KAIZEN/is_btn_ingresar_sistema' is clicked on

2020-03-11 09:19:52 - [TEST_STEP][PASSED] - data2 = obtener_excels.obtener_aprobaciones.getValuesExcelAprob20(Index): obtener_excels.obtener_aprobaciones.getValuesExcelAprob20 is PASSED

2020-03-11 09:19:52 - [MESSAGE][PASSED] - obtener_excels.obtener_aprobaciones.getValuesExcelAprob20 is PASSED

2020-03-11 09:19:52 - [TEST_STEP][PASSED] - Usuario = data2[1]: null

2020-03-11 09:19:52 - [TEST_STEP][PASSED] - Contrasena = data2[2]: null

2020-03-11 09:19:52 - [TEST_STEP][PASSED] - setText(findTestObject("Page_Iniciar Sesion - KAIZEN/is_input_email"), Usuario): Text 'automated.test@grupokaizen.net' is set on object 'Object Repository/Page_Iniciar Sesion - KAIZEN/is_input_email'

2020-03-11 09:19:53 - [MESSAGE][PASSED] - Text 'automated.test@grupokaizen.net' is set on object 'Object Repository/Page_Iniciar Sesion - KAIZEN/is_input_email'

2020-03-11 09:19:53 - [TEST_STEP][PASSED] - setEncryptedText(findTestObject("Page_Iniciar Sesion - KAIZEN/IS_input_contrasena"), Contrasena): Text ****** has been set on object 'Object Repository/Page_Iniciar Sesion - KAIZEN/IS_input_contrasena'

2020-03-11 09:19:54 - [MESSAGE][PASSED] - Text ****** has been set on object 'Object Repository/Page_Iniciar Sesion - KAIZEN/IS_input_contrasena'

2020-03-11 09:19:54 - [TEST_STEP][PASSED] - click(findTestObject("Page_Iniciar Sesion - KAIZEN/is_btn_ingresar_sistema")): Object: 'Object Repository/Page_Iniciar Sesion - KAIZEN/is_btn_ingresar_sistema' is clicked on

2020-03-11 09:19:58 - [MESSAGE][PASSED] - Object: 'Object Repository/Page_Iniciar Sesion - KAIZEN/is_btn_ingresar_sistema' is clicked on

2020-03-11 09:19:58 - [MESSAGE][PASSED] - Call Test Case 'Test Cases/Individual_Tests/Login' successfully

2020-03-11 09:19:58 - [TEST_STEP][PASSED] - callTestCase(findTestCase("Individual_Tests/Seleccionar_Idioma"), ["Evento":"Aprobar", "Index":Index], STOP_ON_FAILURE): Call Test Case 'Test Cases/Individual_Tests/Seleccionar_Idioma' successfully

2020-03-11 09:19:58 - [TEST_CASE][PASSED] - Test Cases/Individual_Tests/Seleccionar_Idioma: Test Cases/Individual_Tests/Seleccionar_Idioma

2020-03-11 09:19:58 - [TEST_STEP][PASSED] - Idioma = 0: null

2020-03-11 09:19:58 - [TEST_STEP][PASSED] - if (Evento == "Crear20"): null

2020-03-11 09:19:58 - [TEST_STEP][PASSED] - else if (Evento == "Crear40"): null

2020-03-11 09:19:58 - [TEST_STEP][PASSED] - else if (Evento == "Aprobar"): null

2020-03-11 09:19:58 - [TEST_STEP][PASSED] - data2 = obtener_excels.obtener_aprobaciones.getValuesExcelAprob20(Index): obtener_excels.obtener_aprobaciones.getValuesExcelAprob20 is PASSED

2020-03-11 09:19:58 - [MESSAGE][PASSED] - obtener_excels.obtener_aprobaciones.getValuesExcelAprob20 is PASSED

2020-03-11 09:19:58 - [TEST_STEP][PASSED] - Idioma = data2[0]: null

2020-03-11 09:19:58 - [TEST_STEP][PASSED] - click(findTestObject("Page_- KAIZEN/si_btn_idioma")): Object: 'Object Repository/Page_- KAIZEN/si_btn_idioma' is clicked on

2020-03-11 09:19:59 - [MESSAGE][PASSED] - Object: 'Object Repository/Page_- KAIZEN/si_btn_idioma' is clicked on

2020-03-11 09:19:59 - [TEST_STEP][PASSED] - if (Idioma == "0"): null

2020-03-11 09:19:59 - [TEST_STEP][PASSED] - else: Object: 'Object Repository/Page_- KAIZEN/si_Spanish' is clicked on

2020-03-11 09:19:59 - [TEST_STEP][PASSED] - click(findTestObject("Page_- KAIZEN/si_Spanish")): Object: 'Object Repository/Page_- KAIZEN/si_Spanish' is clicked on

2020-03-11 09:20:02 - [MESSAGE][PASSED] - Object: 'Object Repository/Page_- KAIZEN/si_Spanish' is clicked on

2020-03-11 09:20:02 - [MESSAGE][PASSED] - Call Test Case 'Test Cases/Individual_Tests/Seleccionar_Idioma' successfully

2020-03-11 09:20:02 - [TEST_STEP][FAILED] - callTestCase(findTestCase("Individual_Tests/Aprobacion_Ventas"), ["Index":Index], STOP_ON_FAILURE): Unable to call Test Case 'Test Cases/Individual_Tests/Aprobacion_Ventas' (Root cause: com.kms.katalon.core.exception.StepFailedException: Call Test Case 'Test Cases/Individual_Tests/Aprobacion_Ventas' failed
	at com.kms.katalon.core.keyword.builtin.CallTestCaseKeyword$_callTestCase_closure1.doCall(CallTestCaseKeyword.groovy:63)
	at com.kms.katalon.core.keyword.builtin.CallTestCaseKeyword$_callTestCase_closure1.call(CallTestCaseKeyword.groovy)
	at com.kms.katalon.core.keyword.internal.KeywordMain.runKeyword(KeywordMain.groovy:68)
	at com.kms.katalon.core.keyword.builtin.CallTestCaseKeyword.callTestCase(CallTestCaseKeyword.groovy:81)
	at com.kms.katalon.core.keyword.builtin.CallTestCaseKeyword.execute(CallTestCaseKeyword.groovy:44)
	at com.kms.katalon.core.keyword.internal.KeywordExecutor.executeKeywordForPlatform(KeywordExecutor.groovy:72)
	at com.kms.katalon.core.keyword.BuiltinKeywords.callTestCase(BuiltinKeywords.groovy:334)
	at TC_Aprobar_Ventas.run(TC_Aprobar_Ventas:33)
	at com.kms.katalon.core.main.ScriptEngine.run(ScriptEngine.java:194)
	at com.kms.katalon.core.main.ScriptEngine.runScriptAsRawText(ScriptEngine.java:119)
	at com.kms.katalon.core.main.TestCaseExecutor.runScript(TestCaseExecutor.java:337)
	at com.kms.katalon.core.main.TestCaseExecutor.doExecute(TestCaseExecutor.java:328)
	at com.kms.katalon.core.main.TestCaseExecutor.processExecutionPhase(TestCaseExecutor.java:307)
	at com.kms.katalon.core.main.TestCaseExecutor.accessMainPhase(TestCaseExecutor.java:299)
	at com.kms.katalon.core.main.TestCaseExecutor.execute(TestCaseExecutor.java:233)
	at com.kms.katalon.core.main.TestSuiteExecutor.accessTestCaseMainPhase(TestSuiteExecutor.java:169)
	at com.kms.katalon.core.main.TestSuiteExecutor.accessTestSuiteMainPhase(TestSuiteExecutor.java:142)
	at com.kms.katalon.core.main.TestSuiteExecutor.execute(TestSuiteExecutor.java:91)
	at com.kms.katalon.core.main.TestCaseMain.startTestSuite(TestCaseMain.java:157)
	at com.kms.katalon.core.main.TestCaseMain$startTestSuite$0.call(Unknown Source)
	at TempTestSuite1583932579593.run(TempTestSuite1583932579593.groovy:36)
Caused by: com.kms.katalon.core.exception.StepFailedException: Unable to execute JavaScript.
	at com.kms.katalon.core.webui.keyword.internal.WebUIKeywordMain.stepFailed(WebUIKeywordMain.groovy:64)
	at com.kms.katalon.core.webui.keyword.internal.WebUIKeywordMain.runKeyword(WebUIKeywordMain.groovy:26)
	at com.kms.katalon.core.webui.keyword.builtin.ExecuteJavaScriptKeyword.executeJavascript(ExecuteJavascriptKeyword.groovy:42)
	at com.kms.katalon.core.webui.keyword.builtin.ExecuteJavaScriptKeyword.execute(ExecuteJavascriptKeyword.groovy:37)
	at com.kms.katalon.core.keyword.internal.KeywordExecutor.executeKeywordForPlatform(KeywordExecutor.groovy:72)
	at com.kms.katalon.core.webui.keyword.WebUiBuiltInKeywords.executeJavaScript(WebUiBuiltInKeywords.groovy:3787)
	at Aprobacion_Ventas.run(Aprobacion_Ventas:57)
	at com.kms.katalon.core.main.ScriptEngine.run(ScriptEngine.java:194)
	at com.kms.katalon.core.main.ScriptEngine.runScriptAsRawText(ScriptEngine.java:119)
	at com.kms.katalon.core.main.TestCaseExecutor.runScript(TestCaseExecutor.java:337)
	at com.kms.katalon.core.main.TestCaseExecutor.doExecute(TestCaseExecutor.java:328)
	at com.kms.katalon.core.main.TestCaseExecutor.processExecutionPhase(TestCaseExecutor.java:307)
	at com.kms.katalon.core.main.TestCaseExecutor.accessMainPhase(TestCaseExecutor.java:299)
	at com.kms.katalon.core.main.TestCaseExecutor.execute(TestCaseExecutor.java:233)
	at com.kms.katalon.core.main.TestCaseMain.runTestCase(TestCaseMain.java:114)
	at com.kms.katalon.core.keyword.builtin.CallTestCaseKeyword$_callTestCase_closure1.doCall(CallTestCaseKeyword.groovy:59)
	... 20 more
Caused by: org.openqa.selenium.JavascriptException: javascript error: Cannot read property 'click' of null
  (Session info: chrome=80.0.3987.132)
Build info: version: '3.141.59', revision: 'e82be7d358', time: '2018-11-14T08:25:53'
System info: host: 'LAPTOP-K43U1BVQ', ip: '192.168.99.1', os.name: 'Windows 10', os.arch: 'amd64', os.version: '10.0', java.version: '1.8.0_181'
Driver info: com.kms.katalon.selenium.driver.CChromeDriver
Capabilities {acceptInsecureCerts: false, browserName: chrome, browserVersion: 80.0.3987.132, chrome: {chromedriverVersion: 79.0.3945.36 (3582db32b3389..., userDataDir: C:\Users\kaizen\AppData\Loc...}, goog:chromeOptions: {debuggerAddress: localhost:12772}, javascriptEnabled: true, networkConnectionEnabled: false, pageLoadStrategy: normal, platform: WINDOWS, platformName: WINDOWS, proxy: Proxy(), setWindowRect: true, strictFileInteractability: false, timeouts: {implicit: 0, pageLoad: 300000, script: 30000}, unhandledPromptBehavior: dismiss and notify}
Session ID: 052c400c40ee0e260b1c6cbe732eeb35
	at org.openqa.selenium.remote.http.W3CHttpResponseCodec.createException(W3CHttpResponseCodec.java:187)
	at org.openqa.selenium.remote.http.W3CHttpResponseCodec.decode(W3CHttpResponseCodec.java:122)
	at org.openqa.selenium.remote.http.W3CHttpResponseCodec.decode(W3CHttpResponseCodec.java:49)
	at org.openqa.selenium.remote.HttpCommandExecutor.execute(HttpCommandExecutor.java:158)
	at org.openqa.selenium.remote.service.DriverCommandExecutor.execute(DriverCommandExecutor.java:83)
	at org.openqa.selenium.remote.RemoteWebDriver.execute(RemoteWebDriver.java:552)
	at com.kms.katalon.selenium.driver.CChromeDriver.execute(CChromeDriver.java:19)
	at org.openqa.selenium.remote.RemoteWebDriver.executeScript(RemoteWebDriver.java:489)
	at org.openqa.selenium.support.events.EventFiringWebDriver.lambda$new$1(EventFiringWebDriver.java:105)
	at com.sun.proxy.$Proxy9.executeScript(Unknown Source)
	at org.openqa.selenium.support.events.EventFiringWebDriver.executeScript(EventFiringWebDriver.java:229)
	at com.kms.katalon.core.webui.keyword.builtin.ExecuteJavaScriptKeyword$_executeJavascript_closure1.doCall(ExecuteJavascriptKeyword.groovy:48)
	at com.kms.katalon.core.webui.keyword.builtin.ExecuteJavaScriptKeyword$_executeJavascript_closure1.call(ExecuteJavascriptKeyword.groovy)
	at com.kms.katalon.core.webui.keyword.internal.WebUIKeywordMain.runKeyword(WebUIKeywordMain.groovy:20)
	... 34 more
)

2020-03-11 09:20:02 - [TEST_CASE][FAILED] - Test Cases/Individual_Tests/Aprobacion_Ventas: Test Cases/Individual_Tests/Aprobacion_Ventas FAILED.
Reason:
com.kms.katalon.core.exception.StepFailedException: Unable to execute JavaScript.
	at com.kms.katalon.core.webui.keyword.internal.WebUIKeywordMain.stepFailed(WebUIKeywordMain.groovy:64)
	at com.kms.katalon.core.webui.keyword.internal.WebUIKeywordMain.runKeyword(WebUIKeywordMain.groovy:26)
	at com.kms.katalon.core.webui.keyword.builtin.ExecuteJavaScriptKeyword.executeJavascript(ExecuteJavascriptKeyword.groovy:42)
	at com.kms.katalon.core.webui.keyword.builtin.ExecuteJavaScriptKeyword.execute(ExecuteJavascriptKeyword.groovy:37)
	at com.kms.katalon.core.keyword.internal.KeywordExecutor.executeKeywordForPlatform(KeywordExecutor.groovy:72)
	at com.kms.katalon.core.webui.keyword.WebUiBuiltInKeywords.executeJavaScript(WebUiBuiltInKeywords.groovy:3787)
	at Aprobacion_Ventas.run(Aprobacion_Ventas:57)
	at com.kms.katalon.core.main.ScriptEngine.run(ScriptEngine.java:194)
	at com.kms.katalon.core.main.ScriptEngine.runScriptAsRawText(ScriptEngine.java:119)
	at com.kms.katalon.core.main.TestCaseExecutor.runScript(TestCaseExecutor.java:337)
	at com.kms.katalon.core.main.TestCaseExecutor.doExecute(TestCaseExecutor.java:328)
	at com.kms.katalon.core.main.TestCaseExecutor.processExecutionPhase(TestCaseExecutor.java:307)
	at com.kms.katalon.core.main.TestCaseExecutor.accessMainPhase(TestCaseExecutor.java:299)
	at com.kms.katalon.core.main.TestCaseExecutor.execute(TestCaseExecutor.java:233)
	at com.kms.katalon.core.main.TestCaseMain.runTestCase(TestCaseMain.java:114)
	at com.kms.katalon.core.keyword.builtin.CallTestCaseKeyword$_callTestCase_closure1.doCall(CallTestCaseKeyword.groovy:59)
	at com.kms.katalon.core.keyword.builtin.CallTestCaseKeyword$_callTestCase_closure1.call(CallTestCaseKeyword.groovy)
	at com.kms.katalon.core.keyword.internal.KeywordMain.runKeyword(KeywordMain.groovy:68)
	at com.kms.katalon.core.keyword.builtin.CallTestCaseKeyword.callTestCase(CallTestCaseKeyword.groovy:81)
	at com.kms.katalon.core.keyword.builtin.CallTestCaseKeyword.execute(CallTestCaseKeyword.groovy:44)
	at com.kms.katalon.core.keyword.internal.KeywordExecutor.executeKeywordForPlatform(KeywordExecutor.groovy:72)
	at com.kms.katalon.core.keyword.BuiltinKeywords.callTestCase(BuiltinKeywords.groovy:334)
	at TC_Aprobar_Ventas.run(TC_Aprobar_Ventas:33)
	at com.kms.katalon.core.main.ScriptEngine.run(ScriptEngine.java:194)
	at com.kms.katalon.core.main.ScriptEngine.runScriptAsRawText(ScriptEngine.java:119)
	at com.kms.katalon.core.main.TestCaseExecutor.runScript(TestCaseExecutor.java:337)
	at com.kms.katalon.core.main.TestCaseExecutor.doExecute(TestCaseExecutor.java:328)
	at com.kms.katalon.core.main.TestCaseExecutor.processExecutionPhase(TestCaseExecutor.java:307)
	at com.kms.katalon.core.main.TestCaseExecutor.accessMainPhase(TestCaseExecutor.java:299)
	at com.kms.katalon.core.main.TestCaseExecutor.execute(TestCaseExecutor.java:233)
	at com.kms.katalon.core.main.TestSuiteExecutor.accessTestCaseMainPhase(TestSuiteExecutor.java:169)
	at com.kms.katalon.core.main.TestSuiteExecutor.accessTestSuiteMainPhase(TestSuiteExecutor.java:142)
	at com.kms.katalon.core.main.TestSuiteExecutor.execute(TestSuiteExecutor.java:91)
	at com.kms.katalon.core.main.TestCaseMain.startTestSuite(TestCaseMain.java:157)
	at com.kms.katalon.core.main.TestCaseMain$startTestSuite$0.call(Unknown Source)
	at TempTestSuite1583932579593.run(TempTestSuite1583932579593.groovy:36)
Caused by: org.openqa.selenium.JavascriptException: javascript error: Cannot read property 'click' of null
  (Session info: chrome=80.0.3987.132)
Build info: version: '3.141.59', revision: 'e82be7d358', time: '2018-11-14T08:25:53'
System info: host: 'LAPTOP-K43U1BVQ', ip: '192.168.99.1', os.name: 'Windows 10', os.arch: 'amd64', os.version: '10.0', java.version: '1.8.0_181'
Driver info: com.kms.katalon.selenium.driver.CChromeDriver
Capabilities {acceptInsecureCerts: false, browserName: chrome, browserVersion: 80.0.3987.132, chrome: {chromedriverVersion: 79.0.3945.36 (3582db32b3389..., userDataDir: C:\Users\kaizen\AppData\Loc...}, goog:chromeOptions: {debuggerAddress: localhost:12772}, javascriptEnabled: true, networkConnectionEnabled: false, pageLoadStrategy: normal, platform: WINDOWS, platformName: WINDOWS, proxy: Proxy(), setWindowRect: true, strictFileInteractability: false, timeouts: {implicit: 0, pageLoad: 300000, script: 30000}, unhandledPromptBehavior: dismiss and notify}
Session ID: 052c400c40ee0e260b1c6cbe732eeb35
	at org.openqa.selenium.remote.http.W3CHttpResponseCodec.createException(W3CHttpResponseCodec.java:187)
	at org.openqa.selenium.remote.http.W3CHttpResponseCodec.decode(W3CHttpResponseCodec.java:122)
	at org.openqa.selenium.remote.http.W3CHttpResponseCodec.decode(W3CHttpResponseCodec.java:49)
	at org.openqa.selenium.remote.HttpCommandExecutor.execute(HttpCommandExecutor.java:158)
	at org.openqa.selenium.remote.service.DriverCommandExecutor.execute(DriverCommandExecutor.java:83)
	at org.openqa.selenium.remote.RemoteWebDriver.execute(RemoteWebDriver.java:552)
	at com.kms.katalon.selenium.driver.CChromeDriver.execute(CChromeDriver.java:19)
	at org.openqa.selenium.remote.RemoteWebDriver.executeScript(RemoteWebDriver.java:489)
	at org.openqa.selenium.support.events.EventFiringWebDriver.lambda$new$1(EventFiringWebDriver.java:105)
	at com.sun.proxy.$Proxy9.executeScript(Unknown Source)
	at org.openqa.selenium.support.events.EventFiringWebDriver.executeScript(EventFiringWebDriver.java:229)
	at com.kms.katalon.core.webui.keyword.builtin.ExecuteJavaScriptKeyword$_executeJavascript_closure1.doCall(ExecuteJavascriptKeyword.groovy:48)
	at com.kms.katalon.core.webui.keyword.builtin.ExecuteJavaScriptKeyword$_executeJavascript_closure1.call(ExecuteJavascriptKeyword.groovy)
	at com.kms.katalon.core.webui.keyword.internal.WebUIKeywordMain.runKeyword(WebUIKeywordMain.groovy:20)
	... 34 more


2020-03-11 09:20:03 - [TEST_STEP][PASSED] - data = obtener_excels.obtener_aprobaciones.getValuesExcelAprob20(Index): obtener_excels.obtener_aprobaciones.getValuesExcelAprob20 is PASSED

2020-03-11 09:20:03 - [MESSAGE][PASSED] - obtener_excels.obtener_aprobaciones.getValuesExcelAprob20 is PASSED

2020-03-11 09:20:03 - [TEST_STEP][PASSED] - IdPedido = data[3]: null

2020-03-11 09:20:03 - [TEST_STEP][PASSED] - Id_Cliente = data[4]: null

2020-03-11 09:20:03 - [TEST_STEP][PASSED] - AprobVentas = data[5]: null

2020-03-11 09:20:03 - [TEST_STEP][PASSED] - print(Id_Cliente + "
"): null

2020-03-11 09:20:03 - [TEST_STEP][PASSED] - print(AprobVentas + "
"): null

2020-03-11 09:20:03 - [TEST_STEP][PASSED] - IDPedido = IdPedido: null

2020-03-11 09:20:03 - [TEST_STEP][PASSED] - IDCliente = Id_Cliente: null

2020-03-11 09:20:03 - [TEST_STEP][PASSED] - AprobacionVentas = AprobVentas: null

2020-03-11 09:20:03 - [TEST_STEP][PASSED] - click(findTestObject("Page_- KAIZEN/av_btn_ventas")): Object: 'Object Repository/Page_- KAIZEN/av_btn_ventas' is clicked on

2020-03-11 09:20:03 - [MESSAGE][PASSED] - Object: 'Object Repository/Page_- KAIZEN/av_btn_ventas' is clicked on

2020-03-11 09:20:03 - [TEST_STEP][PASSED] - click(findTestObject("Page_- KAIZEN/av_btn_aprobacinventas")): Object: 'Object Repository/Page_- KAIZEN/av_btn_aprobacinventas' is clicked on

2020-03-11 09:20:08 - [MESSAGE][PASSED] - Object: 'Object Repository/Page_- KAIZEN/av_btn_aprobacinventas' is clicked on

2020-03-11 09:20:08 - [TEST_STEP][PASSED] - click(findTestObject("Page_Aprobacin de Ventas - KAIZEN/av_click_aprobacionventas")): Object: 'Object Repository/Page_Aprobacin de Ventas - KAIZEN/av_click_aprobacionventas' is clicked on

2020-03-11 09:20:08 - [MESSAGE][PASSED] - Object: 'Object Repository/Page_Aprobacin de Ventas - KAIZEN/av_click_aprobacionventas' is clicked on

2020-03-11 09:20:08 - [TEST_STEP][PASSED] - click(findTestObject("Page_Aprobacin de Ventas - KAIZEN/av_btn_seleccione_cliente")): Object: 'Object Repository/Page_Aprobacin de Ventas - KAIZEN/av_btn_seleccione_cliente' is clicked on

2020-03-11 09:20:09 - [MESSAGE][PASSED] - Object: 'Object Repository/Page_Aprobacin de Ventas - KAIZEN/av_btn_seleccione_cliente' is clicked on

2020-03-11 09:20:09 - [TEST_STEP][PASSED] - click(findTestObject("Page_Aprobacin de Ventas - KAIZEN/av_click_seleccione_cliente")): Object: 'Object Repository/Page_Aprobacin de Ventas - KAIZEN/av_click_seleccione_cliente' is clicked on

2020-03-11 09:20:09 - [MESSAGE][PASSED] - Object: 'Object Repository/Page_Aprobacin de Ventas - KAIZEN/av_click_seleccione_cliente' is clicked on

2020-03-11 09:20:09 - [TEST_STEP][PASSED] - selectOptionByValue(findTestObject("Page_Aprobacin de Ventas - KAIZEN/av_assing_seleccione_cliente"), IDCliente, true): All options with value '3' are selected in object 'Object Repository/Page_Aprobacin de Ventas - KAIZEN/av_assing_seleccione_cliente'  using regular expression

2020-03-11 09:20:11 - [MESSAGE][PASSED] - All options with value '3' are selected in object 'Object Repository/Page_Aprobacin de Ventas - KAIZEN/av_assing_seleccione_cliente'  using regular expression

2020-03-11 09:20:11 - [TEST_STEP][PASSED] - click(findTestObject("Page_Aprobacin de Ventas - KAIZEN/av_btn_Buscar")): Object: 'Object Repository/Page_Aprobacin de Ventas - KAIZEN/av_btn_Buscar' is clicked on

2020-03-11 09:20:18 - [MESSAGE][PASSED] - Object: 'Object Repository/Page_Aprobacin de Ventas - KAIZEN/av_btn_Buscar' is clicked on

2020-03-11 09:20:18 - [TEST_STEP][PASSED] - delay(5): Delayed 5 second(s)

2020-03-11 09:20:23 - [MESSAGE][PASSED] - Delayed 5 second(s)

2020-03-11 09:20:23 - [TEST_STEP][FAILED] - if (AprobacionVentas == "Aprobar"): Unable to execute JavaScript. (Root cause: com.kms.katalon.core.exception.StepFailedException: Unable to execute JavaScript.
	at com.kms.katalon.core.webui.keyword.internal.WebUIKeywordMain.stepFailed(WebUIKeywordMain.groovy:64)
	at com.kms.katalon.core.webui.keyword.internal.WebUIKeywordMain.runKeyword(WebUIKeywordMain.groovy:26)
	at com.kms.katalon.core.webui.keyword.builtin.ExecuteJavaScriptKeyword.executeJavascript(ExecuteJavascriptKeyword.groovy:42)
	at com.kms.katalon.core.webui.keyword.builtin.ExecuteJavaScriptKeyword.execute(ExecuteJavascriptKeyword.groovy:37)
	at com.kms.katalon.core.keyword.internal.KeywordExecutor.executeKeywordForPlatform(KeywordExecutor.groovy:72)
	at com.kms.katalon.core.webui.keyword.WebUiBuiltInKeywords.executeJavaScript(WebUiBuiltInKeywords.groovy:3787)
	at Aprobacion_Ventas.run(Aprobacion_Ventas:57)
	at com.kms.katalon.core.main.ScriptEngine.run(ScriptEngine.java:194)
	at com.kms.katalon.core.main.ScriptEngine.runScriptAsRawText(ScriptEngine.java:119)
	at com.kms.katalon.core.main.TestCaseExecutor.runScript(TestCaseExecutor.java:337)
	at com.kms.katalon.core.main.TestCaseExecutor.doExecute(TestCaseExecutor.java:328)
	at com.kms.katalon.core.main.TestCaseExecutor.processExecutionPhase(TestCaseExecutor.java:307)
	at com.kms.katalon.core.main.TestCaseExecutor.accessMainPhase(TestCaseExecutor.java:299)
	at com.kms.katalon.core.main.TestCaseExecutor.execute(TestCaseExecutor.java:233)
	at com.kms.katalon.core.main.TestCaseMain.runTestCase(TestCaseMain.java:114)
	at com.kms.katalon.core.keyword.builtin.CallTestCaseKeyword$_callTestCase_closure1.doCall(CallTestCaseKeyword.groovy:59)
	at com.kms.katalon.core.keyword.builtin.CallTestCaseKeyword$_callTestCase_closure1.call(CallTestCaseKeyword.groovy)
	at com.kms.katalon.core.keyword.internal.KeywordMain.runKeyword(KeywordMain.groovy:68)
	at com.kms.katalon.core.keyword.builtin.CallTestCaseKeyword.callTestCase(CallTestCaseKeyword.groovy:81)
	at com.kms.katalon.core.keyword.builtin.CallTestCaseKeyword.execute(CallTestCaseKeyword.groovy:44)
	at com.kms.katalon.core.keyword.internal.KeywordExecutor.executeKeywordForPlatform(KeywordExecutor.groovy:72)
	at com.kms.katalon.core.keyword.BuiltinKeywords.callTestCase(BuiltinKeywords.groovy:334)
	at TC_Aprobar_Ventas.run(TC_Aprobar_Ventas:33)
	at com.kms.katalon.core.main.ScriptEngine.run(ScriptEngine.java:194)
	at com.kms.katalon.core.main.ScriptEngine.runScriptAsRawText(ScriptEngine.java:119)
	at com.kms.katalon.core.main.TestCaseExecutor.runScript(TestCaseExecutor.java:337)
	at com.kms.katalon.core.main.TestCaseExecutor.doExecute(TestCaseExecutor.java:328)
	at com.kms.katalon.core.main.TestCaseExecutor.processExecutionPhase(TestCaseExecutor.java:307)
	at com.kms.katalon.core.main.TestCaseExecutor.accessMainPhase(TestCaseExecutor.java:299)
	at com.kms.katalon.core.main.TestCaseExecutor.execute(TestCaseExecutor.java:233)
	at com.kms.katalon.core.main.TestSuiteExecutor.accessTestCaseMainPhase(TestSuiteExecutor.java:169)
	at com.kms.katalon.core.main.TestSuiteExecutor.accessTestSuiteMainPhase(TestSuiteExecutor.java:142)
	at com.kms.katalon.core.main.TestSuiteExecutor.execute(TestSuiteExecutor.java:91)
	at com.kms.katalon.core.main.TestCaseMain.startTestSuite(TestCaseMain.java:157)
	at com.kms.katalon.core.main.TestCaseMain$startTestSuite$0.call(Unknown Source)
	at TempTestSuite1583932579593.run(TempTestSuite1583932579593.groovy:36)
Caused by: org.openqa.selenium.JavascriptException: javascript error: Cannot read property 'click' of null
  (Session info: chrome=80.0.3987.132)
Build info: version: '3.141.59', revision: 'e82be7d358', time: '2018-11-14T08:25:53'
System info: host: 'LAPTOP-K43U1BVQ', ip: '192.168.99.1', os.name: 'Windows 10', os.arch: 'amd64', os.version: '10.0', java.version: '1.8.0_181'
Driver info: com.kms.katalon.selenium.driver.CChromeDriver
Capabilities {acceptInsecureCerts: false, browserName: chrome, browserVersion: 80.0.3987.132, chrome: {chromedriverVersion: 79.0.3945.36 (3582db32b3389..., userDataDir: C:\Users\kaizen\AppData\Loc...}, goog:chromeOptions: {debuggerAddress: localhost:12772}, javascriptEnabled: true, networkConnectionEnabled: false, pageLoadStrategy: normal, platform: WINDOWS, platformName: WINDOWS, proxy: Proxy(), setWindowRect: true, strictFileInteractability: false, timeouts: {implicit: 0, pageLoad: 300000, script: 30000}, unhandledPromptBehavior: dismiss and notify}
Session ID: 052c400c40ee0e260b1c6cbe732eeb35
	at org.openqa.selenium.remote.http.W3CHttpResponseCodec.createException(W3CHttpResponseCodec.java:187)
	at org.openqa.selenium.remote.http.W3CHttpResponseCodec.decode(W3CHttpResponseCodec.java:122)
	at org.openqa.selenium.remote.http.W3CHttpResponseCodec.decode(W3CHttpResponseCodec.java:49)
	at org.openqa.selenium.remote.HttpCommandExecutor.execute(HttpCommandExecutor.java:158)
	at org.openqa.selenium.remote.service.DriverCommandExecutor.execute(DriverCommandExecutor.java:83)
	at org.openqa.selenium.remote.RemoteWebDriver.execute(RemoteWebDriver.java:552)
	at com.kms.katalon.selenium.driver.CChromeDriver.execute(CChromeDriver.java:19)
	at org.openqa.selenium.remote.RemoteWebDriver.executeScript(RemoteWebDriver.java:489)
	at org.openqa.selenium.support.events.EventFiringWebDriver.lambda$new$1(EventFiringWebDriver.java:105)
	at com.sun.proxy.$Proxy9.executeScript(Unknown Source)
	at org.openqa.selenium.support.events.EventFiringWebDriver.executeScript(EventFiringWebDriver.java:229)
	at com.kms.katalon.core.webui.keyword.builtin.ExecuteJavaScriptKeyword$_executeJavascript_closure1.doCall(ExecuteJavascriptKeyword.groovy:48)
	at com.kms.katalon.core.webui.keyword.builtin.ExecuteJavaScriptKeyword$_executeJavascript_closure1.call(ExecuteJavascriptKeyword.groovy)
	at com.kms.katalon.core.webui.keyword.internal.WebUIKeywordMain.runKeyword(WebUIKeywordMain.groovy:20)
	at com.kms.katalon.core.webui.keyword.builtin.ExecuteJavaScriptKeyword.executeJavascript(ExecuteJavascriptKeyword.groovy:42)
	at com.kms.katalon.core.webui.keyword.builtin.ExecuteJavaScriptKeyword.execute(ExecuteJavascriptKeyword.groovy:37)
	at com.kms.katalon.core.keyword.internal.KeywordExecutor.executeKeywordForPlatform(KeywordExecutor.groovy:72)
	at com.kms.katalon.core.webui.keyword.WebUiBuiltInKeywords.executeJavaScript(WebUiBuiltInKeywords.groovy:3787)
	at Script1582302053508.run(Script1582302053508.groovy:57)
	at com.kms.katalon.core.main.ScriptEngine.run(ScriptEngine.java:194)
	at com.kms.katalon.core.main.ScriptEngine.runScriptAsRawText(ScriptEngine.java:119)
	at com.kms.katalon.core.main.TestCaseExecutor.runScript(TestCaseExecutor.java:337)
	at com.kms.katalon.core.main.TestCaseExecutor.doExecute(TestCaseExecutor.java:328)
	at com.kms.katalon.core.main.TestCaseExecutor.processExecutionPhase(TestCaseExecutor.java:307)
	at com.kms.katalon.core.main.TestCaseExecutor.accessMainPhase(TestCaseExecutor.java:299)
	at com.kms.katalon.core.main.TestCaseExecutor.execute(TestCaseExecutor.java:233)
	at com.kms.katalon.core.main.TestCaseMain.runTestCase(TestCaseMain.java:114)
	at com.kms.katalon.core.keyword.builtin.CallTestCaseKeyword$_callTestCase_closure1.doCall(CallTestCaseKeyword.groovy:59)
	at com.kms.katalon.core.keyword.builtin.CallTestCaseKeyword$_callTestCase_closure1.call(CallTestCaseKeyword.groovy)
	at com.kms.katalon.core.keyword.internal.KeywordMain.runKeyword(KeywordMain.groovy:68)
	at com.kms.katalon.core.keyword.builtin.CallTestCaseKeyword.callTestCase(CallTestCaseKeyword.groovy:81)
	at com.kms.katalon.core.keyword.builtin.CallTestCaseKeyword.execute(CallTestCaseKeyword.groovy:44)
	at com.kms.katalon.core.keyword.internal.KeywordExecutor.executeKeywordForPlatform(KeywordExecutor.groovy:72)
	at com.kms.katalon.core.keyword.BuiltinKeywords.callTestCase(BuiltinKeywords.groovy:334)
	at Script1581961232038.run(Script1581961232038.groovy:33)
	... 13 more
)

2020-03-11 09:20:23 - [TEST_STEP][PASSED] - variable = "btn_aprobar_" + IDPedido: null

2020-03-11 09:20:23 - [TEST_STEP][PASSED] - print(variable): null

2020-03-11 09:20:23 - [TEST_STEP][FAILED] - executeJavaScript(document.getElementById('$variable').click();, null): Unable to execute JavaScript. (Root cause: com.kms.katalon.core.exception.StepFailedException: Unable to execute JavaScript.
	at com.kms.katalon.core.webui.keyword.internal.WebUIKeywordMain.stepFailed(WebUIKeywordMain.groovy:64)
	at com.kms.katalon.core.webui.keyword.internal.WebUIKeywordMain.runKeyword(WebUIKeywordMain.groovy:26)
	at com.kms.katalon.core.webui.keyword.builtin.ExecuteJavaScriptKeyword.executeJavascript(ExecuteJavascriptKeyword.groovy:42)
	at com.kms.katalon.core.webui.keyword.builtin.ExecuteJavaScriptKeyword.execute(ExecuteJavascriptKeyword.groovy:37)
	at com.kms.katalon.core.keyword.internal.KeywordExecutor.executeKeywordForPlatform(KeywordExecutor.groovy:72)
	at com.kms.katalon.core.webui.keyword.WebUiBuiltInKeywords.executeJavaScript(WebUiBuiltInKeywords.groovy:3787)
	at Aprobacion_Ventas.run(Aprobacion_Ventas:57)
	at com.kms.katalon.core.main.ScriptEngine.run(ScriptEngine.java:194)
	at com.kms.katalon.core.main.ScriptEngine.runScriptAsRawText(ScriptEngine.java:119)
	at com.kms.katalon.core.main.TestCaseExecutor.runScript(TestCaseExecutor.java:337)
	at com.kms.katalon.core.main.TestCaseExecutor.doExecute(TestCaseExecutor.java:328)
	at com.kms.katalon.core.main.TestCaseExecutor.processExecutionPhase(TestCaseExecutor.java:307)
	at com.kms.katalon.core.main.TestCaseExecutor.accessMainPhase(TestCaseExecutor.java:299)
	at com.kms.katalon.core.main.TestCaseExecutor.execute(TestCaseExecutor.java:233)
	at com.kms.katalon.core.main.TestCaseMain.runTestCase(TestCaseMain.java:114)
	at com.kms.katalon.core.keyword.builtin.CallTestCaseKeyword$_callTestCase_closure1.doCall(CallTestCaseKeyword.groovy:59)
	at com.kms.katalon.core.keyword.builtin.CallTestCaseKeyword$_callTestCase_closure1.call(CallTestCaseKeyword.groovy)
	at com.kms.katalon.core.keyword.internal.KeywordMain.runKeyword(KeywordMain.groovy:68)
	at com.kms.katalon.core.keyword.builtin.CallTestCaseKeyword.callTestCase(CallTestCaseKeyword.groovy:81)
	at com.kms.katalon.core.keyword.builtin.CallTestCaseKeyword.execute(CallTestCaseKeyword.groovy:44)
	at com.kms.katalon.core.keyword.internal.KeywordExecutor.executeKeywordForPlatform(KeywordExecutor.groovy:72)
	at com.kms.katalon.core.keyword.BuiltinKeywords.callTestCase(BuiltinKeywords.groovy:334)
	at TC_Aprobar_Ventas.run(TC_Aprobar_Ventas:33)
	at com.kms.katalon.core.main.ScriptEngine.run(ScriptEngine.java:194)
	at com.kms.katalon.core.main.ScriptEngine.runScriptAsRawText(ScriptEngine.java:119)
	at com.kms.katalon.core.main.TestCaseExecutor.runScript(TestCaseExecutor.java:337)
	at com.kms.katalon.core.main.TestCaseExecutor.doExecute(TestCaseExecutor.java:328)
	at com.kms.katalon.core.main.TestCaseExecutor.processExecutionPhase(TestCaseExecutor.java:307)
	at com.kms.katalon.core.main.TestCaseExecutor.accessMainPhase(TestCaseExecutor.java:299)
	at com.kms.katalon.core.main.TestCaseExecutor.execute(TestCaseExecutor.java:233)
	at com.kms.katalon.core.main.TestSuiteExecutor.accessTestCaseMainPhase(TestSuiteExecutor.java:169)
	at com.kms.katalon.core.main.TestSuiteExecutor.accessTestSuiteMainPhase(TestSuiteExecutor.java:142)
	at com.kms.katalon.core.main.TestSuiteExecutor.execute(TestSuiteExecutor.java:91)
	at com.kms.katalon.core.main.TestCaseMain.startTestSuite(TestCaseMain.java:157)
	at com.kms.katalon.core.main.TestCaseMain$startTestSuite$0.call(Unknown Source)
	at TempTestSuite1583932579593.run(TempTestSuite1583932579593.groovy:36)
Caused by: org.openqa.selenium.JavascriptException: javascript error: Cannot read property 'click' of null
  (Session info: chrome=80.0.3987.132)
Build info: version: '3.141.59', revision: 'e82be7d358', time: '2018-11-14T08:25:53'
System info: host: 'LAPTOP-K43U1BVQ', ip: '192.168.99.1', os.name: 'Windows 10', os.arch: 'amd64', os.version: '10.0', java.version: '1.8.0_181'
Driver info: com.kms.katalon.selenium.driver.CChromeDriver
Capabilities {acceptInsecureCerts: false, browserName: chrome, browserVersion: 80.0.3987.132, chrome: {chromedriverVersion: 79.0.3945.36 (3582db32b3389..., userDataDir: C:\Users\kaizen\AppData\Loc...}, goog:chromeOptions: {debuggerAddress: localhost:12772}, javascriptEnabled: true, networkConnectionEnabled: false, pageLoadStrategy: normal, platform: WINDOWS, platformName: WINDOWS, proxy: Proxy(), setWindowRect: true, strictFileInteractability: false, timeouts: {implicit: 0, pageLoad: 300000, script: 30000}, unhandledPromptBehavior: dismiss and notify}
Session ID: 052c400c40ee0e260b1c6cbe732eeb35
	at org.openqa.selenium.remote.http.W3CHttpResponseCodec.createException(W3CHttpResponseCodec.java:187)
	at org.openqa.selenium.remote.http.W3CHttpResponseCodec.decode(W3CHttpResponseCodec.java:122)
	at org.openqa.selenium.remote.http.W3CHttpResponseCodec.decode(W3CHttpResponseCodec.java:49)
	at org.openqa.selenium.remote.HttpCommandExecutor.execute(HttpCommandExecutor.java:158)
	at org.openqa.selenium.remote.service.DriverCommandExecutor.execute(DriverCommandExecutor.java:83)
	at org.openqa.selenium.remote.RemoteWebDriver.execute(RemoteWebDriver.java:552)
	at com.kms.katalon.selenium.driver.CChromeDriver.execute(CChromeDriver.java:19)
	at org.openqa.selenium.remote.RemoteWebDriver.executeScript(RemoteWebDriver.java:489)
	at org.openqa.selenium.support.events.EventFiringWebDriver.lambda$new$1(EventFiringWebDriver.java:105)
	at com.sun.proxy.$Proxy9.executeScript(Unknown Source)
	at org.openqa.selenium.support.events.EventFiringWebDriver.executeScript(EventFiringWebDriver.java:229)
	at com.kms.katalon.core.webui.keyword.builtin.ExecuteJavaScriptKeyword$_executeJavascript_closure1.doCall(ExecuteJavascriptKeyword.groovy:48)
	at com.kms.katalon.core.webui.keyword.builtin.ExecuteJavaScriptKeyword$_executeJavascript_closure1.call(ExecuteJavascriptKeyword.groovy)
	at com.kms.katalon.core.webui.keyword.internal.WebUIKeywordMain.runKeyword(WebUIKeywordMain.groovy:20)
	at com.kms.katalon.core.webui.keyword.builtin.ExecuteJavaScriptKeyword.executeJavascript(ExecuteJavascriptKeyword.groovy:42)
	at com.kms.katalon.core.webui.keyword.builtin.ExecuteJavaScriptKeyword.execute(ExecuteJavascriptKeyword.groovy:37)
	at com.kms.katalon.core.keyword.internal.KeywordExecutor.executeKeywordForPlatform(KeywordExecutor.groovy:72)
	at com.kms.katalon.core.webui.keyword.WebUiBuiltInKeywords.executeJavaScript(WebUiBuiltInKeywords.groovy:3787)
	at Script1582302053508.run(Script1582302053508.groovy:57)
	at com.kms.katalon.core.main.ScriptEngine.run(ScriptEngine.java:194)
	at com.kms.katalon.core.main.ScriptEngine.runScriptAsRawText(ScriptEngine.java:119)
	at com.kms.katalon.core.main.TestCaseExecutor.runScript(TestCaseExecutor.java:337)
	at com.kms.katalon.core.main.TestCaseExecutor.doExecute(TestCaseExecutor.java:328)
	at com.kms.katalon.core.main.TestCaseExecutor.processExecutionPhase(TestCaseExecutor.java:307)
	at com.kms.katalon.core.main.TestCaseExecutor.accessMainPhase(TestCaseExecutor.java:299)
	at com.kms.katalon.core.main.TestCaseExecutor.execute(TestCaseExecutor.java:233)
	at com.kms.katalon.core.main.TestCaseMain.runTestCase(TestCaseMain.java:114)
	at com.kms.katalon.core.keyword.builtin.CallTestCaseKeyword$_callTestCase_closure1.doCall(CallTestCaseKeyword.groovy:59)
	at com.kms.katalon.core.keyword.builtin.CallTestCaseKeyword$_callTestCase_closure1.call(CallTestCaseKeyword.groovy)
	at com.kms.katalon.core.keyword.internal.KeywordMain.runKeyword(KeywordMain.groovy:68)
	at com.kms.katalon.core.keyword.builtin.CallTestCaseKeyword.callTestCase(CallTestCaseKeyword.groovy:81)
	at com.kms.katalon.core.keyword.builtin.CallTestCaseKeyword.execute(CallTestCaseKeyword.groovy:44)
	at com.kms.katalon.core.keyword.internal.KeywordExecutor.executeKeywordForPlatform(KeywordExecutor.groovy:72)
	at com.kms.katalon.core.keyword.BuiltinKeywords.callTestCase(BuiltinKeywords.groovy:334)
	at Script1581961232038.run(Script1581961232038.groovy:33)
	... 13 more
)

2020-03-11 09:20:23 - [MESSAGE][FAILED] - Unable to execute JavaScript. (Root cause: com.kms.katalon.core.exception.StepFailedException: Unable to execute JavaScript.
	at com.kms.katalon.core.webui.keyword.internal.WebUIKeywordMain.stepFailed(WebUIKeywordMain.groovy:64)
	at com.kms.katalon.core.webui.keyword.internal.WebUIKeywordMain.runKeyword(WebUIKeywordMain.groovy:26)
	at com.kms.katalon.core.webui.keyword.builtin.ExecuteJavaScriptKeyword.executeJavascript(ExecuteJavascriptKeyword.groovy:42)
	at com.kms.katalon.core.webui.keyword.builtin.ExecuteJavaScriptKeyword.execute(ExecuteJavascriptKeyword.groovy:37)
	at com.kms.katalon.core.keyword.internal.KeywordExecutor.executeKeywordForPlatform(KeywordExecutor.groovy:72)
	at com.kms.katalon.core.webui.keyword.WebUiBuiltInKeywords.executeJavaScript(WebUiBuiltInKeywords.groovy:3787)
	at Aprobacion_Ventas.run(Aprobacion_Ventas:57)
	at com.kms.katalon.core.main.ScriptEngine.run(ScriptEngine.java:194)
	at com.kms.katalon.core.main.ScriptEngine.runScriptAsRawText(ScriptEngine.java:119)
	at com.kms.katalon.core.main.TestCaseExecutor.runScript(TestCaseExecutor.java:337)
	at com.kms.katalon.core.main.TestCaseExecutor.doExecute(TestCaseExecutor.java:328)
	at com.kms.katalon.core.main.TestCaseExecutor.processExecutionPhase(TestCaseExecutor.java:307)
	at com.kms.katalon.core.main.TestCaseExecutor.accessMainPhase(TestCaseExecutor.java:299)
	at com.kms.katalon.core.main.TestCaseExecutor.execute(TestCaseExecutor.java:233)
	at com.kms.katalon.core.main.TestCaseMain.runTestCase(TestCaseMain.java:114)
	at com.kms.katalon.core.keyword.builtin.CallTestCaseKeyword$_callTestCase_closure1.doCall(CallTestCaseKeyword.groovy:59)
	at com.kms.katalon.core.keyword.builtin.CallTestCaseKeyword$_callTestCase_closure1.call(CallTestCaseKeyword.groovy)
	at com.kms.katalon.core.keyword.internal.KeywordMain.runKeyword(KeywordMain.groovy:68)
	at com.kms.katalon.core.keyword.builtin.CallTestCaseKeyword.callTestCase(CallTestCaseKeyword.groovy:81)
	at com.kms.katalon.core.keyword.builtin.CallTestCaseKeyword.execute(CallTestCaseKeyword.groovy:44)
	at com.kms.katalon.core.keyword.internal.KeywordExecutor.executeKeywordForPlatform(KeywordExecutor.groovy:72)
	at com.kms.katalon.core.keyword.BuiltinKeywords.callTestCase(BuiltinKeywords.groovy:334)
	at TC_Aprobar_Ventas.run(TC_Aprobar_Ventas:33)
	at com.kms.katalon.core.main.ScriptEngine.run(ScriptEngine.java:194)
	at com.kms.katalon.core.main.ScriptEngine.runScriptAsRawText(ScriptEngine.java:119)
	at com.kms.katalon.core.main.TestCaseExecutor.runScript(TestCaseExecutor.java:337)
	at com.kms.katalon.core.main.TestCaseExecutor.doExecute(TestCaseExecutor.java:328)
	at com.kms.katalon.core.main.TestCaseExecutor.processExecutionPhase(TestCaseExecutor.java:307)
	at com.kms.katalon.core.main.TestCaseExecutor.accessMainPhase(TestCaseExecutor.java:299)
	at com.kms.katalon.core.main.TestCaseExecutor.execute(TestCaseExecutor.java:233)
	at com.kms.katalon.core.main.TestSuiteExecutor.accessTestCaseMainPhase(TestSuiteExecutor.java:169)
	at com.kms.katalon.core.main.TestSuiteExecutor.accessTestSuiteMainPhase(TestSuiteExecutor.java:142)
	at com.kms.katalon.core.main.TestSuiteExecutor.execute(TestSuiteExecutor.java:91)
	at com.kms.katalon.core.main.TestCaseMain.startTestSuite(TestCaseMain.java:157)
	at com.kms.katalon.core.main.TestCaseMain$startTestSuite$0.call(Unknown Source)
	at TempTestSuite1583932579593.run(TempTestSuite1583932579593.groovy:36)
Caused by: org.openqa.selenium.JavascriptException: javascript error: Cannot read property 'click' of null
  (Session info: chrome=80.0.3987.132)
Build info: version: '3.141.59', revision: 'e82be7d358', time: '2018-11-14T08:25:53'
System info: host: 'LAPTOP-K43U1BVQ', ip: '192.168.99.1', os.name: 'Windows 10', os.arch: 'amd64', os.version: '10.0', java.version: '1.8.0_181'
Driver info: com.kms.katalon.selenium.driver.CChromeDriver
Capabilities {acceptInsecureCerts: false, browserName: chrome, browserVersion: 80.0.3987.132, chrome: {chromedriverVersion: 79.0.3945.36 (3582db32b3389..., userDataDir: C:\Users\kaizen\AppData\Loc...}, goog:chromeOptions: {debuggerAddress: localhost:12772}, javascriptEnabled: true, networkConnectionEnabled: false, pageLoadStrategy: normal, platform: WINDOWS, platformName: WINDOWS, proxy: Proxy(), setWindowRect: true, strictFileInteractability: false, timeouts: {implicit: 0, pageLoad: 300000, script: 30000}, unhandledPromptBehavior: dismiss and notify}
Session ID: 052c400c40ee0e260b1c6cbe732eeb35
	at org.openqa.selenium.remote.http.W3CHttpResponseCodec.createException(W3CHttpResponseCodec.java:187)
	at org.openqa.selenium.remote.http.W3CHttpResponseCodec.decode(W3CHttpResponseCodec.java:122)
	at org.openqa.selenium.remote.http.W3CHttpResponseCodec.decode(W3CHttpResponseCodec.java:49)
	at org.openqa.selenium.remote.HttpCommandExecutor.execute(HttpCommandExecutor.java:158)
	at org.openqa.selenium.remote.service.DriverCommandExecutor.execute(DriverCommandExecutor.java:83)
	at org.openqa.selenium.remote.RemoteWebDriver.execute(RemoteWebDriver.java:552)
	at com.kms.katalon.selenium.driver.CChromeDriver.execute(CChromeDriver.java:19)
	at org.openqa.selenium.remote.RemoteWebDriver.executeScript(RemoteWebDriver.java:489)
	at org.openqa.selenium.support.events.EventFiringWebDriver.lambda$new$1(EventFiringWebDriver.java:105)
	at com.sun.proxy.$Proxy9.executeScript(Unknown Source)
	at org.openqa.selenium.support.events.EventFiringWebDriver.executeScript(EventFiringWebDriver.java:229)
	at com.kms.katalon.core.webui.keyword.builtin.ExecuteJavaScriptKeyword$_executeJavascript_closure1.doCall(ExecuteJavascriptKeyword.groovy:48)
	at com.kms.katalon.core.webui.keyword.builtin.ExecuteJavaScriptKeyword$_executeJavascript_closure1.call(ExecuteJavascriptKeyword.groovy)
	at com.kms.katalon.core.webui.keyword.internal.WebUIKeywordMain.runKeyword(WebUIKeywordMain.groovy:20)
	at com.kms.katalon.core.webui.keyword.builtin.ExecuteJavaScriptKeyword.executeJavascript(ExecuteJavascriptKeyword.groovy:42)
	at com.kms.katalon.core.webui.keyword.builtin.ExecuteJavaScriptKeyword.execute(ExecuteJavascriptKeyword.groovy:37)
	at com.kms.katalon.core.keyword.internal.KeywordExecutor.executeKeywordForPlatform(KeywordExecutor.groovy:72)
	at com.kms.katalon.core.webui.keyword.WebUiBuiltInKeywords.executeJavaScript(WebUiBuiltInKeywords.groovy:3787)
	at Script1582302053508.run(Script1582302053508.groovy:57)
	at com.kms.katalon.core.main.ScriptEngine.run(ScriptEngine.java:194)
	at com.kms.katalon.core.main.ScriptEngine.runScriptAsRawText(ScriptEngine.java:119)
	at com.kms.katalon.core.main.TestCaseExecutor.runScript(TestCaseExecutor.java:337)
	at com.kms.katalon.core.main.TestCaseExecutor.doExecute(TestCaseExecutor.java:328)
	at com.kms.katalon.core.main.TestCaseExecutor.processExecutionPhase(TestCaseExecutor.java:307)
	at com.kms.katalon.core.main.TestCaseExecutor.accessMainPhase(TestCaseExecutor.java:299)
	at com.kms.katalon.core.main.TestCaseExecutor.execute(TestCaseExecutor.java:233)
	at com.kms.katalon.core.main.TestCaseMain.runTestCase(TestCaseMain.java:114)
	at com.kms.katalon.core.keyword.builtin.CallTestCaseKeyword$_callTestCase_closure1.doCall(CallTestCaseKeyword.groovy:59)
	at com.kms.katalon.core.keyword.builtin.CallTestCaseKeyword$_callTestCase_closure1.call(CallTestCaseKeyword.groovy)
	at com.kms.katalon.core.keyword.internal.KeywordMain.runKeyword(KeywordMain.groovy:68)
	at com.kms.katalon.core.keyword.builtin.CallTestCaseKeyword.callTestCase(CallTestCaseKeyword.groovy:81)
	at com.kms.katalon.core.keyword.builtin.CallTestCaseKeyword.execute(CallTestCaseKeyword.groovy:44)
	at com.kms.katalon.core.keyword.internal.KeywordExecutor.executeKeywordForPlatform(KeywordExecutor.groovy:72)
	at com.kms.katalon.core.keyword.BuiltinKeywords.callTestCase(BuiltinKeywords.groovy:334)
	at Script1581961232038.run(Script1581961232038.groovy:33)
	... 13 more
)
[[ATTACHMENT|C:\\Users\\kaizen\\git\\AutomatizacionKatalon\\Reports\\20200311_091612\\Funcionalidades_Pedidos\\Flujo Completo 20 pies\\20200311_091612\\1583932823397.png]]

2020-03-11 09:20:24 - [MESSAGE][FAILED] - Unable to call Test Case 'Test Cases/Individual_Tests/Aprobacion_Ventas' (Root cause: com.kms.katalon.core.exception.StepFailedException: Call Test Case 'Test Cases/Individual_Tests/Aprobacion_Ventas' failed
	at com.kms.katalon.core.keyword.builtin.CallTestCaseKeyword$_callTestCase_closure1.doCall(CallTestCaseKeyword.groovy:63)
	at com.kms.katalon.core.keyword.builtin.CallTestCaseKeyword$_callTestCase_closure1.call(CallTestCaseKeyword.groovy)
	at com.kms.katalon.core.keyword.internal.KeywordMain.runKeyword(KeywordMain.groovy:68)
	at com.kms.katalon.core.keyword.builtin.CallTestCaseKeyword.callTestCase(CallTestCaseKeyword.groovy:81)
	at com.kms.katalon.core.keyword.builtin.CallTestCaseKeyword.execute(CallTestCaseKeyword.groovy:44)
	at com.kms.katalon.core.keyword.internal.KeywordExecutor.executeKeywordForPlatform(KeywordExecutor.groovy:72)
	at com.kms.katalon.core.keyword.BuiltinKeywords.callTestCase(BuiltinKeywords.groovy:334)
	at TC_Aprobar_Ventas.run(TC_Aprobar_Ventas:33)
	at com.kms.katalon.core.main.ScriptEngine.run(ScriptEngine.java:194)
	at com.kms.katalon.core.main.ScriptEngine.runScriptAsRawText(ScriptEngine.java:119)
	at com.kms.katalon.core.main.TestCaseExecutor.runScript(TestCaseExecutor.java:337)
	at com.kms.katalon.core.main.TestCaseExecutor.doExecute(TestCaseExecutor.java:328)
	at com.kms.katalon.core.main.TestCaseExecutor.processExecutionPhase(TestCaseExecutor.java:307)
	at com.kms.katalon.core.main.TestCaseExecutor.accessMainPhase(TestCaseExecutor.java:299)
	at com.kms.katalon.core.main.TestCaseExecutor.execute(TestCaseExecutor.java:233)
	at com.kms.katalon.core.main.TestSuiteExecutor.accessTestCaseMainPhase(TestSuiteExecutor.java:169)
	at com.kms.katalon.core.main.TestSuiteExecutor.accessTestSuiteMainPhase(TestSuiteExecutor.java:142)
	at com.kms.katalon.core.main.TestSuiteExecutor.execute(TestSuiteExecutor.java:91)
	at com.kms.katalon.core.main.TestCaseMain.startTestSuite(TestCaseMain.java:157)
	at com.kms.katalon.core.main.TestCaseMain$startTestSuite$0.call(Unknown Source)
	at TempTestSuite1583932579593.run(TempTestSuite1583932579593.groovy:36)
Caused by: com.kms.katalon.core.exception.StepFailedException: Unable to execute JavaScript.
	at com.kms.katalon.core.webui.keyword.internal.WebUIKeywordMain.stepFailed(WebUIKeywordMain.groovy:64)
	at com.kms.katalon.core.webui.keyword.internal.WebUIKeywordMain.runKeyword(WebUIKeywordMain.groovy:26)
	at com.kms.katalon.core.webui.keyword.builtin.ExecuteJavaScriptKeyword.executeJavascript(ExecuteJavascriptKeyword.groovy:42)
	at com.kms.katalon.core.webui.keyword.builtin.ExecuteJavaScriptKeyword.execute(ExecuteJavascriptKeyword.groovy:37)
	at com.kms.katalon.core.keyword.internal.KeywordExecutor.executeKeywordForPlatform(KeywordExecutor.groovy:72)
	at com.kms.katalon.core.webui.keyword.WebUiBuiltInKeywords.executeJavaScript(WebUiBuiltInKeywords.groovy:3787)
	at Aprobacion_Ventas.run(Aprobacion_Ventas:57)
	at com.kms.katalon.core.main.ScriptEngine.run(ScriptEngine.java:194)
	at com.kms.katalon.core.main.ScriptEngine.runScriptAsRawText(ScriptEngine.java:119)
	at com.kms.katalon.core.main.TestCaseExecutor.runScript(TestCaseExecutor.java:337)
	at com.kms.katalon.core.main.TestCaseExecutor.doExecute(TestCaseExecutor.java:328)
	at com.kms.katalon.core.main.TestCaseExecutor.processExecutionPhase(TestCaseExecutor.java:307)
	at com.kms.katalon.core.main.TestCaseExecutor.accessMainPhase(TestCaseExecutor.java:299)
	at com.kms.katalon.core.main.TestCaseExecutor.execute(TestCaseExecutor.java:233)
	at com.kms.katalon.core.main.TestCaseMain.runTestCase(TestCaseMain.java:114)
	at com.kms.katalon.core.keyword.builtin.CallTestCaseKeyword$_callTestCase_closure1.doCall(CallTestCaseKeyword.groovy:59)
	... 20 more
Caused by: org.openqa.selenium.JavascriptException: javascript error: Cannot read property 'click' of null
  (Session info: chrome=80.0.3987.132)
Build info: version: '3.141.59', revision: 'e82be7d358', time: '2018-11-14T08:25:53'
System info: host: 'LAPTOP-K43U1BVQ', ip: '192.168.99.1', os.name: 'Windows 10', os.arch: 'amd64', os.version: '10.0', java.version: '1.8.0_181'
Driver info: com.kms.katalon.selenium.driver.CChromeDriver
Capabilities {acceptInsecureCerts: false, browserName: chrome, browserVersion: 80.0.3987.132, chrome: {chromedriverVersion: 79.0.3945.36 (3582db32b3389..., userDataDir: C:\Users\kaizen\AppData\Loc...}, goog:chromeOptions: {debuggerAddress: localhost:12772}, javascriptEnabled: true, networkConnectionEnabled: false, pageLoadStrategy: normal, platform: WINDOWS, platformName: WINDOWS, proxy: Proxy(), setWindowRect: true, strictFileInteractability: false, timeouts: {implicit: 0, pageLoad: 300000, script: 30000}, unhandledPromptBehavior: dismiss and notify}
Session ID: 052c400c40ee0e260b1c6cbe732eeb35
	at org.openqa.selenium.remote.http.W3CHttpResponseCodec.createException(W3CHttpResponseCodec.java:187)
	at org.openqa.selenium.remote.http.W3CHttpResponseCodec.decode(W3CHttpResponseCodec.java:122)
	at org.openqa.selenium.remote.http.W3CHttpResponseCodec.decode(W3CHttpResponseCodec.java:49)
	at org.openqa.selenium.remote.HttpCommandExecutor.execute(HttpCommandExecutor.java:158)
	at org.openqa.selenium.remote.service.DriverCommandExecutor.execute(DriverCommandExecutor.java:83)
	at org.openqa.selenium.remote.RemoteWebDriver.execute(RemoteWebDriver.java:552)
	at com.kms.katalon.selenium.driver.CChromeDriver.execute(CChromeDriver.java:19)
	at org.openqa.selenium.remote.RemoteWebDriver.executeScript(RemoteWebDriver.java:489)
	at org.openqa.selenium.support.events.EventFiringWebDriver.lambda$new$1(EventFiringWebDriver.java:105)
	at com.sun.proxy.$Proxy9.executeScript(Unknown Source)
	at org.openqa.selenium.support.events.EventFiringWebDriver.executeScript(EventFiringWebDriver.java:229)
	at com.kms.katalon.core.webui.keyword.builtin.ExecuteJavaScriptKeyword$_executeJavascript_closure1.doCall(ExecuteJavascriptKeyword.groovy:48)
	at com.kms.katalon.core.webui.keyword.builtin.ExecuteJavaScriptKeyword$_executeJavascript_closure1.call(ExecuteJavascriptKeyword.groovy)
	at com.kms.katalon.core.webui.keyword.internal.WebUIKeywordMain.runKeyword(WebUIKeywordMain.groovy:20)
	... 34 more
)]]></system-out>
         <system-err><![CDATA[2020-03-11 09:19:39 - [TEST_CASE][FAILED] - Test Cases/Secuencias de Ejecucion/TC_Aprobar_Ventas: Test Cases/Secuencias de Ejecucion/TC_Aprobar_Ventas FAILED.
Reason:
com.kms.katalon.core.exception.StepFailedException: Call Test Case 'Test Cases/Individual_Tests/Aprobacion_Ventas' failed
	at com.kms.katalon.core.keyword.builtin.CallTestCaseKeyword$_callTestCase_closure1.doCall(CallTestCaseKeyword.groovy:63)
	at com.kms.katalon.core.keyword.builtin.CallTestCaseKeyword$_callTestCase_closure1.call(CallTestCaseKeyword.groovy)
	at com.kms.katalon.core.keyword.internal.KeywordMain.runKeyword(KeywordMain.groovy:68)
	at com.kms.katalon.core.keyword.builtin.CallTestCaseKeyword.callTestCase(CallTestCaseKeyword.groovy:81)
	at com.kms.katalon.core.keyword.builtin.CallTestCaseKeyword.execute(CallTestCaseKeyword.groovy:44)
	at com.kms.katalon.core.keyword.internal.KeywordExecutor.executeKeywordForPlatform(KeywordExecutor.groovy:72)
	at com.kms.katalon.core.keyword.BuiltinKeywords.callTestCase(BuiltinKeywords.groovy:334)
	at TC_Aprobar_Ventas.run(TC_Aprobar_Ventas:33)
	at com.kms.katalon.core.main.ScriptEngine.run(ScriptEngine.java:194)
	at com.kms.katalon.core.main.ScriptEngine.runScriptAsRawText(ScriptEngine.java:119)
	at com.kms.katalon.core.main.TestCaseExecutor.runScript(TestCaseExecutor.java:337)
	at com.kms.katalon.core.main.TestCaseExecutor.doExecute(TestCaseExecutor.java:328)
	at com.kms.katalon.core.main.TestCaseExecutor.processExecutionPhase(TestCaseExecutor.java:307)
	at com.kms.katalon.core.main.TestCaseExecutor.accessMainPhase(TestCaseExecutor.java:299)
	at com.kms.katalon.core.main.TestCaseExecutor.execute(TestCaseExecutor.java:233)
	at com.kms.katalon.core.main.TestSuiteExecutor.accessTestCaseMainPhase(TestSuiteExecutor.java:169)
	at com.kms.katalon.core.main.TestSuiteExecutor.accessTestSuiteMainPhase(TestSuiteExecutor.java:142)
	at com.kms.katalon.core.main.TestSuiteExecutor.execute(TestSuiteExecutor.java:91)
	at com.kms.katalon.core.main.TestCaseMain.startTestSuite(TestCaseMain.java:157)
	at com.kms.katalon.core.main.TestCaseMain$startTestSuite$0.call(Unknown Source)
	at TempTestSuite1583932579593.run(TempTestSuite1583932579593.groovy:36)
Caused by: com.kms.katalon.core.exception.StepFailedException: Unable to execute JavaScript.
	at com.kms.katalon.core.webui.keyword.internal.WebUIKeywordMain.stepFailed(WebUIKeywordMain.groovy:64)
	at com.kms.katalon.core.webui.keyword.internal.WebUIKeywordMain.runKeyword(WebUIKeywordMain.groovy:26)
	at com.kms.katalon.core.webui.keyword.builtin.ExecuteJavaScriptKeyword.executeJavascript(ExecuteJavascriptKeyword.groovy:42)
	at com.kms.katalon.core.webui.keyword.builtin.ExecuteJavaScriptKeyword.execute(ExecuteJavascriptKeyword.groovy:37)
	at com.kms.katalon.core.keyword.internal.KeywordExecutor.executeKeywordForPlatform(KeywordExecutor.groovy:72)
	at com.kms.katalon.core.webui.keyword.WebUiBuiltInKeywords.executeJavaScript(WebUiBuiltInKeywords.groovy:3787)
	at Aprobacion_Ventas.run(Aprobacion_Ventas:57)
	at com.kms.katalon.core.main.ScriptEngine.run(ScriptEngine.java:194)
	at com.kms.katalon.core.main.ScriptEngine.runScriptAsRawText(ScriptEngine.java:119)
	at com.kms.katalon.core.main.TestCaseExecutor.runScript(TestCaseExecutor.java:337)
	at com.kms.katalon.core.main.TestCaseExecutor.doExecute(TestCaseExecutor.java:328)
	at com.kms.katalon.core.main.TestCaseExecutor.processExecutionPhase(TestCaseExecutor.java:307)
	at com.kms.katalon.core.main.TestCaseExecutor.accessMainPhase(TestCaseExecutor.java:299)
	at com.kms.katalon.core.main.TestCaseExecutor.execute(TestCaseExecutor.java:233)
	at com.kms.katalon.core.main.TestCaseMain.runTestCase(TestCaseMain.java:114)
	at com.kms.katalon.core.keyword.builtin.CallTestCaseKeyword$_callTestCase_closure1.doCall(CallTestCaseKeyword.groovy:59)
	... 20 more
Caused by: org.openqa.selenium.JavascriptException: javascript error: Cannot read property 'click' of null
  (Session info: chrome=80.0.3987.132)
Build info: version: '3.141.59', revision: 'e82be7d358', time: '2018-11-14T08:25:53'
System info: host: 'LAPTOP-K43U1BVQ', ip: '192.168.99.1', os.name: 'Windows 10', os.arch: 'amd64', os.version: '10.0', java.version: '1.8.0_181'
Driver info: com.kms.katalon.selenium.driver.CChromeDriver
Capabilities {acceptInsecureCerts: false, browserName: chrome, browserVersion: 80.0.3987.132, chrome: {chromedriverVersion: 79.0.3945.36 (3582db32b3389..., userDataDir: C:\Users\kaizen\AppData\Loc...}, goog:chromeOptions: {debuggerAddress: localhost:12772}, javascriptEnabled: true, networkConnectionEnabled: false, pageLoadStrategy: normal, platform: WINDOWS, platformName: WINDOWS, proxy: Proxy(), setWindowRect: true, strictFileInteractability: false, timeouts: {implicit: 0, pageLoad: 300000, script: 30000}, unhandledPromptBehavior: dismiss and notify}
Session ID: 052c400c40ee0e260b1c6cbe732eeb35
	at org.openqa.selenium.remote.http.W3CHttpResponseCodec.createException(W3CHttpResponseCodec.java:187)
	at org.openqa.selenium.remote.http.W3CHttpResponseCodec.decode(W3CHttpResponseCodec.java:122)
	at org.openqa.selenium.remote.http.W3CHttpResponseCodec.decode(W3CHttpResponseCodec.java:49)
	at org.openqa.selenium.remote.HttpCommandExecutor.execute(HttpCommandExecutor.java:158)
	at org.openqa.selenium.remote.service.DriverCommandExecutor.execute(DriverCommandExecutor.java:83)
	at org.openqa.selenium.remote.RemoteWebDriver.execute(RemoteWebDriver.java:552)
	at com.kms.katalon.selenium.driver.CChromeDriver.execute(CChromeDriver.java:19)
	at org.openqa.selenium.remote.RemoteWebDriver.executeScript(RemoteWebDriver.java:489)
	at org.openqa.selenium.support.events.EventFiringWebDriver.lambda$new$1(EventFiringWebDriver.java:105)
	at com.sun.proxy.$Proxy9.executeScript(Unknown Source)
	at org.openqa.selenium.support.events.EventFiringWebDriver.executeScript(EventFiringWebDriver.java:229)
	at com.kms.katalon.core.webui.keyword.builtin.ExecuteJavaScriptKeyword$_executeJavascript_closure1.doCall(ExecuteJavascriptKeyword.groovy:48)
	at com.kms.katalon.core.webui.keyword.builtin.ExecuteJavaScriptKeyword$_executeJavascript_closure1.call(ExecuteJavascriptKeyword.groovy)
	at com.kms.katalon.core.webui.keyword.internal.WebUIKeywordMain.runKeyword(WebUIKeywordMain.groovy:20)
	... 34 more]]></system-err>
      </testcase>
      <testcase name="Test Cases/Secuencias de Ejecucion/TC_Aprobar_Produccion" time="523.761" classname="Test Cases/Secuencias de Ejecucion/TC_Aprobar_Produccion" status="PASSED">
         <system-out><![CDATA[2020-03-11 09:20:24 - [TEST_CASE][PASSED] - Test Cases/Secuencias de Ejecucion/TC_Aprobar_Produccion: Test Cases/Secuencias de Ejecucion/TC_Aprobar_Produccion

2020-03-11 09:20:24 - [TEST_STEP][PASSED] - archivo = $RunConfiguration.getProjectDir()/Pedidos/DataExcel/AprobacionesPedidos.xlsx: null

2020-03-11 09:20:24 - [TEST_STEP][PASSED] - excelData = getExcelDataWithDefaultSheet(archivo, "Sheet1", true): null

2020-03-11 09:20:24 - [TEST_STEP][PASSED] - for ([Index = 1, Index <= excelData.getRowNumbers(), (Index++)]): Call Test Case 'Test Cases/Individual_Tests/Aprobacion_Produccion' successfully

2020-03-11 09:20:24 - [TEST_STEP][PASSED] - callTestCase(findTestCase("Individual_Tests/Login"), ["Evento":"Aprobar", "Index":Index], STOP_ON_FAILURE): Call Test Case 'Test Cases/Individual_Tests/Login' successfully

2020-03-11 09:20:24 - [TEST_CASE][PASSED] - Test Cases/Individual_Tests/Login: Test Cases/Individual_Tests/Login

2020-03-11 09:20:24 - [TEST_STEP][PASSED] - print("Evento Seleccionado: " + Evento + "
"): null

2020-03-11 09:20:24 - [TEST_STEP][PASSED] - openBrowser(Web): Browser is opened with url: 'http://test.kaizendev.net/Login/Accesar?salir=true'

2020-03-11 09:20:24 - [MESSAGE][WARNING] - A browser is already opened. Closing browser and opening a new one

2020-03-11 09:20:25 - [MESSAGE][INFO] - Starting 'Chrome' driver

2020-03-11 09:20:58 - [MESSAGE][PASSED] - Browser is opened with url: 'http://test.kaizendev.net/Login/Accesar?salir=true'

2020-03-11 09:20:58 - [TEST_STEP][PASSED] - maximizeWindow(): Current window maximized

2020-03-11 09:20:59 - [MESSAGE][PASSED] - Current window maximized

2020-03-11 09:20:59 - [TEST_STEP][PASSED] - if (Evento == "Crear20"): null

2020-03-11 09:20:59 - [TEST_STEP][PASSED] - else if (Evento == "Crear40"): null

2020-03-11 09:20:59 - [TEST_STEP][PASSED] - else if (Evento == "Aprobar"): Object: 'Object Repository/Page_Iniciar Sesion - KAIZEN/is_btn_ingresar_sistema' is clicked on

2020-03-11 09:20:59 - [TEST_STEP][PASSED] - data2 = obtener_excels.obtener_aprobaciones.getValuesExcelAprob20(Index): obtener_excels.obtener_aprobaciones.getValuesExcelAprob20 is PASSED

2020-03-11 09:20:59 - [MESSAGE][PASSED] - obtener_excels.obtener_aprobaciones.getValuesExcelAprob20 is PASSED

2020-03-11 09:20:59 - [TEST_STEP][PASSED] - Usuario = data2[1]: null

2020-03-11 09:20:59 - [TEST_STEP][PASSED] - Contrasena = data2[2]: null

2020-03-11 09:20:59 - [TEST_STEP][PASSED] - setText(findTestObject("Page_Iniciar Sesion - KAIZEN/is_input_email"), Usuario): Text 'automated.test@grupokaizen.net' is set on object 'Object Repository/Page_Iniciar Sesion - KAIZEN/is_input_email'

2020-03-11 09:21:00 - [MESSAGE][PASSED] - Text 'automated.test@grupokaizen.net' is set on object 'Object Repository/Page_Iniciar Sesion - KAIZEN/is_input_email'

2020-03-11 09:21:00 - [TEST_STEP][PASSED] - setEncryptedText(findTestObject("Page_Iniciar Sesion - KAIZEN/IS_input_contrasena"), Contrasena): Text ****** has been set on object 'Object Repository/Page_Iniciar Sesion - KAIZEN/IS_input_contrasena'

2020-03-11 09:21:00 - [MESSAGE][PASSED] - Text ****** has been set on object 'Object Repository/Page_Iniciar Sesion - KAIZEN/IS_input_contrasena'

2020-03-11 09:21:00 - [TEST_STEP][PASSED] - click(findTestObject("Page_Iniciar Sesion - KAIZEN/is_btn_ingresar_sistema")): Object: 'Object Repository/Page_Iniciar Sesion - KAIZEN/is_btn_ingresar_sistema' is clicked on

2020-03-11 09:21:10 - [MESSAGE][PASSED] - Object: 'Object Repository/Page_Iniciar Sesion - KAIZEN/is_btn_ingresar_sistema' is clicked on

2020-03-11 09:21:10 - [MESSAGE][PASSED] - Call Test Case 'Test Cases/Individual_Tests/Login' successfully

2020-03-11 09:21:10 - [TEST_STEP][PASSED] - callTestCase(findTestCase("Individual_Tests/Seleccionar_Idioma"), ["Evento":"Aprobar", "Index":Index], STOP_ON_FAILURE): Call Test Case 'Test Cases/Individual_Tests/Seleccionar_Idioma' successfully

2020-03-11 09:21:10 - [TEST_CASE][PASSED] - Test Cases/Individual_Tests/Seleccionar_Idioma: Test Cases/Individual_Tests/Seleccionar_Idioma

2020-03-11 09:21:10 - [TEST_STEP][PASSED] - Idioma = 0: null

2020-03-11 09:21:10 - [TEST_STEP][PASSED] - if (Evento == "Crear20"): null

2020-03-11 09:21:10 - [TEST_STEP][PASSED] - else if (Evento == "Crear40"): null

2020-03-11 09:21:10 - [TEST_STEP][PASSED] - else if (Evento == "Aprobar"): null

2020-03-11 09:21:10 - [TEST_STEP][PASSED] - data2 = obtener_excels.obtener_aprobaciones.getValuesExcelAprob20(Index): obtener_excels.obtener_aprobaciones.getValuesExcelAprob20 is PASSED

2020-03-11 09:21:10 - [MESSAGE][PASSED] - obtener_excels.obtener_aprobaciones.getValuesExcelAprob20 is PASSED

2020-03-11 09:21:10 - [TEST_STEP][PASSED] - Idioma = data2[0]: null

2020-03-11 09:21:10 - [TEST_STEP][PASSED] - click(findTestObject("Page_- KAIZEN/si_btn_idioma")): Object: 'Object Repository/Page_- KAIZEN/si_btn_idioma' is clicked on

2020-03-11 09:21:11 - [MESSAGE][PASSED] - Object: 'Object Repository/Page_- KAIZEN/si_btn_idioma' is clicked on

2020-03-11 09:21:11 - [TEST_STEP][PASSED] - if (Idioma == "0"): null

2020-03-11 09:21:11 - [TEST_STEP][PASSED] - else: Object: 'Object Repository/Page_- KAIZEN/si_Spanish' is clicked on

2020-03-11 09:21:11 - [TEST_STEP][PASSED] - click(findTestObject("Page_- KAIZEN/si_Spanish")): Object: 'Object Repository/Page_- KAIZEN/si_Spanish' is clicked on

2020-03-11 09:21:25 - [MESSAGE][PASSED] - Object: 'Object Repository/Page_- KAIZEN/si_Spanish' is clicked on

2020-03-11 09:21:25 - [MESSAGE][PASSED] - Call Test Case 'Test Cases/Individual_Tests/Seleccionar_Idioma' successfully

2020-03-11 09:21:25 - [TEST_STEP][PASSED] - callTestCase(findTestCase("Individual_Tests/Aprobacion_Produccion"), ["Index":Index], STOP_ON_FAILURE): Call Test Case 'Test Cases/Individual_Tests/Aprobacion_Produccion' successfully

2020-03-11 09:21:25 - [TEST_CASE][PASSED] - Test Cases/Individual_Tests/Aprobacion_Produccion: Test Cases/Individual_Tests/Aprobacion_Produccion

2020-03-11 09:21:26 - [TEST_STEP][PASSED] - data = obtener_excels.obtener_aprobaciones.getValuesExcelAprob20(Index): obtener_excels.obtener_aprobaciones.getValuesExcelAprob20 is PASSED

2020-03-11 09:21:26 - [MESSAGE][PASSED] - obtener_excels.obtener_aprobaciones.getValuesExcelAprob20 is PASSED

2020-03-11 09:21:26 - [TEST_STEP][PASSED] - IdPedido = data[3]: null

2020-03-11 09:21:26 - [TEST_STEP][PASSED] - Id_Cliente = data[4]: null

2020-03-11 09:21:26 - [TEST_STEP][PASSED] - AprobProduccion = data[7]: null

2020-03-11 09:21:26 - [TEST_STEP][PASSED] - IDPedido = IdPedido: null

2020-03-11 09:21:26 - [TEST_STEP][PASSED] - IDCliente = Id_Cliente: null

2020-03-11 09:21:26 - [TEST_STEP][PASSED] - AprobacionProduccion = AprobProduccion: null

2020-03-11 09:21:26 - [TEST_STEP][PASSED] - click(findTestObject("Object Repository/Page_- KAIZEN/apo_menuOperaciones")): Object: 'Object Repository/Page_- KAIZEN/apo_menuOperaciones' is clicked on

2020-03-11 09:21:26 - [MESSAGE][PASSED] - Object: 'Object Repository/Page_- KAIZEN/apo_menuOperaciones' is clicked on

2020-03-11 09:21:26 - [TEST_STEP][PASSED] - click(findTestObject("Object Repository/Page_- KAIZEN/apo_menu_aprobacion_produccin")): Object: 'Object Repository/Page_- KAIZEN/apo_menu_aprobacion_produccin' is clicked on

2020-03-11 09:21:33 - [MESSAGE][PASSED] - Object: 'Object Repository/Page_- KAIZEN/apo_menu_aprobacion_produccin' is clicked on

2020-03-11 09:21:33 - [TEST_STEP][PASSED] - click(findTestObject("Object Repository/Page_Aprobacin de Produccin - KAIZEN/apo_click_aprobacion_produccin")): Object: 'Object Repository/Page_Aprobacin de Produccin - KAIZEN/apo_click_aprobacion_produccin' is clicked on

2020-03-11 09:21:34 - [MESSAGE][PASSED] - Object: 'Object Repository/Page_Aprobacin de Produccin - KAIZEN/apo_click_aprobacion_produccin' is clicked on

2020-03-11 09:21:34 - [TEST_STEP][PASSED] - click(findTestObject("Object Repository/Page_Aprobacin de Produccin - KAIZEN/apo_seleccione_cliente")): Object: 'Object Repository/Page_Aprobacin de Produccin - KAIZEN/apo_seleccione_cliente' is clicked on

2020-03-11 09:21:35 - [MESSAGE][PASSED] - Object: 'Object Repository/Page_Aprobacin de Produccin - KAIZEN/apo_seleccione_cliente' is clicked on

2020-03-11 09:21:35 - [TEST_STEP][PASSED] - click(findTestObject("Object Repository/Page_Aprobacin de Produccin - KAIZEN/apo_click_selecione_cliente")): Object: 'Object Repository/Page_Aprobacin de Produccin - KAIZEN/apo_click_selecione_cliente' is clicked on

2020-03-11 09:21:35 - [MESSAGE][PASSED] - Object: 'Object Repository/Page_Aprobacin de Produccin - KAIZEN/apo_click_selecione_cliente' is clicked on

2020-03-11 09:21:35 - [TEST_STEP][PASSED] - selectOptionByValue(findTestObject("Object Repository/Page_Aprobacin de Produccin - KAIZEN/apo_assing_selecione_cliente"), IDCliente, true): All options with value '3' are selected in object 'Object Repository/Page_Aprobacin de Produccin - KAIZEN/apo_assing_selecione_cliente'  using regular expression

2020-03-11 09:21:37 - [MESSAGE][PASSED] - All options with value '3' are selected in object 'Object Repository/Page_Aprobacin de Produccin - KAIZEN/apo_assing_selecione_cliente'  using regular expression

2020-03-11 09:21:37 - [TEST_STEP][PASSED] - click(findTestObject("Object Repository/Page_Aprobacin de Produccin - KAIZEN/apo_Buscar")): Object: 'Object Repository/Page_Aprobacin de Produccin - KAIZEN/apo_Buscar' is clicked on

2020-03-11 09:21:41 - [MESSAGE][PASSED] - Object: 'Object Repository/Page_Aprobacin de Produccin - KAIZEN/apo_Buscar' is clicked on

2020-03-11 09:21:41 - [TEST_STEP][PASSED] - executeJavaScript("document.querySelector('.btn-info[href="/PedidoLubricante/DetalleAprobacion/" + IDPedido + "?Ventana=3"]').click()", null): Execute JavaScript 'document.querySelector('.btn-info[href="/PedidoLubricante/DetalleAprobacion/267?Ventana=3"]').click()' successfully

2020-03-11 09:21:46 - [MESSAGE][PASSED] - Execute JavaScript 'document.querySelector('.btn-info[href="/PedidoLubricante/DetalleAprobacion/267?Ventana=3"]').click()' successfully

2020-03-11 09:21:46 - [TEST_STEP][PASSED] - delay(5): Delayed 5 second(s)

2020-03-11 09:21:51 - [MESSAGE][PASSED] - Delayed 5 second(s)

2020-03-11 09:21:51 - [TEST_STEP][PASSED] - if (AprobacionProduccion == "Aprobar"): Object: 'Object Repository/Page_- KAIZEN/apo_btn_Aceptar' is clicked on

2020-03-11 09:21:51 - [TEST_STEP][PASSED] - click(findTestObject("Object Repository/Page_- KAIZEN/apo_Aprobar")): Object: 'Object Repository/Page_- KAIZEN/apo_Aprobar' is clicked on

2020-03-11 09:21:52 - [MESSAGE][PASSED] - Object: 'Object Repository/Page_- KAIZEN/apo_Aprobar' is clicked on

2020-03-11 09:21:52 - [TEST_STEP][PASSED] - click(findTestObject("Object Repository/Page_- KAIZEN/apo_btn_Aceptar")): Object: 'Object Repository/Page_- KAIZEN/apo_btn_Aceptar' is clicked on

2020-03-11 09:22:01 - [MESSAGE][PASSED] - Object: 'Object Repository/Page_- KAIZEN/apo_btn_Aceptar' is clicked on

2020-03-11 09:22:01 - [TEST_STEP][PASSED] - delay(10): Delayed 10 second(s)

2020-03-11 09:22:11 - [MESSAGE][PASSED] - Delayed 10 second(s)

2020-03-11 09:22:11 - [MESSAGE][PASSED] - Call Test Case 'Test Cases/Individual_Tests/Aprobacion_Produccion' successfully

2020-03-11 09:22:11 - [TEST_STEP][PASSED] - callTestCase(findTestCase("Individual_Tests/Login"), ["Evento":"Aprobar", "Index":Index], STOP_ON_FAILURE): Call Test Case 'Test Cases/Individual_Tests/Login' successfully

2020-03-11 09:22:11 - [TEST_CASE][PASSED] - Test Cases/Individual_Tests/Login: Test Cases/Individual_Tests/Login

2020-03-11 09:22:11 - [TEST_STEP][PASSED] - print("Evento Seleccionado: " + Evento + "
"): null

2020-03-11 09:22:11 - [TEST_STEP][PASSED] - openBrowser(Web): Browser is opened with url: 'http://test.kaizendev.net/Login/Accesar?salir=true'

2020-03-11 09:22:11 - [MESSAGE][WARNING] - A browser is already opened. Closing browser and opening a new one

2020-03-11 09:22:12 - [MESSAGE][INFO] - Starting 'Chrome' driver

2020-03-11 09:22:53 - [MESSAGE][PASSED] - Browser is opened with url: 'http://test.kaizendev.net/Login/Accesar?salir=true'

2020-03-11 09:22:53 - [TEST_STEP][PASSED] - maximizeWindow(): Current window maximized

2020-03-11 09:22:54 - [MESSAGE][PASSED] - Current window maximized

2020-03-11 09:22:54 - [TEST_STEP][PASSED] - if (Evento == "Crear20"): null

2020-03-11 09:22:54 - [TEST_STEP][PASSED] - else if (Evento == "Crear40"): null

2020-03-11 09:22:54 - [TEST_STEP][PASSED] - else if (Evento == "Aprobar"): Object: 'Object Repository/Page_Iniciar Sesion - KAIZEN/is_btn_ingresar_sistema' is clicked on

2020-03-11 09:22:54 - [TEST_STEP][PASSED] - data2 = obtener_excels.obtener_aprobaciones.getValuesExcelAprob20(Index): obtener_excels.obtener_aprobaciones.getValuesExcelAprob20 is PASSED

2020-03-11 09:22:54 - [MESSAGE][PASSED] - obtener_excels.obtener_aprobaciones.getValuesExcelAprob20 is PASSED

2020-03-11 09:22:54 - [TEST_STEP][PASSED] - Usuario = data2[1]: null

2020-03-11 09:22:54 - [TEST_STEP][PASSED] - Contrasena = data2[2]: null

2020-03-11 09:22:54 - [TEST_STEP][PASSED] - setText(findTestObject("Page_Iniciar Sesion - KAIZEN/is_input_email"), Usuario): Text 'automated.test@grupokaizen.net' is set on object 'Object Repository/Page_Iniciar Sesion - KAIZEN/is_input_email'

2020-03-11 09:22:55 - [MESSAGE][PASSED] - Text 'automated.test@grupokaizen.net' is set on object 'Object Repository/Page_Iniciar Sesion - KAIZEN/is_input_email'

2020-03-11 09:22:55 - [TEST_STEP][PASSED] - setEncryptedText(findTestObject("Page_Iniciar Sesion - KAIZEN/IS_input_contrasena"), Contrasena): Text ****** has been set on object 'Object Repository/Page_Iniciar Sesion - KAIZEN/IS_input_contrasena'

2020-03-11 09:22:56 - [MESSAGE][PASSED] - Text ****** has been set on object 'Object Repository/Page_Iniciar Sesion - KAIZEN/IS_input_contrasena'

2020-03-11 09:22:56 - [TEST_STEP][PASSED] - click(findTestObject("Page_Iniciar Sesion - KAIZEN/is_btn_ingresar_sistema")): Object: 'Object Repository/Page_Iniciar Sesion - KAIZEN/is_btn_ingresar_sistema' is clicked on

2020-03-11 09:23:01 - [MESSAGE][PASSED] - Object: 'Object Repository/Page_Iniciar Sesion - KAIZEN/is_btn_ingresar_sistema' is clicked on

2020-03-11 09:23:01 - [MESSAGE][PASSED] - Call Test Case 'Test Cases/Individual_Tests/Login' successfully

2020-03-11 09:23:01 - [TEST_STEP][PASSED] - callTestCase(findTestCase("Individual_Tests/Seleccionar_Idioma"), ["Evento":"Aprobar", "Index":Index], STOP_ON_FAILURE): Call Test Case 'Test Cases/Individual_Tests/Seleccionar_Idioma' successfully

2020-03-11 09:23:01 - [TEST_CASE][PASSED] - Test Cases/Individual_Tests/Seleccionar_Idioma: Test Cases/Individual_Tests/Seleccionar_Idioma

2020-03-11 09:23:01 - [TEST_STEP][PASSED] - Idioma = 0: null

2020-03-11 09:23:01 - [TEST_STEP][PASSED] - if (Evento == "Crear20"): null

2020-03-11 09:23:01 - [TEST_STEP][PASSED] - else if (Evento == "Crear40"): null

2020-03-11 09:23:01 - [TEST_STEP][PASSED] - else if (Evento == "Aprobar"): null

2020-03-11 09:23:01 - [TEST_STEP][PASSED] - data2 = obtener_excels.obtener_aprobaciones.getValuesExcelAprob20(Index): obtener_excels.obtener_aprobaciones.getValuesExcelAprob20 is PASSED

2020-03-11 09:23:01 - [MESSAGE][PASSED] - obtener_excels.obtener_aprobaciones.getValuesExcelAprob20 is PASSED

2020-03-11 09:23:01 - [TEST_STEP][PASSED] - Idioma = data2[0]: null

2020-03-11 09:23:01 - [TEST_STEP][PASSED] - click(findTestObject("Page_- KAIZEN/si_btn_idioma")): Object: 'Object Repository/Page_- KAIZEN/si_btn_idioma' is clicked on

2020-03-11 09:23:02 - [MESSAGE][PASSED] - Object: 'Object Repository/Page_- KAIZEN/si_btn_idioma' is clicked on

2020-03-11 09:23:02 - [TEST_STEP][PASSED] - if (Idioma == "0"): Object: 'Object Repository/Page_- KAIZEN/si_Ingles' is clicked on

2020-03-11 09:23:02 - [TEST_STEP][PASSED] - click(findTestObject("Page_- KAIZEN/si_Ingles")): Object: 'Object Repository/Page_- KAIZEN/si_Ingles' is clicked on

2020-03-11 09:23:03 - [MESSAGE][PASSED] - Object: 'Object Repository/Page_- KAIZEN/si_Ingles' is clicked on

2020-03-11 09:23:03 - [MESSAGE][PASSED] - Call Test Case 'Test Cases/Individual_Tests/Seleccionar_Idioma' successfully

2020-03-11 09:23:03 - [TEST_STEP][PASSED] - callTestCase(findTestCase("Individual_Tests/Aprobacion_Produccion"), ["Index":Index], STOP_ON_FAILURE): Call Test Case 'Test Cases/Individual_Tests/Aprobacion_Produccion' successfully

2020-03-11 09:23:04 - [TEST_CASE][PASSED] - Test Cases/Individual_Tests/Aprobacion_Produccion: Test Cases/Individual_Tests/Aprobacion_Produccion

2020-03-11 09:23:04 - [TEST_STEP][PASSED] - data = obtener_excels.obtener_aprobaciones.getValuesExcelAprob20(Index): obtener_excels.obtener_aprobaciones.getValuesExcelAprob20 is PASSED

2020-03-11 09:23:04 - [MESSAGE][PASSED] - obtener_excels.obtener_aprobaciones.getValuesExcelAprob20 is PASSED

2020-03-11 09:23:04 - [TEST_STEP][PASSED] - IdPedido = data[3]: null

2020-03-11 09:23:04 - [TEST_STEP][PASSED] - Id_Cliente = data[4]: null

2020-03-11 09:23:04 - [TEST_STEP][PASSED] - AprobProduccion = data[7]: null

2020-03-11 09:23:04 - [TEST_STEP][PASSED] - IDPedido = IdPedido: null

2020-03-11 09:23:04 - [TEST_STEP][PASSED] - IDCliente = Id_Cliente: null

2020-03-11 09:23:04 - [TEST_STEP][PASSED] - AprobacionProduccion = AprobProduccion: null

2020-03-11 09:23:04 - [TEST_STEP][PASSED] - click(findTestObject("Object Repository/Page_- KAIZEN/apo_menuOperaciones")): Object: 'Object Repository/Page_- KAIZEN/apo_menuOperaciones' is clicked on

2020-03-11 09:23:05 - [MESSAGE][PASSED] - Object: 'Object Repository/Page_- KAIZEN/apo_menuOperaciones' is clicked on

2020-03-11 09:23:05 - [TEST_STEP][PASSED] - click(findTestObject("Object Repository/Page_- KAIZEN/apo_menu_aprobacion_produccin")): Object: 'Object Repository/Page_- KAIZEN/apo_menu_aprobacion_produccin' is clicked on

2020-03-11 09:23:18 - [MESSAGE][PASSED] - Object: 'Object Repository/Page_- KAIZEN/apo_menu_aprobacion_produccin' is clicked on

2020-03-11 09:23:18 - [TEST_STEP][PASSED] - click(findTestObject("Object Repository/Page_Aprobacin de Produccin - KAIZEN/apo_click_aprobacion_produccin")): Object: 'Object Repository/Page_Aprobacin de Produccin - KAIZEN/apo_click_aprobacion_produccin' is clicked on

2020-03-11 09:23:19 - [MESSAGE][PASSED] - Object: 'Object Repository/Page_Aprobacin de Produccin - KAIZEN/apo_click_aprobacion_produccin' is clicked on

2020-03-11 09:23:19 - [TEST_STEP][PASSED] - click(findTestObject("Object Repository/Page_Aprobacin de Produccin - KAIZEN/apo_seleccione_cliente")): Object: 'Object Repository/Page_Aprobacin de Produccin - KAIZEN/apo_seleccione_cliente' is clicked on

2020-03-11 09:23:19 - [MESSAGE][PASSED] - Object: 'Object Repository/Page_Aprobacin de Produccin - KAIZEN/apo_seleccione_cliente' is clicked on

2020-03-11 09:23:19 - [TEST_STEP][PASSED] - click(findTestObject("Object Repository/Page_Aprobacin de Produccin - KAIZEN/apo_click_selecione_cliente")): Object: 'Object Repository/Page_Aprobacin de Produccin - KAIZEN/apo_click_selecione_cliente' is clicked on

2020-03-11 09:23:20 - [MESSAGE][PASSED] - Object: 'Object Repository/Page_Aprobacin de Produccin - KAIZEN/apo_click_selecione_cliente' is clicked on

2020-03-11 09:23:20 - [TEST_STEP][PASSED] - selectOptionByValue(findTestObject("Object Repository/Page_Aprobacin de Produccin - KAIZEN/apo_assing_selecione_cliente"), IDCliente, true): All options with value '3' are selected in object 'Object Repository/Page_Aprobacin de Produccin - KAIZEN/apo_assing_selecione_cliente'  using regular expression

2020-03-11 09:23:22 - [MESSAGE][PASSED] - All options with value '3' are selected in object 'Object Repository/Page_Aprobacin de Produccin - KAIZEN/apo_assing_selecione_cliente'  using regular expression

2020-03-11 09:23:22 - [TEST_STEP][PASSED] - click(findTestObject("Object Repository/Page_Aprobacin de Produccin - KAIZEN/apo_Buscar")): Object: 'Object Repository/Page_Aprobacin de Produccin - KAIZEN/apo_Buscar' is clicked on

2020-03-11 09:23:26 - [MESSAGE][PASSED] - Object: 'Object Repository/Page_Aprobacin de Produccin - KAIZEN/apo_Buscar' is clicked on

2020-03-11 09:23:26 - [TEST_STEP][PASSED] - executeJavaScript("document.querySelector('.btn-info[href="/PedidoLubricante/DetalleAprobacion/" + IDPedido + "?Ventana=3"]').click()", null): Execute JavaScript 'document.querySelector('.btn-info[href="/PedidoLubricante/DetalleAprobacion/270?Ventana=3"]').click()' successfully

2020-03-11 09:23:30 - [MESSAGE][PASSED] - Execute JavaScript 'document.querySelector('.btn-info[href="/PedidoLubricante/DetalleAprobacion/270?Ventana=3"]').click()' successfully

2020-03-11 09:23:30 - [TEST_STEP][PASSED] - delay(5): Delayed 5 second(s)

2020-03-11 09:23:35 - [MESSAGE][PASSED] - Delayed 5 second(s)

2020-03-11 09:23:35 - [TEST_STEP][PASSED] - if (AprobacionProduccion == "Aprobar"): Object: 'Object Repository/Page_- KAIZEN/apo_btn_Aceptar' is clicked on

2020-03-11 09:23:35 - [TEST_STEP][PASSED] - click(findTestObject("Object Repository/Page_- KAIZEN/apo_Aprobar")): Object: 'Object Repository/Page_- KAIZEN/apo_Aprobar' is clicked on

2020-03-11 09:23:35 - [MESSAGE][PASSED] - Object: 'Object Repository/Page_- KAIZEN/apo_Aprobar' is clicked on

2020-03-11 09:23:35 - [TEST_STEP][PASSED] - click(findTestObject("Object Repository/Page_- KAIZEN/apo_btn_Aceptar")): Object: 'Object Repository/Page_- KAIZEN/apo_btn_Aceptar' is clicked on

2020-03-11 09:23:41 - [MESSAGE][PASSED] - Object: 'Object Repository/Page_- KAIZEN/apo_btn_Aceptar' is clicked on

2020-03-11 09:23:41 - [TEST_STEP][PASSED] - delay(10): Delayed 10 second(s)

2020-03-11 09:23:51 - [MESSAGE][PASSED] - Delayed 10 second(s)

2020-03-11 09:23:51 - [MESSAGE][PASSED] - Call Test Case 'Test Cases/Individual_Tests/Aprobacion_Produccion' successfully

2020-03-11 09:23:51 - [TEST_STEP][PASSED] - callTestCase(findTestCase("Individual_Tests/Login"), ["Evento":"Aprobar", "Index":Index], STOP_ON_FAILURE): Call Test Case 'Test Cases/Individual_Tests/Login' successfully

2020-03-11 09:23:51 - [TEST_CASE][PASSED] - Test Cases/Individual_Tests/Login: Test Cases/Individual_Tests/Login

2020-03-11 09:23:51 - [TEST_STEP][PASSED] - print("Evento Seleccionado: " + Evento + "
"): null

2020-03-11 09:23:51 - [TEST_STEP][PASSED] - openBrowser(Web): Browser is opened with url: 'http://test.kaizendev.net/Login/Accesar?salir=true'

2020-03-11 09:23:52 - [MESSAGE][WARNING] - A browser is already opened. Closing browser and opening a new one

2020-03-11 09:23:52 - [MESSAGE][INFO] - Starting 'Chrome' driver

2020-03-11 09:24:28 - [MESSAGE][PASSED] - Browser is opened with url: 'http://test.kaizendev.net/Login/Accesar?salir=true'

2020-03-11 09:24:28 - [TEST_STEP][PASSED] - maximizeWindow(): Current window maximized

2020-03-11 09:24:29 - [MESSAGE][PASSED] - Current window maximized

2020-03-11 09:24:29 - [TEST_STEP][PASSED] - if (Evento == "Crear20"): null

2020-03-11 09:24:29 - [TEST_STEP][PASSED] - else if (Evento == "Crear40"): null

2020-03-11 09:24:29 - [TEST_STEP][PASSED] - else if (Evento == "Aprobar"): Object: 'Object Repository/Page_Iniciar Sesion - KAIZEN/is_btn_ingresar_sistema' is clicked on

2020-03-11 09:24:29 - [TEST_STEP][PASSED] - data2 = obtener_excels.obtener_aprobaciones.getValuesExcelAprob20(Index): obtener_excels.obtener_aprobaciones.getValuesExcelAprob20 is PASSED

2020-03-11 09:24:29 - [MESSAGE][PASSED] - obtener_excels.obtener_aprobaciones.getValuesExcelAprob20 is PASSED

2020-03-11 09:24:29 - [TEST_STEP][PASSED] - Usuario = data2[1]: null

2020-03-11 09:24:29 - [TEST_STEP][PASSED] - Contrasena = data2[2]: null

2020-03-11 09:24:29 - [TEST_STEP][PASSED] - setText(findTestObject("Page_Iniciar Sesion - KAIZEN/is_input_email"), Usuario): Text 'automated.test@grupokaizen.net' is set on object 'Object Repository/Page_Iniciar Sesion - KAIZEN/is_input_email'

2020-03-11 09:24:30 - [MESSAGE][PASSED] - Text 'automated.test@grupokaizen.net' is set on object 'Object Repository/Page_Iniciar Sesion - KAIZEN/is_input_email'

2020-03-11 09:24:30 - [TEST_STEP][PASSED] - setEncryptedText(findTestObject("Page_Iniciar Sesion - KAIZEN/IS_input_contrasena"), Contrasena): Text ****** has been set on object 'Object Repository/Page_Iniciar Sesion - KAIZEN/IS_input_contrasena'

2020-03-11 09:24:31 - [MESSAGE][PASSED] - Text ****** has been set on object 'Object Repository/Page_Iniciar Sesion - KAIZEN/IS_input_contrasena'

2020-03-11 09:24:31 - [TEST_STEP][PASSED] - click(findTestObject("Page_Iniciar Sesion - KAIZEN/is_btn_ingresar_sistema")): Object: 'Object Repository/Page_Iniciar Sesion - KAIZEN/is_btn_ingresar_sistema' is clicked on

2020-03-11 09:24:40 - [MESSAGE][PASSED] - Object: 'Object Repository/Page_Iniciar Sesion - KAIZEN/is_btn_ingresar_sistema' is clicked on

2020-03-11 09:24:40 - [MESSAGE][PASSED] - Call Test Case 'Test Cases/Individual_Tests/Login' successfully

2020-03-11 09:24:40 - [TEST_STEP][PASSED] - callTestCase(findTestCase("Individual_Tests/Seleccionar_Idioma"), ["Evento":"Aprobar", "Index":Index], STOP_ON_FAILURE): Call Test Case 'Test Cases/Individual_Tests/Seleccionar_Idioma' successfully

2020-03-11 09:24:40 - [TEST_CASE][PASSED] - Test Cases/Individual_Tests/Seleccionar_Idioma: Test Cases/Individual_Tests/Seleccionar_Idioma

2020-03-11 09:24:40 - [TEST_STEP][PASSED] - Idioma = 0: null

2020-03-11 09:24:40 - [TEST_STEP][PASSED] - if (Evento == "Crear20"): null

2020-03-11 09:24:40 - [TEST_STEP][PASSED] - else if (Evento == "Crear40"): null

2020-03-11 09:24:40 - [TEST_STEP][PASSED] - else if (Evento == "Aprobar"): null

2020-03-11 09:24:40 - [TEST_STEP][PASSED] - data2 = obtener_excels.obtener_aprobaciones.getValuesExcelAprob20(Index): obtener_excels.obtener_aprobaciones.getValuesExcelAprob20 is PASSED

2020-03-11 09:24:40 - [MESSAGE][PASSED] - obtener_excels.obtener_aprobaciones.getValuesExcelAprob20 is PASSED

2020-03-11 09:24:40 - [TEST_STEP][PASSED] - Idioma = data2[0]: null

2020-03-11 09:24:40 - [TEST_STEP][PASSED] - click(findTestObject("Page_- KAIZEN/si_btn_idioma")): Object: 'Object Repository/Page_- KAIZEN/si_btn_idioma' is clicked on

2020-03-11 09:24:40 - [MESSAGE][PASSED] - Object: 'Object Repository/Page_- KAIZEN/si_btn_idioma' is clicked on

2020-03-11 09:24:40 - [TEST_STEP][PASSED] - if (Idioma == "0"): null

2020-03-11 09:24:40 - [TEST_STEP][PASSED] - else: Object: 'Object Repository/Page_- KAIZEN/si_Spanish' is clicked on

2020-03-11 09:24:40 - [TEST_STEP][PASSED] - click(findTestObject("Page_- KAIZEN/si_Spanish")): Object: 'Object Repository/Page_- KAIZEN/si_Spanish' is clicked on

2020-03-11 09:24:47 - [MESSAGE][PASSED] - Object: 'Object Repository/Page_- KAIZEN/si_Spanish' is clicked on

2020-03-11 09:24:47 - [MESSAGE][PASSED] - Call Test Case 'Test Cases/Individual_Tests/Seleccionar_Idioma' successfully

2020-03-11 09:24:47 - [TEST_STEP][PASSED] - callTestCase(findTestCase("Individual_Tests/Aprobacion_Produccion"), ["Index":Index], STOP_ON_FAILURE): Call Test Case 'Test Cases/Individual_Tests/Aprobacion_Produccion' successfully

2020-03-11 09:24:47 - [TEST_CASE][PASSED] - Test Cases/Individual_Tests/Aprobacion_Produccion: Test Cases/Individual_Tests/Aprobacion_Produccion

2020-03-11 09:24:47 - [TEST_STEP][PASSED] - data = obtener_excels.obtener_aprobaciones.getValuesExcelAprob20(Index): obtener_excels.obtener_aprobaciones.getValuesExcelAprob20 is PASSED

2020-03-11 09:24:47 - [MESSAGE][PASSED] - obtener_excels.obtener_aprobaciones.getValuesExcelAprob20 is PASSED

2020-03-11 09:24:47 - [TEST_STEP][PASSED] - IdPedido = data[3]: null

2020-03-11 09:24:47 - [TEST_STEP][PASSED] - Id_Cliente = data[4]: null

2020-03-11 09:24:47 - [TEST_STEP][PASSED] - AprobProduccion = data[7]: null

2020-03-11 09:24:47 - [TEST_STEP][PASSED] - IDPedido = IdPedido: null

2020-03-11 09:24:47 - [TEST_STEP][PASSED] - IDCliente = Id_Cliente: null

2020-03-11 09:24:47 - [TEST_STEP][PASSED] - AprobacionProduccion = AprobProduccion: null

2020-03-11 09:24:47 - [TEST_STEP][PASSED] - click(findTestObject("Object Repository/Page_- KAIZEN/apo_menuOperaciones")): Object: 'Object Repository/Page_- KAIZEN/apo_menuOperaciones' is clicked on

2020-03-11 09:24:47 - [MESSAGE][PASSED] - Object: 'Object Repository/Page_- KAIZEN/apo_menuOperaciones' is clicked on

2020-03-11 09:24:47 - [TEST_STEP][PASSED] - click(findTestObject("Object Repository/Page_- KAIZEN/apo_menu_aprobacion_produccin")): Object: 'Object Repository/Page_- KAIZEN/apo_menu_aprobacion_produccin' is clicked on

2020-03-11 09:24:52 - [MESSAGE][PASSED] - Object: 'Object Repository/Page_- KAIZEN/apo_menu_aprobacion_produccin' is clicked on

2020-03-11 09:24:52 - [TEST_STEP][PASSED] - click(findTestObject("Object Repository/Page_Aprobacin de Produccin - KAIZEN/apo_click_aprobacion_produccin")): Object: 'Object Repository/Page_Aprobacin de Produccin - KAIZEN/apo_click_aprobacion_produccin' is clicked on

2020-03-11 09:24:53 - [MESSAGE][PASSED] - Object: 'Object Repository/Page_Aprobacin de Produccin - KAIZEN/apo_click_aprobacion_produccin' is clicked on

2020-03-11 09:24:53 - [TEST_STEP][PASSED] - click(findTestObject("Object Repository/Page_Aprobacin de Produccin - KAIZEN/apo_seleccione_cliente")): Object: 'Object Repository/Page_Aprobacin de Produccin - KAIZEN/apo_seleccione_cliente' is clicked on

2020-03-11 09:24:53 - [MESSAGE][PASSED] - Object: 'Object Repository/Page_Aprobacin de Produccin - KAIZEN/apo_seleccione_cliente' is clicked on

2020-03-11 09:24:53 - [TEST_STEP][PASSED] - click(findTestObject("Object Repository/Page_Aprobacin de Produccin - KAIZEN/apo_click_selecione_cliente")): Object: 'Object Repository/Page_Aprobacin de Produccin - KAIZEN/apo_click_selecione_cliente' is clicked on

2020-03-11 09:24:54 - [MESSAGE][PASSED] - Object: 'Object Repository/Page_Aprobacin de Produccin - KAIZEN/apo_click_selecione_cliente' is clicked on

2020-03-11 09:24:54 - [TEST_STEP][PASSED] - selectOptionByValue(findTestObject("Object Repository/Page_Aprobacin de Produccin - KAIZEN/apo_assing_selecione_cliente"), IDCliente, true): All options with value '3' are selected in object 'Object Repository/Page_Aprobacin de Produccin - KAIZEN/apo_assing_selecione_cliente'  using regular expression

2020-03-11 09:24:55 - [MESSAGE][PASSED] - All options with value '3' are selected in object 'Object Repository/Page_Aprobacin de Produccin - KAIZEN/apo_assing_selecione_cliente'  using regular expression

2020-03-11 09:24:55 - [TEST_STEP][PASSED] - click(findTestObject("Object Repository/Page_Aprobacin de Produccin - KAIZEN/apo_Buscar")): Object: 'Object Repository/Page_Aprobacin de Produccin - KAIZEN/apo_Buscar' is clicked on

2020-03-11 09:24:58 - [MESSAGE][PASSED] - Object: 'Object Repository/Page_Aprobacin de Produccin - KAIZEN/apo_Buscar' is clicked on

2020-03-11 09:24:58 - [TEST_STEP][PASSED] - executeJavaScript("document.querySelector('.btn-info[href="/PedidoLubricante/DetalleAprobacion/" + IDPedido + "?Ventana=3"]').click()", null): Execute JavaScript 'document.querySelector('.btn-info[href="/PedidoLubricante/DetalleAprobacion/271?Ventana=3"]').click()' successfully

2020-03-11 09:25:02 - [MESSAGE][PASSED] - Execute JavaScript 'document.querySelector('.btn-info[href="/PedidoLubricante/DetalleAprobacion/271?Ventana=3"]').click()' successfully

2020-03-11 09:25:02 - [TEST_STEP][PASSED] - delay(5): Delayed 5 second(s)

2020-03-11 09:25:07 - [MESSAGE][PASSED] - Delayed 5 second(s)

2020-03-11 09:25:07 - [TEST_STEP][PASSED] - if (AprobacionProduccion == "Aprobar"): null

2020-03-11 09:25:07 - [TEST_STEP][PASSED] - else: Object: 'Object Repository/Page_- KAIZEN/apo_btn_Aceptar' is clicked on

2020-03-11 09:25:07 - [TEST_STEP][PASSED] - click(findTestObject("Object Repository/Page_- KAIZEN/apo_Denegar")): Object: 'Object Repository/Page_- KAIZEN/apo_Denegar' is clicked on

2020-03-11 09:25:07 - [MESSAGE][PASSED] - Object: 'Object Repository/Page_- KAIZEN/apo_Denegar' is clicked on

2020-03-11 09:25:07 - [TEST_STEP][PASSED] - click(findTestObject("Object Repository/Page_- KAIZEN/apo_btn_Aceptar")): Object: 'Object Repository/Page_- KAIZEN/apo_btn_Aceptar' is clicked on

2020-03-11 09:25:08 - [MESSAGE][PASSED] - Object: 'Object Repository/Page_- KAIZEN/apo_btn_Aceptar' is clicked on

2020-03-11 09:25:08 - [TEST_STEP][PASSED] - delay(10): Delayed 10 second(s)

2020-03-11 09:25:18 - [MESSAGE][PASSED] - Delayed 10 second(s)

2020-03-11 09:25:18 - [MESSAGE][PASSED] - Call Test Case 'Test Cases/Individual_Tests/Aprobacion_Produccion' successfully

2020-03-11 09:25:18 - [TEST_STEP][PASSED] - callTestCase(findTestCase("Individual_Tests/Login"), ["Evento":"Aprobar", "Index":Index], STOP_ON_FAILURE): Call Test Case 'Test Cases/Individual_Tests/Login' successfully

2020-03-11 09:25:18 - [TEST_CASE][PASSED] - Test Cases/Individual_Tests/Login: Test Cases/Individual_Tests/Login

2020-03-11 09:25:18 - [TEST_STEP][PASSED] - print("Evento Seleccionado: " + Evento + "
"): null

2020-03-11 09:25:18 - [TEST_STEP][PASSED] - openBrowser(Web): Browser is opened with url: 'http://test.kaizendev.net/Login/Accesar?salir=true'

2020-03-11 09:25:18 - [MESSAGE][WARNING] - A browser is already opened. Closing browser and opening a new one

2020-03-11 09:25:19 - [MESSAGE][INFO] - Starting 'Chrome' driver

2020-03-11 09:25:54 - [MESSAGE][PASSED] - Browser is opened with url: 'http://test.kaizendev.net/Login/Accesar?salir=true'

2020-03-11 09:25:54 - [TEST_STEP][PASSED] - maximizeWindow(): Current window maximized

2020-03-11 09:25:55 - [MESSAGE][PASSED] - Current window maximized

2020-03-11 09:25:55 - [TEST_STEP][PASSED] - if (Evento == "Crear20"): null

2020-03-11 09:25:55 - [TEST_STEP][PASSED] - else if (Evento == "Crear40"): null

2020-03-11 09:25:55 - [TEST_STEP][PASSED] - else if (Evento == "Aprobar"): Object: 'Object Repository/Page_Iniciar Sesion - KAIZEN/is_btn_ingresar_sistema' is clicked on

2020-03-11 09:25:55 - [TEST_STEP][PASSED] - data2 = obtener_excels.obtener_aprobaciones.getValuesExcelAprob20(Index): obtener_excels.obtener_aprobaciones.getValuesExcelAprob20 is PASSED

2020-03-11 09:25:55 - [MESSAGE][PASSED] - obtener_excels.obtener_aprobaciones.getValuesExcelAprob20 is PASSED

2020-03-11 09:25:55 - [TEST_STEP][PASSED] - Usuario = data2[1]: null

2020-03-11 09:25:55 - [TEST_STEP][PASSED] - Contrasena = data2[2]: null

2020-03-11 09:25:55 - [TEST_STEP][PASSED] - setText(findTestObject("Page_Iniciar Sesion - KAIZEN/is_input_email"), Usuario): Text 'automated.test@grupokaizen.net' is set on object 'Object Repository/Page_Iniciar Sesion - KAIZEN/is_input_email'

2020-03-11 09:25:56 - [MESSAGE][PASSED] - Text 'automated.test@grupokaizen.net' is set on object 'Object Repository/Page_Iniciar Sesion - KAIZEN/is_input_email'

2020-03-11 09:25:56 - [TEST_STEP][PASSED] - setEncryptedText(findTestObject("Page_Iniciar Sesion - KAIZEN/IS_input_contrasena"), Contrasena): Text ****** has been set on object 'Object Repository/Page_Iniciar Sesion - KAIZEN/IS_input_contrasena'

2020-03-11 09:25:56 - [MESSAGE][PASSED] - Text ****** has been set on object 'Object Repository/Page_Iniciar Sesion - KAIZEN/IS_input_contrasena'

2020-03-11 09:25:56 - [TEST_STEP][PASSED] - click(findTestObject("Page_Iniciar Sesion - KAIZEN/is_btn_ingresar_sistema")): Object: 'Object Repository/Page_Iniciar Sesion - KAIZEN/is_btn_ingresar_sistema' is clicked on

2020-03-11 09:26:00 - [MESSAGE][PASSED] - Object: 'Object Repository/Page_Iniciar Sesion - KAIZEN/is_btn_ingresar_sistema' is clicked on

2020-03-11 09:26:00 - [MESSAGE][PASSED] - Call Test Case 'Test Cases/Individual_Tests/Login' successfully

2020-03-11 09:26:00 - [TEST_STEP][PASSED] - callTestCase(findTestCase("Individual_Tests/Seleccionar_Idioma"), ["Evento":"Aprobar", "Index":Index], STOP_ON_FAILURE): Call Test Case 'Test Cases/Individual_Tests/Seleccionar_Idioma' successfully

2020-03-11 09:26:00 - [TEST_CASE][PASSED] - Test Cases/Individual_Tests/Seleccionar_Idioma: Test Cases/Individual_Tests/Seleccionar_Idioma

2020-03-11 09:26:00 - [TEST_STEP][PASSED] - Idioma = 0: null

2020-03-11 09:26:00 - [TEST_STEP][PASSED] - if (Evento == "Crear20"): null

2020-03-11 09:26:00 - [TEST_STEP][PASSED] - else if (Evento == "Crear40"): null

2020-03-11 09:26:00 - [TEST_STEP][PASSED] - else if (Evento == "Aprobar"): null

2020-03-11 09:26:00 - [TEST_STEP][PASSED] - data2 = obtener_excels.obtener_aprobaciones.getValuesExcelAprob20(Index): obtener_excels.obtener_aprobaciones.getValuesExcelAprob20 is PASSED

2020-03-11 09:26:00 - [MESSAGE][PASSED] - obtener_excels.obtener_aprobaciones.getValuesExcelAprob20 is PASSED

2020-03-11 09:26:00 - [TEST_STEP][PASSED] - Idioma = data2[0]: null

2020-03-11 09:26:00 - [TEST_STEP][PASSED] - click(findTestObject("Page_- KAIZEN/si_btn_idioma")): Object: 'Object Repository/Page_- KAIZEN/si_btn_idioma' is clicked on

2020-03-11 09:26:01 - [MESSAGE][PASSED] - Object: 'Object Repository/Page_- KAIZEN/si_btn_idioma' is clicked on

2020-03-11 09:26:01 - [TEST_STEP][PASSED] - if (Idioma == "0"): Object: 'Object Repository/Page_- KAIZEN/si_Ingles' is clicked on

2020-03-11 09:26:01 - [TEST_STEP][PASSED] - click(findTestObject("Page_- KAIZEN/si_Ingles")): Object: 'Object Repository/Page_- KAIZEN/si_Ingles' is clicked on

2020-03-11 09:26:05 - [MESSAGE][PASSED] - Object: 'Object Repository/Page_- KAIZEN/si_Ingles' is clicked on

2020-03-11 09:26:05 - [MESSAGE][PASSED] - Call Test Case 'Test Cases/Individual_Tests/Seleccionar_Idioma' successfully

2020-03-11 09:26:05 - [TEST_STEP][PASSED] - callTestCase(findTestCase("Individual_Tests/Aprobacion_Produccion"), ["Index":Index], STOP_ON_FAILURE): Call Test Case 'Test Cases/Individual_Tests/Aprobacion_Produccion' successfully

2020-03-11 09:26:05 - [TEST_CASE][PASSED] - Test Cases/Individual_Tests/Aprobacion_Produccion: Test Cases/Individual_Tests/Aprobacion_Produccion

2020-03-11 09:26:05 - [TEST_STEP][PASSED] - data = obtener_excels.obtener_aprobaciones.getValuesExcelAprob20(Index): obtener_excels.obtener_aprobaciones.getValuesExcelAprob20 is PASSED

2020-03-11 09:26:05 - [MESSAGE][PASSED] - obtener_excels.obtener_aprobaciones.getValuesExcelAprob20 is PASSED

2020-03-11 09:26:05 - [TEST_STEP][PASSED] - IdPedido = data[3]: null

2020-03-11 09:26:05 - [TEST_STEP][PASSED] - Id_Cliente = data[4]: null

2020-03-11 09:26:05 - [TEST_STEP][PASSED] - AprobProduccion = data[7]: null

2020-03-11 09:26:05 - [TEST_STEP][PASSED] - IDPedido = IdPedido: null

2020-03-11 09:26:05 - [TEST_STEP][PASSED] - IDCliente = Id_Cliente: null

2020-03-11 09:26:05 - [TEST_STEP][PASSED] - AprobacionProduccion = AprobProduccion: null

2020-03-11 09:26:05 - [TEST_STEP][PASSED] - click(findTestObject("Object Repository/Page_- KAIZEN/apo_menuOperaciones")): Object: 'Object Repository/Page_- KAIZEN/apo_menuOperaciones' is clicked on

2020-03-11 09:26:06 - [MESSAGE][PASSED] - Object: 'Object Repository/Page_- KAIZEN/apo_menuOperaciones' is clicked on

2020-03-11 09:26:06 - [TEST_STEP][PASSED] - click(findTestObject("Object Repository/Page_- KAIZEN/apo_menu_aprobacion_produccin")): Object: 'Object Repository/Page_- KAIZEN/apo_menu_aprobacion_produccin' is clicked on

2020-03-11 09:26:13 - [MESSAGE][PASSED] - Object: 'Object Repository/Page_- KAIZEN/apo_menu_aprobacion_produccin' is clicked on

2020-03-11 09:26:13 - [TEST_STEP][PASSED] - click(findTestObject("Object Repository/Page_Aprobacin de Produccin - KAIZEN/apo_click_aprobacion_produccin")): Object: 'Object Repository/Page_Aprobacin de Produccin - KAIZEN/apo_click_aprobacion_produccin' is clicked on

2020-03-11 09:26:14 - [MESSAGE][PASSED] - Object: 'Object Repository/Page_Aprobacin de Produccin - KAIZEN/apo_click_aprobacion_produccin' is clicked on

2020-03-11 09:26:14 - [TEST_STEP][PASSED] - click(findTestObject("Object Repository/Page_Aprobacin de Produccin - KAIZEN/apo_seleccione_cliente")): Object: 'Object Repository/Page_Aprobacin de Produccin - KAIZEN/apo_seleccione_cliente' is clicked on

2020-03-11 09:26:14 - [MESSAGE][PASSED] - Object: 'Object Repository/Page_Aprobacin de Produccin - KAIZEN/apo_seleccione_cliente' is clicked on

2020-03-11 09:26:14 - [TEST_STEP][PASSED] - click(findTestObject("Object Repository/Page_Aprobacin de Produccin - KAIZEN/apo_click_selecione_cliente")): Object: 'Object Repository/Page_Aprobacin de Produccin - KAIZEN/apo_click_selecione_cliente' is clicked on

2020-03-11 09:26:15 - [MESSAGE][PASSED] - Object: 'Object Repository/Page_Aprobacin de Produccin - KAIZEN/apo_click_selecione_cliente' is clicked on

2020-03-11 09:26:15 - [TEST_STEP][PASSED] - selectOptionByValue(findTestObject("Object Repository/Page_Aprobacin de Produccin - KAIZEN/apo_assing_selecione_cliente"), IDCliente, true): All options with value '3' are selected in object 'Object Repository/Page_Aprobacin de Produccin - KAIZEN/apo_assing_selecione_cliente'  using regular expression

2020-03-11 09:26:17 - [MESSAGE][PASSED] - All options with value '3' are selected in object 'Object Repository/Page_Aprobacin de Produccin - KAIZEN/apo_assing_selecione_cliente'  using regular expression

2020-03-11 09:26:17 - [TEST_STEP][PASSED] - click(findTestObject("Object Repository/Page_Aprobacin de Produccin - KAIZEN/apo_Buscar")): Object: 'Object Repository/Page_Aprobacin de Produccin - KAIZEN/apo_Buscar' is clicked on

2020-03-11 09:26:20 - [MESSAGE][PASSED] - Object: 'Object Repository/Page_Aprobacin de Produccin - KAIZEN/apo_Buscar' is clicked on

2020-03-11 09:26:20 - [TEST_STEP][PASSED] - executeJavaScript("document.querySelector('.btn-info[href="/PedidoLubricante/DetalleAprobacion/" + IDPedido + "?Ventana=3"]').click()", null): Execute JavaScript 'document.querySelector('.btn-info[href="/PedidoLubricante/DetalleAprobacion/272?Ventana=3"]').click()' successfully

2020-03-11 09:26:24 - [MESSAGE][PASSED] - Execute JavaScript 'document.querySelector('.btn-info[href="/PedidoLubricante/DetalleAprobacion/272?Ventana=3"]').click()' successfully

2020-03-11 09:26:24 - [TEST_STEP][PASSED] - delay(5): Delayed 5 second(s)

2020-03-11 09:26:29 - [MESSAGE][PASSED] - Delayed 5 second(s)

2020-03-11 09:26:29 - [TEST_STEP][PASSED] - if (AprobacionProduccion == "Aprobar"): Object: 'Object Repository/Page_- KAIZEN/apo_btn_Aceptar' is clicked on

2020-03-11 09:26:29 - [TEST_STEP][PASSED] - click(findTestObject("Object Repository/Page_- KAIZEN/apo_Aprobar")): Object: 'Object Repository/Page_- KAIZEN/apo_Aprobar' is clicked on

2020-03-11 09:26:30 - [MESSAGE][PASSED] - Object: 'Object Repository/Page_- KAIZEN/apo_Aprobar' is clicked on

2020-03-11 09:26:30 - [TEST_STEP][PASSED] - click(findTestObject("Object Repository/Page_- KAIZEN/apo_btn_Aceptar")): Object: 'Object Repository/Page_- KAIZEN/apo_btn_Aceptar' is clicked on

2020-03-11 09:26:38 - [MESSAGE][PASSED] - Object: 'Object Repository/Page_- KAIZEN/apo_btn_Aceptar' is clicked on

2020-03-11 09:26:38 - [TEST_STEP][PASSED] - delay(10): Delayed 10 second(s)

2020-03-11 09:26:48 - [MESSAGE][PASSED] - Delayed 10 second(s)

2020-03-11 09:26:48 - [MESSAGE][PASSED] - Call Test Case 'Test Cases/Individual_Tests/Aprobacion_Produccion' successfully

2020-03-11 09:26:48 - [TEST_STEP][PASSED] - callTestCase(findTestCase("Individual_Tests/Login"), ["Evento":"Aprobar", "Index":Index], STOP_ON_FAILURE): Call Test Case 'Test Cases/Individual_Tests/Login' successfully

2020-03-11 09:26:48 - [TEST_CASE][PASSED] - Test Cases/Individual_Tests/Login: Test Cases/Individual_Tests/Login

2020-03-11 09:26:48 - [TEST_STEP][PASSED] - print("Evento Seleccionado: " + Evento + "
"): null

2020-03-11 09:26:48 - [TEST_STEP][PASSED] - openBrowser(Web): Browser is opened with url: 'http://test.kaizendev.net/Login/Accesar?salir=true'

2020-03-11 09:26:48 - [MESSAGE][WARNING] - A browser is already opened. Closing browser and opening a new one

2020-03-11 09:26:49 - [MESSAGE][INFO] - Starting 'Chrome' driver

2020-03-11 09:27:53 - [MESSAGE][PASSED] - Browser is opened with url: 'http://test.kaizendev.net/Login/Accesar?salir=true'

2020-03-11 09:27:53 - [TEST_STEP][PASSED] - maximizeWindow(): Current window maximized

2020-03-11 09:27:54 - [MESSAGE][PASSED] - Current window maximized

2020-03-11 09:27:54 - [TEST_STEP][PASSED] - if (Evento == "Crear20"): null

2020-03-11 09:27:54 - [TEST_STEP][PASSED] - else if (Evento == "Crear40"): null

2020-03-11 09:27:54 - [TEST_STEP][PASSED] - else if (Evento == "Aprobar"): Object: 'Object Repository/Page_Iniciar Sesion - KAIZEN/is_btn_ingresar_sistema' is clicked on

2020-03-11 09:27:54 - [TEST_STEP][PASSED] - data2 = obtener_excels.obtener_aprobaciones.getValuesExcelAprob20(Index): obtener_excels.obtener_aprobaciones.getValuesExcelAprob20 is PASSED

2020-03-11 09:27:54 - [MESSAGE][PASSED] - obtener_excels.obtener_aprobaciones.getValuesExcelAprob20 is PASSED

2020-03-11 09:27:54 - [TEST_STEP][PASSED] - Usuario = data2[1]: null

2020-03-11 09:27:54 - [TEST_STEP][PASSED] - Contrasena = data2[2]: null

2020-03-11 09:27:54 - [TEST_STEP][PASSED] - setText(findTestObject("Page_Iniciar Sesion - KAIZEN/is_input_email"), Usuario): Text 'automated.test@grupokaizen.net' is set on object 'Object Repository/Page_Iniciar Sesion - KAIZEN/is_input_email'

2020-03-11 09:27:55 - [MESSAGE][PASSED] - Text 'automated.test@grupokaizen.net' is set on object 'Object Repository/Page_Iniciar Sesion - KAIZEN/is_input_email'

2020-03-11 09:27:55 - [TEST_STEP][PASSED] - setEncryptedText(findTestObject("Page_Iniciar Sesion - KAIZEN/IS_input_contrasena"), Contrasena): Text ****** has been set on object 'Object Repository/Page_Iniciar Sesion - KAIZEN/IS_input_contrasena'

2020-03-11 09:27:56 - [MESSAGE][PASSED] - Text ****** has been set on object 'Object Repository/Page_Iniciar Sesion - KAIZEN/IS_input_contrasena'

2020-03-11 09:27:56 - [TEST_STEP][PASSED] - click(findTestObject("Page_Iniciar Sesion - KAIZEN/is_btn_ingresar_sistema")): Object: 'Object Repository/Page_Iniciar Sesion - KAIZEN/is_btn_ingresar_sistema' is clicked on

2020-03-11 09:28:13 - [MESSAGE][PASSED] - Object: 'Object Repository/Page_Iniciar Sesion - KAIZEN/is_btn_ingresar_sistema' is clicked on

2020-03-11 09:28:13 - [MESSAGE][PASSED] - Call Test Case 'Test Cases/Individual_Tests/Login' successfully

2020-03-11 09:28:13 - [TEST_STEP][PASSED] - callTestCase(findTestCase("Individual_Tests/Seleccionar_Idioma"), ["Evento":"Aprobar", "Index":Index], STOP_ON_FAILURE): Call Test Case 'Test Cases/Individual_Tests/Seleccionar_Idioma' successfully

2020-03-11 09:28:14 - [TEST_CASE][PASSED] - Test Cases/Individual_Tests/Seleccionar_Idioma: Test Cases/Individual_Tests/Seleccionar_Idioma

2020-03-11 09:28:14 - [TEST_STEP][PASSED] - Idioma = 0: null

2020-03-11 09:28:14 - [TEST_STEP][PASSED] - if (Evento == "Crear20"): null

2020-03-11 09:28:14 - [TEST_STEP][PASSED] - else if (Evento == "Crear40"): null

2020-03-11 09:28:14 - [TEST_STEP][PASSED] - else if (Evento == "Aprobar"): null

2020-03-11 09:28:14 - [TEST_STEP][PASSED] - data2 = obtener_excels.obtener_aprobaciones.getValuesExcelAprob20(Index): obtener_excels.obtener_aprobaciones.getValuesExcelAprob20 is PASSED

2020-03-11 09:28:14 - [MESSAGE][PASSED] - obtener_excels.obtener_aprobaciones.getValuesExcelAprob20 is PASSED

2020-03-11 09:28:14 - [TEST_STEP][PASSED] - Idioma = data2[0]: null

2020-03-11 09:28:14 - [TEST_STEP][PASSED] - click(findTestObject("Page_- KAIZEN/si_btn_idioma")): Object: 'Object Repository/Page_- KAIZEN/si_btn_idioma' is clicked on

2020-03-11 09:28:14 - [MESSAGE][PASSED] - Object: 'Object Repository/Page_- KAIZEN/si_btn_idioma' is clicked on

2020-03-11 09:28:14 - [TEST_STEP][PASSED] - if (Idioma == "0"): null

2020-03-11 09:28:14 - [TEST_STEP][PASSED] - else: Object: 'Object Repository/Page_- KAIZEN/si_Spanish' is clicked on

2020-03-11 09:28:14 - [TEST_STEP][PASSED] - click(findTestObject("Page_- KAIZEN/si_Spanish")): Object: 'Object Repository/Page_- KAIZEN/si_Spanish' is clicked on

2020-03-11 09:28:22 - [MESSAGE][PASSED] - Object: 'Object Repository/Page_- KAIZEN/si_Spanish' is clicked on

2020-03-11 09:28:22 - [MESSAGE][PASSED] - Call Test Case 'Test Cases/Individual_Tests/Seleccionar_Idioma' successfully

2020-03-11 09:28:22 - [TEST_STEP][PASSED] - callTestCase(findTestCase("Individual_Tests/Aprobacion_Produccion"), ["Index":Index], STOP_ON_FAILURE): Call Test Case 'Test Cases/Individual_Tests/Aprobacion_Produccion' successfully

2020-03-11 09:28:23 - [TEST_CASE][PASSED] - Test Cases/Individual_Tests/Aprobacion_Produccion: Test Cases/Individual_Tests/Aprobacion_Produccion

2020-03-11 09:28:23 - [TEST_STEP][PASSED] - data = obtener_excels.obtener_aprobaciones.getValuesExcelAprob20(Index): obtener_excels.obtener_aprobaciones.getValuesExcelAprob20 is PASSED

2020-03-11 09:28:23 - [MESSAGE][PASSED] - obtener_excels.obtener_aprobaciones.getValuesExcelAprob20 is PASSED

2020-03-11 09:28:23 - [TEST_STEP][PASSED] - IdPedido = data[3]: null

2020-03-11 09:28:23 - [TEST_STEP][PASSED] - Id_Cliente = data[4]: null

2020-03-11 09:28:23 - [TEST_STEP][PASSED] - AprobProduccion = data[7]: null

2020-03-11 09:28:23 - [TEST_STEP][PASSED] - IDPedido = IdPedido: null

2020-03-11 09:28:23 - [TEST_STEP][PASSED] - IDCliente = Id_Cliente: null

2020-03-11 09:28:23 - [TEST_STEP][PASSED] - AprobacionProduccion = AprobProduccion: null

2020-03-11 09:28:23 - [TEST_STEP][PASSED] - click(findTestObject("Object Repository/Page_- KAIZEN/apo_menuOperaciones")): Object: 'Object Repository/Page_- KAIZEN/apo_menuOperaciones' is clicked on

2020-03-11 09:28:23 - [MESSAGE][PASSED] - Object: 'Object Repository/Page_- KAIZEN/apo_menuOperaciones' is clicked on

2020-03-11 09:28:23 - [TEST_STEP][PASSED] - click(findTestObject("Object Repository/Page_- KAIZEN/apo_menu_aprobacion_produccin")): Object: 'Object Repository/Page_- KAIZEN/apo_menu_aprobacion_produccin' is clicked on

2020-03-11 09:28:29 - [MESSAGE][PASSED] - Object: 'Object Repository/Page_- KAIZEN/apo_menu_aprobacion_produccin' is clicked on

2020-03-11 09:28:29 - [TEST_STEP][PASSED] - click(findTestObject("Object Repository/Page_Aprobacin de Produccin - KAIZEN/apo_click_aprobacion_produccin")): Object: 'Object Repository/Page_Aprobacin de Produccin - KAIZEN/apo_click_aprobacion_produccin' is clicked on

2020-03-11 09:28:29 - [MESSAGE][PASSED] - Object: 'Object Repository/Page_Aprobacin de Produccin - KAIZEN/apo_click_aprobacion_produccin' is clicked on

2020-03-11 09:28:29 - [TEST_STEP][PASSED] - click(findTestObject("Object Repository/Page_Aprobacin de Produccin - KAIZEN/apo_seleccione_cliente")): Object: 'Object Repository/Page_Aprobacin de Produccin - KAIZEN/apo_seleccione_cliente' is clicked on

2020-03-11 09:28:30 - [MESSAGE][PASSED] - Object: 'Object Repository/Page_Aprobacin de Produccin - KAIZEN/apo_seleccione_cliente' is clicked on

2020-03-11 09:28:30 - [TEST_STEP][PASSED] - click(findTestObject("Object Repository/Page_Aprobacin de Produccin - KAIZEN/apo_click_selecione_cliente")): Object: 'Object Repository/Page_Aprobacin de Produccin - KAIZEN/apo_click_selecione_cliente' is clicked on

2020-03-11 09:28:31 - [MESSAGE][PASSED] - Object: 'Object Repository/Page_Aprobacin de Produccin - KAIZEN/apo_click_selecione_cliente' is clicked on

2020-03-11 09:28:31 - [TEST_STEP][PASSED] - selectOptionByValue(findTestObject("Object Repository/Page_Aprobacin de Produccin - KAIZEN/apo_assing_selecione_cliente"), IDCliente, true): All options with value '3' are selected in object 'Object Repository/Page_Aprobacin de Produccin - KAIZEN/apo_assing_selecione_cliente'  using regular expression

2020-03-11 09:28:33 - [MESSAGE][PASSED] - All options with value '3' are selected in object 'Object Repository/Page_Aprobacin de Produccin - KAIZEN/apo_assing_selecione_cliente'  using regular expression

2020-03-11 09:28:33 - [TEST_STEP][PASSED] - click(findTestObject("Object Repository/Page_Aprobacin de Produccin - KAIZEN/apo_Buscar")): Object: 'Object Repository/Page_Aprobacin de Produccin - KAIZEN/apo_Buscar' is clicked on

2020-03-11 09:28:42 - [MESSAGE][PASSED] - Object: 'Object Repository/Page_Aprobacin de Produccin - KAIZEN/apo_Buscar' is clicked on

2020-03-11 09:28:42 - [TEST_STEP][PASSED] - executeJavaScript("document.querySelector('.btn-info[href="/PedidoLubricante/DetalleAprobacion/" + IDPedido + "?Ventana=3"]').click()", null): Execute JavaScript 'document.querySelector('.btn-info[href="/PedidoLubricante/DetalleAprobacion/273?Ventana=3"]').click()' successfully

2020-03-11 09:28:48 - [MESSAGE][PASSED] - Execute JavaScript 'document.querySelector('.btn-info[href="/PedidoLubricante/DetalleAprobacion/273?Ventana=3"]').click()' successfully

2020-03-11 09:28:48 - [TEST_STEP][PASSED] - delay(5): Delayed 5 second(s)

2020-03-11 09:28:53 - [MESSAGE][PASSED] - Delayed 5 second(s)

2020-03-11 09:28:53 - [TEST_STEP][PASSED] - if (AprobacionProduccion == "Aprobar"): Object: 'Object Repository/Page_- KAIZEN/apo_btn_Aceptar' is clicked on

2020-03-11 09:28:53 - [TEST_STEP][PASSED] - click(findTestObject("Object Repository/Page_- KAIZEN/apo_Aprobar")): Object: 'Object Repository/Page_- KAIZEN/apo_Aprobar' is clicked on

2020-03-11 09:28:54 - [MESSAGE][PASSED] - Object: 'Object Repository/Page_- KAIZEN/apo_Aprobar' is clicked on

2020-03-11 09:28:54 - [TEST_STEP][PASSED] - click(findTestObject("Object Repository/Page_- KAIZEN/apo_btn_Aceptar")): Object: 'Object Repository/Page_- KAIZEN/apo_btn_Aceptar' is clicked on

2020-03-11 09:28:57 - [MESSAGE][PASSED] - Object: 'Object Repository/Page_- KAIZEN/apo_btn_Aceptar' is clicked on

2020-03-11 09:28:57 - [TEST_STEP][PASSED] - delay(10): Delayed 10 second(s)

2020-03-11 09:29:07 - [MESSAGE][PASSED] - Delayed 10 second(s)

2020-03-11 09:29:07 - [MESSAGE][PASSED] - Call Test Case 'Test Cases/Individual_Tests/Aprobacion_Produccion' successfully]]></system-out>
         <system-err><![CDATA[]]></system-err>
      </testcase>
      <testcase name="Test Cases/Secuencias de Ejecucion/TC_Aprobar_Financiera" time="63.589" classname="Test Cases/Secuencias de Ejecucion/TC_Aprobar_Financiera" status="FAILED">
         <failure type="FAILED" message="Test Cases/Secuencias de Ejecucion/TC_Aprobar_Financiera FAILED.
Reason:
com.kms.katalon.core.exception.StepFailedException: Call Test Case 'Test Cases/Individual_Tests/Aprobacion_Financiera' failed
	at com.kms.katalon.core.keyword.builtin.CallTestCaseKeyword$_callTestCase_closure1.doCall(CallTestCaseKeyword.groovy:63)
	at com.kms.katalon.core.keyword.builtin.CallTestCaseKeyword$_callTestCase_closure1.call(CallTestCaseKeyword.groovy)
	at com.kms.katalon.core.keyword.internal.KeywordMain.runKeyword(KeywordMain.groovy:68)
	at com.kms.katalon.core.keyword.builtin.CallTestCaseKeyword.callTestCase(CallTestCaseKeyword.groovy:81)
	at com.kms.katalon.core.keyword.builtin.CallTestCaseKeyword.execute(CallTestCaseKeyword.groovy:44)
	at com.kms.katalon.core.keyword.internal.KeywordExecutor.executeKeywordForPlatform(KeywordExecutor.groovy:72)
	at com.kms.katalon.core.keyword.BuiltinKeywords.callTestCase(BuiltinKeywords.groovy:334)
	at TC_Aprobar_Financiera.run(TC_Aprobar_Financiera:32)
	at com.kms.katalon.core.main.ScriptEngine.run(ScriptEngine.java:194)
	at com.kms.katalon.core.main.ScriptEngine.runScriptAsRawText(ScriptEngine.java:119)
	at com.kms.katalon.core.main.TestCaseExecutor.runScript(TestCaseExecutor.java:337)
	at com.kms.katalon.core.main.TestCaseExecutor.doExecute(TestCaseExecutor.java:328)
	at com.kms.katalon.core.main.TestCaseExecutor.processExecutionPhase(TestCaseExecutor.java:307)
	at com.kms.katalon.core.main.TestCaseExecutor.accessMainPhase(TestCaseExecutor.java:299)
	at com.kms.katalon.core.main.TestCaseExecutor.execute(TestCaseExecutor.java:233)
	at com.kms.katalon.core.main.TestSuiteExecutor.accessTestCaseMainPhase(TestSuiteExecutor.java:169)
	at com.kms.katalon.core.main.TestSuiteExecutor.accessTestSuiteMainPhase(TestSuiteExecutor.java:142)
	at com.kms.katalon.core.main.TestSuiteExecutor.execute(TestSuiteExecutor.java:91)
	at com.kms.katalon.core.main.TestCaseMain.startTestSuite(TestCaseMain.java:157)
	at com.kms.katalon.core.main.TestCaseMain$startTestSuite$0.call(Unknown Source)
	at TempTestSuite1583932579593.run(TempTestSuite1583932579593.groovy:36)
Caused by: com.kms.katalon.core.exception.StepFailedException: Unable to execute JavaScript.
	at com.kms.katalon.core.webui.keyword.internal.WebUIKeywordMain.stepFailed(WebUIKeywordMain.groovy:64)
	at com.kms.katalon.core.webui.keyword.internal.WebUIKeywordMain.runKeyword(WebUIKeywordMain.groovy:26)
	at com.kms.katalon.core.webui.keyword.builtin.ExecuteJavaScriptKeyword.executeJavascript(ExecuteJavascriptKeyword.groovy:42)
	at com.kms.katalon.core.webui.keyword.builtin.ExecuteJavaScriptKeyword.execute(ExecuteJavascriptKeyword.groovy:37)
	at com.kms.katalon.core.keyword.internal.KeywordExecutor.executeKeywordForPlatform(KeywordExecutor.groovy:72)
	at com.kms.katalon.core.webui.keyword.WebUiBuiltInKeywords.executeJavaScript(WebUiBuiltInKeywords.groovy:3787)
	at com.kms.katalon.core.webui.keyword.WebUiBuiltInKeywords$executeJavaScript$4.call(Unknown Source)
	at Aprobacion_Financiera.run(Aprobacion_Financiera:60)
	at com.kms.katalon.core.main.ScriptEngine.run(ScriptEngine.java:194)
	at com.kms.katalon.core.main.ScriptEngine.runScriptAsRawText(ScriptEngine.java:119)
	at com.kms.katalon.core.main.TestCaseExecutor.runScript(TestCaseExecutor.java:337)
	at com.kms.katalon.core.main.TestCaseExecutor.doExecute(TestCaseExecutor.java:328)
	at com.kms.katalon.core.main.TestCaseExecutor.processExecutionPhase(TestCaseExecutor.java:307)
	at com.kms.katalon.core.main.TestCaseExecutor.accessMainPhase(TestCaseExecutor.java:299)
	at com.kms.katalon.core.main.TestCaseExecutor.execute(TestCaseExecutor.java:233)
	at com.kms.katalon.core.main.TestCaseMain.runTestCase(TestCaseMain.java:114)
	at com.kms.katalon.core.keyword.builtin.CallTestCaseKeyword$_callTestCase_closure1.doCall(CallTestCaseKeyword.groovy:59)
	... 20 more
Caused by: org.openqa.selenium.JavascriptException: javascript error: Cannot read property 'click' of null
  (Session info: chrome=80.0.3987.132)
Build info: version: '3.141.59', revision: 'e82be7d358', time: '2018-11-14T08:25:53'
System info: host: 'LAPTOP-K43U1BVQ', ip: '192.168.99.1', os.name: 'Windows 10', os.arch: 'amd64', os.version: '10.0', java.version: '1.8.0_181'
Driver info: com.kms.katalon.selenium.driver.CChromeDriver
Capabilities {acceptInsecureCerts: false, browserName: chrome, browserVersion: 80.0.3987.132, chrome: {chromedriverVersion: 79.0.3945.36 (3582db32b3389..., userDataDir: C:\Users\kaizen\AppData\Loc...}, goog:chromeOptions: {debuggerAddress: localhost:14470}, javascriptEnabled: true, networkConnectionEnabled: false, pageLoadStrategy: normal, platform: WINDOWS, platformName: WINDOWS, proxy: Proxy(), setWindowRect: true, strictFileInteractability: false, timeouts: {implicit: 0, pageLoad: 300000, script: 30000}, unhandledPromptBehavior: dismiss and notify}
Session ID: f95a03ed2a1f6371d50b6403464112ae
	at org.openqa.selenium.remote.http.W3CHttpResponseCodec.createException(W3CHttpResponseCodec.java:187)
	at org.openqa.selenium.remote.http.W3CHttpResponseCodec.decode(W3CHttpResponseCodec.java:122)
	at org.openqa.selenium.remote.http.W3CHttpResponseCodec.decode(W3CHttpResponseCodec.java:49)
	at org.openqa.selenium.remote.HttpCommandExecutor.execute(HttpCommandExecutor.java:158)
	at org.openqa.selenium.remote.service.DriverCommandExecutor.execute(DriverCommandExecutor.java:83)
	at org.openqa.selenium.remote.RemoteWebDriver.execute(RemoteWebDriver.java:552)
	at com.kms.katalon.selenium.driver.CChromeDriver.execute(CChromeDriver.java:19)
	at org.openqa.selenium.remote.RemoteWebDriver.executeScript(RemoteWebDriver.java:489)
	at org.openqa.selenium.support.events.EventFiringWebDriver.lambda$new$1(EventFiringWebDriver.java:105)
	at com.sun.proxy.$Proxy9.executeScript(Unknown Source)
	at org.openqa.selenium.support.events.EventFiringWebDriver.executeScript(EventFiringWebDriver.java:229)
	at com.kms.katalon.core.webui.keyword.builtin.ExecuteJavaScriptKeyword$_executeJavascript_closure1.doCall(ExecuteJavascriptKeyword.groovy:48)
	at com.kms.katalon.core.webui.keyword.builtin.ExecuteJavaScriptKeyword$_executeJavascript_closure1.call(ExecuteJavascriptKeyword.groovy)
	at com.kms.katalon.core.webui.keyword.internal.WebUIKeywordMain.runKeyword(WebUIKeywordMain.groovy:20)
	... 35 more
"/>
         <system-out><![CDATA[2020-03-11 09:29:07 - [TEST_CASE][FAILED] - Test Cases/Secuencias de Ejecucion/TC_Aprobar_Financiera: Test Cases/Secuencias de Ejecucion/TC_Aprobar_Financiera FAILED.
Reason:
com.kms.katalon.core.exception.StepFailedException: Call Test Case 'Test Cases/Individual_Tests/Aprobacion_Financiera' failed
	at com.kms.katalon.core.keyword.builtin.CallTestCaseKeyword$_callTestCase_closure1.doCall(CallTestCaseKeyword.groovy:63)
	at com.kms.katalon.core.keyword.builtin.CallTestCaseKeyword$_callTestCase_closure1.call(CallTestCaseKeyword.groovy)
	at com.kms.katalon.core.keyword.internal.KeywordMain.runKeyword(KeywordMain.groovy:68)
	at com.kms.katalon.core.keyword.builtin.CallTestCaseKeyword.callTestCase(CallTestCaseKeyword.groovy:81)
	at com.kms.katalon.core.keyword.builtin.CallTestCaseKeyword.execute(CallTestCaseKeyword.groovy:44)
	at com.kms.katalon.core.keyword.internal.KeywordExecutor.executeKeywordForPlatform(KeywordExecutor.groovy:72)
	at com.kms.katalon.core.keyword.BuiltinKeywords.callTestCase(BuiltinKeywords.groovy:334)
	at TC_Aprobar_Financiera.run(TC_Aprobar_Financiera:32)
	at com.kms.katalon.core.main.ScriptEngine.run(ScriptEngine.java:194)
	at com.kms.katalon.core.main.ScriptEngine.runScriptAsRawText(ScriptEngine.java:119)
	at com.kms.katalon.core.main.TestCaseExecutor.runScript(TestCaseExecutor.java:337)
	at com.kms.katalon.core.main.TestCaseExecutor.doExecute(TestCaseExecutor.java:328)
	at com.kms.katalon.core.main.TestCaseExecutor.processExecutionPhase(TestCaseExecutor.java:307)
	at com.kms.katalon.core.main.TestCaseExecutor.accessMainPhase(TestCaseExecutor.java:299)
	at com.kms.katalon.core.main.TestCaseExecutor.execute(TestCaseExecutor.java:233)
	at com.kms.katalon.core.main.TestSuiteExecutor.accessTestCaseMainPhase(TestSuiteExecutor.java:169)
	at com.kms.katalon.core.main.TestSuiteExecutor.accessTestSuiteMainPhase(TestSuiteExecutor.java:142)
	at com.kms.katalon.core.main.TestSuiteExecutor.execute(TestSuiteExecutor.java:91)
	at com.kms.katalon.core.main.TestCaseMain.startTestSuite(TestCaseMain.java:157)
	at com.kms.katalon.core.main.TestCaseMain$startTestSuite$0.call(Unknown Source)
	at TempTestSuite1583932579593.run(TempTestSuite1583932579593.groovy:36)
Caused by: com.kms.katalon.core.exception.StepFailedException: Unable to execute JavaScript.
	at com.kms.katalon.core.webui.keyword.internal.WebUIKeywordMain.stepFailed(WebUIKeywordMain.groovy:64)
	at com.kms.katalon.core.webui.keyword.internal.WebUIKeywordMain.runKeyword(WebUIKeywordMain.groovy:26)
	at com.kms.katalon.core.webui.keyword.builtin.ExecuteJavaScriptKeyword.executeJavascript(ExecuteJavascriptKeyword.groovy:42)
	at com.kms.katalon.core.webui.keyword.builtin.ExecuteJavaScriptKeyword.execute(ExecuteJavascriptKeyword.groovy:37)
	at com.kms.katalon.core.keyword.internal.KeywordExecutor.executeKeywordForPlatform(KeywordExecutor.groovy:72)
	at com.kms.katalon.core.webui.keyword.WebUiBuiltInKeywords.executeJavaScript(WebUiBuiltInKeywords.groovy:3787)
	at com.kms.katalon.core.webui.keyword.WebUiBuiltInKeywords$executeJavaScript$4.call(Unknown Source)
	at Aprobacion_Financiera.run(Aprobacion_Financiera:60)
	at com.kms.katalon.core.main.ScriptEngine.run(ScriptEngine.java:194)
	at com.kms.katalon.core.main.ScriptEngine.runScriptAsRawText(ScriptEngine.java:119)
	at com.kms.katalon.core.main.TestCaseExecutor.runScript(TestCaseExecutor.java:337)
	at com.kms.katalon.core.main.TestCaseExecutor.doExecute(TestCaseExecutor.java:328)
	at com.kms.katalon.core.main.TestCaseExecutor.processExecutionPhase(TestCaseExecutor.java:307)
	at com.kms.katalon.core.main.TestCaseExecutor.accessMainPhase(TestCaseExecutor.java:299)
	at com.kms.katalon.core.main.TestCaseExecutor.execute(TestCaseExecutor.java:233)
	at com.kms.katalon.core.main.TestCaseMain.runTestCase(TestCaseMain.java:114)
	at com.kms.katalon.core.keyword.builtin.CallTestCaseKeyword$_callTestCase_closure1.doCall(CallTestCaseKeyword.groovy:59)
	... 20 more
Caused by: org.openqa.selenium.JavascriptException: javascript error: Cannot read property 'click' of null
  (Session info: chrome=80.0.3987.132)
Build info: version: '3.141.59', revision: 'e82be7d358', time: '2018-11-14T08:25:53'
System info: host: 'LAPTOP-K43U1BVQ', ip: '192.168.99.1', os.name: 'Windows 10', os.arch: 'amd64', os.version: '10.0', java.version: '1.8.0_181'
Driver info: com.kms.katalon.selenium.driver.CChromeDriver
Capabilities {acceptInsecureCerts: false, browserName: chrome, browserVersion: 80.0.3987.132, chrome: {chromedriverVersion: 79.0.3945.36 (3582db32b3389..., userDataDir: C:\Users\kaizen\AppData\Loc...}, goog:chromeOptions: {debuggerAddress: localhost:14470}, javascriptEnabled: true, networkConnectionEnabled: false, pageLoadStrategy: normal, platform: WINDOWS, platformName: WINDOWS, proxy: Proxy(), setWindowRect: true, strictFileInteractability: false, timeouts: {implicit: 0, pageLoad: 300000, script: 30000}, unhandledPromptBehavior: dismiss and notify}
Session ID: f95a03ed2a1f6371d50b6403464112ae
	at org.openqa.selenium.remote.http.W3CHttpResponseCodec.createException(W3CHttpResponseCodec.java:187)
	at org.openqa.selenium.remote.http.W3CHttpResponseCodec.decode(W3CHttpResponseCodec.java:122)
	at org.openqa.selenium.remote.http.W3CHttpResponseCodec.decode(W3CHttpResponseCodec.java:49)
	at org.openqa.selenium.remote.HttpCommandExecutor.execute(HttpCommandExecutor.java:158)
	at org.openqa.selenium.remote.service.DriverCommandExecutor.execute(DriverCommandExecutor.java:83)
	at org.openqa.selenium.remote.RemoteWebDriver.execute(RemoteWebDriver.java:552)
	at com.kms.katalon.selenium.driver.CChromeDriver.execute(CChromeDriver.java:19)
	at org.openqa.selenium.remote.RemoteWebDriver.executeScript(RemoteWebDriver.java:489)
	at org.openqa.selenium.support.events.EventFiringWebDriver.lambda$new$1(EventFiringWebDriver.java:105)
	at com.sun.proxy.$Proxy9.executeScript(Unknown Source)
	at org.openqa.selenium.support.events.EventFiringWebDriver.executeScript(EventFiringWebDriver.java:229)
	at com.kms.katalon.core.webui.keyword.builtin.ExecuteJavaScriptKeyword$_executeJavascript_closure1.doCall(ExecuteJavascriptKeyword.groovy:48)
	at com.kms.katalon.core.webui.keyword.builtin.ExecuteJavaScriptKeyword$_executeJavascript_closure1.call(ExecuteJavascriptKeyword.groovy)
	at com.kms.katalon.core.webui.keyword.internal.WebUIKeywordMain.runKeyword(WebUIKeywordMain.groovy:20)
	... 35 more


2020-03-11 09:29:08 - [TEST_STEP][PASSED] - archivo = $RunConfiguration.getProjectDir()/Pedidos/DataExcel/AprobacionesPedidos.xlsx: null

2020-03-11 09:29:08 - [TEST_STEP][PASSED] - excelData = getExcelDataWithDefaultSheet(archivo, "Sheet1", true): null

2020-03-11 09:29:08 - [TEST_STEP][FAILED] - for ([Index = 1, Index <= excelData.getRowNumbers(), (Index++)]): Unable to call Test Case 'Test Cases/Individual_Tests/Aprobacion_Financiera' (Root cause: com.kms.katalon.core.exception.StepFailedException: Call Test Case 'Test Cases/Individual_Tests/Aprobacion_Financiera' failed
	at com.kms.katalon.core.keyword.builtin.CallTestCaseKeyword$_callTestCase_closure1.doCall(CallTestCaseKeyword.groovy:63)
	at com.kms.katalon.core.keyword.builtin.CallTestCaseKeyword$_callTestCase_closure1.call(CallTestCaseKeyword.groovy)
	at com.kms.katalon.core.keyword.internal.KeywordMain.runKeyword(KeywordMain.groovy:68)
	at com.kms.katalon.core.keyword.builtin.CallTestCaseKeyword.callTestCase(CallTestCaseKeyword.groovy:81)
	at com.kms.katalon.core.keyword.builtin.CallTestCaseKeyword.execute(CallTestCaseKeyword.groovy:44)
	at com.kms.katalon.core.keyword.internal.KeywordExecutor.executeKeywordForPlatform(KeywordExecutor.groovy:72)
	at com.kms.katalon.core.keyword.BuiltinKeywords.callTestCase(BuiltinKeywords.groovy:334)
	at TC_Aprobar_Financiera.run(TC_Aprobar_Financiera:32)
	at com.kms.katalon.core.main.ScriptEngine.run(ScriptEngine.java:194)
	at com.kms.katalon.core.main.ScriptEngine.runScriptAsRawText(ScriptEngine.java:119)
	at com.kms.katalon.core.main.TestCaseExecutor.runScript(TestCaseExecutor.java:337)
	at com.kms.katalon.core.main.TestCaseExecutor.doExecute(TestCaseExecutor.java:328)
	at com.kms.katalon.core.main.TestCaseExecutor.processExecutionPhase(TestCaseExecutor.java:307)
	at com.kms.katalon.core.main.TestCaseExecutor.accessMainPhase(TestCaseExecutor.java:299)
	at com.kms.katalon.core.main.TestCaseExecutor.execute(TestCaseExecutor.java:233)
	at com.kms.katalon.core.main.TestSuiteExecutor.accessTestCaseMainPhase(TestSuiteExecutor.java:169)
	at com.kms.katalon.core.main.TestSuiteExecutor.accessTestSuiteMainPhase(TestSuiteExecutor.java:142)
	at com.kms.katalon.core.main.TestSuiteExecutor.execute(TestSuiteExecutor.java:91)
	at com.kms.katalon.core.main.TestCaseMain.startTestSuite(TestCaseMain.java:157)
	at com.kms.katalon.core.main.TestCaseMain$startTestSuite$0.call(Unknown Source)
	at TempTestSuite1583932579593.run(TempTestSuite1583932579593.groovy:36)
Caused by: com.kms.katalon.core.exception.StepFailedException: Unable to execute JavaScript.
	at com.kms.katalon.core.webui.keyword.internal.WebUIKeywordMain.stepFailed(WebUIKeywordMain.groovy:64)
	at com.kms.katalon.core.webui.keyword.internal.WebUIKeywordMain.runKeyword(WebUIKeywordMain.groovy:26)
	at com.kms.katalon.core.webui.keyword.builtin.ExecuteJavaScriptKeyword.executeJavascript(ExecuteJavascriptKeyword.groovy:42)
	at com.kms.katalon.core.webui.keyword.builtin.ExecuteJavaScriptKeyword.execute(ExecuteJavascriptKeyword.groovy:37)
	at com.kms.katalon.core.keyword.internal.KeywordExecutor.executeKeywordForPlatform(KeywordExecutor.groovy:72)
	at com.kms.katalon.core.webui.keyword.WebUiBuiltInKeywords.executeJavaScript(WebUiBuiltInKeywords.groovy:3787)
	at com.kms.katalon.core.webui.keyword.WebUiBuiltInKeywords$executeJavaScript$4.call(Unknown Source)
	at Aprobacion_Financiera.run(Aprobacion_Financiera:60)
	at com.kms.katalon.core.main.ScriptEngine.run(ScriptEngine.java:194)
	at com.kms.katalon.core.main.ScriptEngine.runScriptAsRawText(ScriptEngine.java:119)
	at com.kms.katalon.core.main.TestCaseExecutor.runScript(TestCaseExecutor.java:337)
	at com.kms.katalon.core.main.TestCaseExecutor.doExecute(TestCaseExecutor.java:328)
	at com.kms.katalon.core.main.TestCaseExecutor.processExecutionPhase(TestCaseExecutor.java:307)
	at com.kms.katalon.core.main.TestCaseExecutor.accessMainPhase(TestCaseExecutor.java:299)
	at com.kms.katalon.core.main.TestCaseExecutor.execute(TestCaseExecutor.java:233)
	at com.kms.katalon.core.main.TestCaseMain.runTestCase(TestCaseMain.java:114)
	at com.kms.katalon.core.keyword.builtin.CallTestCaseKeyword$_callTestCase_closure1.doCall(CallTestCaseKeyword.groovy:59)
	... 20 more
Caused by: org.openqa.selenium.JavascriptException: javascript error: Cannot read property 'click' of null
  (Session info: chrome=80.0.3987.132)
Build info: version: '3.141.59', revision: 'e82be7d358', time: '2018-11-14T08:25:53'
System info: host: 'LAPTOP-K43U1BVQ', ip: '192.168.99.1', os.name: 'Windows 10', os.arch: 'amd64', os.version: '10.0', java.version: '1.8.0_181'
Driver info: com.kms.katalon.selenium.driver.CChromeDriver
Capabilities {acceptInsecureCerts: false, browserName: chrome, browserVersion: 80.0.3987.132, chrome: {chromedriverVersion: 79.0.3945.36 (3582db32b3389..., userDataDir: C:\Users\kaizen\AppData\Loc...}, goog:chromeOptions: {debuggerAddress: localhost:14470}, javascriptEnabled: true, networkConnectionEnabled: false, pageLoadStrategy: normal, platform: WINDOWS, platformName: WINDOWS, proxy: Proxy(), setWindowRect: true, strictFileInteractability: false, timeouts: {implicit: 0, pageLoad: 300000, script: 30000}, unhandledPromptBehavior: dismiss and notify}
Session ID: f95a03ed2a1f6371d50b6403464112ae
	at org.openqa.selenium.remote.http.W3CHttpResponseCodec.createException(W3CHttpResponseCodec.java:187)
	at org.openqa.selenium.remote.http.W3CHttpResponseCodec.decode(W3CHttpResponseCodec.java:122)
	at org.openqa.selenium.remote.http.W3CHttpResponseCodec.decode(W3CHttpResponseCodec.java:49)
	at org.openqa.selenium.remote.HttpCommandExecutor.execute(HttpCommandExecutor.java:158)
	at org.openqa.selenium.remote.service.DriverCommandExecutor.execute(DriverCommandExecutor.java:83)
	at org.openqa.selenium.remote.RemoteWebDriver.execute(RemoteWebDriver.java:552)
	at com.kms.katalon.selenium.driver.CChromeDriver.execute(CChromeDriver.java:19)
	at org.openqa.selenium.remote.RemoteWebDriver.executeScript(RemoteWebDriver.java:489)
	at org.openqa.selenium.support.events.EventFiringWebDriver.lambda$new$1(EventFiringWebDriver.java:105)
	at com.sun.proxy.$Proxy9.executeScript(Unknown Source)
	at org.openqa.selenium.support.events.EventFiringWebDriver.executeScript(EventFiringWebDriver.java:229)
	at com.kms.katalon.core.webui.keyword.builtin.ExecuteJavaScriptKeyword$_executeJavascript_closure1.doCall(ExecuteJavascriptKeyword.groovy:48)
	at com.kms.katalon.core.webui.keyword.builtin.ExecuteJavaScriptKeyword$_executeJavascript_closure1.call(ExecuteJavascriptKeyword.groovy)
	at com.kms.katalon.core.webui.keyword.internal.WebUIKeywordMain.runKeyword(WebUIKeywordMain.groovy:20)
	... 35 more
)

2020-03-11 09:29:08 - [TEST_STEP][PASSED] - callTestCase(findTestCase("Individual_Tests/Login"), ["Evento":"Aprobar", "Index":Index], STOP_ON_FAILURE): Call Test Case 'Test Cases/Individual_Tests/Login' successfully

2020-03-11 09:29:08 - [TEST_CASE][PASSED] - Test Cases/Individual_Tests/Login: Test Cases/Individual_Tests/Login

2020-03-11 09:29:08 - [TEST_STEP][PASSED] - print("Evento Seleccionado: " + Evento + "
"): null

2020-03-11 09:29:08 - [TEST_STEP][PASSED] - openBrowser(Web): Browser is opened with url: 'http://test.kaizendev.net/Login/Accesar?salir=true'

2020-03-11 09:29:08 - [MESSAGE][WARNING] - A browser is already opened. Closing browser and opening a new one

2020-03-11 09:29:09 - [MESSAGE][INFO] - Starting 'Chrome' driver

2020-03-11 09:29:30 - [MESSAGE][PASSED] - Browser is opened with url: 'http://test.kaizendev.net/Login/Accesar?salir=true'

2020-03-11 09:29:30 - [TEST_STEP][PASSED] - maximizeWindow(): Current window maximized

2020-03-11 09:29:31 - [MESSAGE][PASSED] - Current window maximized

2020-03-11 09:29:31 - [TEST_STEP][PASSED] - if (Evento == "Crear20"): null

2020-03-11 09:29:31 - [TEST_STEP][PASSED] - else if (Evento == "Crear40"): null

2020-03-11 09:29:31 - [TEST_STEP][PASSED] - else if (Evento == "Aprobar"): Object: 'Object Repository/Page_Iniciar Sesion - KAIZEN/is_btn_ingresar_sistema' is clicked on

2020-03-11 09:29:31 - [TEST_STEP][PASSED] - data2 = obtener_excels.obtener_aprobaciones.getValuesExcelAprob20(Index): obtener_excels.obtener_aprobaciones.getValuesExcelAprob20 is PASSED

2020-03-11 09:29:31 - [MESSAGE][PASSED] - obtener_excels.obtener_aprobaciones.getValuesExcelAprob20 is PASSED

2020-03-11 09:29:31 - [TEST_STEP][PASSED] - Usuario = data2[1]: null

2020-03-11 09:29:31 - [TEST_STEP][PASSED] - Contrasena = data2[2]: null

2020-03-11 09:29:31 - [TEST_STEP][PASSED] - setText(findTestObject("Page_Iniciar Sesion - KAIZEN/is_input_email"), Usuario): Text 'automated.test@grupokaizen.net' is set on object 'Object Repository/Page_Iniciar Sesion - KAIZEN/is_input_email'

2020-03-11 09:29:32 - [MESSAGE][PASSED] - Text 'automated.test@grupokaizen.net' is set on object 'Object Repository/Page_Iniciar Sesion - KAIZEN/is_input_email'

2020-03-11 09:29:32 - [TEST_STEP][PASSED] - setEncryptedText(findTestObject("Page_Iniciar Sesion - KAIZEN/IS_input_contrasena"), Contrasena): Text ****** has been set on object 'Object Repository/Page_Iniciar Sesion - KAIZEN/IS_input_contrasena'

2020-03-11 09:29:33 - [MESSAGE][PASSED] - Text ****** has been set on object 'Object Repository/Page_Iniciar Sesion - KAIZEN/IS_input_contrasena'

2020-03-11 09:29:33 - [TEST_STEP][PASSED] - click(findTestObject("Page_Iniciar Sesion - KAIZEN/is_btn_ingresar_sistema")): Object: 'Object Repository/Page_Iniciar Sesion - KAIZEN/is_btn_ingresar_sistema' is clicked on

2020-03-11 09:29:37 - [MESSAGE][PASSED] - Object: 'Object Repository/Page_Iniciar Sesion - KAIZEN/is_btn_ingresar_sistema' is clicked on

2020-03-11 09:29:37 - [MESSAGE][PASSED] - Call Test Case 'Test Cases/Individual_Tests/Login' successfully

2020-03-11 09:29:37 - [TEST_STEP][PASSED] - callTestCase(findTestCase("Individual_Tests/Seleccionar_Idioma"), ["Evento":"Aprobar", "Index":Index], STOP_ON_FAILURE): Call Test Case 'Test Cases/Individual_Tests/Seleccionar_Idioma' successfully

2020-03-11 09:29:37 - [TEST_CASE][PASSED] - Test Cases/Individual_Tests/Seleccionar_Idioma: Test Cases/Individual_Tests/Seleccionar_Idioma

2020-03-11 09:29:37 - [TEST_STEP][PASSED] - Idioma = 0: null

2020-03-11 09:29:37 - [TEST_STEP][PASSED] - if (Evento == "Crear20"): null

2020-03-11 09:29:37 - [TEST_STEP][PASSED] - else if (Evento == "Crear40"): null

2020-03-11 09:29:37 - [TEST_STEP][PASSED] - else if (Evento == "Aprobar"): null

2020-03-11 09:29:37 - [TEST_STEP][PASSED] - data2 = obtener_excels.obtener_aprobaciones.getValuesExcelAprob20(Index): obtener_excels.obtener_aprobaciones.getValuesExcelAprob20 is PASSED

2020-03-11 09:29:38 - [MESSAGE][PASSED] - obtener_excels.obtener_aprobaciones.getValuesExcelAprob20 is PASSED

2020-03-11 09:29:38 - [TEST_STEP][PASSED] - Idioma = data2[0]: null

2020-03-11 09:29:38 - [TEST_STEP][PASSED] - click(findTestObject("Page_- KAIZEN/si_btn_idioma")): Object: 'Object Repository/Page_- KAIZEN/si_btn_idioma' is clicked on

2020-03-11 09:29:38 - [MESSAGE][PASSED] - Object: 'Object Repository/Page_- KAIZEN/si_btn_idioma' is clicked on

2020-03-11 09:29:38 - [TEST_STEP][PASSED] - if (Idioma == "0"): null

2020-03-11 09:29:38 - [TEST_STEP][PASSED] - else: Object: 'Object Repository/Page_- KAIZEN/si_Spanish' is clicked on

2020-03-11 09:29:38 - [TEST_STEP][PASSED] - click(findTestObject("Page_- KAIZEN/si_Spanish")): Object: 'Object Repository/Page_- KAIZEN/si_Spanish' is clicked on

2020-03-11 09:29:43 - [MESSAGE][PASSED] - Object: 'Object Repository/Page_- KAIZEN/si_Spanish' is clicked on

2020-03-11 09:29:43 - [MESSAGE][PASSED] - Call Test Case 'Test Cases/Individual_Tests/Seleccionar_Idioma' successfully

2020-03-11 09:29:43 - [TEST_STEP][FAILED] - callTestCase(findTestCase("Individual_Tests/Aprobacion_Financiera"), ["Index":Index], STOP_ON_FAILURE): Unable to call Test Case 'Test Cases/Individual_Tests/Aprobacion_Financiera' (Root cause: com.kms.katalon.core.exception.StepFailedException: Call Test Case 'Test Cases/Individual_Tests/Aprobacion_Financiera' failed
	at com.kms.katalon.core.keyword.builtin.CallTestCaseKeyword$_callTestCase_closure1.doCall(CallTestCaseKeyword.groovy:63)
	at com.kms.katalon.core.keyword.builtin.CallTestCaseKeyword$_callTestCase_closure1.call(CallTestCaseKeyword.groovy)
	at com.kms.katalon.core.keyword.internal.KeywordMain.runKeyword(KeywordMain.groovy:68)
	at com.kms.katalon.core.keyword.builtin.CallTestCaseKeyword.callTestCase(CallTestCaseKeyword.groovy:81)
	at com.kms.katalon.core.keyword.builtin.CallTestCaseKeyword.execute(CallTestCaseKeyword.groovy:44)
	at com.kms.katalon.core.keyword.internal.KeywordExecutor.executeKeywordForPlatform(KeywordExecutor.groovy:72)
	at com.kms.katalon.core.keyword.BuiltinKeywords.callTestCase(BuiltinKeywords.groovy:334)
	at TC_Aprobar_Financiera.run(TC_Aprobar_Financiera:32)
	at com.kms.katalon.core.main.ScriptEngine.run(ScriptEngine.java:194)
	at com.kms.katalon.core.main.ScriptEngine.runScriptAsRawText(ScriptEngine.java:119)
	at com.kms.katalon.core.main.TestCaseExecutor.runScript(TestCaseExecutor.java:337)
	at com.kms.katalon.core.main.TestCaseExecutor.doExecute(TestCaseExecutor.java:328)
	at com.kms.katalon.core.main.TestCaseExecutor.processExecutionPhase(TestCaseExecutor.java:307)
	at com.kms.katalon.core.main.TestCaseExecutor.accessMainPhase(TestCaseExecutor.java:299)
	at com.kms.katalon.core.main.TestCaseExecutor.execute(TestCaseExecutor.java:233)
	at com.kms.katalon.core.main.TestSuiteExecutor.accessTestCaseMainPhase(TestSuiteExecutor.java:169)
	at com.kms.katalon.core.main.TestSuiteExecutor.accessTestSuiteMainPhase(TestSuiteExecutor.java:142)
	at com.kms.katalon.core.main.TestSuiteExecutor.execute(TestSuiteExecutor.java:91)
	at com.kms.katalon.core.main.TestCaseMain.startTestSuite(TestCaseMain.java:157)
	at com.kms.katalon.core.main.TestCaseMain$startTestSuite$0.call(Unknown Source)
	at TempTestSuite1583932579593.run(TempTestSuite1583932579593.groovy:36)
Caused by: com.kms.katalon.core.exception.StepFailedException: Unable to execute JavaScript.
	at com.kms.katalon.core.webui.keyword.internal.WebUIKeywordMain.stepFailed(WebUIKeywordMain.groovy:64)
	at com.kms.katalon.core.webui.keyword.internal.WebUIKeywordMain.runKeyword(WebUIKeywordMain.groovy:26)
	at com.kms.katalon.core.webui.keyword.builtin.ExecuteJavaScriptKeyword.executeJavascript(ExecuteJavascriptKeyword.groovy:42)
	at com.kms.katalon.core.webui.keyword.builtin.ExecuteJavaScriptKeyword.execute(ExecuteJavascriptKeyword.groovy:37)
	at com.kms.katalon.core.keyword.internal.KeywordExecutor.executeKeywordForPlatform(KeywordExecutor.groovy:72)
	at com.kms.katalon.core.webui.keyword.WebUiBuiltInKeywords.executeJavaScript(WebUiBuiltInKeywords.groovy:3787)
	at com.kms.katalon.core.webui.keyword.WebUiBuiltInKeywords$executeJavaScript$4.call(Unknown Source)
	at Aprobacion_Financiera.run(Aprobacion_Financiera:60)
	at com.kms.katalon.core.main.ScriptEngine.run(ScriptEngine.java:194)
	at com.kms.katalon.core.main.ScriptEngine.runScriptAsRawText(ScriptEngine.java:119)
	at com.kms.katalon.core.main.TestCaseExecutor.runScript(TestCaseExecutor.java:337)
	at com.kms.katalon.core.main.TestCaseExecutor.doExecute(TestCaseExecutor.java:328)
	at com.kms.katalon.core.main.TestCaseExecutor.processExecutionPhase(TestCaseExecutor.java:307)
	at com.kms.katalon.core.main.TestCaseExecutor.accessMainPhase(TestCaseExecutor.java:299)
	at com.kms.katalon.core.main.TestCaseExecutor.execute(TestCaseExecutor.java:233)
	at com.kms.katalon.core.main.TestCaseMain.runTestCase(TestCaseMain.java:114)
	at com.kms.katalon.core.keyword.builtin.CallTestCaseKeyword$_callTestCase_closure1.doCall(CallTestCaseKeyword.groovy:59)
	... 20 more
Caused by: org.openqa.selenium.JavascriptException: javascript error: Cannot read property 'click' of null
  (Session info: chrome=80.0.3987.132)
Build info: version: '3.141.59', revision: 'e82be7d358', time: '2018-11-14T08:25:53'
System info: host: 'LAPTOP-K43U1BVQ', ip: '192.168.99.1', os.name: 'Windows 10', os.arch: 'amd64', os.version: '10.0', java.version: '1.8.0_181'
Driver info: com.kms.katalon.selenium.driver.CChromeDriver
Capabilities {acceptInsecureCerts: false, browserName: chrome, browserVersion: 80.0.3987.132, chrome: {chromedriverVersion: 79.0.3945.36 (3582db32b3389..., userDataDir: C:\Users\kaizen\AppData\Loc...}, goog:chromeOptions: {debuggerAddress: localhost:14470}, javascriptEnabled: true, networkConnectionEnabled: false, pageLoadStrategy: normal, platform: WINDOWS, platformName: WINDOWS, proxy: Proxy(), setWindowRect: true, strictFileInteractability: false, timeouts: {implicit: 0, pageLoad: 300000, script: 30000}, unhandledPromptBehavior: dismiss and notify}
Session ID: f95a03ed2a1f6371d50b6403464112ae
	at org.openqa.selenium.remote.http.W3CHttpResponseCodec.createException(W3CHttpResponseCodec.java:187)
	at org.openqa.selenium.remote.http.W3CHttpResponseCodec.decode(W3CHttpResponseCodec.java:122)
	at org.openqa.selenium.remote.http.W3CHttpResponseCodec.decode(W3CHttpResponseCodec.java:49)
	at org.openqa.selenium.remote.HttpCommandExecutor.execute(HttpCommandExecutor.java:158)
	at org.openqa.selenium.remote.service.DriverCommandExecutor.execute(DriverCommandExecutor.java:83)
	at org.openqa.selenium.remote.RemoteWebDriver.execute(RemoteWebDriver.java:552)
	at com.kms.katalon.selenium.driver.CChromeDriver.execute(CChromeDriver.java:19)
	at org.openqa.selenium.remote.RemoteWebDriver.executeScript(RemoteWebDriver.java:489)
	at org.openqa.selenium.support.events.EventFiringWebDriver.lambda$new$1(EventFiringWebDriver.java:105)
	at com.sun.proxy.$Proxy9.executeScript(Unknown Source)
	at org.openqa.selenium.support.events.EventFiringWebDriver.executeScript(EventFiringWebDriver.java:229)
	at com.kms.katalon.core.webui.keyword.builtin.ExecuteJavaScriptKeyword$_executeJavascript_closure1.doCall(ExecuteJavascriptKeyword.groovy:48)
	at com.kms.katalon.core.webui.keyword.builtin.ExecuteJavaScriptKeyword$_executeJavascript_closure1.call(ExecuteJavascriptKeyword.groovy)
	at com.kms.katalon.core.webui.keyword.internal.WebUIKeywordMain.runKeyword(WebUIKeywordMain.groovy:20)
	... 35 more
)

2020-03-11 09:29:43 - [TEST_CASE][FAILED] - Test Cases/Individual_Tests/Aprobacion_Financiera: Test Cases/Individual_Tests/Aprobacion_Financiera FAILED.
Reason:
com.kms.katalon.core.exception.StepFailedException: Unable to execute JavaScript.
	at com.kms.katalon.core.webui.keyword.internal.WebUIKeywordMain.stepFailed(WebUIKeywordMain.groovy:64)
	at com.kms.katalon.core.webui.keyword.internal.WebUIKeywordMain.runKeyword(WebUIKeywordMain.groovy:26)
	at com.kms.katalon.core.webui.keyword.builtin.ExecuteJavaScriptKeyword.executeJavascript(ExecuteJavascriptKeyword.groovy:42)
	at com.kms.katalon.core.webui.keyword.builtin.ExecuteJavaScriptKeyword.execute(ExecuteJavascriptKeyword.groovy:37)
	at com.kms.katalon.core.keyword.internal.KeywordExecutor.executeKeywordForPlatform(KeywordExecutor.groovy:72)
	at com.kms.katalon.core.webui.keyword.WebUiBuiltInKeywords.executeJavaScript(WebUiBuiltInKeywords.groovy:3787)
	at com.kms.katalon.core.webui.keyword.WebUiBuiltInKeywords$executeJavaScript$4.call(Unknown Source)
	at Aprobacion_Financiera.run(Aprobacion_Financiera:60)
	at com.kms.katalon.core.main.ScriptEngine.run(ScriptEngine.java:194)
	at com.kms.katalon.core.main.ScriptEngine.runScriptAsRawText(ScriptEngine.java:119)
	at com.kms.katalon.core.main.TestCaseExecutor.runScript(TestCaseExecutor.java:337)
	at com.kms.katalon.core.main.TestCaseExecutor.doExecute(TestCaseExecutor.java:328)
	at com.kms.katalon.core.main.TestCaseExecutor.processExecutionPhase(TestCaseExecutor.java:307)
	at com.kms.katalon.core.main.TestCaseExecutor.accessMainPhase(TestCaseExecutor.java:299)
	at com.kms.katalon.core.main.TestCaseExecutor.execute(TestCaseExecutor.java:233)
	at com.kms.katalon.core.main.TestCaseMain.runTestCase(TestCaseMain.java:114)
	at com.kms.katalon.core.keyword.builtin.CallTestCaseKeyword$_callTestCase_closure1.doCall(CallTestCaseKeyword.groovy:59)
	at com.kms.katalon.core.keyword.builtin.CallTestCaseKeyword$_callTestCase_closure1.call(CallTestCaseKeyword.groovy)
	at com.kms.katalon.core.keyword.internal.KeywordMain.runKeyword(KeywordMain.groovy:68)
	at com.kms.katalon.core.keyword.builtin.CallTestCaseKeyword.callTestCase(CallTestCaseKeyword.groovy:81)
	at com.kms.katalon.core.keyword.builtin.CallTestCaseKeyword.execute(CallTestCaseKeyword.groovy:44)
	at com.kms.katalon.core.keyword.internal.KeywordExecutor.executeKeywordForPlatform(KeywordExecutor.groovy:72)
	at com.kms.katalon.core.keyword.BuiltinKeywords.callTestCase(BuiltinKeywords.groovy:334)
	at TC_Aprobar_Financiera.run(TC_Aprobar_Financiera:32)
	at com.kms.katalon.core.main.ScriptEngine.run(ScriptEngine.java:194)
	at com.kms.katalon.core.main.ScriptEngine.runScriptAsRawText(ScriptEngine.java:119)
	at com.kms.katalon.core.main.TestCaseExecutor.runScript(TestCaseExecutor.java:337)
	at com.kms.katalon.core.main.TestCaseExecutor.doExecute(TestCaseExecutor.java:328)
	at com.kms.katalon.core.main.TestCaseExecutor.processExecutionPhase(TestCaseExecutor.java:307)
	at com.kms.katalon.core.main.TestCaseExecutor.accessMainPhase(TestCaseExecutor.java:299)
	at com.kms.katalon.core.main.TestCaseExecutor.execute(TestCaseExecutor.java:233)
	at com.kms.katalon.core.main.TestSuiteExecutor.accessTestCaseMainPhase(TestSuiteExecutor.java:169)
	at com.kms.katalon.core.main.TestSuiteExecutor.accessTestSuiteMainPhase(TestSuiteExecutor.java:142)
	at com.kms.katalon.core.main.TestSuiteExecutor.execute(TestSuiteExecutor.java:91)
	at com.kms.katalon.core.main.TestCaseMain.startTestSuite(TestCaseMain.java:157)
	at com.kms.katalon.core.main.TestCaseMain$startTestSuite$0.call(Unknown Source)
	at TempTestSuite1583932579593.run(TempTestSuite1583932579593.groovy:36)
Caused by: org.openqa.selenium.JavascriptException: javascript error: Cannot read property 'click' of null
  (Session info: chrome=80.0.3987.132)
Build info: version: '3.141.59', revision: 'e82be7d358', time: '2018-11-14T08:25:53'
System info: host: 'LAPTOP-K43U1BVQ', ip: '192.168.99.1', os.name: 'Windows 10', os.arch: 'amd64', os.version: '10.0', java.version: '1.8.0_181'
Driver info: com.kms.katalon.selenium.driver.CChromeDriver
Capabilities {acceptInsecureCerts: false, browserName: chrome, browserVersion: 80.0.3987.132, chrome: {chromedriverVersion: 79.0.3945.36 (3582db32b3389..., userDataDir: C:\Users\kaizen\AppData\Loc...}, goog:chromeOptions: {debuggerAddress: localhost:14470}, javascriptEnabled: true, networkConnectionEnabled: false, pageLoadStrategy: normal, platform: WINDOWS, platformName: WINDOWS, proxy: Proxy(), setWindowRect: true, strictFileInteractability: false, timeouts: {implicit: 0, pageLoad: 300000, script: 30000}, unhandledPromptBehavior: dismiss and notify}
Session ID: f95a03ed2a1f6371d50b6403464112ae
	at org.openqa.selenium.remote.http.W3CHttpResponseCodec.createException(W3CHttpResponseCodec.java:187)
	at org.openqa.selenium.remote.http.W3CHttpResponseCodec.decode(W3CHttpResponseCodec.java:122)
	at org.openqa.selenium.remote.http.W3CHttpResponseCodec.decode(W3CHttpResponseCodec.java:49)
	at org.openqa.selenium.remote.HttpCommandExecutor.execute(HttpCommandExecutor.java:158)
	at org.openqa.selenium.remote.service.DriverCommandExecutor.execute(DriverCommandExecutor.java:83)
	at org.openqa.selenium.remote.RemoteWebDriver.execute(RemoteWebDriver.java:552)
	at com.kms.katalon.selenium.driver.CChromeDriver.execute(CChromeDriver.java:19)
	at org.openqa.selenium.remote.RemoteWebDriver.executeScript(RemoteWebDriver.java:489)
	at org.openqa.selenium.support.events.EventFiringWebDriver.lambda$new$1(EventFiringWebDriver.java:105)
	at com.sun.proxy.$Proxy9.executeScript(Unknown Source)
	at org.openqa.selenium.support.events.EventFiringWebDriver.executeScript(EventFiringWebDriver.java:229)
	at com.kms.katalon.core.webui.keyword.builtin.ExecuteJavaScriptKeyword$_executeJavascript_closure1.doCall(ExecuteJavascriptKeyword.groovy:48)
	at com.kms.katalon.core.webui.keyword.builtin.ExecuteJavaScriptKeyword$_executeJavascript_closure1.call(ExecuteJavascriptKeyword.groovy)
	at com.kms.katalon.core.webui.keyword.internal.WebUIKeywordMain.runKeyword(WebUIKeywordMain.groovy:20)
	... 35 more


2020-03-11 09:29:44 - [TEST_STEP][PASSED] - data = obtener_excels.obtener_aprobaciones.getValuesExcelAprob20(Index): obtener_excels.obtener_aprobaciones.getValuesExcelAprob20 is PASSED

2020-03-11 09:29:44 - [MESSAGE][PASSED] - obtener_excels.obtener_aprobaciones.getValuesExcelAprob20 is PASSED

2020-03-11 09:29:44 - [TEST_STEP][PASSED] - IdPedido = data[3]: null

2020-03-11 09:29:44 - [TEST_STEP][PASSED] - Id_Cliente = data[4]: null

2020-03-11 09:29:44 - [TEST_STEP][PASSED] - AprobFinanciera = data[6]: null

2020-03-11 09:29:44 - [TEST_STEP][PASSED] - IDPedido = IdPedido: null

2020-03-11 09:29:44 - [TEST_STEP][PASSED] - IDCliente = Id_Cliente: null

2020-03-11 09:29:44 - [TEST_STEP][PASSED] - AprobacionFinanciera = AprobFinanciera: null

2020-03-11 09:29:44 - [TEST_STEP][PASSED] - click(findTestObject("Object Repository/Page_- KAIZEN/af_btn_Crdito y Cobranza")): Object: 'Object Repository/Page_- KAIZEN/af_btn_Crdito y Cobranza' is clicked on

2020-03-11 09:29:45 - [MESSAGE][PASSED] - Object: 'Object Repository/Page_- KAIZEN/af_btn_Crdito y Cobranza' is clicked on

2020-03-11 09:29:45 - [TEST_STEP][PASSED] - click(findTestObject("Object Repository/Page_- KAIZEN/af_btn_Aprobacin Financiera")): Object: 'Object Repository/Page_- KAIZEN/af_btn_Aprobacin Financiera' is clicked on

2020-03-11 09:29:54 - [MESSAGE][PASSED] - Object: 'Object Repository/Page_- KAIZEN/af_btn_Aprobacin Financiera' is clicked on

2020-03-11 09:29:54 - [TEST_STEP][PASSED] - click(findTestObject("Page_Aprobacion Financiera - KAIZEN/af_click_Aprobacin Financiera")): Object: 'Object Repository/Page_Aprobacion Financiera - KAIZEN/af_click_Aprobacin Financiera' is clicked on

2020-03-11 09:29:55 - [MESSAGE][PASSED] - Object: 'Object Repository/Page_Aprobacion Financiera - KAIZEN/af_click_Aprobacin Financiera' is clicked on

2020-03-11 09:29:55 - [TEST_STEP][PASSED] - click(findTestObject("Page_Aprobacion Financiera - KAIZEN/af_btn_seleccione_cliente")): Object: 'Object Repository/Page_Aprobacion Financiera - KAIZEN/af_btn_seleccione_cliente' is clicked on

2020-03-11 09:29:56 - [MESSAGE][PASSED] - Object: 'Object Repository/Page_Aprobacion Financiera - KAIZEN/af_btn_seleccione_cliente' is clicked on

2020-03-11 09:29:56 - [TEST_STEP][PASSED] - click(findTestObject("Page_Aprobacion Financiera - KAIZEN/af_click_seleccione_cliente")): Object: 'Object Repository/Page_Aprobacion Financiera - KAIZEN/af_click_seleccione_cliente' is clicked on

2020-03-11 09:29:56 - [MESSAGE][PASSED] - Object: 'Object Repository/Page_Aprobacion Financiera - KAIZEN/af_click_seleccione_cliente' is clicked on

2020-03-11 09:29:56 - [TEST_STEP][PASSED] - selectOptionByValue(findTestObject("Page_Aprobacion Financiera - KAIZEN/af_assing_seleccione_cliente"), IDCliente, true): All options with value '3' are selected in object 'Object Repository/Page_Aprobacion Financiera - KAIZEN/af_assing_seleccione_cliente'  using regular expression

2020-03-11 09:29:58 - [MESSAGE][PASSED] - All options with value '3' are selected in object 'Object Repository/Page_Aprobacion Financiera - KAIZEN/af_assing_seleccione_cliente'  using regular expression

2020-03-11 09:29:58 - [TEST_STEP][PASSED] - click(findTestObject("Page_Aprobacion Financiera - KAIZEN/af_btn_Buscar")): Object: 'Object Repository/Page_Aprobacion Financiera - KAIZEN/af_btn_Buscar' is clicked on

2020-03-11 09:30:05 - [MESSAGE][PASSED] - Object: 'Object Repository/Page_Aprobacion Financiera - KAIZEN/af_btn_Buscar' is clicked on

2020-03-11 09:30:05 - [TEST_STEP][PASSED] - delay(5): Delayed 5 second(s)

2020-03-11 09:30:10 - [MESSAGE][PASSED] - Delayed 5 second(s)

2020-03-11 09:30:10 - [TEST_STEP][PASSED] - if (AprobacionFinanciera == "Aprobar"): null

2020-03-11 09:30:10 - [TEST_STEP][FAILED] - else: Unable to execute JavaScript. (Root cause: com.kms.katalon.core.exception.StepFailedException: Unable to execute JavaScript.
	at com.kms.katalon.core.webui.keyword.internal.WebUIKeywordMain.stepFailed(WebUIKeywordMain.groovy:64)
	at com.kms.katalon.core.webui.keyword.internal.WebUIKeywordMain.runKeyword(WebUIKeywordMain.groovy:26)
	at com.kms.katalon.core.webui.keyword.builtin.ExecuteJavaScriptKeyword.executeJavascript(ExecuteJavascriptKeyword.groovy:42)
	at com.kms.katalon.core.webui.keyword.builtin.ExecuteJavaScriptKeyword.execute(ExecuteJavascriptKeyword.groovy:37)
	at com.kms.katalon.core.keyword.internal.KeywordExecutor.executeKeywordForPlatform(KeywordExecutor.groovy:72)
	at com.kms.katalon.core.webui.keyword.WebUiBuiltInKeywords.executeJavaScript(WebUiBuiltInKeywords.groovy:3787)
	at com.kms.katalon.core.webui.keyword.WebUiBuiltInKeywords$executeJavaScript$4.call(Unknown Source)
	at Aprobacion_Financiera.run(Aprobacion_Financiera:60)
	at com.kms.katalon.core.main.ScriptEngine.run(ScriptEngine.java:194)
	at com.kms.katalon.core.main.ScriptEngine.runScriptAsRawText(ScriptEngine.java:119)
	at com.kms.katalon.core.main.TestCaseExecutor.runScript(TestCaseExecutor.java:337)
	at com.kms.katalon.core.main.TestCaseExecutor.doExecute(TestCaseExecutor.java:328)
	at com.kms.katalon.core.main.TestCaseExecutor.processExecutionPhase(TestCaseExecutor.java:307)
	at com.kms.katalon.core.main.TestCaseExecutor.accessMainPhase(TestCaseExecutor.java:299)
	at com.kms.katalon.core.main.TestCaseExecutor.execute(TestCaseExecutor.java:233)
	at com.kms.katalon.core.main.TestCaseMain.runTestCase(TestCaseMain.java:114)
	at com.kms.katalon.core.keyword.builtin.CallTestCaseKeyword$_callTestCase_closure1.doCall(CallTestCaseKeyword.groovy:59)
	at com.kms.katalon.core.keyword.builtin.CallTestCaseKeyword$_callTestCase_closure1.call(CallTestCaseKeyword.groovy)
	at com.kms.katalon.core.keyword.internal.KeywordMain.runKeyword(KeywordMain.groovy:68)
	at com.kms.katalon.core.keyword.builtin.CallTestCaseKeyword.callTestCase(CallTestCaseKeyword.groovy:81)
	at com.kms.katalon.core.keyword.builtin.CallTestCaseKeyword.execute(CallTestCaseKeyword.groovy:44)
	at com.kms.katalon.core.keyword.internal.KeywordExecutor.executeKeywordForPlatform(KeywordExecutor.groovy:72)
	at com.kms.katalon.core.keyword.BuiltinKeywords.callTestCase(BuiltinKeywords.groovy:334)
	at TC_Aprobar_Financiera.run(TC_Aprobar_Financiera:32)
	at com.kms.katalon.core.main.ScriptEngine.run(ScriptEngine.java:194)
	at com.kms.katalon.core.main.ScriptEngine.runScriptAsRawText(ScriptEngine.java:119)
	at com.kms.katalon.core.main.TestCaseExecutor.runScript(TestCaseExecutor.java:337)
	at com.kms.katalon.core.main.TestCaseExecutor.doExecute(TestCaseExecutor.java:328)
	at com.kms.katalon.core.main.TestCaseExecutor.processExecutionPhase(TestCaseExecutor.java:307)
	at com.kms.katalon.core.main.TestCaseExecutor.accessMainPhase(TestCaseExecutor.java:299)
	at com.kms.katalon.core.main.TestCaseExecutor.execute(TestCaseExecutor.java:233)
	at com.kms.katalon.core.main.TestSuiteExecutor.accessTestCaseMainPhase(TestSuiteExecutor.java:169)
	at com.kms.katalon.core.main.TestSuiteExecutor.accessTestSuiteMainPhase(TestSuiteExecutor.java:142)
	at com.kms.katalon.core.main.TestSuiteExecutor.execute(TestSuiteExecutor.java:91)
	at com.kms.katalon.core.main.TestCaseMain.startTestSuite(TestCaseMain.java:157)
	at com.kms.katalon.core.main.TestCaseMain$startTestSuite$0.call(Unknown Source)
	at TempTestSuite1583932579593.run(TempTestSuite1583932579593.groovy:36)
Caused by: org.openqa.selenium.JavascriptException: javascript error: Cannot read property 'click' of null
  (Session info: chrome=80.0.3987.132)
Build info: version: '3.141.59', revision: 'e82be7d358', time: '2018-11-14T08:25:53'
System info: host: 'LAPTOP-K43U1BVQ', ip: '192.168.99.1', os.name: 'Windows 10', os.arch: 'amd64', os.version: '10.0', java.version: '1.8.0_181'
Driver info: com.kms.katalon.selenium.driver.CChromeDriver
Capabilities {acceptInsecureCerts: false, browserName: chrome, browserVersion: 80.0.3987.132, chrome: {chromedriverVersion: 79.0.3945.36 (3582db32b3389..., userDataDir: C:\Users\kaizen\AppData\Loc...}, goog:chromeOptions: {debuggerAddress: localhost:14470}, javascriptEnabled: true, networkConnectionEnabled: false, pageLoadStrategy: normal, platform: WINDOWS, platformName: WINDOWS, proxy: Proxy(), setWindowRect: true, strictFileInteractability: false, timeouts: {implicit: 0, pageLoad: 300000, script: 30000}, unhandledPromptBehavior: dismiss and notify}
Session ID: f95a03ed2a1f6371d50b6403464112ae
	at org.openqa.selenium.remote.http.W3CHttpResponseCodec.createException(W3CHttpResponseCodec.java:187)
	at org.openqa.selenium.remote.http.W3CHttpResponseCodec.decode(W3CHttpResponseCodec.java:122)
	at org.openqa.selenium.remote.http.W3CHttpResponseCodec.decode(W3CHttpResponseCodec.java:49)
	at org.openqa.selenium.remote.HttpCommandExecutor.execute(HttpCommandExecutor.java:158)
	at org.openqa.selenium.remote.service.DriverCommandExecutor.execute(DriverCommandExecutor.java:83)
	at org.openqa.selenium.remote.RemoteWebDriver.execute(RemoteWebDriver.java:552)
	at com.kms.katalon.selenium.driver.CChromeDriver.execute(CChromeDriver.java:19)
	at org.openqa.selenium.remote.RemoteWebDriver.executeScript(RemoteWebDriver.java:489)
	at org.openqa.selenium.support.events.EventFiringWebDriver.lambda$new$1(EventFiringWebDriver.java:105)
	at com.sun.proxy.$Proxy9.executeScript(Unknown Source)
	at org.openqa.selenium.support.events.EventFiringWebDriver.executeScript(EventFiringWebDriver.java:229)
	at com.kms.katalon.core.webui.keyword.builtin.ExecuteJavaScriptKeyword$_executeJavascript_closure1.doCall(ExecuteJavascriptKeyword.groovy:48)
	at com.kms.katalon.core.webui.keyword.builtin.ExecuteJavaScriptKeyword$_executeJavascript_closure1.call(ExecuteJavascriptKeyword.groovy)
	at com.kms.katalon.core.webui.keyword.internal.WebUIKeywordMain.runKeyword(WebUIKeywordMain.groovy:20)
	at com.kms.katalon.core.webui.keyword.builtin.ExecuteJavaScriptKeyword.executeJavascript(ExecuteJavascriptKeyword.groovy:42)
	at com.kms.katalon.core.webui.keyword.builtin.ExecuteJavaScriptKeyword.execute(ExecuteJavascriptKeyword.groovy:37)
	at com.kms.katalon.core.keyword.internal.KeywordExecutor.executeKeywordForPlatform(KeywordExecutor.groovy:72)
	at com.kms.katalon.core.webui.keyword.WebUiBuiltInKeywords.executeJavaScript(WebUiBuiltInKeywords.groovy:3787)
	at com.kms.katalon.core.webui.keyword.WebUiBuiltInKeywords$executeJavaScript$4.call(Unknown Source)
	at Script1582302053470.run(Script1582302053470.groovy:60)
	at com.kms.katalon.core.main.ScriptEngine.run(ScriptEngine.java:194)
	at com.kms.katalon.core.main.ScriptEngine.runScriptAsRawText(ScriptEngine.java:119)
	at com.kms.katalon.core.main.TestCaseExecutor.runScript(TestCaseExecutor.java:337)
	at com.kms.katalon.core.main.TestCaseExecutor.doExecute(TestCaseExecutor.java:328)
	at com.kms.katalon.core.main.TestCaseExecutor.processExecutionPhase(TestCaseExecutor.java:307)
	at com.kms.katalon.core.main.TestCaseExecutor.accessMainPhase(TestCaseExecutor.java:299)
	at com.kms.katalon.core.main.TestCaseExecutor.execute(TestCaseExecutor.java:233)
	at com.kms.katalon.core.main.TestCaseMain.runTestCase(TestCaseMain.java:114)
	at com.kms.katalon.core.keyword.builtin.CallTestCaseKeyword$_callTestCase_closure1.doCall(CallTestCaseKeyword.groovy:59)
	at com.kms.katalon.core.keyword.builtin.CallTestCaseKeyword$_callTestCase_closure1.call(CallTestCaseKeyword.groovy)
	at com.kms.katalon.core.keyword.internal.KeywordMain.runKeyword(KeywordMain.groovy:68)
	at com.kms.katalon.core.keyword.builtin.CallTestCaseKeyword.callTestCase(CallTestCaseKeyword.groovy:81)
	at com.kms.katalon.core.keyword.builtin.CallTestCaseKeyword.execute(CallTestCaseKeyword.groovy:44)
	at com.kms.katalon.core.keyword.internal.KeywordExecutor.executeKeywordForPlatform(KeywordExecutor.groovy:72)
	at com.kms.katalon.core.keyword.BuiltinKeywords.callTestCase(BuiltinKeywords.groovy:334)
	at Script1581961220348.run(Script1581961220348.groovy:32)
	... 13 more
)

2020-03-11 09:30:10 - [TEST_STEP][FAILED] - executeJavaScript("document.querySelector(".btn-danger[onclick='AplazarPedido(" + IDPedido + ");']").click()", null): Unable to execute JavaScript. (Root cause: com.kms.katalon.core.exception.StepFailedException: Unable to execute JavaScript.
	at com.kms.katalon.core.webui.keyword.internal.WebUIKeywordMain.stepFailed(WebUIKeywordMain.groovy:64)
	at com.kms.katalon.core.webui.keyword.internal.WebUIKeywordMain.runKeyword(WebUIKeywordMain.groovy:26)
	at com.kms.katalon.core.webui.keyword.builtin.ExecuteJavaScriptKeyword.executeJavascript(ExecuteJavascriptKeyword.groovy:42)
	at com.kms.katalon.core.webui.keyword.builtin.ExecuteJavaScriptKeyword.execute(ExecuteJavascriptKeyword.groovy:37)
	at com.kms.katalon.core.keyword.internal.KeywordExecutor.executeKeywordForPlatform(KeywordExecutor.groovy:72)
	at com.kms.katalon.core.webui.keyword.WebUiBuiltInKeywords.executeJavaScript(WebUiBuiltInKeywords.groovy:3787)
	at com.kms.katalon.core.webui.keyword.WebUiBuiltInKeywords$executeJavaScript$4.call(Unknown Source)
	at Aprobacion_Financiera.run(Aprobacion_Financiera:60)
	at com.kms.katalon.core.main.ScriptEngine.run(ScriptEngine.java:194)
	at com.kms.katalon.core.main.ScriptEngine.runScriptAsRawText(ScriptEngine.java:119)
	at com.kms.katalon.core.main.TestCaseExecutor.runScript(TestCaseExecutor.java:337)
	at com.kms.katalon.core.main.TestCaseExecutor.doExecute(TestCaseExecutor.java:328)
	at com.kms.katalon.core.main.TestCaseExecutor.processExecutionPhase(TestCaseExecutor.java:307)
	at com.kms.katalon.core.main.TestCaseExecutor.accessMainPhase(TestCaseExecutor.java:299)
	at com.kms.katalon.core.main.TestCaseExecutor.execute(TestCaseExecutor.java:233)
	at com.kms.katalon.core.main.TestCaseMain.runTestCase(TestCaseMain.java:114)
	at com.kms.katalon.core.keyword.builtin.CallTestCaseKeyword$_callTestCase_closure1.doCall(CallTestCaseKeyword.groovy:59)
	at com.kms.katalon.core.keyword.builtin.CallTestCaseKeyword$_callTestCase_closure1.call(CallTestCaseKeyword.groovy)
	at com.kms.katalon.core.keyword.internal.KeywordMain.runKeyword(KeywordMain.groovy:68)
	at com.kms.katalon.core.keyword.builtin.CallTestCaseKeyword.callTestCase(CallTestCaseKeyword.groovy:81)
	at com.kms.katalon.core.keyword.builtin.CallTestCaseKeyword.execute(CallTestCaseKeyword.groovy:44)
	at com.kms.katalon.core.keyword.internal.KeywordExecutor.executeKeywordForPlatform(KeywordExecutor.groovy:72)
	at com.kms.katalon.core.keyword.BuiltinKeywords.callTestCase(BuiltinKeywords.groovy:334)
	at TC_Aprobar_Financiera.run(TC_Aprobar_Financiera:32)
	at com.kms.katalon.core.main.ScriptEngine.run(ScriptEngine.java:194)
	at com.kms.katalon.core.main.ScriptEngine.runScriptAsRawText(ScriptEngine.java:119)
	at com.kms.katalon.core.main.TestCaseExecutor.runScript(TestCaseExecutor.java:337)
	at com.kms.katalon.core.main.TestCaseExecutor.doExecute(TestCaseExecutor.java:328)
	at com.kms.katalon.core.main.TestCaseExecutor.processExecutionPhase(TestCaseExecutor.java:307)
	at com.kms.katalon.core.main.TestCaseExecutor.accessMainPhase(TestCaseExecutor.java:299)
	at com.kms.katalon.core.main.TestCaseExecutor.execute(TestCaseExecutor.java:233)
	at com.kms.katalon.core.main.TestSuiteExecutor.accessTestCaseMainPhase(TestSuiteExecutor.java:169)
	at com.kms.katalon.core.main.TestSuiteExecutor.accessTestSuiteMainPhase(TestSuiteExecutor.java:142)
	at com.kms.katalon.core.main.TestSuiteExecutor.execute(TestSuiteExecutor.java:91)
	at com.kms.katalon.core.main.TestCaseMain.startTestSuite(TestCaseMain.java:157)
	at com.kms.katalon.core.main.TestCaseMain$startTestSuite$0.call(Unknown Source)
	at TempTestSuite1583932579593.run(TempTestSuite1583932579593.groovy:36)
Caused by: org.openqa.selenium.JavascriptException: javascript error: Cannot read property 'click' of null
  (Session info: chrome=80.0.3987.132)
Build info: version: '3.141.59', revision: 'e82be7d358', time: '2018-11-14T08:25:53'
System info: host: 'LAPTOP-K43U1BVQ', ip: '192.168.99.1', os.name: 'Windows 10', os.arch: 'amd64', os.version: '10.0', java.version: '1.8.0_181'
Driver info: com.kms.katalon.selenium.driver.CChromeDriver
Capabilities {acceptInsecureCerts: false, browserName: chrome, browserVersion: 80.0.3987.132, chrome: {chromedriverVersion: 79.0.3945.36 (3582db32b3389..., userDataDir: C:\Users\kaizen\AppData\Loc...}, goog:chromeOptions: {debuggerAddress: localhost:14470}, javascriptEnabled: true, networkConnectionEnabled: false, pageLoadStrategy: normal, platform: WINDOWS, platformName: WINDOWS, proxy: Proxy(), setWindowRect: true, strictFileInteractability: false, timeouts: {implicit: 0, pageLoad: 300000, script: 30000}, unhandledPromptBehavior: dismiss and notify}
Session ID: f95a03ed2a1f6371d50b6403464112ae
	at org.openqa.selenium.remote.http.W3CHttpResponseCodec.createException(W3CHttpResponseCodec.java:187)
	at org.openqa.selenium.remote.http.W3CHttpResponseCodec.decode(W3CHttpResponseCodec.java:122)
	at org.openqa.selenium.remote.http.W3CHttpResponseCodec.decode(W3CHttpResponseCodec.java:49)
	at org.openqa.selenium.remote.HttpCommandExecutor.execute(HttpCommandExecutor.java:158)
	at org.openqa.selenium.remote.service.DriverCommandExecutor.execute(DriverCommandExecutor.java:83)
	at org.openqa.selenium.remote.RemoteWebDriver.execute(RemoteWebDriver.java:552)
	at com.kms.katalon.selenium.driver.CChromeDriver.execute(CChromeDriver.java:19)
	at org.openqa.selenium.remote.RemoteWebDriver.executeScript(RemoteWebDriver.java:489)
	at org.openqa.selenium.support.events.EventFiringWebDriver.lambda$new$1(EventFiringWebDriver.java:105)
	at com.sun.proxy.$Proxy9.executeScript(Unknown Source)
	at org.openqa.selenium.support.events.EventFiringWebDriver.executeScript(EventFiringWebDriver.java:229)
	at com.kms.katalon.core.webui.keyword.builtin.ExecuteJavaScriptKeyword$_executeJavascript_closure1.doCall(ExecuteJavascriptKeyword.groovy:48)
	at com.kms.katalon.core.webui.keyword.builtin.ExecuteJavaScriptKeyword$_executeJavascript_closure1.call(ExecuteJavascriptKeyword.groovy)
	at com.kms.katalon.core.webui.keyword.internal.WebUIKeywordMain.runKeyword(WebUIKeywordMain.groovy:20)
	at com.kms.katalon.core.webui.keyword.builtin.ExecuteJavaScriptKeyword.executeJavascript(ExecuteJavascriptKeyword.groovy:42)
	at com.kms.katalon.core.webui.keyword.builtin.ExecuteJavaScriptKeyword.execute(ExecuteJavascriptKeyword.groovy:37)
	at com.kms.katalon.core.keyword.internal.KeywordExecutor.executeKeywordForPlatform(KeywordExecutor.groovy:72)
	at com.kms.katalon.core.webui.keyword.WebUiBuiltInKeywords.executeJavaScript(WebUiBuiltInKeywords.groovy:3787)
	at com.kms.katalon.core.webui.keyword.WebUiBuiltInKeywords$executeJavaScript$4.call(Unknown Source)
	at Script1582302053470.run(Script1582302053470.groovy:60)
	at com.kms.katalon.core.main.ScriptEngine.run(ScriptEngine.java:194)
	at com.kms.katalon.core.main.ScriptEngine.runScriptAsRawText(ScriptEngine.java:119)
	at com.kms.katalon.core.main.TestCaseExecutor.runScript(TestCaseExecutor.java:337)
	at com.kms.katalon.core.main.TestCaseExecutor.doExecute(TestCaseExecutor.java:328)
	at com.kms.katalon.core.main.TestCaseExecutor.processExecutionPhase(TestCaseExecutor.java:307)
	at com.kms.katalon.core.main.TestCaseExecutor.accessMainPhase(TestCaseExecutor.java:299)
	at com.kms.katalon.core.main.TestCaseExecutor.execute(TestCaseExecutor.java:233)
	at com.kms.katalon.core.main.TestCaseMain.runTestCase(TestCaseMain.java:114)
	at com.kms.katalon.core.keyword.builtin.CallTestCaseKeyword$_callTestCase_closure1.doCall(CallTestCaseKeyword.groovy:59)
	at com.kms.katalon.core.keyword.builtin.CallTestCaseKeyword$_callTestCase_closure1.call(CallTestCaseKeyword.groovy)
	at com.kms.katalon.core.keyword.internal.KeywordMain.runKeyword(KeywordMain.groovy:68)
	at com.kms.katalon.core.keyword.builtin.CallTestCaseKeyword.callTestCase(CallTestCaseKeyword.groovy:81)
	at com.kms.katalon.core.keyword.builtin.CallTestCaseKeyword.execute(CallTestCaseKeyword.groovy:44)
	at com.kms.katalon.core.keyword.internal.KeywordExecutor.executeKeywordForPlatform(KeywordExecutor.groovy:72)
	at com.kms.katalon.core.keyword.BuiltinKeywords.callTestCase(BuiltinKeywords.groovy:334)
	at Script1581961220348.run(Script1581961220348.groovy:32)
	... 13 more
)

2020-03-11 09:30:11 - [MESSAGE][FAILED] - Unable to execute JavaScript. (Root cause: com.kms.katalon.core.exception.StepFailedException: Unable to execute JavaScript.
	at com.kms.katalon.core.webui.keyword.internal.WebUIKeywordMain.stepFailed(WebUIKeywordMain.groovy:64)
	at com.kms.katalon.core.webui.keyword.internal.WebUIKeywordMain.runKeyword(WebUIKeywordMain.groovy:26)
	at com.kms.katalon.core.webui.keyword.builtin.ExecuteJavaScriptKeyword.executeJavascript(ExecuteJavascriptKeyword.groovy:42)
	at com.kms.katalon.core.webui.keyword.builtin.ExecuteJavaScriptKeyword.execute(ExecuteJavascriptKeyword.groovy:37)
	at com.kms.katalon.core.keyword.internal.KeywordExecutor.executeKeywordForPlatform(KeywordExecutor.groovy:72)
	at com.kms.katalon.core.webui.keyword.WebUiBuiltInKeywords.executeJavaScript(WebUiBuiltInKeywords.groovy:3787)
	at com.kms.katalon.core.webui.keyword.WebUiBuiltInKeywords$executeJavaScript$4.call(Unknown Source)
	at Aprobacion_Financiera.run(Aprobacion_Financiera:60)
	at com.kms.katalon.core.main.ScriptEngine.run(ScriptEngine.java:194)
	at com.kms.katalon.core.main.ScriptEngine.runScriptAsRawText(ScriptEngine.java:119)
	at com.kms.katalon.core.main.TestCaseExecutor.runScript(TestCaseExecutor.java:337)
	at com.kms.katalon.core.main.TestCaseExecutor.doExecute(TestCaseExecutor.java:328)
	at com.kms.katalon.core.main.TestCaseExecutor.processExecutionPhase(TestCaseExecutor.java:307)
	at com.kms.katalon.core.main.TestCaseExecutor.accessMainPhase(TestCaseExecutor.java:299)
	at com.kms.katalon.core.main.TestCaseExecutor.execute(TestCaseExecutor.java:233)
	at com.kms.katalon.core.main.TestCaseMain.runTestCase(TestCaseMain.java:114)
	at com.kms.katalon.core.keyword.builtin.CallTestCaseKeyword$_callTestCase_closure1.doCall(CallTestCaseKeyword.groovy:59)
	at com.kms.katalon.core.keyword.builtin.CallTestCaseKeyword$_callTestCase_closure1.call(CallTestCaseKeyword.groovy)
	at com.kms.katalon.core.keyword.internal.KeywordMain.runKeyword(KeywordMain.groovy:68)
	at com.kms.katalon.core.keyword.builtin.CallTestCaseKeyword.callTestCase(CallTestCaseKeyword.groovy:81)
	at com.kms.katalon.core.keyword.builtin.CallTestCaseKeyword.execute(CallTestCaseKeyword.groovy:44)
	at com.kms.katalon.core.keyword.internal.KeywordExecutor.executeKeywordForPlatform(KeywordExecutor.groovy:72)
	at com.kms.katalon.core.keyword.BuiltinKeywords.callTestCase(BuiltinKeywords.groovy:334)
	at TC_Aprobar_Financiera.run(TC_Aprobar_Financiera:32)
	at com.kms.katalon.core.main.ScriptEngine.run(ScriptEngine.java:194)
	at com.kms.katalon.core.main.ScriptEngine.runScriptAsRawText(ScriptEngine.java:119)
	at com.kms.katalon.core.main.TestCaseExecutor.runScript(TestCaseExecutor.java:337)
	at com.kms.katalon.core.main.TestCaseExecutor.doExecute(TestCaseExecutor.java:328)
	at com.kms.katalon.core.main.TestCaseExecutor.processExecutionPhase(TestCaseExecutor.java:307)
	at com.kms.katalon.core.main.TestCaseExecutor.accessMainPhase(TestCaseExecutor.java:299)
	at com.kms.katalon.core.main.TestCaseExecutor.execute(TestCaseExecutor.java:233)
	at com.kms.katalon.core.main.TestSuiteExecutor.accessTestCaseMainPhase(TestSuiteExecutor.java:169)
	at com.kms.katalon.core.main.TestSuiteExecutor.accessTestSuiteMainPhase(TestSuiteExecutor.java:142)
	at com.kms.katalon.core.main.TestSuiteExecutor.execute(TestSuiteExecutor.java:91)
	at com.kms.katalon.core.main.TestCaseMain.startTestSuite(TestCaseMain.java:157)
	at com.kms.katalon.core.main.TestCaseMain$startTestSuite$0.call(Unknown Source)
	at TempTestSuite1583932579593.run(TempTestSuite1583932579593.groovy:36)
Caused by: org.openqa.selenium.JavascriptException: javascript error: Cannot read property 'click' of null
  (Session info: chrome=80.0.3987.132)
Build info: version: '3.141.59', revision: 'e82be7d358', time: '2018-11-14T08:25:53'
System info: host: 'LAPTOP-K43U1BVQ', ip: '192.168.99.1', os.name: 'Windows 10', os.arch: 'amd64', os.version: '10.0', java.version: '1.8.0_181'
Driver info: com.kms.katalon.selenium.driver.CChromeDriver
Capabilities {acceptInsecureCerts: false, browserName: chrome, browserVersion: 80.0.3987.132, chrome: {chromedriverVersion: 79.0.3945.36 (3582db32b3389..., userDataDir: C:\Users\kaizen\AppData\Loc...}, goog:chromeOptions: {debuggerAddress: localhost:14470}, javascriptEnabled: true, networkConnectionEnabled: false, pageLoadStrategy: normal, platform: WINDOWS, platformName: WINDOWS, proxy: Proxy(), setWindowRect: true, strictFileInteractability: false, timeouts: {implicit: 0, pageLoad: 300000, script: 30000}, unhandledPromptBehavior: dismiss and notify}
Session ID: f95a03ed2a1f6371d50b6403464112ae
	at org.openqa.selenium.remote.http.W3CHttpResponseCodec.createException(W3CHttpResponseCodec.java:187)
	at org.openqa.selenium.remote.http.W3CHttpResponseCodec.decode(W3CHttpResponseCodec.java:122)
	at org.openqa.selenium.remote.http.W3CHttpResponseCodec.decode(W3CHttpResponseCodec.java:49)
	at org.openqa.selenium.remote.HttpCommandExecutor.execute(HttpCommandExecutor.java:158)
	at org.openqa.selenium.remote.service.DriverCommandExecutor.execute(DriverCommandExecutor.java:83)
	at org.openqa.selenium.remote.RemoteWebDriver.execute(RemoteWebDriver.java:552)
	at com.kms.katalon.selenium.driver.CChromeDriver.execute(CChromeDriver.java:19)
	at org.openqa.selenium.remote.RemoteWebDriver.executeScript(RemoteWebDriver.java:489)
	at org.openqa.selenium.support.events.EventFiringWebDriver.lambda$new$1(EventFiringWebDriver.java:105)
	at com.sun.proxy.$Proxy9.executeScript(Unknown Source)
	at org.openqa.selenium.support.events.EventFiringWebDriver.executeScript(EventFiringWebDriver.java:229)
	at com.kms.katalon.core.webui.keyword.builtin.ExecuteJavaScriptKeyword$_executeJavascript_closure1.doCall(ExecuteJavascriptKeyword.groovy:48)
	at com.kms.katalon.core.webui.keyword.builtin.ExecuteJavaScriptKeyword$_executeJavascript_closure1.call(ExecuteJavascriptKeyword.groovy)
	at com.kms.katalon.core.webui.keyword.internal.WebUIKeywordMain.runKeyword(WebUIKeywordMain.groovy:20)
	at com.kms.katalon.core.webui.keyword.builtin.ExecuteJavaScriptKeyword.executeJavascript(ExecuteJavascriptKeyword.groovy:42)
	at com.kms.katalon.core.webui.keyword.builtin.ExecuteJavaScriptKeyword.execute(ExecuteJavascriptKeyword.groovy:37)
	at com.kms.katalon.core.keyword.internal.KeywordExecutor.executeKeywordForPlatform(KeywordExecutor.groovy:72)
	at com.kms.katalon.core.webui.keyword.WebUiBuiltInKeywords.executeJavaScript(WebUiBuiltInKeywords.groovy:3787)
	at com.kms.katalon.core.webui.keyword.WebUiBuiltInKeywords$executeJavaScript$4.call(Unknown Source)
	at Script1582302053470.run(Script1582302053470.groovy:60)
	at com.kms.katalon.core.main.ScriptEngine.run(ScriptEngine.java:194)
	at com.kms.katalon.core.main.ScriptEngine.runScriptAsRawText(ScriptEngine.java:119)
	at com.kms.katalon.core.main.TestCaseExecutor.runScript(TestCaseExecutor.java:337)
	at com.kms.katalon.core.main.TestCaseExecutor.doExecute(TestCaseExecutor.java:328)
	at com.kms.katalon.core.main.TestCaseExecutor.processExecutionPhase(TestCaseExecutor.java:307)
	at com.kms.katalon.core.main.TestCaseExecutor.accessMainPhase(TestCaseExecutor.java:299)
	at com.kms.katalon.core.main.TestCaseExecutor.execute(TestCaseExecutor.java:233)
	at com.kms.katalon.core.main.TestCaseMain.runTestCase(TestCaseMain.java:114)
	at com.kms.katalon.core.keyword.builtin.CallTestCaseKeyword$_callTestCase_closure1.doCall(CallTestCaseKeyword.groovy:59)
	at com.kms.katalon.core.keyword.builtin.CallTestCaseKeyword$_callTestCase_closure1.call(CallTestCaseKeyword.groovy)
	at com.kms.katalon.core.keyword.internal.KeywordMain.runKeyword(KeywordMain.groovy:68)
	at com.kms.katalon.core.keyword.builtin.CallTestCaseKeyword.callTestCase(CallTestCaseKeyword.groovy:81)
	at com.kms.katalon.core.keyword.builtin.CallTestCaseKeyword.execute(CallTestCaseKeyword.groovy:44)
	at com.kms.katalon.core.keyword.internal.KeywordExecutor.executeKeywordForPlatform(KeywordExecutor.groovy:72)
	at com.kms.katalon.core.keyword.BuiltinKeywords.callTestCase(BuiltinKeywords.groovy:334)
	at Script1581961220348.run(Script1581961220348.groovy:32)
	... 13 more
)
[[ATTACHMENT|C:\\Users\\kaizen\\git\\AutomatizacionKatalon\\Reports\\20200311_091612\\Funcionalidades_Pedidos\\Flujo Completo 20 pies\\20200311_091612\\1583933410919.png]]

2020-03-11 09:30:11 - [MESSAGE][FAILED] - Unable to call Test Case 'Test Cases/Individual_Tests/Aprobacion_Financiera' (Root cause: com.kms.katalon.core.exception.StepFailedException: Call Test Case 'Test Cases/Individual_Tests/Aprobacion_Financiera' failed
	at com.kms.katalon.core.keyword.builtin.CallTestCaseKeyword$_callTestCase_closure1.doCall(CallTestCaseKeyword.groovy:63)
	at com.kms.katalon.core.keyword.builtin.CallTestCaseKeyword$_callTestCase_closure1.call(CallTestCaseKeyword.groovy)
	at com.kms.katalon.core.keyword.internal.KeywordMain.runKeyword(KeywordMain.groovy:68)
	at com.kms.katalon.core.keyword.builtin.CallTestCaseKeyword.callTestCase(CallTestCaseKeyword.groovy:81)
	at com.kms.katalon.core.keyword.builtin.CallTestCaseKeyword.execute(CallTestCaseKeyword.groovy:44)
	at com.kms.katalon.core.keyword.internal.KeywordExecutor.executeKeywordForPlatform(KeywordExecutor.groovy:72)
	at com.kms.katalon.core.keyword.BuiltinKeywords.callTestCase(BuiltinKeywords.groovy:334)
	at TC_Aprobar_Financiera.run(TC_Aprobar_Financiera:32)
	at com.kms.katalon.core.main.ScriptEngine.run(ScriptEngine.java:194)
	at com.kms.katalon.core.main.ScriptEngine.runScriptAsRawText(ScriptEngine.java:119)
	at com.kms.katalon.core.main.TestCaseExecutor.runScript(TestCaseExecutor.java:337)
	at com.kms.katalon.core.main.TestCaseExecutor.doExecute(TestCaseExecutor.java:328)
	at com.kms.katalon.core.main.TestCaseExecutor.processExecutionPhase(TestCaseExecutor.java:307)
	at com.kms.katalon.core.main.TestCaseExecutor.accessMainPhase(TestCaseExecutor.java:299)
	at com.kms.katalon.core.main.TestCaseExecutor.execute(TestCaseExecutor.java:233)
	at com.kms.katalon.core.main.TestSuiteExecutor.accessTestCaseMainPhase(TestSuiteExecutor.java:169)
	at com.kms.katalon.core.main.TestSuiteExecutor.accessTestSuiteMainPhase(TestSuiteExecutor.java:142)
	at com.kms.katalon.core.main.TestSuiteExecutor.execute(TestSuiteExecutor.java:91)
	at com.kms.katalon.core.main.TestCaseMain.startTestSuite(TestCaseMain.java:157)
	at com.kms.katalon.core.main.TestCaseMain$startTestSuite$0.call(Unknown Source)
	at TempTestSuite1583932579593.run(TempTestSuite1583932579593.groovy:36)
Caused by: com.kms.katalon.core.exception.StepFailedException: Unable to execute JavaScript.
	at com.kms.katalon.core.webui.keyword.internal.WebUIKeywordMain.stepFailed(WebUIKeywordMain.groovy:64)
	at com.kms.katalon.core.webui.keyword.internal.WebUIKeywordMain.runKeyword(WebUIKeywordMain.groovy:26)
	at com.kms.katalon.core.webui.keyword.builtin.ExecuteJavaScriptKeyword.executeJavascript(ExecuteJavascriptKeyword.groovy:42)
	at com.kms.katalon.core.webui.keyword.builtin.ExecuteJavaScriptKeyword.execute(ExecuteJavascriptKeyword.groovy:37)
	at com.kms.katalon.core.keyword.internal.KeywordExecutor.executeKeywordForPlatform(KeywordExecutor.groovy:72)
	at com.kms.katalon.core.webui.keyword.WebUiBuiltInKeywords.executeJavaScript(WebUiBuiltInKeywords.groovy:3787)
	at com.kms.katalon.core.webui.keyword.WebUiBuiltInKeywords$executeJavaScript$4.call(Unknown Source)
	at Aprobacion_Financiera.run(Aprobacion_Financiera:60)
	at com.kms.katalon.core.main.ScriptEngine.run(ScriptEngine.java:194)
	at com.kms.katalon.core.main.ScriptEngine.runScriptAsRawText(ScriptEngine.java:119)
	at com.kms.katalon.core.main.TestCaseExecutor.runScript(TestCaseExecutor.java:337)
	at com.kms.katalon.core.main.TestCaseExecutor.doExecute(TestCaseExecutor.java:328)
	at com.kms.katalon.core.main.TestCaseExecutor.processExecutionPhase(TestCaseExecutor.java:307)
	at com.kms.katalon.core.main.TestCaseExecutor.accessMainPhase(TestCaseExecutor.java:299)
	at com.kms.katalon.core.main.TestCaseExecutor.execute(TestCaseExecutor.java:233)
	at com.kms.katalon.core.main.TestCaseMain.runTestCase(TestCaseMain.java:114)
	at com.kms.katalon.core.keyword.builtin.CallTestCaseKeyword$_callTestCase_closure1.doCall(CallTestCaseKeyword.groovy:59)
	... 20 more
Caused by: org.openqa.selenium.JavascriptException: javascript error: Cannot read property 'click' of null
  (Session info: chrome=80.0.3987.132)
Build info: version: '3.141.59', revision: 'e82be7d358', time: '2018-11-14T08:25:53'
System info: host: 'LAPTOP-K43U1BVQ', ip: '192.168.99.1', os.name: 'Windows 10', os.arch: 'amd64', os.version: '10.0', java.version: '1.8.0_181'
Driver info: com.kms.katalon.selenium.driver.CChromeDriver
Capabilities {acceptInsecureCerts: false, browserName: chrome, browserVersion: 80.0.3987.132, chrome: {chromedriverVersion: 79.0.3945.36 (3582db32b3389..., userDataDir: C:\Users\kaizen\AppData\Loc...}, goog:chromeOptions: {debuggerAddress: localhost:14470}, javascriptEnabled: true, networkConnectionEnabled: false, pageLoadStrategy: normal, platform: WINDOWS, platformName: WINDOWS, proxy: Proxy(), setWindowRect: true, strictFileInteractability: false, timeouts: {implicit: 0, pageLoad: 300000, script: 30000}, unhandledPromptBehavior: dismiss and notify}
Session ID: f95a03ed2a1f6371d50b6403464112ae
	at org.openqa.selenium.remote.http.W3CHttpResponseCodec.createException(W3CHttpResponseCodec.java:187)
	at org.openqa.selenium.remote.http.W3CHttpResponseCodec.decode(W3CHttpResponseCodec.java:122)
	at org.openqa.selenium.remote.http.W3CHttpResponseCodec.decode(W3CHttpResponseCodec.java:49)
	at org.openqa.selenium.remote.HttpCommandExecutor.execute(HttpCommandExecutor.java:158)
	at org.openqa.selenium.remote.service.DriverCommandExecutor.execute(DriverCommandExecutor.java:83)
	at org.openqa.selenium.remote.RemoteWebDriver.execute(RemoteWebDriver.java:552)
	at com.kms.katalon.selenium.driver.CChromeDriver.execute(CChromeDriver.java:19)
	at org.openqa.selenium.remote.RemoteWebDriver.executeScript(RemoteWebDriver.java:489)
	at org.openqa.selenium.support.events.EventFiringWebDriver.lambda$new$1(EventFiringWebDriver.java:105)
	at com.sun.proxy.$Proxy9.executeScript(Unknown Source)
	at org.openqa.selenium.support.events.EventFiringWebDriver.executeScript(EventFiringWebDriver.java:229)
	at com.kms.katalon.core.webui.keyword.builtin.ExecuteJavaScriptKeyword$_executeJavascript_closure1.doCall(ExecuteJavascriptKeyword.groovy:48)
	at com.kms.katalon.core.webui.keyword.builtin.ExecuteJavaScriptKeyword$_executeJavascript_closure1.call(ExecuteJavascriptKeyword.groovy)
	at com.kms.katalon.core.webui.keyword.internal.WebUIKeywordMain.runKeyword(WebUIKeywordMain.groovy:20)
	... 35 more
)]]></system-out>
         <system-err><![CDATA[2020-03-11 09:29:07 - [TEST_CASE][FAILED] - Test Cases/Secuencias de Ejecucion/TC_Aprobar_Financiera: Test Cases/Secuencias de Ejecucion/TC_Aprobar_Financiera FAILED.
Reason:
com.kms.katalon.core.exception.StepFailedException: Call Test Case 'Test Cases/Individual_Tests/Aprobacion_Financiera' failed
	at com.kms.katalon.core.keyword.builtin.CallTestCaseKeyword$_callTestCase_closure1.doCall(CallTestCaseKeyword.groovy:63)
	at com.kms.katalon.core.keyword.builtin.CallTestCaseKeyword$_callTestCase_closure1.call(CallTestCaseKeyword.groovy)
	at com.kms.katalon.core.keyword.internal.KeywordMain.runKeyword(KeywordMain.groovy:68)
	at com.kms.katalon.core.keyword.builtin.CallTestCaseKeyword.callTestCase(CallTestCaseKeyword.groovy:81)
	at com.kms.katalon.core.keyword.builtin.CallTestCaseKeyword.execute(CallTestCaseKeyword.groovy:44)
	at com.kms.katalon.core.keyword.internal.KeywordExecutor.executeKeywordForPlatform(KeywordExecutor.groovy:72)
	at com.kms.katalon.core.keyword.BuiltinKeywords.callTestCase(BuiltinKeywords.groovy:334)
	at TC_Aprobar_Financiera.run(TC_Aprobar_Financiera:32)
	at com.kms.katalon.core.main.ScriptEngine.run(ScriptEngine.java:194)
	at com.kms.katalon.core.main.ScriptEngine.runScriptAsRawText(ScriptEngine.java:119)
	at com.kms.katalon.core.main.TestCaseExecutor.runScript(TestCaseExecutor.java:337)
	at com.kms.katalon.core.main.TestCaseExecutor.doExecute(TestCaseExecutor.java:328)
	at com.kms.katalon.core.main.TestCaseExecutor.processExecutionPhase(TestCaseExecutor.java:307)
	at com.kms.katalon.core.main.TestCaseExecutor.accessMainPhase(TestCaseExecutor.java:299)
	at com.kms.katalon.core.main.TestCaseExecutor.execute(TestCaseExecutor.java:233)
	at com.kms.katalon.core.main.TestSuiteExecutor.accessTestCaseMainPhase(TestSuiteExecutor.java:169)
	at com.kms.katalon.core.main.TestSuiteExecutor.accessTestSuiteMainPhase(TestSuiteExecutor.java:142)
	at com.kms.katalon.core.main.TestSuiteExecutor.execute(TestSuiteExecutor.java:91)
	at com.kms.katalon.core.main.TestCaseMain.startTestSuite(TestCaseMain.java:157)
	at com.kms.katalon.core.main.TestCaseMain$startTestSuite$0.call(Unknown Source)
	at TempTestSuite1583932579593.run(TempTestSuite1583932579593.groovy:36)
Caused by: com.kms.katalon.core.exception.StepFailedException: Unable to execute JavaScript.
	at com.kms.katalon.core.webui.keyword.internal.WebUIKeywordMain.stepFailed(WebUIKeywordMain.groovy:64)
	at com.kms.katalon.core.webui.keyword.internal.WebUIKeywordMain.runKeyword(WebUIKeywordMain.groovy:26)
	at com.kms.katalon.core.webui.keyword.builtin.ExecuteJavaScriptKeyword.executeJavascript(ExecuteJavascriptKeyword.groovy:42)
	at com.kms.katalon.core.webui.keyword.builtin.ExecuteJavaScriptKeyword.execute(ExecuteJavascriptKeyword.groovy:37)
	at com.kms.katalon.core.keyword.internal.KeywordExecutor.executeKeywordForPlatform(KeywordExecutor.groovy:72)
	at com.kms.katalon.core.webui.keyword.WebUiBuiltInKeywords.executeJavaScript(WebUiBuiltInKeywords.groovy:3787)
	at com.kms.katalon.core.webui.keyword.WebUiBuiltInKeywords$executeJavaScript$4.call(Unknown Source)
	at Aprobacion_Financiera.run(Aprobacion_Financiera:60)
	at com.kms.katalon.core.main.ScriptEngine.run(ScriptEngine.java:194)
	at com.kms.katalon.core.main.ScriptEngine.runScriptAsRawText(ScriptEngine.java:119)
	at com.kms.katalon.core.main.TestCaseExecutor.runScript(TestCaseExecutor.java:337)
	at com.kms.katalon.core.main.TestCaseExecutor.doExecute(TestCaseExecutor.java:328)
	at com.kms.katalon.core.main.TestCaseExecutor.processExecutionPhase(TestCaseExecutor.java:307)
	at com.kms.katalon.core.main.TestCaseExecutor.accessMainPhase(TestCaseExecutor.java:299)
	at com.kms.katalon.core.main.TestCaseExecutor.execute(TestCaseExecutor.java:233)
	at com.kms.katalon.core.main.TestCaseMain.runTestCase(TestCaseMain.java:114)
	at com.kms.katalon.core.keyword.builtin.CallTestCaseKeyword$_callTestCase_closure1.doCall(CallTestCaseKeyword.groovy:59)
	... 20 more
Caused by: org.openqa.selenium.JavascriptException: javascript error: Cannot read property 'click' of null
  (Session info: chrome=80.0.3987.132)
Build info: version: '3.141.59', revision: 'e82be7d358', time: '2018-11-14T08:25:53'
System info: host: 'LAPTOP-K43U1BVQ', ip: '192.168.99.1', os.name: 'Windows 10', os.arch: 'amd64', os.version: '10.0', java.version: '1.8.0_181'
Driver info: com.kms.katalon.selenium.driver.CChromeDriver
Capabilities {acceptInsecureCerts: false, browserName: chrome, browserVersion: 80.0.3987.132, chrome: {chromedriverVersion: 79.0.3945.36 (3582db32b3389..., userDataDir: C:\Users\kaizen\AppData\Loc...}, goog:chromeOptions: {debuggerAddress: localhost:14470}, javascriptEnabled: true, networkConnectionEnabled: false, pageLoadStrategy: normal, platform: WINDOWS, platformName: WINDOWS, proxy: Proxy(), setWindowRect: true, strictFileInteractability: false, timeouts: {implicit: 0, pageLoad: 300000, script: 30000}, unhandledPromptBehavior: dismiss and notify}
Session ID: f95a03ed2a1f6371d50b6403464112ae
	at org.openqa.selenium.remote.http.W3CHttpResponseCodec.createException(W3CHttpResponseCodec.java:187)
	at org.openqa.selenium.remote.http.W3CHttpResponseCodec.decode(W3CHttpResponseCodec.java:122)
	at org.openqa.selenium.remote.http.W3CHttpResponseCodec.decode(W3CHttpResponseCodec.java:49)
	at org.openqa.selenium.remote.HttpCommandExecutor.execute(HttpCommandExecutor.java:158)
	at org.openqa.selenium.remote.service.DriverCommandExecutor.execute(DriverCommandExecutor.java:83)
	at org.openqa.selenium.remote.RemoteWebDriver.execute(RemoteWebDriver.java:552)
	at com.kms.katalon.selenium.driver.CChromeDriver.execute(CChromeDriver.java:19)
	at org.openqa.selenium.remote.RemoteWebDriver.executeScript(RemoteWebDriver.java:489)
	at org.openqa.selenium.support.events.EventFiringWebDriver.lambda$new$1(EventFiringWebDriver.java:105)
	at com.sun.proxy.$Proxy9.executeScript(Unknown Source)
	at org.openqa.selenium.support.events.EventFiringWebDriver.executeScript(EventFiringWebDriver.java:229)
	at com.kms.katalon.core.webui.keyword.builtin.ExecuteJavaScriptKeyword$_executeJavascript_closure1.doCall(ExecuteJavascriptKeyword.groovy:48)
	at com.kms.katalon.core.webui.keyword.builtin.ExecuteJavaScriptKeyword$_executeJavascript_closure1.call(ExecuteJavascriptKeyword.groovy)
	at com.kms.katalon.core.webui.keyword.internal.WebUIKeywordMain.runKeyword(WebUIKeywordMain.groovy:20)
	... 35 more]]></system-err>
      </testcase>
      <testcase name="Test Cases/Generar_Excels_Secuencias/TC_Generar_Excel_CargosLogisticos" time="7.986" classname="Test Cases/Generar_Excels_Secuencias/TC_Generar_Excel_CargosLogisticos" status="PASSED">
         <system-out><![CDATA[2020-03-11 09:30:11 - [TEST_CASE][PASSED] - Test Cases/Generar_Excels_Secuencias/TC_Generar_Excel_CargosLogisticos: Test Cases/Generar_Excels_Secuencias/TC_Generar_Excel_CargosLogisticos

2020-03-11 09:30:11 - [TEST_STEP][PASSED] - python.ejecutarAleatoriosPython.runPython("Logistica"): python.ejecutarAleatoriosPython.runPython is PASSED

2020-03-11 09:30:19 - [MESSAGE][PASSED] - python.ejecutarAleatoriosPython.runPython is PASSED]]></system-out>
         <system-err><![CDATA[]]></system-err>
      </testcase>
      <testcase name="Test Cases/Secuencias de Ejecucion/TC_Agregar_Cargos_Logisticos" time="0.623" classname="Test Cases/Secuencias de Ejecucion/TC_Agregar_Cargos_Logisticos" status="PASSED">
         <system-out><![CDATA[2020-03-11 09:30:19 - [TEST_CASE][PASSED] - Test Cases/Secuencias de Ejecucion/TC_Agregar_Cargos_Logisticos: Test Cases/Secuencias de Ejecucion/TC_Agregar_Cargos_Logisticos

2020-03-11 09:30:19 - [TEST_STEP][PASSED] - archivo = $RunConfiguration.getProjectDir()/Pedidos/DataExcel/Cargos_Logisticos.xlsx: null

2020-03-11 09:30:19 - [TEST_STEP][PASSED] - excelData = getExcelDataWithDefaultSheet(archivo, "Sheet1", true): null

2020-03-11 09:30:20 - [TEST_STEP][PASSED] - for ([Index = 1, Index <= excelData.getRowNumbers(), (Index++)]): null]]></system-out>
         <system-err><![CDATA[]]></system-err>
      </testcase>
      <testcase name="Test Cases/Generar_Excels_Secuencias/TC_Generar_Excel_Produccion" time="7.961" classname="Test Cases/Generar_Excels_Secuencias/TC_Generar_Excel_Produccion" status="PASSED">
         <system-out><![CDATA[2020-03-11 09:30:20 - [TEST_CASE][PASSED] - Test Cases/Generar_Excels_Secuencias/TC_Generar_Excel_Produccion: Test Cases/Generar_Excels_Secuencias/TC_Generar_Excel_Produccion

2020-03-11 09:30:20 - [TEST_STEP][PASSED] - python.ejecutarAleatoriosPython.runPython("Produccion"): python.ejecutarAleatoriosPython.runPython is PASSED

2020-03-11 09:30:28 - [MESSAGE][PASSED] - python.ejecutarAleatoriosPython.runPython is PASSED]]></system-out>
         <system-err><![CDATA[]]></system-err>
      </testcase>
      <testcase name="Test Cases/Secuencias de Ejecucion/TC_Agregar_Orden_Produccion" time="85.621" classname="Test Cases/Secuencias de Ejecucion/TC_Agregar_Orden_Produccion" status="PASSED">
         <system-out><![CDATA[2020-03-11 09:30:28 - [TEST_CASE][PASSED] - Test Cases/Secuencias de Ejecucion/TC_Agregar_Orden_Produccion: Test Cases/Secuencias de Ejecucion/TC_Agregar_Orden_Produccion

2020-03-11 09:30:28 - [TEST_STEP][PASSED] - archivo = $RunConfiguration.getProjectDir()/Pedidos/DataExcel/Orden_Produccion.xlsx: null

2020-03-11 09:30:28 - [TEST_STEP][PASSED] - excelData = getExcelDataWithDefaultSheet(archivo, "Sheet1", true): null

2020-03-11 09:30:28 - [TEST_STEP][PASSED] - for ([Index = 1, Index <= excelData.getRowNumbers(), (Index++)]): Call Test Case 'Test Cases/Individual_Tests/Orden_Produccion' successfully

2020-03-11 09:30:28 - [TEST_STEP][PASSED] - callTestCase(findTestCase("Individual_Tests/Login"), ["Evento":"Produccion", "Index":Index], STOP_ON_FAILURE): Call Test Case 'Test Cases/Individual_Tests/Login' successfully

2020-03-11 09:30:28 - [TEST_CASE][PASSED] - Test Cases/Individual_Tests/Login: Test Cases/Individual_Tests/Login

2020-03-11 09:30:28 - [TEST_STEP][PASSED] - print("Evento Seleccionado: " + Evento + "
"): null

2020-03-11 09:30:28 - [TEST_STEP][PASSED] - openBrowser(Web): Browser is opened with url: 'http://test.kaizendev.net/Login/Accesar?salir=true'

2020-03-11 09:30:28 - [MESSAGE][WARNING] - A browser is already opened. Closing browser and opening a new one

2020-03-11 09:30:29 - [MESSAGE][INFO] - Starting 'Chrome' driver

2020-03-11 09:31:09 - [MESSAGE][PASSED] - Browser is opened with url: 'http://test.kaizendev.net/Login/Accesar?salir=true'

2020-03-11 09:31:09 - [TEST_STEP][PASSED] - maximizeWindow(): Current window maximized

2020-03-11 09:31:10 - [MESSAGE][PASSED] - Current window maximized

2020-03-11 09:31:10 - [TEST_STEP][PASSED] - if (Evento == "Crear20"): null

2020-03-11 09:31:10 - [TEST_STEP][PASSED] - else if (Evento == "Crear40"): null

2020-03-11 09:31:10 - [TEST_STEP][PASSED] - else if (Evento == "Aprobar"): null

2020-03-11 09:31:10 - [TEST_STEP][PASSED] - else if (Evento == "Logistica"): null

2020-03-11 09:31:10 - [TEST_STEP][PASSED] - else if (Evento == "Produccion"): Object: 'Object Repository/Page_Iniciar Sesion - KAIZEN/is_btn_ingresar_sistema' is clicked on

2020-03-11 09:31:10 - [TEST_STEP][PASSED] - data4 = obtener_excels.obtener_produccion.getValuesExcelProduction(Index): obtener_excels.obtener_produccion.getValuesExcelProduction is PASSED

2020-03-11 09:31:10 - [MESSAGE][PASSED] - obtener_excels.obtener_produccion.getValuesExcelProduction is PASSED

2020-03-11 09:31:10 - [TEST_STEP][PASSED] - Usuario = data4[1]: null

2020-03-11 09:31:10 - [TEST_STEP][PASSED] - Contrasena = data4[2]: null

2020-03-11 09:31:10 - [TEST_STEP][PASSED] - setText(findTestObject("Page_Iniciar Sesion - KAIZEN/is_input_email"), Usuario): Text 'automated.test@grupokaizen.net' is set on object 'Object Repository/Page_Iniciar Sesion - KAIZEN/is_input_email'

2020-03-11 09:31:11 - [MESSAGE][PASSED] - Text 'automated.test@grupokaizen.net' is set on object 'Object Repository/Page_Iniciar Sesion - KAIZEN/is_input_email'

2020-03-11 09:31:11 - [TEST_STEP][PASSED] - setEncryptedText(findTestObject("Page_Iniciar Sesion - KAIZEN/IS_input_contrasena"), Contrasena): Text ****** has been set on object 'Object Repository/Page_Iniciar Sesion - KAIZEN/IS_input_contrasena'

2020-03-11 09:31:12 - [MESSAGE][PASSED] - Text ****** has been set on object 'Object Repository/Page_Iniciar Sesion - KAIZEN/IS_input_contrasena'

2020-03-11 09:31:12 - [TEST_STEP][PASSED] - click(findTestObject("Page_Iniciar Sesion - KAIZEN/is_btn_ingresar_sistema")): Object: 'Object Repository/Page_Iniciar Sesion - KAIZEN/is_btn_ingresar_sistema' is clicked on

2020-03-11 09:31:16 - [MESSAGE][PASSED] - Object: 'Object Repository/Page_Iniciar Sesion - KAIZEN/is_btn_ingresar_sistema' is clicked on

2020-03-11 09:31:16 - [MESSAGE][PASSED] - Call Test Case 'Test Cases/Individual_Tests/Login' successfully

2020-03-11 09:31:16 - [TEST_STEP][PASSED] - callTestCase(findTestCase("Individual_Tests/Seleccionar_Idioma"), ["Evento":"Produccion", "Index":Index], STOP_ON_FAILURE): Call Test Case 'Test Cases/Individual_Tests/Seleccionar_Idioma' successfully

2020-03-11 09:31:16 - [TEST_CASE][PASSED] - Test Cases/Individual_Tests/Seleccionar_Idioma: Test Cases/Individual_Tests/Seleccionar_Idioma

2020-03-11 09:31:16 - [TEST_STEP][PASSED] - Idioma = 0: null

2020-03-11 09:31:16 - [TEST_STEP][PASSED] - if (Evento == "Crear20"): null

2020-03-11 09:31:16 - [TEST_STEP][PASSED] - else if (Evento == "Crear40"): null

2020-03-11 09:31:16 - [TEST_STEP][PASSED] - else if (Evento == "Aprobar"): null

2020-03-11 09:31:16 - [TEST_STEP][PASSED] - else if (Evento == "Logistica"): null

2020-03-11 09:31:16 - [TEST_STEP][PASSED] - else if (Evento == "Produccion"): null

2020-03-11 09:31:16 - [TEST_STEP][PASSED] - data4 = obtener_excels.obtener_produccion.getValuesExcelProduction(Index): obtener_excels.obtener_produccion.getValuesExcelProduction is PASSED

2020-03-11 09:31:16 - [MESSAGE][PASSED] - obtener_excels.obtener_produccion.getValuesExcelProduction is PASSED

2020-03-11 09:31:16 - [TEST_STEP][PASSED] - Idioma = data4[0]: null

2020-03-11 09:31:16 - [TEST_STEP][PASSED] - click(findTestObject("Page_- KAIZEN/si_btn_idioma")): Object: 'Object Repository/Page_- KAIZEN/si_btn_idioma' is clicked on

2020-03-11 09:31:17 - [MESSAGE][PASSED] - Object: 'Object Repository/Page_- KAIZEN/si_btn_idioma' is clicked on

2020-03-11 09:31:17 - [TEST_STEP][PASSED] - if (Idioma == "0"): null

2020-03-11 09:31:17 - [TEST_STEP][PASSED] - else: Object: 'Object Repository/Page_- KAIZEN/si_Spanish' is clicked on

2020-03-11 09:31:17 - [TEST_STEP][PASSED] - click(findTestObject("Page_- KAIZEN/si_Spanish")): Object: 'Object Repository/Page_- KAIZEN/si_Spanish' is clicked on

2020-03-11 09:31:20 - [MESSAGE][PASSED] - Object: 'Object Repository/Page_- KAIZEN/si_Spanish' is clicked on

2020-03-11 09:31:20 - [MESSAGE][PASSED] - Call Test Case 'Test Cases/Individual_Tests/Seleccionar_Idioma' successfully

2020-03-11 09:31:20 - [TEST_STEP][PASSED] - callTestCase(findTestCase("Individual_Tests/Orden_Produccion"), ["Index":Index], STOP_ON_FAILURE): Call Test Case 'Test Cases/Individual_Tests/Orden_Produccion' successfully

2020-03-11 09:31:20 - [TEST_CASE][PASSED] - Test Cases/Individual_Tests/Orden_Produccion: Test Cases/Individual_Tests/Orden_Produccion

2020-03-11 09:31:21 - [TEST_STEP][PASSED] - data = obtener_excels.obtener_produccion.getValuesExcelProduction(Index): obtener_excels.obtener_produccion.getValuesExcelProduction is PASSED

2020-03-11 09:31:21 - [MESSAGE][PASSED] - obtener_excels.obtener_produccion.getValuesExcelProduction is PASSED

2020-03-11 09:31:21 - [TEST_STEP][PASSED] - IdPedido = data[3]: null

2020-03-11 09:31:21 - [TEST_STEP][PASSED] - IDPedido = IdPedido: null

2020-03-11 09:31:21 - [TEST_STEP][PASSED] - click(findTestObject("Object Repository/Page_- KAIZEN/op_menu_Operaciones")): Object: 'Object Repository/Page_- KAIZEN/op_menu_Operaciones' is clicked on

2020-03-11 09:31:21 - [MESSAGE][PASSED] - Object: 'Object Repository/Page_- KAIZEN/op_menu_Operaciones' is clicked on

2020-03-11 09:31:21 - [TEST_STEP][PASSED] - click(findTestObject("Object Repository/Page_- KAIZEN/op_click_Orden de Produccin")): Object: 'Object Repository/Page_- KAIZEN/op_click_Orden de Produccin' is clicked on

2020-03-11 09:31:25 - [MESSAGE][PASSED] - Object: 'Object Repository/Page_- KAIZEN/op_click_Orden de Produccin' is clicked on

2020-03-11 09:31:25 - [TEST_STEP][PASSED] - click(findTestObject("Object Repository/Page_Index - KAIZEN/op_buscador_Produccion")): Object: 'Object Repository/Page_Index - KAIZEN/op_buscador_Produccion' is clicked on

2020-03-11 09:31:26 - [MESSAGE][PASSED] - Object: 'Object Repository/Page_Index - KAIZEN/op_buscador_Produccion' is clicked on

2020-03-11 09:31:26 - [TEST_STEP][PASSED] - click(findTestObject("Object Repository/Page_Index - KAIZEN/opp_buscar_orden")): Object: 'Object Repository/Page_Index - KAIZEN/opp_buscar_orden' is clicked on

2020-03-11 09:31:26 - [MESSAGE][PASSED] - Object: 'Object Repository/Page_Index - KAIZEN/opp_buscar_orden' is clicked on

2020-03-11 09:31:26 - [TEST_STEP][PASSED] - setText(findTestObject("Object Repository/Page_Index - KAIZEN/opp_escribir_orden"), IDPedido): Text '268' is set on object 'Object Repository/Page_Index - KAIZEN/opp_escribir_orden'

2020-03-11 09:31:27 - [MESSAGE][PASSED] - Text '268' is set on object 'Object Repository/Page_Index - KAIZEN/opp_escribir_orden'

2020-03-11 09:31:27 - [TEST_STEP][PASSED] - sendKeys(findTestObject("Object Repository/Page_Index - KAIZEN/opp_escribir_orden"), Keys.chord(ENTER)): Keys 'ENTER + ' sent to object: 'Object Repository/Page_Index - KAIZEN/opp_escribir_orden'

2020-03-11 09:31:27 - [MESSAGE][PASSED] - Keys 'ENTER + ' sent to object: 'Object Repository/Page_Index - KAIZEN/opp_escribir_orden'

2020-03-11 09:31:27 - [TEST_STEP][PASSED] - click(findTestObject("Object Repository/Page_Index - KAIZEN/op_btn_Buscar")): Object: 'Object Repository/Page_Index - KAIZEN/op_btn_Buscar' is clicked on

2020-03-11 09:31:30 - [MESSAGE][PASSED] - Object: 'Object Repository/Page_Index - KAIZEN/op_btn_Buscar' is clicked on

2020-03-11 09:31:30 - [TEST_STEP][PASSED] - click(findTestObject("Object Repository/Page_Index - KAIZEN/op_click_selecione_pedido")): Object: 'Object Repository/Page_Index - KAIZEN/op_click_selecione_pedido' is clicked on

2020-03-11 09:31:34 - [MESSAGE][PASSED] - Object: 'Object Repository/Page_Index - KAIZEN/op_click_selecione_pedido' is clicked on

2020-03-11 09:31:34 - [TEST_STEP][PASSED] - click(findTestObject("Object Repository/Page_- KAIZEN/op_Iniciar Produccin")): Object: 'Object Repository/Page_- KAIZEN/op_Iniciar Produccin' is clicked on

2020-03-11 09:31:41 - [MESSAGE][PASSED] - Object: 'Object Repository/Page_- KAIZEN/op_Iniciar Produccin' is clicked on

2020-03-11 09:31:41 - [TEST_STEP][PASSED] - click(findTestObject("Object Repository/Page_Index - KAIZEN/op_buscador_Produccion")): Object: 'Object Repository/Page_Index - KAIZEN/op_buscador_Produccion' is clicked on

2020-03-11 09:31:41 - [MESSAGE][PASSED] - Object: 'Object Repository/Page_Index - KAIZEN/op_buscador_Produccion' is clicked on

2020-03-11 09:31:41 - [TEST_STEP][PASSED] - click(findTestObject("Object Repository/Page_Index - KAIZEN/opp_buscar_orden")): Object: 'Object Repository/Page_Index - KAIZEN/opp_buscar_orden' is clicked on

2020-03-11 09:31:42 - [MESSAGE][PASSED] - Object: 'Object Repository/Page_Index - KAIZEN/opp_buscar_orden' is clicked on

2020-03-11 09:31:42 - [TEST_STEP][PASSED] - setText(findTestObject("Object Repository/Page_Index - KAIZEN/opp_escribir_orden"), IDPedido): Text '268' is set on object 'Object Repository/Page_Index - KAIZEN/opp_escribir_orden'

2020-03-11 09:31:43 - [MESSAGE][PASSED] - Text '268' is set on object 'Object Repository/Page_Index - KAIZEN/opp_escribir_orden'

2020-03-11 09:31:43 - [TEST_STEP][PASSED] - sendKeys(findTestObject("Object Repository/Page_Index - KAIZEN/opp_escribir_orden"), Keys.chord(ENTER)): Keys 'ENTER + ' sent to object: 'Object Repository/Page_Index - KAIZEN/opp_escribir_orden'

2020-03-11 09:31:43 - [MESSAGE][PASSED] - Keys 'ENTER + ' sent to object: 'Object Repository/Page_Index - KAIZEN/opp_escribir_orden'

2020-03-11 09:31:43 - [TEST_STEP][PASSED] - click(findTestObject("Object Repository/Page_Index - KAIZEN/op_btn_Buscar")): Object: 'Object Repository/Page_Index - KAIZEN/op_btn_Buscar' is clicked on

2020-03-11 09:31:47 - [MESSAGE][PASSED] - Object: 'Object Repository/Page_Index - KAIZEN/op_btn_Buscar' is clicked on

2020-03-11 09:31:47 - [TEST_STEP][PASSED] - click(findTestObject("Object Repository/Page_Index - KAIZEN/op_click_FInalizar_produccion")): Object: 'Object Repository/Page_Index - KAIZEN/op_click_FInalizar_produccion' is clicked on

2020-03-11 09:31:51 - [MESSAGE][PASSED] - Object: 'Object Repository/Page_Index - KAIZEN/op_click_FInalizar_produccion' is clicked on

2020-03-11 09:31:51 - [TEST_STEP][PASSED] - click(findTestObject("Object Repository/Page_- KAIZEN/op_Finalizar Produccin")): Object: 'Object Repository/Page_- KAIZEN/op_Finalizar Produccin' is clicked on

2020-03-11 09:31:53 - [MESSAGE][PASSED] - Object: 'Object Repository/Page_- KAIZEN/op_Finalizar Produccin' is clicked on

2020-03-11 09:31:53 - [MESSAGE][PASSED] - Call Test Case 'Test Cases/Individual_Tests/Orden_Produccion' successfully]]></system-out>
         <system-err><![CDATA[]]></system-err>
      </testcase>
      <testcase name="Test Cases/Generar_Excels_Secuencias/TC_Generar_Excel_Inventario" time="8.336" classname="Test Cases/Generar_Excels_Secuencias/TC_Generar_Excel_Inventario" status="PASSED">
         <system-out><![CDATA[2020-03-11 09:31:53 - [TEST_CASE][PASSED] - Test Cases/Generar_Excels_Secuencias/TC_Generar_Excel_Inventario: Test Cases/Generar_Excels_Secuencias/TC_Generar_Excel_Inventario

2020-03-11 09:31:54 - [TEST_STEP][PASSED] - python.ejecutarAleatoriosPython.runPython("Inventario"): python.ejecutarAleatoriosPython.runPython is PASSED

2020-03-11 09:32:01 - [MESSAGE][PASSED] - python.ejecutarAleatoriosPython.runPython is PASSED]]></system-out>
         <system-err><![CDATA[]]></system-err>
      </testcase>
      <testcase name="Test Cases/Secuencias de Ejecucion/TC_Agregar_Inventario" time="91.876" classname="Test Cases/Secuencias de Ejecucion/TC_Agregar_Inventario" status="PASSED">
         <system-out><![CDATA[2020-03-11 09:32:01 - [TEST_CASE][PASSED] - Test Cases/Secuencias de Ejecucion/TC_Agregar_Inventario: Test Cases/Secuencias de Ejecucion/TC_Agregar_Inventario

2020-03-11 09:32:02 - [TEST_STEP][PASSED] - archivo = $RunConfiguration.getProjectDir()/Pedidos/DataExcel/Inventario.xlsx: null

2020-03-11 09:32:02 - [TEST_STEP][PASSED] - excelData = getExcelDataWithDefaultSheet(archivo, "Sheet1", true): null

2020-03-11 09:32:02 - [TEST_STEP][PASSED] - for ([Index = 1, Index <= excelData.getRowNumbers(), (Index++)]): Call Test Case 'Test Cases/Individual_Tests/Inventario' successfully

2020-03-11 09:32:02 - [TEST_STEP][PASSED] - callTestCase(findTestCase("Individual_Tests/Login"), ["Evento":"Inventario", "Index":Index], STOP_ON_FAILURE): Call Test Case 'Test Cases/Individual_Tests/Login' successfully

2020-03-11 09:32:02 - [TEST_CASE][PASSED] - Test Cases/Individual_Tests/Login: Test Cases/Individual_Tests/Login

2020-03-11 09:32:02 - [TEST_STEP][PASSED] - print("Evento Seleccionado: " + Evento + "
"): null

2020-03-11 09:32:02 - [TEST_STEP][PASSED] - openBrowser(Web): Browser is opened with url: 'http://test.kaizendev.net/Login/Accesar?salir=true'

2020-03-11 09:32:02 - [MESSAGE][WARNING] - A browser is already opened. Closing browser and opening a new one

2020-03-11 09:32:03 - [MESSAGE][INFO] - Starting 'Chrome' driver

2020-03-11 09:32:44 - [MESSAGE][PASSED] - Browser is opened with url: 'http://test.kaizendev.net/Login/Accesar?salir=true'

2020-03-11 09:32:44 - [TEST_STEP][PASSED] - maximizeWindow(): Current window maximized

2020-03-11 09:32:45 - [MESSAGE][PASSED] - Current window maximized

2020-03-11 09:32:45 - [TEST_STEP][PASSED] - if (Evento == "Crear20"): null

2020-03-11 09:32:45 - [TEST_STEP][PASSED] - else if (Evento == "Crear40"): null

2020-03-11 09:32:45 - [TEST_STEP][PASSED] - else if (Evento == "Aprobar"): null

2020-03-11 09:32:45 - [TEST_STEP][PASSED] - else if (Evento == "Logistica"): null

2020-03-11 09:32:45 - [TEST_STEP][PASSED] - else if (Evento == "Produccion"): null

2020-03-11 09:32:45 - [TEST_STEP][PASSED] - else if (Evento == "Inventario"): Object: 'Object Repository/Page_Iniciar Sesion - KAIZEN/is_btn_ingresar_sistema' is clicked on

2020-03-11 09:32:45 - [TEST_STEP][PASSED] - data5 = obtener_excels.obtener_inventario.getValuesExcelInventary(Index): obtener_excels.obtener_inventario.getValuesExcelInventary is PASSED

2020-03-11 09:32:45 - [MESSAGE][PASSED] - obtener_excels.obtener_inventario.getValuesExcelInventary is PASSED

2020-03-11 09:32:45 - [TEST_STEP][PASSED] - Usuario = data5[1]: null

2020-03-11 09:32:45 - [TEST_STEP][PASSED] - Contrasena = data5[2]: null

2020-03-11 09:32:45 - [TEST_STEP][PASSED] - setText(findTestObject("Page_Iniciar Sesion - KAIZEN/is_input_email"), Usuario): Text 'automated.test@grupokaizen.net' is set on object 'Object Repository/Page_Iniciar Sesion - KAIZEN/is_input_email'

2020-03-11 09:32:46 - [MESSAGE][PASSED] - Text 'automated.test@grupokaizen.net' is set on object 'Object Repository/Page_Iniciar Sesion - KAIZEN/is_input_email'

2020-03-11 09:32:46 - [TEST_STEP][PASSED] - setEncryptedText(findTestObject("Page_Iniciar Sesion - KAIZEN/IS_input_contrasena"), Contrasena): Text ****** has been set on object 'Object Repository/Page_Iniciar Sesion - KAIZEN/IS_input_contrasena'

2020-03-11 09:32:47 - [MESSAGE][PASSED] - Text ****** has been set on object 'Object Repository/Page_Iniciar Sesion - KAIZEN/IS_input_contrasena'

2020-03-11 09:32:47 - [TEST_STEP][PASSED] - click(findTestObject("Page_Iniciar Sesion - KAIZEN/is_btn_ingresar_sistema")): Object: 'Object Repository/Page_Iniciar Sesion - KAIZEN/is_btn_ingresar_sistema' is clicked on

2020-03-11 09:32:52 - [MESSAGE][PASSED] - Object: 'Object Repository/Page_Iniciar Sesion - KAIZEN/is_btn_ingresar_sistema' is clicked on

2020-03-11 09:32:52 - [MESSAGE][PASSED] - Call Test Case 'Test Cases/Individual_Tests/Login' successfully

2020-03-11 09:32:52 - [TEST_STEP][PASSED] - callTestCase(findTestCase("Individual_Tests/Seleccionar_Idioma"), ["Evento":"Inventario", "Index":Index], STOP_ON_FAILURE): Call Test Case 'Test Cases/Individual_Tests/Seleccionar_Idioma' successfully

2020-03-11 09:32:52 - [TEST_CASE][PASSED] - Test Cases/Individual_Tests/Seleccionar_Idioma: Test Cases/Individual_Tests/Seleccionar_Idioma

2020-03-11 09:32:52 - [TEST_STEP][PASSED] - Idioma = 0: null

2020-03-11 09:32:52 - [TEST_STEP][PASSED] - if (Evento == "Crear20"): null

2020-03-11 09:32:52 - [TEST_STEP][PASSED] - else if (Evento == "Crear40"): null

2020-03-11 09:32:52 - [TEST_STEP][PASSED] - else if (Evento == "Aprobar"): null

2020-03-11 09:32:52 - [TEST_STEP][PASSED] - else if (Evento == "Logistica"): null

2020-03-11 09:32:52 - [TEST_STEP][PASSED] - else if (Evento == "Produccion"): null

2020-03-11 09:32:52 - [TEST_STEP][PASSED] - else if (Evento == "Inventario"): null

2020-03-11 09:32:52 - [TEST_STEP][PASSED] - data5 = obtener_excels.obtener_inventario.getValuesExcelInventary(Index): obtener_excels.obtener_inventario.getValuesExcelInventary is PASSED

2020-03-11 09:32:52 - [MESSAGE][PASSED] - obtener_excels.obtener_inventario.getValuesExcelInventary is PASSED

2020-03-11 09:32:52 - [TEST_STEP][PASSED] - Idioma = data5[0]: null

2020-03-11 09:32:52 - [TEST_STEP][PASSED] - click(findTestObject("Page_- KAIZEN/si_btn_idioma")): Object: 'Object Repository/Page_- KAIZEN/si_btn_idioma' is clicked on

2020-03-11 09:32:53 - [MESSAGE][PASSED] - Object: 'Object Repository/Page_- KAIZEN/si_btn_idioma' is clicked on

2020-03-11 09:32:53 - [TEST_STEP][PASSED] - if (Idioma == "0"): null

2020-03-11 09:32:53 - [TEST_STEP][PASSED] - else: Object: 'Object Repository/Page_- KAIZEN/si_Spanish' is clicked on

2020-03-11 09:32:53 - [TEST_STEP][PASSED] - click(findTestObject("Page_- KAIZEN/si_Spanish")): Object: 'Object Repository/Page_- KAIZEN/si_Spanish' is clicked on

2020-03-11 09:32:59 - [MESSAGE][PASSED] - Object: 'Object Repository/Page_- KAIZEN/si_Spanish' is clicked on

2020-03-11 09:32:59 - [MESSAGE][PASSED] - Call Test Case 'Test Cases/Individual_Tests/Seleccionar_Idioma' successfully

2020-03-11 09:32:59 - [TEST_STEP][PASSED] - callTestCase(findTestCase("Individual_Tests/Inventario"), ["Index":Index], STOP_ON_FAILURE): Call Test Case 'Test Cases/Individual_Tests/Inventario' successfully

2020-03-11 09:32:59 - [TEST_CASE][PASSED] - Test Cases/Individual_Tests/Inventario: Test Cases/Individual_Tests/Inventario

2020-03-11 09:32:59 - [TEST_STEP][PASSED] - data = obtener_excels.obtener_inventario.getValuesExcelInventary(Index): obtener_excels.obtener_inventario.getValuesExcelInventary is PASSED

2020-03-11 09:32:59 - [MESSAGE][PASSED] - obtener_excels.obtener_inventario.getValuesExcelInventary is PASSED

2020-03-11 09:32:59 - [TEST_STEP][PASSED] - CodProducto = data[3]: null

2020-03-11 09:32:59 - [TEST_STEP][PASSED] - Cantidad = data[4]: null

2020-03-11 09:32:59 - [TEST_STEP][PASSED] - click(findTestObject("Object Repository/Page_Agregar Productos - KAIZEN/iv_btn_menu_Inventario")): Object: 'Object Repository/Page_Agregar Productos - KAIZEN/iv_btn_menu_Inventario' is clicked on

2020-03-11 09:33:00 - [MESSAGE][PASSED] - Object: 'Object Repository/Page_Agregar Productos - KAIZEN/iv_btn_menu_Inventario' is clicked on

2020-03-11 09:33:00 - [TEST_STEP][PASSED] - click(findTestObject("Object Repository/Page_Agregar Productos - KAIZEN/iv_btn_menu_Movimientos")): Object: 'Object Repository/Page_Agregar Productos - KAIZEN/iv_btn_menu_Movimientos' is clicked on

2020-03-11 09:33:08 - [MESSAGE][PASSED] - Object: 'Object Repository/Page_Agregar Productos - KAIZEN/iv_btn_menu_Movimientos' is clicked on

2020-03-11 09:33:08 - [TEST_STEP][PASSED] - click(findTestObject("Object Repository/Page_Index - KAIZEN/iv_btn_Agregar_inventario")): Object: 'Object Repository/Page_Index - KAIZEN/iv_btn_Agregar_inventario' is clicked on

2020-03-11 09:33:18 - [MESSAGE][PASSED] - Object: 'Object Repository/Page_Index - KAIZEN/iv_btn_Agregar_inventario' is clicked on

2020-03-11 09:33:18 - [TEST_STEP][PASSED] - selectOptionByValue(findTestObject("Object Repository/Page_Create - KAIZEN/iv_select_concepto"), Concepto, true): All options with value 'EntradaDeMercancias' are selected in object 'Object Repository/Page_Create - KAIZEN/iv_select_concepto'  using regular expression

2020-03-11 09:33:19 - [MESSAGE][PASSED] - All options with value 'EntradaDeMercancias' are selected in object 'Object Repository/Page_Create - KAIZEN/iv_select_concepto'  using regular expression

2020-03-11 09:33:19 - [TEST_STEP][PASSED] - selectOptionByValue(findTestObject("Object Repository/Page_Create - KAIZEN/iv_select_motivo"), Motivo, true): All options with value 'EntradaPorFabricacion' are selected in object 'Object Repository/Page_Create - KAIZEN/iv_select_motivo'  using regular expression

2020-03-11 09:33:21 - [MESSAGE][PASSED] - All options with value 'EntradaPorFabricacion' are selected in object 'Object Repository/Page_Create - KAIZEN/iv_select_motivo'  using regular expression

2020-03-11 09:33:21 - [TEST_STEP][PASSED] - click(findTestObject("Object Repository/Page_Create - KAIZEN/iv_btn_Buscar Producto")): Object: 'Object Repository/Page_Create - KAIZEN/iv_btn_Buscar Producto' is clicked on

2020-03-11 09:33:22 - [MESSAGE][PASSED] - Object: 'Object Repository/Page_Create - KAIZEN/iv_btn_Buscar Producto' is clicked on

2020-03-11 09:33:22 - [TEST_STEP][PASSED] - setText(findTestObject("Object Repository/Page_Create - KAIZEN/iv_input_Buscar Producto"), CodProducto): Text '1200-660-0001' is set on object 'Object Repository/Page_Create - KAIZEN/iv_input_Buscar Producto'

2020-03-11 09:33:23 - [MESSAGE][PASSED] - Text '1200-660-0001' is set on object 'Object Repository/Page_Create - KAIZEN/iv_input_Buscar Producto'

2020-03-11 09:33:23 - [TEST_STEP][PASSED] - sendKeys(findTestObject("Object Repository/Page_Create - KAIZEN/iv_input_Buscar Producto"), Keys.chord(ENTER)): Keys 'ENTER + ' sent to object: 'Object Repository/Page_Create - KAIZEN/iv_input_Buscar Producto'

2020-03-11 09:33:23 - [MESSAGE][PASSED] - Keys 'ENTER + ' sent to object: 'Object Repository/Page_Create - KAIZEN/iv_input_Buscar Producto'

2020-03-11 09:33:23 - [TEST_STEP][PASSED] - setText(findTestObject("Object Repository/Page_Create - KAIZEN/iv_input_Cantidad"), Cantidad): Text '20' is set on object 'Object Repository/Page_Create - KAIZEN/iv_input_Cantidad'

2020-03-11 09:33:24 - [MESSAGE][PASSED] - Text '20' is set on object 'Object Repository/Page_Create - KAIZEN/iv_input_Cantidad'

2020-03-11 09:33:24 - [TEST_STEP][PASSED] - click(findTestObject("Object Repository/Page_Create - KAIZEN/iv_btn_Guardar")): Object: 'Object Repository/Page_Create - KAIZEN/iv_btn_Guardar' is clicked on

2020-03-11 09:33:33 - [MESSAGE][PASSED] - Object: 'Object Repository/Page_Create - KAIZEN/iv_btn_Guardar' is clicked on

2020-03-11 09:33:33 - [TEST_STEP][PASSED] - verifyElementPresent(findTestObject("Object Repository/Page_Index - KAIZEN/iv_btn_Agregar_inventario"), 5): Object 'Object Repository/Page_Index - KAIZEN/iv_btn_Agregar_inventario' is present

2020-03-11 09:33:33 - [MESSAGE][PASSED] - Object 'Object Repository/Page_Index - KAIZEN/iv_btn_Agregar_inventario' is present

2020-03-11 09:33:33 - [MESSAGE][PASSED] - Call Test Case 'Test Cases/Individual_Tests/Inventario' successfully]]></system-out>
         <system-err><![CDATA[]]></system-err>
      </testcase>
      <testcase name="Test Cases/Generar_Excels_Secuencias/TC_Generar_Excel_Despachar" time="5.986" classname="Test Cases/Generar_Excels_Secuencias/TC_Generar_Excel_Despachar" status="PASSED">
         <system-out><![CDATA[2020-03-11 09:33:33 - [TEST_CASE][PASSED] - Test Cases/Generar_Excels_Secuencias/TC_Generar_Excel_Despachar: Test Cases/Generar_Excels_Secuencias/TC_Generar_Excel_Despachar

2020-03-11 09:33:34 - [TEST_STEP][PASSED] - python.ejecutarAleatoriosPython.runPython("Despacho"): python.ejecutarAleatoriosPython.runPython is PASSED

2020-03-11 09:33:39 - [MESSAGE][PASSED] - python.ejecutarAleatoriosPython.runPython is PASSED]]></system-out>
         <system-err><![CDATA[]]></system-err>
      </testcase>
      <testcase name="Test Cases/Secuencias de Ejecucion/TC_Agregar_Despacho" time="61.24" classname="Test Cases/Secuencias de Ejecucion/TC_Agregar_Despacho" status="PASSED">
         <system-out><![CDATA[2020-03-11 09:33:39 - [TEST_CASE][PASSED] - Test Cases/Secuencias de Ejecucion/TC_Agregar_Despacho: Test Cases/Secuencias de Ejecucion/TC_Agregar_Despacho

2020-03-11 09:33:40 - [TEST_STEP][PASSED] - archivo = $RunConfiguration.getProjectDir()/Pedidos/DataExcel/Despacho.xlsx: null

2020-03-11 09:33:40 - [TEST_STEP][PASSED] - excelData = getExcelDataWithDefaultSheet(archivo, "Sheet1", true): null

2020-03-11 09:33:40 - [TEST_STEP][PASSED] - for ([Index = 1, Index <= excelData.getRowNumbers(), (Index++)]): Call Test Case 'Test Cases/Individual_Tests/Despacho' successfully

2020-03-11 09:33:40 - [TEST_STEP][PASSED] - callTestCase(findTestCase("Individual_Tests/Login"), ["Evento":"Despacho", "Index":Index, "Usuario":Usuario, "Contrasena":Contrasena], STOP_ON_FAILURE): Call Test Case 'Test Cases/Individual_Tests/Login' successfully

2020-03-11 09:33:40 - [TEST_CASE][PASSED] - Test Cases/Individual_Tests/Login: Test Cases/Individual_Tests/Login

2020-03-11 09:33:40 - [TEST_STEP][PASSED] - print("Evento Seleccionado: " + Evento + "
"): null

2020-03-11 09:33:40 - [TEST_STEP][PASSED] - openBrowser(Web): Browser is opened with url: 'http://test.kaizendev.net/Login/Accesar?salir=true'

2020-03-11 09:33:40 - [MESSAGE][WARNING] - A browser is already opened. Closing browser and opening a new one

2020-03-11 09:33:41 - [MESSAGE][INFO] - Starting 'Chrome' driver

2020-03-11 09:34:15 - [MESSAGE][PASSED] - Browser is opened with url: 'http://test.kaizendev.net/Login/Accesar?salir=true'

2020-03-11 09:34:15 - [TEST_STEP][PASSED] - maximizeWindow(): Current window maximized

2020-03-11 09:34:16 - [MESSAGE][PASSED] - Current window maximized

2020-03-11 09:34:16 - [TEST_STEP][PASSED] - if (Evento == "Crear20"): null

2020-03-11 09:34:16 - [TEST_STEP][PASSED] - else if (Evento == "Crear40"): null

2020-03-11 09:34:16 - [TEST_STEP][PASSED] - else if (Evento == "Aprobar"): null

2020-03-11 09:34:16 - [TEST_STEP][PASSED] - else if (Evento == "Logistica"): null

2020-03-11 09:34:16 - [TEST_STEP][PASSED] - else if (Evento == "Produccion"): null

2020-03-11 09:34:16 - [TEST_STEP][PASSED] - else if (Evento == "Inventario"): null

2020-03-11 09:34:16 - [TEST_STEP][PASSED] - else if (Evento == "Despacho"): Object: 'Object Repository/Page_Iniciar Sesion - KAIZEN/is_btn_ingresar_sistema' is clicked on

2020-03-11 09:34:16 - [TEST_STEP][PASSED] - data6 = obtener_excels.obtener_despacho.getValuesExcelDespach(Index): obtener_excels.obtener_despacho.getValuesExcelDespach is PASSED

2020-03-11 09:34:16 - [MESSAGE][PASSED] - obtener_excels.obtener_despacho.getValuesExcelDespach is PASSED

2020-03-11 09:34:16 - [TEST_STEP][PASSED] - Usuario = data6[1]: null

2020-03-11 09:34:16 - [TEST_STEP][PASSED] - Contrasena = data6[2]: null

2020-03-11 09:34:16 - [TEST_STEP][PASSED] - setText(findTestObject("Page_Iniciar Sesion - KAIZEN/is_input_email"), Usuario): Text 'automated.test@grupokaizen.net' is set on object 'Object Repository/Page_Iniciar Sesion - KAIZEN/is_input_email'

2020-03-11 09:34:17 - [MESSAGE][PASSED] - Text 'automated.test@grupokaizen.net' is set on object 'Object Repository/Page_Iniciar Sesion - KAIZEN/is_input_email'

2020-03-11 09:34:17 - [TEST_STEP][PASSED] - setEncryptedText(findTestObject("Page_Iniciar Sesion - KAIZEN/IS_input_contrasena"), Contrasena): Text ****** has been set on object 'Object Repository/Page_Iniciar Sesion - KAIZEN/IS_input_contrasena'

2020-03-11 09:34:17 - [MESSAGE][PASSED] - Text ****** has been set on object 'Object Repository/Page_Iniciar Sesion - KAIZEN/IS_input_contrasena'

2020-03-11 09:34:17 - [TEST_STEP][PASSED] - click(findTestObject("Page_Iniciar Sesion - KAIZEN/is_btn_ingresar_sistema")): Object: 'Object Repository/Page_Iniciar Sesion - KAIZEN/is_btn_ingresar_sistema' is clicked on

2020-03-11 09:34:20 - [MESSAGE][PASSED] - Object: 'Object Repository/Page_Iniciar Sesion - KAIZEN/is_btn_ingresar_sistema' is clicked on

2020-03-11 09:34:20 - [MESSAGE][PASSED] - Call Test Case 'Test Cases/Individual_Tests/Login' successfully

2020-03-11 09:34:20 - [TEST_STEP][PASSED] - callTestCase(findTestCase("Individual_Tests/Seleccionar_Idioma"), ["Evento":"Despacho", "Index":Index], STOP_ON_FAILURE): Call Test Case 'Test Cases/Individual_Tests/Seleccionar_Idioma' successfully

2020-03-11 09:34:20 - [TEST_CASE][PASSED] - Test Cases/Individual_Tests/Seleccionar_Idioma: Test Cases/Individual_Tests/Seleccionar_Idioma

2020-03-11 09:34:20 - [TEST_STEP][PASSED] - Idioma = 0: null

2020-03-11 09:34:20 - [TEST_STEP][PASSED] - if (Evento == "Crear20"): null

2020-03-11 09:34:20 - [TEST_STEP][PASSED] - else if (Evento == "Crear40"): null

2020-03-11 09:34:20 - [TEST_STEP][PASSED] - else if (Evento == "Aprobar"): null

2020-03-11 09:34:20 - [TEST_STEP][PASSED] - else if (Evento == "Logistica"): null

2020-03-11 09:34:20 - [TEST_STEP][PASSED] - else if (Evento == "Produccion"): null

2020-03-11 09:34:20 - [TEST_STEP][PASSED] - else if (Evento == "Inventario"): null

2020-03-11 09:34:20 - [TEST_STEP][PASSED] - else if (Evento == "Despacho"): null

2020-03-11 09:34:20 - [TEST_STEP][PASSED] - data6 = obtener_excels.obtener_despacho.getValuesExcelDespach(Index): obtener_excels.obtener_despacho.getValuesExcelDespach is PASSED

2020-03-11 09:34:20 - [MESSAGE][PASSED] - obtener_excels.obtener_despacho.getValuesExcelDespach is PASSED

2020-03-11 09:34:20 - [TEST_STEP][PASSED] - Idioma = data6[0]: null

2020-03-11 09:34:20 - [TEST_STEP][PASSED] - click(findTestObject("Page_- KAIZEN/si_btn_idioma")): Object: 'Object Repository/Page_- KAIZEN/si_btn_idioma' is clicked on

2020-03-11 09:34:21 - [MESSAGE][PASSED] - Object: 'Object Repository/Page_- KAIZEN/si_btn_idioma' is clicked on

2020-03-11 09:34:21 - [TEST_STEP][PASSED] - if (Idioma == "0"): null

2020-03-11 09:34:21 - [TEST_STEP][PASSED] - else: Object: 'Object Repository/Page_- KAIZEN/si_Spanish' is clicked on

2020-03-11 09:34:21 - [TEST_STEP][PASSED] - click(findTestObject("Page_- KAIZEN/si_Spanish")): Object: 'Object Repository/Page_- KAIZEN/si_Spanish' is clicked on

2020-03-11 09:34:24 - [MESSAGE][PASSED] - Object: 'Object Repository/Page_- KAIZEN/si_Spanish' is clicked on

2020-03-11 09:34:24 - [MESSAGE][PASSED] - Call Test Case 'Test Cases/Individual_Tests/Seleccionar_Idioma' successfully

2020-03-11 09:34:24 - [TEST_STEP][PASSED] - callTestCase(findTestCase("Individual_Tests/Despacho"), ["Index":Index], STOP_ON_FAILURE): Call Test Case 'Test Cases/Individual_Tests/Despacho' successfully

2020-03-11 09:34:24 - [TEST_CASE][PASSED] - Test Cases/Individual_Tests/Despacho: Test Cases/Individual_Tests/Despacho

2020-03-11 09:34:24 - [TEST_STEP][PASSED] - data = obtener_excels.obtener_despacho.getValuesExcelDespach(Index): obtener_excels.obtener_despacho.getValuesExcelDespach is PASSED

2020-03-11 09:34:24 - [MESSAGE][PASSED] - obtener_excels.obtener_despacho.getValuesExcelDespach is PASSED

2020-03-11 09:34:24 - [TEST_STEP][PASSED] - IdPedido = data[3]: null

2020-03-11 09:34:24 - [TEST_STEP][PASSED] - Id_Cliente = data[4]: null

2020-03-11 09:34:24 - [TEST_STEP][PASSED] - CantProd = data[5]: null

2020-03-11 09:34:24 - [TEST_STEP][PASSED] - IDPedido = IdPedido: null

2020-03-11 09:34:24 - [TEST_STEP][PASSED] - IDCliente = Id_Cliente: null

2020-03-11 09:34:24 - [TEST_STEP][PASSED] - CantProductos = CantProd: null

2020-03-11 09:34:24 - [TEST_STEP][PASSED] - click(findTestObject("Object Repository/Page_- KAIZEN/dp_menu_Operaciones")): Object: 'Object Repository/Page_- KAIZEN/dp_menu_Operaciones' is clicked on

2020-03-11 09:34:25 - [MESSAGE][PASSED] - Object: 'Object Repository/Page_- KAIZEN/dp_menu_Operaciones' is clicked on

2020-03-11 09:34:25 - [TEST_STEP][PASSED] - click(findTestObject("Object Repository/Page_- KAIZEN/dp_menu_Lista de Empaque")): Object: 'Object Repository/Page_- KAIZEN/dp_menu_Lista de Empaque' is clicked on

2020-03-11 09:34:27 - [MESSAGE][PASSED] - Object: 'Object Repository/Page_- KAIZEN/dp_menu_Lista de Empaque' is clicked on

2020-03-11 09:34:27 - [TEST_STEP][PASSED] - executeJavaScript("document.querySelector('.btn-success[href="/DespachoPedido/Edit/" + IDPedido + ""]').click()", null): Execute JavaScript 'document.querySelector('.btn-success[href="/DespachoPedido/Edit/268"]').click()' successfully

2020-03-11 09:34:31 - [MESSAGE][PASSED] - Execute JavaScript 'document.querySelector('.btn-success[href="/DespachoPedido/Edit/268"]').click()' successfully

2020-03-11 09:34:31 - [TEST_STEP][PASSED] - for ([i = 1, i <= CantProductosDespachar, (i++)]): Object: 'Object Repository/Page_Lista de Empaque - KAIZEN/dp_click_mas_1' is clicked on

2020-03-11 09:34:31 - [TEST_STEP][PASSED] - if (CantProductos == "1"): Object: 'Object Repository/Page_Lista de Empaque - KAIZEN/dp_click_mas_1' is clicked on

2020-03-11 09:34:31 - [TEST_STEP][PASSED] - click(findTestObject("Object Repository/Page_Lista de Empaque - KAIZEN/dp_click_mas_1")): Object: 'Object Repository/Page_Lista de Empaque - KAIZEN/dp_click_mas_1' is clicked on

2020-03-11 09:34:32 - [MESSAGE][PASSED] - Object: 'Object Repository/Page_Lista de Empaque - KAIZEN/dp_click_mas_1' is clicked on

2020-03-11 09:34:32 - [TEST_STEP][PASSED] - if (CantProductos == "1"): Object: 'Object Repository/Page_Lista de Empaque - KAIZEN/dp_click_mas_1' is clicked on

2020-03-11 09:34:32 - [TEST_STEP][PASSED] - click(findTestObject("Object Repository/Page_Lista de Empaque - KAIZEN/dp_click_mas_1")): Object: 'Object Repository/Page_Lista de Empaque - KAIZEN/dp_click_mas_1' is clicked on

2020-03-11 09:34:35 - [MESSAGE][PASSED] - Object: 'Object Repository/Page_Lista de Empaque - KAIZEN/dp_click_mas_1' is clicked on

2020-03-11 09:34:35 - [TEST_STEP][PASSED] - executeJavaScript("document.querySelector(".btn-warning[onclick='GuardarModal()']").click()", null): Execute JavaScript 'document.querySelector(".btn-warning[onclick='GuardarModal()']").click()' successfully

2020-03-11 09:34:35 - [MESSAGE][PASSED] - Execute JavaScript 'document.querySelector(".btn-warning[onclick='GuardarModal()']").click()' successfully

2020-03-11 09:34:35 - [TEST_STEP][PASSED] - click(findTestObject("Object Repository/Page_Lista de Empaque - KAIZEN/dp_Aceptar")): Object: 'Object Repository/Page_Lista de Empaque - KAIZEN/dp_Aceptar' is clicked on

2020-03-11 09:34:41 - [MESSAGE][PASSED] - Object: 'Object Repository/Page_Lista de Empaque - KAIZEN/dp_Aceptar' is clicked on

2020-03-11 09:34:41 - [MESSAGE][PASSED] - Call Test Case 'Test Cases/Individual_Tests/Despacho' successfully]]></system-out>
         <system-err><![CDATA[]]></system-err>
      </testcase>
      <system-out><![CDATA[2020-03-11 09:16:25 - [TEST_SUITE][FAILED] - Flujo Completo 20 pies: Test Cases/Secuencias de Ejecucion/TC_Aprobar_Ventas FAILED.
Reason:
com.kms.katalon.core.exception.StepFailedException: Call Test Case 'Test Cases/Individual_Tests/Aprobacion_Ventas' failed
	at com.kms.katalon.core.keyword.builtin.CallTestCaseKeyword$_callTestCase_closure1.doCall(CallTestCaseKeyword.groovy:63)
	at com.kms.katalon.core.keyword.builtin.CallTestCaseKeyword$_callTestCase_closure1.call(CallTestCaseKeyword.groovy)
	at com.kms.katalon.core.keyword.internal.KeywordMain.runKeyword(KeywordMain.groovy:68)
	at com.kms.katalon.core.keyword.builtin.CallTestCaseKeyword.callTestCase(CallTestCaseKeyword.groovy:81)
	at com.kms.katalon.core.keyword.builtin.CallTestCaseKeyword.execute(CallTestCaseKeyword.groovy:44)
	at com.kms.katalon.core.keyword.internal.KeywordExecutor.executeKeywordForPlatform(KeywordExecutor.groovy:72)
	at com.kms.katalon.core.keyword.BuiltinKeywords.callTestCase(BuiltinKeywords.groovy:334)
	at TC_Aprobar_Ventas.run(TC_Aprobar_Ventas:33)
	at com.kms.katalon.core.main.ScriptEngine.run(ScriptEngine.java:194)
	at com.kms.katalon.core.main.ScriptEngine.runScriptAsRawText(ScriptEngine.java:119)
	at com.kms.katalon.core.main.TestCaseExecutor.runScript(TestCaseExecutor.java:337)
	at com.kms.katalon.core.main.TestCaseExecutor.doExecute(TestCaseExecutor.java:328)
	at com.kms.katalon.core.main.TestCaseExecutor.processExecutionPhase(TestCaseExecutor.java:307)
	at com.kms.katalon.core.main.TestCaseExecutor.accessMainPhase(TestCaseExecutor.java:299)
	at com.kms.katalon.core.main.TestCaseExecutor.execute(TestCaseExecutor.java:233)
	at com.kms.katalon.core.main.TestSuiteExecutor.accessTestCaseMainPhase(TestSuiteExecutor.java:169)
	at com.kms.katalon.core.main.TestSuiteExecutor.accessTestSuiteMainPhase(TestSuiteExecutor.java:142)
	at com.kms.katalon.core.main.TestSuiteExecutor.execute(TestSuiteExecutor.java:91)
	at com.kms.katalon.core.main.TestCaseMain.startTestSuite(TestCaseMain.java:157)
	at com.kms.katalon.core.main.TestCaseMain$startTestSuite$0.call(Unknown Source)
	at TempTestSuite1583932579593.run(TempTestSuite1583932579593.groovy:36)
Caused by: com.kms.katalon.core.exception.StepFailedException: Unable to execute JavaScript.
	at com.kms.katalon.core.webui.keyword.internal.WebUIKeywordMain.stepFailed(WebUIKeywordMain.groovy:64)
	at com.kms.katalon.core.webui.keyword.internal.WebUIKeywordMain.runKeyword(WebUIKeywordMain.groovy:26)
	at com.kms.katalon.core.webui.keyword.builtin.ExecuteJavaScriptKeyword.executeJavascript(ExecuteJavascriptKeyword.groovy:42)
	at com.kms.katalon.core.webui.keyword.builtin.ExecuteJavaScriptKeyword.execute(ExecuteJavascriptKeyword.groovy:37)
	at com.kms.katalon.core.keyword.internal.KeywordExecutor.executeKeywordForPlatform(KeywordExecutor.groovy:72)
	at com.kms.katalon.core.webui.keyword.WebUiBuiltInKeywords.executeJavaScript(WebUiBuiltInKeywords.groovy:3787)
	at Aprobacion_Ventas.run(Aprobacion_Ventas:57)
	at com.kms.katalon.core.main.ScriptEngine.run(ScriptEngine.java:194)
	at com.kms.katalon.core.main.ScriptEngine.runScriptAsRawText(ScriptEngine.java:119)
	at com.kms.katalon.core.main.TestCaseExecutor.runScript(TestCaseExecutor.java:337)
	at com.kms.katalon.core.main.TestCaseExecutor.doExecute(TestCaseExecutor.java:328)
	at com.kms.katalon.core.main.TestCaseExecutor.processExecutionPhase(TestCaseExecutor.java:307)
	at com.kms.katalon.core.main.TestCaseExecutor.accessMainPhase(TestCaseExecutor.java:299)
	at com.kms.katalon.core.main.TestCaseExecutor.execute(TestCaseExecutor.java:233)
	at com.kms.katalon.core.main.TestCaseMain.runTestCase(TestCaseMain.java:114)
	at com.kms.katalon.core.keyword.builtin.CallTestCaseKeyword$_callTestCase_closure1.doCall(CallTestCaseKeyword.groovy:59)
	... 20 more
Caused by: org.openqa.selenium.JavascriptException: javascript error: Cannot read property 'click' of null
  (Session info: chrome=80.0.3987.132)
Build info: version: '3.141.59', revision: 'e82be7d358', time: '2018-11-14T08:25:53'
System info: host: 'LAPTOP-K43U1BVQ', ip: '192.168.99.1', os.name: 'Windows 10', os.arch: 'amd64', os.version: '10.0', java.version: '1.8.0_181'
Driver info: com.kms.katalon.selenium.driver.CChromeDriver
Capabilities {acceptInsecureCerts: false, browserName: chrome, browserVersion: 80.0.3987.132, chrome: {chromedriverVersion: 79.0.3945.36 (3582db32b3389..., userDataDir: C:\Users\kaizen\AppData\Loc...}, goog:chromeOptions: {debuggerAddress: localhost:12772}, javascriptEnabled: true, networkConnectionEnabled: false, pageLoadStrategy: normal, platform: WINDOWS, platformName: WINDOWS, proxy: Proxy(), setWindowRect: true, strictFileInteractability: false, timeouts: {implicit: 0, pageLoad: 300000, script: 30000}, unhandledPromptBehavior: dismiss and notify}
Session ID: 052c400c40ee0e260b1c6cbe732eeb35
	at org.openqa.selenium.remote.http.W3CHttpResponseCodec.createException(W3CHttpResponseCodec.java:187)
	at org.openqa.selenium.remote.http.W3CHttpResponseCodec.decode(W3CHttpResponseCodec.java:122)
	at org.openqa.selenium.remote.http.W3CHttpResponseCodec.decode(W3CHttpResponseCodec.java:49)
	at org.openqa.selenium.remote.HttpCommandExecutor.execute(HttpCommandExecutor.java:158)
	at org.openqa.selenium.remote.service.DriverCommandExecutor.execute(DriverCommandExecutor.java:83)
	at org.openqa.selenium.remote.RemoteWebDriver.execute(RemoteWebDriver.java:552)
	at com.kms.katalon.selenium.driver.CChromeDriver.execute(CChromeDriver.java:19)
	at org.openqa.selenium.remote.RemoteWebDriver.executeScript(RemoteWebDriver.java:489)
	at org.openqa.selenium.support.events.EventFiringWebDriver.lambda$new$1(EventFiringWebDriver.java:105)
	at com.sun.proxy.$Proxy9.executeScript(Unknown Source)
	at org.openqa.selenium.support.events.EventFiringWebDriver.executeScript(EventFiringWebDriver.java:229)
	at com.kms.katalon.core.webui.keyword.builtin.ExecuteJavaScriptKeyword$_executeJavascript_closure1.doCall(ExecuteJavascriptKeyword.groovy:48)
	at com.kms.katalon.core.webui.keyword.builtin.ExecuteJavaScriptKeyword$_executeJavascript_closure1.call(ExecuteJavascriptKeyword.groovy)
	at com.kms.katalon.core.webui.keyword.internal.WebUIKeywordMain.runKeyword(WebUIKeywordMain.groovy:20)
	... 34 more]]></system-out>
      <system-err><![CDATA[2020-03-11 09:16:25 - [TEST_SUITE][FAILED] - Flujo Completo 20 pies: Test Cases/Secuencias de Ejecucion/TC_Aprobar_Ventas FAILED.
Reason:
com.kms.katalon.core.exception.StepFailedException: Call Test Case 'Test Cases/Individual_Tests/Aprobacion_Ventas' failed
	at com.kms.katalon.core.keyword.builtin.CallTestCaseKeyword$_callTestCase_closure1.doCall(CallTestCaseKeyword.groovy:63)
	at com.kms.katalon.core.keyword.builtin.CallTestCaseKeyword$_callTestCase_closure1.call(CallTestCaseKeyword.groovy)
	at com.kms.katalon.core.keyword.internal.KeywordMain.runKeyword(KeywordMain.groovy:68)
	at com.kms.katalon.core.keyword.builtin.CallTestCaseKeyword.callTestCase(CallTestCaseKeyword.groovy:81)
	at com.kms.katalon.core.keyword.builtin.CallTestCaseKeyword.execute(CallTestCaseKeyword.groovy:44)
	at com.kms.katalon.core.keyword.internal.KeywordExecutor.executeKeywordForPlatform(KeywordExecutor.groovy:72)
	at com.kms.katalon.core.keyword.BuiltinKeywords.callTestCase(BuiltinKeywords.groovy:334)
	at TC_Aprobar_Ventas.run(TC_Aprobar_Ventas:33)
	at com.kms.katalon.core.main.ScriptEngine.run(ScriptEngine.java:194)
	at com.kms.katalon.core.main.ScriptEngine.runScriptAsRawText(ScriptEngine.java:119)
	at com.kms.katalon.core.main.TestCaseExecutor.runScript(TestCaseExecutor.java:337)
	at com.kms.katalon.core.main.TestCaseExecutor.doExecute(TestCaseExecutor.java:328)
	at com.kms.katalon.core.main.TestCaseExecutor.processExecutionPhase(TestCaseExecutor.java:307)
	at com.kms.katalon.core.main.TestCaseExecutor.accessMainPhase(TestCaseExecutor.java:299)
	at com.kms.katalon.core.main.TestCaseExecutor.execute(TestCaseExecutor.java:233)
	at com.kms.katalon.core.main.TestSuiteExecutor.accessTestCaseMainPhase(TestSuiteExecutor.java:169)
	at com.kms.katalon.core.main.TestSuiteExecutor.accessTestSuiteMainPhase(TestSuiteExecutor.java:142)
	at com.kms.katalon.core.main.TestSuiteExecutor.execute(TestSuiteExecutor.java:91)
	at com.kms.katalon.core.main.TestCaseMain.startTestSuite(TestCaseMain.java:157)
	at com.kms.katalon.core.main.TestCaseMain$startTestSuite$0.call(Unknown Source)
	at TempTestSuite1583932579593.run(TempTestSuite1583932579593.groovy:36)
Caused by: com.kms.katalon.core.exception.StepFailedException: Unable to execute JavaScript.
	at com.kms.katalon.core.webui.keyword.internal.WebUIKeywordMain.stepFailed(WebUIKeywordMain.groovy:64)
	at com.kms.katalon.core.webui.keyword.internal.WebUIKeywordMain.runKeyword(WebUIKeywordMain.groovy:26)
	at com.kms.katalon.core.webui.keyword.builtin.ExecuteJavaScriptKeyword.executeJavascript(ExecuteJavascriptKeyword.groovy:42)
	at com.kms.katalon.core.webui.keyword.builtin.ExecuteJavaScriptKeyword.execute(ExecuteJavascriptKeyword.groovy:37)
	at com.kms.katalon.core.keyword.internal.KeywordExecutor.executeKeywordForPlatform(KeywordExecutor.groovy:72)
	at com.kms.katalon.core.webui.keyword.WebUiBuiltInKeywords.executeJavaScript(WebUiBuiltInKeywords.groovy:3787)
	at Aprobacion_Ventas.run(Aprobacion_Ventas:57)
	at com.kms.katalon.core.main.ScriptEngine.run(ScriptEngine.java:194)
	at com.kms.katalon.core.main.ScriptEngine.runScriptAsRawText(ScriptEngine.java:119)
	at com.kms.katalon.core.main.TestCaseExecutor.runScript(TestCaseExecutor.java:337)
	at com.kms.katalon.core.main.TestCaseExecutor.doExecute(TestCaseExecutor.java:328)
	at com.kms.katalon.core.main.TestCaseExecutor.processExecutionPhase(TestCaseExecutor.java:307)
	at com.kms.katalon.core.main.TestCaseExecutor.accessMainPhase(TestCaseExecutor.java:299)
	at com.kms.katalon.core.main.TestCaseExecutor.execute(TestCaseExecutor.java:233)
	at com.kms.katalon.core.main.TestCaseMain.runTestCase(TestCaseMain.java:114)
	at com.kms.katalon.core.keyword.builtin.CallTestCaseKeyword$_callTestCase_closure1.doCall(CallTestCaseKeyword.groovy:59)
	... 20 more
Caused by: org.openqa.selenium.JavascriptException: javascript error: Cannot read property 'click' of null
  (Session info: chrome=80.0.3987.132)
Build info: version: '3.141.59', revision: 'e82be7d358', time: '2018-11-14T08:25:53'
System info: host: 'LAPTOP-K43U1BVQ', ip: '192.168.99.1', os.name: 'Windows 10', os.arch: 'amd64', os.version: '10.0', java.version: '1.8.0_181'
Driver info: com.kms.katalon.selenium.driver.CChromeDriver
Capabilities {acceptInsecureCerts: false, browserName: chrome, browserVersion: 80.0.3987.132, chrome: {chromedriverVersion: 79.0.3945.36 (3582db32b3389..., userDataDir: C:\Users\kaizen\AppData\Loc...}, goog:chromeOptions: {debuggerAddress: localhost:12772}, javascriptEnabled: true, networkConnectionEnabled: false, pageLoadStrategy: normal, platform: WINDOWS, platformName: WINDOWS, proxy: Proxy(), setWindowRect: true, strictFileInteractability: false, timeouts: {implicit: 0, pageLoad: 300000, script: 30000}, unhandledPromptBehavior: dismiss and notify}
Session ID: 052c400c40ee0e260b1c6cbe732eeb35
	at org.openqa.selenium.remote.http.W3CHttpResponseCodec.createException(W3CHttpResponseCodec.java:187)
	at org.openqa.selenium.remote.http.W3CHttpResponseCodec.decode(W3CHttpResponseCodec.java:122)
	at org.openqa.selenium.remote.http.W3CHttpResponseCodec.decode(W3CHttpResponseCodec.java:49)
	at org.openqa.selenium.remote.HttpCommandExecutor.execute(HttpCommandExecutor.java:158)
	at org.openqa.selenium.remote.service.DriverCommandExecutor.execute(DriverCommandExecutor.java:83)
	at org.openqa.selenium.remote.RemoteWebDriver.execute(RemoteWebDriver.java:552)
	at com.kms.katalon.selenium.driver.CChromeDriver.execute(CChromeDriver.java:19)
	at org.openqa.selenium.remote.RemoteWebDriver.executeScript(RemoteWebDriver.java:489)
	at org.openqa.selenium.support.events.EventFiringWebDriver.lambda$new$1(EventFiringWebDriver.java:105)
	at com.sun.proxy.$Proxy9.executeScript(Unknown Source)
	at org.openqa.selenium.support.events.EventFiringWebDriver.executeScript(EventFiringWebDriver.java:229)
	at com.kms.katalon.core.webui.keyword.builtin.ExecuteJavaScriptKeyword$_executeJavascript_closure1.doCall(ExecuteJavascriptKeyword.groovy:48)
	at com.kms.katalon.core.webui.keyword.builtin.ExecuteJavaScriptKeyword$_executeJavascript_closure1.call(ExecuteJavascriptKeyword.groovy)
	at com.kms.katalon.core.webui.keyword.internal.WebUIKeywordMain.runKeyword(WebUIKeywordMain.groovy:20)
	... 34 more]]></system-err>
   </testsuite>
</testsuites>
