<?xml version="1.0" encoding="UTF-8"?>
<testsuites name="6-BorrarExcels_20pies_TestSuites" time="1.25" tests="1" failures="0" errors="0">
   <testsuite name="6-BorrarExcels_20pies_TestSuites" tests="1" failures="0" errors="0" time="1.25" timestamp="2020-02-07 09:50:07" hostname="kaizen - LAPTOP-K43U1BVQ" id="Test Suites/Flujo_funcionalidades_Pedidos_20pies/6-BorrarExcels_20pies_TestSuites">
      <properties>
         <property name="deviceName" value=""/>
         <property name="devicePlatform" value=""/>
         <property name="logFolder" value="C:\\Users\\kaizen\\git\\AutomatizacionKatalon\\Reports\\20200207_094816\\Flujo_funcionalidades_Pedidos_20pies\\6-BorrarExcels_20pies_TestSuites\\20200207_094828"/>
         <property name="logFiles" value="C:\\Users\\kaizen\\git\\AutomatizacionKatalon\\Reports\\20200207_094816\\Flujo_funcionalidades_Pedidos_20pies\\6-BorrarExcels_20pies_TestSuites\\20200207_094828\\execution0.log"/>
         <property name="attachments" value=""/>
         <property name="hostName" value="kaizen - LAPTOP-K43U1BVQ"/>
         <property name="hostAddress" value="192.168.99.1"/>
         <property name="os" value="Windows 10 64bit"/>
         <property name="katalonVersion" value="7.2.1.1"/>
      </properties>
      <testcase name="Test Cases/Secuencias de Ejecucion/TC_Remover_pedidos_20pies" time="0.728" classname="Test Cases/Secuencias de Ejecucion/TC_Remover_pedidos_20pies" status="PASSED">
         <system-out><![CDATA[2020-02-07 09:50:07 - [TEST_CASE][PASSED] - Test Cases/Secuencias de Ejecucion/TC_Remover_pedidos_20pies: Test Cases/Secuencias de Ejecucion/TC_Remover_pedidos_20pies

2020-02-07 09:50:08 - [TEST_STEP][PASSED] - python.BorrarTodosExcels_20pies.runPython(): python.BorrarTodosExcels_20pies.runPython is PASSED

2020-02-07 09:50:08 - [MESSAGE][PASSED] - python.BorrarTodosExcels_20pies.runPython is PASSED]]></system-out>
         <system-err><![CDATA[]]></system-err>
      </testcase>
      <system-out><![CDATA[2020-02-07 09:50:07 - [TEST_SUITE][PASSED] - 6-BorrarExcels_20pies_TestSuites: Test Cases/Secuencias de Ejecucion/TC_Remover_pedidos_20pies]]></system-out>
      <system-err><![CDATA[]]></system-err>
   </testsuite>
</testsuites>
