<?xml version="1.0" encoding="UTF-8"?>
<testsuites name="3-AgregarLogistica_20_TestSuites" time="10.438" tests="2" failures="0" errors="0">
   <testsuite name="3-AgregarLogistica_20_TestSuites" tests="2" failures="0" errors="0" time="10.438" timestamp="2020-01-28 13:45:19" hostname="kaizen - DESKTOP-38N4VV4" id="Test Suites/Flujo_funcionalidades_Pedidos_20pies/3-AgregarLogistica_20_TestSuites">
      <properties>
         <property name="deviceName" value=""/>
         <property name="devicePlatform" value=""/>
         <property name="logFolder" value="C:\\Users\\kaizen\\git\\AutomatizacionKatalon\\Reports\\20200128_134511\\Flujo_funcionalidades_Pedidos_20pies\\3-AgregarLogistica_20_TestSuites\\20200128_134511"/>
         <property name="logFiles" value="C:\\Users\\kaizen\\git\\AutomatizacionKatalon\\Reports\\20200128_134511\\Flujo_funcionalidades_Pedidos_20pies\\3-AgregarLogistica_20_TestSuites\\20200128_134511\\execution0.log"/>
         <property name="attachments" value=""/>
         <property name="hostName" value="kaizen - DESKTOP-38N4VV4"/>
         <property name="hostAddress" value="192.168.0.4"/>
         <property name="os" value="Windows 10 64bit"/>
         <property name="katalonVersion" value="7.2.1.1"/>
      </properties>
      <testcase name="Test Cases/Secuencias de Ejecucion/TC_Generar_CargosLogisticos_20pies" time="10.038" classname="Test Cases/Secuencias de Ejecucion/TC_Generar_CargosLogisticos_20pies" status="PASSED">
         <system-out><![CDATA[2020-01-28 13:45:19 - [TEST_CASE][PASSED] - Test Cases/Secuencias de Ejecucion/TC_Generar_CargosLogisticos_20pies: Test Cases/Secuencias de Ejecucion/TC_Generar_CargosLogisticos_20pies

2020-01-28 13:45:19 - [TEST_STEP][PASSED] - python.Ex_logistica_pedidos_20pies.runPython(): python.Ex_logistica_pedidos_20pies.runPython is PASSED

2020-01-28 13:45:29 - [MESSAGE][PASSED] - python.Ex_logistica_pedidos_20pies.runPython is PASSED]]></system-out>
         <system-err><![CDATA[]]></system-err>
      </testcase>
      <testcase name="Test Cases/Secuencias de Ejecucion/TC_Agregar_Cargos_Logisticos" time="0.054" classname="Test Cases/Secuencias de Ejecucion/TC_Agregar_Cargos_Logisticos" status="PASSED">
         <system-out><![CDATA[2020-01-28 13:45:29 - [TEST_CASE][PASSED] - Test Cases/Secuencias de Ejecucion/TC_Agregar_Cargos_Logisticos: null]]></system-out>
         <system-err><![CDATA[]]></system-err>
      </testcase>
      <system-out><![CDATA[2020-01-28 13:45:19 - [TEST_SUITE][INCOMPLETE] - 3-AgregarLogistica_20_TestSuites: null]]></system-out>
      <system-err><![CDATA[2020-01-28 13:45:19 - [TEST_SUITE][INCOMPLETE] - 3-AgregarLogistica_20_TestSuites: null]]></system-err>
   </testsuite>
</testsuites>
