<?xml version="1.0" encoding="UTF-8"?>
<testsuites name="2-Aprobaciones_20_TestSuites" time="61.187" tests="3" failures="0" errors="3">
   <testsuite name="2-Aprobaciones_20_TestSuites" tests="3" failures="0" errors="3" time="61.187" timestamp="2020-02-07 09:48:35" hostname="kaizen - LAPTOP-K43U1BVQ" id="Test Suites/Flujo_funcionalidades_Pedidos_20pies/2-Aprobaciones_20_TestSuites">
      <properties>
         <property name="deviceName" value=""/>
         <property name="devicePlatform" value=""/>
         <property name="logFolder" value="C:\\Users\\kaizen\\git\\AutomatizacionKatalon\\Reports\\20200207_094816\\Flujo_funcionalidades_Pedidos_20pies\\2-Aprobaciones_20_TestSuites\\20200207_094816"/>
         <property name="logFiles" value="C:\\Users\\kaizen\\git\\AutomatizacionKatalon\\Reports\\20200207_094816\\Flujo_funcionalidades_Pedidos_20pies\\2-Aprobaciones_20_TestSuites\\20200207_094816\\execution0.log"/>
         <property name="attachments" value=""/>
         <property name="hostName" value="kaizen - LAPTOP-K43U1BVQ"/>
         <property name="os" value="Windows 10 64bit"/>
         <property name="katalonVersion" value="7.2.1.1"/>
         <property name="browser" value="Chrome 79.0.3945.130"/>
         <property name="hostAddress" value="192.168.99.1"/>
         <property name="sessionId" value="cdad30d85709f96354f927047bc28cc4"/>
         <property name="seleniumVersion" value="3.141.59"/>
         <property name="proxyInformation" value="ProxyInformation{proxyOption=NO_PROXY, proxyServerType=HTTP, password=, proxyServerAddress=, proxyServerPort=0, executionList=}"/>
         <property name="platform" value="Windows 10"/>
      </properties>
      <testcase name="Test Cases/Secuencias de Ejecucion/TC_Aprobar_Ventas_20pies" time="25.032" classname="Test Cases/Secuencias de Ejecucion/TC_Aprobar_Ventas_20pies" status="ERROR">
         <error type="ERROR" message="Test Cases/Secuencias de Ejecucion/TC_Aprobar_Ventas_20pies FAILED.
Reason:
com.kms.katalon.core.exception.StepErrorException: Call Test Case 'Test Cases/Individual_Tests_20pies/Login' failed because of error(s)
	at com.kms.katalon.core.keyword.builtin.CallTestCaseKeyword$_callTestCase_closure1.doCall(CallTestCaseKeyword.groovy:66)
	at com.kms.katalon.core.keyword.builtin.CallTestCaseKeyword$_callTestCase_closure1.call(CallTestCaseKeyword.groovy)
	at com.kms.katalon.core.keyword.internal.KeywordMain.runKeyword(KeywordMain.groovy:68)
	at com.kms.katalon.core.keyword.builtin.CallTestCaseKeyword.callTestCase(CallTestCaseKeyword.groovy:81)
	at com.kms.katalon.core.keyword.builtin.CallTestCaseKeyword.execute(CallTestCaseKeyword.groovy:44)
	at com.kms.katalon.core.keyword.internal.KeywordExecutor.executeKeywordForPlatform(KeywordExecutor.groovy:72)
	at com.kms.katalon.core.keyword.BuiltinKeywords.callTestCase(BuiltinKeywords.groovy:334)
	at TC_Aprobar_Ventas_20pies.run(TC_Aprobar_Ventas_20pies:28)
	at com.kms.katalon.core.main.ScriptEngine.run(ScriptEngine.java:194)
	at com.kms.katalon.core.main.ScriptEngine.runScriptAsRawText(ScriptEngine.java:119)
	at com.kms.katalon.core.main.TestCaseExecutor.runScript(TestCaseExecutor.java:337)
	at com.kms.katalon.core.main.TestCaseExecutor.doExecute(TestCaseExecutor.java:328)
	at com.kms.katalon.core.main.TestCaseExecutor.processExecutionPhase(TestCaseExecutor.java:307)
	at com.kms.katalon.core.main.TestCaseExecutor.accessMainPhase(TestCaseExecutor.java:299)
	at com.kms.katalon.core.main.TestCaseExecutor.execute(TestCaseExecutor.java:233)
	at com.kms.katalon.core.main.TestSuiteExecutor.accessTestCaseMainPhase(TestSuiteExecutor.java:169)
	at com.kms.katalon.core.main.TestSuiteExecutor.accessTestSuiteMainPhase(TestSuiteExecutor.java:142)
	at com.kms.katalon.core.main.TestSuiteExecutor.execute(TestSuiteExecutor.java:91)
	at com.kms.katalon.core.main.TestCaseMain.startTestSuite(TestCaseMain.java:157)
	at com.kms.katalon.core.main.TestCaseMain$startTestSuite$0.call(Unknown Source)
	at TempTestSuite1581083301317.run(TempTestSuite1581083301317.groovy:36)
Caused by: java.lang.IllegalArgumentException: Invalid column name 'AprobVentas' for test data 'C:/Users/kaizen/git/AutomatizacionKatalon/Pedidos/DataExcel/AprobacionesPedidos_20pies.xlsx'. Possible values are '{Idioma,Usuario,Contrasena,IdPedido,Id_Cliente,Estatus_Pedido,Creado_desde,Creado_hasta,Aprob. Ventas,Aprob. Financiera,Aprob. Produccion}'
	at com.kms.katalon.core.testdata.AbstractTestData.verifyColumnName(AbstractTestData.java:78)
	at com.kms.katalon.core.testdata.AbstractTestData.getObjectValue(AbstractTestData.java:136)
	at com.kms.katalon.core.testdata.AbstractTestData.getValue(AbstractTestData.java:107)
	at com.kms.katalon.core.testdata.TestData$getValue$0.call(Unknown Source)
	at obtener_excels.obtener_aprobaciones_20pies.getValuesExcelAprob20(obtener_aprobaciones_20pies.groovy:41)
	at obtener_excels.obtener_aprobaciones_20pies.invokeMethod(obtener_aprobaciones_20pies.groovy)
	at com.kms.katalon.core.main.CustomKeywordDelegatingMetaClass.invokeStaticMethod(CustomKeywordDelegatingMetaClass.java:50)
	at Login.run(Login:36)
	at com.kms.katalon.core.main.ScriptEngine.run(ScriptEngine.java:194)
	at com.kms.katalon.core.main.ScriptEngine.runScriptAsRawText(ScriptEngine.java:119)
	at com.kms.katalon.core.main.TestCaseExecutor.runScript(TestCaseExecutor.java:337)
	at com.kms.katalon.core.main.TestCaseExecutor.doExecute(TestCaseExecutor.java:328)
	at com.kms.katalon.core.main.TestCaseExecutor.processExecutionPhase(TestCaseExecutor.java:307)
	at com.kms.katalon.core.main.TestCaseExecutor.accessMainPhase(TestCaseExecutor.java:299)
	at com.kms.katalon.core.main.TestCaseExecutor.execute(TestCaseExecutor.java:233)
	at com.kms.katalon.core.main.TestCaseMain.runTestCase(TestCaseMain.java:114)
	at com.kms.katalon.core.keyword.builtin.CallTestCaseKeyword$_callTestCase_closure1.doCall(CallTestCaseKeyword.groovy:59)
	... 20 more
"/>
         <system-out><![CDATA[2020-02-07 09:48:36 - [TEST_CASE][ERROR] - Test Cases/Secuencias de Ejecucion/TC_Aprobar_Ventas_20pies: Test Cases/Secuencias de Ejecucion/TC_Aprobar_Ventas_20pies FAILED.
Reason:
com.kms.katalon.core.exception.StepErrorException: Call Test Case 'Test Cases/Individual_Tests_20pies/Login' failed because of error(s)
	at com.kms.katalon.core.keyword.builtin.CallTestCaseKeyword$_callTestCase_closure1.doCall(CallTestCaseKeyword.groovy:66)
	at com.kms.katalon.core.keyword.builtin.CallTestCaseKeyword$_callTestCase_closure1.call(CallTestCaseKeyword.groovy)
	at com.kms.katalon.core.keyword.internal.KeywordMain.runKeyword(KeywordMain.groovy:68)
	at com.kms.katalon.core.keyword.builtin.CallTestCaseKeyword.callTestCase(CallTestCaseKeyword.groovy:81)
	at com.kms.katalon.core.keyword.builtin.CallTestCaseKeyword.execute(CallTestCaseKeyword.groovy:44)
	at com.kms.katalon.core.keyword.internal.KeywordExecutor.executeKeywordForPlatform(KeywordExecutor.groovy:72)
	at com.kms.katalon.core.keyword.BuiltinKeywords.callTestCase(BuiltinKeywords.groovy:334)
	at TC_Aprobar_Ventas_20pies.run(TC_Aprobar_Ventas_20pies:28)
	at com.kms.katalon.core.main.ScriptEngine.run(ScriptEngine.java:194)
	at com.kms.katalon.core.main.ScriptEngine.runScriptAsRawText(ScriptEngine.java:119)
	at com.kms.katalon.core.main.TestCaseExecutor.runScript(TestCaseExecutor.java:337)
	at com.kms.katalon.core.main.TestCaseExecutor.doExecute(TestCaseExecutor.java:328)
	at com.kms.katalon.core.main.TestCaseExecutor.processExecutionPhase(TestCaseExecutor.java:307)
	at com.kms.katalon.core.main.TestCaseExecutor.accessMainPhase(TestCaseExecutor.java:299)
	at com.kms.katalon.core.main.TestCaseExecutor.execute(TestCaseExecutor.java:233)
	at com.kms.katalon.core.main.TestSuiteExecutor.accessTestCaseMainPhase(TestSuiteExecutor.java:169)
	at com.kms.katalon.core.main.TestSuiteExecutor.accessTestSuiteMainPhase(TestSuiteExecutor.java:142)
	at com.kms.katalon.core.main.TestSuiteExecutor.execute(TestSuiteExecutor.java:91)
	at com.kms.katalon.core.main.TestCaseMain.startTestSuite(TestCaseMain.java:157)
	at com.kms.katalon.core.main.TestCaseMain$startTestSuite$0.call(Unknown Source)
	at TempTestSuite1581083301317.run(TempTestSuite1581083301317.groovy:36)
Caused by: java.lang.IllegalArgumentException: Invalid column name 'AprobVentas' for test data 'C:/Users/kaizen/git/AutomatizacionKatalon/Pedidos/DataExcel/AprobacionesPedidos_20pies.xlsx'. Possible values are '{Idioma,Usuario,Contrasena,IdPedido,Id_Cliente,Estatus_Pedido,Creado_desde,Creado_hasta,Aprob. Ventas,Aprob. Financiera,Aprob. Produccion}'
	at com.kms.katalon.core.testdata.AbstractTestData.verifyColumnName(AbstractTestData.java:78)
	at com.kms.katalon.core.testdata.AbstractTestData.getObjectValue(AbstractTestData.java:136)
	at com.kms.katalon.core.testdata.AbstractTestData.getValue(AbstractTestData.java:107)
	at com.kms.katalon.core.testdata.TestData$getValue$0.call(Unknown Source)
	at obtener_excels.obtener_aprobaciones_20pies.getValuesExcelAprob20(obtener_aprobaciones_20pies.groovy:41)
	at obtener_excels.obtener_aprobaciones_20pies.invokeMethod(obtener_aprobaciones_20pies.groovy)
	at com.kms.katalon.core.main.CustomKeywordDelegatingMetaClass.invokeStaticMethod(CustomKeywordDelegatingMetaClass.java:50)
	at Login.run(Login:36)
	at com.kms.katalon.core.main.ScriptEngine.run(ScriptEngine.java:194)
	at com.kms.katalon.core.main.ScriptEngine.runScriptAsRawText(ScriptEngine.java:119)
	at com.kms.katalon.core.main.TestCaseExecutor.runScript(TestCaseExecutor.java:337)
	at com.kms.katalon.core.main.TestCaseExecutor.doExecute(TestCaseExecutor.java:328)
	at com.kms.katalon.core.main.TestCaseExecutor.processExecutionPhase(TestCaseExecutor.java:307)
	at com.kms.katalon.core.main.TestCaseExecutor.accessMainPhase(TestCaseExecutor.java:299)
	at com.kms.katalon.core.main.TestCaseExecutor.execute(TestCaseExecutor.java:233)
	at com.kms.katalon.core.main.TestCaseMain.runTestCase(TestCaseMain.java:114)
	at com.kms.katalon.core.keyword.builtin.CallTestCaseKeyword$_callTestCase_closure1.doCall(CallTestCaseKeyword.groovy:59)
	... 20 more


2020-02-07 09:48:37 - [TEST_STEP][PASSED] - archivo = $RunConfiguration.getProjectDir()/Pedidos/DataExcel/AprobacionesPedidos_20pies.xlsx: null

2020-02-07 09:48:37 - [TEST_STEP][PASSED] - excelData = getExcelDataWithDefaultSheet(archivo, "Sheet1", true): null

2020-02-07 09:48:37 - [TEST_STEP][FAILED] - for ([Index = 1, Index <= excelData.getRowNumbers(), (Index++)]): Unable to call Test Case 'Test Cases/Individual_Tests_20pies/Login' (Root cause: com.kms.katalon.core.exception.StepErrorException: Call Test Case 'Test Cases/Individual_Tests_20pies/Login' failed because of error(s)
	at com.kms.katalon.core.keyword.builtin.CallTestCaseKeyword$_callTestCase_closure1.doCall(CallTestCaseKeyword.groovy:66)
	at com.kms.katalon.core.keyword.builtin.CallTestCaseKeyword$_callTestCase_closure1.call(CallTestCaseKeyword.groovy)
	at com.kms.katalon.core.keyword.internal.KeywordMain.runKeyword(KeywordMain.groovy:68)
	at com.kms.katalon.core.keyword.builtin.CallTestCaseKeyword.callTestCase(CallTestCaseKeyword.groovy:81)
	at com.kms.katalon.core.keyword.builtin.CallTestCaseKeyword.execute(CallTestCaseKeyword.groovy:44)
	at com.kms.katalon.core.keyword.internal.KeywordExecutor.executeKeywordForPlatform(KeywordExecutor.groovy:72)
	at com.kms.katalon.core.keyword.BuiltinKeywords.callTestCase(BuiltinKeywords.groovy:334)
	at TC_Aprobar_Ventas_20pies.run(TC_Aprobar_Ventas_20pies:28)
	at com.kms.katalon.core.main.ScriptEngine.run(ScriptEngine.java:194)
	at com.kms.katalon.core.main.ScriptEngine.runScriptAsRawText(ScriptEngine.java:119)
	at com.kms.katalon.core.main.TestCaseExecutor.runScript(TestCaseExecutor.java:337)
	at com.kms.katalon.core.main.TestCaseExecutor.doExecute(TestCaseExecutor.java:328)
	at com.kms.katalon.core.main.TestCaseExecutor.processExecutionPhase(TestCaseExecutor.java:307)
	at com.kms.katalon.core.main.TestCaseExecutor.accessMainPhase(TestCaseExecutor.java:299)
	at com.kms.katalon.core.main.TestCaseExecutor.execute(TestCaseExecutor.java:233)
	at com.kms.katalon.core.main.TestSuiteExecutor.accessTestCaseMainPhase(TestSuiteExecutor.java:169)
	at com.kms.katalon.core.main.TestSuiteExecutor.accessTestSuiteMainPhase(TestSuiteExecutor.java:142)
	at com.kms.katalon.core.main.TestSuiteExecutor.execute(TestSuiteExecutor.java:91)
	at com.kms.katalon.core.main.TestCaseMain.startTestSuite(TestCaseMain.java:157)
	at com.kms.katalon.core.main.TestCaseMain$startTestSuite$0.call(Unknown Source)
	at TempTestSuite1581083301317.run(TempTestSuite1581083301317.groovy:36)
Caused by: java.lang.IllegalArgumentException: Invalid column name 'AprobVentas' for test data 'C:/Users/kaizen/git/AutomatizacionKatalon/Pedidos/DataExcel/AprobacionesPedidos_20pies.xlsx'. Possible values are '{Idioma,Usuario,Contrasena,IdPedido,Id_Cliente,Estatus_Pedido,Creado_desde,Creado_hasta,Aprob. Ventas,Aprob. Financiera,Aprob. Produccion}'
	at com.kms.katalon.core.testdata.AbstractTestData.verifyColumnName(AbstractTestData.java:78)
	at com.kms.katalon.core.testdata.AbstractTestData.getObjectValue(AbstractTestData.java:136)
	at com.kms.katalon.core.testdata.AbstractTestData.getValue(AbstractTestData.java:107)
	at com.kms.katalon.core.testdata.TestData$getValue$0.call(Unknown Source)
	at obtener_excels.obtener_aprobaciones_20pies.getValuesExcelAprob20(obtener_aprobaciones_20pies.groovy:41)
	at obtener_excels.obtener_aprobaciones_20pies.invokeMethod(obtener_aprobaciones_20pies.groovy)
	at com.kms.katalon.core.main.CustomKeywordDelegatingMetaClass.invokeStaticMethod(CustomKeywordDelegatingMetaClass.java:50)
	at Login.run(Login:36)
	at com.kms.katalon.core.main.ScriptEngine.run(ScriptEngine.java:194)
	at com.kms.katalon.core.main.ScriptEngine.runScriptAsRawText(ScriptEngine.java:119)
	at com.kms.katalon.core.main.TestCaseExecutor.runScript(TestCaseExecutor.java:337)
	at com.kms.katalon.core.main.TestCaseExecutor.doExecute(TestCaseExecutor.java:328)
	at com.kms.katalon.core.main.TestCaseExecutor.processExecutionPhase(TestCaseExecutor.java:307)
	at com.kms.katalon.core.main.TestCaseExecutor.accessMainPhase(TestCaseExecutor.java:299)
	at com.kms.katalon.core.main.TestCaseExecutor.execute(TestCaseExecutor.java:233)
	at com.kms.katalon.core.main.TestCaseMain.runTestCase(TestCaseMain.java:114)
	at com.kms.katalon.core.keyword.builtin.CallTestCaseKeyword$_callTestCase_closure1.doCall(CallTestCaseKeyword.groovy:59)
	... 20 more
)

2020-02-07 09:48:37 - [TEST_STEP][FAILED] - callTestCase(findTestCase("Individual_Tests_20pies/Login"), ["Evento":"Aprobar", "Index":Index, "Usuario":Usuario, "Contrasena":Contrasena], STOP_ON_FAILURE): Unable to call Test Case 'Test Cases/Individual_Tests_20pies/Login' (Root cause: com.kms.katalon.core.exception.StepErrorException: Call Test Case 'Test Cases/Individual_Tests_20pies/Login' failed because of error(s)
	at com.kms.katalon.core.keyword.builtin.CallTestCaseKeyword$_callTestCase_closure1.doCall(CallTestCaseKeyword.groovy:66)
	at com.kms.katalon.core.keyword.builtin.CallTestCaseKeyword$_callTestCase_closure1.call(CallTestCaseKeyword.groovy)
	at com.kms.katalon.core.keyword.internal.KeywordMain.runKeyword(KeywordMain.groovy:68)
	at com.kms.katalon.core.keyword.builtin.CallTestCaseKeyword.callTestCase(CallTestCaseKeyword.groovy:81)
	at com.kms.katalon.core.keyword.builtin.CallTestCaseKeyword.execute(CallTestCaseKeyword.groovy:44)
	at com.kms.katalon.core.keyword.internal.KeywordExecutor.executeKeywordForPlatform(KeywordExecutor.groovy:72)
	at com.kms.katalon.core.keyword.BuiltinKeywords.callTestCase(BuiltinKeywords.groovy:334)
	at TC_Aprobar_Ventas_20pies.run(TC_Aprobar_Ventas_20pies:28)
	at com.kms.katalon.core.main.ScriptEngine.run(ScriptEngine.java:194)
	at com.kms.katalon.core.main.ScriptEngine.runScriptAsRawText(ScriptEngine.java:119)
	at com.kms.katalon.core.main.TestCaseExecutor.runScript(TestCaseExecutor.java:337)
	at com.kms.katalon.core.main.TestCaseExecutor.doExecute(TestCaseExecutor.java:328)
	at com.kms.katalon.core.main.TestCaseExecutor.processExecutionPhase(TestCaseExecutor.java:307)
	at com.kms.katalon.core.main.TestCaseExecutor.accessMainPhase(TestCaseExecutor.java:299)
	at com.kms.katalon.core.main.TestCaseExecutor.execute(TestCaseExecutor.java:233)
	at com.kms.katalon.core.main.TestSuiteExecutor.accessTestCaseMainPhase(TestSuiteExecutor.java:169)
	at com.kms.katalon.core.main.TestSuiteExecutor.accessTestSuiteMainPhase(TestSuiteExecutor.java:142)
	at com.kms.katalon.core.main.TestSuiteExecutor.execute(TestSuiteExecutor.java:91)
	at com.kms.katalon.core.main.TestCaseMain.startTestSuite(TestCaseMain.java:157)
	at com.kms.katalon.core.main.TestCaseMain$startTestSuite$0.call(Unknown Source)
	at TempTestSuite1581083301317.run(TempTestSuite1581083301317.groovy:36)
Caused by: java.lang.IllegalArgumentException: Invalid column name 'AprobVentas' for test data 'C:/Users/kaizen/git/AutomatizacionKatalon/Pedidos/DataExcel/AprobacionesPedidos_20pies.xlsx'. Possible values are '{Idioma,Usuario,Contrasena,IdPedido,Id_Cliente,Estatus_Pedido,Creado_desde,Creado_hasta,Aprob. Ventas,Aprob. Financiera,Aprob. Produccion}'
	at com.kms.katalon.core.testdata.AbstractTestData.verifyColumnName(AbstractTestData.java:78)
	at com.kms.katalon.core.testdata.AbstractTestData.getObjectValue(AbstractTestData.java:136)
	at com.kms.katalon.core.testdata.AbstractTestData.getValue(AbstractTestData.java:107)
	at com.kms.katalon.core.testdata.TestData$getValue$0.call(Unknown Source)
	at obtener_excels.obtener_aprobaciones_20pies.getValuesExcelAprob20(obtener_aprobaciones_20pies.groovy:41)
	at obtener_excels.obtener_aprobaciones_20pies.invokeMethod(obtener_aprobaciones_20pies.groovy)
	at com.kms.katalon.core.main.CustomKeywordDelegatingMetaClass.invokeStaticMethod(CustomKeywordDelegatingMetaClass.java:50)
	at Login.run(Login:36)
	at com.kms.katalon.core.main.ScriptEngine.run(ScriptEngine.java:194)
	at com.kms.katalon.core.main.ScriptEngine.runScriptAsRawText(ScriptEngine.java:119)
	at com.kms.katalon.core.main.TestCaseExecutor.runScript(TestCaseExecutor.java:337)
	at com.kms.katalon.core.main.TestCaseExecutor.doExecute(TestCaseExecutor.java:328)
	at com.kms.katalon.core.main.TestCaseExecutor.processExecutionPhase(TestCaseExecutor.java:307)
	at com.kms.katalon.core.main.TestCaseExecutor.accessMainPhase(TestCaseExecutor.java:299)
	at com.kms.katalon.core.main.TestCaseExecutor.execute(TestCaseExecutor.java:233)
	at com.kms.katalon.core.main.TestCaseMain.runTestCase(TestCaseMain.java:114)
	at com.kms.katalon.core.keyword.builtin.CallTestCaseKeyword$_callTestCase_closure1.doCall(CallTestCaseKeyword.groovy:59)
	... 20 more
)

2020-02-07 09:48:38 - [TEST_CASE][ERROR] - Test Cases/Individual_Tests_20pies/Login: Test Cases/Individual_Tests_20pies/Login FAILED.
Reason:
java.lang.IllegalArgumentException: Invalid column name 'AprobVentas' for test data 'C:/Users/kaizen/git/AutomatizacionKatalon/Pedidos/DataExcel/AprobacionesPedidos_20pies.xlsx'. Possible values are '{Idioma,Usuario,Contrasena,IdPedido,Id_Cliente,Estatus_Pedido,Creado_desde,Creado_hasta,Aprob. Ventas,Aprob. Financiera,Aprob. Produccion}'
	at com.kms.katalon.core.testdata.AbstractTestData.verifyColumnName(AbstractTestData.java:78)
	at com.kms.katalon.core.testdata.AbstractTestData.getObjectValue(AbstractTestData.java:136)
	at com.kms.katalon.core.testdata.AbstractTestData.getValue(AbstractTestData.java:107)
	at com.kms.katalon.core.testdata.TestData$getValue$0.call(Unknown Source)
	at obtener_excels.obtener_aprobaciones_20pies.getValuesExcelAprob20(obtener_aprobaciones_20pies.groovy:41)
	at obtener_excels.obtener_aprobaciones_20pies.invokeMethod(obtener_aprobaciones_20pies.groovy)
	at com.kms.katalon.core.main.CustomKeywordDelegatingMetaClass.invokeStaticMethod(CustomKeywordDelegatingMetaClass.java:50)
	at Login.run(Login:36)
	at com.kms.katalon.core.main.ScriptEngine.run(ScriptEngine.java:194)
	at com.kms.katalon.core.main.ScriptEngine.runScriptAsRawText(ScriptEngine.java:119)
	at com.kms.katalon.core.main.TestCaseExecutor.runScript(TestCaseExecutor.java:337)
	at com.kms.katalon.core.main.TestCaseExecutor.doExecute(TestCaseExecutor.java:328)
	at com.kms.katalon.core.main.TestCaseExecutor.processExecutionPhase(TestCaseExecutor.java:307)
	at com.kms.katalon.core.main.TestCaseExecutor.accessMainPhase(TestCaseExecutor.java:299)
	at com.kms.katalon.core.main.TestCaseExecutor.execute(TestCaseExecutor.java:233)
	at com.kms.katalon.core.main.TestCaseMain.runTestCase(TestCaseMain.java:114)
	at com.kms.katalon.core.keyword.builtin.CallTestCaseKeyword$_callTestCase_closure1.doCall(CallTestCaseKeyword.groovy:59)
	at com.kms.katalon.core.keyword.builtin.CallTestCaseKeyword$_callTestCase_closure1.call(CallTestCaseKeyword.groovy)
	at com.kms.katalon.core.keyword.internal.KeywordMain.runKeyword(KeywordMain.groovy:68)
	at com.kms.katalon.core.keyword.builtin.CallTestCaseKeyword.callTestCase(CallTestCaseKeyword.groovy:81)
	at com.kms.katalon.core.keyword.builtin.CallTestCaseKeyword.execute(CallTestCaseKeyword.groovy:44)
	at com.kms.katalon.core.keyword.internal.KeywordExecutor.executeKeywordForPlatform(KeywordExecutor.groovy:72)
	at com.kms.katalon.core.keyword.BuiltinKeywords.callTestCase(BuiltinKeywords.groovy:334)
	at TC_Aprobar_Ventas_20pies.run(TC_Aprobar_Ventas_20pies:28)
	at com.kms.katalon.core.main.ScriptEngine.run(ScriptEngine.java:194)
	at com.kms.katalon.core.main.ScriptEngine.runScriptAsRawText(ScriptEngine.java:119)
	at com.kms.katalon.core.main.TestCaseExecutor.runScript(TestCaseExecutor.java:337)
	at com.kms.katalon.core.main.TestCaseExecutor.doExecute(TestCaseExecutor.java:328)
	at com.kms.katalon.core.main.TestCaseExecutor.processExecutionPhase(TestCaseExecutor.java:307)
	at com.kms.katalon.core.main.TestCaseExecutor.accessMainPhase(TestCaseExecutor.java:299)
	at com.kms.katalon.core.main.TestCaseExecutor.execute(TestCaseExecutor.java:233)
	at com.kms.katalon.core.main.TestSuiteExecutor.accessTestCaseMainPhase(TestSuiteExecutor.java:169)
	at com.kms.katalon.core.main.TestSuiteExecutor.accessTestSuiteMainPhase(TestSuiteExecutor.java:142)
	at com.kms.katalon.core.main.TestSuiteExecutor.execute(TestSuiteExecutor.java:91)
	at com.kms.katalon.core.main.TestCaseMain.startTestSuite(TestCaseMain.java:157)
	at com.kms.katalon.core.main.TestCaseMain$startTestSuite$0.call(Unknown Source)
	at TempTestSuite1581083301317.run(TempTestSuite1581083301317.groovy:36)


2020-02-07 09:48:38 - [TEST_STEP][PASSED] - print("Evento Seleccionado: " + Evento + "
"): null

2020-02-07 09:48:38 - [TEST_STEP][PASSED] - openBrowser(Web): Browser is opened with url: 'http://test.kaizendev.net/Login/Accesar?salir=true'

2020-02-07 09:48:39 - [MESSAGE][INFO] - Starting 'Chrome' driver

2020-02-07 09:48:39 - [MESSAGE][INFO] - Action delay is set to 0 seconds

2020-02-07 09:48:59 - [MESSAGE][PASSED] - Browser is opened with url: 'http://test.kaizendev.net/Login/Accesar?salir=true'

2020-02-07 09:48:59 - [TEST_STEP][PASSED] - maximizeWindow(): Current window maximized

2020-02-07 09:49:00 - [MESSAGE][PASSED] - Current window maximized

2020-02-07 09:49:00 - [TEST_STEP][PASSED] - if (Evento == "Crear"): null

2020-02-07 09:49:00 - [TEST_STEP][ERROR] - else if (Evento == "Aprobar"): Invalid column name 'AprobVentas' for test data 'C:/Users/kaizen/git/AutomatizacionKatalon/Pedidos/DataExcel/AprobacionesPedidos_20pies.xlsx'. Possible values are '{Idioma,Usuario,Contrasena,IdPedido,Id_Cliente,Estatus_Pedido,Creado_desde,Creado_hasta,Aprob. Ventas,Aprob. Financiera,Aprob. Produccion}'

2020-02-07 09:49:00 - [TEST_STEP][ERROR] - data2 = obtener_excels.obtener_aprobaciones_20pies.getValuesExcelAprob20(Index): Invalid column name 'AprobVentas' for test data 'C:/Users/kaizen/git/AutomatizacionKatalon/Pedidos/DataExcel/AprobacionesPedidos_20pies.xlsx'. Possible values are '{Idioma,Usuario,Contrasena,IdPedido,Id_Cliente,Estatus_Pedido,Creado_desde,Creado_hasta,Aprob. Ventas,Aprob. Financiera,Aprob. Produccion}'

2020-02-07 09:49:01 - [MESSAGE][ERROR] - Invalid column name 'AprobVentas' for test data 'C:/Users/kaizen/git/AutomatizacionKatalon/Pedidos/DataExcel/AprobacionesPedidos_20pies.xlsx'. Possible values are '{Idioma,Usuario,Contrasena,IdPedido,Id_Cliente,Estatus_Pedido,Creado_desde,Creado_hasta,Aprob. Ventas,Aprob. Financiera,Aprob. Produccion}'

2020-02-07 09:49:01 - [MESSAGE][FAILED] - Unable to call Test Case 'Test Cases/Individual_Tests_20pies/Login' (Root cause: com.kms.katalon.core.exception.StepErrorException: Call Test Case 'Test Cases/Individual_Tests_20pies/Login' failed because of error(s)
	at com.kms.katalon.core.keyword.builtin.CallTestCaseKeyword$_callTestCase_closure1.doCall(CallTestCaseKeyword.groovy:66)
	at com.kms.katalon.core.keyword.builtin.CallTestCaseKeyword$_callTestCase_closure1.call(CallTestCaseKeyword.groovy)
	at com.kms.katalon.core.keyword.internal.KeywordMain.runKeyword(KeywordMain.groovy:68)
	at com.kms.katalon.core.keyword.builtin.CallTestCaseKeyword.callTestCase(CallTestCaseKeyword.groovy:81)
	at com.kms.katalon.core.keyword.builtin.CallTestCaseKeyword.execute(CallTestCaseKeyword.groovy:44)
	at com.kms.katalon.core.keyword.internal.KeywordExecutor.executeKeywordForPlatform(KeywordExecutor.groovy:72)
	at com.kms.katalon.core.keyword.BuiltinKeywords.callTestCase(BuiltinKeywords.groovy:334)
	at TC_Aprobar_Ventas_20pies.run(TC_Aprobar_Ventas_20pies:28)
	at com.kms.katalon.core.main.ScriptEngine.run(ScriptEngine.java:194)
	at com.kms.katalon.core.main.ScriptEngine.runScriptAsRawText(ScriptEngine.java:119)
	at com.kms.katalon.core.main.TestCaseExecutor.runScript(TestCaseExecutor.java:337)
	at com.kms.katalon.core.main.TestCaseExecutor.doExecute(TestCaseExecutor.java:328)
	at com.kms.katalon.core.main.TestCaseExecutor.processExecutionPhase(TestCaseExecutor.java:307)
	at com.kms.katalon.core.main.TestCaseExecutor.accessMainPhase(TestCaseExecutor.java:299)
	at com.kms.katalon.core.main.TestCaseExecutor.execute(TestCaseExecutor.java:233)
	at com.kms.katalon.core.main.TestSuiteExecutor.accessTestCaseMainPhase(TestSuiteExecutor.java:169)
	at com.kms.katalon.core.main.TestSuiteExecutor.accessTestSuiteMainPhase(TestSuiteExecutor.java:142)
	at com.kms.katalon.core.main.TestSuiteExecutor.execute(TestSuiteExecutor.java:91)
	at com.kms.katalon.core.main.TestCaseMain.startTestSuite(TestCaseMain.java:157)
	at com.kms.katalon.core.main.TestCaseMain$startTestSuite$0.call(Unknown Source)
	at TempTestSuite1581083301317.run(TempTestSuite1581083301317.groovy:36)
Caused by: java.lang.IllegalArgumentException: Invalid column name 'AprobVentas' for test data 'C:/Users/kaizen/git/AutomatizacionKatalon/Pedidos/DataExcel/AprobacionesPedidos_20pies.xlsx'. Possible values are '{Idioma,Usuario,Contrasena,IdPedido,Id_Cliente,Estatus_Pedido,Creado_desde,Creado_hasta,Aprob. Ventas,Aprob. Financiera,Aprob. Produccion}'
	at com.kms.katalon.core.testdata.AbstractTestData.verifyColumnName(AbstractTestData.java:78)
	at com.kms.katalon.core.testdata.AbstractTestData.getObjectValue(AbstractTestData.java:136)
	at com.kms.katalon.core.testdata.AbstractTestData.getValue(AbstractTestData.java:107)
	at com.kms.katalon.core.testdata.TestData$getValue$0.call(Unknown Source)
	at obtener_excels.obtener_aprobaciones_20pies.getValuesExcelAprob20(obtener_aprobaciones_20pies.groovy:41)
	at obtener_excels.obtener_aprobaciones_20pies.invokeMethod(obtener_aprobaciones_20pies.groovy)
	at com.kms.katalon.core.main.CustomKeywordDelegatingMetaClass.invokeStaticMethod(CustomKeywordDelegatingMetaClass.java:50)
	at Login.run(Login:36)
	at com.kms.katalon.core.main.ScriptEngine.run(ScriptEngine.java:194)
	at com.kms.katalon.core.main.ScriptEngine.runScriptAsRawText(ScriptEngine.java:119)
	at com.kms.katalon.core.main.TestCaseExecutor.runScript(TestCaseExecutor.java:337)
	at com.kms.katalon.core.main.TestCaseExecutor.doExecute(TestCaseExecutor.java:328)
	at com.kms.katalon.core.main.TestCaseExecutor.processExecutionPhase(TestCaseExecutor.java:307)
	at com.kms.katalon.core.main.TestCaseExecutor.accessMainPhase(TestCaseExecutor.java:299)
	at com.kms.katalon.core.main.TestCaseExecutor.execute(TestCaseExecutor.java:233)
	at com.kms.katalon.core.main.TestCaseMain.runTestCase(TestCaseMain.java:114)
	at com.kms.katalon.core.keyword.builtin.CallTestCaseKeyword$_callTestCase_closure1.doCall(CallTestCaseKeyword.groovy:59)
	... 20 more
)]]></system-out>
         <system-err><![CDATA[2020-02-07 09:48:36 - [TEST_CASE][ERROR] - Test Cases/Secuencias de Ejecucion/TC_Aprobar_Ventas_20pies: Test Cases/Secuencias de Ejecucion/TC_Aprobar_Ventas_20pies FAILED.
Reason:
com.kms.katalon.core.exception.StepErrorException: Call Test Case 'Test Cases/Individual_Tests_20pies/Login' failed because of error(s)
	at com.kms.katalon.core.keyword.builtin.CallTestCaseKeyword$_callTestCase_closure1.doCall(CallTestCaseKeyword.groovy:66)
	at com.kms.katalon.core.keyword.builtin.CallTestCaseKeyword$_callTestCase_closure1.call(CallTestCaseKeyword.groovy)
	at com.kms.katalon.core.keyword.internal.KeywordMain.runKeyword(KeywordMain.groovy:68)
	at com.kms.katalon.core.keyword.builtin.CallTestCaseKeyword.callTestCase(CallTestCaseKeyword.groovy:81)
	at com.kms.katalon.core.keyword.builtin.CallTestCaseKeyword.execute(CallTestCaseKeyword.groovy:44)
	at com.kms.katalon.core.keyword.internal.KeywordExecutor.executeKeywordForPlatform(KeywordExecutor.groovy:72)
	at com.kms.katalon.core.keyword.BuiltinKeywords.callTestCase(BuiltinKeywords.groovy:334)
	at TC_Aprobar_Ventas_20pies.run(TC_Aprobar_Ventas_20pies:28)
	at com.kms.katalon.core.main.ScriptEngine.run(ScriptEngine.java:194)
	at com.kms.katalon.core.main.ScriptEngine.runScriptAsRawText(ScriptEngine.java:119)
	at com.kms.katalon.core.main.TestCaseExecutor.runScript(TestCaseExecutor.java:337)
	at com.kms.katalon.core.main.TestCaseExecutor.doExecute(TestCaseExecutor.java:328)
	at com.kms.katalon.core.main.TestCaseExecutor.processExecutionPhase(TestCaseExecutor.java:307)
	at com.kms.katalon.core.main.TestCaseExecutor.accessMainPhase(TestCaseExecutor.java:299)
	at com.kms.katalon.core.main.TestCaseExecutor.execute(TestCaseExecutor.java:233)
	at com.kms.katalon.core.main.TestSuiteExecutor.accessTestCaseMainPhase(TestSuiteExecutor.java:169)
	at com.kms.katalon.core.main.TestSuiteExecutor.accessTestSuiteMainPhase(TestSuiteExecutor.java:142)
	at com.kms.katalon.core.main.TestSuiteExecutor.execute(TestSuiteExecutor.java:91)
	at com.kms.katalon.core.main.TestCaseMain.startTestSuite(TestCaseMain.java:157)
	at com.kms.katalon.core.main.TestCaseMain$startTestSuite$0.call(Unknown Source)
	at TempTestSuite1581083301317.run(TempTestSuite1581083301317.groovy:36)
Caused by: java.lang.IllegalArgumentException: Invalid column name 'AprobVentas' for test data 'C:/Users/kaizen/git/AutomatizacionKatalon/Pedidos/DataExcel/AprobacionesPedidos_20pies.xlsx'. Possible values are '{Idioma,Usuario,Contrasena,IdPedido,Id_Cliente,Estatus_Pedido,Creado_desde,Creado_hasta,Aprob. Ventas,Aprob. Financiera,Aprob. Produccion}'
	at com.kms.katalon.core.testdata.AbstractTestData.verifyColumnName(AbstractTestData.java:78)
	at com.kms.katalon.core.testdata.AbstractTestData.getObjectValue(AbstractTestData.java:136)
	at com.kms.katalon.core.testdata.AbstractTestData.getValue(AbstractTestData.java:107)
	at com.kms.katalon.core.testdata.TestData$getValue$0.call(Unknown Source)
	at obtener_excels.obtener_aprobaciones_20pies.getValuesExcelAprob20(obtener_aprobaciones_20pies.groovy:41)
	at obtener_excels.obtener_aprobaciones_20pies.invokeMethod(obtener_aprobaciones_20pies.groovy)
	at com.kms.katalon.core.main.CustomKeywordDelegatingMetaClass.invokeStaticMethod(CustomKeywordDelegatingMetaClass.java:50)
	at Login.run(Login:36)
	at com.kms.katalon.core.main.ScriptEngine.run(ScriptEngine.java:194)
	at com.kms.katalon.core.main.ScriptEngine.runScriptAsRawText(ScriptEngine.java:119)
	at com.kms.katalon.core.main.TestCaseExecutor.runScript(TestCaseExecutor.java:337)
	at com.kms.katalon.core.main.TestCaseExecutor.doExecute(TestCaseExecutor.java:328)
	at com.kms.katalon.core.main.TestCaseExecutor.processExecutionPhase(TestCaseExecutor.java:307)
	at com.kms.katalon.core.main.TestCaseExecutor.accessMainPhase(TestCaseExecutor.java:299)
	at com.kms.katalon.core.main.TestCaseExecutor.execute(TestCaseExecutor.java:233)
	at com.kms.katalon.core.main.TestCaseMain.runTestCase(TestCaseMain.java:114)
	at com.kms.katalon.core.keyword.builtin.CallTestCaseKeyword$_callTestCase_closure1.doCall(CallTestCaseKeyword.groovy:59)
	... 20 more]]></system-err>
      </testcase>
      <testcase name="Test Cases/Secuencias de Ejecucion/TC_Aprobar_Financiera_20pies" time="15.299" classname="Test Cases/Secuencias de Ejecucion/TC_Aprobar_Financiera_20pies" status="ERROR">
         <error type="ERROR" message="Test Cases/Secuencias de Ejecucion/TC_Aprobar_Financiera_20pies FAILED.
Reason:
com.kms.katalon.core.exception.StepErrorException: Call Test Case 'Test Cases/Individual_Tests_20pies/Login' failed because of error(s)
	at com.kms.katalon.core.keyword.builtin.CallTestCaseKeyword$_callTestCase_closure1.doCall(CallTestCaseKeyword.groovy:66)
	at com.kms.katalon.core.keyword.builtin.CallTestCaseKeyword$_callTestCase_closure1.call(CallTestCaseKeyword.groovy)
	at com.kms.katalon.core.keyword.internal.KeywordMain.runKeyword(KeywordMain.groovy:68)
	at com.kms.katalon.core.keyword.builtin.CallTestCaseKeyword.callTestCase(CallTestCaseKeyword.groovy:81)
	at com.kms.katalon.core.keyword.builtin.CallTestCaseKeyword.execute(CallTestCaseKeyword.groovy:44)
	at com.kms.katalon.core.keyword.internal.KeywordExecutor.executeKeywordForPlatform(KeywordExecutor.groovy:72)
	at com.kms.katalon.core.keyword.BuiltinKeywords.callTestCase(BuiltinKeywords.groovy:334)
	at TC_Aprobar_Financiera_20pies.run(TC_Aprobar_Financiera_20pies:27)
	at com.kms.katalon.core.main.ScriptEngine.run(ScriptEngine.java:194)
	at com.kms.katalon.core.main.ScriptEngine.runScriptAsRawText(ScriptEngine.java:119)
	at com.kms.katalon.core.main.TestCaseExecutor.runScript(TestCaseExecutor.java:337)
	at com.kms.katalon.core.main.TestCaseExecutor.doExecute(TestCaseExecutor.java:328)
	at com.kms.katalon.core.main.TestCaseExecutor.processExecutionPhase(TestCaseExecutor.java:307)
	at com.kms.katalon.core.main.TestCaseExecutor.accessMainPhase(TestCaseExecutor.java:299)
	at com.kms.katalon.core.main.TestCaseExecutor.execute(TestCaseExecutor.java:233)
	at com.kms.katalon.core.main.TestSuiteExecutor.accessTestCaseMainPhase(TestSuiteExecutor.java:169)
	at com.kms.katalon.core.main.TestSuiteExecutor.accessTestSuiteMainPhase(TestSuiteExecutor.java:142)
	at com.kms.katalon.core.main.TestSuiteExecutor.execute(TestSuiteExecutor.java:91)
	at com.kms.katalon.core.main.TestCaseMain.startTestSuite(TestCaseMain.java:157)
	at com.kms.katalon.core.main.TestCaseMain$startTestSuite$0.call(Unknown Source)
	at TempTestSuite1581083301317.run(TempTestSuite1581083301317.groovy:36)
Caused by: java.lang.IllegalArgumentException: Invalid column name 'AprobVentas' for test data 'C:/Users/kaizen/git/AutomatizacionKatalon/Pedidos/DataExcel/AprobacionesPedidos_20pies.xlsx'. Possible values are '{Idioma,Usuario,Contrasena,IdPedido,Id_Cliente,Estatus_Pedido,Creado_desde,Creado_hasta,Aprob. Ventas,Aprob. Financiera,Aprob. Produccion}'
	at com.kms.katalon.core.testdata.AbstractTestData.verifyColumnName(AbstractTestData.java:78)
	at com.kms.katalon.core.testdata.AbstractTestData.getObjectValue(AbstractTestData.java:136)
	at com.kms.katalon.core.testdata.AbstractTestData.getValue(AbstractTestData.java:107)
	at com.kms.katalon.core.testdata.TestData$getValue$0.call(Unknown Source)
	at obtener_excels.obtener_aprobaciones_20pies.getValuesExcelAprob20(obtener_aprobaciones_20pies.groovy:41)
	at obtener_excels.obtener_aprobaciones_20pies.invokeMethod(obtener_aprobaciones_20pies.groovy)
	at com.kms.katalon.core.main.CustomKeywordDelegatingMetaClass.invokeStaticMethod(CustomKeywordDelegatingMetaClass.java:50)
	at Login.run(Login:36)
	at com.kms.katalon.core.main.ScriptEngine.run(ScriptEngine.java:194)
	at com.kms.katalon.core.main.ScriptEngine.runScriptAsRawText(ScriptEngine.java:119)
	at com.kms.katalon.core.main.TestCaseExecutor.runScript(TestCaseExecutor.java:337)
	at com.kms.katalon.core.main.TestCaseExecutor.doExecute(TestCaseExecutor.java:328)
	at com.kms.katalon.core.main.TestCaseExecutor.processExecutionPhase(TestCaseExecutor.java:307)
	at com.kms.katalon.core.main.TestCaseExecutor.accessMainPhase(TestCaseExecutor.java:299)
	at com.kms.katalon.core.main.TestCaseExecutor.execute(TestCaseExecutor.java:233)
	at com.kms.katalon.core.main.TestCaseMain.runTestCase(TestCaseMain.java:114)
	at com.kms.katalon.core.keyword.builtin.CallTestCaseKeyword$_callTestCase_closure1.doCall(CallTestCaseKeyword.groovy:59)
	... 20 more
"/>
         <system-out><![CDATA[2020-02-07 09:49:01 - [TEST_CASE][ERROR] - Test Cases/Secuencias de Ejecucion/TC_Aprobar_Financiera_20pies: Test Cases/Secuencias de Ejecucion/TC_Aprobar_Financiera_20pies FAILED.
Reason:
com.kms.katalon.core.exception.StepErrorException: Call Test Case 'Test Cases/Individual_Tests_20pies/Login' failed because of error(s)
	at com.kms.katalon.core.keyword.builtin.CallTestCaseKeyword$_callTestCase_closure1.doCall(CallTestCaseKeyword.groovy:66)
	at com.kms.katalon.core.keyword.builtin.CallTestCaseKeyword$_callTestCase_closure1.call(CallTestCaseKeyword.groovy)
	at com.kms.katalon.core.keyword.internal.KeywordMain.runKeyword(KeywordMain.groovy:68)
	at com.kms.katalon.core.keyword.builtin.CallTestCaseKeyword.callTestCase(CallTestCaseKeyword.groovy:81)
	at com.kms.katalon.core.keyword.builtin.CallTestCaseKeyword.execute(CallTestCaseKeyword.groovy:44)
	at com.kms.katalon.core.keyword.internal.KeywordExecutor.executeKeywordForPlatform(KeywordExecutor.groovy:72)
	at com.kms.katalon.core.keyword.BuiltinKeywords.callTestCase(BuiltinKeywords.groovy:334)
	at TC_Aprobar_Financiera_20pies.run(TC_Aprobar_Financiera_20pies:27)
	at com.kms.katalon.core.main.ScriptEngine.run(ScriptEngine.java:194)
	at com.kms.katalon.core.main.ScriptEngine.runScriptAsRawText(ScriptEngine.java:119)
	at com.kms.katalon.core.main.TestCaseExecutor.runScript(TestCaseExecutor.java:337)
	at com.kms.katalon.core.main.TestCaseExecutor.doExecute(TestCaseExecutor.java:328)
	at com.kms.katalon.core.main.TestCaseExecutor.processExecutionPhase(TestCaseExecutor.java:307)
	at com.kms.katalon.core.main.TestCaseExecutor.accessMainPhase(TestCaseExecutor.java:299)
	at com.kms.katalon.core.main.TestCaseExecutor.execute(TestCaseExecutor.java:233)
	at com.kms.katalon.core.main.TestSuiteExecutor.accessTestCaseMainPhase(TestSuiteExecutor.java:169)
	at com.kms.katalon.core.main.TestSuiteExecutor.accessTestSuiteMainPhase(TestSuiteExecutor.java:142)
	at com.kms.katalon.core.main.TestSuiteExecutor.execute(TestSuiteExecutor.java:91)
	at com.kms.katalon.core.main.TestCaseMain.startTestSuite(TestCaseMain.java:157)
	at com.kms.katalon.core.main.TestCaseMain$startTestSuite$0.call(Unknown Source)
	at TempTestSuite1581083301317.run(TempTestSuite1581083301317.groovy:36)
Caused by: java.lang.IllegalArgumentException: Invalid column name 'AprobVentas' for test data 'C:/Users/kaizen/git/AutomatizacionKatalon/Pedidos/DataExcel/AprobacionesPedidos_20pies.xlsx'. Possible values are '{Idioma,Usuario,Contrasena,IdPedido,Id_Cliente,Estatus_Pedido,Creado_desde,Creado_hasta,Aprob. Ventas,Aprob. Financiera,Aprob. Produccion}'
	at com.kms.katalon.core.testdata.AbstractTestData.verifyColumnName(AbstractTestData.java:78)
	at com.kms.katalon.core.testdata.AbstractTestData.getObjectValue(AbstractTestData.java:136)
	at com.kms.katalon.core.testdata.AbstractTestData.getValue(AbstractTestData.java:107)
	at com.kms.katalon.core.testdata.TestData$getValue$0.call(Unknown Source)
	at obtener_excels.obtener_aprobaciones_20pies.getValuesExcelAprob20(obtener_aprobaciones_20pies.groovy:41)
	at obtener_excels.obtener_aprobaciones_20pies.invokeMethod(obtener_aprobaciones_20pies.groovy)
	at com.kms.katalon.core.main.CustomKeywordDelegatingMetaClass.invokeStaticMethod(CustomKeywordDelegatingMetaClass.java:50)
	at Login.run(Login:36)
	at com.kms.katalon.core.main.ScriptEngine.run(ScriptEngine.java:194)
	at com.kms.katalon.core.main.ScriptEngine.runScriptAsRawText(ScriptEngine.java:119)
	at com.kms.katalon.core.main.TestCaseExecutor.runScript(TestCaseExecutor.java:337)
	at com.kms.katalon.core.main.TestCaseExecutor.doExecute(TestCaseExecutor.java:328)
	at com.kms.katalon.core.main.TestCaseExecutor.processExecutionPhase(TestCaseExecutor.java:307)
	at com.kms.katalon.core.main.TestCaseExecutor.accessMainPhase(TestCaseExecutor.java:299)
	at com.kms.katalon.core.main.TestCaseExecutor.execute(TestCaseExecutor.java:233)
	at com.kms.katalon.core.main.TestCaseMain.runTestCase(TestCaseMain.java:114)
	at com.kms.katalon.core.keyword.builtin.CallTestCaseKeyword$_callTestCase_closure1.doCall(CallTestCaseKeyword.groovy:59)
	... 20 more


2020-02-07 09:49:01 - [TEST_STEP][PASSED] - archivo = $RunConfiguration.getProjectDir()/Pedidos/DataExcel/AprobacionesPedidos_20pies.xlsx: null

2020-02-07 09:49:01 - [TEST_STEP][PASSED] - excelData = getExcelDataWithDefaultSheet(archivo, "Sheet1", true): null

2020-02-07 09:49:01 - [TEST_STEP][FAILED] - for ([Index = 1, Index <= excelData.getRowNumbers(), (Index++)]): Unable to call Test Case 'Test Cases/Individual_Tests_20pies/Login' (Root cause: com.kms.katalon.core.exception.StepErrorException: Call Test Case 'Test Cases/Individual_Tests_20pies/Login' failed because of error(s)
	at com.kms.katalon.core.keyword.builtin.CallTestCaseKeyword$_callTestCase_closure1.doCall(CallTestCaseKeyword.groovy:66)
	at com.kms.katalon.core.keyword.builtin.CallTestCaseKeyword$_callTestCase_closure1.call(CallTestCaseKeyword.groovy)
	at com.kms.katalon.core.keyword.internal.KeywordMain.runKeyword(KeywordMain.groovy:68)
	at com.kms.katalon.core.keyword.builtin.CallTestCaseKeyword.callTestCase(CallTestCaseKeyword.groovy:81)
	at com.kms.katalon.core.keyword.builtin.CallTestCaseKeyword.execute(CallTestCaseKeyword.groovy:44)
	at com.kms.katalon.core.keyword.internal.KeywordExecutor.executeKeywordForPlatform(KeywordExecutor.groovy:72)
	at com.kms.katalon.core.keyword.BuiltinKeywords.callTestCase(BuiltinKeywords.groovy:334)
	at TC_Aprobar_Financiera_20pies.run(TC_Aprobar_Financiera_20pies:27)
	at com.kms.katalon.core.main.ScriptEngine.run(ScriptEngine.java:194)
	at com.kms.katalon.core.main.ScriptEngine.runScriptAsRawText(ScriptEngine.java:119)
	at com.kms.katalon.core.main.TestCaseExecutor.runScript(TestCaseExecutor.java:337)
	at com.kms.katalon.core.main.TestCaseExecutor.doExecute(TestCaseExecutor.java:328)
	at com.kms.katalon.core.main.TestCaseExecutor.processExecutionPhase(TestCaseExecutor.java:307)
	at com.kms.katalon.core.main.TestCaseExecutor.accessMainPhase(TestCaseExecutor.java:299)
	at com.kms.katalon.core.main.TestCaseExecutor.execute(TestCaseExecutor.java:233)
	at com.kms.katalon.core.main.TestSuiteExecutor.accessTestCaseMainPhase(TestSuiteExecutor.java:169)
	at com.kms.katalon.core.main.TestSuiteExecutor.accessTestSuiteMainPhase(TestSuiteExecutor.java:142)
	at com.kms.katalon.core.main.TestSuiteExecutor.execute(TestSuiteExecutor.java:91)
	at com.kms.katalon.core.main.TestCaseMain.startTestSuite(TestCaseMain.java:157)
	at com.kms.katalon.core.main.TestCaseMain$startTestSuite$0.call(Unknown Source)
	at TempTestSuite1581083301317.run(TempTestSuite1581083301317.groovy:36)
Caused by: java.lang.IllegalArgumentException: Invalid column name 'AprobVentas' for test data 'C:/Users/kaizen/git/AutomatizacionKatalon/Pedidos/DataExcel/AprobacionesPedidos_20pies.xlsx'. Possible values are '{Idioma,Usuario,Contrasena,IdPedido,Id_Cliente,Estatus_Pedido,Creado_desde,Creado_hasta,Aprob. Ventas,Aprob. Financiera,Aprob. Produccion}'
	at com.kms.katalon.core.testdata.AbstractTestData.verifyColumnName(AbstractTestData.java:78)
	at com.kms.katalon.core.testdata.AbstractTestData.getObjectValue(AbstractTestData.java:136)
	at com.kms.katalon.core.testdata.AbstractTestData.getValue(AbstractTestData.java:107)
	at com.kms.katalon.core.testdata.TestData$getValue$0.call(Unknown Source)
	at obtener_excels.obtener_aprobaciones_20pies.getValuesExcelAprob20(obtener_aprobaciones_20pies.groovy:41)
	at obtener_excels.obtener_aprobaciones_20pies.invokeMethod(obtener_aprobaciones_20pies.groovy)
	at com.kms.katalon.core.main.CustomKeywordDelegatingMetaClass.invokeStaticMethod(CustomKeywordDelegatingMetaClass.java:50)
	at Login.run(Login:36)
	at com.kms.katalon.core.main.ScriptEngine.run(ScriptEngine.java:194)
	at com.kms.katalon.core.main.ScriptEngine.runScriptAsRawText(ScriptEngine.java:119)
	at com.kms.katalon.core.main.TestCaseExecutor.runScript(TestCaseExecutor.java:337)
	at com.kms.katalon.core.main.TestCaseExecutor.doExecute(TestCaseExecutor.java:328)
	at com.kms.katalon.core.main.TestCaseExecutor.processExecutionPhase(TestCaseExecutor.java:307)
	at com.kms.katalon.core.main.TestCaseExecutor.accessMainPhase(TestCaseExecutor.java:299)
	at com.kms.katalon.core.main.TestCaseExecutor.execute(TestCaseExecutor.java:233)
	at com.kms.katalon.core.main.TestCaseMain.runTestCase(TestCaseMain.java:114)
	at com.kms.katalon.core.keyword.builtin.CallTestCaseKeyword$_callTestCase_closure1.doCall(CallTestCaseKeyword.groovy:59)
	... 20 more
)

2020-02-07 09:49:01 - [TEST_STEP][FAILED] - callTestCase(findTestCase("Individual_Tests_20pies/Login"), ["Evento":"Aprobar", "Index":Index, "Usuario":Usuario, "Contrasena":Contrasena], STOP_ON_FAILURE): Unable to call Test Case 'Test Cases/Individual_Tests_20pies/Login' (Root cause: com.kms.katalon.core.exception.StepErrorException: Call Test Case 'Test Cases/Individual_Tests_20pies/Login' failed because of error(s)
	at com.kms.katalon.core.keyword.builtin.CallTestCaseKeyword$_callTestCase_closure1.doCall(CallTestCaseKeyword.groovy:66)
	at com.kms.katalon.core.keyword.builtin.CallTestCaseKeyword$_callTestCase_closure1.call(CallTestCaseKeyword.groovy)
	at com.kms.katalon.core.keyword.internal.KeywordMain.runKeyword(KeywordMain.groovy:68)
	at com.kms.katalon.core.keyword.builtin.CallTestCaseKeyword.callTestCase(CallTestCaseKeyword.groovy:81)
	at com.kms.katalon.core.keyword.builtin.CallTestCaseKeyword.execute(CallTestCaseKeyword.groovy:44)
	at com.kms.katalon.core.keyword.internal.KeywordExecutor.executeKeywordForPlatform(KeywordExecutor.groovy:72)
	at com.kms.katalon.core.keyword.BuiltinKeywords.callTestCase(BuiltinKeywords.groovy:334)
	at TC_Aprobar_Financiera_20pies.run(TC_Aprobar_Financiera_20pies:27)
	at com.kms.katalon.core.main.ScriptEngine.run(ScriptEngine.java:194)
	at com.kms.katalon.core.main.ScriptEngine.runScriptAsRawText(ScriptEngine.java:119)
	at com.kms.katalon.core.main.TestCaseExecutor.runScript(TestCaseExecutor.java:337)
	at com.kms.katalon.core.main.TestCaseExecutor.doExecute(TestCaseExecutor.java:328)
	at com.kms.katalon.core.main.TestCaseExecutor.processExecutionPhase(TestCaseExecutor.java:307)
	at com.kms.katalon.core.main.TestCaseExecutor.accessMainPhase(TestCaseExecutor.java:299)
	at com.kms.katalon.core.main.TestCaseExecutor.execute(TestCaseExecutor.java:233)
	at com.kms.katalon.core.main.TestSuiteExecutor.accessTestCaseMainPhase(TestSuiteExecutor.java:169)
	at com.kms.katalon.core.main.TestSuiteExecutor.accessTestSuiteMainPhase(TestSuiteExecutor.java:142)
	at com.kms.katalon.core.main.TestSuiteExecutor.execute(TestSuiteExecutor.java:91)
	at com.kms.katalon.core.main.TestCaseMain.startTestSuite(TestCaseMain.java:157)
	at com.kms.katalon.core.main.TestCaseMain$startTestSuite$0.call(Unknown Source)
	at TempTestSuite1581083301317.run(TempTestSuite1581083301317.groovy:36)
Caused by: java.lang.IllegalArgumentException: Invalid column name 'AprobVentas' for test data 'C:/Users/kaizen/git/AutomatizacionKatalon/Pedidos/DataExcel/AprobacionesPedidos_20pies.xlsx'. Possible values are '{Idioma,Usuario,Contrasena,IdPedido,Id_Cliente,Estatus_Pedido,Creado_desde,Creado_hasta,Aprob. Ventas,Aprob. Financiera,Aprob. Produccion}'
	at com.kms.katalon.core.testdata.AbstractTestData.verifyColumnName(AbstractTestData.java:78)
	at com.kms.katalon.core.testdata.AbstractTestData.getObjectValue(AbstractTestData.java:136)
	at com.kms.katalon.core.testdata.AbstractTestData.getValue(AbstractTestData.java:107)
	at com.kms.katalon.core.testdata.TestData$getValue$0.call(Unknown Source)
	at obtener_excels.obtener_aprobaciones_20pies.getValuesExcelAprob20(obtener_aprobaciones_20pies.groovy:41)
	at obtener_excels.obtener_aprobaciones_20pies.invokeMethod(obtener_aprobaciones_20pies.groovy)
	at com.kms.katalon.core.main.CustomKeywordDelegatingMetaClass.invokeStaticMethod(CustomKeywordDelegatingMetaClass.java:50)
	at Login.run(Login:36)
	at com.kms.katalon.core.main.ScriptEngine.run(ScriptEngine.java:194)
	at com.kms.katalon.core.main.ScriptEngine.runScriptAsRawText(ScriptEngine.java:119)
	at com.kms.katalon.core.main.TestCaseExecutor.runScript(TestCaseExecutor.java:337)
	at com.kms.katalon.core.main.TestCaseExecutor.doExecute(TestCaseExecutor.java:328)
	at com.kms.katalon.core.main.TestCaseExecutor.processExecutionPhase(TestCaseExecutor.java:307)
	at com.kms.katalon.core.main.TestCaseExecutor.accessMainPhase(TestCaseExecutor.java:299)
	at com.kms.katalon.core.main.TestCaseExecutor.execute(TestCaseExecutor.java:233)
	at com.kms.katalon.core.main.TestCaseMain.runTestCase(TestCaseMain.java:114)
	at com.kms.katalon.core.keyword.builtin.CallTestCaseKeyword$_callTestCase_closure1.doCall(CallTestCaseKeyword.groovy:59)
	... 20 more
)

2020-02-07 09:49:01 - [TEST_CASE][ERROR] - Test Cases/Individual_Tests_20pies/Login: Test Cases/Individual_Tests_20pies/Login FAILED.
Reason:
java.lang.IllegalArgumentException: Invalid column name 'AprobVentas' for test data 'C:/Users/kaizen/git/AutomatizacionKatalon/Pedidos/DataExcel/AprobacionesPedidos_20pies.xlsx'. Possible values are '{Idioma,Usuario,Contrasena,IdPedido,Id_Cliente,Estatus_Pedido,Creado_desde,Creado_hasta,Aprob. Ventas,Aprob. Financiera,Aprob. Produccion}'
	at com.kms.katalon.core.testdata.AbstractTestData.verifyColumnName(AbstractTestData.java:78)
	at com.kms.katalon.core.testdata.AbstractTestData.getObjectValue(AbstractTestData.java:136)
	at com.kms.katalon.core.testdata.AbstractTestData.getValue(AbstractTestData.java:107)
	at com.kms.katalon.core.testdata.TestData$getValue$0.call(Unknown Source)
	at obtener_excels.obtener_aprobaciones_20pies.getValuesExcelAprob20(obtener_aprobaciones_20pies.groovy:41)
	at obtener_excels.obtener_aprobaciones_20pies.invokeMethod(obtener_aprobaciones_20pies.groovy)
	at com.kms.katalon.core.main.CustomKeywordDelegatingMetaClass.invokeStaticMethod(CustomKeywordDelegatingMetaClass.java:50)
	at Login.run(Login:36)
	at com.kms.katalon.core.main.ScriptEngine.run(ScriptEngine.java:194)
	at com.kms.katalon.core.main.ScriptEngine.runScriptAsRawText(ScriptEngine.java:119)
	at com.kms.katalon.core.main.TestCaseExecutor.runScript(TestCaseExecutor.java:337)
	at com.kms.katalon.core.main.TestCaseExecutor.doExecute(TestCaseExecutor.java:328)
	at com.kms.katalon.core.main.TestCaseExecutor.processExecutionPhase(TestCaseExecutor.java:307)
	at com.kms.katalon.core.main.TestCaseExecutor.accessMainPhase(TestCaseExecutor.java:299)
	at com.kms.katalon.core.main.TestCaseExecutor.execute(TestCaseExecutor.java:233)
	at com.kms.katalon.core.main.TestCaseMain.runTestCase(TestCaseMain.java:114)
	at com.kms.katalon.core.keyword.builtin.CallTestCaseKeyword$_callTestCase_closure1.doCall(CallTestCaseKeyword.groovy:59)
	at com.kms.katalon.core.keyword.builtin.CallTestCaseKeyword$_callTestCase_closure1.call(CallTestCaseKeyword.groovy)
	at com.kms.katalon.core.keyword.internal.KeywordMain.runKeyword(KeywordMain.groovy:68)
	at com.kms.katalon.core.keyword.builtin.CallTestCaseKeyword.callTestCase(CallTestCaseKeyword.groovy:81)
	at com.kms.katalon.core.keyword.builtin.CallTestCaseKeyword.execute(CallTestCaseKeyword.groovy:44)
	at com.kms.katalon.core.keyword.internal.KeywordExecutor.executeKeywordForPlatform(KeywordExecutor.groovy:72)
	at com.kms.katalon.core.keyword.BuiltinKeywords.callTestCase(BuiltinKeywords.groovy:334)
	at TC_Aprobar_Financiera_20pies.run(TC_Aprobar_Financiera_20pies:27)
	at com.kms.katalon.core.main.ScriptEngine.run(ScriptEngine.java:194)
	at com.kms.katalon.core.main.ScriptEngine.runScriptAsRawText(ScriptEngine.java:119)
	at com.kms.katalon.core.main.TestCaseExecutor.runScript(TestCaseExecutor.java:337)
	at com.kms.katalon.core.main.TestCaseExecutor.doExecute(TestCaseExecutor.java:328)
	at com.kms.katalon.core.main.TestCaseExecutor.processExecutionPhase(TestCaseExecutor.java:307)
	at com.kms.katalon.core.main.TestCaseExecutor.accessMainPhase(TestCaseExecutor.java:299)
	at com.kms.katalon.core.main.TestCaseExecutor.execute(TestCaseExecutor.java:233)
	at com.kms.katalon.core.main.TestSuiteExecutor.accessTestCaseMainPhase(TestSuiteExecutor.java:169)
	at com.kms.katalon.core.main.TestSuiteExecutor.accessTestSuiteMainPhase(TestSuiteExecutor.java:142)
	at com.kms.katalon.core.main.TestSuiteExecutor.execute(TestSuiteExecutor.java:91)
	at com.kms.katalon.core.main.TestCaseMain.startTestSuite(TestCaseMain.java:157)
	at com.kms.katalon.core.main.TestCaseMain$startTestSuite$0.call(Unknown Source)
	at TempTestSuite1581083301317.run(TempTestSuite1581083301317.groovy:36)


2020-02-07 09:49:02 - [TEST_STEP][PASSED] - print("Evento Seleccionado: " + Evento + "
"): null

2020-02-07 09:49:02 - [TEST_STEP][PASSED] - openBrowser(Web): Browser is opened with url: 'http://test.kaizendev.net/Login/Accesar?salir=true'

2020-02-07 09:49:02 - [MESSAGE][WARNING] - A browser is already opened. Closing browser and opening a new one

2020-02-07 09:49:02 - [MESSAGE][INFO] - Starting 'Chrome' driver

2020-02-07 09:49:15 - [MESSAGE][PASSED] - Browser is opened with url: 'http://test.kaizendev.net/Login/Accesar?salir=true'

2020-02-07 09:49:15 - [TEST_STEP][PASSED] - maximizeWindow(): Current window maximized

2020-02-07 09:49:16 - [MESSAGE][PASSED] - Current window maximized

2020-02-07 09:49:16 - [TEST_STEP][PASSED] - if (Evento == "Crear"): null

2020-02-07 09:49:16 - [TEST_STEP][ERROR] - else if (Evento == "Aprobar"): Invalid column name 'AprobVentas' for test data 'C:/Users/kaizen/git/AutomatizacionKatalon/Pedidos/DataExcel/AprobacionesPedidos_20pies.xlsx'. Possible values are '{Idioma,Usuario,Contrasena,IdPedido,Id_Cliente,Estatus_Pedido,Creado_desde,Creado_hasta,Aprob. Ventas,Aprob. Financiera,Aprob. Produccion}'

2020-02-07 09:49:16 - [TEST_STEP][ERROR] - data2 = obtener_excels.obtener_aprobaciones_20pies.getValuesExcelAprob20(Index): Invalid column name 'AprobVentas' for test data 'C:/Users/kaizen/git/AutomatizacionKatalon/Pedidos/DataExcel/AprobacionesPedidos_20pies.xlsx'. Possible values are '{Idioma,Usuario,Contrasena,IdPedido,Id_Cliente,Estatus_Pedido,Creado_desde,Creado_hasta,Aprob. Ventas,Aprob. Financiera,Aprob. Produccion}'

2020-02-07 09:49:16 - [MESSAGE][ERROR] - Invalid column name 'AprobVentas' for test data 'C:/Users/kaizen/git/AutomatizacionKatalon/Pedidos/DataExcel/AprobacionesPedidos_20pies.xlsx'. Possible values are '{Idioma,Usuario,Contrasena,IdPedido,Id_Cliente,Estatus_Pedido,Creado_desde,Creado_hasta,Aprob. Ventas,Aprob. Financiera,Aprob. Produccion}'

2020-02-07 09:49:16 - [MESSAGE][FAILED] - Unable to call Test Case 'Test Cases/Individual_Tests_20pies/Login' (Root cause: com.kms.katalon.core.exception.StepErrorException: Call Test Case 'Test Cases/Individual_Tests_20pies/Login' failed because of error(s)
	at com.kms.katalon.core.keyword.builtin.CallTestCaseKeyword$_callTestCase_closure1.doCall(CallTestCaseKeyword.groovy:66)
	at com.kms.katalon.core.keyword.builtin.CallTestCaseKeyword$_callTestCase_closure1.call(CallTestCaseKeyword.groovy)
	at com.kms.katalon.core.keyword.internal.KeywordMain.runKeyword(KeywordMain.groovy:68)
	at com.kms.katalon.core.keyword.builtin.CallTestCaseKeyword.callTestCase(CallTestCaseKeyword.groovy:81)
	at com.kms.katalon.core.keyword.builtin.CallTestCaseKeyword.execute(CallTestCaseKeyword.groovy:44)
	at com.kms.katalon.core.keyword.internal.KeywordExecutor.executeKeywordForPlatform(KeywordExecutor.groovy:72)
	at com.kms.katalon.core.keyword.BuiltinKeywords.callTestCase(BuiltinKeywords.groovy:334)
	at TC_Aprobar_Financiera_20pies.run(TC_Aprobar_Financiera_20pies:27)
	at com.kms.katalon.core.main.ScriptEngine.run(ScriptEngine.java:194)
	at com.kms.katalon.core.main.ScriptEngine.runScriptAsRawText(ScriptEngine.java:119)
	at com.kms.katalon.core.main.TestCaseExecutor.runScript(TestCaseExecutor.java:337)
	at com.kms.katalon.core.main.TestCaseExecutor.doExecute(TestCaseExecutor.java:328)
	at com.kms.katalon.core.main.TestCaseExecutor.processExecutionPhase(TestCaseExecutor.java:307)
	at com.kms.katalon.core.main.TestCaseExecutor.accessMainPhase(TestCaseExecutor.java:299)
	at com.kms.katalon.core.main.TestCaseExecutor.execute(TestCaseExecutor.java:233)
	at com.kms.katalon.core.main.TestSuiteExecutor.accessTestCaseMainPhase(TestSuiteExecutor.java:169)
	at com.kms.katalon.core.main.TestSuiteExecutor.accessTestSuiteMainPhase(TestSuiteExecutor.java:142)
	at com.kms.katalon.core.main.TestSuiteExecutor.execute(TestSuiteExecutor.java:91)
	at com.kms.katalon.core.main.TestCaseMain.startTestSuite(TestCaseMain.java:157)
	at com.kms.katalon.core.main.TestCaseMain$startTestSuite$0.call(Unknown Source)
	at TempTestSuite1581083301317.run(TempTestSuite1581083301317.groovy:36)
Caused by: java.lang.IllegalArgumentException: Invalid column name 'AprobVentas' for test data 'C:/Users/kaizen/git/AutomatizacionKatalon/Pedidos/DataExcel/AprobacionesPedidos_20pies.xlsx'. Possible values are '{Idioma,Usuario,Contrasena,IdPedido,Id_Cliente,Estatus_Pedido,Creado_desde,Creado_hasta,Aprob. Ventas,Aprob. Financiera,Aprob. Produccion}'
	at com.kms.katalon.core.testdata.AbstractTestData.verifyColumnName(AbstractTestData.java:78)
	at com.kms.katalon.core.testdata.AbstractTestData.getObjectValue(AbstractTestData.java:136)
	at com.kms.katalon.core.testdata.AbstractTestData.getValue(AbstractTestData.java:107)
	at com.kms.katalon.core.testdata.TestData$getValue$0.call(Unknown Source)
	at obtener_excels.obtener_aprobaciones_20pies.getValuesExcelAprob20(obtener_aprobaciones_20pies.groovy:41)
	at obtener_excels.obtener_aprobaciones_20pies.invokeMethod(obtener_aprobaciones_20pies.groovy)
	at com.kms.katalon.core.main.CustomKeywordDelegatingMetaClass.invokeStaticMethod(CustomKeywordDelegatingMetaClass.java:50)
	at Login.run(Login:36)
	at com.kms.katalon.core.main.ScriptEngine.run(ScriptEngine.java:194)
	at com.kms.katalon.core.main.ScriptEngine.runScriptAsRawText(ScriptEngine.java:119)
	at com.kms.katalon.core.main.TestCaseExecutor.runScript(TestCaseExecutor.java:337)
	at com.kms.katalon.core.main.TestCaseExecutor.doExecute(TestCaseExecutor.java:328)
	at com.kms.katalon.core.main.TestCaseExecutor.processExecutionPhase(TestCaseExecutor.java:307)
	at com.kms.katalon.core.main.TestCaseExecutor.accessMainPhase(TestCaseExecutor.java:299)
	at com.kms.katalon.core.main.TestCaseExecutor.execute(TestCaseExecutor.java:233)
	at com.kms.katalon.core.main.TestCaseMain.runTestCase(TestCaseMain.java:114)
	at com.kms.katalon.core.keyword.builtin.CallTestCaseKeyword$_callTestCase_closure1.doCall(CallTestCaseKeyword.groovy:59)
	... 20 more
)]]></system-out>
         <system-err><![CDATA[2020-02-07 09:49:01 - [TEST_CASE][ERROR] - Test Cases/Secuencias de Ejecucion/TC_Aprobar_Financiera_20pies: Test Cases/Secuencias de Ejecucion/TC_Aprobar_Financiera_20pies FAILED.
Reason:
com.kms.katalon.core.exception.StepErrorException: Call Test Case 'Test Cases/Individual_Tests_20pies/Login' failed because of error(s)
	at com.kms.katalon.core.keyword.builtin.CallTestCaseKeyword$_callTestCase_closure1.doCall(CallTestCaseKeyword.groovy:66)
	at com.kms.katalon.core.keyword.builtin.CallTestCaseKeyword$_callTestCase_closure1.call(CallTestCaseKeyword.groovy)
	at com.kms.katalon.core.keyword.internal.KeywordMain.runKeyword(KeywordMain.groovy:68)
	at com.kms.katalon.core.keyword.builtin.CallTestCaseKeyword.callTestCase(CallTestCaseKeyword.groovy:81)
	at com.kms.katalon.core.keyword.builtin.CallTestCaseKeyword.execute(CallTestCaseKeyword.groovy:44)
	at com.kms.katalon.core.keyword.internal.KeywordExecutor.executeKeywordForPlatform(KeywordExecutor.groovy:72)
	at com.kms.katalon.core.keyword.BuiltinKeywords.callTestCase(BuiltinKeywords.groovy:334)
	at TC_Aprobar_Financiera_20pies.run(TC_Aprobar_Financiera_20pies:27)
	at com.kms.katalon.core.main.ScriptEngine.run(ScriptEngine.java:194)
	at com.kms.katalon.core.main.ScriptEngine.runScriptAsRawText(ScriptEngine.java:119)
	at com.kms.katalon.core.main.TestCaseExecutor.runScript(TestCaseExecutor.java:337)
	at com.kms.katalon.core.main.TestCaseExecutor.doExecute(TestCaseExecutor.java:328)
	at com.kms.katalon.core.main.TestCaseExecutor.processExecutionPhase(TestCaseExecutor.java:307)
	at com.kms.katalon.core.main.TestCaseExecutor.accessMainPhase(TestCaseExecutor.java:299)
	at com.kms.katalon.core.main.TestCaseExecutor.execute(TestCaseExecutor.java:233)
	at com.kms.katalon.core.main.TestSuiteExecutor.accessTestCaseMainPhase(TestSuiteExecutor.java:169)
	at com.kms.katalon.core.main.TestSuiteExecutor.accessTestSuiteMainPhase(TestSuiteExecutor.java:142)
	at com.kms.katalon.core.main.TestSuiteExecutor.execute(TestSuiteExecutor.java:91)
	at com.kms.katalon.core.main.TestCaseMain.startTestSuite(TestCaseMain.java:157)
	at com.kms.katalon.core.main.TestCaseMain$startTestSuite$0.call(Unknown Source)
	at TempTestSuite1581083301317.run(TempTestSuite1581083301317.groovy:36)
Caused by: java.lang.IllegalArgumentException: Invalid column name 'AprobVentas' for test data 'C:/Users/kaizen/git/AutomatizacionKatalon/Pedidos/DataExcel/AprobacionesPedidos_20pies.xlsx'. Possible values are '{Idioma,Usuario,Contrasena,IdPedido,Id_Cliente,Estatus_Pedido,Creado_desde,Creado_hasta,Aprob. Ventas,Aprob. Financiera,Aprob. Produccion}'
	at com.kms.katalon.core.testdata.AbstractTestData.verifyColumnName(AbstractTestData.java:78)
	at com.kms.katalon.core.testdata.AbstractTestData.getObjectValue(AbstractTestData.java:136)
	at com.kms.katalon.core.testdata.AbstractTestData.getValue(AbstractTestData.java:107)
	at com.kms.katalon.core.testdata.TestData$getValue$0.call(Unknown Source)
	at obtener_excels.obtener_aprobaciones_20pies.getValuesExcelAprob20(obtener_aprobaciones_20pies.groovy:41)
	at obtener_excels.obtener_aprobaciones_20pies.invokeMethod(obtener_aprobaciones_20pies.groovy)
	at com.kms.katalon.core.main.CustomKeywordDelegatingMetaClass.invokeStaticMethod(CustomKeywordDelegatingMetaClass.java:50)
	at Login.run(Login:36)
	at com.kms.katalon.core.main.ScriptEngine.run(ScriptEngine.java:194)
	at com.kms.katalon.core.main.ScriptEngine.runScriptAsRawText(ScriptEngine.java:119)
	at com.kms.katalon.core.main.TestCaseExecutor.runScript(TestCaseExecutor.java:337)
	at com.kms.katalon.core.main.TestCaseExecutor.doExecute(TestCaseExecutor.java:328)
	at com.kms.katalon.core.main.TestCaseExecutor.processExecutionPhase(TestCaseExecutor.java:307)
	at com.kms.katalon.core.main.TestCaseExecutor.accessMainPhase(TestCaseExecutor.java:299)
	at com.kms.katalon.core.main.TestCaseExecutor.execute(TestCaseExecutor.java:233)
	at com.kms.katalon.core.main.TestCaseMain.runTestCase(TestCaseMain.java:114)
	at com.kms.katalon.core.keyword.builtin.CallTestCaseKeyword$_callTestCase_closure1.doCall(CallTestCaseKeyword.groovy:59)
	... 20 more]]></system-err>
      </testcase>
      <testcase name="Test Cases/Secuencias de Ejecucion/TC_Aprobar_Produccion_20pies" time="19.586" classname="Test Cases/Secuencias de Ejecucion/TC_Aprobar_Produccion_20pies" status="ERROR">
         <error type="ERROR" message="Test Cases/Secuencias de Ejecucion/TC_Aprobar_Produccion_20pies FAILED.
Reason:
com.kms.katalon.core.exception.StepErrorException: Call Test Case 'Test Cases/Individual_Tests_20pies/Login' failed because of error(s)
	at com.kms.katalon.core.keyword.builtin.CallTestCaseKeyword$_callTestCase_closure1.doCall(CallTestCaseKeyword.groovy:66)
	at com.kms.katalon.core.keyword.builtin.CallTestCaseKeyword$_callTestCase_closure1.call(CallTestCaseKeyword.groovy)
	at com.kms.katalon.core.keyword.internal.KeywordMain.runKeyword(KeywordMain.groovy:68)
	at com.kms.katalon.core.keyword.builtin.CallTestCaseKeyword.callTestCase(CallTestCaseKeyword.groovy:81)
	at com.kms.katalon.core.keyword.builtin.CallTestCaseKeyword.execute(CallTestCaseKeyword.groovy:44)
	at com.kms.katalon.core.keyword.internal.KeywordExecutor.executeKeywordForPlatform(KeywordExecutor.groovy:72)
	at com.kms.katalon.core.keyword.BuiltinKeywords.callTestCase(BuiltinKeywords.groovy:334)
	at TC_Aprobar_Produccion_20pies.run(TC_Aprobar_Produccion_20pies:27)
	at com.kms.katalon.core.main.ScriptEngine.run(ScriptEngine.java:194)
	at com.kms.katalon.core.main.ScriptEngine.runScriptAsRawText(ScriptEngine.java:119)
	at com.kms.katalon.core.main.TestCaseExecutor.runScript(TestCaseExecutor.java:337)
	at com.kms.katalon.core.main.TestCaseExecutor.doExecute(TestCaseExecutor.java:328)
	at com.kms.katalon.core.main.TestCaseExecutor.processExecutionPhase(TestCaseExecutor.java:307)
	at com.kms.katalon.core.main.TestCaseExecutor.accessMainPhase(TestCaseExecutor.java:299)
	at com.kms.katalon.core.main.TestCaseExecutor.execute(TestCaseExecutor.java:233)
	at com.kms.katalon.core.main.TestSuiteExecutor.accessTestCaseMainPhase(TestSuiteExecutor.java:169)
	at com.kms.katalon.core.main.TestSuiteExecutor.accessTestSuiteMainPhase(TestSuiteExecutor.java:142)
	at com.kms.katalon.core.main.TestSuiteExecutor.execute(TestSuiteExecutor.java:91)
	at com.kms.katalon.core.main.TestCaseMain.startTestSuite(TestCaseMain.java:157)
	at com.kms.katalon.core.main.TestCaseMain$startTestSuite$0.call(Unknown Source)
	at TempTestSuite1581083301317.run(TempTestSuite1581083301317.groovy:36)
Caused by: java.lang.IllegalArgumentException: Invalid column name 'AprobVentas' for test data 'C:/Users/kaizen/git/AutomatizacionKatalon/Pedidos/DataExcel/AprobacionesPedidos_20pies.xlsx'. Possible values are '{Idioma,Usuario,Contrasena,IdPedido,Id_Cliente,Estatus_Pedido,Creado_desde,Creado_hasta,Aprob. Ventas,Aprob. Financiera,Aprob. Produccion}'
	at com.kms.katalon.core.testdata.AbstractTestData.verifyColumnName(AbstractTestData.java:78)
	at com.kms.katalon.core.testdata.AbstractTestData.getObjectValue(AbstractTestData.java:136)
	at com.kms.katalon.core.testdata.AbstractTestData.getValue(AbstractTestData.java:107)
	at com.kms.katalon.core.testdata.TestData$getValue$0.call(Unknown Source)
	at obtener_excels.obtener_aprobaciones_20pies.getValuesExcelAprob20(obtener_aprobaciones_20pies.groovy:41)
	at obtener_excels.obtener_aprobaciones_20pies.invokeMethod(obtener_aprobaciones_20pies.groovy)
	at com.kms.katalon.core.main.CustomKeywordDelegatingMetaClass.invokeStaticMethod(CustomKeywordDelegatingMetaClass.java:50)
	at Login.run(Login:36)
	at com.kms.katalon.core.main.ScriptEngine.run(ScriptEngine.java:194)
	at com.kms.katalon.core.main.ScriptEngine.runScriptAsRawText(ScriptEngine.java:119)
	at com.kms.katalon.core.main.TestCaseExecutor.runScript(TestCaseExecutor.java:337)
	at com.kms.katalon.core.main.TestCaseExecutor.doExecute(TestCaseExecutor.java:328)
	at com.kms.katalon.core.main.TestCaseExecutor.processExecutionPhase(TestCaseExecutor.java:307)
	at com.kms.katalon.core.main.TestCaseExecutor.accessMainPhase(TestCaseExecutor.java:299)
	at com.kms.katalon.core.main.TestCaseExecutor.execute(TestCaseExecutor.java:233)
	at com.kms.katalon.core.main.TestCaseMain.runTestCase(TestCaseMain.java:114)
	at com.kms.katalon.core.keyword.builtin.CallTestCaseKeyword$_callTestCase_closure1.doCall(CallTestCaseKeyword.groovy:59)
	... 20 more
"/>
         <system-out><![CDATA[2020-02-07 09:49:16 - [TEST_CASE][ERROR] - Test Cases/Secuencias de Ejecucion/TC_Aprobar_Produccion_20pies: Test Cases/Secuencias de Ejecucion/TC_Aprobar_Produccion_20pies FAILED.
Reason:
com.kms.katalon.core.exception.StepErrorException: Call Test Case 'Test Cases/Individual_Tests_20pies/Login' failed because of error(s)
	at com.kms.katalon.core.keyword.builtin.CallTestCaseKeyword$_callTestCase_closure1.doCall(CallTestCaseKeyword.groovy:66)
	at com.kms.katalon.core.keyword.builtin.CallTestCaseKeyword$_callTestCase_closure1.call(CallTestCaseKeyword.groovy)
	at com.kms.katalon.core.keyword.internal.KeywordMain.runKeyword(KeywordMain.groovy:68)
	at com.kms.katalon.core.keyword.builtin.CallTestCaseKeyword.callTestCase(CallTestCaseKeyword.groovy:81)
	at com.kms.katalon.core.keyword.builtin.CallTestCaseKeyword.execute(CallTestCaseKeyword.groovy:44)
	at com.kms.katalon.core.keyword.internal.KeywordExecutor.executeKeywordForPlatform(KeywordExecutor.groovy:72)
	at com.kms.katalon.core.keyword.BuiltinKeywords.callTestCase(BuiltinKeywords.groovy:334)
	at TC_Aprobar_Produccion_20pies.run(TC_Aprobar_Produccion_20pies:27)
	at com.kms.katalon.core.main.ScriptEngine.run(ScriptEngine.java:194)
	at com.kms.katalon.core.main.ScriptEngine.runScriptAsRawText(ScriptEngine.java:119)
	at com.kms.katalon.core.main.TestCaseExecutor.runScript(TestCaseExecutor.java:337)
	at com.kms.katalon.core.main.TestCaseExecutor.doExecute(TestCaseExecutor.java:328)
	at com.kms.katalon.core.main.TestCaseExecutor.processExecutionPhase(TestCaseExecutor.java:307)
	at com.kms.katalon.core.main.TestCaseExecutor.accessMainPhase(TestCaseExecutor.java:299)
	at com.kms.katalon.core.main.TestCaseExecutor.execute(TestCaseExecutor.java:233)
	at com.kms.katalon.core.main.TestSuiteExecutor.accessTestCaseMainPhase(TestSuiteExecutor.java:169)
	at com.kms.katalon.core.main.TestSuiteExecutor.accessTestSuiteMainPhase(TestSuiteExecutor.java:142)
	at com.kms.katalon.core.main.TestSuiteExecutor.execute(TestSuiteExecutor.java:91)
	at com.kms.katalon.core.main.TestCaseMain.startTestSuite(TestCaseMain.java:157)
	at com.kms.katalon.core.main.TestCaseMain$startTestSuite$0.call(Unknown Source)
	at TempTestSuite1581083301317.run(TempTestSuite1581083301317.groovy:36)
Caused by: java.lang.IllegalArgumentException: Invalid column name 'AprobVentas' for test data 'C:/Users/kaizen/git/AutomatizacionKatalon/Pedidos/DataExcel/AprobacionesPedidos_20pies.xlsx'. Possible values are '{Idioma,Usuario,Contrasena,IdPedido,Id_Cliente,Estatus_Pedido,Creado_desde,Creado_hasta,Aprob. Ventas,Aprob. Financiera,Aprob. Produccion}'
	at com.kms.katalon.core.testdata.AbstractTestData.verifyColumnName(AbstractTestData.java:78)
	at com.kms.katalon.core.testdata.AbstractTestData.getObjectValue(AbstractTestData.java:136)
	at com.kms.katalon.core.testdata.AbstractTestData.getValue(AbstractTestData.java:107)
	at com.kms.katalon.core.testdata.TestData$getValue$0.call(Unknown Source)
	at obtener_excels.obtener_aprobaciones_20pies.getValuesExcelAprob20(obtener_aprobaciones_20pies.groovy:41)
	at obtener_excels.obtener_aprobaciones_20pies.invokeMethod(obtener_aprobaciones_20pies.groovy)
	at com.kms.katalon.core.main.CustomKeywordDelegatingMetaClass.invokeStaticMethod(CustomKeywordDelegatingMetaClass.java:50)
	at Login.run(Login:36)
	at com.kms.katalon.core.main.ScriptEngine.run(ScriptEngine.java:194)
	at com.kms.katalon.core.main.ScriptEngine.runScriptAsRawText(ScriptEngine.java:119)
	at com.kms.katalon.core.main.TestCaseExecutor.runScript(TestCaseExecutor.java:337)
	at com.kms.katalon.core.main.TestCaseExecutor.doExecute(TestCaseExecutor.java:328)
	at com.kms.katalon.core.main.TestCaseExecutor.processExecutionPhase(TestCaseExecutor.java:307)
	at com.kms.katalon.core.main.TestCaseExecutor.accessMainPhase(TestCaseExecutor.java:299)
	at com.kms.katalon.core.main.TestCaseExecutor.execute(TestCaseExecutor.java:233)
	at com.kms.katalon.core.main.TestCaseMain.runTestCase(TestCaseMain.java:114)
	at com.kms.katalon.core.keyword.builtin.CallTestCaseKeyword$_callTestCase_closure1.doCall(CallTestCaseKeyword.groovy:59)
	... 20 more


2020-02-07 09:49:17 - [TEST_STEP][PASSED] - archivo = $RunConfiguration.getProjectDir()/Pedidos/DataExcel/AprobacionesPedidos_20pies.xlsx: null

2020-02-07 09:49:17 - [TEST_STEP][PASSED] - excelData = getExcelDataWithDefaultSheet(archivo, "Sheet1", true): null

2020-02-07 09:49:17 - [TEST_STEP][FAILED] - for ([Index = 1, Index <= excelData.getRowNumbers(), (Index++)]): Unable to call Test Case 'Test Cases/Individual_Tests_20pies/Login' (Root cause: com.kms.katalon.core.exception.StepErrorException: Call Test Case 'Test Cases/Individual_Tests_20pies/Login' failed because of error(s)
	at com.kms.katalon.core.keyword.builtin.CallTestCaseKeyword$_callTestCase_closure1.doCall(CallTestCaseKeyword.groovy:66)
	at com.kms.katalon.core.keyword.builtin.CallTestCaseKeyword$_callTestCase_closure1.call(CallTestCaseKeyword.groovy)
	at com.kms.katalon.core.keyword.internal.KeywordMain.runKeyword(KeywordMain.groovy:68)
	at com.kms.katalon.core.keyword.builtin.CallTestCaseKeyword.callTestCase(CallTestCaseKeyword.groovy:81)
	at com.kms.katalon.core.keyword.builtin.CallTestCaseKeyword.execute(CallTestCaseKeyword.groovy:44)
	at com.kms.katalon.core.keyword.internal.KeywordExecutor.executeKeywordForPlatform(KeywordExecutor.groovy:72)
	at com.kms.katalon.core.keyword.BuiltinKeywords.callTestCase(BuiltinKeywords.groovy:334)
	at TC_Aprobar_Produccion_20pies.run(TC_Aprobar_Produccion_20pies:27)
	at com.kms.katalon.core.main.ScriptEngine.run(ScriptEngine.java:194)
	at com.kms.katalon.core.main.ScriptEngine.runScriptAsRawText(ScriptEngine.java:119)
	at com.kms.katalon.core.main.TestCaseExecutor.runScript(TestCaseExecutor.java:337)
	at com.kms.katalon.core.main.TestCaseExecutor.doExecute(TestCaseExecutor.java:328)
	at com.kms.katalon.core.main.TestCaseExecutor.processExecutionPhase(TestCaseExecutor.java:307)
	at com.kms.katalon.core.main.TestCaseExecutor.accessMainPhase(TestCaseExecutor.java:299)
	at com.kms.katalon.core.main.TestCaseExecutor.execute(TestCaseExecutor.java:233)
	at com.kms.katalon.core.main.TestSuiteExecutor.accessTestCaseMainPhase(TestSuiteExecutor.java:169)
	at com.kms.katalon.core.main.TestSuiteExecutor.accessTestSuiteMainPhase(TestSuiteExecutor.java:142)
	at com.kms.katalon.core.main.TestSuiteExecutor.execute(TestSuiteExecutor.java:91)
	at com.kms.katalon.core.main.TestCaseMain.startTestSuite(TestCaseMain.java:157)
	at com.kms.katalon.core.main.TestCaseMain$startTestSuite$0.call(Unknown Source)
	at TempTestSuite1581083301317.run(TempTestSuite1581083301317.groovy:36)
Caused by: java.lang.IllegalArgumentException: Invalid column name 'AprobVentas' for test data 'C:/Users/kaizen/git/AutomatizacionKatalon/Pedidos/DataExcel/AprobacionesPedidos_20pies.xlsx'. Possible values are '{Idioma,Usuario,Contrasena,IdPedido,Id_Cliente,Estatus_Pedido,Creado_desde,Creado_hasta,Aprob. Ventas,Aprob. Financiera,Aprob. Produccion}'
	at com.kms.katalon.core.testdata.AbstractTestData.verifyColumnName(AbstractTestData.java:78)
	at com.kms.katalon.core.testdata.AbstractTestData.getObjectValue(AbstractTestData.java:136)
	at com.kms.katalon.core.testdata.AbstractTestData.getValue(AbstractTestData.java:107)
	at com.kms.katalon.core.testdata.TestData$getValue$0.call(Unknown Source)
	at obtener_excels.obtener_aprobaciones_20pies.getValuesExcelAprob20(obtener_aprobaciones_20pies.groovy:41)
	at obtener_excels.obtener_aprobaciones_20pies.invokeMethod(obtener_aprobaciones_20pies.groovy)
	at com.kms.katalon.core.main.CustomKeywordDelegatingMetaClass.invokeStaticMethod(CustomKeywordDelegatingMetaClass.java:50)
	at Login.run(Login:36)
	at com.kms.katalon.core.main.ScriptEngine.run(ScriptEngine.java:194)
	at com.kms.katalon.core.main.ScriptEngine.runScriptAsRawText(ScriptEngine.java:119)
	at com.kms.katalon.core.main.TestCaseExecutor.runScript(TestCaseExecutor.java:337)
	at com.kms.katalon.core.main.TestCaseExecutor.doExecute(TestCaseExecutor.java:328)
	at com.kms.katalon.core.main.TestCaseExecutor.processExecutionPhase(TestCaseExecutor.java:307)
	at com.kms.katalon.core.main.TestCaseExecutor.accessMainPhase(TestCaseExecutor.java:299)
	at com.kms.katalon.core.main.TestCaseExecutor.execute(TestCaseExecutor.java:233)
	at com.kms.katalon.core.main.TestCaseMain.runTestCase(TestCaseMain.java:114)
	at com.kms.katalon.core.keyword.builtin.CallTestCaseKeyword$_callTestCase_closure1.doCall(CallTestCaseKeyword.groovy:59)
	... 20 more
)

2020-02-07 09:49:17 - [TEST_STEP][FAILED] - callTestCase(findTestCase("Individual_Tests_20pies/Login"), ["Evento":"Aprobar", "Index":Index, "Usuario":Usuario, "Contrasena":Contrasena], STOP_ON_FAILURE): Unable to call Test Case 'Test Cases/Individual_Tests_20pies/Login' (Root cause: com.kms.katalon.core.exception.StepErrorException: Call Test Case 'Test Cases/Individual_Tests_20pies/Login' failed because of error(s)
	at com.kms.katalon.core.keyword.builtin.CallTestCaseKeyword$_callTestCase_closure1.doCall(CallTestCaseKeyword.groovy:66)
	at com.kms.katalon.core.keyword.builtin.CallTestCaseKeyword$_callTestCase_closure1.call(CallTestCaseKeyword.groovy)
	at com.kms.katalon.core.keyword.internal.KeywordMain.runKeyword(KeywordMain.groovy:68)
	at com.kms.katalon.core.keyword.builtin.CallTestCaseKeyword.callTestCase(CallTestCaseKeyword.groovy:81)
	at com.kms.katalon.core.keyword.builtin.CallTestCaseKeyword.execute(CallTestCaseKeyword.groovy:44)
	at com.kms.katalon.core.keyword.internal.KeywordExecutor.executeKeywordForPlatform(KeywordExecutor.groovy:72)
	at com.kms.katalon.core.keyword.BuiltinKeywords.callTestCase(BuiltinKeywords.groovy:334)
	at TC_Aprobar_Produccion_20pies.run(TC_Aprobar_Produccion_20pies:27)
	at com.kms.katalon.core.main.ScriptEngine.run(ScriptEngine.java:194)
	at com.kms.katalon.core.main.ScriptEngine.runScriptAsRawText(ScriptEngine.java:119)
	at com.kms.katalon.core.main.TestCaseExecutor.runScript(TestCaseExecutor.java:337)
	at com.kms.katalon.core.main.TestCaseExecutor.doExecute(TestCaseExecutor.java:328)
	at com.kms.katalon.core.main.TestCaseExecutor.processExecutionPhase(TestCaseExecutor.java:307)
	at com.kms.katalon.core.main.TestCaseExecutor.accessMainPhase(TestCaseExecutor.java:299)
	at com.kms.katalon.core.main.TestCaseExecutor.execute(TestCaseExecutor.java:233)
	at com.kms.katalon.core.main.TestSuiteExecutor.accessTestCaseMainPhase(TestSuiteExecutor.java:169)
	at com.kms.katalon.core.main.TestSuiteExecutor.accessTestSuiteMainPhase(TestSuiteExecutor.java:142)
	at com.kms.katalon.core.main.TestSuiteExecutor.execute(TestSuiteExecutor.java:91)
	at com.kms.katalon.core.main.TestCaseMain.startTestSuite(TestCaseMain.java:157)
	at com.kms.katalon.core.main.TestCaseMain$startTestSuite$0.call(Unknown Source)
	at TempTestSuite1581083301317.run(TempTestSuite1581083301317.groovy:36)
Caused by: java.lang.IllegalArgumentException: Invalid column name 'AprobVentas' for test data 'C:/Users/kaizen/git/AutomatizacionKatalon/Pedidos/DataExcel/AprobacionesPedidos_20pies.xlsx'. Possible values are '{Idioma,Usuario,Contrasena,IdPedido,Id_Cliente,Estatus_Pedido,Creado_desde,Creado_hasta,Aprob. Ventas,Aprob. Financiera,Aprob. Produccion}'
	at com.kms.katalon.core.testdata.AbstractTestData.verifyColumnName(AbstractTestData.java:78)
	at com.kms.katalon.core.testdata.AbstractTestData.getObjectValue(AbstractTestData.java:136)
	at com.kms.katalon.core.testdata.AbstractTestData.getValue(AbstractTestData.java:107)
	at com.kms.katalon.core.testdata.TestData$getValue$0.call(Unknown Source)
	at obtener_excels.obtener_aprobaciones_20pies.getValuesExcelAprob20(obtener_aprobaciones_20pies.groovy:41)
	at obtener_excels.obtener_aprobaciones_20pies.invokeMethod(obtener_aprobaciones_20pies.groovy)
	at com.kms.katalon.core.main.CustomKeywordDelegatingMetaClass.invokeStaticMethod(CustomKeywordDelegatingMetaClass.java:50)
	at Login.run(Login:36)
	at com.kms.katalon.core.main.ScriptEngine.run(ScriptEngine.java:194)
	at com.kms.katalon.core.main.ScriptEngine.runScriptAsRawText(ScriptEngine.java:119)
	at com.kms.katalon.core.main.TestCaseExecutor.runScript(TestCaseExecutor.java:337)
	at com.kms.katalon.core.main.TestCaseExecutor.doExecute(TestCaseExecutor.java:328)
	at com.kms.katalon.core.main.TestCaseExecutor.processExecutionPhase(TestCaseExecutor.java:307)
	at com.kms.katalon.core.main.TestCaseExecutor.accessMainPhase(TestCaseExecutor.java:299)
	at com.kms.katalon.core.main.TestCaseExecutor.execute(TestCaseExecutor.java:233)
	at com.kms.katalon.core.main.TestCaseMain.runTestCase(TestCaseMain.java:114)
	at com.kms.katalon.core.keyword.builtin.CallTestCaseKeyword$_callTestCase_closure1.doCall(CallTestCaseKeyword.groovy:59)
	... 20 more
)

2020-02-07 09:49:17 - [TEST_CASE][ERROR] - Test Cases/Individual_Tests_20pies/Login: Test Cases/Individual_Tests_20pies/Login FAILED.
Reason:
java.lang.IllegalArgumentException: Invalid column name 'AprobVentas' for test data 'C:/Users/kaizen/git/AutomatizacionKatalon/Pedidos/DataExcel/AprobacionesPedidos_20pies.xlsx'. Possible values are '{Idioma,Usuario,Contrasena,IdPedido,Id_Cliente,Estatus_Pedido,Creado_desde,Creado_hasta,Aprob. Ventas,Aprob. Financiera,Aprob. Produccion}'
	at com.kms.katalon.core.testdata.AbstractTestData.verifyColumnName(AbstractTestData.java:78)
	at com.kms.katalon.core.testdata.AbstractTestData.getObjectValue(AbstractTestData.java:136)
	at com.kms.katalon.core.testdata.AbstractTestData.getValue(AbstractTestData.java:107)
	at com.kms.katalon.core.testdata.TestData$getValue$0.call(Unknown Source)
	at obtener_excels.obtener_aprobaciones_20pies.getValuesExcelAprob20(obtener_aprobaciones_20pies.groovy:41)
	at obtener_excels.obtener_aprobaciones_20pies.invokeMethod(obtener_aprobaciones_20pies.groovy)
	at com.kms.katalon.core.main.CustomKeywordDelegatingMetaClass.invokeStaticMethod(CustomKeywordDelegatingMetaClass.java:50)
	at Login.run(Login:36)
	at com.kms.katalon.core.main.ScriptEngine.run(ScriptEngine.java:194)
	at com.kms.katalon.core.main.ScriptEngine.runScriptAsRawText(ScriptEngine.java:119)
	at com.kms.katalon.core.main.TestCaseExecutor.runScript(TestCaseExecutor.java:337)
	at com.kms.katalon.core.main.TestCaseExecutor.doExecute(TestCaseExecutor.java:328)
	at com.kms.katalon.core.main.TestCaseExecutor.processExecutionPhase(TestCaseExecutor.java:307)
	at com.kms.katalon.core.main.TestCaseExecutor.accessMainPhase(TestCaseExecutor.java:299)
	at com.kms.katalon.core.main.TestCaseExecutor.execute(TestCaseExecutor.java:233)
	at com.kms.katalon.core.main.TestCaseMain.runTestCase(TestCaseMain.java:114)
	at com.kms.katalon.core.keyword.builtin.CallTestCaseKeyword$_callTestCase_closure1.doCall(CallTestCaseKeyword.groovy:59)
	at com.kms.katalon.core.keyword.builtin.CallTestCaseKeyword$_callTestCase_closure1.call(CallTestCaseKeyword.groovy)
	at com.kms.katalon.core.keyword.internal.KeywordMain.runKeyword(KeywordMain.groovy:68)
	at com.kms.katalon.core.keyword.builtin.CallTestCaseKeyword.callTestCase(CallTestCaseKeyword.groovy:81)
	at com.kms.katalon.core.keyword.builtin.CallTestCaseKeyword.execute(CallTestCaseKeyword.groovy:44)
	at com.kms.katalon.core.keyword.internal.KeywordExecutor.executeKeywordForPlatform(KeywordExecutor.groovy:72)
	at com.kms.katalon.core.keyword.BuiltinKeywords.callTestCase(BuiltinKeywords.groovy:334)
	at TC_Aprobar_Produccion_20pies.run(TC_Aprobar_Produccion_20pies:27)
	at com.kms.katalon.core.main.ScriptEngine.run(ScriptEngine.java:194)
	at com.kms.katalon.core.main.ScriptEngine.runScriptAsRawText(ScriptEngine.java:119)
	at com.kms.katalon.core.main.TestCaseExecutor.runScript(TestCaseExecutor.java:337)
	at com.kms.katalon.core.main.TestCaseExecutor.doExecute(TestCaseExecutor.java:328)
	at com.kms.katalon.core.main.TestCaseExecutor.processExecutionPhase(TestCaseExecutor.java:307)
	at com.kms.katalon.core.main.TestCaseExecutor.accessMainPhase(TestCaseExecutor.java:299)
	at com.kms.katalon.core.main.TestCaseExecutor.execute(TestCaseExecutor.java:233)
	at com.kms.katalon.core.main.TestSuiteExecutor.accessTestCaseMainPhase(TestSuiteExecutor.java:169)
	at com.kms.katalon.core.main.TestSuiteExecutor.accessTestSuiteMainPhase(TestSuiteExecutor.java:142)
	at com.kms.katalon.core.main.TestSuiteExecutor.execute(TestSuiteExecutor.java:91)
	at com.kms.katalon.core.main.TestCaseMain.startTestSuite(TestCaseMain.java:157)
	at com.kms.katalon.core.main.TestCaseMain$startTestSuite$0.call(Unknown Source)
	at TempTestSuite1581083301317.run(TempTestSuite1581083301317.groovy:36)


2020-02-07 09:49:17 - [TEST_STEP][PASSED] - print("Evento Seleccionado: " + Evento + "
"): null

2020-02-07 09:49:17 - [TEST_STEP][PASSED] - openBrowser(Web): Browser is opened with url: 'http://test.kaizendev.net/Login/Accesar?salir=true'

2020-02-07 09:49:17 - [MESSAGE][WARNING] - A browser is already opened. Closing browser and opening a new one

2020-02-07 09:49:18 - [MESSAGE][INFO] - Starting 'Chrome' driver

2020-02-07 09:49:34 - [MESSAGE][PASSED] - Browser is opened with url: 'http://test.kaizendev.net/Login/Accesar?salir=true'

2020-02-07 09:49:34 - [TEST_STEP][PASSED] - maximizeWindow(): Current window maximized

2020-02-07 09:49:36 - [MESSAGE][PASSED] - Current window maximized

2020-02-07 09:49:36 - [TEST_STEP][PASSED] - if (Evento == "Crear"): null

2020-02-07 09:49:36 - [TEST_STEP][ERROR] - else if (Evento == "Aprobar"): Invalid column name 'AprobVentas' for test data 'C:/Users/kaizen/git/AutomatizacionKatalon/Pedidos/DataExcel/AprobacionesPedidos_20pies.xlsx'. Possible values are '{Idioma,Usuario,Contrasena,IdPedido,Id_Cliente,Estatus_Pedido,Creado_desde,Creado_hasta,Aprob. Ventas,Aprob. Financiera,Aprob. Produccion}'

2020-02-07 09:49:36 - [TEST_STEP][ERROR] - data2 = obtener_excels.obtener_aprobaciones_20pies.getValuesExcelAprob20(Index): Invalid column name 'AprobVentas' for test data 'C:/Users/kaizen/git/AutomatizacionKatalon/Pedidos/DataExcel/AprobacionesPedidos_20pies.xlsx'. Possible values are '{Idioma,Usuario,Contrasena,IdPedido,Id_Cliente,Estatus_Pedido,Creado_desde,Creado_hasta,Aprob. Ventas,Aprob. Financiera,Aprob. Produccion}'

2020-02-07 09:49:36 - [MESSAGE][ERROR] - Invalid column name 'AprobVentas' for test data 'C:/Users/kaizen/git/AutomatizacionKatalon/Pedidos/DataExcel/AprobacionesPedidos_20pies.xlsx'. Possible values are '{Idioma,Usuario,Contrasena,IdPedido,Id_Cliente,Estatus_Pedido,Creado_desde,Creado_hasta,Aprob. Ventas,Aprob. Financiera,Aprob. Produccion}'

2020-02-07 09:49:36 - [MESSAGE][FAILED] - Unable to call Test Case 'Test Cases/Individual_Tests_20pies/Login' (Root cause: com.kms.katalon.core.exception.StepErrorException: Call Test Case 'Test Cases/Individual_Tests_20pies/Login' failed because of error(s)
	at com.kms.katalon.core.keyword.builtin.CallTestCaseKeyword$_callTestCase_closure1.doCall(CallTestCaseKeyword.groovy:66)
	at com.kms.katalon.core.keyword.builtin.CallTestCaseKeyword$_callTestCase_closure1.call(CallTestCaseKeyword.groovy)
	at com.kms.katalon.core.keyword.internal.KeywordMain.runKeyword(KeywordMain.groovy:68)
	at com.kms.katalon.core.keyword.builtin.CallTestCaseKeyword.callTestCase(CallTestCaseKeyword.groovy:81)
	at com.kms.katalon.core.keyword.builtin.CallTestCaseKeyword.execute(CallTestCaseKeyword.groovy:44)
	at com.kms.katalon.core.keyword.internal.KeywordExecutor.executeKeywordForPlatform(KeywordExecutor.groovy:72)
	at com.kms.katalon.core.keyword.BuiltinKeywords.callTestCase(BuiltinKeywords.groovy:334)
	at TC_Aprobar_Produccion_20pies.run(TC_Aprobar_Produccion_20pies:27)
	at com.kms.katalon.core.main.ScriptEngine.run(ScriptEngine.java:194)
	at com.kms.katalon.core.main.ScriptEngine.runScriptAsRawText(ScriptEngine.java:119)
	at com.kms.katalon.core.main.TestCaseExecutor.runScript(TestCaseExecutor.java:337)
	at com.kms.katalon.core.main.TestCaseExecutor.doExecute(TestCaseExecutor.java:328)
	at com.kms.katalon.core.main.TestCaseExecutor.processExecutionPhase(TestCaseExecutor.java:307)
	at com.kms.katalon.core.main.TestCaseExecutor.accessMainPhase(TestCaseExecutor.java:299)
	at com.kms.katalon.core.main.TestCaseExecutor.execute(TestCaseExecutor.java:233)
	at com.kms.katalon.core.main.TestSuiteExecutor.accessTestCaseMainPhase(TestSuiteExecutor.java:169)
	at com.kms.katalon.core.main.TestSuiteExecutor.accessTestSuiteMainPhase(TestSuiteExecutor.java:142)
	at com.kms.katalon.core.main.TestSuiteExecutor.execute(TestSuiteExecutor.java:91)
	at com.kms.katalon.core.main.TestCaseMain.startTestSuite(TestCaseMain.java:157)
	at com.kms.katalon.core.main.TestCaseMain$startTestSuite$0.call(Unknown Source)
	at TempTestSuite1581083301317.run(TempTestSuite1581083301317.groovy:36)
Caused by: java.lang.IllegalArgumentException: Invalid column name 'AprobVentas' for test data 'C:/Users/kaizen/git/AutomatizacionKatalon/Pedidos/DataExcel/AprobacionesPedidos_20pies.xlsx'. Possible values are '{Idioma,Usuario,Contrasena,IdPedido,Id_Cliente,Estatus_Pedido,Creado_desde,Creado_hasta,Aprob. Ventas,Aprob. Financiera,Aprob. Produccion}'
	at com.kms.katalon.core.testdata.AbstractTestData.verifyColumnName(AbstractTestData.java:78)
	at com.kms.katalon.core.testdata.AbstractTestData.getObjectValue(AbstractTestData.java:136)
	at com.kms.katalon.core.testdata.AbstractTestData.getValue(AbstractTestData.java:107)
	at com.kms.katalon.core.testdata.TestData$getValue$0.call(Unknown Source)
	at obtener_excels.obtener_aprobaciones_20pies.getValuesExcelAprob20(obtener_aprobaciones_20pies.groovy:41)
	at obtener_excels.obtener_aprobaciones_20pies.invokeMethod(obtener_aprobaciones_20pies.groovy)
	at com.kms.katalon.core.main.CustomKeywordDelegatingMetaClass.invokeStaticMethod(CustomKeywordDelegatingMetaClass.java:50)
	at Login.run(Login:36)
	at com.kms.katalon.core.main.ScriptEngine.run(ScriptEngine.java:194)
	at com.kms.katalon.core.main.ScriptEngine.runScriptAsRawText(ScriptEngine.java:119)
	at com.kms.katalon.core.main.TestCaseExecutor.runScript(TestCaseExecutor.java:337)
	at com.kms.katalon.core.main.TestCaseExecutor.doExecute(TestCaseExecutor.java:328)
	at com.kms.katalon.core.main.TestCaseExecutor.processExecutionPhase(TestCaseExecutor.java:307)
	at com.kms.katalon.core.main.TestCaseExecutor.accessMainPhase(TestCaseExecutor.java:299)
	at com.kms.katalon.core.main.TestCaseExecutor.execute(TestCaseExecutor.java:233)
	at com.kms.katalon.core.main.TestCaseMain.runTestCase(TestCaseMain.java:114)
	at com.kms.katalon.core.keyword.builtin.CallTestCaseKeyword$_callTestCase_closure1.doCall(CallTestCaseKeyword.groovy:59)
	... 20 more
)]]></system-out>
         <system-err><![CDATA[2020-02-07 09:49:16 - [TEST_CASE][ERROR] - Test Cases/Secuencias de Ejecucion/TC_Aprobar_Produccion_20pies: Test Cases/Secuencias de Ejecucion/TC_Aprobar_Produccion_20pies FAILED.
Reason:
com.kms.katalon.core.exception.StepErrorException: Call Test Case 'Test Cases/Individual_Tests_20pies/Login' failed because of error(s)
	at com.kms.katalon.core.keyword.builtin.CallTestCaseKeyword$_callTestCase_closure1.doCall(CallTestCaseKeyword.groovy:66)
	at com.kms.katalon.core.keyword.builtin.CallTestCaseKeyword$_callTestCase_closure1.call(CallTestCaseKeyword.groovy)
	at com.kms.katalon.core.keyword.internal.KeywordMain.runKeyword(KeywordMain.groovy:68)
	at com.kms.katalon.core.keyword.builtin.CallTestCaseKeyword.callTestCase(CallTestCaseKeyword.groovy:81)
	at com.kms.katalon.core.keyword.builtin.CallTestCaseKeyword.execute(CallTestCaseKeyword.groovy:44)
	at com.kms.katalon.core.keyword.internal.KeywordExecutor.executeKeywordForPlatform(KeywordExecutor.groovy:72)
	at com.kms.katalon.core.keyword.BuiltinKeywords.callTestCase(BuiltinKeywords.groovy:334)
	at TC_Aprobar_Produccion_20pies.run(TC_Aprobar_Produccion_20pies:27)
	at com.kms.katalon.core.main.ScriptEngine.run(ScriptEngine.java:194)
	at com.kms.katalon.core.main.ScriptEngine.runScriptAsRawText(ScriptEngine.java:119)
	at com.kms.katalon.core.main.TestCaseExecutor.runScript(TestCaseExecutor.java:337)
	at com.kms.katalon.core.main.TestCaseExecutor.doExecute(TestCaseExecutor.java:328)
	at com.kms.katalon.core.main.TestCaseExecutor.processExecutionPhase(TestCaseExecutor.java:307)
	at com.kms.katalon.core.main.TestCaseExecutor.accessMainPhase(TestCaseExecutor.java:299)
	at com.kms.katalon.core.main.TestCaseExecutor.execute(TestCaseExecutor.java:233)
	at com.kms.katalon.core.main.TestSuiteExecutor.accessTestCaseMainPhase(TestSuiteExecutor.java:169)
	at com.kms.katalon.core.main.TestSuiteExecutor.accessTestSuiteMainPhase(TestSuiteExecutor.java:142)
	at com.kms.katalon.core.main.TestSuiteExecutor.execute(TestSuiteExecutor.java:91)
	at com.kms.katalon.core.main.TestCaseMain.startTestSuite(TestCaseMain.java:157)
	at com.kms.katalon.core.main.TestCaseMain$startTestSuite$0.call(Unknown Source)
	at TempTestSuite1581083301317.run(TempTestSuite1581083301317.groovy:36)
Caused by: java.lang.IllegalArgumentException: Invalid column name 'AprobVentas' for test data 'C:/Users/kaizen/git/AutomatizacionKatalon/Pedidos/DataExcel/AprobacionesPedidos_20pies.xlsx'. Possible values are '{Idioma,Usuario,Contrasena,IdPedido,Id_Cliente,Estatus_Pedido,Creado_desde,Creado_hasta,Aprob. Ventas,Aprob. Financiera,Aprob. Produccion}'
	at com.kms.katalon.core.testdata.AbstractTestData.verifyColumnName(AbstractTestData.java:78)
	at com.kms.katalon.core.testdata.AbstractTestData.getObjectValue(AbstractTestData.java:136)
	at com.kms.katalon.core.testdata.AbstractTestData.getValue(AbstractTestData.java:107)
	at com.kms.katalon.core.testdata.TestData$getValue$0.call(Unknown Source)
	at obtener_excels.obtener_aprobaciones_20pies.getValuesExcelAprob20(obtener_aprobaciones_20pies.groovy:41)
	at obtener_excels.obtener_aprobaciones_20pies.invokeMethod(obtener_aprobaciones_20pies.groovy)
	at com.kms.katalon.core.main.CustomKeywordDelegatingMetaClass.invokeStaticMethod(CustomKeywordDelegatingMetaClass.java:50)
	at Login.run(Login:36)
	at com.kms.katalon.core.main.ScriptEngine.run(ScriptEngine.java:194)
	at com.kms.katalon.core.main.ScriptEngine.runScriptAsRawText(ScriptEngine.java:119)
	at com.kms.katalon.core.main.TestCaseExecutor.runScript(TestCaseExecutor.java:337)
	at com.kms.katalon.core.main.TestCaseExecutor.doExecute(TestCaseExecutor.java:328)
	at com.kms.katalon.core.main.TestCaseExecutor.processExecutionPhase(TestCaseExecutor.java:307)
	at com.kms.katalon.core.main.TestCaseExecutor.accessMainPhase(TestCaseExecutor.java:299)
	at com.kms.katalon.core.main.TestCaseExecutor.execute(TestCaseExecutor.java:233)
	at com.kms.katalon.core.main.TestCaseMain.runTestCase(TestCaseMain.java:114)
	at com.kms.katalon.core.keyword.builtin.CallTestCaseKeyword$_callTestCase_closure1.doCall(CallTestCaseKeyword.groovy:59)
	... 20 more]]></system-err>
      </testcase>
      <system-out><![CDATA[2020-02-07 09:48:35 - [TEST_SUITE][ERROR] - 2-Aprobaciones_20_TestSuites: Test Cases/Secuencias de Ejecucion/TC_Aprobar_Ventas_20pies FAILED.
Reason:
com.kms.katalon.core.exception.StepErrorException: Call Test Case 'Test Cases/Individual_Tests_20pies/Login' failed because of error(s)
	at com.kms.katalon.core.keyword.builtin.CallTestCaseKeyword$_callTestCase_closure1.doCall(CallTestCaseKeyword.groovy:66)
	at com.kms.katalon.core.keyword.builtin.CallTestCaseKeyword$_callTestCase_closure1.call(CallTestCaseKeyword.groovy)
	at com.kms.katalon.core.keyword.internal.KeywordMain.runKeyword(KeywordMain.groovy:68)
	at com.kms.katalon.core.keyword.builtin.CallTestCaseKeyword.callTestCase(CallTestCaseKeyword.groovy:81)
	at com.kms.katalon.core.keyword.builtin.CallTestCaseKeyword.execute(CallTestCaseKeyword.groovy:44)
	at com.kms.katalon.core.keyword.internal.KeywordExecutor.executeKeywordForPlatform(KeywordExecutor.groovy:72)
	at com.kms.katalon.core.keyword.BuiltinKeywords.callTestCase(BuiltinKeywords.groovy:334)
	at TC_Aprobar_Ventas_20pies.run(TC_Aprobar_Ventas_20pies:28)
	at com.kms.katalon.core.main.ScriptEngine.run(ScriptEngine.java:194)
	at com.kms.katalon.core.main.ScriptEngine.runScriptAsRawText(ScriptEngine.java:119)
	at com.kms.katalon.core.main.TestCaseExecutor.runScript(TestCaseExecutor.java:337)
	at com.kms.katalon.core.main.TestCaseExecutor.doExecute(TestCaseExecutor.java:328)
	at com.kms.katalon.core.main.TestCaseExecutor.processExecutionPhase(TestCaseExecutor.java:307)
	at com.kms.katalon.core.main.TestCaseExecutor.accessMainPhase(TestCaseExecutor.java:299)
	at com.kms.katalon.core.main.TestCaseExecutor.execute(TestCaseExecutor.java:233)
	at com.kms.katalon.core.main.TestSuiteExecutor.accessTestCaseMainPhase(TestSuiteExecutor.java:169)
	at com.kms.katalon.core.main.TestSuiteExecutor.accessTestSuiteMainPhase(TestSuiteExecutor.java:142)
	at com.kms.katalon.core.main.TestSuiteExecutor.execute(TestSuiteExecutor.java:91)
	at com.kms.katalon.core.main.TestCaseMain.startTestSuite(TestCaseMain.java:157)
	at com.kms.katalon.core.main.TestCaseMain$startTestSuite$0.call(Unknown Source)
	at TempTestSuite1581083301317.run(TempTestSuite1581083301317.groovy:36)
Caused by: java.lang.IllegalArgumentException: Invalid column name 'AprobVentas' for test data 'C:/Users/kaizen/git/AutomatizacionKatalon/Pedidos/DataExcel/AprobacionesPedidos_20pies.xlsx'. Possible values are '{Idioma,Usuario,Contrasena,IdPedido,Id_Cliente,Estatus_Pedido,Creado_desde,Creado_hasta,Aprob. Ventas,Aprob. Financiera,Aprob. Produccion}'
	at com.kms.katalon.core.testdata.AbstractTestData.verifyColumnName(AbstractTestData.java:78)
	at com.kms.katalon.core.testdata.AbstractTestData.getObjectValue(AbstractTestData.java:136)
	at com.kms.katalon.core.testdata.AbstractTestData.getValue(AbstractTestData.java:107)
	at com.kms.katalon.core.testdata.TestData$getValue$0.call(Unknown Source)
	at obtener_excels.obtener_aprobaciones_20pies.getValuesExcelAprob20(obtener_aprobaciones_20pies.groovy:41)
	at obtener_excels.obtener_aprobaciones_20pies.invokeMethod(obtener_aprobaciones_20pies.groovy)
	at com.kms.katalon.core.main.CustomKeywordDelegatingMetaClass.invokeStaticMethod(CustomKeywordDelegatingMetaClass.java:50)
	at Login.run(Login:36)
	at com.kms.katalon.core.main.ScriptEngine.run(ScriptEngine.java:194)
	at com.kms.katalon.core.main.ScriptEngine.runScriptAsRawText(ScriptEngine.java:119)
	at com.kms.katalon.core.main.TestCaseExecutor.runScript(TestCaseExecutor.java:337)
	at com.kms.katalon.core.main.TestCaseExecutor.doExecute(TestCaseExecutor.java:328)
	at com.kms.katalon.core.main.TestCaseExecutor.processExecutionPhase(TestCaseExecutor.java:307)
	at com.kms.katalon.core.main.TestCaseExecutor.accessMainPhase(TestCaseExecutor.java:299)
	at com.kms.katalon.core.main.TestCaseExecutor.execute(TestCaseExecutor.java:233)
	at com.kms.katalon.core.main.TestCaseMain.runTestCase(TestCaseMain.java:114)
	at com.kms.katalon.core.keyword.builtin.CallTestCaseKeyword$_callTestCase_closure1.doCall(CallTestCaseKeyword.groovy:59)
	... 20 more]]></system-out>
      <system-err><![CDATA[2020-02-07 09:48:35 - [TEST_SUITE][ERROR] - 2-Aprobaciones_20_TestSuites: Test Cases/Secuencias de Ejecucion/TC_Aprobar_Ventas_20pies FAILED.
Reason:
com.kms.katalon.core.exception.StepErrorException: Call Test Case 'Test Cases/Individual_Tests_20pies/Login' failed because of error(s)
	at com.kms.katalon.core.keyword.builtin.CallTestCaseKeyword$_callTestCase_closure1.doCall(CallTestCaseKeyword.groovy:66)
	at com.kms.katalon.core.keyword.builtin.CallTestCaseKeyword$_callTestCase_closure1.call(CallTestCaseKeyword.groovy)
	at com.kms.katalon.core.keyword.internal.KeywordMain.runKeyword(KeywordMain.groovy:68)
	at com.kms.katalon.core.keyword.builtin.CallTestCaseKeyword.callTestCase(CallTestCaseKeyword.groovy:81)
	at com.kms.katalon.core.keyword.builtin.CallTestCaseKeyword.execute(CallTestCaseKeyword.groovy:44)
	at com.kms.katalon.core.keyword.internal.KeywordExecutor.executeKeywordForPlatform(KeywordExecutor.groovy:72)
	at com.kms.katalon.core.keyword.BuiltinKeywords.callTestCase(BuiltinKeywords.groovy:334)
	at TC_Aprobar_Ventas_20pies.run(TC_Aprobar_Ventas_20pies:28)
	at com.kms.katalon.core.main.ScriptEngine.run(ScriptEngine.java:194)
	at com.kms.katalon.core.main.ScriptEngine.runScriptAsRawText(ScriptEngine.java:119)
	at com.kms.katalon.core.main.TestCaseExecutor.runScript(TestCaseExecutor.java:337)
	at com.kms.katalon.core.main.TestCaseExecutor.doExecute(TestCaseExecutor.java:328)
	at com.kms.katalon.core.main.TestCaseExecutor.processExecutionPhase(TestCaseExecutor.java:307)
	at com.kms.katalon.core.main.TestCaseExecutor.accessMainPhase(TestCaseExecutor.java:299)
	at com.kms.katalon.core.main.TestCaseExecutor.execute(TestCaseExecutor.java:233)
	at com.kms.katalon.core.main.TestSuiteExecutor.accessTestCaseMainPhase(TestSuiteExecutor.java:169)
	at com.kms.katalon.core.main.TestSuiteExecutor.accessTestSuiteMainPhase(TestSuiteExecutor.java:142)
	at com.kms.katalon.core.main.TestSuiteExecutor.execute(TestSuiteExecutor.java:91)
	at com.kms.katalon.core.main.TestCaseMain.startTestSuite(TestCaseMain.java:157)
	at com.kms.katalon.core.main.TestCaseMain$startTestSuite$0.call(Unknown Source)
	at TempTestSuite1581083301317.run(TempTestSuite1581083301317.groovy:36)
Caused by: java.lang.IllegalArgumentException: Invalid column name 'AprobVentas' for test data 'C:/Users/kaizen/git/AutomatizacionKatalon/Pedidos/DataExcel/AprobacionesPedidos_20pies.xlsx'. Possible values are '{Idioma,Usuario,Contrasena,IdPedido,Id_Cliente,Estatus_Pedido,Creado_desde,Creado_hasta,Aprob. Ventas,Aprob. Financiera,Aprob. Produccion}'
	at com.kms.katalon.core.testdata.AbstractTestData.verifyColumnName(AbstractTestData.java:78)
	at com.kms.katalon.core.testdata.AbstractTestData.getObjectValue(AbstractTestData.java:136)
	at com.kms.katalon.core.testdata.AbstractTestData.getValue(AbstractTestData.java:107)
	at com.kms.katalon.core.testdata.TestData$getValue$0.call(Unknown Source)
	at obtener_excels.obtener_aprobaciones_20pies.getValuesExcelAprob20(obtener_aprobaciones_20pies.groovy:41)
	at obtener_excels.obtener_aprobaciones_20pies.invokeMethod(obtener_aprobaciones_20pies.groovy)
	at com.kms.katalon.core.main.CustomKeywordDelegatingMetaClass.invokeStaticMethod(CustomKeywordDelegatingMetaClass.java:50)
	at Login.run(Login:36)
	at com.kms.katalon.core.main.ScriptEngine.run(ScriptEngine.java:194)
	at com.kms.katalon.core.main.ScriptEngine.runScriptAsRawText(ScriptEngine.java:119)
	at com.kms.katalon.core.main.TestCaseExecutor.runScript(TestCaseExecutor.java:337)
	at com.kms.katalon.core.main.TestCaseExecutor.doExecute(TestCaseExecutor.java:328)
	at com.kms.katalon.core.main.TestCaseExecutor.processExecutionPhase(TestCaseExecutor.java:307)
	at com.kms.katalon.core.main.TestCaseExecutor.accessMainPhase(TestCaseExecutor.java:299)
	at com.kms.katalon.core.main.TestCaseExecutor.execute(TestCaseExecutor.java:233)
	at com.kms.katalon.core.main.TestCaseMain.runTestCase(TestCaseMain.java:114)
	at com.kms.katalon.core.keyword.builtin.CallTestCaseKeyword$_callTestCase_closure1.doCall(CallTestCaseKeyword.groovy:59)
	... 20 more]]></system-err>
   </testsuite>
</testsuites>
