<?xml version="1.0" encoding="UTF-8"?>
<testsuites name="Flujo Completo Mov Inventario" time="15.72" tests="3" failures="0" errors="0">
   <testsuite name="Flujo Completo Mov Inventario" tests="3" failures="0" errors="0" time="15.72" timestamp="2020-03-04 11:08:08" hostname="kaizen - LAPTOP-K43U1BVQ" id="Test Suites/Funcionalidades_Pedidos/Flujo Completo Mov Inventario">
      <properties>
         <property name="deviceName" value=""/>
         <property name="devicePlatform" value=""/>
         <property name="logFolder" value="C:\\Users\\kaizen\\git\\AutomatizacionKatalon\\Reports\\20200304_110806\\Funcionalidades_Pedidos\\Flujo Completo Mov Inventario\\20200304_110806"/>
         <property name="logFiles" value="C:\\Users\\kaizen\\git\\AutomatizacionKatalon\\Reports\\20200304_110806\\Funcionalidades_Pedidos\\Flujo Completo Mov Inventario\\20200304_110806\\execution0.log"/>
         <property name="attachments" value=""/>
         <property name="hostName" value="kaizen - LAPTOP-K43U1BVQ"/>
         <property name="hostAddress" value="192.168.99.1"/>
         <property name="os" value="Windows 10 64bit"/>
         <property name="katalonVersion" value="7.2.1.1"/>
      </properties>
      <testcase name="Test Cases/Generar_Excels_Secuencias/TC_Generar_Excel_ProductoAlmacen" time="4.539" classname="Test Cases/Generar_Excels_Secuencias/TC_Generar_Excel_ProductoAlmacen" status="PASSED">
         <system-out><![CDATA[2020-03-04 11:08:09 - [TEST_CASE][PASSED] - Test Cases/Generar_Excels_Secuencias/TC_Generar_Excel_ProductoAlmacen: Test Cases/Generar_Excels_Secuencias/TC_Generar_Excel_ProductoAlmacen

2020-03-04 11:08:09 - [TEST_STEP][PASSED] - python.ejecutarAleatoriosPython.runPython("ProductoAlmacen"): python.ejecutarAleatoriosPython.runPython is PASSED

2020-03-04 11:08:13 - [MESSAGE][PASSED] - python.ejecutarAleatoriosPython.runPython is PASSED]]></system-out>
         <system-err><![CDATA[]]></system-err>
      </testcase>
      <testcase name="Test Cases/Generar_Excels_Secuencias/TC_Generar_Excel_Mov_Inventario" time="5.238" classname="Test Cases/Generar_Excels_Secuencias/TC_Generar_Excel_Mov_Inventario" status="PASSED">
         <system-out><![CDATA[2020-03-04 11:08:13 - [TEST_CASE][PASSED] - Test Cases/Generar_Excels_Secuencias/TC_Generar_Excel_Mov_Inventario: Test Cases/Generar_Excels_Secuencias/TC_Generar_Excel_Mov_Inventario

2020-03-04 11:08:14 - [TEST_STEP][PASSED] - python.ejecutarAleatoriosPython.runPython("MovimientoInventario"): python.ejecutarAleatoriosPython.runPython is PASSED

2020-03-04 11:08:19 - [MESSAGE][PASSED] - python.ejecutarAleatoriosPython.runPython is PASSED]]></system-out>
         <system-err><![CDATA[]]></system-err>
      </testcase>
      <testcase name="Test Cases/Generar_Excels_Secuencias/TC_Generar_Excel_Reporte_Mov_Inventario" time="5.296" classname="Test Cases/Generar_Excels_Secuencias/TC_Generar_Excel_Reporte_Mov_Inventario" status="PASSED">
         <system-out><![CDATA[2020-03-04 11:08:19 - [TEST_CASE][PASSED] - Test Cases/Generar_Excels_Secuencias/TC_Generar_Excel_Reporte_Mov_Inventario: Test Cases/Generar_Excels_Secuencias/TC_Generar_Excel_Reporte_Mov_Inventario

2020-03-04 11:08:19 - [TEST_STEP][PASSED] - python.ejecutarAleatoriosPython.runPython("Reporte"): python.ejecutarAleatoriosPython.runPython is PASSED

2020-03-04 11:08:24 - [MESSAGE][PASSED] - python.ejecutarAleatoriosPython.runPython is PASSED]]></system-out>
         <system-err><![CDATA[]]></system-err>
      </testcase>
      <system-out><![CDATA[2020-03-04 11:08:08 - [TEST_SUITE][PASSED] - Flujo Completo Mov Inventario: Test Cases/Generar_Excels_Secuencias/TC_Generar_Excel_Reporte_Mov_Inventario]]></system-out>
      <system-err><![CDATA[]]></system-err>
   </testsuite>
</testsuites>
