<?xml version="1.0" encoding="UTF-8"?>
<testsuites name="Pedidos_TestSuites" time="2.767" tests="1" failures="0" errors="0">
   <testsuite name="Pedidos_TestSuites" tests="1" failures="0" errors="0" time="2.767" timestamp="2020-01-24 10:47:52" hostname="kaizen - DESKTOP-38N4VV4" id="Test Suites/Pedidos/Pedidos_TestSuites">
      <properties>
         <property name="deviceName" value=""/>
         <property name="devicePlatform" value=""/>
         <property name="logFolder" value="C:\\Users\\kaizen\\git\\AutomatizacionKatalon\\Reports\\20200124_104749\\Pedidos\\Pedidos_TestSuites\\20200124_104749"/>
         <property name="logFiles" value="C:\\Users\\kaizen\\git\\AutomatizacionKatalon\\Reports\\20200124_104749\\Pedidos\\Pedidos_TestSuites\\20200124_104749\\execution0.log"/>
         <property name="attachments" value=""/>
         <property name="hostName" value="kaizen - DESKTOP-38N4VV4"/>
         <property name="hostAddress" value="192.168.0.3"/>
         <property name="os" value="Windows 10 64bit"/>
         <property name="katalonVersion" value="7.2.1.1"/>
      </properties>
      <testcase name="Test Cases/Secuencias de Ejecucion/TC_Generar_AprobVentas_20pies" time="2.236" classname="Test Cases/Secuencias de Ejecucion/TC_Generar_AprobVentas_20pies" status="PASSED">
         <system-out><![CDATA[2020-01-24 10:47:52 - [TEST_CASE][PASSED] - Test Cases/Secuencias de Ejecucion/TC_Generar_AprobVentas_20pies: Test Cases/Secuencias de Ejecucion/TC_Generar_AprobVentas_20pies

2020-01-24 10:47:52 - [TEST_STEP][PASSED] - python.Ex_pedidos_aprobar_20pies.runPython(): python.Ex_pedidos_aprobar_20pies.runPython is PASSED

2020-01-24 10:47:54 - [MESSAGE][PASSED] - python.Ex_pedidos_aprobar_20pies.runPython is PASSED]]></system-out>
         <system-err><![CDATA[]]></system-err>
      </testcase>
      <system-out><![CDATA[2020-01-24 10:47:52 - [TEST_SUITE][PASSED] - Pedidos_TestSuites: Test Cases/Secuencias de Ejecucion/TC_Generar_AprobVentas_20pies]]></system-out>
      <system-err><![CDATA[]]></system-err>
   </testsuite>
</testsuites>
