<?xml version="1.0" encoding="UTF-8"?>
<testsuites name="Pedidos_TestSuites" time="2.199" tests="1" failures="0" errors="0">
   <testsuite name="Pedidos_TestSuites" tests="1" failures="0" errors="0" time="2.199" timestamp="2020-01-22 13:03:39" hostname="kaizen - DESKTOP-38N4VV4" id="Test Suites/Pedidos/Pedidos_TestSuites">
      <properties>
         <property name="deviceName" value=""/>
         <property name="devicePlatform" value=""/>
         <property name="logFolder" value="C:\\Users\\kaizen\\git\\AutomatizacionKatalon\\Reports\\20200122_130336\\Pedidos\\Pedidos_TestSuites\\20200122_130336"/>
         <property name="logFiles" value="C:\\Users\\kaizen\\git\\AutomatizacionKatalon\\Reports\\20200122_130336\\Pedidos\\Pedidos_TestSuites\\20200122_130336\\execution0.log"/>
         <property name="attachments" value=""/>
         <property name="hostName" value="kaizen - DESKTOP-38N4VV4"/>
         <property name="hostAddress" value="192.168.1.109"/>
         <property name="os" value="Windows 10 64bit"/>
         <property name="katalonVersion" value="7.2.1.1"/>
      </properties>
      <testcase name="Test Cases/TC_Aprobar_Ventas_20pies" time="1.451" classname="Test Cases/TC_Aprobar_Ventas_20pies" status="INCOMPLETE">
         <system-out><![CDATA[2020-01-22 13:03:40 - [TEST_CASE][INCOMPLETE] - Test Cases/TC_Aprobar_Ventas_20pies: null

2020-01-22 13:03:41 - [TEST_STEP][INCOMPLETE] - callTestCase(findTestCase("Individual_Tests/Login"), ["Usuario":Usuario, "Contrasena":Contrasena], STOP_ON_FAILURE): null

2020-01-22 13:03:41 - [TEST_CASE][INCOMPLETE] - Test Cases/Individual_Tests/Login: null

2020-01-22 13:03:41 - [TEST_STEP][INCOMPLETE] - python.generar_excel.runPython(): null]]></system-out>
         <system-err><![CDATA[2020-01-22 13:03:40 - [TEST_CASE][INCOMPLETE] - Test Cases/TC_Aprobar_Ventas_20pies: null]]></system-err>
      </testcase>
      <system-out><![CDATA[2020-01-22 13:03:39 - [TEST_SUITE][INCOMPLETE] - Pedidos_TestSuites: null]]></system-out>
      <system-err><![CDATA[2020-01-22 13:03:39 - [TEST_SUITE][INCOMPLETE] - Pedidos_TestSuites: null]]></system-err>
   </testsuite>
</testsuites>
