<?xml version="1.0" encoding="UTF-8"?>
<testsuites name="1-Crear_Pedidos_20_TestSuites" time="153.65" tests="1" failures="0" errors="0">
   <testsuite name="1-Crear_Pedidos_20_TestSuites" tests="1" failures="0" errors="0" time="153.65" timestamp="2020-02-08 11:43:56" hostname="kaizen - LAPTOP-K43U1BVQ" id="Test Suites/Flujo_funcionalidades_Pedidos_20pies/1-Crear_Pedidos_20_TestSuites">
      <properties>
         <property name="deviceName" value=""/>
         <property name="devicePlatform" value=""/>
         <property name="logFolder" value="C:\\Users\\kaizen\\git\\AutomatizacionKatalon\\Reports\\20200208_114353\\Flujo_funcionalidades_Pedidos_20pies\\1-Crear_Pedidos_20_TestSuites\\20200208_114353"/>
         <property name="logFiles" value="C:\\Users\\kaizen\\git\\AutomatizacionKatalon\\Reports\\20200208_114353\\Flujo_funcionalidades_Pedidos_20pies\\1-Crear_Pedidos_20_TestSuites\\20200208_114353\\execution0.log"/>
         <property name="attachments" value=""/>
         <property name="hostName" value="kaizen - LAPTOP-K43U1BVQ"/>
         <property name="os" value="Windows 10 64bit"/>
         <property name="katalonVersion" value="7.2.1.1"/>
         <property name="browser" value="Chrome 80.0.3987.87"/>
         <property name="hostAddress" value="192.168.99.1"/>
         <property name="sessionId" value="82967b92143eedb459cf669be6cb0960"/>
         <property name="seleniumVersion" value="3.141.59"/>
         <property name="proxyInformation" value="ProxyInformation{proxyOption=NO_PROXY, proxyServerType=HTTP, password=, proxyServerAddress=, proxyServerPort=0, executionList=}"/>
         <property name="platform" value="Windows 10"/>
      </properties>
      <testcase name="Test Cases/Secuencias de Ejecucion/TC_Crear Pedido_20pies" time="153.18" classname="Test Cases/Secuencias de Ejecucion/TC_Crear Pedido_20pies" status="PASSED">
         <system-out><![CDATA[2020-02-08 11:43:56 - [TEST_CASE][PASSED] - Test Cases/Secuencias de Ejecucion/TC_Crear Pedido_20pies: Test Cases/Secuencias de Ejecucion/TC_Crear Pedido_20pies

2020-02-08 11:43:57 - [TEST_STEP][PASSED] - archivo = $RunConfiguration.getProjectDir()/Pedidos/DataExcel/Crear_Pedido20pies.xlsx: null

2020-02-08 11:43:57 - [TEST_STEP][PASSED] - excelData = getExcelDataWithDefaultSheet(archivo, "Sheet1", true): null

2020-02-08 11:43:58 - [TEST_STEP][PASSED] - for ([Index = 1, Index <= excelData.getRowNumbers(), (Index++)]): Call Test Case 'Test Cases/Individual_Tests_20pies/Seleccionar_Productos' successfully

2020-02-08 11:43:58 - [TEST_STEP][PASSED] - callTestCase(findTestCase("Individual_Tests_20pies/Login"), ["Evento":"Crear", "Index":Index, "Usuario":Usuario, "Contrasena":Contrasena], STOP_ON_FAILURE): Call Test Case 'Test Cases/Individual_Tests_20pies/Login' successfully

2020-02-08 11:43:59 - [TEST_CASE][PASSED] - Test Cases/Individual_Tests_20pies/Login: Test Cases/Individual_Tests_20pies/Login

2020-02-08 11:43:59 - [TEST_STEP][PASSED] - print("Evento Seleccionado: " + Evento + "
"): null

2020-02-08 11:43:59 - [TEST_STEP][PASSED] - openBrowser(Web): Browser is opened with url: 'http://test.kaizendev.net/Login/Accesar?salir=true'

2020-02-08 11:43:59 - [MESSAGE][INFO] - Starting 'Chrome' driver

2020-02-08 11:43:59 - [MESSAGE][INFO] - Action delay is set to 0 seconds

2020-02-08 11:44:11 - [MESSAGE][PASSED] - Browser is opened with url: 'http://test.kaizendev.net/Login/Accesar?salir=true'

2020-02-08 11:44:11 - [TEST_STEP][PASSED] - maximizeWindow(): Current window maximized

2020-02-08 11:44:12 - [MESSAGE][PASSED] - Current window maximized

2020-02-08 11:44:12 - [TEST_STEP][PASSED] - if (Evento == "Crear"): Object: 'Object Repository/Page_Iniciar Sesion - KAIZEN/is_btn_ingresar_sistema' is clicked on

2020-02-08 11:44:12 - [TEST_STEP][PASSED] - data = obtener_excels.obtener_pedidos20pies.getValuesExcelCreate20(Index): obtener_excels.obtener_pedidos20pies.getValuesExcelCreate20 is PASSED

2020-02-08 11:44:13 - [MESSAGE][PASSED] - obtener_excels.obtener_pedidos20pies.getValuesExcelCreate20 is PASSED

2020-02-08 11:44:13 - [TEST_STEP][PASSED] - Usuario = data[1]: null

2020-02-08 11:44:13 - [TEST_STEP][PASSED] - Contrasena = data[2]: null

2020-02-08 11:44:13 - [TEST_STEP][PASSED] - setText(findTestObject("Page_Iniciar Sesion - KAIZEN/is_input_email"), Usuario): Text 'automated.test@grupokaizen.net' is set on object 'Object Repository/Page_Iniciar Sesion - KAIZEN/is_input_email'

2020-02-08 11:44:14 - [MESSAGE][PASSED] - Text 'automated.test@grupokaizen.net' is set on object 'Object Repository/Page_Iniciar Sesion - KAIZEN/is_input_email'

2020-02-08 11:44:14 - [TEST_STEP][PASSED] - setEncryptedText(findTestObject("Page_Iniciar Sesion - KAIZEN/IS_input_contrasena"), Contrasena): Text ****** has been set on object 'Object Repository/Page_Iniciar Sesion - KAIZEN/IS_input_contrasena'

2020-02-08 11:44:15 - [MESSAGE][PASSED] - Text ****** has been set on object 'Object Repository/Page_Iniciar Sesion - KAIZEN/IS_input_contrasena'

2020-02-08 11:44:15 - [TEST_STEP][PASSED] - click(findTestObject("Page_Iniciar Sesion - KAIZEN/is_btn_ingresar_sistema")): Object: 'Object Repository/Page_Iniciar Sesion - KAIZEN/is_btn_ingresar_sistema' is clicked on

2020-02-08 11:44:16 - [MESSAGE][PASSED] - Object: 'Object Repository/Page_Iniciar Sesion - KAIZEN/is_btn_ingresar_sistema' is clicked on

2020-02-08 11:44:16 - [MESSAGE][PASSED] - Call Test Case 'Test Cases/Individual_Tests_20pies/Login' successfully

2020-02-08 11:44:17 - [TEST_STEP][PASSED] - callTestCase(findTestCase("Individual_Tests_20pies/Seleccionar_Idioma"), ["Evento":"Crear", "Index":Index, "Idioma":Idioma], STOP_ON_FAILURE): Call Test Case 'Test Cases/Individual_Tests_20pies/Seleccionar_Idioma' successfully

2020-02-08 11:44:17 - [TEST_CASE][PASSED] - Test Cases/Individual_Tests_20pies/Seleccionar_Idioma: Test Cases/Individual_Tests_20pies/Seleccionar_Idioma

2020-02-08 11:44:17 - [TEST_STEP][PASSED] - if (Evento == "Crear"): null

2020-02-08 11:44:17 - [TEST_STEP][PASSED] - data = obtener_excels.obtener_pedidos20pies.getValuesExcelCreate20(Index): obtener_excels.obtener_pedidos20pies.getValuesExcelCreate20 is PASSED

2020-02-08 11:44:17 - [MESSAGE][PASSED] - obtener_excels.obtener_pedidos20pies.getValuesExcelCreate20 is PASSED

2020-02-08 11:44:17 - [TEST_STEP][PASSED] - Idioma = data[0]: null

2020-02-08 11:44:17 - [TEST_STEP][PASSED] - click(findTestObject("Page_- KAIZEN/si_btn_idioma")): Object: 'Object Repository/Page_- KAIZEN/si_btn_idioma' is clicked on

2020-02-08 11:44:18 - [MESSAGE][PASSED] - Object: 'Object Repository/Page_- KAIZEN/si_btn_idioma' is clicked on

2020-02-08 11:44:18 - [TEST_STEP][PASSED] - if (Idioma == "0"): null

2020-02-08 11:44:18 - [TEST_STEP][PASSED] - else: Object: 'Object Repository/Page_- KAIZEN/si_Spanish' is clicked on

2020-02-08 11:44:18 - [TEST_STEP][PASSED] - click(findTestObject("Page_- KAIZEN/si_Spanish")): Object: 'Object Repository/Page_- KAIZEN/si_Spanish' is clicked on

2020-02-08 11:44:19 - [MESSAGE][PASSED] - Object: 'Object Repository/Page_- KAIZEN/si_Spanish' is clicked on

2020-02-08 11:44:19 - [MESSAGE][PASSED] - Call Test Case 'Test Cases/Individual_Tests_20pies/Seleccionar_Idioma' successfully

2020-02-08 11:44:19 - [TEST_STEP][PASSED] - callTestCase(findTestCase("Individual_Tests_20pies/Anadir_pedido"), [:], STOP_ON_FAILURE): Call Test Case 'Test Cases/Individual_Tests_20pies/Anadir_pedido' successfully

2020-02-08 11:44:19 - [TEST_CASE][PASSED] - Test Cases/Individual_Tests_20pies/Anadir_pedido: Test Cases/Individual_Tests_20pies/Anadir_pedido

2020-02-08 11:44:19 - [TEST_STEP][PASSED] - click(findTestObject("Page_- KAIZEN/bp_menu_pedido")): Object: 'Object Repository/Page_- KAIZEN/bp_menu_pedido' is clicked on

2020-02-08 11:44:19 - [MESSAGE][PASSED] - Object: 'Object Repository/Page_- KAIZEN/bp_menu_pedido' is clicked on

2020-02-08 11:44:19 - [TEST_STEP][PASSED] - click(findTestObject("Page_- KAIZEN/bp_click_menu_pedido")): Object: 'Object Repository/Page_- KAIZEN/bp_click_menu_pedido' is clicked on

2020-02-08 11:44:21 - [MESSAGE][PASSED] - Object: 'Object Repository/Page_- KAIZEN/bp_click_menu_pedido' is clicked on

2020-02-08 11:44:21 - [TEST_STEP][PASSED] - click(findTestObject("Page_Pedidos de Lubricantes - KAIZEN/ap_btn_agregar")): Object: 'Object Repository/Page_Pedidos de Lubricantes - KAIZEN/ap_btn_agregar' is clicked on

2020-02-08 11:44:29 - [MESSAGE][PASSED] - Object: 'Object Repository/Page_Pedidos de Lubricantes - KAIZEN/ap_btn_agregar' is clicked on

2020-02-08 11:44:29 - [MESSAGE][PASSED] - Call Test Case 'Test Cases/Individual_Tests_20pies/Anadir_pedido' successfully

2020-02-08 11:44:29 - [TEST_STEP][PASSED] - callTestCase(findTestCase("Individual_Tests_20pies/Seleccionar_Cliente"), ["Index":Index, "Nombre":Nombre, "Direccion":Direccion, "Contenedor":Contenedor], STOP_ON_FAILURE): Call Test Case 'Test Cases/Individual_Tests_20pies/Seleccionar_Cliente' successfully

2020-02-08 11:44:29 - [TEST_CASE][PASSED] - Test Cases/Individual_Tests_20pies/Seleccionar_Cliente: Test Cases/Individual_Tests_20pies/Seleccionar_Cliente

2020-02-08 11:44:29 - [TEST_STEP][PASSED] - data = obtener_excels.obtener_pedidos20pies.getValuesExcelCreate20(Index): obtener_excels.obtener_pedidos20pies.getValuesExcelCreate20 is PASSED

2020-02-08 11:44:29 - [MESSAGE][PASSED] - obtener_excels.obtener_pedidos20pies.getValuesExcelCreate20 is PASSED

2020-02-08 11:44:29 - [TEST_STEP][PASSED] - Nombre = data[3]: null

2020-02-08 11:44:29 - [TEST_STEP][PASSED] - Direccion = data[4]: null

2020-02-08 11:44:29 - [TEST_STEP][PASSED] - Contenedor = data[5]: null

2020-02-08 11:44:29 - [TEST_STEP][PASSED] - delay(2): Delayed 2 second(s)

2020-02-08 11:44:31 - [MESSAGE][PASSED] - Delayed 2 second(s)

2020-02-08 11:44:31 - [TEST_STEP][PASSED] - element = executeJavaScript("return document.getElementById('ID_CLIENTE_LIST').value;", null): Execute JavaScript 'return document.getElementById('ID_CLIENTE_LIST').value;' successfully

2020-02-08 11:44:31 - [MESSAGE][PASSED] - Execute JavaScript 'return document.getElementById('ID_CLIENTE_LIST').value;' successfully

2020-02-08 11:44:31 - [TEST_STEP][PASSED] - if (element == Nombre): null

2020-02-08 11:44:31 - [TEST_STEP][PASSED] - else: Object: 'Object Repository/Page_- KAIZEN/sc_btn_next' is clicked on

2020-02-08 11:44:31 - [TEST_STEP][PASSED] - print(Nombre + "
"): null

2020-02-08 11:44:31 - [TEST_STEP][PASSED] - click(findTestObject("Page_- KAIZEN/sc_select_cliente1")): Object: 'Object Repository/Page_- KAIZEN/sc_select_cliente1' is clicked on

2020-02-08 11:44:32 - [MESSAGE][PASSED] - Object: 'Object Repository/Page_- KAIZEN/sc_select_cliente1' is clicked on

2020-02-08 11:44:32 - [TEST_STEP][PASSED] - click(findTestObject("Page_- KAIZEN/sc_select_cliente2")): Object: 'Object Repository/Page_- KAIZEN/sc_select_cliente2' is clicked on

2020-02-08 11:44:33 - [MESSAGE][PASSED] - Object: 'Object Repository/Page_- KAIZEN/sc_select_cliente2' is clicked on

2020-02-08 11:44:33 - [TEST_STEP][PASSED] - waitForElementPresent(findTestObject("Page_- KAIZEN/sc_select_cliente3"), 5): Object 'Object Repository/Page_- KAIZEN/sc_select_cliente3' is present

2020-02-08 11:44:33 - [MESSAGE][PASSED] - Object 'Object Repository/Page_- KAIZEN/sc_select_cliente3' is present

2020-02-08 11:44:33 - [TEST_STEP][PASSED] - selectOptionByValue(findTestObject("Page_- KAIZEN/sc_select_cliente3"), Nombre.toString(), true): All options with value '7' are selected in object 'Object Repository/Page_- KAIZEN/sc_select_cliente3'  using regular expression

2020-02-08 11:44:36 - [MESSAGE][PASSED] - All options with value '7' are selected in object 'Object Repository/Page_- KAIZEN/sc_select_cliente3'  using regular expression

2020-02-08 11:44:36 - [TEST_STEP][PASSED] - waitForElementPresent(findTestObject("Page_- KAIZEN/sc_span_select_address"), 5): Object 'Object Repository/Page_- KAIZEN/sc_span_select_address' is present

2020-02-08 11:44:37 - [MESSAGE][PASSED] - Object 'Object Repository/Page_- KAIZEN/sc_span_select_address' is present

2020-02-08 11:44:37 - [TEST_STEP][PASSED] - click(findTestObject("Page_- KAIZEN/sc_span_select_address")): Object: 'Object Repository/Page_- KAIZEN/sc_span_select_address' is clicked on

2020-02-08 11:44:37 - [MESSAGE][PASSED] - Object: 'Object Repository/Page_- KAIZEN/sc_span_select_address' is clicked on

2020-02-08 11:44:37 - [TEST_STEP][PASSED] - selectOptionByValue(findTestObject("Page_- KAIZEN/sc_assing_select_address"), Direccion, true): All options with value '3' are selected in object 'Object Repository/Page_- KAIZEN/sc_assing_select_address'  using regular expression

2020-02-08 11:44:38 - [MESSAGE][PASSED] - All options with value '3' are selected in object 'Object Repository/Page_- KAIZEN/sc_assing_select_address'  using regular expression

2020-02-08 11:44:38 - [TEST_STEP][PASSED] - if (Contenedor == "20"): Object: 'Object Repository/Page_- KAIZEN/sc_btn_contenedor_20_pies' is clicked on

2020-02-08 11:44:38 - [TEST_STEP][PASSED] - click(findTestObject("Page_- KAIZEN/sc_btn_contenedor_20_pies")): Object: 'Object Repository/Page_- KAIZEN/sc_btn_contenedor_20_pies' is clicked on

2020-02-08 11:44:39 - [MESSAGE][PASSED] - Object: 'Object Repository/Page_- KAIZEN/sc_btn_contenedor_20_pies' is clicked on

2020-02-08 11:44:39 - [TEST_STEP][PASSED] - delay(2): Delayed 2 second(s)

2020-02-08 11:44:41 - [MESSAGE][PASSED] - Delayed 2 second(s)

2020-02-08 11:44:41 - [TEST_STEP][PASSED] - waitForElementVisible(findTestObject("Page_- KAIZEN/sc_btn_next"), 3): Object 'Object Repository/Page_- KAIZEN/sc_btn_next' is visible

2020-02-08 11:44:42 - [MESSAGE][PASSED] - Object 'Object Repository/Page_- KAIZEN/sc_btn_next' is visible

2020-02-08 11:44:42 - [TEST_STEP][PASSED] - click(findTestObject("Page_- KAIZEN/sc_btn_next")): Object: 'Object Repository/Page_- KAIZEN/sc_btn_next' is clicked on

2020-02-08 11:44:42 - [MESSAGE][PASSED] - Object: 'Object Repository/Page_- KAIZEN/sc_btn_next' is clicked on

2020-02-08 11:44:42 - [MESSAGE][PASSED] - Call Test Case 'Test Cases/Individual_Tests_20pies/Seleccionar_Cliente' successfully

2020-02-08 11:44:42 - [TEST_STEP][PASSED] - callTestCase(findTestCase("Individual_Tests_20pies/Seleccionar_Incoterm"), ["Index":Index, "Incoterm":Incoterm], STOP_ON_FAILURE): Call Test Case 'Test Cases/Individual_Tests_20pies/Seleccionar_Incoterm' successfully

2020-02-08 11:44:42 - [TEST_CASE][PASSED] - Test Cases/Individual_Tests_20pies/Seleccionar_Incoterm: Test Cases/Individual_Tests_20pies/Seleccionar_Incoterm

2020-02-08 11:44:42 - [TEST_STEP][PASSED] - data = obtener_excels.obtener_pedidos20pies.getValuesExcelCreate20(Index): obtener_excels.obtener_pedidos20pies.getValuesExcelCreate20 is PASSED

2020-02-08 11:44:42 - [MESSAGE][PASSED] - obtener_excels.obtener_pedidos20pies.getValuesExcelCreate20 is PASSED

2020-02-08 11:44:42 - [TEST_STEP][PASSED] - Incoterm = data[6]: null

2020-02-08 11:44:42 - [TEST_STEP][PASSED] - selectOptionByValue(findTestObject("Page_- KAIZEN/sin_select_incoterm"), Incoterm, true): All options with value 'EXW' are selected in object 'Object Repository/Page_- KAIZEN/sin_select_incoterm'  using regular expression

2020-02-08 11:44:43 - [MESSAGE][PASSED] - All options with value 'EXW' are selected in object 'Object Repository/Page_- KAIZEN/sin_select_incoterm'  using regular expression

2020-02-08 11:44:43 - [TEST_STEP][PASSED] - click(findTestObject("Page_- KAIZEN/sc_btn_next")): Object: 'Object Repository/Page_- KAIZEN/sc_btn_next' is clicked on

2020-02-08 11:44:44 - [MESSAGE][PASSED] - Object: 'Object Repository/Page_- KAIZEN/sc_btn_next' is clicked on

2020-02-08 11:44:44 - [MESSAGE][PASSED] - Call Test Case 'Test Cases/Individual_Tests_20pies/Seleccionar_Incoterm' successfully

2020-02-08 11:44:44 - [TEST_STEP][PASSED] - callTestCase(findTestCase("Individual_Tests_20pies/Seleccionar_Opcion_Compra"), ["Index":Index, "OpCompra1":OpCompra], STOP_ON_FAILURE): Call Test Case 'Test Cases/Individual_Tests_20pies/Seleccionar_Opcion_Compra' successfully

2020-02-08 11:44:44 - [TEST_CASE][PASSED] - Test Cases/Individual_Tests_20pies/Seleccionar_Opcion_Compra: Test Cases/Individual_Tests_20pies/Seleccionar_Opcion_Compra

2020-02-08 11:44:44 - [TEST_STEP][PASSED] - data = obtener_excels.obtener_pedidos20pies.getValuesExcelCreate20(Index): obtener_excels.obtener_pedidos20pies.getValuesExcelCreate20 is PASSED

2020-02-08 11:44:44 - [MESSAGE][PASSED] - obtener_excels.obtener_pedidos20pies.getValuesExcelCreate20 is PASSED

2020-02-08 11:44:44 - [TEST_STEP][PASSED] - OpCompra1 = data[7]: null

2020-02-08 11:44:44 - [TEST_STEP][PASSED] - delay(7): Delayed 7 second(s)

2020-02-08 11:44:51 - [MESSAGE][PASSED] - Delayed 7 second(s)

2020-02-08 11:44:51 - [TEST_STEP][PASSED] - waitForElementClickable(findTestObject("Page_- KAIZEN/so_SelectorOP"), 7): Object 'Object Repository/Page_- KAIZEN/so_SelectorOP' is clickable

2020-02-08 11:44:52 - [MESSAGE][PASSED] - Object 'Object Repository/Page_- KAIZEN/so_SelectorOP' is clickable

2020-02-08 11:44:52 - [TEST_STEP][PASSED] - delay(3): Delayed 3 second(s)

2020-02-08 11:44:55 - [MESSAGE][PASSED] - Delayed 3 second(s)

2020-02-08 11:44:55 - [TEST_STEP][PASSED] - click(findTestObject("Page_- KAIZEN/so_select_SeleccioneOPCION")): Object: 'Object Repository/Page_- KAIZEN/so_select_SeleccioneOPCION' is clicked on

2020-02-08 11:44:55 - [MESSAGE][PASSED] - Object: 'Object Repository/Page_- KAIZEN/so_select_SeleccioneOPCION' is clicked on

2020-02-08 11:44:55 - [TEST_STEP][PASSED] - selectOptionByValue(findTestObject("Page_- KAIZEN/so_select_SeleccioneOPCION"), OpCompra1, true): All options with value '7' are selected in object 'Object Repository/Page_- KAIZEN/so_select_SeleccioneOPCION'  using regular expression

2020-02-08 11:44:56 - [MESSAGE][PASSED] - All options with value '7' are selected in object 'Object Repository/Page_- KAIZEN/so_select_SeleccioneOPCION'  using regular expression

2020-02-08 11:44:56 - [TEST_STEP][PASSED] - waitForElementPresent(findTestObject("Page_- KAIZEN/sc_btn_next"), 7): Object 'Object Repository/Page_- KAIZEN/sc_btn_next' is present

2020-02-08 11:44:58 - [MESSAGE][PASSED] - Object 'Object Repository/Page_- KAIZEN/sc_btn_next' is present

2020-02-08 11:44:58 - [TEST_STEP][PASSED] - click(findTestObject("Page_- KAIZEN/sc_btn_next")): Object: 'Object Repository/Page_- KAIZEN/sc_btn_next' is clicked on

2020-02-08 11:44:58 - [MESSAGE][PASSED] - Object: 'Object Repository/Page_- KAIZEN/sc_btn_next' is clicked on

2020-02-08 11:44:58 - [MESSAGE][PASSED] - Call Test Case 'Test Cases/Individual_Tests_20pies/Seleccionar_Opcion_Compra' successfully

2020-02-08 11:44:58 - [TEST_STEP][PASSED] - callTestCase(findTestCase("Individual_Tests_20pies/Seleccionar_Productos"), ["Index":Index, "Iterar":Iterar, "Presentacion":Presentacion, "Producto":Producto, "Cantidad":Cantidad, "Presentacion2":Presentacion2, ... ], STOP_ON_FAILURE): Call Test Case 'Test Cases/Individual_Tests_20pies/Seleccionar_Productos' successfully

2020-02-08 11:44:58 - [TEST_CASE][PASSED] - Test Cases/Individual_Tests_20pies/Seleccionar_Productos: Test Cases/Individual_Tests_20pies/Seleccionar_Productos

2020-02-08 11:44:59 - [TEST_STEP][PASSED] - data = obtener_excels.obtener_pedidos20pies.getValuesExcelCreate20(Index): obtener_excels.obtener_pedidos20pies.getValuesExcelCreate20 is PASSED

2020-02-08 11:44:59 - [MESSAGE][PASSED] - obtener_excels.obtener_pedidos20pies.getValuesExcelCreate20 is PASSED

2020-02-08 11:44:59 - [TEST_STEP][PASSED] - Presentacion = data[8]: null

2020-02-08 11:44:59 - [TEST_STEP][PASSED] - Producto = data[9]: null

2020-02-08 11:44:59 - [TEST_STEP][PASSED] - Cantidad = data[10]: null

2020-02-08 11:44:59 - [TEST_STEP][PASSED] - Presentacion2 = data[11]: null

2020-02-08 11:44:59 - [TEST_STEP][PASSED] - Producto2 = data[12]: null

2020-02-08 11:44:59 - [TEST_STEP][PASSED] - Cantidad2 = data[13]: null

2020-02-08 11:44:59 - [TEST_STEP][PASSED] - Iterar = data[15]: null

2020-02-08 11:44:59 - [TEST_STEP][PASSED] - Iterado = Iterar.toInteger(): null

2020-02-08 11:44:59 - [TEST_STEP][PASSED] - cantProductos = Iterado: null

2020-02-08 11:44:59 - [TEST_STEP][PASSED] - IDPedidoCreado = executeJavaScript("return document.getElementById('IdPedido').value;", null): Execute JavaScript 'return document.getElementById('IdPedido').value;' successfully

2020-02-08 11:44:59 - [MESSAGE][PASSED] - Execute JavaScript 'return document.getElementById('IdPedido').value;' successfully

2020-02-08 11:44:59 - [TEST_STEP][PASSED] - exportar_archivos.Ex_guardar_pedidos_creados.demoKey(IDPedidoCreado, cantProductos): exportar_archivos.Ex_guardar_pedidos_creados.demoKey is PASSED

2020-02-08 11:44:59 - [MESSAGE][PASSED] - exportar_archivos.Ex_guardar_pedidos_creados.demoKey is PASSED

2020-02-08 11:44:59 - [TEST_STEP][PASSED] - boton = executeJavaScript("return document.getElementById("btn_next").style.display;", null): Execute JavaScript 'return document.getElementById("btn_next").style.display;' successfully

2020-02-08 11:44:59 - [MESSAGE][PASSED] - Execute JavaScript 'return document.getElementById("btn_next").style.display;' successfully

2020-02-08 11:44:59 - [TEST_STEP][PASSED] - if (boton == "block"): null

2020-02-08 11:44:59 - [TEST_STEP][PASSED] - else: Browser is closed

2020-02-08 11:44:59 - [TEST_STEP][PASSED] - if (Iterar == "1"): Browser is closed

2020-02-08 11:44:59 - [TEST_STEP][PASSED] - click(findTestObject("Page_- KAIZEN/sp_Element_presentacion")): Object: 'Object Repository/Page_- KAIZEN/sp_Element_presentacion' is clicked on

2020-02-08 11:45:00 - [MESSAGE][PASSED] - Object: 'Object Repository/Page_- KAIZEN/sp_Element_presentacion' is clicked on

2020-02-08 11:45:00 - [TEST_STEP][PASSED] - click(findTestObject("Page_- KAIZEN/sp_click_select_presentation")): Object: 'Object Repository/Page_- KAIZEN/sp_click_select_presentation' is clicked on

2020-02-08 11:45:00 - [MESSAGE][PASSED] - Object: 'Object Repository/Page_- KAIZEN/sp_click_select_presentation' is clicked on

2020-02-08 11:45:00 - [TEST_STEP][PASSED] - selectOptionByValue(findTestObject("Page_- KAIZEN/sp_assing_select_presentation"), Presentacion, true): All options with value '7' are selected in object 'Object Repository/Page_- KAIZEN/sp_assing_select_presentation'  using regular expression

2020-02-08 11:45:02 - [MESSAGE][PASSED] - All options with value '7' are selected in object 'Object Repository/Page_- KAIZEN/sp_assing_select_presentation'  using regular expression

2020-02-08 11:45:02 - [TEST_STEP][PASSED] - click(findTestObject("Page_- KAIZEN/sp_Element_producto")): Object: 'Object Repository/Page_- KAIZEN/sp_Element_producto' is clicked on

2020-02-08 11:45:02 - [MESSAGE][PASSED] - Object: 'Object Repository/Page_- KAIZEN/sp_Element_producto' is clicked on

2020-02-08 11:45:02 - [TEST_STEP][PASSED] - click(findTestObject("Page_- KAIZEN/sp_click_select_product")): Object: 'Object Repository/Page_- KAIZEN/sp_click_select_product' is clicked on

2020-02-08 11:45:03 - [MESSAGE][PASSED] - Object: 'Object Repository/Page_- KAIZEN/sp_click_select_product' is clicked on

2020-02-08 11:45:03 - [TEST_STEP][PASSED] - selectOptionByValue(findTestObject("Page_- KAIZEN/sp_assing_select_product"), Producto, true): All options with value '312' are selected in object 'Object Repository/Page_- KAIZEN/sp_assing_select_product'  using regular expression

2020-02-08 11:45:04 - [MESSAGE][PASSED] - All options with value '312' are selected in object 'Object Repository/Page_- KAIZEN/sp_assing_select_product'  using regular expression

2020-02-08 11:45:04 - [TEST_STEP][PASSED] - setText(findTestObject("Page_- KAIZEN/sp_input_product_quantity"), Cantidad): Text '18' is set on object 'Object Repository/Page_- KAIZEN/sp_input_product_quantity'

2020-02-08 11:45:04 - [MESSAGE][PASSED] - Text '18' is set on object 'Object Repository/Page_- KAIZEN/sp_input_product_quantity'

2020-02-08 11:45:04 - [TEST_STEP][PASSED] - click(findTestObject("Page_- KAIZEN/sp_btn_add_product")): Object: 'Object Repository/Page_- KAIZEN/sp_btn_add_product' is clicked on

2020-02-08 11:45:05 - [MESSAGE][PASSED] - Object: 'Object Repository/Page_- KAIZEN/sp_btn_add_product' is clicked on

2020-02-08 11:45:05 - [TEST_STEP][PASSED] - if (boton == "none"): Browser is closed

2020-02-08 11:45:05 - [TEST_STEP][PASSED] - closeBrowser(): Browser is closed

2020-02-08 11:45:06 - [MESSAGE][PASSED] - Browser is closed

2020-02-08 11:45:06 - [MESSAGE][PASSED] - Call Test Case 'Test Cases/Individual_Tests_20pies/Seleccionar_Productos' successfully

2020-02-08 11:45:06 - [TEST_STEP][PASSED] - callTestCase(findTestCase("Individual_Tests_20pies/Login"), ["Evento":"Crear", "Index":Index, "Usuario":Usuario, "Contrasena":Contrasena], STOP_ON_FAILURE): Call Test Case 'Test Cases/Individual_Tests_20pies/Login' successfully

2020-02-08 11:45:06 - [TEST_CASE][PASSED] - Test Cases/Individual_Tests_20pies/Login: Test Cases/Individual_Tests_20pies/Login

2020-02-08 11:45:06 - [TEST_STEP][PASSED] - print("Evento Seleccionado: " + Evento + "
"): null

2020-02-08 11:45:06 - [TEST_STEP][PASSED] - openBrowser(Web): Browser is opened with url: 'http://test.kaizendev.net/Login/Accesar?salir=true'

2020-02-08 11:45:06 - [MESSAGE][INFO] - Starting 'Chrome' driver

2020-02-08 11:45:34 - [MESSAGE][PASSED] - Browser is opened with url: 'http://test.kaizendev.net/Login/Accesar?salir=true'

2020-02-08 11:45:34 - [TEST_STEP][PASSED] - maximizeWindow(): Current window maximized

2020-02-08 11:45:35 - [MESSAGE][PASSED] - Current window maximized

2020-02-08 11:45:35 - [TEST_STEP][PASSED] - if (Evento == "Crear"): Object: 'Object Repository/Page_Iniciar Sesion - KAIZEN/is_btn_ingresar_sistema' is clicked on

2020-02-08 11:45:35 - [TEST_STEP][PASSED] - data = obtener_excels.obtener_pedidos20pies.getValuesExcelCreate20(Index): obtener_excels.obtener_pedidos20pies.getValuesExcelCreate20 is PASSED

2020-02-08 11:45:35 - [MESSAGE][PASSED] - obtener_excels.obtener_pedidos20pies.getValuesExcelCreate20 is PASSED

2020-02-08 11:45:35 - [TEST_STEP][PASSED] - Usuario = data[1]: null

2020-02-08 11:45:35 - [TEST_STEP][PASSED] - Contrasena = data[2]: null

2020-02-08 11:45:35 - [TEST_STEP][PASSED] - setText(findTestObject("Page_Iniciar Sesion - KAIZEN/is_input_email"), Usuario): Text 'automated.test@grupokaizen.net' is set on object 'Object Repository/Page_Iniciar Sesion - KAIZEN/is_input_email'

2020-02-08 11:45:35 - [MESSAGE][PASSED] - Text 'automated.test@grupokaizen.net' is set on object 'Object Repository/Page_Iniciar Sesion - KAIZEN/is_input_email'

2020-02-08 11:45:35 - [TEST_STEP][PASSED] - setEncryptedText(findTestObject("Page_Iniciar Sesion - KAIZEN/IS_input_contrasena"), Contrasena): Text ****** has been set on object 'Object Repository/Page_Iniciar Sesion - KAIZEN/IS_input_contrasena'

2020-02-08 11:45:36 - [MESSAGE][PASSED] - Text ****** has been set on object 'Object Repository/Page_Iniciar Sesion - KAIZEN/IS_input_contrasena'

2020-02-08 11:45:36 - [TEST_STEP][PASSED] - click(findTestObject("Page_Iniciar Sesion - KAIZEN/is_btn_ingresar_sistema")): Object: 'Object Repository/Page_Iniciar Sesion - KAIZEN/is_btn_ingresar_sistema' is clicked on

2020-02-08 11:45:38 - [MESSAGE][PASSED] - Object: 'Object Repository/Page_Iniciar Sesion - KAIZEN/is_btn_ingresar_sistema' is clicked on

2020-02-08 11:45:38 - [MESSAGE][PASSED] - Call Test Case 'Test Cases/Individual_Tests_20pies/Login' successfully

2020-02-08 11:45:38 - [TEST_STEP][PASSED] - callTestCase(findTestCase("Individual_Tests_20pies/Seleccionar_Idioma"), ["Evento":"Crear", "Index":Index, "Idioma":Idioma], STOP_ON_FAILURE): Call Test Case 'Test Cases/Individual_Tests_20pies/Seleccionar_Idioma' successfully

2020-02-08 11:45:39 - [TEST_CASE][PASSED] - Test Cases/Individual_Tests_20pies/Seleccionar_Idioma: Test Cases/Individual_Tests_20pies/Seleccionar_Idioma

2020-02-08 11:45:39 - [TEST_STEP][PASSED] - if (Evento == "Crear"): null

2020-02-08 11:45:39 - [TEST_STEP][PASSED] - data = obtener_excels.obtener_pedidos20pies.getValuesExcelCreate20(Index): obtener_excels.obtener_pedidos20pies.getValuesExcelCreate20 is PASSED

2020-02-08 11:45:39 - [MESSAGE][PASSED] - obtener_excels.obtener_pedidos20pies.getValuesExcelCreate20 is PASSED

2020-02-08 11:45:39 - [TEST_STEP][PASSED] - Idioma = data[0]: null

2020-02-08 11:45:39 - [TEST_STEP][PASSED] - click(findTestObject("Page_- KAIZEN/si_btn_idioma")): Object: 'Object Repository/Page_- KAIZEN/si_btn_idioma' is clicked on

2020-02-08 11:45:39 - [MESSAGE][PASSED] - Object: 'Object Repository/Page_- KAIZEN/si_btn_idioma' is clicked on

2020-02-08 11:45:39 - [TEST_STEP][PASSED] - if (Idioma == "0"): null

2020-02-08 11:45:39 - [TEST_STEP][PASSED] - else: Object: 'Object Repository/Page_- KAIZEN/si_Spanish' is clicked on

2020-02-08 11:45:39 - [TEST_STEP][PASSED] - click(findTestObject("Page_- KAIZEN/si_Spanish")): Object: 'Object Repository/Page_- KAIZEN/si_Spanish' is clicked on

2020-02-08 11:45:40 - [MESSAGE][PASSED] - Object: 'Object Repository/Page_- KAIZEN/si_Spanish' is clicked on

2020-02-08 11:45:40 - [MESSAGE][PASSED] - Call Test Case 'Test Cases/Individual_Tests_20pies/Seleccionar_Idioma' successfully

2020-02-08 11:45:40 - [TEST_STEP][PASSED] - callTestCase(findTestCase("Individual_Tests_20pies/Anadir_pedido"), [:], STOP_ON_FAILURE): Call Test Case 'Test Cases/Individual_Tests_20pies/Anadir_pedido' successfully

2020-02-08 11:45:40 - [TEST_CASE][PASSED] - Test Cases/Individual_Tests_20pies/Anadir_pedido: Test Cases/Individual_Tests_20pies/Anadir_pedido

2020-02-08 11:45:40 - [TEST_STEP][PASSED] - click(findTestObject("Page_- KAIZEN/bp_menu_pedido")): Object: 'Object Repository/Page_- KAIZEN/bp_menu_pedido' is clicked on

2020-02-08 11:45:41 - [MESSAGE][PASSED] - Object: 'Object Repository/Page_- KAIZEN/bp_menu_pedido' is clicked on

2020-02-08 11:45:41 - [TEST_STEP][PASSED] - click(findTestObject("Page_- KAIZEN/bp_click_menu_pedido")): Object: 'Object Repository/Page_- KAIZEN/bp_click_menu_pedido' is clicked on

2020-02-08 11:45:44 - [MESSAGE][PASSED] - Object: 'Object Repository/Page_- KAIZEN/bp_click_menu_pedido' is clicked on

2020-02-08 11:45:44 - [TEST_STEP][PASSED] - click(findTestObject("Page_Pedidos de Lubricantes - KAIZEN/ap_btn_agregar")): Object: 'Object Repository/Page_Pedidos de Lubricantes - KAIZEN/ap_btn_agregar' is clicked on

2020-02-08 11:45:49 - [MESSAGE][PASSED] - Object: 'Object Repository/Page_Pedidos de Lubricantes - KAIZEN/ap_btn_agregar' is clicked on

2020-02-08 11:45:49 - [MESSAGE][PASSED] - Call Test Case 'Test Cases/Individual_Tests_20pies/Anadir_pedido' successfully

2020-02-08 11:45:49 - [TEST_STEP][PASSED] - callTestCase(findTestCase("Individual_Tests_20pies/Seleccionar_Cliente"), ["Index":Index, "Nombre":Nombre, "Direccion":Direccion, "Contenedor":Contenedor], STOP_ON_FAILURE): Call Test Case 'Test Cases/Individual_Tests_20pies/Seleccionar_Cliente' successfully

2020-02-08 11:45:50 - [TEST_CASE][PASSED] - Test Cases/Individual_Tests_20pies/Seleccionar_Cliente: Test Cases/Individual_Tests_20pies/Seleccionar_Cliente

2020-02-08 11:45:50 - [TEST_STEP][PASSED] - data = obtener_excels.obtener_pedidos20pies.getValuesExcelCreate20(Index): obtener_excels.obtener_pedidos20pies.getValuesExcelCreate20 is PASSED

2020-02-08 11:45:50 - [MESSAGE][PASSED] - obtener_excels.obtener_pedidos20pies.getValuesExcelCreate20 is PASSED

2020-02-08 11:45:50 - [TEST_STEP][PASSED] - Nombre = data[3]: null

2020-02-08 11:45:50 - [TEST_STEP][PASSED] - Direccion = data[4]: null

2020-02-08 11:45:50 - [TEST_STEP][PASSED] - Contenedor = data[5]: null

2020-02-08 11:45:50 - [TEST_STEP][PASSED] - delay(2): Delayed 2 second(s)

2020-02-08 11:45:52 - [MESSAGE][PASSED] - Delayed 2 second(s)

2020-02-08 11:45:52 - [TEST_STEP][PASSED] - element = executeJavaScript("return document.getElementById('ID_CLIENTE_LIST').value;", null): Execute JavaScript 'return document.getElementById('ID_CLIENTE_LIST').value;' successfully

2020-02-08 11:45:52 - [MESSAGE][PASSED] - Execute JavaScript 'return document.getElementById('ID_CLIENTE_LIST').value;' successfully

2020-02-08 11:45:52 - [TEST_STEP][PASSED] - if (element == Nombre): null

2020-02-08 11:45:52 - [TEST_STEP][PASSED] - else: Object: 'Object Repository/Page_- KAIZEN/sc_btn_next' is clicked on

2020-02-08 11:45:52 - [TEST_STEP][PASSED] - print(Nombre + "
"): null

2020-02-08 11:45:52 - [TEST_STEP][PASSED] - click(findTestObject("Page_- KAIZEN/sc_select_cliente1")): Object: 'Object Repository/Page_- KAIZEN/sc_select_cliente1' is clicked on

2020-02-08 11:45:52 - [MESSAGE][PASSED] - Object: 'Object Repository/Page_- KAIZEN/sc_select_cliente1' is clicked on

2020-02-08 11:45:52 - [TEST_STEP][PASSED] - click(findTestObject("Page_- KAIZEN/sc_select_cliente2")): Object: 'Object Repository/Page_- KAIZEN/sc_select_cliente2' is clicked on

2020-02-08 11:45:53 - [MESSAGE][PASSED] - Object: 'Object Repository/Page_- KAIZEN/sc_select_cliente2' is clicked on

2020-02-08 11:45:53 - [TEST_STEP][PASSED] - waitForElementPresent(findTestObject("Page_- KAIZEN/sc_select_cliente3"), 5): Object 'Object Repository/Page_- KAIZEN/sc_select_cliente3' is present

2020-02-08 11:45:54 - [MESSAGE][PASSED] - Object 'Object Repository/Page_- KAIZEN/sc_select_cliente3' is present

2020-02-08 11:45:54 - [TEST_STEP][PASSED] - selectOptionByValue(findTestObject("Page_- KAIZEN/sc_select_cliente3"), Nombre.toString(), true): All options with value '3' are selected in object 'Object Repository/Page_- KAIZEN/sc_select_cliente3'  using regular expression

2020-02-08 11:45:56 - [MESSAGE][PASSED] - All options with value '3' are selected in object 'Object Repository/Page_- KAIZEN/sc_select_cliente3'  using regular expression

2020-02-08 11:45:56 - [TEST_STEP][PASSED] - waitForElementPresent(findTestObject("Page_- KAIZEN/sc_span_select_address"), 5): Object 'Object Repository/Page_- KAIZEN/sc_span_select_address' is present

2020-02-08 11:45:56 - [MESSAGE][PASSED] - Object 'Object Repository/Page_- KAIZEN/sc_span_select_address' is present

2020-02-08 11:45:56 - [TEST_STEP][PASSED] - click(findTestObject("Page_- KAIZEN/sc_span_select_address")): Object: 'Object Repository/Page_- KAIZEN/sc_span_select_address' is clicked on

2020-02-08 11:45:57 - [MESSAGE][PASSED] - Object: 'Object Repository/Page_- KAIZEN/sc_span_select_address' is clicked on

2020-02-08 11:45:57 - [TEST_STEP][PASSED] - selectOptionByValue(findTestObject("Page_- KAIZEN/sc_assing_select_address"), Direccion, true): All options with value '7' are selected in object 'Object Repository/Page_- KAIZEN/sc_assing_select_address'  using regular expression

2020-02-08 11:45:58 - [MESSAGE][PASSED] - All options with value '7' are selected in object 'Object Repository/Page_- KAIZEN/sc_assing_select_address'  using regular expression

2020-02-08 11:45:58 - [TEST_STEP][PASSED] - if (Contenedor == "20"): Object: 'Object Repository/Page_- KAIZEN/sc_btn_contenedor_20_pies' is clicked on

2020-02-08 11:45:58 - [TEST_STEP][PASSED] - click(findTestObject("Page_- KAIZEN/sc_btn_contenedor_20_pies")): Object: 'Object Repository/Page_- KAIZEN/sc_btn_contenedor_20_pies' is clicked on

2020-02-08 11:45:58 - [MESSAGE][PASSED] - Object: 'Object Repository/Page_- KAIZEN/sc_btn_contenedor_20_pies' is clicked on

2020-02-08 11:45:58 - [TEST_STEP][PASSED] - delay(2): Delayed 2 second(s)

2020-02-08 11:46:00 - [MESSAGE][PASSED] - Delayed 2 second(s)

2020-02-08 11:46:00 - [TEST_STEP][PASSED] - waitForElementVisible(findTestObject("Page_- KAIZEN/sc_btn_next"), 3): Object 'Object Repository/Page_- KAIZEN/sc_btn_next' is visible

2020-02-08 11:46:01 - [MESSAGE][PASSED] - Object 'Object Repository/Page_- KAIZEN/sc_btn_next' is visible

2020-02-08 11:46:01 - [TEST_STEP][PASSED] - click(findTestObject("Page_- KAIZEN/sc_btn_next")): Object: 'Object Repository/Page_- KAIZEN/sc_btn_next' is clicked on

2020-02-08 11:46:01 - [MESSAGE][PASSED] - Object: 'Object Repository/Page_- KAIZEN/sc_btn_next' is clicked on

2020-02-08 11:46:01 - [MESSAGE][PASSED] - Call Test Case 'Test Cases/Individual_Tests_20pies/Seleccionar_Cliente' successfully

2020-02-08 11:46:01 - [TEST_STEP][PASSED] - callTestCase(findTestCase("Individual_Tests_20pies/Seleccionar_Incoterm"), ["Index":Index, "Incoterm":Incoterm], STOP_ON_FAILURE): Call Test Case 'Test Cases/Individual_Tests_20pies/Seleccionar_Incoterm' successfully

2020-02-08 11:46:01 - [TEST_CASE][PASSED] - Test Cases/Individual_Tests_20pies/Seleccionar_Incoterm: Test Cases/Individual_Tests_20pies/Seleccionar_Incoterm

2020-02-08 11:46:01 - [TEST_STEP][PASSED] - data = obtener_excels.obtener_pedidos20pies.getValuesExcelCreate20(Index): obtener_excels.obtener_pedidos20pies.getValuesExcelCreate20 is PASSED

2020-02-08 11:46:01 - [MESSAGE][PASSED] - obtener_excels.obtener_pedidos20pies.getValuesExcelCreate20 is PASSED

2020-02-08 11:46:01 - [TEST_STEP][PASSED] - Incoterm = data[6]: null

2020-02-08 11:46:01 - [TEST_STEP][PASSED] - selectOptionByValue(findTestObject("Page_- KAIZEN/sin_select_incoterm"), Incoterm, true): All options with value 'EXW' are selected in object 'Object Repository/Page_- KAIZEN/sin_select_incoterm'  using regular expression

2020-02-08 11:46:02 - [MESSAGE][PASSED] - All options with value 'EXW' are selected in object 'Object Repository/Page_- KAIZEN/sin_select_incoterm'  using regular expression

2020-02-08 11:46:02 - [TEST_STEP][PASSED] - click(findTestObject("Page_- KAIZEN/sc_btn_next")): Object: 'Object Repository/Page_- KAIZEN/sc_btn_next' is clicked on

2020-02-08 11:46:03 - [MESSAGE][PASSED] - Object: 'Object Repository/Page_- KAIZEN/sc_btn_next' is clicked on

2020-02-08 11:46:03 - [MESSAGE][PASSED] - Call Test Case 'Test Cases/Individual_Tests_20pies/Seleccionar_Incoterm' successfully

2020-02-08 11:46:03 - [TEST_STEP][PASSED] - callTestCase(findTestCase("Individual_Tests_20pies/Seleccionar_Opcion_Compra"), ["Index":Index, "OpCompra1":OpCompra], STOP_ON_FAILURE): Call Test Case 'Test Cases/Individual_Tests_20pies/Seleccionar_Opcion_Compra' successfully

2020-02-08 11:46:03 - [TEST_CASE][PASSED] - Test Cases/Individual_Tests_20pies/Seleccionar_Opcion_Compra: Test Cases/Individual_Tests_20pies/Seleccionar_Opcion_Compra

2020-02-08 11:46:03 - [TEST_STEP][PASSED] - data = obtener_excels.obtener_pedidos20pies.getValuesExcelCreate20(Index): obtener_excels.obtener_pedidos20pies.getValuesExcelCreate20 is PASSED

2020-02-08 11:46:03 - [MESSAGE][PASSED] - obtener_excels.obtener_pedidos20pies.getValuesExcelCreate20 is PASSED

2020-02-08 11:46:03 - [TEST_STEP][PASSED] - OpCompra1 = data[7]: null

2020-02-08 11:46:03 - [TEST_STEP][PASSED] - delay(7): Delayed 7 second(s)

2020-02-08 11:46:10 - [MESSAGE][PASSED] - Delayed 7 second(s)

2020-02-08 11:46:10 - [TEST_STEP][PASSED] - waitForElementClickable(findTestObject("Page_- KAIZEN/so_SelectorOP"), 7): Object 'Object Repository/Page_- KAIZEN/so_SelectorOP' is clickable

2020-02-08 11:46:10 - [MESSAGE][PASSED] - Object 'Object Repository/Page_- KAIZEN/so_SelectorOP' is clickable

2020-02-08 11:46:10 - [TEST_STEP][PASSED] - delay(3): Delayed 3 second(s)

2020-02-08 11:46:13 - [MESSAGE][PASSED] - Delayed 3 second(s)

2020-02-08 11:46:13 - [TEST_STEP][PASSED] - click(findTestObject("Page_- KAIZEN/so_select_SeleccioneOPCION")): Object: 'Object Repository/Page_- KAIZEN/so_select_SeleccioneOPCION' is clicked on

2020-02-08 11:46:14 - [MESSAGE][PASSED] - Object: 'Object Repository/Page_- KAIZEN/so_select_SeleccioneOPCION' is clicked on

2020-02-08 11:46:14 - [TEST_STEP][PASSED] - selectOptionByValue(findTestObject("Page_- KAIZEN/so_select_SeleccioneOPCION"), OpCompra1, true): All options with value '15' are selected in object 'Object Repository/Page_- KAIZEN/so_select_SeleccioneOPCION'  using regular expression

2020-02-08 11:46:15 - [MESSAGE][PASSED] - All options with value '15' are selected in object 'Object Repository/Page_- KAIZEN/so_select_SeleccioneOPCION'  using regular expression

2020-02-08 11:46:15 - [TEST_STEP][PASSED] - waitForElementPresent(findTestObject("Page_- KAIZEN/sc_btn_next"), 7): Object 'Object Repository/Page_- KAIZEN/sc_btn_next' is present

2020-02-08 11:46:16 - [MESSAGE][PASSED] - Object 'Object Repository/Page_- KAIZEN/sc_btn_next' is present

2020-02-08 11:46:16 - [TEST_STEP][PASSED] - click(findTestObject("Page_- KAIZEN/sc_btn_next")): Object: 'Object Repository/Page_- KAIZEN/sc_btn_next' is clicked on

2020-02-08 11:46:16 - [MESSAGE][PASSED] - Object: 'Object Repository/Page_- KAIZEN/sc_btn_next' is clicked on

2020-02-08 11:46:16 - [MESSAGE][PASSED] - Call Test Case 'Test Cases/Individual_Tests_20pies/Seleccionar_Opcion_Compra' successfully

2020-02-08 11:46:16 - [TEST_STEP][PASSED] - callTestCase(findTestCase("Individual_Tests_20pies/Seleccionar_Productos"), ["Index":Index, "Iterar":Iterar, "Presentacion":Presentacion, "Producto":Producto, "Cantidad":Cantidad, "Presentacion2":Presentacion2, ... ], STOP_ON_FAILURE): Call Test Case 'Test Cases/Individual_Tests_20pies/Seleccionar_Productos' successfully

2020-02-08 11:46:16 - [TEST_CASE][PASSED] - Test Cases/Individual_Tests_20pies/Seleccionar_Productos: Test Cases/Individual_Tests_20pies/Seleccionar_Productos

2020-02-08 11:46:16 - [TEST_STEP][PASSED] - data = obtener_excels.obtener_pedidos20pies.getValuesExcelCreate20(Index): obtener_excels.obtener_pedidos20pies.getValuesExcelCreate20 is PASSED

2020-02-08 11:46:17 - [MESSAGE][PASSED] - obtener_excels.obtener_pedidos20pies.getValuesExcelCreate20 is PASSED

2020-02-08 11:46:17 - [TEST_STEP][PASSED] - Presentacion = data[8]: null

2020-02-08 11:46:17 - [TEST_STEP][PASSED] - Producto = data[9]: null

2020-02-08 11:46:17 - [TEST_STEP][PASSED] - Cantidad = data[10]: null

2020-02-08 11:46:17 - [TEST_STEP][PASSED] - Presentacion2 = data[11]: null

2020-02-08 11:46:17 - [TEST_STEP][PASSED] - Producto2 = data[12]: null

2020-02-08 11:46:17 - [TEST_STEP][PASSED] - Cantidad2 = data[13]: null

2020-02-08 11:46:17 - [TEST_STEP][PASSED] - Iterar = data[15]: null

2020-02-08 11:46:17 - [TEST_STEP][PASSED] - Iterado = Iterar.toInteger(): null

2020-02-08 11:46:17 - [TEST_STEP][PASSED] - cantProductos = Iterado: null

2020-02-08 11:46:17 - [TEST_STEP][PASSED] - IDPedidoCreado = executeJavaScript("return document.getElementById('IdPedido').value;", null): Execute JavaScript 'return document.getElementById('IdPedido').value;' successfully

2020-02-08 11:46:17 - [MESSAGE][PASSED] - Execute JavaScript 'return document.getElementById('IdPedido').value;' successfully

2020-02-08 11:46:17 - [TEST_STEP][PASSED] - exportar_archivos.Ex_guardar_pedidos_creados.demoKey(IDPedidoCreado, cantProductos): exportar_archivos.Ex_guardar_pedidos_creados.demoKey is PASSED

2020-02-08 11:46:17 - [MESSAGE][PASSED] - exportar_archivos.Ex_guardar_pedidos_creados.demoKey is PASSED

2020-02-08 11:46:17 - [TEST_STEP][PASSED] - boton = executeJavaScript("return document.getElementById("btn_next").style.display;", null): Execute JavaScript 'return document.getElementById("btn_next").style.display;' successfully

2020-02-08 11:46:17 - [MESSAGE][PASSED] - Execute JavaScript 'return document.getElementById("btn_next").style.display;' successfully

2020-02-08 11:46:17 - [TEST_STEP][PASSED] - if (boton == "block"): null

2020-02-08 11:46:17 - [TEST_STEP][PASSED] - else: null

2020-02-08 11:46:17 - [TEST_STEP][PASSED] - if (Iterar == "1"): null

2020-02-08 11:46:17 - [TEST_STEP][PASSED] - else if (Iterar == "2"): null

2020-02-08 11:46:17 - [TEST_STEP][PASSED] - click(findTestObject("Page_- KAIZEN/sp_Element_presentacion")): Object: 'Object Repository/Page_- KAIZEN/sp_Element_presentacion' is clicked on

2020-02-08 11:46:17 - [MESSAGE][PASSED] - Object: 'Object Repository/Page_- KAIZEN/sp_Element_presentacion' is clicked on

2020-02-08 11:46:17 - [TEST_STEP][PASSED] - click(findTestObject("Page_- KAIZEN/sp_click_select_presentation")): Object: 'Object Repository/Page_- KAIZEN/sp_click_select_presentation' is clicked on

2020-02-08 11:46:18 - [MESSAGE][PASSED] - Object: 'Object Repository/Page_- KAIZEN/sp_click_select_presentation' is clicked on

2020-02-08 11:46:18 - [TEST_STEP][PASSED] - selectOptionByValue(findTestObject("Page_- KAIZEN/sp_assing_select_presentation"), Presentacion, true): All options with value '3' are selected in object 'Object Repository/Page_- KAIZEN/sp_assing_select_presentation'  using regular expression

2020-02-08 11:46:19 - [MESSAGE][PASSED] - All options with value '3' are selected in object 'Object Repository/Page_- KAIZEN/sp_assing_select_presentation'  using regular expression

2020-02-08 11:46:19 - [TEST_STEP][PASSED] - click(findTestObject("Page_- KAIZEN/sp_Element_producto")): Object: 'Object Repository/Page_- KAIZEN/sp_Element_producto' is clicked on

2020-02-08 11:46:20 - [MESSAGE][PASSED] - Object: 'Object Repository/Page_- KAIZEN/sp_Element_producto' is clicked on

2020-02-08 11:46:20 - [TEST_STEP][PASSED] - click(findTestObject("Page_- KAIZEN/sp_click_select_product")): Object: 'Object Repository/Page_- KAIZEN/sp_click_select_product' is clicked on

2020-02-08 11:46:20 - [MESSAGE][PASSED] - Object: 'Object Repository/Page_- KAIZEN/sp_click_select_product' is clicked on

2020-02-08 11:46:20 - [TEST_STEP][PASSED] - selectOptionByValue(findTestObject("Page_- KAIZEN/sp_assing_select_product"), Producto, true): All options with value '580' are selected in object 'Object Repository/Page_- KAIZEN/sp_assing_select_product'  using regular expression

2020-02-08 11:46:21 - [MESSAGE][PASSED] - All options with value '580' are selected in object 'Object Repository/Page_- KAIZEN/sp_assing_select_product'  using regular expression

2020-02-08 11:46:21 - [TEST_STEP][PASSED] - setText(findTestObject("Page_- KAIZEN/sp_input_product_quantity"), Cantidad): Text '10' is set on object 'Object Repository/Page_- KAIZEN/sp_input_product_quantity'

2020-02-08 11:46:22 - [MESSAGE][PASSED] - Text '10' is set on object 'Object Repository/Page_- KAIZEN/sp_input_product_quantity'

2020-02-08 11:46:22 - [TEST_STEP][PASSED] - click(findTestObject("Page_- KAIZEN/sp_btn_add_product")): Object: 'Object Repository/Page_- KAIZEN/sp_btn_add_product' is clicked on

2020-02-08 11:46:23 - [MESSAGE][PASSED] - Object: 'Object Repository/Page_- KAIZEN/sp_btn_add_product' is clicked on

2020-02-08 11:46:23 - [TEST_STEP][PASSED] - click(findTestObject("Page_- KAIZEN/sp_Element_presentacion")): Object: 'Object Repository/Page_- KAIZEN/sp_Element_presentacion' is clicked on

2020-02-08 11:46:23 - [MESSAGE][PASSED] - Object: 'Object Repository/Page_- KAIZEN/sp_Element_presentacion' is clicked on

2020-02-08 11:46:23 - [TEST_STEP][PASSED] - click(findTestObject("Page_- KAIZEN/sp_click_select_presentation")): Object: 'Object Repository/Page_- KAIZEN/sp_click_select_presentation' is clicked on

2020-02-08 11:46:24 - [MESSAGE][PASSED] - Object: 'Object Repository/Page_- KAIZEN/sp_click_select_presentation' is clicked on

2020-02-08 11:46:24 - [TEST_STEP][PASSED] - selectOptionByValue(findTestObject("Page_- KAIZEN/sp_assing_select_presentation"), Presentacion2, true): All options with value '3' are selected in object 'Object Repository/Page_- KAIZEN/sp_assing_select_presentation'  using regular expression

2020-02-08 11:46:25 - [MESSAGE][PASSED] - All options with value '3' are selected in object 'Object Repository/Page_- KAIZEN/sp_assing_select_presentation'  using regular expression

2020-02-08 11:46:25 - [TEST_STEP][PASSED] - click(findTestObject("Page_- KAIZEN/sp_Element_producto")): Object: 'Object Repository/Page_- KAIZEN/sp_Element_producto' is clicked on

2020-02-08 11:46:25 - [MESSAGE][PASSED] - Object: 'Object Repository/Page_- KAIZEN/sp_Element_producto' is clicked on

2020-02-08 11:46:25 - [TEST_STEP][PASSED] - click(findTestObject("Page_- KAIZEN/sp_click_select_product")): Object: 'Object Repository/Page_- KAIZEN/sp_click_select_product' is clicked on

2020-02-08 11:46:26 - [MESSAGE][PASSED] - Object: 'Object Repository/Page_- KAIZEN/sp_click_select_product' is clicked on

2020-02-08 11:46:26 - [TEST_STEP][PASSED] - selectOptionByValue(findTestObject("Page_- KAIZEN/sp_assing_select_product"), Producto2, true): All options with value '582' are selected in object 'Object Repository/Page_- KAIZEN/sp_assing_select_product'  using regular expression

2020-02-08 11:46:27 - [MESSAGE][PASSED] - All options with value '582' are selected in object 'Object Repository/Page_- KAIZEN/sp_assing_select_product'  using regular expression

2020-02-08 11:46:27 - [TEST_STEP][PASSED] - setText(findTestObject("Page_- KAIZEN/sp_input_product_quantity"), Cantidad2): Text '10' is set on object 'Object Repository/Page_- KAIZEN/sp_input_product_quantity'

2020-02-08 11:46:28 - [MESSAGE][PASSED] - Text '10' is set on object 'Object Repository/Page_- KAIZEN/sp_input_product_quantity'

2020-02-08 11:46:28 - [TEST_STEP][PASSED] - click(findTestObject("Page_- KAIZEN/sp_btn_add_product")): Object: 'Object Repository/Page_- KAIZEN/sp_btn_add_product' is clicked on

2020-02-08 11:46:28 - [MESSAGE][PASSED] - Object: 'Object Repository/Page_- KAIZEN/sp_btn_add_product' is clicked on

2020-02-08 11:46:28 - [TEST_STEP][PASSED] - if (verifyElementNotVisible(findTestObject("Page_- KAIZEN/sp_Siguiente"), OPTIONAL) == true): null

2020-02-08 11:46:29 - [MESSAGE][PASSED] - Object 'Object Repository/Page_- KAIZEN/sp_Siguiente' is NOT visible

2020-02-08 11:46:29 - [TEST_STEP][PASSED] - closeBrowser(): Browser is closed

2020-02-08 11:46:29 - [MESSAGE][PASSED] - Browser is closed

2020-02-08 11:46:29 - [MESSAGE][PASSED] - Call Test Case 'Test Cases/Individual_Tests_20pies/Seleccionar_Productos' successfully]]></system-out>
         <system-err><![CDATA[]]></system-err>
      </testcase>
      <system-out><![CDATA[2020-02-08 11:43:56 - [TEST_SUITE][PASSED] - 1-Crear_Pedidos_20_TestSuites: Test Cases/Secuencias de Ejecucion/TC_Crear Pedido_20pies]]></system-out>
      <system-err><![CDATA[]]></system-err>
   </testsuite>
</testsuites>
