<?xml version="1.0" encoding="UTF-8"?>
<testsuites name="4-GenerarProduccion_20pies_TestSuites" time="87.428" tests="2" failures="0" errors="0">
   <testsuite name="4-GenerarProduccion_20pies_TestSuites" tests="2" failures="0" errors="0" time="87.428" timestamp="2020-02-06 08:59:58" hostname="kaizen - LAPTOP-K43U1BVQ" id="Test Suites/Flujo_funcionalidades_Pedidos_20pies/4-GenerarProduccion_20pies_TestSuites">
      <properties>
         <property name="deviceName" value=""/>
         <property name="devicePlatform" value=""/>
         <property name="logFolder" value="C:\\Users\\kaizen\\git\\AutomatizacionKatalon\\Reports\\20200206_085951\\Flujo_funcionalidades_Pedidos_20pies\\4-GenerarProduccion_20pies_TestSuites\\20200206_085951"/>
         <property name="logFiles" value="C:\\Users\\kaizen\\git\\AutomatizacionKatalon\\Reports\\20200206_085951\\Flujo_funcionalidades_Pedidos_20pies\\4-GenerarProduccion_20pies_TestSuites\\20200206_085951\\execution0.log"/>
         <property name="attachments" value=""/>
         <property name="hostName" value="kaizen - LAPTOP-K43U1BVQ"/>
         <property name="os" value="Windows 10 64bit"/>
         <property name="katalonVersion" value="7.2.1.1"/>
         <property name="browser" value="Chrome 79.0.3945.130"/>
         <property name="hostAddress" value="192.168.99.1"/>
         <property name="sessionId" value="a94f24006ea49726ef534169313cc80c"/>
         <property name="seleniumVersion" value="3.141.59"/>
         <property name="proxyInformation" value="ProxyInformation{proxyOption=NO_PROXY, proxyServerType=HTTP, password=, proxyServerAddress=, proxyServerPort=0, executionList=}"/>
         <property name="platform" value="Windows 10"/>
      </properties>
      <testcase name="Test Cases/Secuencias de Ejecucion/TC_Generar_Produccion_20pies" time="4.309" classname="Test Cases/Secuencias de Ejecucion/TC_Generar_Produccion_20pies" status="PASSED">
         <system-out><![CDATA[2020-02-06 08:59:58 - [TEST_CASE][PASSED] - Test Cases/Secuencias de Ejecucion/TC_Generar_Produccion_20pies: Test Cases/Secuencias de Ejecucion/TC_Generar_Produccion_20pies

2020-02-06 08:59:59 - [TEST_STEP][PASSED] - python.Ex_produccion_pedidos_20pies.runPython(): python.Ex_produccion_pedidos_20pies.runPython is PASSED

2020-02-06 09:00:03 - [MESSAGE][PASSED] - python.Ex_produccion_pedidos_20pies.runPython is PASSED]]></system-out>
         <system-err><![CDATA[]]></system-err>
      </testcase>
      <testcase name="Test Cases/Secuencias de Ejecucion/TC_Orden_Produccion_20pies" time="81.898" classname="Test Cases/Secuencias de Ejecucion/TC_Orden_Produccion_20pies" status="PASSED">
         <system-out><![CDATA[2020-02-06 09:00:03 - [TEST_CASE][PASSED] - Test Cases/Secuencias de Ejecucion/TC_Orden_Produccion_20pies: Test Cases/Secuencias de Ejecucion/TC_Orden_Produccion_20pies

2020-02-06 09:00:04 - [TEST_STEP][PASSED] - archivo = $RunConfiguration.getProjectDir()/Pedidos/DataExcel/Orden_Produccion_20pies.xlsx: null

2020-02-06 09:00:04 - [TEST_STEP][PASSED] - excelData = getExcelDataWithDefaultSheet(archivo, "Sheet1", true): null

2020-02-06 09:00:04 - [TEST_STEP][PASSED] - for ([Index = 1, Index <= excelData.getRowNumbers(), (Index++)]): Call Test Case 'Test Cases/Individual_Tests_20pies/Orden_Produccion' successfully

2020-02-06 09:00:05 - [TEST_STEP][PASSED] - callTestCase(findTestCase("Individual_Tests_20pies/Login"), ["Evento":"Produccion", "Index":Index, "Usuario":Usuario, "Contrasena":Contrasena], STOP_ON_FAILURE): Call Test Case 'Test Cases/Individual_Tests_20pies/Login' successfully

2020-02-06 09:00:05 - [TEST_CASE][PASSED] - Test Cases/Individual_Tests_20pies/Login: Test Cases/Individual_Tests_20pies/Login

2020-02-06 09:00:06 - [TEST_STEP][PASSED] - print(Evento + "
"): null

2020-02-06 09:00:06 - [TEST_STEP][PASSED] - openBrowser("http://test.kaizendev.net/Login/Accesar?salir=true"): Browser is opened with url: 'http://test.kaizendev.net/Login/Accesar?salir=true'

2020-02-06 09:00:06 - [MESSAGE][INFO] - Starting 'Chrome' driver

2020-02-06 09:00:06 - [MESSAGE][INFO] - Action delay is set to 0 seconds

2020-02-06 09:00:20 - [MESSAGE][PASSED] - Browser is opened with url: 'http://test.kaizendev.net/Login/Accesar?salir=true'

2020-02-06 09:00:20 - [TEST_STEP][PASSED] - maximizeWindow(): Current window maximized

2020-02-06 09:00:21 - [MESSAGE][PASSED] - Current window maximized

2020-02-06 09:00:21 - [TEST_STEP][PASSED] - if (Evento == "Crear"): null

2020-02-06 09:00:21 - [TEST_STEP][PASSED] - else if (Evento == "Aprobar"): null

2020-02-06 09:00:21 - [TEST_STEP][PASSED] - else if (Evento == "Logistica"): null

2020-02-06 09:00:21 - [TEST_STEP][PASSED] - else if (Evento == "Produccion"): Object: 'Object Repository/Page_Iniciar Sesion - KAIZEN/is_btn_ingresar_sistema' is clicked on

2020-02-06 09:00:21 - [TEST_STEP][PASSED] - data4 = obtener_excels.obtener_produccion_20pies.getValuesExcelProduction(Index): obtener_excels.obtener_produccion_20pies.getValuesExcelProduction is PASSED

2020-02-06 09:00:22 - [MESSAGE][PASSED] - obtener_excels.obtener_produccion_20pies.getValuesExcelProduction is PASSED

2020-02-06 09:00:22 - [TEST_STEP][PASSED] - Usuario = data4[1]: null

2020-02-06 09:00:22 - [TEST_STEP][PASSED] - Contrasena = data4[2]: null

2020-02-06 09:00:22 - [TEST_STEP][PASSED] - setText(findTestObject("Page_Iniciar Sesion - KAIZEN/is_input_email"), Usuario): Text 'automated.test@grupokaizen.net' is set on object 'Object Repository/Page_Iniciar Sesion - KAIZEN/is_input_email'

2020-02-06 09:00:22 - [MESSAGE][PASSED] - Text 'automated.test@grupokaizen.net' is set on object 'Object Repository/Page_Iniciar Sesion - KAIZEN/is_input_email'

2020-02-06 09:00:22 - [TEST_STEP][PASSED] - setEncryptedText(findTestObject("Page_Iniciar Sesion - KAIZEN/IS_input_contrasena"), Contrasena): Text ****** has been set on object 'Object Repository/Page_Iniciar Sesion - KAIZEN/IS_input_contrasena'

2020-02-06 09:00:23 - [MESSAGE][PASSED] - Text ****** has been set on object 'Object Repository/Page_Iniciar Sesion - KAIZEN/IS_input_contrasena'

2020-02-06 09:00:23 - [TEST_STEP][PASSED] - click(findTestObject("Page_Iniciar Sesion - KAIZEN/is_btn_ingresar_sistema")): Object: 'Object Repository/Page_Iniciar Sesion - KAIZEN/is_btn_ingresar_sistema' is clicked on

2020-02-06 09:00:25 - [MESSAGE][PASSED] - Object: 'Object Repository/Page_Iniciar Sesion - KAIZEN/is_btn_ingresar_sistema' is clicked on

2020-02-06 09:00:25 - [MESSAGE][PASSED] - Call Test Case 'Test Cases/Individual_Tests_20pies/Login' successfully

2020-02-06 09:00:25 - [TEST_STEP][PASSED] - callTestCase(findTestCase("Individual_Tests_20pies/Seleccionar_Idioma"), ["Evento":"Produccion", "Index":Index, "Idioma":Idioma], STOP_ON_FAILURE): Call Test Case 'Test Cases/Individual_Tests_20pies/Seleccionar_Idioma' successfully

2020-02-06 09:00:25 - [TEST_CASE][PASSED] - Test Cases/Individual_Tests_20pies/Seleccionar_Idioma: Test Cases/Individual_Tests_20pies/Seleccionar_Idioma

2020-02-06 09:00:26 - [TEST_STEP][PASSED] - if (Evento == "Crear"): null

2020-02-06 09:00:26 - [TEST_STEP][PASSED] - else if (Evento == "Aprobar"): null

2020-02-06 09:00:26 - [TEST_STEP][PASSED] - else if (Evento == "Logistica"): null

2020-02-06 09:00:26 - [TEST_STEP][PASSED] - else if (Evento == "Produccion"): null

2020-02-06 09:00:26 - [TEST_STEP][PASSED] - data4 = obtener_excels.obtener_produccion_20pies.getValuesExcelProduction(Index): obtener_excels.obtener_produccion_20pies.getValuesExcelProduction is PASSED

2020-02-06 09:00:26 - [MESSAGE][PASSED] - obtener_excels.obtener_produccion_20pies.getValuesExcelProduction is PASSED

2020-02-06 09:00:26 - [TEST_STEP][PASSED] - Idioma = data4[0]: null

2020-02-06 09:00:26 - [TEST_STEP][PASSED] - click(findTestObject("Page_- KAIZEN/si_btn_idioma")): Object: 'Object Repository/Page_- KAIZEN/si_btn_idioma' is clicked on

2020-02-06 09:00:26 - [MESSAGE][PASSED] - Object: 'Object Repository/Page_- KAIZEN/si_btn_idioma' is clicked on

2020-02-06 09:00:26 - [TEST_STEP][PASSED] - if (Idioma == "0"): null

2020-02-06 09:00:26 - [TEST_STEP][PASSED] - else: Object: 'Object Repository/Page_- KAIZEN/si_Spanish' is clicked on

2020-02-06 09:00:26 - [TEST_STEP][PASSED] - click(findTestObject("Page_- KAIZEN/si_Spanish")): Object: 'Object Repository/Page_- KAIZEN/si_Spanish' is clicked on

2020-02-06 09:00:28 - [MESSAGE][PASSED] - Object: 'Object Repository/Page_- KAIZEN/si_Spanish' is clicked on

2020-02-06 09:00:28 - [MESSAGE][PASSED] - Call Test Case 'Test Cases/Individual_Tests_20pies/Seleccionar_Idioma' successfully

2020-02-06 09:00:28 - [TEST_STEP][PASSED] - callTestCase(findTestCase("Individual_Tests_20pies/Orden_Produccion"), ["Index":Index, "IDPedido":IDPedido], STOP_ON_FAILURE): Call Test Case 'Test Cases/Individual_Tests_20pies/Orden_Produccion' successfully

2020-02-06 09:00:28 - [TEST_CASE][PASSED] - Test Cases/Individual_Tests_20pies/Orden_Produccion: Test Cases/Individual_Tests_20pies/Orden_Produccion

2020-02-06 09:00:28 - [TEST_STEP][PASSED] - data = obtener_excels.obtener_produccion_20pies.getValuesExcelProduction(Index): obtener_excels.obtener_produccion_20pies.getValuesExcelProduction is PASSED

2020-02-06 09:00:28 - [MESSAGE][PASSED] - obtener_excels.obtener_produccion_20pies.getValuesExcelProduction is PASSED

2020-02-06 09:00:28 - [TEST_STEP][PASSED] - IdPedido = data[3]: null

2020-02-06 09:00:28 - [TEST_STEP][PASSED] - IDPedido = IdPedido: null

2020-02-06 09:00:28 - [TEST_STEP][PASSED] - click(findTestObject("Object Repository/Page_- KAIZEN/op_menu_Operaciones")): Object: 'Object Repository/Page_- KAIZEN/op_menu_Operaciones' is clicked on

2020-02-06 09:00:29 - [MESSAGE][PASSED] - Object: 'Object Repository/Page_- KAIZEN/op_menu_Operaciones' is clicked on

2020-02-06 09:00:29 - [TEST_STEP][PASSED] - click(findTestObject("Object Repository/Page_- KAIZEN/op_click_Orden de Produccin")): Object: 'Object Repository/Page_- KAIZEN/op_click_Orden de Produccin' is clicked on

2020-02-06 09:00:30 - [MESSAGE][PASSED] - Object: 'Object Repository/Page_- KAIZEN/op_click_Orden de Produccin' is clicked on

2020-02-06 09:00:30 - [TEST_STEP][PASSED] - click(findTestObject("Object Repository/Page_Index - KAIZEN/op_buscador_Produccion")): Object: 'Object Repository/Page_Index - KAIZEN/op_buscador_Produccion' is clicked on

2020-02-06 09:00:31 - [MESSAGE][PASSED] - Object: 'Object Repository/Page_Index - KAIZEN/op_buscador_Produccion' is clicked on

2020-02-06 09:00:31 - [TEST_STEP][PASSED] - click(findTestObject("Object Repository/Page_Index - KAIZEN/opp_buscar_orden")): Object: 'Object Repository/Page_Index - KAIZEN/opp_buscar_orden' is clicked on

2020-02-06 09:00:32 - [MESSAGE][PASSED] - Object: 'Object Repository/Page_Index - KAIZEN/opp_buscar_orden' is clicked on

2020-02-06 09:00:32 - [TEST_STEP][PASSED] - setText(findTestObject("Object Repository/Page_Index - KAIZEN/opp_escribir_orden"), IDPedido): Text '163' is set on object 'Object Repository/Page_Index - KAIZEN/opp_escribir_orden'

2020-02-06 09:00:32 - [MESSAGE][PASSED] - Text '163' is set on object 'Object Repository/Page_Index - KAIZEN/opp_escribir_orden'

2020-02-06 09:00:32 - [TEST_STEP][PASSED] - sendKeys(findTestObject("Object Repository/Page_Index - KAIZEN/opp_escribir_orden"), Keys.chord(ENTER)): Keys 'ENTER + ' sent to object: 'Object Repository/Page_Index - KAIZEN/opp_escribir_orden'

2020-02-06 09:00:33 - [MESSAGE][PASSED] - Keys 'ENTER + ' sent to object: 'Object Repository/Page_Index - KAIZEN/opp_escribir_orden'

2020-02-06 09:00:33 - [TEST_STEP][PASSED] - click(findTestObject("Object Repository/Page_Index - KAIZEN/op_btn_Buscar")): Object: 'Object Repository/Page_Index - KAIZEN/op_btn_Buscar' is clicked on

2020-02-06 09:00:34 - [MESSAGE][PASSED] - Object: 'Object Repository/Page_Index - KAIZEN/op_btn_Buscar' is clicked on

2020-02-06 09:00:34 - [TEST_STEP][PASSED] - click(findTestObject("Object Repository/Page_Index - KAIZEN/op_click_selecione_pedido")): Object: 'Object Repository/Page_Index - KAIZEN/op_click_selecione_pedido' is clicked on

2020-02-06 09:00:36 - [MESSAGE][PASSED] - Object: 'Object Repository/Page_Index - KAIZEN/op_click_selecione_pedido' is clicked on

2020-02-06 09:00:36 - [TEST_STEP][PASSED] - click(findTestObject("Object Repository/Page_- KAIZEN/op_Iniciar Produccin")): Object: 'Object Repository/Page_- KAIZEN/op_Iniciar Produccin' is clicked on

2020-02-06 09:00:38 - [MESSAGE][PASSED] - Object: 'Object Repository/Page_- KAIZEN/op_Iniciar Produccin' is clicked on

2020-02-06 09:00:38 - [TEST_STEP][PASSED] - click(findTestObject("Object Repository/Page_Index - KAIZEN/op_buscador_Produccion")): Object: 'Object Repository/Page_Index - KAIZEN/op_buscador_Produccion' is clicked on

2020-02-06 09:00:40 - [MESSAGE][PASSED] - Object: 'Object Repository/Page_Index - KAIZEN/op_buscador_Produccion' is clicked on

2020-02-06 09:00:40 - [TEST_STEP][PASSED] - click(findTestObject("Object Repository/Page_Index - KAIZEN/opp_buscar_orden")): Object: 'Object Repository/Page_Index - KAIZEN/opp_buscar_orden' is clicked on

2020-02-06 09:00:40 - [MESSAGE][PASSED] - Object: 'Object Repository/Page_Index - KAIZEN/opp_buscar_orden' is clicked on

2020-02-06 09:00:40 - [TEST_STEP][PASSED] - setText(findTestObject("Object Repository/Page_Index - KAIZEN/opp_escribir_orden"), IDPedido): Text '163' is set on object 'Object Repository/Page_Index - KAIZEN/opp_escribir_orden'

2020-02-06 09:00:41 - [MESSAGE][PASSED] - Text '163' is set on object 'Object Repository/Page_Index - KAIZEN/opp_escribir_orden'

2020-02-06 09:00:41 - [TEST_STEP][PASSED] - sendKeys(findTestObject("Object Repository/Page_Index - KAIZEN/opp_escribir_orden"), Keys.chord(ENTER)): Keys 'ENTER + ' sent to object: 'Object Repository/Page_Index - KAIZEN/opp_escribir_orden'

2020-02-06 09:00:41 - [MESSAGE][PASSED] - Keys 'ENTER + ' sent to object: 'Object Repository/Page_Index - KAIZEN/opp_escribir_orden'

2020-02-06 09:00:41 - [TEST_STEP][PASSED] - click(findTestObject("Object Repository/Page_Index - KAIZEN/op_btn_Buscar")): Object: 'Object Repository/Page_Index - KAIZEN/op_btn_Buscar' is clicked on

2020-02-06 09:00:43 - [MESSAGE][PASSED] - Object: 'Object Repository/Page_Index - KAIZEN/op_btn_Buscar' is clicked on

2020-02-06 09:00:43 - [TEST_STEP][PASSED] - click(findTestObject("Object Repository/Page_Index - KAIZEN/op_click_FInalizar_produccion")): Object: 'Object Repository/Page_Index - KAIZEN/op_click_FInalizar_produccion' is clicked on

2020-02-06 09:00:45 - [MESSAGE][PASSED] - Object: 'Object Repository/Page_Index - KAIZEN/op_click_FInalizar_produccion' is clicked on

2020-02-06 09:00:45 - [TEST_STEP][PASSED] - click(findTestObject("Object Repository/Page_- KAIZEN/op_Finalizar Produccin")): Object: 'Object Repository/Page_- KAIZEN/op_Finalizar Produccin' is clicked on

2020-02-06 09:00:47 - [MESSAGE][PASSED] - Object: 'Object Repository/Page_- KAIZEN/op_Finalizar Produccin' is clicked on

2020-02-06 09:00:47 - [MESSAGE][PASSED] - Call Test Case 'Test Cases/Individual_Tests_20pies/Orden_Produccion' successfully

2020-02-06 09:00:47 - [TEST_STEP][PASSED] - callTestCase(findTestCase("Individual_Tests_20pies/Login"), ["Evento":"Produccion", "Index":Index, "Usuario":Usuario, "Contrasena":Contrasena], STOP_ON_FAILURE): Call Test Case 'Test Cases/Individual_Tests_20pies/Login' successfully

2020-02-06 09:00:47 - [TEST_CASE][PASSED] - Test Cases/Individual_Tests_20pies/Login: Test Cases/Individual_Tests_20pies/Login

2020-02-06 09:00:47 - [TEST_STEP][PASSED] - print(Evento + "
"): null

2020-02-06 09:00:47 - [TEST_STEP][PASSED] - openBrowser("http://test.kaizendev.net/Login/Accesar?salir=true"): Browser is opened with url: 'http://test.kaizendev.net/Login/Accesar?salir=true'

2020-02-06 09:00:47 - [MESSAGE][WARNING] - A browser is already opened. Closing browser and opening a new one

2020-02-06 09:00:48 - [MESSAGE][INFO] - Starting 'Chrome' driver

2020-02-06 09:01:01 - [MESSAGE][PASSED] - Browser is opened with url: 'http://test.kaizendev.net/Login/Accesar?salir=true'

2020-02-06 09:01:01 - [TEST_STEP][PASSED] - maximizeWindow(): Current window maximized

2020-02-06 09:01:02 - [MESSAGE][PASSED] - Current window maximized

2020-02-06 09:01:02 - [TEST_STEP][PASSED] - if (Evento == "Crear"): null

2020-02-06 09:01:02 - [TEST_STEP][PASSED] - else if (Evento == "Aprobar"): null

2020-02-06 09:01:02 - [TEST_STEP][PASSED] - else if (Evento == "Logistica"): null

2020-02-06 09:01:02 - [TEST_STEP][PASSED] - else if (Evento == "Produccion"): Object: 'Object Repository/Page_Iniciar Sesion - KAIZEN/is_btn_ingresar_sistema' is clicked on

2020-02-06 09:01:02 - [TEST_STEP][PASSED] - data4 = obtener_excels.obtener_produccion_20pies.getValuesExcelProduction(Index): obtener_excels.obtener_produccion_20pies.getValuesExcelProduction is PASSED

2020-02-06 09:01:02 - [MESSAGE][PASSED] - obtener_excels.obtener_produccion_20pies.getValuesExcelProduction is PASSED

2020-02-06 09:01:02 - [TEST_STEP][PASSED] - Usuario = data4[1]: null

2020-02-06 09:01:02 - [TEST_STEP][PASSED] - Contrasena = data4[2]: null

2020-02-06 09:01:02 - [TEST_STEP][PASSED] - setText(findTestObject("Page_Iniciar Sesion - KAIZEN/is_input_email"), Usuario): Text 'automated.test@grupokaizen.net' is set on object 'Object Repository/Page_Iniciar Sesion - KAIZEN/is_input_email'

2020-02-06 09:01:03 - [MESSAGE][PASSED] - Text 'automated.test@grupokaizen.net' is set on object 'Object Repository/Page_Iniciar Sesion - KAIZEN/is_input_email'

2020-02-06 09:01:03 - [TEST_STEP][PASSED] - setEncryptedText(findTestObject("Page_Iniciar Sesion - KAIZEN/IS_input_contrasena"), Contrasena): Text ****** has been set on object 'Object Repository/Page_Iniciar Sesion - KAIZEN/IS_input_contrasena'

2020-02-06 09:01:04 - [MESSAGE][PASSED] - Text ****** has been set on object 'Object Repository/Page_Iniciar Sesion - KAIZEN/IS_input_contrasena'

2020-02-06 09:01:04 - [TEST_STEP][PASSED] - click(findTestObject("Page_Iniciar Sesion - KAIZEN/is_btn_ingresar_sistema")): Object: 'Object Repository/Page_Iniciar Sesion - KAIZEN/is_btn_ingresar_sistema' is clicked on

2020-02-06 09:01:05 - [MESSAGE][PASSED] - Object: 'Object Repository/Page_Iniciar Sesion - KAIZEN/is_btn_ingresar_sistema' is clicked on

2020-02-06 09:01:05 - [MESSAGE][PASSED] - Call Test Case 'Test Cases/Individual_Tests_20pies/Login' successfully

2020-02-06 09:01:05 - [TEST_STEP][PASSED] - callTestCase(findTestCase("Individual_Tests_20pies/Seleccionar_Idioma"), ["Evento":"Produccion", "Index":Index, "Idioma":Idioma], STOP_ON_FAILURE): Call Test Case 'Test Cases/Individual_Tests_20pies/Seleccionar_Idioma' successfully

2020-02-06 09:01:05 - [TEST_CASE][PASSED] - Test Cases/Individual_Tests_20pies/Seleccionar_Idioma: Test Cases/Individual_Tests_20pies/Seleccionar_Idioma

2020-02-06 09:01:05 - [TEST_STEP][PASSED] - if (Evento == "Crear"): null

2020-02-06 09:01:05 - [TEST_STEP][PASSED] - else if (Evento == "Aprobar"): null

2020-02-06 09:01:05 - [TEST_STEP][PASSED] - else if (Evento == "Logistica"): null

2020-02-06 09:01:05 - [TEST_STEP][PASSED] - else if (Evento == "Produccion"): null

2020-02-06 09:01:05 - [TEST_STEP][PASSED] - data4 = obtener_excels.obtener_produccion_20pies.getValuesExcelProduction(Index): obtener_excels.obtener_produccion_20pies.getValuesExcelProduction is PASSED

2020-02-06 09:01:05 - [MESSAGE][PASSED] - obtener_excels.obtener_produccion_20pies.getValuesExcelProduction is PASSED

2020-02-06 09:01:05 - [TEST_STEP][PASSED] - Idioma = data4[0]: null

2020-02-06 09:01:05 - [TEST_STEP][PASSED] - click(findTestObject("Page_- KAIZEN/si_btn_idioma")): Object: 'Object Repository/Page_- KAIZEN/si_btn_idioma' is clicked on

2020-02-06 09:01:06 - [MESSAGE][PASSED] - Object: 'Object Repository/Page_- KAIZEN/si_btn_idioma' is clicked on

2020-02-06 09:01:06 - [TEST_STEP][PASSED] - if (Idioma == "0"): null

2020-02-06 09:01:06 - [TEST_STEP][PASSED] - else: Object: 'Object Repository/Page_- KAIZEN/si_Spanish' is clicked on

2020-02-06 09:01:06 - [TEST_STEP][PASSED] - click(findTestObject("Page_- KAIZEN/si_Spanish")): Object: 'Object Repository/Page_- KAIZEN/si_Spanish' is clicked on

2020-02-06 09:01:07 - [MESSAGE][PASSED] - Object: 'Object Repository/Page_- KAIZEN/si_Spanish' is clicked on

2020-02-06 09:01:07 - [MESSAGE][PASSED] - Call Test Case 'Test Cases/Individual_Tests_20pies/Seleccionar_Idioma' successfully

2020-02-06 09:01:07 - [TEST_STEP][PASSED] - callTestCase(findTestCase("Individual_Tests_20pies/Orden_Produccion"), ["Index":Index, "IDPedido":IDPedido], STOP_ON_FAILURE): Call Test Case 'Test Cases/Individual_Tests_20pies/Orden_Produccion' successfully

2020-02-06 09:01:07 - [TEST_CASE][PASSED] - Test Cases/Individual_Tests_20pies/Orden_Produccion: Test Cases/Individual_Tests_20pies/Orden_Produccion

2020-02-06 09:01:07 - [TEST_STEP][PASSED] - data = obtener_excels.obtener_produccion_20pies.getValuesExcelProduction(Index): obtener_excels.obtener_produccion_20pies.getValuesExcelProduction is PASSED

2020-02-06 09:01:07 - [MESSAGE][PASSED] - obtener_excels.obtener_produccion_20pies.getValuesExcelProduction is PASSED

2020-02-06 09:01:07 - [TEST_STEP][PASSED] - IdPedido = data[3]: null

2020-02-06 09:01:07 - [TEST_STEP][PASSED] - IDPedido = IdPedido: null

2020-02-06 09:01:07 - [TEST_STEP][PASSED] - click(findTestObject("Object Repository/Page_- KAIZEN/op_menu_Operaciones")): Object: 'Object Repository/Page_- KAIZEN/op_menu_Operaciones' is clicked on

2020-02-06 09:01:08 - [MESSAGE][PASSED] - Object: 'Object Repository/Page_- KAIZEN/op_menu_Operaciones' is clicked on

2020-02-06 09:01:08 - [TEST_STEP][PASSED] - click(findTestObject("Object Repository/Page_- KAIZEN/op_click_Orden de Produccin")): Object: 'Object Repository/Page_- KAIZEN/op_click_Orden de Produccin' is clicked on

2020-02-06 09:01:09 - [MESSAGE][PASSED] - Object: 'Object Repository/Page_- KAIZEN/op_click_Orden de Produccin' is clicked on

2020-02-06 09:01:09 - [TEST_STEP][PASSED] - click(findTestObject("Object Repository/Page_Index - KAIZEN/op_buscador_Produccion")): Object: 'Object Repository/Page_Index - KAIZEN/op_buscador_Produccion' is clicked on

2020-02-06 09:01:11 - [MESSAGE][PASSED] - Object: 'Object Repository/Page_Index - KAIZEN/op_buscador_Produccion' is clicked on

2020-02-06 09:01:11 - [TEST_STEP][PASSED] - click(findTestObject("Object Repository/Page_Index - KAIZEN/opp_buscar_orden")): Object: 'Object Repository/Page_Index - KAIZEN/opp_buscar_orden' is clicked on

2020-02-06 09:01:11 - [MESSAGE][PASSED] - Object: 'Object Repository/Page_Index - KAIZEN/opp_buscar_orden' is clicked on

2020-02-06 09:01:11 - [TEST_STEP][PASSED] - setText(findTestObject("Object Repository/Page_Index - KAIZEN/opp_escribir_orden"), IDPedido): Text '166' is set on object 'Object Repository/Page_Index - KAIZEN/opp_escribir_orden'

2020-02-06 09:01:12 - [MESSAGE][PASSED] - Text '166' is set on object 'Object Repository/Page_Index - KAIZEN/opp_escribir_orden'

2020-02-06 09:01:12 - [TEST_STEP][PASSED] - sendKeys(findTestObject("Object Repository/Page_Index - KAIZEN/opp_escribir_orden"), Keys.chord(ENTER)): Keys 'ENTER + ' sent to object: 'Object Repository/Page_Index - KAIZEN/opp_escribir_orden'

2020-02-06 09:01:12 - [MESSAGE][PASSED] - Keys 'ENTER + ' sent to object: 'Object Repository/Page_Index - KAIZEN/opp_escribir_orden'

2020-02-06 09:01:12 - [TEST_STEP][PASSED] - click(findTestObject("Object Repository/Page_Index - KAIZEN/op_btn_Buscar")): Object: 'Object Repository/Page_Index - KAIZEN/op_btn_Buscar' is clicked on

2020-02-06 09:01:14 - [MESSAGE][PASSED] - Object: 'Object Repository/Page_Index - KAIZEN/op_btn_Buscar' is clicked on

2020-02-06 09:01:14 - [TEST_STEP][PASSED] - click(findTestObject("Object Repository/Page_Index - KAIZEN/op_click_selecione_pedido")): Object: 'Object Repository/Page_Index - KAIZEN/op_click_selecione_pedido' is clicked on

2020-02-06 09:01:15 - [MESSAGE][PASSED] - Object: 'Object Repository/Page_Index - KAIZEN/op_click_selecione_pedido' is clicked on

2020-02-06 09:01:15 - [TEST_STEP][PASSED] - click(findTestObject("Object Repository/Page_- KAIZEN/op_Iniciar Produccin")): Object: 'Object Repository/Page_- KAIZEN/op_Iniciar Produccin' is clicked on

2020-02-06 09:01:17 - [MESSAGE][PASSED] - Object: 'Object Repository/Page_- KAIZEN/op_Iniciar Produccin' is clicked on

2020-02-06 09:01:17 - [TEST_STEP][PASSED] - click(findTestObject("Object Repository/Page_Index - KAIZEN/op_buscador_Produccion")): Object: 'Object Repository/Page_Index - KAIZEN/op_buscador_Produccion' is clicked on

2020-02-06 09:01:18 - [MESSAGE][PASSED] - Object: 'Object Repository/Page_Index - KAIZEN/op_buscador_Produccion' is clicked on

2020-02-06 09:01:18 - [TEST_STEP][PASSED] - click(findTestObject("Object Repository/Page_Index - KAIZEN/opp_buscar_orden")): Object: 'Object Repository/Page_Index - KAIZEN/opp_buscar_orden' is clicked on

2020-02-06 09:01:19 - [MESSAGE][PASSED] - Object: 'Object Repository/Page_Index - KAIZEN/opp_buscar_orden' is clicked on

2020-02-06 09:01:19 - [TEST_STEP][PASSED] - setText(findTestObject("Object Repository/Page_Index - KAIZEN/opp_escribir_orden"), IDPedido): Text '166' is set on object 'Object Repository/Page_Index - KAIZEN/opp_escribir_orden'

2020-02-06 09:01:20 - [MESSAGE][PASSED] - Text '166' is set on object 'Object Repository/Page_Index - KAIZEN/opp_escribir_orden'

2020-02-06 09:01:20 - [TEST_STEP][PASSED] - sendKeys(findTestObject("Object Repository/Page_Index - KAIZEN/opp_escribir_orden"), Keys.chord(ENTER)): Keys 'ENTER + ' sent to object: 'Object Repository/Page_Index - KAIZEN/opp_escribir_orden'

2020-02-06 09:01:20 - [MESSAGE][PASSED] - Keys 'ENTER + ' sent to object: 'Object Repository/Page_Index - KAIZEN/opp_escribir_orden'

2020-02-06 09:01:20 - [TEST_STEP][PASSED] - click(findTestObject("Object Repository/Page_Index - KAIZEN/op_btn_Buscar")): Object: 'Object Repository/Page_Index - KAIZEN/op_btn_Buscar' is clicked on

2020-02-06 09:01:21 - [MESSAGE][PASSED] - Object: 'Object Repository/Page_Index - KAIZEN/op_btn_Buscar' is clicked on

2020-02-06 09:01:21 - [TEST_STEP][PASSED] - click(findTestObject("Object Repository/Page_Index - KAIZEN/op_click_FInalizar_produccion")): Object: 'Object Repository/Page_Index - KAIZEN/op_click_FInalizar_produccion' is clicked on

2020-02-06 09:01:23 - [MESSAGE][PASSED] - Object: 'Object Repository/Page_Index - KAIZEN/op_click_FInalizar_produccion' is clicked on

2020-02-06 09:01:23 - [TEST_STEP][PASSED] - click(findTestObject("Object Repository/Page_- KAIZEN/op_Finalizar Produccin")): Object: 'Object Repository/Page_- KAIZEN/op_Finalizar Produccin' is clicked on

2020-02-06 09:01:25 - [MESSAGE][PASSED] - Object: 'Object Repository/Page_- KAIZEN/op_Finalizar Produccin' is clicked on

2020-02-06 09:01:25 - [MESSAGE][PASSED] - Call Test Case 'Test Cases/Individual_Tests_20pies/Orden_Produccion' successfully]]></system-out>
         <system-err><![CDATA[]]></system-err>
      </testcase>
      <system-out><![CDATA[2020-02-06 08:59:58 - [TEST_SUITE][PASSED] - 4-GenerarProduccion_20pies_TestSuites: Test Cases/Secuencias de Ejecucion/TC_Orden_Produccion_20pies]]></system-out>
      <system-err><![CDATA[]]></system-err>
   </testsuite>
</testsuites>
