<?xml version="1.0" encoding="UTF-8"?>
<testsuites name="2-Aprobaciones_20_TestSuites" time="904.369" tests="4" failures="0" errors="0">
   <testsuite name="2-Aprobaciones_20_TestSuites" tests="4" failures="0" errors="0" time="904.369" timestamp="2020-02-07 10:56:40" hostname="kaizen - LAPTOP-K43U1BVQ" id="Test Suites/Flujo_funcionalidades_Pedidos_20pies/2-Aprobaciones_20_TestSuites">
      <properties>
         <property name="deviceName" value=""/>
         <property name="devicePlatform" value=""/>
         <property name="logFolder" value="C:\\Users\\kaizen\\git\\AutomatizacionKatalon\\Reports\\20200207_105507\\Flujo_funcionalidades_Pedidos_20pies\\2-Aprobaciones_20_TestSuites\\20200207_105508"/>
         <property name="logFiles" value="C:\\Users\\kaizen\\git\\AutomatizacionKatalon\\Reports\\20200207_105507\\Flujo_funcionalidades_Pedidos_20pies\\2-Aprobaciones_20_TestSuites\\20200207_105508\\execution0.log"/>
         <property name="attachments" value=""/>
         <property name="hostName" value="kaizen - LAPTOP-K43U1BVQ"/>
         <property name="os" value="Windows 10 64bit"/>
         <property name="katalonVersion" value="7.2.1.1"/>
         <property name="browser" value="Chrome 80.0.3987.87"/>
         <property name="hostAddress" value="192.168.99.1"/>
         <property name="sessionId" value="d3985dc66657358c7ea187813b73c624"/>
         <property name="seleniumVersion" value="3.141.59"/>
         <property name="proxyInformation" value="ProxyInformation{proxyOption=NO_PROXY, proxyServerType=HTTP, password=, proxyServerAddress=, proxyServerPort=0, executionList=}"/>
         <property name="platform" value="Windows 10"/>
      </properties>
      <testcase name="Test Cases/Secuencias de Ejecucion/TC_Generar_Aprobaciones_20pies" time="5.425" classname="Test Cases/Secuencias de Ejecucion/TC_Generar_Aprobaciones_20pies" status="PASSED">
         <system-out><![CDATA[2020-02-07 10:56:40 - [TEST_CASE][PASSED] - Test Cases/Secuencias de Ejecucion/TC_Generar_Aprobaciones_20pies: Test Cases/Secuencias de Ejecucion/TC_Generar_Aprobaciones_20pies

2020-02-07 10:56:41 - [TEST_STEP][PASSED] - python.Ex_aprobar_pedido_20pies.runPython(): python.Ex_aprobar_pedido_20pies.runPython is PASSED

2020-02-07 10:56:46 - [MESSAGE][PASSED] - python.Ex_aprobar_pedido_20pies.runPython is PASSED]]></system-out>
         <system-err><![CDATA[]]></system-err>
      </testcase>
      <testcase name="Test Cases/Secuencias de Ejecucion/TC_Aprobar_Ventas_20pies" time="292.132" classname="Test Cases/Secuencias de Ejecucion/TC_Aprobar_Ventas_20pies" status="PASSED">
         <system-out><![CDATA[2020-02-07 10:56:46 - [TEST_CASE][PASSED] - Test Cases/Secuencias de Ejecucion/TC_Aprobar_Ventas_20pies: Test Cases/Secuencias de Ejecucion/TC_Aprobar_Ventas_20pies

2020-02-07 10:56:46 - [TEST_STEP][PASSED] - archivo = $RunConfiguration.getProjectDir()/Pedidos/DataExcel/AprobacionesPedidos_20pies.xlsx: null

2020-02-07 10:56:46 - [TEST_STEP][PASSED] - excelData = getExcelDataWithDefaultSheet(archivo, "Sheet1", true): null

2020-02-07 10:56:47 - [TEST_STEP][PASSED] - for ([Index = 1, Index <= excelData.getRowNumbers(), (Index++)]): Call Test Case 'Test Cases/Individual_Tests_20pies/Aprobacion_Ventas' successfully

2020-02-07 10:56:47 - [TEST_STEP][PASSED] - callTestCase(findTestCase("Individual_Tests_20pies/Login"), ["Evento":"Aprobar", "Index":Index, "Usuario":Usuario, "Contrasena":Contrasena], STOP_ON_FAILURE): Call Test Case 'Test Cases/Individual_Tests_20pies/Login' successfully

2020-02-07 10:56:47 - [TEST_CASE][PASSED] - Test Cases/Individual_Tests_20pies/Login: Test Cases/Individual_Tests_20pies/Login

2020-02-07 10:56:47 - [TEST_STEP][PASSED] - print("Evento Seleccionado: " + Evento + "
"): null

2020-02-07 10:56:48 - [TEST_STEP][PASSED] - openBrowser(Web): Browser is opened with url: 'http://test.kaizendev.net/Login/Accesar?salir=true'

2020-02-07 10:56:48 - [MESSAGE][INFO] - Starting 'Chrome' driver

2020-02-07 10:56:48 - [MESSAGE][INFO] - Action delay is set to 0 seconds

2020-02-07 10:56:59 - [MESSAGE][PASSED] - Browser is opened with url: 'http://test.kaizendev.net/Login/Accesar?salir=true'

2020-02-07 10:56:59 - [TEST_STEP][PASSED] - maximizeWindow(): Current window maximized

2020-02-07 10:57:00 - [MESSAGE][PASSED] - Current window maximized

2020-02-07 10:57:00 - [TEST_STEP][PASSED] - if (Evento == "Crear"): null

2020-02-07 10:57:00 - [TEST_STEP][PASSED] - else if (Evento == "Aprobar"): Object: 'Object Repository/Page_Iniciar Sesion - KAIZEN/is_btn_ingresar_sistema' is clicked on

2020-02-07 10:57:00 - [TEST_STEP][PASSED] - data2 = obtener_excels.obtener_aprobaciones_20pies.getValuesExcelAprob20(Index): obtener_excels.obtener_aprobaciones_20pies.getValuesExcelAprob20 is PASSED

2020-02-07 10:57:00 - [MESSAGE][PASSED] - obtener_excels.obtener_aprobaciones_20pies.getValuesExcelAprob20 is PASSED

2020-02-07 10:57:00 - [TEST_STEP][PASSED] - Usuario = data2[1]: null

2020-02-07 10:57:00 - [TEST_STEP][PASSED] - Contrasena = data2[2]: null

2020-02-07 10:57:00 - [TEST_STEP][PASSED] - setText(findTestObject("Page_Iniciar Sesion - KAIZEN/is_input_email"), Usuario): Text 'automated.test@grupokaizen.net' is set on object 'Object Repository/Page_Iniciar Sesion - KAIZEN/is_input_email'

2020-02-07 10:57:01 - [MESSAGE][PASSED] - Text 'automated.test@grupokaizen.net' is set on object 'Object Repository/Page_Iniciar Sesion - KAIZEN/is_input_email'

2020-02-07 10:57:01 - [TEST_STEP][PASSED] - setEncryptedText(findTestObject("Page_Iniciar Sesion - KAIZEN/IS_input_contrasena"), Contrasena): Text ****** has been set on object 'Object Repository/Page_Iniciar Sesion - KAIZEN/IS_input_contrasena'

2020-02-07 10:57:02 - [MESSAGE][PASSED] - Text ****** has been set on object 'Object Repository/Page_Iniciar Sesion - KAIZEN/IS_input_contrasena'

2020-02-07 10:57:02 - [TEST_STEP][PASSED] - click(findTestObject("Page_Iniciar Sesion - KAIZEN/is_btn_ingresar_sistema")): Object: 'Object Repository/Page_Iniciar Sesion - KAIZEN/is_btn_ingresar_sistema' is clicked on

2020-02-07 10:57:04 - [MESSAGE][PASSED] - Object: 'Object Repository/Page_Iniciar Sesion - KAIZEN/is_btn_ingresar_sistema' is clicked on

2020-02-07 10:57:04 - [MESSAGE][PASSED] - Call Test Case 'Test Cases/Individual_Tests_20pies/Login' successfully

2020-02-07 10:57:04 - [TEST_STEP][PASSED] - callTestCase(findTestCase("Individual_Tests_20pies/Seleccionar_Idioma"), ["Evento":"Aprobar", "Index":Index, "Idioma":Idioma], STOP_ON_FAILURE): Call Test Case 'Test Cases/Individual_Tests_20pies/Seleccionar_Idioma' successfully

2020-02-07 10:57:04 - [TEST_CASE][PASSED] - Test Cases/Individual_Tests_20pies/Seleccionar_Idioma: Test Cases/Individual_Tests_20pies/Seleccionar_Idioma

2020-02-07 10:57:04 - [TEST_STEP][PASSED] - if (Evento == "Crear"): null

2020-02-07 10:57:04 - [TEST_STEP][PASSED] - else if (Evento == "Aprobar"): null

2020-02-07 10:57:04 - [TEST_STEP][PASSED] - data2 = obtener_excels.obtener_aprobaciones_20pies.getValuesExcelAprob20(Index): obtener_excels.obtener_aprobaciones_20pies.getValuesExcelAprob20 is PASSED

2020-02-07 10:57:04 - [MESSAGE][PASSED] - obtener_excels.obtener_aprobaciones_20pies.getValuesExcelAprob20 is PASSED

2020-02-07 10:57:04 - [TEST_STEP][PASSED] - Idioma = data2[0]: null

2020-02-07 10:57:04 - [TEST_STEP][PASSED] - click(findTestObject("Page_- KAIZEN/si_btn_idioma")): Object: 'Object Repository/Page_- KAIZEN/si_btn_idioma' is clicked on

2020-02-07 10:57:05 - [MESSAGE][PASSED] - Object: 'Object Repository/Page_- KAIZEN/si_btn_idioma' is clicked on

2020-02-07 10:57:05 - [TEST_STEP][PASSED] - if (Idioma == "0"): null

2020-02-07 10:57:05 - [TEST_STEP][PASSED] - else: Object: 'Object Repository/Page_- KAIZEN/si_Spanish' is clicked on

2020-02-07 10:57:05 - [TEST_STEP][PASSED] - click(findTestObject("Page_- KAIZEN/si_Spanish")): Object: 'Object Repository/Page_- KAIZEN/si_Spanish' is clicked on

2020-02-07 10:57:06 - [MESSAGE][PASSED] - Object: 'Object Repository/Page_- KAIZEN/si_Spanish' is clicked on

2020-02-07 10:57:06 - [MESSAGE][PASSED] - Call Test Case 'Test Cases/Individual_Tests_20pies/Seleccionar_Idioma' successfully

2020-02-07 10:57:06 - [TEST_STEP][PASSED] - callTestCase(findTestCase("Individual_Tests_20pies/Aprobacion_Ventas"), ["Index":Index, "IDCliente":IDCliente, "IDPedido":IDPedido, "AprobacionVentas":AprobacionVentas], STOP_ON_FAILURE): Call Test Case 'Test Cases/Individual_Tests_20pies/Aprobacion_Ventas' successfully

2020-02-07 10:57:06 - [TEST_CASE][PASSED] - Test Cases/Individual_Tests_20pies/Aprobacion_Ventas: Test Cases/Individual_Tests_20pies/Aprobacion_Ventas

2020-02-07 10:57:07 - [TEST_STEP][PASSED] - data = obtener_excels.obtener_aprobaciones_20pies.getValuesExcelAprob20(Index): obtener_excels.obtener_aprobaciones_20pies.getValuesExcelAprob20 is PASSED

2020-02-07 10:57:07 - [MESSAGE][PASSED] - obtener_excels.obtener_aprobaciones_20pies.getValuesExcelAprob20 is PASSED

2020-02-07 10:57:07 - [TEST_STEP][PASSED] - IdPedido = data[3]: null

2020-02-07 10:57:07 - [TEST_STEP][PASSED] - Id_Cliente = data[4]: null

2020-02-07 10:57:07 - [TEST_STEP][PASSED] - AprobVentas = data[5]: null

2020-02-07 10:57:07 - [TEST_STEP][PASSED] - print(Id_Cliente + "
"): null

2020-02-07 10:57:07 - [TEST_STEP][PASSED] - print(AprobVentas + "
"): null

2020-02-07 10:57:07 - [TEST_STEP][PASSED] - IDPedido = IdPedido: null

2020-02-07 10:57:07 - [TEST_STEP][PASSED] - IDCliente = Id_Cliente: null

2020-02-07 10:57:07 - [TEST_STEP][PASSED] - AprobacionVentas = AprobVentas: null

2020-02-07 10:57:07 - [TEST_STEP][PASSED] - click(findTestObject("Page_- KAIZEN/av_btn_ventas")): Object: 'Object Repository/Page_- KAIZEN/av_btn_ventas' is clicked on

2020-02-07 10:57:07 - [MESSAGE][PASSED] - Object: 'Object Repository/Page_- KAIZEN/av_btn_ventas' is clicked on

2020-02-07 10:57:07 - [TEST_STEP][PASSED] - click(findTestObject("Page_- KAIZEN/av_btn_aprobacinventas")): Object: 'Object Repository/Page_- KAIZEN/av_btn_aprobacinventas' is clicked on

2020-02-07 10:57:09 - [MESSAGE][PASSED] - Object: 'Object Repository/Page_- KAIZEN/av_btn_aprobacinventas' is clicked on

2020-02-07 10:57:09 - [TEST_STEP][PASSED] - click(findTestObject("Page_Aprobacin de Ventas - KAIZEN/av_click_aprobacionventas")): Object: 'Object Repository/Page_Aprobacin de Ventas - KAIZEN/av_click_aprobacionventas' is clicked on

2020-02-07 10:57:09 - [MESSAGE][PASSED] - Object: 'Object Repository/Page_Aprobacin de Ventas - KAIZEN/av_click_aprobacionventas' is clicked on

2020-02-07 10:57:09 - [TEST_STEP][PASSED] - click(findTestObject("Page_Aprobacin de Ventas - KAIZEN/av_btn_seleccione_cliente")): Object: 'Object Repository/Page_Aprobacin de Ventas - KAIZEN/av_btn_seleccione_cliente' is clicked on

2020-02-07 10:57:10 - [MESSAGE][PASSED] - Object: 'Object Repository/Page_Aprobacin de Ventas - KAIZEN/av_btn_seleccione_cliente' is clicked on

2020-02-07 10:57:10 - [TEST_STEP][PASSED] - click(findTestObject("Page_Aprobacin de Ventas - KAIZEN/av_click_seleccione_cliente")): Object: 'Object Repository/Page_Aprobacin de Ventas - KAIZEN/av_click_seleccione_cliente' is clicked on

2020-02-07 10:57:10 - [MESSAGE][PASSED] - Object: 'Object Repository/Page_Aprobacin de Ventas - KAIZEN/av_click_seleccione_cliente' is clicked on

2020-02-07 10:57:10 - [TEST_STEP][PASSED] - selectOptionByValue(findTestObject("Page_Aprobacin de Ventas - KAIZEN/av_assing_seleccione_cliente"), IDCliente, true): All options with value '4' are selected in object 'Object Repository/Page_Aprobacin de Ventas - KAIZEN/av_assing_seleccione_cliente'  using regular expression

2020-02-07 10:57:12 - [MESSAGE][PASSED] - All options with value '4' are selected in object 'Object Repository/Page_Aprobacin de Ventas - KAIZEN/av_assing_seleccione_cliente'  using regular expression

2020-02-07 10:57:12 - [TEST_STEP][PASSED] - click(findTestObject("Page_Aprobacin de Ventas - KAIZEN/av_btn_Buscar")): Object: 'Object Repository/Page_Aprobacin de Ventas - KAIZEN/av_btn_Buscar' is clicked on

2020-02-07 10:57:13 - [MESSAGE][PASSED] - Object: 'Object Repository/Page_Aprobacin de Ventas - KAIZEN/av_btn_Buscar' is clicked on

2020-02-07 10:57:13 - [TEST_STEP][PASSED] - delay(5): Delayed 5 second(s)

2020-02-07 10:57:18 - [MESSAGE][PASSED] - Delayed 5 second(s)

2020-02-07 10:57:18 - [TEST_STEP][PASSED] - if (AprobacionVentas == "Aprobar"): Object: 'Object Repository/Page_Aprobacin de Ventas - KAIZEN/av_btn_aceptar' is clicked on

2020-02-07 10:57:18 - [TEST_STEP][PASSED] - variable = "btn_aprobar_" + IDPedido: null

2020-02-07 10:57:18 - [TEST_STEP][PASSED] - executeJavaScript(document.getElementById('$variable').click();, null): Execute JavaScript 'document.getElementById('btn_aprobar_190').click();' successfully

2020-02-07 10:57:18 - [MESSAGE][PASSED] - Execute JavaScript 'document.getElementById('btn_aprobar_190').click();' successfully

2020-02-07 10:57:18 - [TEST_STEP][PASSED] - click(findTestObject("Page_Aprobacin de Ventas - KAIZEN/av_btn_aceptar")): Object: 'Object Repository/Page_Aprobacin de Ventas - KAIZEN/av_btn_aceptar' is clicked on

2020-02-07 10:57:19 - [MESSAGE][PASSED] - Object: 'Object Repository/Page_Aprobacin de Ventas - KAIZEN/av_btn_aceptar' is clicked on

2020-02-07 10:57:19 - [TEST_STEP][PASSED] - delay(10): Delayed 10 second(s)

2020-02-07 10:57:29 - [MESSAGE][PASSED] - Delayed 10 second(s)

2020-02-07 10:57:29 - [MESSAGE][PASSED] - Call Test Case 'Test Cases/Individual_Tests_20pies/Aprobacion_Ventas' successfully

2020-02-07 10:57:29 - [TEST_STEP][PASSED] - callTestCase(findTestCase("Individual_Tests_20pies/Login"), ["Evento":"Aprobar", "Index":Index, "Usuario":Usuario, "Contrasena":Contrasena], STOP_ON_FAILURE): Call Test Case 'Test Cases/Individual_Tests_20pies/Login' successfully

2020-02-07 10:57:29 - [TEST_CASE][PASSED] - Test Cases/Individual_Tests_20pies/Login: Test Cases/Individual_Tests_20pies/Login

2020-02-07 10:57:29 - [TEST_STEP][PASSED] - print("Evento Seleccionado: " + Evento + "
"): null

2020-02-07 10:57:29 - [TEST_STEP][PASSED] - openBrowser(Web): Browser is opened with url: 'http://test.kaizendev.net/Login/Accesar?salir=true'

2020-02-07 10:57:29 - [MESSAGE][WARNING] - A browser is already opened. Closing browser and opening a new one

2020-02-07 10:57:30 - [MESSAGE][INFO] - Starting 'Chrome' driver

2020-02-07 10:57:41 - [MESSAGE][PASSED] - Browser is opened with url: 'http://test.kaizendev.net/Login/Accesar?salir=true'

2020-02-07 10:57:41 - [TEST_STEP][PASSED] - maximizeWindow(): Current window maximized

2020-02-07 10:57:42 - [MESSAGE][PASSED] - Current window maximized

2020-02-07 10:57:42 - [TEST_STEP][PASSED] - if (Evento == "Crear"): null

2020-02-07 10:57:42 - [TEST_STEP][PASSED] - else if (Evento == "Aprobar"): Object: 'Object Repository/Page_Iniciar Sesion - KAIZEN/is_btn_ingresar_sistema' is clicked on

2020-02-07 10:57:42 - [TEST_STEP][PASSED] - data2 = obtener_excels.obtener_aprobaciones_20pies.getValuesExcelAprob20(Index): obtener_excels.obtener_aprobaciones_20pies.getValuesExcelAprob20 is PASSED

2020-02-07 10:57:42 - [MESSAGE][PASSED] - obtener_excels.obtener_aprobaciones_20pies.getValuesExcelAprob20 is PASSED

2020-02-07 10:57:42 - [TEST_STEP][PASSED] - Usuario = data2[1]: null

2020-02-07 10:57:42 - [TEST_STEP][PASSED] - Contrasena = data2[2]: null

2020-02-07 10:57:42 - [TEST_STEP][PASSED] - setText(findTestObject("Page_Iniciar Sesion - KAIZEN/is_input_email"), Usuario): Text 'automated.test@grupokaizen.net' is set on object 'Object Repository/Page_Iniciar Sesion - KAIZEN/is_input_email'

2020-02-07 10:57:42 - [MESSAGE][PASSED] - Text 'automated.test@grupokaizen.net' is set on object 'Object Repository/Page_Iniciar Sesion - KAIZEN/is_input_email'

2020-02-07 10:57:42 - [TEST_STEP][PASSED] - setEncryptedText(findTestObject("Page_Iniciar Sesion - KAIZEN/IS_input_contrasena"), Contrasena): Text ****** has been set on object 'Object Repository/Page_Iniciar Sesion - KAIZEN/IS_input_contrasena'

2020-02-07 10:57:43 - [MESSAGE][PASSED] - Text ****** has been set on object 'Object Repository/Page_Iniciar Sesion - KAIZEN/IS_input_contrasena'

2020-02-07 10:57:43 - [TEST_STEP][PASSED] - click(findTestObject("Page_Iniciar Sesion - KAIZEN/is_btn_ingresar_sistema")): Object: 'Object Repository/Page_Iniciar Sesion - KAIZEN/is_btn_ingresar_sistema' is clicked on

2020-02-07 10:57:45 - [MESSAGE][PASSED] - Object: 'Object Repository/Page_Iniciar Sesion - KAIZEN/is_btn_ingresar_sistema' is clicked on

2020-02-07 10:57:45 - [MESSAGE][PASSED] - Call Test Case 'Test Cases/Individual_Tests_20pies/Login' successfully

2020-02-07 10:57:45 - [TEST_STEP][PASSED] - callTestCase(findTestCase("Individual_Tests_20pies/Seleccionar_Idioma"), ["Evento":"Aprobar", "Index":Index, "Idioma":Idioma], STOP_ON_FAILURE): Call Test Case 'Test Cases/Individual_Tests_20pies/Seleccionar_Idioma' successfully

2020-02-07 10:57:45 - [TEST_CASE][PASSED] - Test Cases/Individual_Tests_20pies/Seleccionar_Idioma: Test Cases/Individual_Tests_20pies/Seleccionar_Idioma

2020-02-07 10:57:45 - [TEST_STEP][PASSED] - if (Evento == "Crear"): null

2020-02-07 10:57:45 - [TEST_STEP][PASSED] - else if (Evento == "Aprobar"): null

2020-02-07 10:57:45 - [TEST_STEP][PASSED] - data2 = obtener_excels.obtener_aprobaciones_20pies.getValuesExcelAprob20(Index): obtener_excels.obtener_aprobaciones_20pies.getValuesExcelAprob20 is PASSED

2020-02-07 10:57:45 - [MESSAGE][PASSED] - obtener_excels.obtener_aprobaciones_20pies.getValuesExcelAprob20 is PASSED

2020-02-07 10:57:45 - [TEST_STEP][PASSED] - Idioma = data2[0]: null

2020-02-07 10:57:45 - [TEST_STEP][PASSED] - click(findTestObject("Page_- KAIZEN/si_btn_idioma")): Object: 'Object Repository/Page_- KAIZEN/si_btn_idioma' is clicked on

2020-02-07 10:57:46 - [MESSAGE][PASSED] - Object: 'Object Repository/Page_- KAIZEN/si_btn_idioma' is clicked on

2020-02-07 10:57:46 - [TEST_STEP][PASSED] - if (Idioma == "0"): null

2020-02-07 10:57:46 - [TEST_STEP][PASSED] - else: Object: 'Object Repository/Page_- KAIZEN/si_Spanish' is clicked on

2020-02-07 10:57:46 - [TEST_STEP][PASSED] - click(findTestObject("Page_- KAIZEN/si_Spanish")): Object: 'Object Repository/Page_- KAIZEN/si_Spanish' is clicked on

2020-02-07 10:57:47 - [MESSAGE][PASSED] - Object: 'Object Repository/Page_- KAIZEN/si_Spanish' is clicked on

2020-02-07 10:57:47 - [MESSAGE][PASSED] - Call Test Case 'Test Cases/Individual_Tests_20pies/Seleccionar_Idioma' successfully

2020-02-07 10:57:47 - [TEST_STEP][PASSED] - callTestCase(findTestCase("Individual_Tests_20pies/Aprobacion_Ventas"), ["Index":Index, "IDCliente":IDCliente, "IDPedido":IDPedido, "AprobacionVentas":AprobacionVentas], STOP_ON_FAILURE): Call Test Case 'Test Cases/Individual_Tests_20pies/Aprobacion_Ventas' successfully

2020-02-07 10:57:47 - [TEST_CASE][PASSED] - Test Cases/Individual_Tests_20pies/Aprobacion_Ventas: Test Cases/Individual_Tests_20pies/Aprobacion_Ventas

2020-02-07 10:57:47 - [TEST_STEP][PASSED] - data = obtener_excels.obtener_aprobaciones_20pies.getValuesExcelAprob20(Index): obtener_excels.obtener_aprobaciones_20pies.getValuesExcelAprob20 is PASSED

2020-02-07 10:57:47 - [MESSAGE][PASSED] - obtener_excels.obtener_aprobaciones_20pies.getValuesExcelAprob20 is PASSED

2020-02-07 10:57:47 - [TEST_STEP][PASSED] - IdPedido = data[3]: null

2020-02-07 10:57:47 - [TEST_STEP][PASSED] - Id_Cliente = data[4]: null

2020-02-07 10:57:47 - [TEST_STEP][PASSED] - AprobVentas = data[5]: null

2020-02-07 10:57:47 - [TEST_STEP][PASSED] - print(Id_Cliente + "
"): null

2020-02-07 10:57:47 - [TEST_STEP][PASSED] - print(AprobVentas + "
"): null

2020-02-07 10:57:47 - [TEST_STEP][PASSED] - IDPedido = IdPedido: null

2020-02-07 10:57:47 - [TEST_STEP][PASSED] - IDCliente = Id_Cliente: null

2020-02-07 10:57:47 - [TEST_STEP][PASSED] - AprobacionVentas = AprobVentas: null

2020-02-07 10:57:47 - [TEST_STEP][PASSED] - click(findTestObject("Page_- KAIZEN/av_btn_ventas")): Object: 'Object Repository/Page_- KAIZEN/av_btn_ventas' is clicked on

2020-02-07 10:57:48 - [MESSAGE][PASSED] - Object: 'Object Repository/Page_- KAIZEN/av_btn_ventas' is clicked on

2020-02-07 10:57:48 - [TEST_STEP][PASSED] - click(findTestObject("Page_- KAIZEN/av_btn_aprobacinventas")): Object: 'Object Repository/Page_- KAIZEN/av_btn_aprobacinventas' is clicked on

2020-02-07 10:57:49 - [MESSAGE][PASSED] - Object: 'Object Repository/Page_- KAIZEN/av_btn_aprobacinventas' is clicked on

2020-02-07 10:57:49 - [TEST_STEP][PASSED] - click(findTestObject("Page_Aprobacin de Ventas - KAIZEN/av_click_aprobacionventas")): Object: 'Object Repository/Page_Aprobacin de Ventas - KAIZEN/av_click_aprobacionventas' is clicked on

2020-02-07 10:57:50 - [MESSAGE][PASSED] - Object: 'Object Repository/Page_Aprobacin de Ventas - KAIZEN/av_click_aprobacionventas' is clicked on

2020-02-07 10:57:50 - [TEST_STEP][PASSED] - click(findTestObject("Page_Aprobacin de Ventas - KAIZEN/av_btn_seleccione_cliente")): Object: 'Object Repository/Page_Aprobacin de Ventas - KAIZEN/av_btn_seleccione_cliente' is clicked on

2020-02-07 10:57:51 - [MESSAGE][PASSED] - Object: 'Object Repository/Page_Aprobacin de Ventas - KAIZEN/av_btn_seleccione_cliente' is clicked on

2020-02-07 10:57:51 - [TEST_STEP][PASSED] - click(findTestObject("Page_Aprobacin de Ventas - KAIZEN/av_click_seleccione_cliente")): Object: 'Object Repository/Page_Aprobacin de Ventas - KAIZEN/av_click_seleccione_cliente' is clicked on

2020-02-07 10:57:51 - [MESSAGE][PASSED] - Object: 'Object Repository/Page_Aprobacin de Ventas - KAIZEN/av_click_seleccione_cliente' is clicked on

2020-02-07 10:57:51 - [TEST_STEP][PASSED] - selectOptionByValue(findTestObject("Page_Aprobacin de Ventas - KAIZEN/av_assing_seleccione_cliente"), IDCliente, true): All options with value '4' are selected in object 'Object Repository/Page_Aprobacin de Ventas - KAIZEN/av_assing_seleccione_cliente'  using regular expression

2020-02-07 10:57:53 - [MESSAGE][PASSED] - All options with value '4' are selected in object 'Object Repository/Page_Aprobacin de Ventas - KAIZEN/av_assing_seleccione_cliente'  using regular expression

2020-02-07 10:57:53 - [TEST_STEP][PASSED] - click(findTestObject("Page_Aprobacin de Ventas - KAIZEN/av_btn_Buscar")): Object: 'Object Repository/Page_Aprobacin de Ventas - KAIZEN/av_btn_Buscar' is clicked on

2020-02-07 10:57:55 - [MESSAGE][PASSED] - Object: 'Object Repository/Page_Aprobacin de Ventas - KAIZEN/av_btn_Buscar' is clicked on

2020-02-07 10:57:55 - [TEST_STEP][PASSED] - delay(5): Delayed 5 second(s)

2020-02-07 10:58:00 - [MESSAGE][PASSED] - Delayed 5 second(s)

2020-02-07 10:58:00 - [TEST_STEP][PASSED] - if (AprobacionVentas == "Aprobar"): Object: 'Object Repository/Page_Aprobacin de Ventas - KAIZEN/av_btn_aceptar' is clicked on

2020-02-07 10:58:00 - [TEST_STEP][PASSED] - variable = "btn_aprobar_" + IDPedido: null

2020-02-07 10:58:00 - [TEST_STEP][PASSED] - executeJavaScript(document.getElementById('$variable').click();, null): Execute JavaScript 'document.getElementById('btn_aprobar_192').click();' successfully

2020-02-07 10:58:00 - [MESSAGE][PASSED] - Execute JavaScript 'document.getElementById('btn_aprobar_192').click();' successfully

2020-02-07 10:58:00 - [TEST_STEP][PASSED] - click(findTestObject("Page_Aprobacin de Ventas - KAIZEN/av_btn_aceptar")): Object: 'Object Repository/Page_Aprobacin de Ventas - KAIZEN/av_btn_aceptar' is clicked on

2020-02-07 10:58:00 - [MESSAGE][PASSED] - Object: 'Object Repository/Page_Aprobacin de Ventas - KAIZEN/av_btn_aceptar' is clicked on

2020-02-07 10:58:00 - [TEST_STEP][PASSED] - delay(10): Delayed 10 second(s)

2020-02-07 10:58:10 - [MESSAGE][PASSED] - Delayed 10 second(s)

2020-02-07 10:58:10 - [MESSAGE][PASSED] - Call Test Case 'Test Cases/Individual_Tests_20pies/Aprobacion_Ventas' successfully

2020-02-07 10:58:10 - [TEST_STEP][PASSED] - callTestCase(findTestCase("Individual_Tests_20pies/Login"), ["Evento":"Aprobar", "Index":Index, "Usuario":Usuario, "Contrasena":Contrasena], STOP_ON_FAILURE): Call Test Case 'Test Cases/Individual_Tests_20pies/Login' successfully

2020-02-07 10:58:10 - [TEST_CASE][PASSED] - Test Cases/Individual_Tests_20pies/Login: Test Cases/Individual_Tests_20pies/Login

2020-02-07 10:58:10 - [TEST_STEP][PASSED] - print("Evento Seleccionado: " + Evento + "
"): null

2020-02-07 10:58:10 - [TEST_STEP][PASSED] - openBrowser(Web): Browser is opened with url: 'http://test.kaizendev.net/Login/Accesar?salir=true'

2020-02-07 10:58:10 - [MESSAGE][WARNING] - A browser is already opened. Closing browser and opening a new one

2020-02-07 10:58:11 - [MESSAGE][INFO] - Starting 'Chrome' driver

2020-02-07 10:58:21 - [MESSAGE][PASSED] - Browser is opened with url: 'http://test.kaizendev.net/Login/Accesar?salir=true'

2020-02-07 10:58:21 - [TEST_STEP][PASSED] - maximizeWindow(): Current window maximized

2020-02-07 10:58:22 - [MESSAGE][PASSED] - Current window maximized

2020-02-07 10:58:22 - [TEST_STEP][PASSED] - if (Evento == "Crear"): null

2020-02-07 10:58:22 - [TEST_STEP][PASSED] - else if (Evento == "Aprobar"): Object: 'Object Repository/Page_Iniciar Sesion - KAIZEN/is_btn_ingresar_sistema' is clicked on

2020-02-07 10:58:22 - [TEST_STEP][PASSED] - data2 = obtener_excels.obtener_aprobaciones_20pies.getValuesExcelAprob20(Index): obtener_excels.obtener_aprobaciones_20pies.getValuesExcelAprob20 is PASSED

2020-02-07 10:58:22 - [MESSAGE][PASSED] - obtener_excels.obtener_aprobaciones_20pies.getValuesExcelAprob20 is PASSED

2020-02-07 10:58:22 - [TEST_STEP][PASSED] - Usuario = data2[1]: null

2020-02-07 10:58:22 - [TEST_STEP][PASSED] - Contrasena = data2[2]: null

2020-02-07 10:58:22 - [TEST_STEP][PASSED] - setText(findTestObject("Page_Iniciar Sesion - KAIZEN/is_input_email"), Usuario): Text 'automated.test@grupokaizen.net' is set on object 'Object Repository/Page_Iniciar Sesion - KAIZEN/is_input_email'

2020-02-07 10:58:23 - [MESSAGE][PASSED] - Text 'automated.test@grupokaizen.net' is set on object 'Object Repository/Page_Iniciar Sesion - KAIZEN/is_input_email'

2020-02-07 10:58:23 - [TEST_STEP][PASSED] - setEncryptedText(findTestObject("Page_Iniciar Sesion - KAIZEN/IS_input_contrasena"), Contrasena): Text ****** has been set on object 'Object Repository/Page_Iniciar Sesion - KAIZEN/IS_input_contrasena'

2020-02-07 10:58:23 - [MESSAGE][PASSED] - Text ****** has been set on object 'Object Repository/Page_Iniciar Sesion - KAIZEN/IS_input_contrasena'

2020-02-07 10:58:23 - [TEST_STEP][PASSED] - click(findTestObject("Page_Iniciar Sesion - KAIZEN/is_btn_ingresar_sistema")): Object: 'Object Repository/Page_Iniciar Sesion - KAIZEN/is_btn_ingresar_sistema' is clicked on

2020-02-07 10:58:25 - [MESSAGE][PASSED] - Object: 'Object Repository/Page_Iniciar Sesion - KAIZEN/is_btn_ingresar_sistema' is clicked on

2020-02-07 10:58:25 - [MESSAGE][PASSED] - Call Test Case 'Test Cases/Individual_Tests_20pies/Login' successfully

2020-02-07 10:58:25 - [TEST_STEP][PASSED] - callTestCase(findTestCase("Individual_Tests_20pies/Seleccionar_Idioma"), ["Evento":"Aprobar", "Index":Index, "Idioma":Idioma], STOP_ON_FAILURE): Call Test Case 'Test Cases/Individual_Tests_20pies/Seleccionar_Idioma' successfully

2020-02-07 10:58:25 - [TEST_CASE][PASSED] - Test Cases/Individual_Tests_20pies/Seleccionar_Idioma: Test Cases/Individual_Tests_20pies/Seleccionar_Idioma

2020-02-07 10:58:25 - [TEST_STEP][PASSED] - if (Evento == "Crear"): null

2020-02-07 10:58:25 - [TEST_STEP][PASSED] - else if (Evento == "Aprobar"): null

2020-02-07 10:58:25 - [TEST_STEP][PASSED] - data2 = obtener_excels.obtener_aprobaciones_20pies.getValuesExcelAprob20(Index): obtener_excels.obtener_aprobaciones_20pies.getValuesExcelAprob20 is PASSED

2020-02-07 10:58:25 - [MESSAGE][PASSED] - obtener_excels.obtener_aprobaciones_20pies.getValuesExcelAprob20 is PASSED

2020-02-07 10:58:25 - [TEST_STEP][PASSED] - Idioma = data2[0]: null

2020-02-07 10:58:25 - [TEST_STEP][PASSED] - click(findTestObject("Page_- KAIZEN/si_btn_idioma")): Object: 'Object Repository/Page_- KAIZEN/si_btn_idioma' is clicked on

2020-02-07 10:58:26 - [MESSAGE][PASSED] - Object: 'Object Repository/Page_- KAIZEN/si_btn_idioma' is clicked on

2020-02-07 10:58:26 - [TEST_STEP][PASSED] - if (Idioma == "0"): null

2020-02-07 10:58:26 - [TEST_STEP][PASSED] - else: Object: 'Object Repository/Page_- KAIZEN/si_Spanish' is clicked on

2020-02-07 10:58:26 - [TEST_STEP][PASSED] - click(findTestObject("Page_- KAIZEN/si_Spanish")): Object: 'Object Repository/Page_- KAIZEN/si_Spanish' is clicked on

2020-02-07 10:58:27 - [MESSAGE][PASSED] - Object: 'Object Repository/Page_- KAIZEN/si_Spanish' is clicked on

2020-02-07 10:58:27 - [MESSAGE][PASSED] - Call Test Case 'Test Cases/Individual_Tests_20pies/Seleccionar_Idioma' successfully

2020-02-07 10:58:27 - [TEST_STEP][PASSED] - callTestCase(findTestCase("Individual_Tests_20pies/Aprobacion_Ventas"), ["Index":Index, "IDCliente":IDCliente, "IDPedido":IDPedido, "AprobacionVentas":AprobacionVentas], STOP_ON_FAILURE): Call Test Case 'Test Cases/Individual_Tests_20pies/Aprobacion_Ventas' successfully

2020-02-07 10:58:27 - [TEST_CASE][PASSED] - Test Cases/Individual_Tests_20pies/Aprobacion_Ventas: Test Cases/Individual_Tests_20pies/Aprobacion_Ventas

2020-02-07 10:58:27 - [TEST_STEP][PASSED] - data = obtener_excels.obtener_aprobaciones_20pies.getValuesExcelAprob20(Index): obtener_excels.obtener_aprobaciones_20pies.getValuesExcelAprob20 is PASSED

2020-02-07 10:58:27 - [MESSAGE][PASSED] - obtener_excels.obtener_aprobaciones_20pies.getValuesExcelAprob20 is PASSED

2020-02-07 10:58:27 - [TEST_STEP][PASSED] - IdPedido = data[3]: null

2020-02-07 10:58:27 - [TEST_STEP][PASSED] - Id_Cliente = data[4]: null

2020-02-07 10:58:27 - [TEST_STEP][PASSED] - AprobVentas = data[5]: null

2020-02-07 10:58:27 - [TEST_STEP][PASSED] - print(Id_Cliente + "
"): null

2020-02-07 10:58:27 - [TEST_STEP][PASSED] - print(AprobVentas + "
"): null

2020-02-07 10:58:27 - [TEST_STEP][PASSED] - IDPedido = IdPedido: null

2020-02-07 10:58:27 - [TEST_STEP][PASSED] - IDCliente = Id_Cliente: null

2020-02-07 10:58:27 - [TEST_STEP][PASSED] - AprobacionVentas = AprobVentas: null

2020-02-07 10:58:27 - [TEST_STEP][PASSED] - click(findTestObject("Page_- KAIZEN/av_btn_ventas")): Object: 'Object Repository/Page_- KAIZEN/av_btn_ventas' is clicked on

2020-02-07 10:58:27 - [MESSAGE][PASSED] - Object: 'Object Repository/Page_- KAIZEN/av_btn_ventas' is clicked on

2020-02-07 10:58:27 - [TEST_STEP][PASSED] - click(findTestObject("Page_- KAIZEN/av_btn_aprobacinventas")): Object: 'Object Repository/Page_- KAIZEN/av_btn_aprobacinventas' is clicked on

2020-02-07 10:58:29 - [MESSAGE][PASSED] - Object: 'Object Repository/Page_- KAIZEN/av_btn_aprobacinventas' is clicked on

2020-02-07 10:58:29 - [TEST_STEP][PASSED] - click(findTestObject("Page_Aprobacin de Ventas - KAIZEN/av_click_aprobacionventas")): Object: 'Object Repository/Page_Aprobacin de Ventas - KAIZEN/av_click_aprobacionventas' is clicked on

2020-02-07 10:58:29 - [MESSAGE][PASSED] - Object: 'Object Repository/Page_Aprobacin de Ventas - KAIZEN/av_click_aprobacionventas' is clicked on

2020-02-07 10:58:29 - [TEST_STEP][PASSED] - click(findTestObject("Page_Aprobacin de Ventas - KAIZEN/av_btn_seleccione_cliente")): Object: 'Object Repository/Page_Aprobacin de Ventas - KAIZEN/av_btn_seleccione_cliente' is clicked on

2020-02-07 10:58:30 - [MESSAGE][PASSED] - Object: 'Object Repository/Page_Aprobacin de Ventas - KAIZEN/av_btn_seleccione_cliente' is clicked on

2020-02-07 10:58:30 - [TEST_STEP][PASSED] - click(findTestObject("Page_Aprobacin de Ventas - KAIZEN/av_click_seleccione_cliente")): Object: 'Object Repository/Page_Aprobacin de Ventas - KAIZEN/av_click_seleccione_cliente' is clicked on

2020-02-07 10:58:30 - [MESSAGE][PASSED] - Object: 'Object Repository/Page_Aprobacin de Ventas - KAIZEN/av_click_seleccione_cliente' is clicked on

2020-02-07 10:58:30 - [TEST_STEP][PASSED] - selectOptionByValue(findTestObject("Page_Aprobacin de Ventas - KAIZEN/av_assing_seleccione_cliente"), IDCliente, true): All options with value '7' are selected in object 'Object Repository/Page_Aprobacin de Ventas - KAIZEN/av_assing_seleccione_cliente'  using regular expression

2020-02-07 10:58:32 - [MESSAGE][PASSED] - All options with value '7' are selected in object 'Object Repository/Page_Aprobacin de Ventas - KAIZEN/av_assing_seleccione_cliente'  using regular expression

2020-02-07 10:58:32 - [TEST_STEP][PASSED] - click(findTestObject("Page_Aprobacin de Ventas - KAIZEN/av_btn_Buscar")): Object: 'Object Repository/Page_Aprobacin de Ventas - KAIZEN/av_btn_Buscar' is clicked on

2020-02-07 10:58:33 - [MESSAGE][PASSED] - Object: 'Object Repository/Page_Aprobacin de Ventas - KAIZEN/av_btn_Buscar' is clicked on

2020-02-07 10:58:33 - [TEST_STEP][PASSED] - delay(5): Delayed 5 second(s)

2020-02-07 10:58:38 - [MESSAGE][PASSED] - Delayed 5 second(s)

2020-02-07 10:58:38 - [TEST_STEP][PASSED] - if (AprobacionVentas == "Aprobar"): Object: 'Object Repository/Page_Aprobacin de Ventas - KAIZEN/av_btn_aceptar' is clicked on

2020-02-07 10:58:38 - [TEST_STEP][PASSED] - variable = "btn_aprobar_" + IDPedido: null

2020-02-07 10:58:38 - [TEST_STEP][PASSED] - executeJavaScript(document.getElementById('$variable').click();, null): Execute JavaScript 'document.getElementById('btn_aprobar_193').click();' successfully

2020-02-07 10:58:38 - [MESSAGE][PASSED] - Execute JavaScript 'document.getElementById('btn_aprobar_193').click();' successfully

2020-02-07 10:58:38 - [TEST_STEP][PASSED] - click(findTestObject("Page_Aprobacin de Ventas - KAIZEN/av_btn_aceptar")): Object: 'Object Repository/Page_Aprobacin de Ventas - KAIZEN/av_btn_aceptar' is clicked on

2020-02-07 10:58:39 - [MESSAGE][PASSED] - Object: 'Object Repository/Page_Aprobacin de Ventas - KAIZEN/av_btn_aceptar' is clicked on

2020-02-07 10:58:39 - [TEST_STEP][PASSED] - delay(10): Delayed 10 second(s)

2020-02-07 10:58:49 - [MESSAGE][PASSED] - Delayed 10 second(s)

2020-02-07 10:58:49 - [MESSAGE][PASSED] - Call Test Case 'Test Cases/Individual_Tests_20pies/Aprobacion_Ventas' successfully

2020-02-07 10:58:49 - [TEST_STEP][PASSED] - callTestCase(findTestCase("Individual_Tests_20pies/Login"), ["Evento":"Aprobar", "Index":Index, "Usuario":Usuario, "Contrasena":Contrasena], STOP_ON_FAILURE): Call Test Case 'Test Cases/Individual_Tests_20pies/Login' successfully

2020-02-07 10:58:49 - [TEST_CASE][PASSED] - Test Cases/Individual_Tests_20pies/Login: Test Cases/Individual_Tests_20pies/Login

2020-02-07 10:58:49 - [TEST_STEP][PASSED] - print("Evento Seleccionado: " + Evento + "
"): null

2020-02-07 10:58:49 - [TEST_STEP][PASSED] - openBrowser(Web): Browser is opened with url: 'http://test.kaizendev.net/Login/Accesar?salir=true'

2020-02-07 10:58:49 - [MESSAGE][WARNING] - A browser is already opened. Closing browser and opening a new one

2020-02-07 10:58:50 - [MESSAGE][INFO] - Starting 'Chrome' driver

2020-02-07 10:58:58 - [MESSAGE][PASSED] - Browser is opened with url: 'http://test.kaizendev.net/Login/Accesar?salir=true'

2020-02-07 10:58:58 - [TEST_STEP][PASSED] - maximizeWindow(): Current window maximized

2020-02-07 10:58:59 - [MESSAGE][PASSED] - Current window maximized

2020-02-07 10:58:59 - [TEST_STEP][PASSED] - if (Evento == "Crear"): null

2020-02-07 10:58:59 - [TEST_STEP][PASSED] - else if (Evento == "Aprobar"): Object: 'Object Repository/Page_Iniciar Sesion - KAIZEN/is_btn_ingresar_sistema' is clicked on

2020-02-07 10:58:59 - [TEST_STEP][PASSED] - data2 = obtener_excels.obtener_aprobaciones_20pies.getValuesExcelAprob20(Index): obtener_excels.obtener_aprobaciones_20pies.getValuesExcelAprob20 is PASSED

2020-02-07 10:59:00 - [MESSAGE][PASSED] - obtener_excels.obtener_aprobaciones_20pies.getValuesExcelAprob20 is PASSED

2020-02-07 10:59:00 - [TEST_STEP][PASSED] - Usuario = data2[1]: null

2020-02-07 10:59:00 - [TEST_STEP][PASSED] - Contrasena = data2[2]: null

2020-02-07 10:59:00 - [TEST_STEP][PASSED] - setText(findTestObject("Page_Iniciar Sesion - KAIZEN/is_input_email"), Usuario): Text 'automated.test@grupokaizen.net' is set on object 'Object Repository/Page_Iniciar Sesion - KAIZEN/is_input_email'

2020-02-07 10:59:00 - [MESSAGE][PASSED] - Text 'automated.test@grupokaizen.net' is set on object 'Object Repository/Page_Iniciar Sesion - KAIZEN/is_input_email'

2020-02-07 10:59:00 - [TEST_STEP][PASSED] - setEncryptedText(findTestObject("Page_Iniciar Sesion - KAIZEN/IS_input_contrasena"), Contrasena): Text ****** has been set on object 'Object Repository/Page_Iniciar Sesion - KAIZEN/IS_input_contrasena'

2020-02-07 10:59:01 - [MESSAGE][PASSED] - Text ****** has been set on object 'Object Repository/Page_Iniciar Sesion - KAIZEN/IS_input_contrasena'

2020-02-07 10:59:01 - [TEST_STEP][PASSED] - click(findTestObject("Page_Iniciar Sesion - KAIZEN/is_btn_ingresar_sistema")): Object: 'Object Repository/Page_Iniciar Sesion - KAIZEN/is_btn_ingresar_sistema' is clicked on

2020-02-07 10:59:03 - [MESSAGE][PASSED] - Object: 'Object Repository/Page_Iniciar Sesion - KAIZEN/is_btn_ingresar_sistema' is clicked on

2020-02-07 10:59:03 - [MESSAGE][PASSED] - Call Test Case 'Test Cases/Individual_Tests_20pies/Login' successfully

2020-02-07 10:59:03 - [TEST_STEP][PASSED] - callTestCase(findTestCase("Individual_Tests_20pies/Seleccionar_Idioma"), ["Evento":"Aprobar", "Index":Index, "Idioma":Idioma], STOP_ON_FAILURE): Call Test Case 'Test Cases/Individual_Tests_20pies/Seleccionar_Idioma' successfully

2020-02-07 10:59:03 - [TEST_CASE][PASSED] - Test Cases/Individual_Tests_20pies/Seleccionar_Idioma: Test Cases/Individual_Tests_20pies/Seleccionar_Idioma

2020-02-07 10:59:03 - [TEST_STEP][PASSED] - if (Evento == "Crear"): null

2020-02-07 10:59:03 - [TEST_STEP][PASSED] - else if (Evento == "Aprobar"): null

2020-02-07 10:59:03 - [TEST_STEP][PASSED] - data2 = obtener_excels.obtener_aprobaciones_20pies.getValuesExcelAprob20(Index): obtener_excels.obtener_aprobaciones_20pies.getValuesExcelAprob20 is PASSED

2020-02-07 10:59:03 - [MESSAGE][PASSED] - obtener_excels.obtener_aprobaciones_20pies.getValuesExcelAprob20 is PASSED

2020-02-07 10:59:03 - [TEST_STEP][PASSED] - Idioma = data2[0]: null

2020-02-07 10:59:03 - [TEST_STEP][PASSED] - click(findTestObject("Page_- KAIZEN/si_btn_idioma")): Object: 'Object Repository/Page_- KAIZEN/si_btn_idioma' is clicked on

2020-02-07 10:59:03 - [MESSAGE][PASSED] - Object: 'Object Repository/Page_- KAIZEN/si_btn_idioma' is clicked on

2020-02-07 10:59:03 - [TEST_STEP][PASSED] - if (Idioma == "0"): null

2020-02-07 10:59:03 - [TEST_STEP][PASSED] - else: Object: 'Object Repository/Page_- KAIZEN/si_Spanish' is clicked on

2020-02-07 10:59:03 - [TEST_STEP][PASSED] - click(findTestObject("Page_- KAIZEN/si_Spanish")): Object: 'Object Repository/Page_- KAIZEN/si_Spanish' is clicked on

2020-02-07 10:59:05 - [MESSAGE][PASSED] - Object: 'Object Repository/Page_- KAIZEN/si_Spanish' is clicked on

2020-02-07 10:59:05 - [MESSAGE][PASSED] - Call Test Case 'Test Cases/Individual_Tests_20pies/Seleccionar_Idioma' successfully

2020-02-07 10:59:05 - [TEST_STEP][PASSED] - callTestCase(findTestCase("Individual_Tests_20pies/Aprobacion_Ventas"), ["Index":Index, "IDCliente":IDCliente, "IDPedido":IDPedido, "AprobacionVentas":AprobacionVentas], STOP_ON_FAILURE): Call Test Case 'Test Cases/Individual_Tests_20pies/Aprobacion_Ventas' successfully

2020-02-07 10:59:05 - [TEST_CASE][PASSED] - Test Cases/Individual_Tests_20pies/Aprobacion_Ventas: Test Cases/Individual_Tests_20pies/Aprobacion_Ventas

2020-02-07 10:59:05 - [TEST_STEP][PASSED] - data = obtener_excels.obtener_aprobaciones_20pies.getValuesExcelAprob20(Index): obtener_excels.obtener_aprobaciones_20pies.getValuesExcelAprob20 is PASSED

2020-02-07 10:59:05 - [MESSAGE][PASSED] - obtener_excels.obtener_aprobaciones_20pies.getValuesExcelAprob20 is PASSED

2020-02-07 10:59:05 - [TEST_STEP][PASSED] - IdPedido = data[3]: null

2020-02-07 10:59:05 - [TEST_STEP][PASSED] - Id_Cliente = data[4]: null

2020-02-07 10:59:05 - [TEST_STEP][PASSED] - AprobVentas = data[5]: null

2020-02-07 10:59:05 - [TEST_STEP][PASSED] - print(Id_Cliente + "
"): null

2020-02-07 10:59:05 - [TEST_STEP][PASSED] - print(AprobVentas + "
"): null

2020-02-07 10:59:05 - [TEST_STEP][PASSED] - IDPedido = IdPedido: null

2020-02-07 10:59:05 - [TEST_STEP][PASSED] - IDCliente = Id_Cliente: null

2020-02-07 10:59:05 - [TEST_STEP][PASSED] - AprobacionVentas = AprobVentas: null

2020-02-07 10:59:05 - [TEST_STEP][PASSED] - click(findTestObject("Page_- KAIZEN/av_btn_ventas")): Object: 'Object Repository/Page_- KAIZEN/av_btn_ventas' is clicked on

2020-02-07 10:59:05 - [MESSAGE][PASSED] - Object: 'Object Repository/Page_- KAIZEN/av_btn_ventas' is clicked on

2020-02-07 10:59:05 - [TEST_STEP][PASSED] - click(findTestObject("Page_- KAIZEN/av_btn_aprobacinventas")): Object: 'Object Repository/Page_- KAIZEN/av_btn_aprobacinventas' is clicked on

2020-02-07 10:59:07 - [MESSAGE][PASSED] - Object: 'Object Repository/Page_- KAIZEN/av_btn_aprobacinventas' is clicked on

2020-02-07 10:59:07 - [TEST_STEP][PASSED] - click(findTestObject("Page_Aprobacin de Ventas - KAIZEN/av_click_aprobacionventas")): Object: 'Object Repository/Page_Aprobacin de Ventas - KAIZEN/av_click_aprobacionventas' is clicked on

2020-02-07 10:59:07 - [MESSAGE][PASSED] - Object: 'Object Repository/Page_Aprobacin de Ventas - KAIZEN/av_click_aprobacionventas' is clicked on

2020-02-07 10:59:07 - [TEST_STEP][PASSED] - click(findTestObject("Page_Aprobacin de Ventas - KAIZEN/av_btn_seleccione_cliente")): Object: 'Object Repository/Page_Aprobacin de Ventas - KAIZEN/av_btn_seleccione_cliente' is clicked on

2020-02-07 10:59:08 - [MESSAGE][PASSED] - Object: 'Object Repository/Page_Aprobacin de Ventas - KAIZEN/av_btn_seleccione_cliente' is clicked on

2020-02-07 10:59:08 - [TEST_STEP][PASSED] - click(findTestObject("Page_Aprobacin de Ventas - KAIZEN/av_click_seleccione_cliente")): Object: 'Object Repository/Page_Aprobacin de Ventas - KAIZEN/av_click_seleccione_cliente' is clicked on

2020-02-07 10:59:08 - [MESSAGE][PASSED] - Object: 'Object Repository/Page_Aprobacin de Ventas - KAIZEN/av_click_seleccione_cliente' is clicked on

2020-02-07 10:59:08 - [TEST_STEP][PASSED] - selectOptionByValue(findTestObject("Page_Aprobacin de Ventas - KAIZEN/av_assing_seleccione_cliente"), IDCliente, true): All options with value '4' are selected in object 'Object Repository/Page_Aprobacin de Ventas - KAIZEN/av_assing_seleccione_cliente'  using regular expression

2020-02-07 10:59:10 - [MESSAGE][PASSED] - All options with value '4' are selected in object 'Object Repository/Page_Aprobacin de Ventas - KAIZEN/av_assing_seleccione_cliente'  using regular expression

2020-02-07 10:59:10 - [TEST_STEP][PASSED] - click(findTestObject("Page_Aprobacin de Ventas - KAIZEN/av_btn_Buscar")): Object: 'Object Repository/Page_Aprobacin de Ventas - KAIZEN/av_btn_Buscar' is clicked on

2020-02-07 10:59:11 - [MESSAGE][PASSED] - Object: 'Object Repository/Page_Aprobacin de Ventas - KAIZEN/av_btn_Buscar' is clicked on

2020-02-07 10:59:11 - [TEST_STEP][PASSED] - delay(5): Delayed 5 second(s)

2020-02-07 10:59:16 - [MESSAGE][PASSED] - Delayed 5 second(s)

2020-02-07 10:59:16 - [TEST_STEP][PASSED] - if (AprobacionVentas == "Aprobar"): Object: 'Object Repository/Page_Aprobacin de Ventas - KAIZEN/av_btn_aceptar' is clicked on

2020-02-07 10:59:16 - [TEST_STEP][PASSED] - variable = "btn_aprobar_" + IDPedido: null

2020-02-07 10:59:16 - [TEST_STEP][PASSED] - executeJavaScript(document.getElementById('$variable').click();, null): Execute JavaScript 'document.getElementById('btn_aprobar_194').click();' successfully

2020-02-07 10:59:17 - [MESSAGE][PASSED] - Execute JavaScript 'document.getElementById('btn_aprobar_194').click();' successfully

2020-02-07 10:59:17 - [TEST_STEP][PASSED] - click(findTestObject("Page_Aprobacin de Ventas - KAIZEN/av_btn_aceptar")): Object: 'Object Repository/Page_Aprobacin de Ventas - KAIZEN/av_btn_aceptar' is clicked on

2020-02-07 10:59:17 - [MESSAGE][PASSED] - Object: 'Object Repository/Page_Aprobacin de Ventas - KAIZEN/av_btn_aceptar' is clicked on

2020-02-07 10:59:17 - [TEST_STEP][PASSED] - delay(10): Delayed 10 second(s)

2020-02-07 10:59:27 - [MESSAGE][PASSED] - Delayed 10 second(s)

2020-02-07 10:59:27 - [MESSAGE][PASSED] - Call Test Case 'Test Cases/Individual_Tests_20pies/Aprobacion_Ventas' successfully

2020-02-07 10:59:27 - [TEST_STEP][PASSED] - callTestCase(findTestCase("Individual_Tests_20pies/Login"), ["Evento":"Aprobar", "Index":Index, "Usuario":Usuario, "Contrasena":Contrasena], STOP_ON_FAILURE): Call Test Case 'Test Cases/Individual_Tests_20pies/Login' successfully

2020-02-07 10:59:27 - [TEST_CASE][PASSED] - Test Cases/Individual_Tests_20pies/Login: Test Cases/Individual_Tests_20pies/Login

2020-02-07 10:59:27 - [TEST_STEP][PASSED] - print("Evento Seleccionado: " + Evento + "
"): null

2020-02-07 10:59:27 - [TEST_STEP][PASSED] - openBrowser(Web): Browser is opened with url: 'http://test.kaizendev.net/Login/Accesar?salir=true'

2020-02-07 10:59:27 - [MESSAGE][WARNING] - A browser is already opened. Closing browser and opening a new one

2020-02-07 10:59:28 - [MESSAGE][INFO] - Starting 'Chrome' driver

2020-02-07 10:59:42 - [MESSAGE][PASSED] - Browser is opened with url: 'http://test.kaizendev.net/Login/Accesar?salir=true'

2020-02-07 10:59:42 - [TEST_STEP][PASSED] - maximizeWindow(): Current window maximized

2020-02-07 10:59:43 - [MESSAGE][PASSED] - Current window maximized

2020-02-07 10:59:43 - [TEST_STEP][PASSED] - if (Evento == "Crear"): null

2020-02-07 10:59:43 - [TEST_STEP][PASSED] - else if (Evento == "Aprobar"): Object: 'Object Repository/Page_Iniciar Sesion - KAIZEN/is_btn_ingresar_sistema' is clicked on

2020-02-07 10:59:43 - [TEST_STEP][PASSED] - data2 = obtener_excels.obtener_aprobaciones_20pies.getValuesExcelAprob20(Index): obtener_excels.obtener_aprobaciones_20pies.getValuesExcelAprob20 is PASSED

2020-02-07 10:59:43 - [MESSAGE][PASSED] - obtener_excels.obtener_aprobaciones_20pies.getValuesExcelAprob20 is PASSED

2020-02-07 10:59:43 - [TEST_STEP][PASSED] - Usuario = data2[1]: null

2020-02-07 10:59:43 - [TEST_STEP][PASSED] - Contrasena = data2[2]: null

2020-02-07 10:59:43 - [TEST_STEP][PASSED] - setText(findTestObject("Page_Iniciar Sesion - KAIZEN/is_input_email"), Usuario): Text 'automated.test@grupokaizen.net' is set on object 'Object Repository/Page_Iniciar Sesion - KAIZEN/is_input_email'

2020-02-07 10:59:44 - [MESSAGE][PASSED] - Text 'automated.test@grupokaizen.net' is set on object 'Object Repository/Page_Iniciar Sesion - KAIZEN/is_input_email'

2020-02-07 10:59:44 - [TEST_STEP][PASSED] - setEncryptedText(findTestObject("Page_Iniciar Sesion - KAIZEN/IS_input_contrasena"), Contrasena): Text ****** has been set on object 'Object Repository/Page_Iniciar Sesion - KAIZEN/IS_input_contrasena'

2020-02-07 10:59:44 - [MESSAGE][PASSED] - Text ****** has been set on object 'Object Repository/Page_Iniciar Sesion - KAIZEN/IS_input_contrasena'

2020-02-07 10:59:44 - [TEST_STEP][PASSED] - click(findTestObject("Page_Iniciar Sesion - KAIZEN/is_btn_ingresar_sistema")): Object: 'Object Repository/Page_Iniciar Sesion - KAIZEN/is_btn_ingresar_sistema' is clicked on

2020-02-07 10:59:46 - [MESSAGE][PASSED] - Object: 'Object Repository/Page_Iniciar Sesion - KAIZEN/is_btn_ingresar_sistema' is clicked on

2020-02-07 10:59:46 - [MESSAGE][PASSED] - Call Test Case 'Test Cases/Individual_Tests_20pies/Login' successfully

2020-02-07 10:59:46 - [TEST_STEP][PASSED] - callTestCase(findTestCase("Individual_Tests_20pies/Seleccionar_Idioma"), ["Evento":"Aprobar", "Index":Index, "Idioma":Idioma], STOP_ON_FAILURE): Call Test Case 'Test Cases/Individual_Tests_20pies/Seleccionar_Idioma' successfully

2020-02-07 10:59:46 - [TEST_CASE][PASSED] - Test Cases/Individual_Tests_20pies/Seleccionar_Idioma: Test Cases/Individual_Tests_20pies/Seleccionar_Idioma

2020-02-07 10:59:46 - [TEST_STEP][PASSED] - if (Evento == "Crear"): null

2020-02-07 10:59:46 - [TEST_STEP][PASSED] - else if (Evento == "Aprobar"): null

2020-02-07 10:59:46 - [TEST_STEP][PASSED] - data2 = obtener_excels.obtener_aprobaciones_20pies.getValuesExcelAprob20(Index): obtener_excels.obtener_aprobaciones_20pies.getValuesExcelAprob20 is PASSED

2020-02-07 10:59:46 - [MESSAGE][PASSED] - obtener_excels.obtener_aprobaciones_20pies.getValuesExcelAprob20 is PASSED

2020-02-07 10:59:46 - [TEST_STEP][PASSED] - Idioma = data2[0]: null

2020-02-07 10:59:46 - [TEST_STEP][PASSED] - click(findTestObject("Page_- KAIZEN/si_btn_idioma")): Object: 'Object Repository/Page_- KAIZEN/si_btn_idioma' is clicked on

2020-02-07 10:59:47 - [MESSAGE][PASSED] - Object: 'Object Repository/Page_- KAIZEN/si_btn_idioma' is clicked on

2020-02-07 10:59:47 - [TEST_STEP][PASSED] - if (Idioma == "0"): null

2020-02-07 10:59:47 - [TEST_STEP][PASSED] - else: Object: 'Object Repository/Page_- KAIZEN/si_Spanish' is clicked on

2020-02-07 10:59:47 - [TEST_STEP][PASSED] - click(findTestObject("Page_- KAIZEN/si_Spanish")): Object: 'Object Repository/Page_- KAIZEN/si_Spanish' is clicked on

2020-02-07 10:59:48 - [MESSAGE][PASSED] - Object: 'Object Repository/Page_- KAIZEN/si_Spanish' is clicked on

2020-02-07 10:59:48 - [MESSAGE][PASSED] - Call Test Case 'Test Cases/Individual_Tests_20pies/Seleccionar_Idioma' successfully

2020-02-07 10:59:48 - [TEST_STEP][PASSED] - callTestCase(findTestCase("Individual_Tests_20pies/Aprobacion_Ventas"), ["Index":Index, "IDCliente":IDCliente, "IDPedido":IDPedido, "AprobacionVentas":AprobacionVentas], STOP_ON_FAILURE): Call Test Case 'Test Cases/Individual_Tests_20pies/Aprobacion_Ventas' successfully

2020-02-07 10:59:48 - [TEST_CASE][PASSED] - Test Cases/Individual_Tests_20pies/Aprobacion_Ventas: Test Cases/Individual_Tests_20pies/Aprobacion_Ventas

2020-02-07 10:59:48 - [TEST_STEP][PASSED] - data = obtener_excels.obtener_aprobaciones_20pies.getValuesExcelAprob20(Index): obtener_excels.obtener_aprobaciones_20pies.getValuesExcelAprob20 is PASSED

2020-02-07 10:59:48 - [MESSAGE][PASSED] - obtener_excels.obtener_aprobaciones_20pies.getValuesExcelAprob20 is PASSED

2020-02-07 10:59:48 - [TEST_STEP][PASSED] - IdPedido = data[3]: null

2020-02-07 10:59:48 - [TEST_STEP][PASSED] - Id_Cliente = data[4]: null

2020-02-07 10:59:48 - [TEST_STEP][PASSED] - AprobVentas = data[5]: null

2020-02-07 10:59:48 - [TEST_STEP][PASSED] - print(Id_Cliente + "
"): null

2020-02-07 10:59:48 - [TEST_STEP][PASSED] - print(AprobVentas + "
"): null

2020-02-07 10:59:48 - [TEST_STEP][PASSED] - IDPedido = IdPedido: null

2020-02-07 10:59:48 - [TEST_STEP][PASSED] - IDCliente = Id_Cliente: null

2020-02-07 10:59:48 - [TEST_STEP][PASSED] - AprobacionVentas = AprobVentas: null

2020-02-07 10:59:48 - [TEST_STEP][PASSED] - click(findTestObject("Page_- KAIZEN/av_btn_ventas")): Object: 'Object Repository/Page_- KAIZEN/av_btn_ventas' is clicked on

2020-02-07 10:59:50 - [MESSAGE][PASSED] - Object: 'Object Repository/Page_- KAIZEN/av_btn_ventas' is clicked on

2020-02-07 10:59:50 - [TEST_STEP][PASSED] - click(findTestObject("Page_- KAIZEN/av_btn_aprobacinventas")): Object: 'Object Repository/Page_- KAIZEN/av_btn_aprobacinventas' is clicked on

2020-02-07 10:59:52 - [MESSAGE][PASSED] - Object: 'Object Repository/Page_- KAIZEN/av_btn_aprobacinventas' is clicked on

2020-02-07 10:59:52 - [TEST_STEP][PASSED] - click(findTestObject("Page_Aprobacin de Ventas - KAIZEN/av_click_aprobacionventas")): Object: 'Object Repository/Page_Aprobacin de Ventas - KAIZEN/av_click_aprobacionventas' is clicked on

2020-02-07 10:59:54 - [MESSAGE][PASSED] - Object: 'Object Repository/Page_Aprobacin de Ventas - KAIZEN/av_click_aprobacionventas' is clicked on

2020-02-07 10:59:54 - [TEST_STEP][PASSED] - click(findTestObject("Page_Aprobacin de Ventas - KAIZEN/av_btn_seleccione_cliente")): Object: 'Object Repository/Page_Aprobacin de Ventas - KAIZEN/av_btn_seleccione_cliente' is clicked on

2020-02-07 10:59:54 - [MESSAGE][PASSED] - Object: 'Object Repository/Page_Aprobacin de Ventas - KAIZEN/av_btn_seleccione_cliente' is clicked on

2020-02-07 10:59:54 - [TEST_STEP][PASSED] - click(findTestObject("Page_Aprobacin de Ventas - KAIZEN/av_click_seleccione_cliente")): Object: 'Object Repository/Page_Aprobacin de Ventas - KAIZEN/av_click_seleccione_cliente' is clicked on

2020-02-07 10:59:55 - [MESSAGE][PASSED] - Object: 'Object Repository/Page_Aprobacin de Ventas - KAIZEN/av_click_seleccione_cliente' is clicked on

2020-02-07 10:59:55 - [TEST_STEP][PASSED] - selectOptionByValue(findTestObject("Page_Aprobacin de Ventas - KAIZEN/av_assing_seleccione_cliente"), IDCliente, true): All options with value '7' are selected in object 'Object Repository/Page_Aprobacin de Ventas - KAIZEN/av_assing_seleccione_cliente'  using regular expression

2020-02-07 10:59:56 - [MESSAGE][PASSED] - All options with value '7' are selected in object 'Object Repository/Page_Aprobacin de Ventas - KAIZEN/av_assing_seleccione_cliente'  using regular expression

2020-02-07 10:59:56 - [TEST_STEP][PASSED] - click(findTestObject("Page_Aprobacin de Ventas - KAIZEN/av_btn_Buscar")): Object: 'Object Repository/Page_Aprobacin de Ventas - KAIZEN/av_btn_Buscar' is clicked on

2020-02-07 10:59:58 - [MESSAGE][PASSED] - Object: 'Object Repository/Page_Aprobacin de Ventas - KAIZEN/av_btn_Buscar' is clicked on

2020-02-07 10:59:58 - [TEST_STEP][PASSED] - delay(5): Delayed 5 second(s)

2020-02-07 11:00:03 - [MESSAGE][PASSED] - Delayed 5 second(s)

2020-02-07 11:00:03 - [TEST_STEP][PASSED] - if (AprobacionVentas == "Aprobar"): Object: 'Object Repository/Page_Aprobacin de Ventas - KAIZEN/av_btn_aceptar' is clicked on

2020-02-07 11:00:03 - [TEST_STEP][PASSED] - variable = "btn_aprobar_" + IDPedido: null

2020-02-07 11:00:03 - [TEST_STEP][PASSED] - executeJavaScript(document.getElementById('$variable').click();, null): Execute JavaScript 'document.getElementById('btn_aprobar_195').click();' successfully

2020-02-07 11:00:03 - [MESSAGE][PASSED] - Execute JavaScript 'document.getElementById('btn_aprobar_195').click();' successfully

2020-02-07 11:00:03 - [TEST_STEP][PASSED] - click(findTestObject("Page_Aprobacin de Ventas - KAIZEN/av_btn_aceptar")): Object: 'Object Repository/Page_Aprobacin de Ventas - KAIZEN/av_btn_aceptar' is clicked on

2020-02-07 11:00:04 - [MESSAGE][PASSED] - Object: 'Object Repository/Page_Aprobacin de Ventas - KAIZEN/av_btn_aceptar' is clicked on

2020-02-07 11:00:04 - [TEST_STEP][PASSED] - delay(10): Delayed 10 second(s)

2020-02-07 11:00:14 - [MESSAGE][PASSED] - Delayed 10 second(s)

2020-02-07 11:00:14 - [MESSAGE][PASSED] - Call Test Case 'Test Cases/Individual_Tests_20pies/Aprobacion_Ventas' successfully

2020-02-07 11:00:14 - [TEST_STEP][PASSED] - callTestCase(findTestCase("Individual_Tests_20pies/Login"), ["Evento":"Aprobar", "Index":Index, "Usuario":Usuario, "Contrasena":Contrasena], STOP_ON_FAILURE): Call Test Case 'Test Cases/Individual_Tests_20pies/Login' successfully

2020-02-07 11:00:14 - [TEST_CASE][PASSED] - Test Cases/Individual_Tests_20pies/Login: Test Cases/Individual_Tests_20pies/Login

2020-02-07 11:00:14 - [TEST_STEP][PASSED] - print("Evento Seleccionado: " + Evento + "
"): null

2020-02-07 11:00:14 - [TEST_STEP][PASSED] - openBrowser(Web): Browser is opened with url: 'http://test.kaizendev.net/Login/Accesar?salir=true'

2020-02-07 11:00:14 - [MESSAGE][WARNING] - A browser is already opened. Closing browser and opening a new one

2020-02-07 11:00:15 - [MESSAGE][INFO] - Starting 'Chrome' driver

2020-02-07 11:00:27 - [MESSAGE][PASSED] - Browser is opened with url: 'http://test.kaizendev.net/Login/Accesar?salir=true'

2020-02-07 11:00:27 - [TEST_STEP][PASSED] - maximizeWindow(): Current window maximized

2020-02-07 11:00:28 - [MESSAGE][PASSED] - Current window maximized

2020-02-07 11:00:28 - [TEST_STEP][PASSED] - if (Evento == "Crear"): null

2020-02-07 11:00:28 - [TEST_STEP][PASSED] - else if (Evento == "Aprobar"): Object: 'Object Repository/Page_Iniciar Sesion - KAIZEN/is_btn_ingresar_sistema' is clicked on

2020-02-07 11:00:28 - [TEST_STEP][PASSED] - data2 = obtener_excels.obtener_aprobaciones_20pies.getValuesExcelAprob20(Index): obtener_excels.obtener_aprobaciones_20pies.getValuesExcelAprob20 is PASSED

2020-02-07 11:00:28 - [MESSAGE][PASSED] - obtener_excels.obtener_aprobaciones_20pies.getValuesExcelAprob20 is PASSED

2020-02-07 11:00:29 - [TEST_STEP][PASSED] - Usuario = data2[1]: null

2020-02-07 11:00:29 - [TEST_STEP][PASSED] - Contrasena = data2[2]: null

2020-02-07 11:00:29 - [TEST_STEP][PASSED] - setText(findTestObject("Page_Iniciar Sesion - KAIZEN/is_input_email"), Usuario): Text 'automated.test@grupokaizen.net' is set on object 'Object Repository/Page_Iniciar Sesion - KAIZEN/is_input_email'

2020-02-07 11:00:29 - [MESSAGE][PASSED] - Text 'automated.test@grupokaizen.net' is set on object 'Object Repository/Page_Iniciar Sesion - KAIZEN/is_input_email'

2020-02-07 11:00:29 - [TEST_STEP][PASSED] - setEncryptedText(findTestObject("Page_Iniciar Sesion - KAIZEN/IS_input_contrasena"), Contrasena): Text ****** has been set on object 'Object Repository/Page_Iniciar Sesion - KAIZEN/IS_input_contrasena'

2020-02-07 11:00:30 - [MESSAGE][PASSED] - Text ****** has been set on object 'Object Repository/Page_Iniciar Sesion - KAIZEN/IS_input_contrasena'

2020-02-07 11:00:30 - [TEST_STEP][PASSED] - click(findTestObject("Page_Iniciar Sesion - KAIZEN/is_btn_ingresar_sistema")): Object: 'Object Repository/Page_Iniciar Sesion - KAIZEN/is_btn_ingresar_sistema' is clicked on

2020-02-07 11:00:32 - [MESSAGE][PASSED] - Object: 'Object Repository/Page_Iniciar Sesion - KAIZEN/is_btn_ingresar_sistema' is clicked on

2020-02-07 11:00:32 - [MESSAGE][PASSED] - Call Test Case 'Test Cases/Individual_Tests_20pies/Login' successfully

2020-02-07 11:00:32 - [TEST_STEP][PASSED] - callTestCase(findTestCase("Individual_Tests_20pies/Seleccionar_Idioma"), ["Evento":"Aprobar", "Index":Index, "Idioma":Idioma], STOP_ON_FAILURE): Call Test Case 'Test Cases/Individual_Tests_20pies/Seleccionar_Idioma' successfully

2020-02-07 11:00:32 - [TEST_CASE][PASSED] - Test Cases/Individual_Tests_20pies/Seleccionar_Idioma: Test Cases/Individual_Tests_20pies/Seleccionar_Idioma

2020-02-07 11:00:32 - [TEST_STEP][PASSED] - if (Evento == "Crear"): null

2020-02-07 11:00:32 - [TEST_STEP][PASSED] - else if (Evento == "Aprobar"): null

2020-02-07 11:00:32 - [TEST_STEP][PASSED] - data2 = obtener_excels.obtener_aprobaciones_20pies.getValuesExcelAprob20(Index): obtener_excels.obtener_aprobaciones_20pies.getValuesExcelAprob20 is PASSED

2020-02-07 11:00:32 - [MESSAGE][PASSED] - obtener_excels.obtener_aprobaciones_20pies.getValuesExcelAprob20 is PASSED

2020-02-07 11:00:32 - [TEST_STEP][PASSED] - Idioma = data2[0]: null

2020-02-07 11:00:32 - [TEST_STEP][PASSED] - click(findTestObject("Page_- KAIZEN/si_btn_idioma")): Object: 'Object Repository/Page_- KAIZEN/si_btn_idioma' is clicked on

2020-02-07 11:00:32 - [MESSAGE][PASSED] - Object: 'Object Repository/Page_- KAIZEN/si_btn_idioma' is clicked on

2020-02-07 11:00:32 - [TEST_STEP][PASSED] - if (Idioma == "0"): null

2020-02-07 11:00:32 - [TEST_STEP][PASSED] - else: Object: 'Object Repository/Page_- KAIZEN/si_Spanish' is clicked on

2020-02-07 11:00:32 - [TEST_STEP][PASSED] - click(findTestObject("Page_- KAIZEN/si_Spanish")): Object: 'Object Repository/Page_- KAIZEN/si_Spanish' is clicked on

2020-02-07 11:00:34 - [MESSAGE][PASSED] - Object: 'Object Repository/Page_- KAIZEN/si_Spanish' is clicked on

2020-02-07 11:00:34 - [MESSAGE][PASSED] - Call Test Case 'Test Cases/Individual_Tests_20pies/Seleccionar_Idioma' successfully

2020-02-07 11:00:34 - [TEST_STEP][PASSED] - callTestCase(findTestCase("Individual_Tests_20pies/Aprobacion_Ventas"), ["Index":Index, "IDCliente":IDCliente, "IDPedido":IDPedido, "AprobacionVentas":AprobacionVentas], STOP_ON_FAILURE): Call Test Case 'Test Cases/Individual_Tests_20pies/Aprobacion_Ventas' successfully

2020-02-07 11:00:34 - [TEST_CASE][PASSED] - Test Cases/Individual_Tests_20pies/Aprobacion_Ventas: Test Cases/Individual_Tests_20pies/Aprobacion_Ventas

2020-02-07 11:00:34 - [TEST_STEP][PASSED] - data = obtener_excels.obtener_aprobaciones_20pies.getValuesExcelAprob20(Index): obtener_excels.obtener_aprobaciones_20pies.getValuesExcelAprob20 is PASSED

2020-02-07 11:00:34 - [MESSAGE][PASSED] - obtener_excels.obtener_aprobaciones_20pies.getValuesExcelAprob20 is PASSED

2020-02-07 11:00:34 - [TEST_STEP][PASSED] - IdPedido = data[3]: null

2020-02-07 11:00:34 - [TEST_STEP][PASSED] - Id_Cliente = data[4]: null

2020-02-07 11:00:34 - [TEST_STEP][PASSED] - AprobVentas = data[5]: null

2020-02-07 11:00:34 - [TEST_STEP][PASSED] - print(Id_Cliente + "
"): null

2020-02-07 11:00:34 - [TEST_STEP][PASSED] - print(AprobVentas + "
"): null

2020-02-07 11:00:34 - [TEST_STEP][PASSED] - IDPedido = IdPedido: null

2020-02-07 11:00:34 - [TEST_STEP][PASSED] - IDCliente = Id_Cliente: null

2020-02-07 11:00:34 - [TEST_STEP][PASSED] - AprobacionVentas = AprobVentas: null

2020-02-07 11:00:34 - [TEST_STEP][PASSED] - click(findTestObject("Page_- KAIZEN/av_btn_ventas")): Object: 'Object Repository/Page_- KAIZEN/av_btn_ventas' is clicked on

2020-02-07 11:00:35 - [MESSAGE][PASSED] - Object: 'Object Repository/Page_- KAIZEN/av_btn_ventas' is clicked on

2020-02-07 11:00:35 - [TEST_STEP][PASSED] - click(findTestObject("Page_- KAIZEN/av_btn_aprobacinventas")): Object: 'Object Repository/Page_- KAIZEN/av_btn_aprobacinventas' is clicked on

2020-02-07 11:00:37 - [MESSAGE][PASSED] - Object: 'Object Repository/Page_- KAIZEN/av_btn_aprobacinventas' is clicked on

2020-02-07 11:00:37 - [TEST_STEP][PASSED] - click(findTestObject("Page_Aprobacin de Ventas - KAIZEN/av_click_aprobacionventas")): Object: 'Object Repository/Page_Aprobacin de Ventas - KAIZEN/av_click_aprobacionventas' is clicked on

2020-02-07 11:00:38 - [MESSAGE][PASSED] - Object: 'Object Repository/Page_Aprobacin de Ventas - KAIZEN/av_click_aprobacionventas' is clicked on

2020-02-07 11:00:38 - [TEST_STEP][PASSED] - click(findTestObject("Page_Aprobacin de Ventas - KAIZEN/av_btn_seleccione_cliente")): Object: 'Object Repository/Page_Aprobacin de Ventas - KAIZEN/av_btn_seleccione_cliente' is clicked on

2020-02-07 11:00:39 - [MESSAGE][PASSED] - Object: 'Object Repository/Page_Aprobacin de Ventas - KAIZEN/av_btn_seleccione_cliente' is clicked on

2020-02-07 11:00:39 - [TEST_STEP][PASSED] - click(findTestObject("Page_Aprobacin de Ventas - KAIZEN/av_click_seleccione_cliente")): Object: 'Object Repository/Page_Aprobacin de Ventas - KAIZEN/av_click_seleccione_cliente' is clicked on

2020-02-07 11:00:39 - [MESSAGE][PASSED] - Object: 'Object Repository/Page_Aprobacin de Ventas - KAIZEN/av_click_seleccione_cliente' is clicked on

2020-02-07 11:00:39 - [TEST_STEP][PASSED] - selectOptionByValue(findTestObject("Page_Aprobacin de Ventas - KAIZEN/av_assing_seleccione_cliente"), IDCliente, true): All options with value '17' are selected in object 'Object Repository/Page_Aprobacin de Ventas - KAIZEN/av_assing_seleccione_cliente'  using regular expression

2020-02-07 11:00:41 - [MESSAGE][PASSED] - All options with value '17' are selected in object 'Object Repository/Page_Aprobacin de Ventas - KAIZEN/av_assing_seleccione_cliente'  using regular expression

2020-02-07 11:00:41 - [TEST_STEP][PASSED] - click(findTestObject("Page_Aprobacin de Ventas - KAIZEN/av_btn_Buscar")): Object: 'Object Repository/Page_Aprobacin de Ventas - KAIZEN/av_btn_Buscar' is clicked on

2020-02-07 11:00:42 - [MESSAGE][PASSED] - Object: 'Object Repository/Page_Aprobacin de Ventas - KAIZEN/av_btn_Buscar' is clicked on

2020-02-07 11:00:42 - [TEST_STEP][PASSED] - delay(5): Delayed 5 second(s)

2020-02-07 11:00:47 - [MESSAGE][PASSED] - Delayed 5 second(s)

2020-02-07 11:00:47 - [TEST_STEP][PASSED] - if (AprobacionVentas == "Aprobar"): Object: 'Object Repository/Page_Aprobacin de Ventas - KAIZEN/av_btn_aceptar' is clicked on

2020-02-07 11:00:47 - [TEST_STEP][PASSED] - variable = "btn_aprobar_" + IDPedido: null

2020-02-07 11:00:47 - [TEST_STEP][PASSED] - executeJavaScript(document.getElementById('$variable').click();, null): Execute JavaScript 'document.getElementById('btn_aprobar_196').click();' successfully

2020-02-07 11:00:47 - [MESSAGE][PASSED] - Execute JavaScript 'document.getElementById('btn_aprobar_196').click();' successfully

2020-02-07 11:00:47 - [TEST_STEP][PASSED] - click(findTestObject("Page_Aprobacin de Ventas - KAIZEN/av_btn_aceptar")): Object: 'Object Repository/Page_Aprobacin de Ventas - KAIZEN/av_btn_aceptar' is clicked on

2020-02-07 11:00:48 - [MESSAGE][PASSED] - Object: 'Object Repository/Page_Aprobacin de Ventas - KAIZEN/av_btn_aceptar' is clicked on

2020-02-07 11:00:48 - [TEST_STEP][PASSED] - delay(10): Delayed 10 second(s)

2020-02-07 11:00:58 - [MESSAGE][PASSED] - Delayed 10 second(s)

2020-02-07 11:00:58 - [MESSAGE][PASSED] - Call Test Case 'Test Cases/Individual_Tests_20pies/Aprobacion_Ventas' successfully

2020-02-07 11:00:58 - [TEST_STEP][PASSED] - callTestCase(findTestCase("Individual_Tests_20pies/Login"), ["Evento":"Aprobar", "Index":Index, "Usuario":Usuario, "Contrasena":Contrasena], STOP_ON_FAILURE): Call Test Case 'Test Cases/Individual_Tests_20pies/Login' successfully

2020-02-07 11:00:58 - [TEST_CASE][PASSED] - Test Cases/Individual_Tests_20pies/Login: Test Cases/Individual_Tests_20pies/Login

2020-02-07 11:00:58 - [TEST_STEP][PASSED] - print("Evento Seleccionado: " + Evento + "
"): null

2020-02-07 11:00:58 - [TEST_STEP][PASSED] - openBrowser(Web): Browser is opened with url: 'http://test.kaizendev.net/Login/Accesar?salir=true'

2020-02-07 11:00:58 - [MESSAGE][WARNING] - A browser is already opened. Closing browser and opening a new one

2020-02-07 11:00:59 - [MESSAGE][INFO] - Starting 'Chrome' driver

2020-02-07 11:01:09 - [MESSAGE][PASSED] - Browser is opened with url: 'http://test.kaizendev.net/Login/Accesar?salir=true'

2020-02-07 11:01:09 - [TEST_STEP][PASSED] - maximizeWindow(): Current window maximized

2020-02-07 11:01:10 - [MESSAGE][PASSED] - Current window maximized

2020-02-07 11:01:10 - [TEST_STEP][PASSED] - if (Evento == "Crear"): null

2020-02-07 11:01:10 - [TEST_STEP][PASSED] - else if (Evento == "Aprobar"): Object: 'Object Repository/Page_Iniciar Sesion - KAIZEN/is_btn_ingresar_sistema' is clicked on

2020-02-07 11:01:10 - [TEST_STEP][PASSED] - data2 = obtener_excels.obtener_aprobaciones_20pies.getValuesExcelAprob20(Index): obtener_excels.obtener_aprobaciones_20pies.getValuesExcelAprob20 is PASSED

2020-02-07 11:01:10 - [MESSAGE][PASSED] - obtener_excels.obtener_aprobaciones_20pies.getValuesExcelAprob20 is PASSED

2020-02-07 11:01:10 - [TEST_STEP][PASSED] - Usuario = data2[1]: null

2020-02-07 11:01:10 - [TEST_STEP][PASSED] - Contrasena = data2[2]: null

2020-02-07 11:01:10 - [TEST_STEP][PASSED] - setText(findTestObject("Page_Iniciar Sesion - KAIZEN/is_input_email"), Usuario): Text 'automated.test@grupokaizen.net' is set on object 'Object Repository/Page_Iniciar Sesion - KAIZEN/is_input_email'

2020-02-07 11:01:10 - [MESSAGE][PASSED] - Text 'automated.test@grupokaizen.net' is set on object 'Object Repository/Page_Iniciar Sesion - KAIZEN/is_input_email'

2020-02-07 11:01:10 - [TEST_STEP][PASSED] - setEncryptedText(findTestObject("Page_Iniciar Sesion - KAIZEN/IS_input_contrasena"), Contrasena): Text ****** has been set on object 'Object Repository/Page_Iniciar Sesion - KAIZEN/IS_input_contrasena'

2020-02-07 11:01:11 - [MESSAGE][PASSED] - Text ****** has been set on object 'Object Repository/Page_Iniciar Sesion - KAIZEN/IS_input_contrasena'

2020-02-07 11:01:11 - [TEST_STEP][PASSED] - click(findTestObject("Page_Iniciar Sesion - KAIZEN/is_btn_ingresar_sistema")): Object: 'Object Repository/Page_Iniciar Sesion - KAIZEN/is_btn_ingresar_sistema' is clicked on

2020-02-07 11:01:13 - [MESSAGE][PASSED] - Object: 'Object Repository/Page_Iniciar Sesion - KAIZEN/is_btn_ingresar_sistema' is clicked on

2020-02-07 11:01:13 - [MESSAGE][PASSED] - Call Test Case 'Test Cases/Individual_Tests_20pies/Login' successfully

2020-02-07 11:01:13 - [TEST_STEP][PASSED] - callTestCase(findTestCase("Individual_Tests_20pies/Seleccionar_Idioma"), ["Evento":"Aprobar", "Index":Index, "Idioma":Idioma], STOP_ON_FAILURE): Call Test Case 'Test Cases/Individual_Tests_20pies/Seleccionar_Idioma' successfully

2020-02-07 11:01:13 - [TEST_CASE][PASSED] - Test Cases/Individual_Tests_20pies/Seleccionar_Idioma: Test Cases/Individual_Tests_20pies/Seleccionar_Idioma

2020-02-07 11:01:13 - [TEST_STEP][PASSED] - if (Evento == "Crear"): null

2020-02-07 11:01:13 - [TEST_STEP][PASSED] - else if (Evento == "Aprobar"): null

2020-02-07 11:01:13 - [TEST_STEP][PASSED] - data2 = obtener_excels.obtener_aprobaciones_20pies.getValuesExcelAprob20(Index): obtener_excels.obtener_aprobaciones_20pies.getValuesExcelAprob20 is PASSED

2020-02-07 11:01:13 - [MESSAGE][PASSED] - obtener_excels.obtener_aprobaciones_20pies.getValuesExcelAprob20 is PASSED

2020-02-07 11:01:13 - [TEST_STEP][PASSED] - Idioma = data2[0]: null

2020-02-07 11:01:13 - [TEST_STEP][PASSED] - click(findTestObject("Page_- KAIZEN/si_btn_idioma")): Object: 'Object Repository/Page_- KAIZEN/si_btn_idioma' is clicked on

2020-02-07 11:01:13 - [MESSAGE][PASSED] - Object: 'Object Repository/Page_- KAIZEN/si_btn_idioma' is clicked on

2020-02-07 11:01:13 - [TEST_STEP][PASSED] - if (Idioma == "0"): null

2020-02-07 11:01:13 - [TEST_STEP][PASSED] - else: Object: 'Object Repository/Page_- KAIZEN/si_Spanish' is clicked on

2020-02-07 11:01:13 - [TEST_STEP][PASSED] - click(findTestObject("Page_- KAIZEN/si_Spanish")): Object: 'Object Repository/Page_- KAIZEN/si_Spanish' is clicked on

2020-02-07 11:01:14 - [MESSAGE][PASSED] - Object: 'Object Repository/Page_- KAIZEN/si_Spanish' is clicked on

2020-02-07 11:01:14 - [MESSAGE][PASSED] - Call Test Case 'Test Cases/Individual_Tests_20pies/Seleccionar_Idioma' successfully

2020-02-07 11:01:14 - [TEST_STEP][PASSED] - callTestCase(findTestCase("Individual_Tests_20pies/Aprobacion_Ventas"), ["Index":Index, "IDCliente":IDCliente, "IDPedido":IDPedido, "AprobacionVentas":AprobacionVentas], STOP_ON_FAILURE): Call Test Case 'Test Cases/Individual_Tests_20pies/Aprobacion_Ventas' successfully

2020-02-07 11:01:14 - [TEST_CASE][PASSED] - Test Cases/Individual_Tests_20pies/Aprobacion_Ventas: Test Cases/Individual_Tests_20pies/Aprobacion_Ventas

2020-02-07 11:01:14 - [TEST_STEP][PASSED] - data = obtener_excels.obtener_aprobaciones_20pies.getValuesExcelAprob20(Index): obtener_excels.obtener_aprobaciones_20pies.getValuesExcelAprob20 is PASSED

2020-02-07 11:01:14 - [MESSAGE][PASSED] - obtener_excels.obtener_aprobaciones_20pies.getValuesExcelAprob20 is PASSED

2020-02-07 11:01:14 - [TEST_STEP][PASSED] - IdPedido = data[3]: null

2020-02-07 11:01:14 - [TEST_STEP][PASSED] - Id_Cliente = data[4]: null

2020-02-07 11:01:14 - [TEST_STEP][PASSED] - AprobVentas = data[5]: null

2020-02-07 11:01:14 - [TEST_STEP][PASSED] - print(Id_Cliente + "
"): null

2020-02-07 11:01:14 - [TEST_STEP][PASSED] - print(AprobVentas + "
"): null

2020-02-07 11:01:14 - [TEST_STEP][PASSED] - IDPedido = IdPedido: null

2020-02-07 11:01:14 - [TEST_STEP][PASSED] - IDCliente = Id_Cliente: null

2020-02-07 11:01:14 - [TEST_STEP][PASSED] - AprobacionVentas = AprobVentas: null

2020-02-07 11:01:14 - [TEST_STEP][PASSED] - click(findTestObject("Page_- KAIZEN/av_btn_ventas")): Object: 'Object Repository/Page_- KAIZEN/av_btn_ventas' is clicked on

2020-02-07 11:01:15 - [MESSAGE][PASSED] - Object: 'Object Repository/Page_- KAIZEN/av_btn_ventas' is clicked on

2020-02-07 11:01:15 - [TEST_STEP][PASSED] - click(findTestObject("Page_- KAIZEN/av_btn_aprobacinventas")): Object: 'Object Repository/Page_- KAIZEN/av_btn_aprobacinventas' is clicked on

2020-02-07 11:01:17 - [MESSAGE][PASSED] - Object: 'Object Repository/Page_- KAIZEN/av_btn_aprobacinventas' is clicked on

2020-02-07 11:01:17 - [TEST_STEP][PASSED] - click(findTestObject("Page_Aprobacin de Ventas - KAIZEN/av_click_aprobacionventas")): Object: 'Object Repository/Page_Aprobacin de Ventas - KAIZEN/av_click_aprobacionventas' is clicked on

2020-02-07 11:01:18 - [MESSAGE][PASSED] - Object: 'Object Repository/Page_Aprobacin de Ventas - KAIZEN/av_click_aprobacionventas' is clicked on

2020-02-07 11:01:18 - [TEST_STEP][PASSED] - click(findTestObject("Page_Aprobacin de Ventas - KAIZEN/av_btn_seleccione_cliente")): Object: 'Object Repository/Page_Aprobacin de Ventas - KAIZEN/av_btn_seleccione_cliente' is clicked on

2020-02-07 11:01:19 - [MESSAGE][PASSED] - Object: 'Object Repository/Page_Aprobacin de Ventas - KAIZEN/av_btn_seleccione_cliente' is clicked on

2020-02-07 11:01:19 - [TEST_STEP][PASSED] - click(findTestObject("Page_Aprobacin de Ventas - KAIZEN/av_click_seleccione_cliente")): Object: 'Object Repository/Page_Aprobacin de Ventas - KAIZEN/av_click_seleccione_cliente' is clicked on

2020-02-07 11:01:19 - [MESSAGE][PASSED] - Object: 'Object Repository/Page_Aprobacin de Ventas - KAIZEN/av_click_seleccione_cliente' is clicked on

2020-02-07 11:01:19 - [TEST_STEP][PASSED] - selectOptionByValue(findTestObject("Page_Aprobacin de Ventas - KAIZEN/av_assing_seleccione_cliente"), IDCliente, true): All options with value '4' are selected in object 'Object Repository/Page_Aprobacin de Ventas - KAIZEN/av_assing_seleccione_cliente'  using regular expression

2020-02-07 11:01:21 - [MESSAGE][PASSED] - All options with value '4' are selected in object 'Object Repository/Page_Aprobacin de Ventas - KAIZEN/av_assing_seleccione_cliente'  using regular expression

2020-02-07 11:01:21 - [TEST_STEP][PASSED] - click(findTestObject("Page_Aprobacin de Ventas - KAIZEN/av_btn_Buscar")): Object: 'Object Repository/Page_Aprobacin de Ventas - KAIZEN/av_btn_Buscar' is clicked on

2020-02-07 11:01:22 - [MESSAGE][PASSED] - Object: 'Object Repository/Page_Aprobacin de Ventas - KAIZEN/av_btn_Buscar' is clicked on

2020-02-07 11:01:22 - [TEST_STEP][PASSED] - delay(5): Delayed 5 second(s)

2020-02-07 11:01:27 - [MESSAGE][PASSED] - Delayed 5 second(s)

2020-02-07 11:01:27 - [TEST_STEP][PASSED] - if (AprobacionVentas == "Aprobar"): Object: 'Object Repository/Page_Aprobacin de Ventas - KAIZEN/av_btn_aceptar' is clicked on

2020-02-07 11:01:27 - [TEST_STEP][PASSED] - variable = "btn_aprobar_" + IDPedido: null

2020-02-07 11:01:27 - [TEST_STEP][PASSED] - executeJavaScript(document.getElementById('$variable').click();, null): Execute JavaScript 'document.getElementById('btn_aprobar_197').click();' successfully

2020-02-07 11:01:27 - [MESSAGE][PASSED] - Execute JavaScript 'document.getElementById('btn_aprobar_197').click();' successfully

2020-02-07 11:01:27 - [TEST_STEP][PASSED] - click(findTestObject("Page_Aprobacin de Ventas - KAIZEN/av_btn_aceptar")): Object: 'Object Repository/Page_Aprobacin de Ventas - KAIZEN/av_btn_aceptar' is clicked on

2020-02-07 11:01:28 - [MESSAGE][PASSED] - Object: 'Object Repository/Page_Aprobacin de Ventas - KAIZEN/av_btn_aceptar' is clicked on

2020-02-07 11:01:28 - [TEST_STEP][PASSED] - delay(10): Delayed 10 second(s)

2020-02-07 11:01:38 - [MESSAGE][PASSED] - Delayed 10 second(s)

2020-02-07 11:01:38 - [MESSAGE][PASSED] - Call Test Case 'Test Cases/Individual_Tests_20pies/Aprobacion_Ventas' successfully]]></system-out>
         <system-err><![CDATA[]]></system-err>
      </testcase>
      <testcase name="Test Cases/Secuencias de Ejecucion/TC_Aprobar_Financiera_20pies" time="303.648" classname="Test Cases/Secuencias de Ejecucion/TC_Aprobar_Financiera_20pies" status="PASSED">
         <system-out><![CDATA[2020-02-07 11:01:38 - [TEST_CASE][PASSED] - Test Cases/Secuencias de Ejecucion/TC_Aprobar_Financiera_20pies: Test Cases/Secuencias de Ejecucion/TC_Aprobar_Financiera_20pies

2020-02-07 11:01:38 - [TEST_STEP][PASSED] - archivo = $RunConfiguration.getProjectDir()/Pedidos/DataExcel/AprobacionesPedidos_20pies.xlsx: null

2020-02-07 11:01:38 - [TEST_STEP][PASSED] - excelData = getExcelDataWithDefaultSheet(archivo, "Sheet1", true): null

2020-02-07 11:01:38 - [TEST_STEP][PASSED] - for ([Index = 1, Index <= excelData.getRowNumbers(), (Index++)]): Call Test Case 'Test Cases/Individual_Tests_20pies/Aprobacion_Financiera' successfully

2020-02-07 11:01:38 - [TEST_STEP][PASSED] - callTestCase(findTestCase("Individual_Tests_20pies/Login"), ["Evento":"Aprobar", "Index":Index, "Usuario":Usuario, "Contrasena":Contrasena], STOP_ON_FAILURE): Call Test Case 'Test Cases/Individual_Tests_20pies/Login' successfully

2020-02-07 11:01:38 - [TEST_CASE][PASSED] - Test Cases/Individual_Tests_20pies/Login: Test Cases/Individual_Tests_20pies/Login

2020-02-07 11:01:38 - [TEST_STEP][PASSED] - print("Evento Seleccionado: " + Evento + "
"): null

2020-02-07 11:01:38 - [TEST_STEP][PASSED] - openBrowser(Web): Browser is opened with url: 'http://test.kaizendev.net/Login/Accesar?salir=true'

2020-02-07 11:01:38 - [MESSAGE][WARNING] - A browser is already opened. Closing browser and opening a new one

2020-02-07 11:01:39 - [MESSAGE][INFO] - Starting 'Chrome' driver

2020-02-07 11:01:48 - [MESSAGE][PASSED] - Browser is opened with url: 'http://test.kaizendev.net/Login/Accesar?salir=true'

2020-02-07 11:01:48 - [TEST_STEP][PASSED] - maximizeWindow(): Current window maximized

2020-02-07 11:01:49 - [MESSAGE][PASSED] - Current window maximized

2020-02-07 11:01:49 - [TEST_STEP][PASSED] - if (Evento == "Crear"): null

2020-02-07 11:01:49 - [TEST_STEP][PASSED] - else if (Evento == "Aprobar"): Object: 'Object Repository/Page_Iniciar Sesion - KAIZEN/is_btn_ingresar_sistema' is clicked on

2020-02-07 11:01:49 - [TEST_STEP][PASSED] - data2 = obtener_excels.obtener_aprobaciones_20pies.getValuesExcelAprob20(Index): obtener_excels.obtener_aprobaciones_20pies.getValuesExcelAprob20 is PASSED

2020-02-07 11:01:49 - [MESSAGE][PASSED] - obtener_excels.obtener_aprobaciones_20pies.getValuesExcelAprob20 is PASSED

2020-02-07 11:01:49 - [TEST_STEP][PASSED] - Usuario = data2[1]: null

2020-02-07 11:01:49 - [TEST_STEP][PASSED] - Contrasena = data2[2]: null

2020-02-07 11:01:49 - [TEST_STEP][PASSED] - setText(findTestObject("Page_Iniciar Sesion - KAIZEN/is_input_email"), Usuario): Text 'automated.test@grupokaizen.net' is set on object 'Object Repository/Page_Iniciar Sesion - KAIZEN/is_input_email'

2020-02-07 11:01:50 - [MESSAGE][PASSED] - Text 'automated.test@grupokaizen.net' is set on object 'Object Repository/Page_Iniciar Sesion - KAIZEN/is_input_email'

2020-02-07 11:01:50 - [TEST_STEP][PASSED] - setEncryptedText(findTestObject("Page_Iniciar Sesion - KAIZEN/IS_input_contrasena"), Contrasena): Text ****** has been set on object 'Object Repository/Page_Iniciar Sesion - KAIZEN/IS_input_contrasena'

2020-02-07 11:01:50 - [MESSAGE][PASSED] - Text ****** has been set on object 'Object Repository/Page_Iniciar Sesion - KAIZEN/IS_input_contrasena'

2020-02-07 11:01:50 - [TEST_STEP][PASSED] - click(findTestObject("Page_Iniciar Sesion - KAIZEN/is_btn_ingresar_sistema")): Object: 'Object Repository/Page_Iniciar Sesion - KAIZEN/is_btn_ingresar_sistema' is clicked on

2020-02-07 11:01:52 - [MESSAGE][PASSED] - Object: 'Object Repository/Page_Iniciar Sesion - KAIZEN/is_btn_ingresar_sistema' is clicked on

2020-02-07 11:01:52 - [MESSAGE][PASSED] - Call Test Case 'Test Cases/Individual_Tests_20pies/Login' successfully

2020-02-07 11:01:52 - [TEST_STEP][PASSED] - callTestCase(findTestCase("Individual_Tests_20pies/Seleccionar_Idioma"), ["Evento":"Aprobar", "Index":Index, "Idioma":Idioma], STOP_ON_FAILURE): Call Test Case 'Test Cases/Individual_Tests_20pies/Seleccionar_Idioma' successfully

2020-02-07 11:01:52 - [TEST_CASE][PASSED] - Test Cases/Individual_Tests_20pies/Seleccionar_Idioma: Test Cases/Individual_Tests_20pies/Seleccionar_Idioma

2020-02-07 11:01:52 - [TEST_STEP][PASSED] - if (Evento == "Crear"): null

2020-02-07 11:01:52 - [TEST_STEP][PASSED] - else if (Evento == "Aprobar"): null

2020-02-07 11:01:52 - [TEST_STEP][PASSED] - data2 = obtener_excels.obtener_aprobaciones_20pies.getValuesExcelAprob20(Index): obtener_excels.obtener_aprobaciones_20pies.getValuesExcelAprob20 is PASSED

2020-02-07 11:01:52 - [MESSAGE][PASSED] - obtener_excels.obtener_aprobaciones_20pies.getValuesExcelAprob20 is PASSED

2020-02-07 11:01:52 - [TEST_STEP][PASSED] - Idioma = data2[0]: null

2020-02-07 11:01:52 - [TEST_STEP][PASSED] - click(findTestObject("Page_- KAIZEN/si_btn_idioma")): Object: 'Object Repository/Page_- KAIZEN/si_btn_idioma' is clicked on

2020-02-07 11:01:53 - [MESSAGE][PASSED] - Object: 'Object Repository/Page_- KAIZEN/si_btn_idioma' is clicked on

2020-02-07 11:01:53 - [TEST_STEP][PASSED] - if (Idioma == "0"): null

2020-02-07 11:01:53 - [TEST_STEP][PASSED] - else: Object: 'Object Repository/Page_- KAIZEN/si_Spanish' is clicked on

2020-02-07 11:01:53 - [TEST_STEP][PASSED] - click(findTestObject("Page_- KAIZEN/si_Spanish")): Object: 'Object Repository/Page_- KAIZEN/si_Spanish' is clicked on

2020-02-07 11:01:54 - [MESSAGE][PASSED] - Object: 'Object Repository/Page_- KAIZEN/si_Spanish' is clicked on

2020-02-07 11:01:54 - [MESSAGE][PASSED] - Call Test Case 'Test Cases/Individual_Tests_20pies/Seleccionar_Idioma' successfully

2020-02-07 11:01:54 - [TEST_STEP][PASSED] - callTestCase(findTestCase("Individual_Tests_20pies/Aprobacion_Financiera"), ["Index":Index, "IDCliente":IDCliente, "IDPedido":IDPedido, "AprobacionFinanciera":AprobacionFinanciera], STOP_ON_FAILURE): Call Test Case 'Test Cases/Individual_Tests_20pies/Aprobacion_Financiera' successfully

2020-02-07 11:01:54 - [TEST_CASE][PASSED] - Test Cases/Individual_Tests_20pies/Aprobacion_Financiera: Test Cases/Individual_Tests_20pies/Aprobacion_Financiera

2020-02-07 11:01:54 - [TEST_STEP][PASSED] - data = obtener_excels.obtener_aprobaciones_20pies.getValuesExcelAprob20(Index): obtener_excels.obtener_aprobaciones_20pies.getValuesExcelAprob20 is PASSED

2020-02-07 11:01:54 - [MESSAGE][PASSED] - obtener_excels.obtener_aprobaciones_20pies.getValuesExcelAprob20 is PASSED

2020-02-07 11:01:54 - [TEST_STEP][PASSED] - IdPedido = data[3]: null

2020-02-07 11:01:54 - [TEST_STEP][PASSED] - Id_Cliente = data[4]: null

2020-02-07 11:01:54 - [TEST_STEP][PASSED] - AprobFinanciera = data[6]: null

2020-02-07 11:01:54 - [TEST_STEP][PASSED] - IDPedido = IdPedido: null

2020-02-07 11:01:54 - [TEST_STEP][PASSED] - IDCliente = Id_Cliente: null

2020-02-07 11:01:54 - [TEST_STEP][PASSED] - AprobacionFinanciera = AprobFinanciera: null

2020-02-07 11:01:54 - [TEST_STEP][PASSED] - click(findTestObject("Object Repository/Page_- KAIZEN/af_btn_Crdito y Cobranza")): Object: 'Object Repository/Page_- KAIZEN/af_btn_Crdito y Cobranza' is clicked on

2020-02-07 11:01:55 - [MESSAGE][PASSED] - Object: 'Object Repository/Page_- KAIZEN/af_btn_Crdito y Cobranza' is clicked on

2020-02-07 11:01:55 - [TEST_STEP][PASSED] - click(findTestObject("Object Repository/Page_- KAIZEN/af_btn_Aprobacin Financiera")): Object: 'Object Repository/Page_- KAIZEN/af_btn_Aprobacin Financiera' is clicked on

2020-02-07 11:01:57 - [MESSAGE][PASSED] - Object: 'Object Repository/Page_- KAIZEN/af_btn_Aprobacin Financiera' is clicked on

2020-02-07 11:01:57 - [TEST_STEP][PASSED] - click(findTestObject("Page_Aprobacion Financiera - KAIZEN/af_click_Aprobacin Financiera")): Object: 'Object Repository/Page_Aprobacion Financiera - KAIZEN/af_click_Aprobacin Financiera' is clicked on

2020-02-07 11:01:59 - [MESSAGE][PASSED] - Object: 'Object Repository/Page_Aprobacion Financiera - KAIZEN/af_click_Aprobacin Financiera' is clicked on

2020-02-07 11:01:59 - [TEST_STEP][PASSED] - click(findTestObject("Page_Aprobacion Financiera - KAIZEN/af_btn_seleccione_cliente")): Object: 'Object Repository/Page_Aprobacion Financiera - KAIZEN/af_btn_seleccione_cliente' is clicked on

2020-02-07 11:01:59 - [MESSAGE][PASSED] - Object: 'Object Repository/Page_Aprobacion Financiera - KAIZEN/af_btn_seleccione_cliente' is clicked on

2020-02-07 11:01:59 - [TEST_STEP][PASSED] - click(findTestObject("Page_Aprobacion Financiera - KAIZEN/af_click_seleccione_cliente")): Object: 'Object Repository/Page_Aprobacion Financiera - KAIZEN/af_click_seleccione_cliente' is clicked on

2020-02-07 11:02:00 - [MESSAGE][PASSED] - Object: 'Object Repository/Page_Aprobacion Financiera - KAIZEN/af_click_seleccione_cliente' is clicked on

2020-02-07 11:02:00 - [TEST_STEP][PASSED] - selectOptionByValue(findTestObject("Page_Aprobacion Financiera - KAIZEN/af_assing_seleccione_cliente"), IDCliente, true): All options with value '4' are selected in object 'Object Repository/Page_Aprobacion Financiera - KAIZEN/af_assing_seleccione_cliente'  using regular expression

2020-02-07 11:02:01 - [MESSAGE][PASSED] - All options with value '4' are selected in object 'Object Repository/Page_Aprobacion Financiera - KAIZEN/af_assing_seleccione_cliente'  using regular expression

2020-02-07 11:02:01 - [TEST_STEP][PASSED] - click(findTestObject("Page_Aprobacion Financiera - KAIZEN/af_btn_Buscar")): Object: 'Object Repository/Page_Aprobacion Financiera - KAIZEN/af_btn_Buscar' is clicked on

2020-02-07 11:02:03 - [MESSAGE][PASSED] - Object: 'Object Repository/Page_Aprobacion Financiera - KAIZEN/af_btn_Buscar' is clicked on

2020-02-07 11:02:03 - [TEST_STEP][PASSED] - delay(5): Delayed 5 second(s)

2020-02-07 11:02:08 - [MESSAGE][PASSED] - Delayed 5 second(s)

2020-02-07 11:02:08 - [TEST_STEP][PASSED] - if (AprobacionFinanciera == "Aprobar"): Object: 'Object Repository/Page_Aprobacion Financiera - KAIZEN/af_btn_Aceptar' is clicked on

2020-02-07 11:02:08 - [TEST_STEP][PASSED] - variable = "btn_aprobar_" + IDPedido: null

2020-02-07 11:02:08 - [TEST_STEP][PASSED] - executeJavaScript(document.getElementById('$variable').click();, null): Execute JavaScript 'document.getElementById('btn_aprobar_190').click();' successfully

2020-02-07 11:02:09 - [MESSAGE][PASSED] - Execute JavaScript 'document.getElementById('btn_aprobar_190').click();' successfully

2020-02-07 11:02:09 - [TEST_STEP][PASSED] - click(findTestObject("Page_Aprobacion Financiera - KAIZEN/af_btn_Aceptar")): Object: 'Object Repository/Page_Aprobacion Financiera - KAIZEN/af_btn_Aceptar' is clicked on

2020-02-07 11:02:09 - [MESSAGE][PASSED] - Object: 'Object Repository/Page_Aprobacion Financiera - KAIZEN/af_btn_Aceptar' is clicked on

2020-02-07 11:02:09 - [TEST_STEP][PASSED] - delay(10): Delayed 10 second(s)

2020-02-07 11:02:19 - [MESSAGE][PASSED] - Delayed 10 second(s)

2020-02-07 11:02:19 - [MESSAGE][PASSED] - Call Test Case 'Test Cases/Individual_Tests_20pies/Aprobacion_Financiera' successfully

2020-02-07 11:02:19 - [TEST_STEP][PASSED] - callTestCase(findTestCase("Individual_Tests_20pies/Login"), ["Evento":"Aprobar", "Index":Index, "Usuario":Usuario, "Contrasena":Contrasena], STOP_ON_FAILURE): Call Test Case 'Test Cases/Individual_Tests_20pies/Login' successfully

2020-02-07 11:02:19 - [TEST_CASE][PASSED] - Test Cases/Individual_Tests_20pies/Login: Test Cases/Individual_Tests_20pies/Login

2020-02-07 11:02:19 - [TEST_STEP][PASSED] - print("Evento Seleccionado: " + Evento + "
"): null

2020-02-07 11:02:19 - [TEST_STEP][PASSED] - openBrowser(Web): Browser is opened with url: 'http://test.kaizendev.net/Login/Accesar?salir=true'

2020-02-07 11:02:19 - [MESSAGE][WARNING] - A browser is already opened. Closing browser and opening a new one

2020-02-07 11:02:20 - [MESSAGE][INFO] - Starting 'Chrome' driver

2020-02-07 11:02:34 - [MESSAGE][PASSED] - Browser is opened with url: 'http://test.kaizendev.net/Login/Accesar?salir=true'

2020-02-07 11:02:34 - [TEST_STEP][PASSED] - maximizeWindow(): Current window maximized

2020-02-07 11:02:35 - [MESSAGE][PASSED] - Current window maximized

2020-02-07 11:02:35 - [TEST_STEP][PASSED] - if (Evento == "Crear"): null

2020-02-07 11:02:35 - [TEST_STEP][PASSED] - else if (Evento == "Aprobar"): Object: 'Object Repository/Page_Iniciar Sesion - KAIZEN/is_btn_ingresar_sistema' is clicked on

2020-02-07 11:02:35 - [TEST_STEP][PASSED] - data2 = obtener_excels.obtener_aprobaciones_20pies.getValuesExcelAprob20(Index): obtener_excels.obtener_aprobaciones_20pies.getValuesExcelAprob20 is PASSED

2020-02-07 11:02:35 - [MESSAGE][PASSED] - obtener_excels.obtener_aprobaciones_20pies.getValuesExcelAprob20 is PASSED

2020-02-07 11:02:35 - [TEST_STEP][PASSED] - Usuario = data2[1]: null

2020-02-07 11:02:35 - [TEST_STEP][PASSED] - Contrasena = data2[2]: null

2020-02-07 11:02:35 - [TEST_STEP][PASSED] - setText(findTestObject("Page_Iniciar Sesion - KAIZEN/is_input_email"), Usuario): Text 'automated.test@grupokaizen.net' is set on object 'Object Repository/Page_Iniciar Sesion - KAIZEN/is_input_email'

2020-02-07 11:02:36 - [MESSAGE][PASSED] - Text 'automated.test@grupokaizen.net' is set on object 'Object Repository/Page_Iniciar Sesion - KAIZEN/is_input_email'

2020-02-07 11:02:36 - [TEST_STEP][PASSED] - setEncryptedText(findTestObject("Page_Iniciar Sesion - KAIZEN/IS_input_contrasena"), Contrasena): Text ****** has been set on object 'Object Repository/Page_Iniciar Sesion - KAIZEN/IS_input_contrasena'

2020-02-07 11:02:36 - [MESSAGE][PASSED] - Text ****** has been set on object 'Object Repository/Page_Iniciar Sesion - KAIZEN/IS_input_contrasena'

2020-02-07 11:02:36 - [TEST_STEP][PASSED] - click(findTestObject("Page_Iniciar Sesion - KAIZEN/is_btn_ingresar_sistema")): Object: 'Object Repository/Page_Iniciar Sesion - KAIZEN/is_btn_ingresar_sistema' is clicked on

2020-02-07 11:02:38 - [MESSAGE][PASSED] - Object: 'Object Repository/Page_Iniciar Sesion - KAIZEN/is_btn_ingresar_sistema' is clicked on

2020-02-07 11:02:38 - [MESSAGE][PASSED] - Call Test Case 'Test Cases/Individual_Tests_20pies/Login' successfully

2020-02-07 11:02:38 - [TEST_STEP][PASSED] - callTestCase(findTestCase("Individual_Tests_20pies/Seleccionar_Idioma"), ["Evento":"Aprobar", "Index":Index, "Idioma":Idioma], STOP_ON_FAILURE): Call Test Case 'Test Cases/Individual_Tests_20pies/Seleccionar_Idioma' successfully

2020-02-07 11:02:38 - [TEST_CASE][PASSED] - Test Cases/Individual_Tests_20pies/Seleccionar_Idioma: Test Cases/Individual_Tests_20pies/Seleccionar_Idioma

2020-02-07 11:02:38 - [TEST_STEP][PASSED] - if (Evento == "Crear"): null

2020-02-07 11:02:38 - [TEST_STEP][PASSED] - else if (Evento == "Aprobar"): null

2020-02-07 11:02:38 - [TEST_STEP][PASSED] - data2 = obtener_excels.obtener_aprobaciones_20pies.getValuesExcelAprob20(Index): obtener_excels.obtener_aprobaciones_20pies.getValuesExcelAprob20 is PASSED

2020-02-07 11:02:38 - [MESSAGE][PASSED] - obtener_excels.obtener_aprobaciones_20pies.getValuesExcelAprob20 is PASSED

2020-02-07 11:02:38 - [TEST_STEP][PASSED] - Idioma = data2[0]: null

2020-02-07 11:02:38 - [TEST_STEP][PASSED] - click(findTestObject("Page_- KAIZEN/si_btn_idioma")): Object: 'Object Repository/Page_- KAIZEN/si_btn_idioma' is clicked on

2020-02-07 11:02:39 - [MESSAGE][PASSED] - Object: 'Object Repository/Page_- KAIZEN/si_btn_idioma' is clicked on

2020-02-07 11:02:39 - [TEST_STEP][PASSED] - if (Idioma == "0"): null

2020-02-07 11:02:39 - [TEST_STEP][PASSED] - else: Object: 'Object Repository/Page_- KAIZEN/si_Spanish' is clicked on

2020-02-07 11:02:39 - [TEST_STEP][PASSED] - click(findTestObject("Page_- KAIZEN/si_Spanish")): Object: 'Object Repository/Page_- KAIZEN/si_Spanish' is clicked on

2020-02-07 11:02:40 - [MESSAGE][PASSED] - Object: 'Object Repository/Page_- KAIZEN/si_Spanish' is clicked on

2020-02-07 11:02:40 - [MESSAGE][PASSED] - Call Test Case 'Test Cases/Individual_Tests_20pies/Seleccionar_Idioma' successfully

2020-02-07 11:02:40 - [TEST_STEP][PASSED] - callTestCase(findTestCase("Individual_Tests_20pies/Aprobacion_Financiera"), ["Index":Index, "IDCliente":IDCliente, "IDPedido":IDPedido, "AprobacionFinanciera":AprobacionFinanciera], STOP_ON_FAILURE): Call Test Case 'Test Cases/Individual_Tests_20pies/Aprobacion_Financiera' successfully

2020-02-07 11:02:40 - [TEST_CASE][PASSED] - Test Cases/Individual_Tests_20pies/Aprobacion_Financiera: Test Cases/Individual_Tests_20pies/Aprobacion_Financiera

2020-02-07 11:02:41 - [TEST_STEP][PASSED] - data = obtener_excels.obtener_aprobaciones_20pies.getValuesExcelAprob20(Index): obtener_excels.obtener_aprobaciones_20pies.getValuesExcelAprob20 is PASSED

2020-02-07 11:02:41 - [MESSAGE][PASSED] - obtener_excels.obtener_aprobaciones_20pies.getValuesExcelAprob20 is PASSED

2020-02-07 11:02:41 - [TEST_STEP][PASSED] - IdPedido = data[3]: null

2020-02-07 11:02:41 - [TEST_STEP][PASSED] - Id_Cliente = data[4]: null

2020-02-07 11:02:41 - [TEST_STEP][PASSED] - AprobFinanciera = data[6]: null

2020-02-07 11:02:41 - [TEST_STEP][PASSED] - IDPedido = IdPedido: null

2020-02-07 11:02:41 - [TEST_STEP][PASSED] - IDCliente = Id_Cliente: null

2020-02-07 11:02:41 - [TEST_STEP][PASSED] - AprobacionFinanciera = AprobFinanciera: null

2020-02-07 11:02:41 - [TEST_STEP][PASSED] - click(findTestObject("Object Repository/Page_- KAIZEN/af_btn_Crdito y Cobranza")): Object: 'Object Repository/Page_- KAIZEN/af_btn_Crdito y Cobranza' is clicked on

2020-02-07 11:02:42 - [MESSAGE][PASSED] - Object: 'Object Repository/Page_- KAIZEN/af_btn_Crdito y Cobranza' is clicked on

2020-02-07 11:02:42 - [TEST_STEP][PASSED] - click(findTestObject("Object Repository/Page_- KAIZEN/af_btn_Aprobacin Financiera")): Object: 'Object Repository/Page_- KAIZEN/af_btn_Aprobacin Financiera' is clicked on

2020-02-07 11:02:44 - [MESSAGE][PASSED] - Object: 'Object Repository/Page_- KAIZEN/af_btn_Aprobacin Financiera' is clicked on

2020-02-07 11:02:44 - [TEST_STEP][PASSED] - click(findTestObject("Page_Aprobacion Financiera - KAIZEN/af_click_Aprobacin Financiera")): Object: 'Object Repository/Page_Aprobacion Financiera - KAIZEN/af_click_Aprobacin Financiera' is clicked on

2020-02-07 11:02:44 - [MESSAGE][PASSED] - Object: 'Object Repository/Page_Aprobacion Financiera - KAIZEN/af_click_Aprobacin Financiera' is clicked on

2020-02-07 11:02:44 - [TEST_STEP][PASSED] - click(findTestObject("Page_Aprobacion Financiera - KAIZEN/af_btn_seleccione_cliente")): Object: 'Object Repository/Page_Aprobacion Financiera - KAIZEN/af_btn_seleccione_cliente' is clicked on

2020-02-07 11:02:45 - [MESSAGE][PASSED] - Object: 'Object Repository/Page_Aprobacion Financiera - KAIZEN/af_btn_seleccione_cliente' is clicked on

2020-02-07 11:02:45 - [TEST_STEP][PASSED] - click(findTestObject("Page_Aprobacion Financiera - KAIZEN/af_click_seleccione_cliente")): Object: 'Object Repository/Page_Aprobacion Financiera - KAIZEN/af_click_seleccione_cliente' is clicked on

2020-02-07 11:02:45 - [MESSAGE][PASSED] - Object: 'Object Repository/Page_Aprobacion Financiera - KAIZEN/af_click_seleccione_cliente' is clicked on

2020-02-07 11:02:45 - [TEST_STEP][PASSED] - selectOptionByValue(findTestObject("Page_Aprobacion Financiera - KAIZEN/af_assing_seleccione_cliente"), IDCliente, true): All options with value '4' are selected in object 'Object Repository/Page_Aprobacion Financiera - KAIZEN/af_assing_seleccione_cliente'  using regular expression

2020-02-07 11:02:47 - [MESSAGE][PASSED] - All options with value '4' are selected in object 'Object Repository/Page_Aprobacion Financiera - KAIZEN/af_assing_seleccione_cliente'  using regular expression

2020-02-07 11:02:47 - [TEST_STEP][PASSED] - click(findTestObject("Page_Aprobacion Financiera - KAIZEN/af_btn_Buscar")): Object: 'Object Repository/Page_Aprobacion Financiera - KAIZEN/af_btn_Buscar' is clicked on

2020-02-07 11:02:48 - [MESSAGE][PASSED] - Object: 'Object Repository/Page_Aprobacion Financiera - KAIZEN/af_btn_Buscar' is clicked on

2020-02-07 11:02:48 - [TEST_STEP][PASSED] - delay(5): Delayed 5 second(s)

2020-02-07 11:02:53 - [MESSAGE][PASSED] - Delayed 5 second(s)

2020-02-07 11:02:53 - [TEST_STEP][PASSED] - if (AprobacionFinanciera == "Aprobar"): Object: 'Object Repository/Page_Aprobacion Financiera - KAIZEN/af_btn_Aceptar' is clicked on

2020-02-07 11:02:53 - [TEST_STEP][PASSED] - variable = "btn_aprobar_" + IDPedido: null

2020-02-07 11:02:53 - [TEST_STEP][PASSED] - executeJavaScript(document.getElementById('$variable').click();, null): Execute JavaScript 'document.getElementById('btn_aprobar_192').click();' successfully

2020-02-07 11:02:53 - [MESSAGE][PASSED] - Execute JavaScript 'document.getElementById('btn_aprobar_192').click();' successfully

2020-02-07 11:02:53 - [TEST_STEP][PASSED] - click(findTestObject("Page_Aprobacion Financiera - KAIZEN/af_btn_Aceptar")): Object: 'Object Repository/Page_Aprobacion Financiera - KAIZEN/af_btn_Aceptar' is clicked on

2020-02-07 11:02:54 - [MESSAGE][PASSED] - Object: 'Object Repository/Page_Aprobacion Financiera - KAIZEN/af_btn_Aceptar' is clicked on

2020-02-07 11:02:54 - [TEST_STEP][PASSED] - delay(10): Delayed 10 second(s)

2020-02-07 11:03:04 - [MESSAGE][PASSED] - Delayed 10 second(s)

2020-02-07 11:03:04 - [MESSAGE][PASSED] - Call Test Case 'Test Cases/Individual_Tests_20pies/Aprobacion_Financiera' successfully

2020-02-07 11:03:04 - [TEST_STEP][PASSED] - callTestCase(findTestCase("Individual_Tests_20pies/Login"), ["Evento":"Aprobar", "Index":Index, "Usuario":Usuario, "Contrasena":Contrasena], STOP_ON_FAILURE): Call Test Case 'Test Cases/Individual_Tests_20pies/Login' successfully

2020-02-07 11:03:04 - [TEST_CASE][PASSED] - Test Cases/Individual_Tests_20pies/Login: Test Cases/Individual_Tests_20pies/Login

2020-02-07 11:03:04 - [TEST_STEP][PASSED] - print("Evento Seleccionado: " + Evento + "
"): null

2020-02-07 11:03:04 - [TEST_STEP][PASSED] - openBrowser(Web): Browser is opened with url: 'http://test.kaizendev.net/Login/Accesar?salir=true'

2020-02-07 11:03:04 - [MESSAGE][WARNING] - A browser is already opened. Closing browser and opening a new one

2020-02-07 11:03:04 - [MESSAGE][INFO] - Starting 'Chrome' driver

2020-02-07 11:03:15 - [MESSAGE][PASSED] - Browser is opened with url: 'http://test.kaizendev.net/Login/Accesar?salir=true'

2020-02-07 11:03:15 - [TEST_STEP][PASSED] - maximizeWindow(): Current window maximized

2020-02-07 11:03:16 - [MESSAGE][PASSED] - Current window maximized

2020-02-07 11:03:16 - [TEST_STEP][PASSED] - if (Evento == "Crear"): null

2020-02-07 11:03:16 - [TEST_STEP][PASSED] - else if (Evento == "Aprobar"): Object: 'Object Repository/Page_Iniciar Sesion - KAIZEN/is_btn_ingresar_sistema' is clicked on

2020-02-07 11:03:16 - [TEST_STEP][PASSED] - data2 = obtener_excels.obtener_aprobaciones_20pies.getValuesExcelAprob20(Index): obtener_excels.obtener_aprobaciones_20pies.getValuesExcelAprob20 is PASSED

2020-02-07 11:03:16 - [MESSAGE][PASSED] - obtener_excels.obtener_aprobaciones_20pies.getValuesExcelAprob20 is PASSED

2020-02-07 11:03:16 - [TEST_STEP][PASSED] - Usuario = data2[1]: null

2020-02-07 11:03:16 - [TEST_STEP][PASSED] - Contrasena = data2[2]: null

2020-02-07 11:03:16 - [TEST_STEP][PASSED] - setText(findTestObject("Page_Iniciar Sesion - KAIZEN/is_input_email"), Usuario): Text 'automated.test@grupokaizen.net' is set on object 'Object Repository/Page_Iniciar Sesion - KAIZEN/is_input_email'

2020-02-07 11:03:16 - [MESSAGE][PASSED] - Text 'automated.test@grupokaizen.net' is set on object 'Object Repository/Page_Iniciar Sesion - KAIZEN/is_input_email'

2020-02-07 11:03:16 - [TEST_STEP][PASSED] - setEncryptedText(findTestObject("Page_Iniciar Sesion - KAIZEN/IS_input_contrasena"), Contrasena): Text ****** has been set on object 'Object Repository/Page_Iniciar Sesion - KAIZEN/IS_input_contrasena'

2020-02-07 11:03:17 - [MESSAGE][PASSED] - Text ****** has been set on object 'Object Repository/Page_Iniciar Sesion - KAIZEN/IS_input_contrasena'

2020-02-07 11:03:17 - [TEST_STEP][PASSED] - click(findTestObject("Page_Iniciar Sesion - KAIZEN/is_btn_ingresar_sistema")): Object: 'Object Repository/Page_Iniciar Sesion - KAIZEN/is_btn_ingresar_sistema' is clicked on

2020-02-07 11:03:19 - [MESSAGE][PASSED] - Object: 'Object Repository/Page_Iniciar Sesion - KAIZEN/is_btn_ingresar_sistema' is clicked on

2020-02-07 11:03:19 - [MESSAGE][PASSED] - Call Test Case 'Test Cases/Individual_Tests_20pies/Login' successfully

2020-02-07 11:03:19 - [TEST_STEP][PASSED] - callTestCase(findTestCase("Individual_Tests_20pies/Seleccionar_Idioma"), ["Evento":"Aprobar", "Index":Index, "Idioma":Idioma], STOP_ON_FAILURE): Call Test Case 'Test Cases/Individual_Tests_20pies/Seleccionar_Idioma' successfully

2020-02-07 11:03:19 - [TEST_CASE][PASSED] - Test Cases/Individual_Tests_20pies/Seleccionar_Idioma: Test Cases/Individual_Tests_20pies/Seleccionar_Idioma

2020-02-07 11:03:19 - [TEST_STEP][PASSED] - if (Evento == "Crear"): null

2020-02-07 11:03:19 - [TEST_STEP][PASSED] - else if (Evento == "Aprobar"): null

2020-02-07 11:03:19 - [TEST_STEP][PASSED] - data2 = obtener_excels.obtener_aprobaciones_20pies.getValuesExcelAprob20(Index): obtener_excels.obtener_aprobaciones_20pies.getValuesExcelAprob20 is PASSED

2020-02-07 11:03:19 - [MESSAGE][PASSED] - obtener_excels.obtener_aprobaciones_20pies.getValuesExcelAprob20 is PASSED

2020-02-07 11:03:19 - [TEST_STEP][PASSED] - Idioma = data2[0]: null

2020-02-07 11:03:19 - [TEST_STEP][PASSED] - click(findTestObject("Page_- KAIZEN/si_btn_idioma")): Object: 'Object Repository/Page_- KAIZEN/si_btn_idioma' is clicked on

2020-02-07 11:03:20 - [MESSAGE][PASSED] - Object: 'Object Repository/Page_- KAIZEN/si_btn_idioma' is clicked on

2020-02-07 11:03:20 - [TEST_STEP][PASSED] - if (Idioma == "0"): null

2020-02-07 11:03:20 - [TEST_STEP][PASSED] - else: Object: 'Object Repository/Page_- KAIZEN/si_Spanish' is clicked on

2020-02-07 11:03:20 - [TEST_STEP][PASSED] - click(findTestObject("Page_- KAIZEN/si_Spanish")): Object: 'Object Repository/Page_- KAIZEN/si_Spanish' is clicked on

2020-02-07 11:03:21 - [MESSAGE][PASSED] - Object: 'Object Repository/Page_- KAIZEN/si_Spanish' is clicked on

2020-02-07 11:03:21 - [MESSAGE][PASSED] - Call Test Case 'Test Cases/Individual_Tests_20pies/Seleccionar_Idioma' successfully

2020-02-07 11:03:21 - [TEST_STEP][PASSED] - callTestCase(findTestCase("Individual_Tests_20pies/Aprobacion_Financiera"), ["Index":Index, "IDCliente":IDCliente, "IDPedido":IDPedido, "AprobacionFinanciera":AprobacionFinanciera], STOP_ON_FAILURE): Call Test Case 'Test Cases/Individual_Tests_20pies/Aprobacion_Financiera' successfully

2020-02-07 11:03:21 - [TEST_CASE][PASSED] - Test Cases/Individual_Tests_20pies/Aprobacion_Financiera: Test Cases/Individual_Tests_20pies/Aprobacion_Financiera

2020-02-07 11:03:21 - [TEST_STEP][PASSED] - data = obtener_excels.obtener_aprobaciones_20pies.getValuesExcelAprob20(Index): obtener_excels.obtener_aprobaciones_20pies.getValuesExcelAprob20 is PASSED

2020-02-07 11:03:21 - [MESSAGE][PASSED] - obtener_excels.obtener_aprobaciones_20pies.getValuesExcelAprob20 is PASSED

2020-02-07 11:03:21 - [TEST_STEP][PASSED] - IdPedido = data[3]: null

2020-02-07 11:03:21 - [TEST_STEP][PASSED] - Id_Cliente = data[4]: null

2020-02-07 11:03:21 - [TEST_STEP][PASSED] - AprobFinanciera = data[6]: null

2020-02-07 11:03:21 - [TEST_STEP][PASSED] - IDPedido = IdPedido: null

2020-02-07 11:03:21 - [TEST_STEP][PASSED] - IDCliente = Id_Cliente: null

2020-02-07 11:03:21 - [TEST_STEP][PASSED] - AprobacionFinanciera = AprobFinanciera: null

2020-02-07 11:03:21 - [TEST_STEP][PASSED] - click(findTestObject("Object Repository/Page_- KAIZEN/af_btn_Crdito y Cobranza")): Object: 'Object Repository/Page_- KAIZEN/af_btn_Crdito y Cobranza' is clicked on

2020-02-07 11:03:22 - [MESSAGE][PASSED] - Object: 'Object Repository/Page_- KAIZEN/af_btn_Crdito y Cobranza' is clicked on

2020-02-07 11:03:22 - [TEST_STEP][PASSED] - click(findTestObject("Object Repository/Page_- KAIZEN/af_btn_Aprobacin Financiera")): Object: 'Object Repository/Page_- KAIZEN/af_btn_Aprobacin Financiera' is clicked on

2020-02-07 11:03:24 - [MESSAGE][PASSED] - Object: 'Object Repository/Page_- KAIZEN/af_btn_Aprobacin Financiera' is clicked on

2020-02-07 11:03:24 - [TEST_STEP][PASSED] - click(findTestObject("Page_Aprobacion Financiera - KAIZEN/af_click_Aprobacin Financiera")): Object: 'Object Repository/Page_Aprobacion Financiera - KAIZEN/af_click_Aprobacin Financiera' is clicked on

2020-02-07 11:03:25 - [MESSAGE][PASSED] - Object: 'Object Repository/Page_Aprobacion Financiera - KAIZEN/af_click_Aprobacin Financiera' is clicked on

2020-02-07 11:03:25 - [TEST_STEP][PASSED] - click(findTestObject("Page_Aprobacion Financiera - KAIZEN/af_btn_seleccione_cliente")): Object: 'Object Repository/Page_Aprobacion Financiera - KAIZEN/af_btn_seleccione_cliente' is clicked on

2020-02-07 11:03:26 - [MESSAGE][PASSED] - Object: 'Object Repository/Page_Aprobacion Financiera - KAIZEN/af_btn_seleccione_cliente' is clicked on

2020-02-07 11:03:26 - [TEST_STEP][PASSED] - click(findTestObject("Page_Aprobacion Financiera - KAIZEN/af_click_seleccione_cliente")): Object: 'Object Repository/Page_Aprobacion Financiera - KAIZEN/af_click_seleccione_cliente' is clicked on

2020-02-07 11:03:26 - [MESSAGE][PASSED] - Object: 'Object Repository/Page_Aprobacion Financiera - KAIZEN/af_click_seleccione_cliente' is clicked on

2020-02-07 11:03:26 - [TEST_STEP][PASSED] - selectOptionByValue(findTestObject("Page_Aprobacion Financiera - KAIZEN/af_assing_seleccione_cliente"), IDCliente, true): All options with value '7' are selected in object 'Object Repository/Page_Aprobacion Financiera - KAIZEN/af_assing_seleccione_cliente'  using regular expression

2020-02-07 11:03:28 - [MESSAGE][PASSED] - All options with value '7' are selected in object 'Object Repository/Page_Aprobacion Financiera - KAIZEN/af_assing_seleccione_cliente'  using regular expression

2020-02-07 11:03:28 - [TEST_STEP][PASSED] - click(findTestObject("Page_Aprobacion Financiera - KAIZEN/af_btn_Buscar")): Object: 'Object Repository/Page_Aprobacion Financiera - KAIZEN/af_btn_Buscar' is clicked on

2020-02-07 11:03:30 - [MESSAGE][PASSED] - Object: 'Object Repository/Page_Aprobacion Financiera - KAIZEN/af_btn_Buscar' is clicked on

2020-02-07 11:03:30 - [TEST_STEP][PASSED] - delay(5): Delayed 5 second(s)

2020-02-07 11:03:35 - [MESSAGE][PASSED] - Delayed 5 second(s)

2020-02-07 11:03:35 - [TEST_STEP][PASSED] - if (AprobacionFinanciera == "Aprobar"): Object: 'Object Repository/Page_Aprobacion Financiera - KAIZEN/af_btn_Aceptar' is clicked on

2020-02-07 11:03:35 - [TEST_STEP][PASSED] - variable = "btn_aprobar_" + IDPedido: null

2020-02-07 11:03:35 - [TEST_STEP][PASSED] - executeJavaScript(document.getElementById('$variable').click();, null): Execute JavaScript 'document.getElementById('btn_aprobar_193').click();' successfully

2020-02-07 11:03:35 - [MESSAGE][PASSED] - Execute JavaScript 'document.getElementById('btn_aprobar_193').click();' successfully

2020-02-07 11:03:35 - [TEST_STEP][PASSED] - click(findTestObject("Page_Aprobacion Financiera - KAIZEN/af_btn_Aceptar")): Object: 'Object Repository/Page_Aprobacion Financiera - KAIZEN/af_btn_Aceptar' is clicked on

2020-02-07 11:03:35 - [MESSAGE][PASSED] - Object: 'Object Repository/Page_Aprobacion Financiera - KAIZEN/af_btn_Aceptar' is clicked on

2020-02-07 11:03:35 - [TEST_STEP][PASSED] - delay(10): Delayed 10 second(s)

2020-02-07 11:03:45 - [MESSAGE][PASSED] - Delayed 10 second(s)

2020-02-07 11:03:45 - [MESSAGE][PASSED] - Call Test Case 'Test Cases/Individual_Tests_20pies/Aprobacion_Financiera' successfully

2020-02-07 11:03:45 - [TEST_STEP][PASSED] - callTestCase(findTestCase("Individual_Tests_20pies/Login"), ["Evento":"Aprobar", "Index":Index, "Usuario":Usuario, "Contrasena":Contrasena], STOP_ON_FAILURE): Call Test Case 'Test Cases/Individual_Tests_20pies/Login' successfully

2020-02-07 11:03:45 - [TEST_CASE][PASSED] - Test Cases/Individual_Tests_20pies/Login: Test Cases/Individual_Tests_20pies/Login

2020-02-07 11:03:45 - [TEST_STEP][PASSED] - print("Evento Seleccionado: " + Evento + "
"): null

2020-02-07 11:03:45 - [TEST_STEP][PASSED] - openBrowser(Web): Browser is opened with url: 'http://test.kaizendev.net/Login/Accesar?salir=true'

2020-02-07 11:03:45 - [MESSAGE][WARNING] - A browser is already opened. Closing browser and opening a new one

2020-02-07 11:03:46 - [MESSAGE][INFO] - Starting 'Chrome' driver

2020-02-07 11:03:57 - [MESSAGE][PASSED] - Browser is opened with url: 'http://test.kaizendev.net/Login/Accesar?salir=true'

2020-02-07 11:03:57 - [TEST_STEP][PASSED] - maximizeWindow(): Current window maximized

2020-02-07 11:03:58 - [MESSAGE][PASSED] - Current window maximized

2020-02-07 11:03:58 - [TEST_STEP][PASSED] - if (Evento == "Crear"): null

2020-02-07 11:03:58 - [TEST_STEP][PASSED] - else if (Evento == "Aprobar"): Object: 'Object Repository/Page_Iniciar Sesion - KAIZEN/is_btn_ingresar_sistema' is clicked on

2020-02-07 11:03:58 - [TEST_STEP][PASSED] - data2 = obtener_excels.obtener_aprobaciones_20pies.getValuesExcelAprob20(Index): obtener_excels.obtener_aprobaciones_20pies.getValuesExcelAprob20 is PASSED

2020-02-07 11:03:58 - [MESSAGE][PASSED] - obtener_excels.obtener_aprobaciones_20pies.getValuesExcelAprob20 is PASSED

2020-02-07 11:03:58 - [TEST_STEP][PASSED] - Usuario = data2[1]: null

2020-02-07 11:03:58 - [TEST_STEP][PASSED] - Contrasena = data2[2]: null

2020-02-07 11:03:58 - [TEST_STEP][PASSED] - setText(findTestObject("Page_Iniciar Sesion - KAIZEN/is_input_email"), Usuario): Text 'automated.test@grupokaizen.net' is set on object 'Object Repository/Page_Iniciar Sesion - KAIZEN/is_input_email'

2020-02-07 11:03:58 - [MESSAGE][PASSED] - Text 'automated.test@grupokaizen.net' is set on object 'Object Repository/Page_Iniciar Sesion - KAIZEN/is_input_email'

2020-02-07 11:03:58 - [TEST_STEP][PASSED] - setEncryptedText(findTestObject("Page_Iniciar Sesion - KAIZEN/IS_input_contrasena"), Contrasena): Text ****** has been set on object 'Object Repository/Page_Iniciar Sesion - KAIZEN/IS_input_contrasena'

2020-02-07 11:03:59 - [MESSAGE][PASSED] - Text ****** has been set on object 'Object Repository/Page_Iniciar Sesion - KAIZEN/IS_input_contrasena'

2020-02-07 11:03:59 - [TEST_STEP][PASSED] - click(findTestObject("Page_Iniciar Sesion - KAIZEN/is_btn_ingresar_sistema")): Object: 'Object Repository/Page_Iniciar Sesion - KAIZEN/is_btn_ingresar_sistema' is clicked on

2020-02-07 11:04:01 - [MESSAGE][PASSED] - Object: 'Object Repository/Page_Iniciar Sesion - KAIZEN/is_btn_ingresar_sistema' is clicked on

2020-02-07 11:04:01 - [MESSAGE][PASSED] - Call Test Case 'Test Cases/Individual_Tests_20pies/Login' successfully

2020-02-07 11:04:01 - [TEST_STEP][PASSED] - callTestCase(findTestCase("Individual_Tests_20pies/Seleccionar_Idioma"), ["Evento":"Aprobar", "Index":Index, "Idioma":Idioma], STOP_ON_FAILURE): Call Test Case 'Test Cases/Individual_Tests_20pies/Seleccionar_Idioma' successfully

2020-02-07 11:04:01 - [TEST_CASE][PASSED] - Test Cases/Individual_Tests_20pies/Seleccionar_Idioma: Test Cases/Individual_Tests_20pies/Seleccionar_Idioma

2020-02-07 11:04:01 - [TEST_STEP][PASSED] - if (Evento == "Crear"): null

2020-02-07 11:04:01 - [TEST_STEP][PASSED] - else if (Evento == "Aprobar"): null

2020-02-07 11:04:01 - [TEST_STEP][PASSED] - data2 = obtener_excels.obtener_aprobaciones_20pies.getValuesExcelAprob20(Index): obtener_excels.obtener_aprobaciones_20pies.getValuesExcelAprob20 is PASSED

2020-02-07 11:04:01 - [MESSAGE][PASSED] - obtener_excels.obtener_aprobaciones_20pies.getValuesExcelAprob20 is PASSED

2020-02-07 11:04:01 - [TEST_STEP][PASSED] - Idioma = data2[0]: null

2020-02-07 11:04:01 - [TEST_STEP][PASSED] - click(findTestObject("Page_- KAIZEN/si_btn_idioma")): Object: 'Object Repository/Page_- KAIZEN/si_btn_idioma' is clicked on

2020-02-07 11:04:01 - [MESSAGE][PASSED] - Object: 'Object Repository/Page_- KAIZEN/si_btn_idioma' is clicked on

2020-02-07 11:04:01 - [TEST_STEP][PASSED] - if (Idioma == "0"): null

2020-02-07 11:04:01 - [TEST_STEP][PASSED] - else: Object: 'Object Repository/Page_- KAIZEN/si_Spanish' is clicked on

2020-02-07 11:04:01 - [TEST_STEP][PASSED] - click(findTestObject("Page_- KAIZEN/si_Spanish")): Object: 'Object Repository/Page_- KAIZEN/si_Spanish' is clicked on

2020-02-07 11:04:03 - [MESSAGE][PASSED] - Object: 'Object Repository/Page_- KAIZEN/si_Spanish' is clicked on

2020-02-07 11:04:03 - [MESSAGE][PASSED] - Call Test Case 'Test Cases/Individual_Tests_20pies/Seleccionar_Idioma' successfully

2020-02-07 11:04:03 - [TEST_STEP][PASSED] - callTestCase(findTestCase("Individual_Tests_20pies/Aprobacion_Financiera"), ["Index":Index, "IDCliente":IDCliente, "IDPedido":IDPedido, "AprobacionFinanciera":AprobacionFinanciera], STOP_ON_FAILURE): Call Test Case 'Test Cases/Individual_Tests_20pies/Aprobacion_Financiera' successfully

2020-02-07 11:04:03 - [TEST_CASE][PASSED] - Test Cases/Individual_Tests_20pies/Aprobacion_Financiera: Test Cases/Individual_Tests_20pies/Aprobacion_Financiera

2020-02-07 11:04:03 - [TEST_STEP][PASSED] - data = obtener_excels.obtener_aprobaciones_20pies.getValuesExcelAprob20(Index): obtener_excels.obtener_aprobaciones_20pies.getValuesExcelAprob20 is PASSED

2020-02-07 11:04:03 - [MESSAGE][PASSED] - obtener_excels.obtener_aprobaciones_20pies.getValuesExcelAprob20 is PASSED

2020-02-07 11:04:03 - [TEST_STEP][PASSED] - IdPedido = data[3]: null

2020-02-07 11:04:03 - [TEST_STEP][PASSED] - Id_Cliente = data[4]: null

2020-02-07 11:04:03 - [TEST_STEP][PASSED] - AprobFinanciera = data[6]: null

2020-02-07 11:04:03 - [TEST_STEP][PASSED] - IDPedido = IdPedido: null

2020-02-07 11:04:03 - [TEST_STEP][PASSED] - IDCliente = Id_Cliente: null

2020-02-07 11:04:03 - [TEST_STEP][PASSED] - AprobacionFinanciera = AprobFinanciera: null

2020-02-07 11:04:03 - [TEST_STEP][PASSED] - click(findTestObject("Object Repository/Page_- KAIZEN/af_btn_Crdito y Cobranza")): Object: 'Object Repository/Page_- KAIZEN/af_btn_Crdito y Cobranza' is clicked on

2020-02-07 11:04:03 - [MESSAGE][PASSED] - Object: 'Object Repository/Page_- KAIZEN/af_btn_Crdito y Cobranza' is clicked on

2020-02-07 11:04:03 - [TEST_STEP][PASSED] - click(findTestObject("Object Repository/Page_- KAIZEN/af_btn_Aprobacin Financiera")): Object: 'Object Repository/Page_- KAIZEN/af_btn_Aprobacin Financiera' is clicked on

2020-02-07 11:04:05 - [MESSAGE][PASSED] - Object: 'Object Repository/Page_- KAIZEN/af_btn_Aprobacin Financiera' is clicked on

2020-02-07 11:04:05 - [TEST_STEP][PASSED] - click(findTestObject("Page_Aprobacion Financiera - KAIZEN/af_click_Aprobacin Financiera")): Object: 'Object Repository/Page_Aprobacion Financiera - KAIZEN/af_click_Aprobacin Financiera' is clicked on

2020-02-07 11:04:06 - [MESSAGE][PASSED] - Object: 'Object Repository/Page_Aprobacion Financiera - KAIZEN/af_click_Aprobacin Financiera' is clicked on

2020-02-07 11:04:06 - [TEST_STEP][PASSED] - click(findTestObject("Page_Aprobacion Financiera - KAIZEN/af_btn_seleccione_cliente")): Object: 'Object Repository/Page_Aprobacion Financiera - KAIZEN/af_btn_seleccione_cliente' is clicked on

2020-02-07 11:04:06 - [MESSAGE][PASSED] - Object: 'Object Repository/Page_Aprobacion Financiera - KAIZEN/af_btn_seleccione_cliente' is clicked on

2020-02-07 11:04:06 - [TEST_STEP][PASSED] - click(findTestObject("Page_Aprobacion Financiera - KAIZEN/af_click_seleccione_cliente")): Object: 'Object Repository/Page_Aprobacion Financiera - KAIZEN/af_click_seleccione_cliente' is clicked on

2020-02-07 11:04:07 - [MESSAGE][PASSED] - Object: 'Object Repository/Page_Aprobacion Financiera - KAIZEN/af_click_seleccione_cliente' is clicked on

2020-02-07 11:04:07 - [TEST_STEP][PASSED] - selectOptionByValue(findTestObject("Page_Aprobacion Financiera - KAIZEN/af_assing_seleccione_cliente"), IDCliente, true): All options with value '4' are selected in object 'Object Repository/Page_Aprobacion Financiera - KAIZEN/af_assing_seleccione_cliente'  using regular expression

2020-02-07 11:04:09 - [MESSAGE][PASSED] - All options with value '4' are selected in object 'Object Repository/Page_Aprobacion Financiera - KAIZEN/af_assing_seleccione_cliente'  using regular expression

2020-02-07 11:04:09 - [TEST_STEP][PASSED] - click(findTestObject("Page_Aprobacion Financiera - KAIZEN/af_btn_Buscar")): Object: 'Object Repository/Page_Aprobacion Financiera - KAIZEN/af_btn_Buscar' is clicked on

2020-02-07 11:04:12 - [MESSAGE][PASSED] - Object: 'Object Repository/Page_Aprobacion Financiera - KAIZEN/af_btn_Buscar' is clicked on

2020-02-07 11:04:12 - [TEST_STEP][PASSED] - delay(5): Delayed 5 second(s)

2020-02-07 11:04:17 - [MESSAGE][PASSED] - Delayed 5 second(s)

2020-02-07 11:04:17 - [TEST_STEP][PASSED] - if (AprobacionFinanciera == "Aprobar"): Object: 'Object Repository/Page_Aprobacion Financiera - KAIZEN/af_btn_Aceptar' is clicked on

2020-02-07 11:04:17 - [TEST_STEP][PASSED] - variable = "btn_aprobar_" + IDPedido: null

2020-02-07 11:04:17 - [TEST_STEP][PASSED] - executeJavaScript(document.getElementById('$variable').click();, null): Execute JavaScript 'document.getElementById('btn_aprobar_194').click();' successfully

2020-02-07 11:04:17 - [MESSAGE][PASSED] - Execute JavaScript 'document.getElementById('btn_aprobar_194').click();' successfully

2020-02-07 11:04:17 - [TEST_STEP][PASSED] - click(findTestObject("Page_Aprobacion Financiera - KAIZEN/af_btn_Aceptar")): Object: 'Object Repository/Page_Aprobacion Financiera - KAIZEN/af_btn_Aceptar' is clicked on

2020-02-07 11:04:18 - [MESSAGE][PASSED] - Object: 'Object Repository/Page_Aprobacion Financiera - KAIZEN/af_btn_Aceptar' is clicked on

2020-02-07 11:04:18 - [TEST_STEP][PASSED] - delay(10): Delayed 10 second(s)

2020-02-07 11:04:28 - [MESSAGE][PASSED] - Delayed 10 second(s)

2020-02-07 11:04:28 - [MESSAGE][PASSED] - Call Test Case 'Test Cases/Individual_Tests_20pies/Aprobacion_Financiera' successfully

2020-02-07 11:04:28 - [TEST_STEP][PASSED] - callTestCase(findTestCase("Individual_Tests_20pies/Login"), ["Evento":"Aprobar", "Index":Index, "Usuario":Usuario, "Contrasena":Contrasena], STOP_ON_FAILURE): Call Test Case 'Test Cases/Individual_Tests_20pies/Login' successfully

2020-02-07 11:04:28 - [TEST_CASE][PASSED] - Test Cases/Individual_Tests_20pies/Login: Test Cases/Individual_Tests_20pies/Login

2020-02-07 11:04:28 - [TEST_STEP][PASSED] - print("Evento Seleccionado: " + Evento + "
"): null

2020-02-07 11:04:28 - [TEST_STEP][PASSED] - openBrowser(Web): Browser is opened with url: 'http://test.kaizendev.net/Login/Accesar?salir=true'

2020-02-07 11:04:28 - [MESSAGE][WARNING] - A browser is already opened. Closing browser and opening a new one

2020-02-07 11:04:29 - [MESSAGE][INFO] - Starting 'Chrome' driver

2020-02-07 11:04:38 - [MESSAGE][PASSED] - Browser is opened with url: 'http://test.kaizendev.net/Login/Accesar?salir=true'

2020-02-07 11:04:38 - [TEST_STEP][PASSED] - maximizeWindow(): Current window maximized

2020-02-07 11:04:40 - [MESSAGE][PASSED] - Current window maximized

2020-02-07 11:04:40 - [TEST_STEP][PASSED] - if (Evento == "Crear"): null

2020-02-07 11:04:40 - [TEST_STEP][PASSED] - else if (Evento == "Aprobar"): Object: 'Object Repository/Page_Iniciar Sesion - KAIZEN/is_btn_ingresar_sistema' is clicked on

2020-02-07 11:04:40 - [TEST_STEP][PASSED] - data2 = obtener_excels.obtener_aprobaciones_20pies.getValuesExcelAprob20(Index): obtener_excels.obtener_aprobaciones_20pies.getValuesExcelAprob20 is PASSED

2020-02-07 11:04:40 - [MESSAGE][PASSED] - obtener_excels.obtener_aprobaciones_20pies.getValuesExcelAprob20 is PASSED

2020-02-07 11:04:40 - [TEST_STEP][PASSED] - Usuario = data2[1]: null

2020-02-07 11:04:40 - [TEST_STEP][PASSED] - Contrasena = data2[2]: null

2020-02-07 11:04:40 - [TEST_STEP][PASSED] - setText(findTestObject("Page_Iniciar Sesion - KAIZEN/is_input_email"), Usuario): Text 'automated.test@grupokaizen.net' is set on object 'Object Repository/Page_Iniciar Sesion - KAIZEN/is_input_email'

2020-02-07 11:04:40 - [MESSAGE][PASSED] - Text 'automated.test@grupokaizen.net' is set on object 'Object Repository/Page_Iniciar Sesion - KAIZEN/is_input_email'

2020-02-07 11:04:40 - [TEST_STEP][PASSED] - setEncryptedText(findTestObject("Page_Iniciar Sesion - KAIZEN/IS_input_contrasena"), Contrasena): Text ****** has been set on object 'Object Repository/Page_Iniciar Sesion - KAIZEN/IS_input_contrasena'

2020-02-07 11:04:41 - [MESSAGE][PASSED] - Text ****** has been set on object 'Object Repository/Page_Iniciar Sesion - KAIZEN/IS_input_contrasena'

2020-02-07 11:04:41 - [TEST_STEP][PASSED] - click(findTestObject("Page_Iniciar Sesion - KAIZEN/is_btn_ingresar_sistema")): Object: 'Object Repository/Page_Iniciar Sesion - KAIZEN/is_btn_ingresar_sistema' is clicked on

2020-02-07 11:04:43 - [MESSAGE][PASSED] - Object: 'Object Repository/Page_Iniciar Sesion - KAIZEN/is_btn_ingresar_sistema' is clicked on

2020-02-07 11:04:43 - [MESSAGE][PASSED] - Call Test Case 'Test Cases/Individual_Tests_20pies/Login' successfully

2020-02-07 11:04:43 - [TEST_STEP][PASSED] - callTestCase(findTestCase("Individual_Tests_20pies/Seleccionar_Idioma"), ["Evento":"Aprobar", "Index":Index, "Idioma":Idioma], STOP_ON_FAILURE): Call Test Case 'Test Cases/Individual_Tests_20pies/Seleccionar_Idioma' successfully

2020-02-07 11:04:43 - [TEST_CASE][PASSED] - Test Cases/Individual_Tests_20pies/Seleccionar_Idioma: Test Cases/Individual_Tests_20pies/Seleccionar_Idioma

2020-02-07 11:04:43 - [TEST_STEP][PASSED] - if (Evento == "Crear"): null

2020-02-07 11:04:43 - [TEST_STEP][PASSED] - else if (Evento == "Aprobar"): null

2020-02-07 11:04:43 - [TEST_STEP][PASSED] - data2 = obtener_excels.obtener_aprobaciones_20pies.getValuesExcelAprob20(Index): obtener_excels.obtener_aprobaciones_20pies.getValuesExcelAprob20 is PASSED

2020-02-07 11:04:43 - [MESSAGE][PASSED] - obtener_excels.obtener_aprobaciones_20pies.getValuesExcelAprob20 is PASSED

2020-02-07 11:04:43 - [TEST_STEP][PASSED] - Idioma = data2[0]: null

2020-02-07 11:04:43 - [TEST_STEP][PASSED] - click(findTestObject("Page_- KAIZEN/si_btn_idioma")): Object: 'Object Repository/Page_- KAIZEN/si_btn_idioma' is clicked on

2020-02-07 11:04:43 - [MESSAGE][PASSED] - Object: 'Object Repository/Page_- KAIZEN/si_btn_idioma' is clicked on

2020-02-07 11:04:43 - [TEST_STEP][PASSED] - if (Idioma == "0"): null

2020-02-07 11:04:43 - [TEST_STEP][PASSED] - else: Object: 'Object Repository/Page_- KAIZEN/si_Spanish' is clicked on

2020-02-07 11:04:43 - [TEST_STEP][PASSED] - click(findTestObject("Page_- KAIZEN/si_Spanish")): Object: 'Object Repository/Page_- KAIZEN/si_Spanish' is clicked on

2020-02-07 11:04:45 - [MESSAGE][PASSED] - Object: 'Object Repository/Page_- KAIZEN/si_Spanish' is clicked on

2020-02-07 11:04:45 - [MESSAGE][PASSED] - Call Test Case 'Test Cases/Individual_Tests_20pies/Seleccionar_Idioma' successfully

2020-02-07 11:04:45 - [TEST_STEP][PASSED] - callTestCase(findTestCase("Individual_Tests_20pies/Aprobacion_Financiera"), ["Index":Index, "IDCliente":IDCliente, "IDPedido":IDPedido, "AprobacionFinanciera":AprobacionFinanciera], STOP_ON_FAILURE): Call Test Case 'Test Cases/Individual_Tests_20pies/Aprobacion_Financiera' successfully

2020-02-07 11:04:45 - [TEST_CASE][PASSED] - Test Cases/Individual_Tests_20pies/Aprobacion_Financiera: Test Cases/Individual_Tests_20pies/Aprobacion_Financiera

2020-02-07 11:04:45 - [TEST_STEP][PASSED] - data = obtener_excels.obtener_aprobaciones_20pies.getValuesExcelAprob20(Index): obtener_excels.obtener_aprobaciones_20pies.getValuesExcelAprob20 is PASSED

2020-02-07 11:04:45 - [MESSAGE][PASSED] - obtener_excels.obtener_aprobaciones_20pies.getValuesExcelAprob20 is PASSED

2020-02-07 11:04:45 - [TEST_STEP][PASSED] - IdPedido = data[3]: null

2020-02-07 11:04:45 - [TEST_STEP][PASSED] - Id_Cliente = data[4]: null

2020-02-07 11:04:45 - [TEST_STEP][PASSED] - AprobFinanciera = data[6]: null

2020-02-07 11:04:45 - [TEST_STEP][PASSED] - IDPedido = IdPedido: null

2020-02-07 11:04:45 - [TEST_STEP][PASSED] - IDCliente = Id_Cliente: null

2020-02-07 11:04:45 - [TEST_STEP][PASSED] - AprobacionFinanciera = AprobFinanciera: null

2020-02-07 11:04:45 - [TEST_STEP][PASSED] - click(findTestObject("Object Repository/Page_- KAIZEN/af_btn_Crdito y Cobranza")): Object: 'Object Repository/Page_- KAIZEN/af_btn_Crdito y Cobranza' is clicked on

2020-02-07 11:04:46 - [MESSAGE][PASSED] - Object: 'Object Repository/Page_- KAIZEN/af_btn_Crdito y Cobranza' is clicked on

2020-02-07 11:04:46 - [TEST_STEP][PASSED] - click(findTestObject("Object Repository/Page_- KAIZEN/af_btn_Aprobacin Financiera")): Object: 'Object Repository/Page_- KAIZEN/af_btn_Aprobacin Financiera' is clicked on

2020-02-07 11:04:47 - [MESSAGE][PASSED] - Object: 'Object Repository/Page_- KAIZEN/af_btn_Aprobacin Financiera' is clicked on

2020-02-07 11:04:47 - [TEST_STEP][PASSED] - click(findTestObject("Page_Aprobacion Financiera - KAIZEN/af_click_Aprobacin Financiera")): Object: 'Object Repository/Page_Aprobacion Financiera - KAIZEN/af_click_Aprobacin Financiera' is clicked on

2020-02-07 11:04:48 - [MESSAGE][PASSED] - Object: 'Object Repository/Page_Aprobacion Financiera - KAIZEN/af_click_Aprobacin Financiera' is clicked on

2020-02-07 11:04:48 - [TEST_STEP][PASSED] - click(findTestObject("Page_Aprobacion Financiera - KAIZEN/af_btn_seleccione_cliente")): Object: 'Object Repository/Page_Aprobacion Financiera - KAIZEN/af_btn_seleccione_cliente' is clicked on

2020-02-07 11:04:49 - [MESSAGE][PASSED] - Object: 'Object Repository/Page_Aprobacion Financiera - KAIZEN/af_btn_seleccione_cliente' is clicked on

2020-02-07 11:04:49 - [TEST_STEP][PASSED] - click(findTestObject("Page_Aprobacion Financiera - KAIZEN/af_click_seleccione_cliente")): Object: 'Object Repository/Page_Aprobacion Financiera - KAIZEN/af_click_seleccione_cliente' is clicked on

2020-02-07 11:04:49 - [MESSAGE][PASSED] - Object: 'Object Repository/Page_Aprobacion Financiera - KAIZEN/af_click_seleccione_cliente' is clicked on

2020-02-07 11:04:49 - [TEST_STEP][PASSED] - selectOptionByValue(findTestObject("Page_Aprobacion Financiera - KAIZEN/af_assing_seleccione_cliente"), IDCliente, true): All options with value '7' are selected in object 'Object Repository/Page_Aprobacion Financiera - KAIZEN/af_assing_seleccione_cliente'  using regular expression

2020-02-07 11:04:51 - [MESSAGE][PASSED] - All options with value '7' are selected in object 'Object Repository/Page_Aprobacion Financiera - KAIZEN/af_assing_seleccione_cliente'  using regular expression

2020-02-07 11:04:51 - [TEST_STEP][PASSED] - click(findTestObject("Page_Aprobacion Financiera - KAIZEN/af_btn_Buscar")): Object: 'Object Repository/Page_Aprobacion Financiera - KAIZEN/af_btn_Buscar' is clicked on

2020-02-07 11:04:52 - [MESSAGE][PASSED] - Object: 'Object Repository/Page_Aprobacion Financiera - KAIZEN/af_btn_Buscar' is clicked on

2020-02-07 11:04:52 - [TEST_STEP][PASSED] - delay(5): Delayed 5 second(s)

2020-02-07 11:04:57 - [MESSAGE][PASSED] - Delayed 5 second(s)

2020-02-07 11:04:57 - [TEST_STEP][PASSED] - if (AprobacionFinanciera == "Aprobar"): null

2020-02-07 11:04:57 - [TEST_STEP][PASSED] - else: Object: 'Object Repository/Page_Aprobacion Financiera - KAIZEN/af_btn_Aceptar' is clicked on

2020-02-07 11:04:57 - [TEST_STEP][PASSED] - executeJavaScript("document.querySelector(".btn-danger[onclick='AplazarPedido(" + IDPedido + ");']").click()", null): Execute JavaScript 'document.querySelector(".btn-danger[onclick='AplazarPedido(195);']").click()' successfully

2020-02-07 11:04:57 - [MESSAGE][PASSED] - Execute JavaScript 'document.querySelector(".btn-danger[onclick='AplazarPedido(195);']").click()' successfully

2020-02-07 11:04:57 - [TEST_STEP][PASSED] - click(findTestObject("Page_Aprobacion Financiera - KAIZEN/af_btn_Aceptar")): Object: 'Object Repository/Page_Aprobacion Financiera - KAIZEN/af_btn_Aceptar' is clicked on

2020-02-07 11:04:58 - [MESSAGE][PASSED] - Object: 'Object Repository/Page_Aprobacion Financiera - KAIZEN/af_btn_Aceptar' is clicked on

2020-02-07 11:04:58 - [TEST_STEP][PASSED] - delay(10): Delayed 10 second(s)

2020-02-07 11:05:08 - [MESSAGE][PASSED] - Delayed 10 second(s)

2020-02-07 11:05:08 - [MESSAGE][PASSED] - Call Test Case 'Test Cases/Individual_Tests_20pies/Aprobacion_Financiera' successfully

2020-02-07 11:05:08 - [TEST_STEP][PASSED] - callTestCase(findTestCase("Individual_Tests_20pies/Login"), ["Evento":"Aprobar", "Index":Index, "Usuario":Usuario, "Contrasena":Contrasena], STOP_ON_FAILURE): Call Test Case 'Test Cases/Individual_Tests_20pies/Login' successfully

2020-02-07 11:05:08 - [TEST_CASE][PASSED] - Test Cases/Individual_Tests_20pies/Login: Test Cases/Individual_Tests_20pies/Login

2020-02-07 11:05:08 - [TEST_STEP][PASSED] - print("Evento Seleccionado: " + Evento + "
"): null

2020-02-07 11:05:08 - [TEST_STEP][PASSED] - openBrowser(Web): Browser is opened with url: 'http://test.kaizendev.net/Login/Accesar?salir=true'

2020-02-07 11:05:08 - [MESSAGE][WARNING] - A browser is already opened. Closing browser and opening a new one

2020-02-07 11:05:09 - [MESSAGE][INFO] - Starting 'Chrome' driver

2020-02-07 11:05:24 - [MESSAGE][PASSED] - Browser is opened with url: 'http://test.kaizendev.net/Login/Accesar?salir=true'

2020-02-07 11:05:24 - [TEST_STEP][PASSED] - maximizeWindow(): Current window maximized

2020-02-07 11:05:25 - [MESSAGE][PASSED] - Current window maximized

2020-02-07 11:05:25 - [TEST_STEP][PASSED] - if (Evento == "Crear"): null

2020-02-07 11:05:25 - [TEST_STEP][PASSED] - else if (Evento == "Aprobar"): Object: 'Object Repository/Page_Iniciar Sesion - KAIZEN/is_btn_ingresar_sistema' is clicked on

2020-02-07 11:05:25 - [TEST_STEP][PASSED] - data2 = obtener_excels.obtener_aprobaciones_20pies.getValuesExcelAprob20(Index): obtener_excels.obtener_aprobaciones_20pies.getValuesExcelAprob20 is PASSED

2020-02-07 11:05:25 - [MESSAGE][PASSED] - obtener_excels.obtener_aprobaciones_20pies.getValuesExcelAprob20 is PASSED

2020-02-07 11:05:25 - [TEST_STEP][PASSED] - Usuario = data2[1]: null

2020-02-07 11:05:25 - [TEST_STEP][PASSED] - Contrasena = data2[2]: null

2020-02-07 11:05:25 - [TEST_STEP][PASSED] - setText(findTestObject("Page_Iniciar Sesion - KAIZEN/is_input_email"), Usuario): Text 'automated.test@grupokaizen.net' is set on object 'Object Repository/Page_Iniciar Sesion - KAIZEN/is_input_email'

2020-02-07 11:05:25 - [MESSAGE][PASSED] - Text 'automated.test@grupokaizen.net' is set on object 'Object Repository/Page_Iniciar Sesion - KAIZEN/is_input_email'

2020-02-07 11:05:25 - [TEST_STEP][PASSED] - setEncryptedText(findTestObject("Page_Iniciar Sesion - KAIZEN/IS_input_contrasena"), Contrasena): Text ****** has been set on object 'Object Repository/Page_Iniciar Sesion - KAIZEN/IS_input_contrasena'

2020-02-07 11:05:26 - [MESSAGE][PASSED] - Text ****** has been set on object 'Object Repository/Page_Iniciar Sesion - KAIZEN/IS_input_contrasena'

2020-02-07 11:05:26 - [TEST_STEP][PASSED] - click(findTestObject("Page_Iniciar Sesion - KAIZEN/is_btn_ingresar_sistema")): Object: 'Object Repository/Page_Iniciar Sesion - KAIZEN/is_btn_ingresar_sistema' is clicked on

2020-02-07 11:05:28 - [MESSAGE][PASSED] - Object: 'Object Repository/Page_Iniciar Sesion - KAIZEN/is_btn_ingresar_sistema' is clicked on

2020-02-07 11:05:28 - [MESSAGE][PASSED] - Call Test Case 'Test Cases/Individual_Tests_20pies/Login' successfully

2020-02-07 11:05:28 - [TEST_STEP][PASSED] - callTestCase(findTestCase("Individual_Tests_20pies/Seleccionar_Idioma"), ["Evento":"Aprobar", "Index":Index, "Idioma":Idioma], STOP_ON_FAILURE): Call Test Case 'Test Cases/Individual_Tests_20pies/Seleccionar_Idioma' successfully

2020-02-07 11:05:28 - [TEST_CASE][PASSED] - Test Cases/Individual_Tests_20pies/Seleccionar_Idioma: Test Cases/Individual_Tests_20pies/Seleccionar_Idioma

2020-02-07 11:05:28 - [TEST_STEP][PASSED] - if (Evento == "Crear"): null

2020-02-07 11:05:28 - [TEST_STEP][PASSED] - else if (Evento == "Aprobar"): null

2020-02-07 11:05:28 - [TEST_STEP][PASSED] - data2 = obtener_excels.obtener_aprobaciones_20pies.getValuesExcelAprob20(Index): obtener_excels.obtener_aprobaciones_20pies.getValuesExcelAprob20 is PASSED

2020-02-07 11:05:28 - [MESSAGE][PASSED] - obtener_excels.obtener_aprobaciones_20pies.getValuesExcelAprob20 is PASSED

2020-02-07 11:05:28 - [TEST_STEP][PASSED] - Idioma = data2[0]: null

2020-02-07 11:05:28 - [TEST_STEP][PASSED] - click(findTestObject("Page_- KAIZEN/si_btn_idioma")): Object: 'Object Repository/Page_- KAIZEN/si_btn_idioma' is clicked on

2020-02-07 11:05:28 - [MESSAGE][PASSED] - Object: 'Object Repository/Page_- KAIZEN/si_btn_idioma' is clicked on

2020-02-07 11:05:28 - [TEST_STEP][PASSED] - if (Idioma == "0"): null

2020-02-07 11:05:28 - [TEST_STEP][PASSED] - else: Object: 'Object Repository/Page_- KAIZEN/si_Spanish' is clicked on

2020-02-07 11:05:28 - [TEST_STEP][PASSED] - click(findTestObject("Page_- KAIZEN/si_Spanish")): Object: 'Object Repository/Page_- KAIZEN/si_Spanish' is clicked on

2020-02-07 11:05:30 - [MESSAGE][PASSED] - Object: 'Object Repository/Page_- KAIZEN/si_Spanish' is clicked on

2020-02-07 11:05:30 - [MESSAGE][PASSED] - Call Test Case 'Test Cases/Individual_Tests_20pies/Seleccionar_Idioma' successfully

2020-02-07 11:05:30 - [TEST_STEP][PASSED] - callTestCase(findTestCase("Individual_Tests_20pies/Aprobacion_Financiera"), ["Index":Index, "IDCliente":IDCliente, "IDPedido":IDPedido, "AprobacionFinanciera":AprobacionFinanciera], STOP_ON_FAILURE): Call Test Case 'Test Cases/Individual_Tests_20pies/Aprobacion_Financiera' successfully

2020-02-07 11:05:30 - [TEST_CASE][PASSED] - Test Cases/Individual_Tests_20pies/Aprobacion_Financiera: Test Cases/Individual_Tests_20pies/Aprobacion_Financiera

2020-02-07 11:05:30 - [TEST_STEP][PASSED] - data = obtener_excels.obtener_aprobaciones_20pies.getValuesExcelAprob20(Index): obtener_excels.obtener_aprobaciones_20pies.getValuesExcelAprob20 is PASSED

2020-02-07 11:05:30 - [MESSAGE][PASSED] - obtener_excels.obtener_aprobaciones_20pies.getValuesExcelAprob20 is PASSED

2020-02-07 11:05:30 - [TEST_STEP][PASSED] - IdPedido = data[3]: null

2020-02-07 11:05:30 - [TEST_STEP][PASSED] - Id_Cliente = data[4]: null

2020-02-07 11:05:30 - [TEST_STEP][PASSED] - AprobFinanciera = data[6]: null

2020-02-07 11:05:30 - [TEST_STEP][PASSED] - IDPedido = IdPedido: null

2020-02-07 11:05:30 - [TEST_STEP][PASSED] - IDCliente = Id_Cliente: null

2020-02-07 11:05:30 - [TEST_STEP][PASSED] - AprobacionFinanciera = AprobFinanciera: null

2020-02-07 11:05:30 - [TEST_STEP][PASSED] - click(findTestObject("Object Repository/Page_- KAIZEN/af_btn_Crdito y Cobranza")): Object: 'Object Repository/Page_- KAIZEN/af_btn_Crdito y Cobranza' is clicked on

2020-02-07 11:05:31 - [MESSAGE][PASSED] - Object: 'Object Repository/Page_- KAIZEN/af_btn_Crdito y Cobranza' is clicked on

2020-02-07 11:05:31 - [TEST_STEP][PASSED] - click(findTestObject("Object Repository/Page_- KAIZEN/af_btn_Aprobacin Financiera")): Object: 'Object Repository/Page_- KAIZEN/af_btn_Aprobacin Financiera' is clicked on

2020-02-07 11:05:34 - [MESSAGE][PASSED] - Object: 'Object Repository/Page_- KAIZEN/af_btn_Aprobacin Financiera' is clicked on

2020-02-07 11:05:34 - [TEST_STEP][PASSED] - click(findTestObject("Page_Aprobacion Financiera - KAIZEN/af_click_Aprobacin Financiera")): Object: 'Object Repository/Page_Aprobacion Financiera - KAIZEN/af_click_Aprobacin Financiera' is clicked on

2020-02-07 11:05:34 - [MESSAGE][PASSED] - Object: 'Object Repository/Page_Aprobacion Financiera - KAIZEN/af_click_Aprobacin Financiera' is clicked on

2020-02-07 11:05:34 - [TEST_STEP][PASSED] - click(findTestObject("Page_Aprobacion Financiera - KAIZEN/af_btn_seleccione_cliente")): Object: 'Object Repository/Page_Aprobacion Financiera - KAIZEN/af_btn_seleccione_cliente' is clicked on

2020-02-07 11:05:35 - [MESSAGE][PASSED] - Object: 'Object Repository/Page_Aprobacion Financiera - KAIZEN/af_btn_seleccione_cliente' is clicked on

2020-02-07 11:05:35 - [TEST_STEP][PASSED] - click(findTestObject("Page_Aprobacion Financiera - KAIZEN/af_click_seleccione_cliente")): Object: 'Object Repository/Page_Aprobacion Financiera - KAIZEN/af_click_seleccione_cliente' is clicked on

2020-02-07 11:05:36 - [MESSAGE][PASSED] - Object: 'Object Repository/Page_Aprobacion Financiera - KAIZEN/af_click_seleccione_cliente' is clicked on

2020-02-07 11:05:36 - [TEST_STEP][PASSED] - selectOptionByValue(findTestObject("Page_Aprobacion Financiera - KAIZEN/af_assing_seleccione_cliente"), IDCliente, true): All options with value '17' are selected in object 'Object Repository/Page_Aprobacion Financiera - KAIZEN/af_assing_seleccione_cliente'  using regular expression

2020-02-07 11:05:37 - [MESSAGE][PASSED] - All options with value '17' are selected in object 'Object Repository/Page_Aprobacion Financiera - KAIZEN/af_assing_seleccione_cliente'  using regular expression

2020-02-07 11:05:37 - [TEST_STEP][PASSED] - click(findTestObject("Page_Aprobacion Financiera - KAIZEN/af_btn_Buscar")): Object: 'Object Repository/Page_Aprobacion Financiera - KAIZEN/af_btn_Buscar' is clicked on

2020-02-07 11:05:39 - [MESSAGE][PASSED] - Object: 'Object Repository/Page_Aprobacion Financiera - KAIZEN/af_btn_Buscar' is clicked on

2020-02-07 11:05:39 - [TEST_STEP][PASSED] - delay(5): Delayed 5 second(s)

2020-02-07 11:05:44 - [MESSAGE][PASSED] - Delayed 5 second(s)

2020-02-07 11:05:44 - [TEST_STEP][PASSED] - if (AprobacionFinanciera == "Aprobar"): Object: 'Object Repository/Page_Aprobacion Financiera - KAIZEN/af_btn_Aceptar' is clicked on

2020-02-07 11:05:44 - [TEST_STEP][PASSED] - variable = "btn_aprobar_" + IDPedido: null

2020-02-07 11:05:44 - [TEST_STEP][PASSED] - executeJavaScript(document.getElementById('$variable').click();, null): Execute JavaScript 'document.getElementById('btn_aprobar_196').click();' successfully

2020-02-07 11:05:44 - [MESSAGE][PASSED] - Execute JavaScript 'document.getElementById('btn_aprobar_196').click();' successfully

2020-02-07 11:05:44 - [TEST_STEP][PASSED] - click(findTestObject("Page_Aprobacion Financiera - KAIZEN/af_btn_Aceptar")): Object: 'Object Repository/Page_Aprobacion Financiera - KAIZEN/af_btn_Aceptar' is clicked on

2020-02-07 11:05:45 - [MESSAGE][PASSED] - Object: 'Object Repository/Page_Aprobacion Financiera - KAIZEN/af_btn_Aceptar' is clicked on

2020-02-07 11:05:45 - [TEST_STEP][PASSED] - delay(10): Delayed 10 second(s)

2020-02-07 11:05:55 - [MESSAGE][PASSED] - Delayed 10 second(s)

2020-02-07 11:05:55 - [MESSAGE][PASSED] - Call Test Case 'Test Cases/Individual_Tests_20pies/Aprobacion_Financiera' successfully

2020-02-07 11:05:55 - [TEST_STEP][PASSED] - callTestCase(findTestCase("Individual_Tests_20pies/Login"), ["Evento":"Aprobar", "Index":Index, "Usuario":Usuario, "Contrasena":Contrasena], STOP_ON_FAILURE): Call Test Case 'Test Cases/Individual_Tests_20pies/Login' successfully

2020-02-07 11:05:55 - [TEST_CASE][PASSED] - Test Cases/Individual_Tests_20pies/Login: Test Cases/Individual_Tests_20pies/Login

2020-02-07 11:05:55 - [TEST_STEP][PASSED] - print("Evento Seleccionado: " + Evento + "
"): null

2020-02-07 11:05:55 - [TEST_STEP][PASSED] - openBrowser(Web): Browser is opened with url: 'http://test.kaizendev.net/Login/Accesar?salir=true'

2020-02-07 11:05:55 - [MESSAGE][WARNING] - A browser is already opened. Closing browser and opening a new one

2020-02-07 11:05:56 - [MESSAGE][INFO] - Starting 'Chrome' driver

2020-02-07 11:06:09 - [MESSAGE][PASSED] - Browser is opened with url: 'http://test.kaizendev.net/Login/Accesar?salir=true'

2020-02-07 11:06:09 - [TEST_STEP][PASSED] - maximizeWindow(): Current window maximized

2020-02-07 11:06:10 - [MESSAGE][PASSED] - Current window maximized

2020-02-07 11:06:10 - [TEST_STEP][PASSED] - if (Evento == "Crear"): null

2020-02-07 11:06:10 - [TEST_STEP][PASSED] - else if (Evento == "Aprobar"): Object: 'Object Repository/Page_Iniciar Sesion - KAIZEN/is_btn_ingresar_sistema' is clicked on

2020-02-07 11:06:10 - [TEST_STEP][PASSED] - data2 = obtener_excels.obtener_aprobaciones_20pies.getValuesExcelAprob20(Index): obtener_excels.obtener_aprobaciones_20pies.getValuesExcelAprob20 is PASSED

2020-02-07 11:06:10 - [MESSAGE][PASSED] - obtener_excels.obtener_aprobaciones_20pies.getValuesExcelAprob20 is PASSED

2020-02-07 11:06:10 - [TEST_STEP][PASSED] - Usuario = data2[1]: null

2020-02-07 11:06:10 - [TEST_STEP][PASSED] - Contrasena = data2[2]: null

2020-02-07 11:06:10 - [TEST_STEP][PASSED] - setText(findTestObject("Page_Iniciar Sesion - KAIZEN/is_input_email"), Usuario): Text 'automated.test@grupokaizen.net' is set on object 'Object Repository/Page_Iniciar Sesion - KAIZEN/is_input_email'

2020-02-07 11:06:11 - [MESSAGE][PASSED] - Text 'automated.test@grupokaizen.net' is set on object 'Object Repository/Page_Iniciar Sesion - KAIZEN/is_input_email'

2020-02-07 11:06:11 - [TEST_STEP][PASSED] - setEncryptedText(findTestObject("Page_Iniciar Sesion - KAIZEN/IS_input_contrasena"), Contrasena): Text ****** has been set on object 'Object Repository/Page_Iniciar Sesion - KAIZEN/IS_input_contrasena'

2020-02-07 11:06:11 - [MESSAGE][PASSED] - Text ****** has been set on object 'Object Repository/Page_Iniciar Sesion - KAIZEN/IS_input_contrasena'

2020-02-07 11:06:11 - [TEST_STEP][PASSED] - click(findTestObject("Page_Iniciar Sesion - KAIZEN/is_btn_ingresar_sistema")): Object: 'Object Repository/Page_Iniciar Sesion - KAIZEN/is_btn_ingresar_sistema' is clicked on

2020-02-07 11:06:14 - [MESSAGE][PASSED] - Object: 'Object Repository/Page_Iniciar Sesion - KAIZEN/is_btn_ingresar_sistema' is clicked on

2020-02-07 11:06:14 - [MESSAGE][PASSED] - Call Test Case 'Test Cases/Individual_Tests_20pies/Login' successfully

2020-02-07 11:06:14 - [TEST_STEP][PASSED] - callTestCase(findTestCase("Individual_Tests_20pies/Seleccionar_Idioma"), ["Evento":"Aprobar", "Index":Index, "Idioma":Idioma], STOP_ON_FAILURE): Call Test Case 'Test Cases/Individual_Tests_20pies/Seleccionar_Idioma' successfully

2020-02-07 11:06:14 - [TEST_CASE][PASSED] - Test Cases/Individual_Tests_20pies/Seleccionar_Idioma: Test Cases/Individual_Tests_20pies/Seleccionar_Idioma

2020-02-07 11:06:14 - [TEST_STEP][PASSED] - if (Evento == "Crear"): null

2020-02-07 11:06:14 - [TEST_STEP][PASSED] - else if (Evento == "Aprobar"): null

2020-02-07 11:06:14 - [TEST_STEP][PASSED] - data2 = obtener_excels.obtener_aprobaciones_20pies.getValuesExcelAprob20(Index): obtener_excels.obtener_aprobaciones_20pies.getValuesExcelAprob20 is PASSED

2020-02-07 11:06:14 - [MESSAGE][PASSED] - obtener_excels.obtener_aprobaciones_20pies.getValuesExcelAprob20 is PASSED

2020-02-07 11:06:14 - [TEST_STEP][PASSED] - Idioma = data2[0]: null

2020-02-07 11:06:14 - [TEST_STEP][PASSED] - click(findTestObject("Page_- KAIZEN/si_btn_idioma")): Object: 'Object Repository/Page_- KAIZEN/si_btn_idioma' is clicked on

2020-02-07 11:06:14 - [MESSAGE][PASSED] - Object: 'Object Repository/Page_- KAIZEN/si_btn_idioma' is clicked on

2020-02-07 11:06:14 - [TEST_STEP][PASSED] - if (Idioma == "0"): null

2020-02-07 11:06:14 - [TEST_STEP][PASSED] - else: Object: 'Object Repository/Page_- KAIZEN/si_Spanish' is clicked on

2020-02-07 11:06:14 - [TEST_STEP][PASSED] - click(findTestObject("Page_- KAIZEN/si_Spanish")): Object: 'Object Repository/Page_- KAIZEN/si_Spanish' is clicked on

2020-02-07 11:06:15 - [MESSAGE][PASSED] - Object: 'Object Repository/Page_- KAIZEN/si_Spanish' is clicked on

2020-02-07 11:06:15 - [MESSAGE][PASSED] - Call Test Case 'Test Cases/Individual_Tests_20pies/Seleccionar_Idioma' successfully

2020-02-07 11:06:15 - [TEST_STEP][PASSED] - callTestCase(findTestCase("Individual_Tests_20pies/Aprobacion_Financiera"), ["Index":Index, "IDCliente":IDCliente, "IDPedido":IDPedido, "AprobacionFinanciera":AprobacionFinanciera], STOP_ON_FAILURE): Call Test Case 'Test Cases/Individual_Tests_20pies/Aprobacion_Financiera' successfully

2020-02-07 11:06:16 - [TEST_CASE][PASSED] - Test Cases/Individual_Tests_20pies/Aprobacion_Financiera: Test Cases/Individual_Tests_20pies/Aprobacion_Financiera

2020-02-07 11:06:16 - [TEST_STEP][PASSED] - data = obtener_excels.obtener_aprobaciones_20pies.getValuesExcelAprob20(Index): obtener_excels.obtener_aprobaciones_20pies.getValuesExcelAprob20 is PASSED

2020-02-07 11:06:16 - [MESSAGE][PASSED] - obtener_excels.obtener_aprobaciones_20pies.getValuesExcelAprob20 is PASSED

2020-02-07 11:06:16 - [TEST_STEP][PASSED] - IdPedido = data[3]: null

2020-02-07 11:06:16 - [TEST_STEP][PASSED] - Id_Cliente = data[4]: null

2020-02-07 11:06:16 - [TEST_STEP][PASSED] - AprobFinanciera = data[6]: null

2020-02-07 11:06:16 - [TEST_STEP][PASSED] - IDPedido = IdPedido: null

2020-02-07 11:06:16 - [TEST_STEP][PASSED] - IDCliente = Id_Cliente: null

2020-02-07 11:06:16 - [TEST_STEP][PASSED] - AprobacionFinanciera = AprobFinanciera: null

2020-02-07 11:06:16 - [TEST_STEP][PASSED] - click(findTestObject("Object Repository/Page_- KAIZEN/af_btn_Crdito y Cobranza")): Object: 'Object Repository/Page_- KAIZEN/af_btn_Crdito y Cobranza' is clicked on

2020-02-07 11:06:17 - [MESSAGE][PASSED] - Object: 'Object Repository/Page_- KAIZEN/af_btn_Crdito y Cobranza' is clicked on

2020-02-07 11:06:17 - [TEST_STEP][PASSED] - click(findTestObject("Object Repository/Page_- KAIZEN/af_btn_Aprobacin Financiera")): Object: 'Object Repository/Page_- KAIZEN/af_btn_Aprobacin Financiera' is clicked on

2020-02-07 11:06:20 - [MESSAGE][PASSED] - Object: 'Object Repository/Page_- KAIZEN/af_btn_Aprobacin Financiera' is clicked on

2020-02-07 11:06:20 - [TEST_STEP][PASSED] - click(findTestObject("Page_Aprobacion Financiera - KAIZEN/af_click_Aprobacin Financiera")): Object: 'Object Repository/Page_Aprobacion Financiera - KAIZEN/af_click_Aprobacin Financiera' is clicked on

2020-02-07 11:06:21 - [MESSAGE][PASSED] - Object: 'Object Repository/Page_Aprobacion Financiera - KAIZEN/af_click_Aprobacin Financiera' is clicked on

2020-02-07 11:06:21 - [TEST_STEP][PASSED] - click(findTestObject("Page_Aprobacion Financiera - KAIZEN/af_btn_seleccione_cliente")): Object: 'Object Repository/Page_Aprobacion Financiera - KAIZEN/af_btn_seleccione_cliente' is clicked on

2020-02-07 11:06:21 - [MESSAGE][PASSED] - Object: 'Object Repository/Page_Aprobacion Financiera - KAIZEN/af_btn_seleccione_cliente' is clicked on

2020-02-07 11:06:21 - [TEST_STEP][PASSED] - click(findTestObject("Page_Aprobacion Financiera - KAIZEN/af_click_seleccione_cliente")): Object: 'Object Repository/Page_Aprobacion Financiera - KAIZEN/af_click_seleccione_cliente' is clicked on

2020-02-07 11:06:22 - [MESSAGE][PASSED] - Object: 'Object Repository/Page_Aprobacion Financiera - KAIZEN/af_click_seleccione_cliente' is clicked on

2020-02-07 11:06:22 - [TEST_STEP][PASSED] - selectOptionByValue(findTestObject("Page_Aprobacion Financiera - KAIZEN/af_assing_seleccione_cliente"), IDCliente, true): All options with value '4' are selected in object 'Object Repository/Page_Aprobacion Financiera - KAIZEN/af_assing_seleccione_cliente'  using regular expression

2020-02-07 11:06:24 - [MESSAGE][PASSED] - All options with value '4' are selected in object 'Object Repository/Page_Aprobacion Financiera - KAIZEN/af_assing_seleccione_cliente'  using regular expression

2020-02-07 11:06:24 - [TEST_STEP][PASSED] - click(findTestObject("Page_Aprobacion Financiera - KAIZEN/af_btn_Buscar")): Object: 'Object Repository/Page_Aprobacion Financiera - KAIZEN/af_btn_Buscar' is clicked on

2020-02-07 11:06:26 - [MESSAGE][PASSED] - Object: 'Object Repository/Page_Aprobacion Financiera - KAIZEN/af_btn_Buscar' is clicked on

2020-02-07 11:06:26 - [TEST_STEP][PASSED] - delay(5): Delayed 5 second(s)

2020-02-07 11:06:31 - [MESSAGE][PASSED] - Delayed 5 second(s)

2020-02-07 11:06:31 - [TEST_STEP][PASSED] - if (AprobacionFinanciera == "Aprobar"): Object: 'Object Repository/Page_Aprobacion Financiera - KAIZEN/af_btn_Aceptar' is clicked on

2020-02-07 11:06:31 - [TEST_STEP][PASSED] - variable = "btn_aprobar_" + IDPedido: null

2020-02-07 11:06:31 - [TEST_STEP][PASSED] - executeJavaScript(document.getElementById('$variable').click();, null): Execute JavaScript 'document.getElementById('btn_aprobar_197').click();' successfully

2020-02-07 11:06:31 - [MESSAGE][PASSED] - Execute JavaScript 'document.getElementById('btn_aprobar_197').click();' successfully

2020-02-07 11:06:31 - [TEST_STEP][PASSED] - click(findTestObject("Page_Aprobacion Financiera - KAIZEN/af_btn_Aceptar")): Object: 'Object Repository/Page_Aprobacion Financiera - KAIZEN/af_btn_Aceptar' is clicked on

2020-02-07 11:06:31 - [MESSAGE][PASSED] - Object: 'Object Repository/Page_Aprobacion Financiera - KAIZEN/af_btn_Aceptar' is clicked on

2020-02-07 11:06:31 - [TEST_STEP][PASSED] - delay(10): Delayed 10 second(s)

2020-02-07 11:06:41 - [MESSAGE][PASSED] - Delayed 10 second(s)

2020-02-07 11:06:41 - [MESSAGE][PASSED] - Call Test Case 'Test Cases/Individual_Tests_20pies/Aprobacion_Financiera' successfully]]></system-out>
         <system-err><![CDATA[]]></system-err>
      </testcase>
      <testcase name="Test Cases/Secuencias de Ejecucion/TC_Aprobar_Produccion_20pies" time="302.054" classname="Test Cases/Secuencias de Ejecucion/TC_Aprobar_Produccion_20pies" status="PASSED">
         <system-out><![CDATA[2020-02-07 11:06:41 - [TEST_CASE][PASSED] - Test Cases/Secuencias de Ejecucion/TC_Aprobar_Produccion_20pies: Test Cases/Secuencias de Ejecucion/TC_Aprobar_Produccion_20pies

2020-02-07 11:06:42 - [TEST_STEP][PASSED] - archivo = $RunConfiguration.getProjectDir()/Pedidos/DataExcel/AprobacionesPedidos_20pies.xlsx: null

2020-02-07 11:06:42 - [TEST_STEP][PASSED] - excelData = getExcelDataWithDefaultSheet(archivo, "Sheet1", true): null

2020-02-07 11:06:42 - [TEST_STEP][PASSED] - for ([Index = 1, Index <= excelData.getRowNumbers(), (Index++)]): Call Test Case 'Test Cases/Individual_Tests_20pies/Aprobacion_Produccion' successfully

2020-02-07 11:06:42 - [TEST_STEP][PASSED] - callTestCase(findTestCase("Individual_Tests_20pies/Login"), ["Evento":"Aprobar", "Index":Index, "Usuario":Usuario, "Contrasena":Contrasena], STOP_ON_FAILURE): Call Test Case 'Test Cases/Individual_Tests_20pies/Login' successfully

2020-02-07 11:06:42 - [TEST_CASE][PASSED] - Test Cases/Individual_Tests_20pies/Login: Test Cases/Individual_Tests_20pies/Login

2020-02-07 11:06:42 - [TEST_STEP][PASSED] - print("Evento Seleccionado: " + Evento + "
"): null

2020-02-07 11:06:42 - [TEST_STEP][PASSED] - openBrowser(Web): Browser is opened with url: 'http://test.kaizendev.net/Login/Accesar?salir=true'

2020-02-07 11:06:42 - [MESSAGE][WARNING] - A browser is already opened. Closing browser and opening a new one

2020-02-07 11:06:42 - [MESSAGE][INFO] - Starting 'Chrome' driver

2020-02-07 11:06:53 - [MESSAGE][PASSED] - Browser is opened with url: 'http://test.kaizendev.net/Login/Accesar?salir=true'

2020-02-07 11:06:53 - [TEST_STEP][PASSED] - maximizeWindow(): Current window maximized

2020-02-07 11:06:55 - [MESSAGE][PASSED] - Current window maximized

2020-02-07 11:06:55 - [TEST_STEP][PASSED] - if (Evento == "Crear"): null

2020-02-07 11:06:55 - [TEST_STEP][PASSED] - else if (Evento == "Aprobar"): Object: 'Object Repository/Page_Iniciar Sesion - KAIZEN/is_btn_ingresar_sistema' is clicked on

2020-02-07 11:06:55 - [TEST_STEP][PASSED] - data2 = obtener_excels.obtener_aprobaciones_20pies.getValuesExcelAprob20(Index): obtener_excels.obtener_aprobaciones_20pies.getValuesExcelAprob20 is PASSED

2020-02-07 11:06:55 - [MESSAGE][PASSED] - obtener_excels.obtener_aprobaciones_20pies.getValuesExcelAprob20 is PASSED

2020-02-07 11:06:55 - [TEST_STEP][PASSED] - Usuario = data2[1]: null

2020-02-07 11:06:55 - [TEST_STEP][PASSED] - Contrasena = data2[2]: null

2020-02-07 11:06:55 - [TEST_STEP][PASSED] - setText(findTestObject("Page_Iniciar Sesion - KAIZEN/is_input_email"), Usuario): Text 'automated.test@grupokaizen.net' is set on object 'Object Repository/Page_Iniciar Sesion - KAIZEN/is_input_email'

2020-02-07 11:06:55 - [MESSAGE][PASSED] - Text 'automated.test@grupokaizen.net' is set on object 'Object Repository/Page_Iniciar Sesion - KAIZEN/is_input_email'

2020-02-07 11:06:55 - [TEST_STEP][PASSED] - setEncryptedText(findTestObject("Page_Iniciar Sesion - KAIZEN/IS_input_contrasena"), Contrasena): Text ****** has been set on object 'Object Repository/Page_Iniciar Sesion - KAIZEN/IS_input_contrasena'

2020-02-07 11:06:56 - [MESSAGE][PASSED] - Text ****** has been set on object 'Object Repository/Page_Iniciar Sesion - KAIZEN/IS_input_contrasena'

2020-02-07 11:06:56 - [TEST_STEP][PASSED] - click(findTestObject("Page_Iniciar Sesion - KAIZEN/is_btn_ingresar_sistema")): Object: 'Object Repository/Page_Iniciar Sesion - KAIZEN/is_btn_ingresar_sistema' is clicked on

2020-02-07 11:06:59 - [MESSAGE][PASSED] - Object: 'Object Repository/Page_Iniciar Sesion - KAIZEN/is_btn_ingresar_sistema' is clicked on

2020-02-07 11:06:59 - [MESSAGE][PASSED] - Call Test Case 'Test Cases/Individual_Tests_20pies/Login' successfully

2020-02-07 11:06:59 - [TEST_STEP][PASSED] - callTestCase(findTestCase("Individual_Tests_20pies/Seleccionar_Idioma"), ["Evento":"Aprobar", "Index":Index, "Idioma":Idioma], STOP_ON_FAILURE): Call Test Case 'Test Cases/Individual_Tests_20pies/Seleccionar_Idioma' successfully

2020-02-07 11:07:00 - [TEST_CASE][PASSED] - Test Cases/Individual_Tests_20pies/Seleccionar_Idioma: Test Cases/Individual_Tests_20pies/Seleccionar_Idioma

2020-02-07 11:07:00 - [TEST_STEP][PASSED] - if (Evento == "Crear"): null

2020-02-07 11:07:00 - [TEST_STEP][PASSED] - else if (Evento == "Aprobar"): null

2020-02-07 11:07:00 - [TEST_STEP][PASSED] - data2 = obtener_excels.obtener_aprobaciones_20pies.getValuesExcelAprob20(Index): obtener_excels.obtener_aprobaciones_20pies.getValuesExcelAprob20 is PASSED

2020-02-07 11:07:00 - [MESSAGE][PASSED] - obtener_excels.obtener_aprobaciones_20pies.getValuesExcelAprob20 is PASSED

2020-02-07 11:07:00 - [TEST_STEP][PASSED] - Idioma = data2[0]: null

2020-02-07 11:07:00 - [TEST_STEP][PASSED] - click(findTestObject("Page_- KAIZEN/si_btn_idioma")): Object: 'Object Repository/Page_- KAIZEN/si_btn_idioma' is clicked on

2020-02-07 11:07:00 - [MESSAGE][PASSED] - Object: 'Object Repository/Page_- KAIZEN/si_btn_idioma' is clicked on

2020-02-07 11:07:00 - [TEST_STEP][PASSED] - if (Idioma == "0"): null

2020-02-07 11:07:00 - [TEST_STEP][PASSED] - else: Object: 'Object Repository/Page_- KAIZEN/si_Spanish' is clicked on

2020-02-07 11:07:00 - [TEST_STEP][PASSED] - click(findTestObject("Page_- KAIZEN/si_Spanish")): Object: 'Object Repository/Page_- KAIZEN/si_Spanish' is clicked on

2020-02-07 11:07:02 - [MESSAGE][PASSED] - Object: 'Object Repository/Page_- KAIZEN/si_Spanish' is clicked on

2020-02-07 11:07:02 - [MESSAGE][PASSED] - Call Test Case 'Test Cases/Individual_Tests_20pies/Seleccionar_Idioma' successfully

2020-02-07 11:07:02 - [TEST_STEP][PASSED] - callTestCase(findTestCase("Individual_Tests_20pies/Aprobacion_Produccion"), ["Index":Index, "IDCliente":IDCliente, "IDPedido":IDPedido, "AprobacionProduccion":AprobacionProduccion], STOP_ON_FAILURE): Call Test Case 'Test Cases/Individual_Tests_20pies/Aprobacion_Produccion' successfully

2020-02-07 11:07:02 - [TEST_CASE][PASSED] - Test Cases/Individual_Tests_20pies/Aprobacion_Produccion: Test Cases/Individual_Tests_20pies/Aprobacion_Produccion

2020-02-07 11:07:02 - [TEST_STEP][PASSED] - data = obtener_excels.obtener_aprobaciones_20pies.getValuesExcelAprob20(Index): obtener_excels.obtener_aprobaciones_20pies.getValuesExcelAprob20 is PASSED

2020-02-07 11:07:02 - [MESSAGE][PASSED] - obtener_excels.obtener_aprobaciones_20pies.getValuesExcelAprob20 is PASSED

2020-02-07 11:07:02 - [TEST_STEP][PASSED] - IdPedido = data[3]: null

2020-02-07 11:07:02 - [TEST_STEP][PASSED] - Id_Cliente = data[4]: null

2020-02-07 11:07:02 - [TEST_STEP][PASSED] - AprobProduccion = data[7]: null

2020-02-07 11:07:02 - [TEST_STEP][PASSED] - IDPedido = IdPedido: null

2020-02-07 11:07:02 - [TEST_STEP][PASSED] - IDCliente = Id_Cliente: null

2020-02-07 11:07:02 - [TEST_STEP][PASSED] - AprobacionProduccion = AprobProduccion: null

2020-02-07 11:07:02 - [TEST_STEP][PASSED] - click(findTestObject("Object Repository/Page_- KAIZEN/apo_menuOperaciones")): Object: 'Object Repository/Page_- KAIZEN/apo_menuOperaciones' is clicked on

2020-02-07 11:07:03 - [MESSAGE][PASSED] - Object: 'Object Repository/Page_- KAIZEN/apo_menuOperaciones' is clicked on

2020-02-07 11:07:03 - [TEST_STEP][PASSED] - click(findTestObject("Object Repository/Page_- KAIZEN/apo_menu_aprobacion_produccin")): Object: 'Object Repository/Page_- KAIZEN/apo_menu_aprobacion_produccin' is clicked on

2020-02-07 11:07:04 - [MESSAGE][PASSED] - Object: 'Object Repository/Page_- KAIZEN/apo_menu_aprobacion_produccin' is clicked on

2020-02-07 11:07:04 - [TEST_STEP][PASSED] - click(findTestObject("Object Repository/Page_Aprobacin de Produccin - KAIZEN/apo_click_aprobacion_produccin")): Object: 'Object Repository/Page_Aprobacin de Produccin - KAIZEN/apo_click_aprobacion_produccin' is clicked on

2020-02-07 11:07:05 - [MESSAGE][PASSED] - Object: 'Object Repository/Page_Aprobacin de Produccin - KAIZEN/apo_click_aprobacion_produccin' is clicked on

2020-02-07 11:07:05 - [TEST_STEP][PASSED] - click(findTestObject("Object Repository/Page_Aprobacin de Produccin - KAIZEN/apo_seleccione_cliente")): Object: 'Object Repository/Page_Aprobacin de Produccin - KAIZEN/apo_seleccione_cliente' is clicked on

2020-02-07 11:07:06 - [MESSAGE][PASSED] - Object: 'Object Repository/Page_Aprobacin de Produccin - KAIZEN/apo_seleccione_cliente' is clicked on

2020-02-07 11:07:06 - [TEST_STEP][PASSED] - click(findTestObject("Object Repository/Page_Aprobacin de Produccin - KAIZEN/apo_click_selecione_cliente")): Object: 'Object Repository/Page_Aprobacin de Produccin - KAIZEN/apo_click_selecione_cliente' is clicked on

2020-02-07 11:07:06 - [MESSAGE][PASSED] - Object: 'Object Repository/Page_Aprobacin de Produccin - KAIZEN/apo_click_selecione_cliente' is clicked on

2020-02-07 11:07:06 - [TEST_STEP][PASSED] - selectOptionByValue(findTestObject("Object Repository/Page_Aprobacin de Produccin - KAIZEN/apo_assing_selecione_cliente"), IDCliente, true): All options with value '4' are selected in object 'Object Repository/Page_Aprobacin de Produccin - KAIZEN/apo_assing_selecione_cliente'  using regular expression

2020-02-07 11:07:08 - [MESSAGE][PASSED] - All options with value '4' are selected in object 'Object Repository/Page_Aprobacin de Produccin - KAIZEN/apo_assing_selecione_cliente'  using regular expression

2020-02-07 11:07:08 - [TEST_STEP][PASSED] - click(findTestObject("Object Repository/Page_Aprobacin de Produccin - KAIZEN/apo_Buscar")): Object: 'Object Repository/Page_Aprobacin de Produccin - KAIZEN/apo_Buscar' is clicked on

2020-02-07 11:07:10 - [MESSAGE][PASSED] - Object: 'Object Repository/Page_Aprobacin de Produccin - KAIZEN/apo_Buscar' is clicked on

2020-02-07 11:07:10 - [TEST_STEP][PASSED] - executeJavaScript("document.querySelector('.btn-info[href="/PedidoLubricante/DetalleAprobacion/" + IDPedido + "?Ventana=3"]').click()", null): Execute JavaScript 'document.querySelector('.btn-info[href="/PedidoLubricante/DetalleAprobacion/190?Ventana=3"]').click()' successfully

2020-02-07 11:07:13 - [MESSAGE][PASSED] - Execute JavaScript 'document.querySelector('.btn-info[href="/PedidoLubricante/DetalleAprobacion/190?Ventana=3"]').click()' successfully

2020-02-07 11:07:13 - [TEST_STEP][PASSED] - delay(5): Delayed 5 second(s)

2020-02-07 11:07:18 - [MESSAGE][PASSED] - Delayed 5 second(s)

2020-02-07 11:07:18 - [TEST_STEP][PASSED] - if (AprobacionProduccion == "Aprobar"): Object: 'Object Repository/Page_- KAIZEN/apo_btn_Aceptar' is clicked on

2020-02-07 11:07:18 - [TEST_STEP][PASSED] - click(findTestObject("Object Repository/Page_- KAIZEN/apo_Aprobar")): Object: 'Object Repository/Page_- KAIZEN/apo_Aprobar' is clicked on

2020-02-07 11:07:18 - [MESSAGE][PASSED] - Object: 'Object Repository/Page_- KAIZEN/apo_Aprobar' is clicked on

2020-02-07 11:07:18 - [TEST_STEP][PASSED] - click(findTestObject("Object Repository/Page_- KAIZEN/apo_btn_Aceptar")): Object: 'Object Repository/Page_- KAIZEN/apo_btn_Aceptar' is clicked on

2020-02-07 11:07:20 - [MESSAGE][PASSED] - Object: 'Object Repository/Page_- KAIZEN/apo_btn_Aceptar' is clicked on

2020-02-07 11:07:20 - [TEST_STEP][PASSED] - delay(10): Delayed 10 second(s)

2020-02-07 11:07:30 - [MESSAGE][PASSED] - Delayed 10 second(s)

2020-02-07 11:07:30 - [MESSAGE][PASSED] - Call Test Case 'Test Cases/Individual_Tests_20pies/Aprobacion_Produccion' successfully

2020-02-07 11:07:30 - [TEST_STEP][PASSED] - callTestCase(findTestCase("Individual_Tests_20pies/Login"), ["Evento":"Aprobar", "Index":Index, "Usuario":Usuario, "Contrasena":Contrasena], STOP_ON_FAILURE): Call Test Case 'Test Cases/Individual_Tests_20pies/Login' successfully

2020-02-07 11:07:30 - [TEST_CASE][PASSED] - Test Cases/Individual_Tests_20pies/Login: Test Cases/Individual_Tests_20pies/Login

2020-02-07 11:07:30 - [TEST_STEP][PASSED] - print("Evento Seleccionado: " + Evento + "
"): null

2020-02-07 11:07:30 - [TEST_STEP][PASSED] - openBrowser(Web): Browser is opened with url: 'http://test.kaizendev.net/Login/Accesar?salir=true'

2020-02-07 11:07:30 - [MESSAGE][WARNING] - A browser is already opened. Closing browser and opening a new one

2020-02-07 11:07:30 - [MESSAGE][INFO] - Starting 'Chrome' driver

2020-02-07 11:07:39 - [MESSAGE][PASSED] - Browser is opened with url: 'http://test.kaizendev.net/Login/Accesar?salir=true'

2020-02-07 11:07:39 - [TEST_STEP][PASSED] - maximizeWindow(): Current window maximized

2020-02-07 11:07:40 - [MESSAGE][PASSED] - Current window maximized

2020-02-07 11:07:40 - [TEST_STEP][PASSED] - if (Evento == "Crear"): null

2020-02-07 11:07:40 - [TEST_STEP][PASSED] - else if (Evento == "Aprobar"): Object: 'Object Repository/Page_Iniciar Sesion - KAIZEN/is_btn_ingresar_sistema' is clicked on

2020-02-07 11:07:40 - [TEST_STEP][PASSED] - data2 = obtener_excels.obtener_aprobaciones_20pies.getValuesExcelAprob20(Index): obtener_excels.obtener_aprobaciones_20pies.getValuesExcelAprob20 is PASSED

2020-02-07 11:07:40 - [MESSAGE][PASSED] - obtener_excels.obtener_aprobaciones_20pies.getValuesExcelAprob20 is PASSED

2020-02-07 11:07:40 - [TEST_STEP][PASSED] - Usuario = data2[1]: null

2020-02-07 11:07:40 - [TEST_STEP][PASSED] - Contrasena = data2[2]: null

2020-02-07 11:07:40 - [TEST_STEP][PASSED] - setText(findTestObject("Page_Iniciar Sesion - KAIZEN/is_input_email"), Usuario): Text 'automated.test@grupokaizen.net' is set on object 'Object Repository/Page_Iniciar Sesion - KAIZEN/is_input_email'

2020-02-07 11:07:41 - [MESSAGE][PASSED] - Text 'automated.test@grupokaizen.net' is set on object 'Object Repository/Page_Iniciar Sesion - KAIZEN/is_input_email'

2020-02-07 11:07:41 - [TEST_STEP][PASSED] - setEncryptedText(findTestObject("Page_Iniciar Sesion - KAIZEN/IS_input_contrasena"), Contrasena): Text ****** has been set on object 'Object Repository/Page_Iniciar Sesion - KAIZEN/IS_input_contrasena'

2020-02-07 11:07:41 - [MESSAGE][PASSED] - Text ****** has been set on object 'Object Repository/Page_Iniciar Sesion - KAIZEN/IS_input_contrasena'

2020-02-07 11:07:41 - [TEST_STEP][PASSED] - click(findTestObject("Page_Iniciar Sesion - KAIZEN/is_btn_ingresar_sistema")): Object: 'Object Repository/Page_Iniciar Sesion - KAIZEN/is_btn_ingresar_sistema' is clicked on

2020-02-07 11:07:43 - [MESSAGE][PASSED] - Object: 'Object Repository/Page_Iniciar Sesion - KAIZEN/is_btn_ingresar_sistema' is clicked on

2020-02-07 11:07:43 - [MESSAGE][PASSED] - Call Test Case 'Test Cases/Individual_Tests_20pies/Login' successfully

2020-02-07 11:07:43 - [TEST_STEP][PASSED] - callTestCase(findTestCase("Individual_Tests_20pies/Seleccionar_Idioma"), ["Evento":"Aprobar", "Index":Index, "Idioma":Idioma], STOP_ON_FAILURE): Call Test Case 'Test Cases/Individual_Tests_20pies/Seleccionar_Idioma' successfully

2020-02-07 11:07:43 - [TEST_CASE][PASSED] - Test Cases/Individual_Tests_20pies/Seleccionar_Idioma: Test Cases/Individual_Tests_20pies/Seleccionar_Idioma

2020-02-07 11:07:43 - [TEST_STEP][PASSED] - if (Evento == "Crear"): null

2020-02-07 11:07:43 - [TEST_STEP][PASSED] - else if (Evento == "Aprobar"): null

2020-02-07 11:07:43 - [TEST_STEP][PASSED] - data2 = obtener_excels.obtener_aprobaciones_20pies.getValuesExcelAprob20(Index): obtener_excels.obtener_aprobaciones_20pies.getValuesExcelAprob20 is PASSED

2020-02-07 11:07:43 - [MESSAGE][PASSED] - obtener_excels.obtener_aprobaciones_20pies.getValuesExcelAprob20 is PASSED

2020-02-07 11:07:43 - [TEST_STEP][PASSED] - Idioma = data2[0]: null

2020-02-07 11:07:43 - [TEST_STEP][PASSED] - click(findTestObject("Page_- KAIZEN/si_btn_idioma")): Object: 'Object Repository/Page_- KAIZEN/si_btn_idioma' is clicked on

2020-02-07 11:07:44 - [MESSAGE][PASSED] - Object: 'Object Repository/Page_- KAIZEN/si_btn_idioma' is clicked on

2020-02-07 11:07:44 - [TEST_STEP][PASSED] - if (Idioma == "0"): null

2020-02-07 11:07:44 - [TEST_STEP][PASSED] - else: Object: 'Object Repository/Page_- KAIZEN/si_Spanish' is clicked on

2020-02-07 11:07:44 - [TEST_STEP][PASSED] - click(findTestObject("Page_- KAIZEN/si_Spanish")): Object: 'Object Repository/Page_- KAIZEN/si_Spanish' is clicked on

2020-02-07 11:07:45 - [MESSAGE][PASSED] - Object: 'Object Repository/Page_- KAIZEN/si_Spanish' is clicked on

2020-02-07 11:07:45 - [MESSAGE][PASSED] - Call Test Case 'Test Cases/Individual_Tests_20pies/Seleccionar_Idioma' successfully

2020-02-07 11:07:45 - [TEST_STEP][PASSED] - callTestCase(findTestCase("Individual_Tests_20pies/Aprobacion_Produccion"), ["Index":Index, "IDCliente":IDCliente, "IDPedido":IDPedido, "AprobacionProduccion":AprobacionProduccion], STOP_ON_FAILURE): Call Test Case 'Test Cases/Individual_Tests_20pies/Aprobacion_Produccion' successfully

2020-02-07 11:07:45 - [TEST_CASE][PASSED] - Test Cases/Individual_Tests_20pies/Aprobacion_Produccion: Test Cases/Individual_Tests_20pies/Aprobacion_Produccion

2020-02-07 11:07:45 - [TEST_STEP][PASSED] - data = obtener_excels.obtener_aprobaciones_20pies.getValuesExcelAprob20(Index): obtener_excels.obtener_aprobaciones_20pies.getValuesExcelAprob20 is PASSED

2020-02-07 11:07:45 - [MESSAGE][PASSED] - obtener_excels.obtener_aprobaciones_20pies.getValuesExcelAprob20 is PASSED

2020-02-07 11:07:45 - [TEST_STEP][PASSED] - IdPedido = data[3]: null

2020-02-07 11:07:45 - [TEST_STEP][PASSED] - Id_Cliente = data[4]: null

2020-02-07 11:07:45 - [TEST_STEP][PASSED] - AprobProduccion = data[7]: null

2020-02-07 11:07:45 - [TEST_STEP][PASSED] - IDPedido = IdPedido: null

2020-02-07 11:07:45 - [TEST_STEP][PASSED] - IDCliente = Id_Cliente: null

2020-02-07 11:07:45 - [TEST_STEP][PASSED] - AprobacionProduccion = AprobProduccion: null

2020-02-07 11:07:45 - [TEST_STEP][PASSED] - click(findTestObject("Object Repository/Page_- KAIZEN/apo_menuOperaciones")): Object: 'Object Repository/Page_- KAIZEN/apo_menuOperaciones' is clicked on

2020-02-07 11:07:46 - [MESSAGE][PASSED] - Object: 'Object Repository/Page_- KAIZEN/apo_menuOperaciones' is clicked on

2020-02-07 11:07:46 - [TEST_STEP][PASSED] - click(findTestObject("Object Repository/Page_- KAIZEN/apo_menu_aprobacion_produccin")): Object: 'Object Repository/Page_- KAIZEN/apo_menu_aprobacion_produccin' is clicked on

2020-02-07 11:07:47 - [MESSAGE][PASSED] - Object: 'Object Repository/Page_- KAIZEN/apo_menu_aprobacion_produccin' is clicked on

2020-02-07 11:07:47 - [TEST_STEP][PASSED] - click(findTestObject("Object Repository/Page_Aprobacin de Produccin - KAIZEN/apo_click_aprobacion_produccin")): Object: 'Object Repository/Page_Aprobacin de Produccin - KAIZEN/apo_click_aprobacion_produccin' is clicked on

2020-02-07 11:07:48 - [MESSAGE][PASSED] - Object: 'Object Repository/Page_Aprobacin de Produccin - KAIZEN/apo_click_aprobacion_produccin' is clicked on

2020-02-07 11:07:48 - [TEST_STEP][PASSED] - click(findTestObject("Object Repository/Page_Aprobacin de Produccin - KAIZEN/apo_seleccione_cliente")): Object: 'Object Repository/Page_Aprobacin de Produccin - KAIZEN/apo_seleccione_cliente' is clicked on

2020-02-07 11:07:49 - [MESSAGE][PASSED] - Object: 'Object Repository/Page_Aprobacin de Produccin - KAIZEN/apo_seleccione_cliente' is clicked on

2020-02-07 11:07:49 - [TEST_STEP][PASSED] - click(findTestObject("Object Repository/Page_Aprobacin de Produccin - KAIZEN/apo_click_selecione_cliente")): Object: 'Object Repository/Page_Aprobacin de Produccin - KAIZEN/apo_click_selecione_cliente' is clicked on

2020-02-07 11:07:50 - [MESSAGE][PASSED] - Object: 'Object Repository/Page_Aprobacin de Produccin - KAIZEN/apo_click_selecione_cliente' is clicked on

2020-02-07 11:07:50 - [TEST_STEP][PASSED] - selectOptionByValue(findTestObject("Object Repository/Page_Aprobacin de Produccin - KAIZEN/apo_assing_selecione_cliente"), IDCliente, true): All options with value '4' are selected in object 'Object Repository/Page_Aprobacin de Produccin - KAIZEN/apo_assing_selecione_cliente'  using regular expression

2020-02-07 11:07:51 - [MESSAGE][PASSED] - All options with value '4' are selected in object 'Object Repository/Page_Aprobacin de Produccin - KAIZEN/apo_assing_selecione_cliente'  using regular expression

2020-02-07 11:07:51 - [TEST_STEP][PASSED] - click(findTestObject("Object Repository/Page_Aprobacin de Produccin - KAIZEN/apo_Buscar")): Object: 'Object Repository/Page_Aprobacin de Produccin - KAIZEN/apo_Buscar' is clicked on

2020-02-07 11:07:54 - [MESSAGE][PASSED] - Object: 'Object Repository/Page_Aprobacin de Produccin - KAIZEN/apo_Buscar' is clicked on

2020-02-07 11:07:54 - [TEST_STEP][PASSED] - executeJavaScript("document.querySelector('.btn-info[href="/PedidoLubricante/DetalleAprobacion/" + IDPedido + "?Ventana=3"]').click()", null): Execute JavaScript 'document.querySelector('.btn-info[href="/PedidoLubricante/DetalleAprobacion/192?Ventana=3"]').click()' successfully

2020-02-07 11:07:55 - [MESSAGE][PASSED] - Execute JavaScript 'document.querySelector('.btn-info[href="/PedidoLubricante/DetalleAprobacion/192?Ventana=3"]').click()' successfully

2020-02-07 11:07:55 - [TEST_STEP][PASSED] - delay(5): Delayed 5 second(s)

2020-02-07 11:08:00 - [MESSAGE][PASSED] - Delayed 5 second(s)

2020-02-07 11:08:00 - [TEST_STEP][PASSED] - if (AprobacionProduccion == "Aprobar"): Object: 'Object Repository/Page_- KAIZEN/apo_btn_Aceptar' is clicked on

2020-02-07 11:08:00 - [TEST_STEP][PASSED] - click(findTestObject("Object Repository/Page_- KAIZEN/apo_Aprobar")): Object: 'Object Repository/Page_- KAIZEN/apo_Aprobar' is clicked on

2020-02-07 11:08:00 - [MESSAGE][PASSED] - Object: 'Object Repository/Page_- KAIZEN/apo_Aprobar' is clicked on

2020-02-07 11:08:00 - [TEST_STEP][PASSED] - click(findTestObject("Object Repository/Page_- KAIZEN/apo_btn_Aceptar")): Object: 'Object Repository/Page_- KAIZEN/apo_btn_Aceptar' is clicked on

2020-02-07 11:08:01 - [MESSAGE][PASSED] - Object: 'Object Repository/Page_- KAIZEN/apo_btn_Aceptar' is clicked on

2020-02-07 11:08:01 - [TEST_STEP][PASSED] - delay(10): Delayed 10 second(s)

2020-02-07 11:08:11 - [MESSAGE][PASSED] - Delayed 10 second(s)

2020-02-07 11:08:11 - [MESSAGE][PASSED] - Call Test Case 'Test Cases/Individual_Tests_20pies/Aprobacion_Produccion' successfully

2020-02-07 11:08:11 - [TEST_STEP][PASSED] - callTestCase(findTestCase("Individual_Tests_20pies/Login"), ["Evento":"Aprobar", "Index":Index, "Usuario":Usuario, "Contrasena":Contrasena], STOP_ON_FAILURE): Call Test Case 'Test Cases/Individual_Tests_20pies/Login' successfully

2020-02-07 11:08:11 - [TEST_CASE][PASSED] - Test Cases/Individual_Tests_20pies/Login: Test Cases/Individual_Tests_20pies/Login

2020-02-07 11:08:12 - [TEST_STEP][PASSED] - print("Evento Seleccionado: " + Evento + "
"): null

2020-02-07 11:08:12 - [TEST_STEP][PASSED] - openBrowser(Web): Browser is opened with url: 'http://test.kaizendev.net/Login/Accesar?salir=true'

2020-02-07 11:08:12 - [MESSAGE][WARNING] - A browser is already opened. Closing browser and opening a new one

2020-02-07 11:08:12 - [MESSAGE][INFO] - Starting 'Chrome' driver

2020-02-07 11:08:23 - [MESSAGE][PASSED] - Browser is opened with url: 'http://test.kaizendev.net/Login/Accesar?salir=true'

2020-02-07 11:08:23 - [TEST_STEP][PASSED] - maximizeWindow(): Current window maximized

2020-02-07 11:08:24 - [MESSAGE][PASSED] - Current window maximized

2020-02-07 11:08:24 - [TEST_STEP][PASSED] - if (Evento == "Crear"): null

2020-02-07 11:08:24 - [TEST_STEP][PASSED] - else if (Evento == "Aprobar"): Object: 'Object Repository/Page_Iniciar Sesion - KAIZEN/is_btn_ingresar_sistema' is clicked on

2020-02-07 11:08:24 - [TEST_STEP][PASSED] - data2 = obtener_excels.obtener_aprobaciones_20pies.getValuesExcelAprob20(Index): obtener_excels.obtener_aprobaciones_20pies.getValuesExcelAprob20 is PASSED

2020-02-07 11:08:24 - [MESSAGE][PASSED] - obtener_excels.obtener_aprobaciones_20pies.getValuesExcelAprob20 is PASSED

2020-02-07 11:08:24 - [TEST_STEP][PASSED] - Usuario = data2[1]: null

2020-02-07 11:08:24 - [TEST_STEP][PASSED] - Contrasena = data2[2]: null

2020-02-07 11:08:24 - [TEST_STEP][PASSED] - setText(findTestObject("Page_Iniciar Sesion - KAIZEN/is_input_email"), Usuario): Text 'automated.test@grupokaizen.net' is set on object 'Object Repository/Page_Iniciar Sesion - KAIZEN/is_input_email'

2020-02-07 11:08:25 - [MESSAGE][PASSED] - Text 'automated.test@grupokaizen.net' is set on object 'Object Repository/Page_Iniciar Sesion - KAIZEN/is_input_email'

2020-02-07 11:08:25 - [TEST_STEP][PASSED] - setEncryptedText(findTestObject("Page_Iniciar Sesion - KAIZEN/IS_input_contrasena"), Contrasena): Text ****** has been set on object 'Object Repository/Page_Iniciar Sesion - KAIZEN/IS_input_contrasena'

2020-02-07 11:08:25 - [MESSAGE][PASSED] - Text ****** has been set on object 'Object Repository/Page_Iniciar Sesion - KAIZEN/IS_input_contrasena'

2020-02-07 11:08:25 - [TEST_STEP][PASSED] - click(findTestObject("Page_Iniciar Sesion - KAIZEN/is_btn_ingresar_sistema")): Object: 'Object Repository/Page_Iniciar Sesion - KAIZEN/is_btn_ingresar_sistema' is clicked on

2020-02-07 11:08:27 - [MESSAGE][PASSED] - Object: 'Object Repository/Page_Iniciar Sesion - KAIZEN/is_btn_ingresar_sistema' is clicked on

2020-02-07 11:08:27 - [MESSAGE][PASSED] - Call Test Case 'Test Cases/Individual_Tests_20pies/Login' successfully

2020-02-07 11:08:27 - [TEST_STEP][PASSED] - callTestCase(findTestCase("Individual_Tests_20pies/Seleccionar_Idioma"), ["Evento":"Aprobar", "Index":Index, "Idioma":Idioma], STOP_ON_FAILURE): Call Test Case 'Test Cases/Individual_Tests_20pies/Seleccionar_Idioma' successfully

2020-02-07 11:08:27 - [TEST_CASE][PASSED] - Test Cases/Individual_Tests_20pies/Seleccionar_Idioma: Test Cases/Individual_Tests_20pies/Seleccionar_Idioma

2020-02-07 11:08:27 - [TEST_STEP][PASSED] - if (Evento == "Crear"): null

2020-02-07 11:08:27 - [TEST_STEP][PASSED] - else if (Evento == "Aprobar"): null

2020-02-07 11:08:27 - [TEST_STEP][PASSED] - data2 = obtener_excels.obtener_aprobaciones_20pies.getValuesExcelAprob20(Index): obtener_excels.obtener_aprobaciones_20pies.getValuesExcelAprob20 is PASSED

2020-02-07 11:08:27 - [MESSAGE][PASSED] - obtener_excels.obtener_aprobaciones_20pies.getValuesExcelAprob20 is PASSED

2020-02-07 11:08:27 - [TEST_STEP][PASSED] - Idioma = data2[0]: null

2020-02-07 11:08:27 - [TEST_STEP][PASSED] - click(findTestObject("Page_- KAIZEN/si_btn_idioma")): Object: 'Object Repository/Page_- KAIZEN/si_btn_idioma' is clicked on

2020-02-07 11:08:27 - [MESSAGE][PASSED] - Object: 'Object Repository/Page_- KAIZEN/si_btn_idioma' is clicked on

2020-02-07 11:08:27 - [TEST_STEP][PASSED] - if (Idioma == "0"): null

2020-02-07 11:08:27 - [TEST_STEP][PASSED] - else: Object: 'Object Repository/Page_- KAIZEN/si_Spanish' is clicked on

2020-02-07 11:08:27 - [TEST_STEP][PASSED] - click(findTestObject("Page_- KAIZEN/si_Spanish")): Object: 'Object Repository/Page_- KAIZEN/si_Spanish' is clicked on

2020-02-07 11:08:29 - [MESSAGE][PASSED] - Object: 'Object Repository/Page_- KAIZEN/si_Spanish' is clicked on

2020-02-07 11:08:29 - [MESSAGE][PASSED] - Call Test Case 'Test Cases/Individual_Tests_20pies/Seleccionar_Idioma' successfully

2020-02-07 11:08:29 - [TEST_STEP][PASSED] - callTestCase(findTestCase("Individual_Tests_20pies/Aprobacion_Produccion"), ["Index":Index, "IDCliente":IDCliente, "IDPedido":IDPedido, "AprobacionProduccion":AprobacionProduccion], STOP_ON_FAILURE): Call Test Case 'Test Cases/Individual_Tests_20pies/Aprobacion_Produccion' successfully

2020-02-07 11:08:29 - [TEST_CASE][PASSED] - Test Cases/Individual_Tests_20pies/Aprobacion_Produccion: Test Cases/Individual_Tests_20pies/Aprobacion_Produccion

2020-02-07 11:08:29 - [TEST_STEP][PASSED] - data = obtener_excels.obtener_aprobaciones_20pies.getValuesExcelAprob20(Index): obtener_excels.obtener_aprobaciones_20pies.getValuesExcelAprob20 is PASSED

2020-02-07 11:08:29 - [MESSAGE][PASSED] - obtener_excels.obtener_aprobaciones_20pies.getValuesExcelAprob20 is PASSED

2020-02-07 11:08:29 - [TEST_STEP][PASSED] - IdPedido = data[3]: null

2020-02-07 11:08:29 - [TEST_STEP][PASSED] - Id_Cliente = data[4]: null

2020-02-07 11:08:29 - [TEST_STEP][PASSED] - AprobProduccion = data[7]: null

2020-02-07 11:08:29 - [TEST_STEP][PASSED] - IDPedido = IdPedido: null

2020-02-07 11:08:29 - [TEST_STEP][PASSED] - IDCliente = Id_Cliente: null

2020-02-07 11:08:29 - [TEST_STEP][PASSED] - AprobacionProduccion = AprobProduccion: null

2020-02-07 11:08:29 - [TEST_STEP][PASSED] - click(findTestObject("Object Repository/Page_- KAIZEN/apo_menuOperaciones")): Object: 'Object Repository/Page_- KAIZEN/apo_menuOperaciones' is clicked on

2020-02-07 11:08:30 - [MESSAGE][PASSED] - Object: 'Object Repository/Page_- KAIZEN/apo_menuOperaciones' is clicked on

2020-02-07 11:08:30 - [TEST_STEP][PASSED] - click(findTestObject("Object Repository/Page_- KAIZEN/apo_menu_aprobacion_produccin")): Object: 'Object Repository/Page_- KAIZEN/apo_menu_aprobacion_produccin' is clicked on

2020-02-07 11:08:31 - [MESSAGE][PASSED] - Object: 'Object Repository/Page_- KAIZEN/apo_menu_aprobacion_produccin' is clicked on

2020-02-07 11:08:31 - [TEST_STEP][PASSED] - click(findTestObject("Object Repository/Page_Aprobacin de Produccin - KAIZEN/apo_click_aprobacion_produccin")): Object: 'Object Repository/Page_Aprobacin de Produccin - KAIZEN/apo_click_aprobacion_produccin' is clicked on

2020-02-07 11:08:32 - [MESSAGE][PASSED] - Object: 'Object Repository/Page_Aprobacin de Produccin - KAIZEN/apo_click_aprobacion_produccin' is clicked on

2020-02-07 11:08:32 - [TEST_STEP][PASSED] - click(findTestObject("Object Repository/Page_Aprobacin de Produccin - KAIZEN/apo_seleccione_cliente")): Object: 'Object Repository/Page_Aprobacin de Produccin - KAIZEN/apo_seleccione_cliente' is clicked on

2020-02-07 11:08:33 - [MESSAGE][PASSED] - Object: 'Object Repository/Page_Aprobacin de Produccin - KAIZEN/apo_seleccione_cliente' is clicked on

2020-02-07 11:08:33 - [TEST_STEP][PASSED] - click(findTestObject("Object Repository/Page_Aprobacin de Produccin - KAIZEN/apo_click_selecione_cliente")): Object: 'Object Repository/Page_Aprobacin de Produccin - KAIZEN/apo_click_selecione_cliente' is clicked on

2020-02-07 11:08:33 - [MESSAGE][PASSED] - Object: 'Object Repository/Page_Aprobacin de Produccin - KAIZEN/apo_click_selecione_cliente' is clicked on

2020-02-07 11:08:33 - [TEST_STEP][PASSED] - selectOptionByValue(findTestObject("Object Repository/Page_Aprobacin de Produccin - KAIZEN/apo_assing_selecione_cliente"), IDCliente, true): All options with value '7' are selected in object 'Object Repository/Page_Aprobacin de Produccin - KAIZEN/apo_assing_selecione_cliente'  using regular expression

2020-02-07 11:08:35 - [MESSAGE][PASSED] - All options with value '7' are selected in object 'Object Repository/Page_Aprobacin de Produccin - KAIZEN/apo_assing_selecione_cliente'  using regular expression

2020-02-07 11:08:35 - [TEST_STEP][PASSED] - click(findTestObject("Object Repository/Page_Aprobacin de Produccin - KAIZEN/apo_Buscar")): Object: 'Object Repository/Page_Aprobacin de Produccin - KAIZEN/apo_Buscar' is clicked on

2020-02-07 11:08:36 - [MESSAGE][PASSED] - Object: 'Object Repository/Page_Aprobacin de Produccin - KAIZEN/apo_Buscar' is clicked on

2020-02-07 11:08:36 - [TEST_STEP][PASSED] - executeJavaScript("document.querySelector('.btn-info[href="/PedidoLubricante/DetalleAprobacion/" + IDPedido + "?Ventana=3"]').click()", null): Execute JavaScript 'document.querySelector('.btn-info[href="/PedidoLubricante/DetalleAprobacion/193?Ventana=3"]').click()' successfully

2020-02-07 11:08:37 - [MESSAGE][PASSED] - Execute JavaScript 'document.querySelector('.btn-info[href="/PedidoLubricante/DetalleAprobacion/193?Ventana=3"]').click()' successfully

2020-02-07 11:08:37 - [TEST_STEP][PASSED] - delay(5): Delayed 5 second(s)

2020-02-07 11:08:42 - [MESSAGE][PASSED] - Delayed 5 second(s)

2020-02-07 11:08:42 - [TEST_STEP][PASSED] - if (AprobacionProduccion == "Aprobar"): null

2020-02-07 11:08:42 - [TEST_STEP][PASSED] - else: Object: 'Object Repository/Page_- KAIZEN/apo_btn_Aceptar' is clicked on

2020-02-07 11:08:42 - [TEST_STEP][PASSED] - click(findTestObject("Object Repository/Page_- KAIZEN/apo_Denegar")): Object: 'Object Repository/Page_- KAIZEN/apo_Denegar' is clicked on

2020-02-07 11:08:42 - [MESSAGE][PASSED] - Object: 'Object Repository/Page_- KAIZEN/apo_Denegar' is clicked on

2020-02-07 11:08:42 - [TEST_STEP][PASSED] - click(findTestObject("Object Repository/Page_- KAIZEN/apo_btn_Aceptar")): Object: 'Object Repository/Page_- KAIZEN/apo_btn_Aceptar' is clicked on

2020-02-07 11:08:43 - [MESSAGE][PASSED] - Object: 'Object Repository/Page_- KAIZEN/apo_btn_Aceptar' is clicked on

2020-02-07 11:08:43 - [TEST_STEP][PASSED] - delay(10): Delayed 10 second(s)

2020-02-07 11:08:53 - [MESSAGE][PASSED] - Delayed 10 second(s)

2020-02-07 11:08:53 - [MESSAGE][PASSED] - Call Test Case 'Test Cases/Individual_Tests_20pies/Aprobacion_Produccion' successfully

2020-02-07 11:08:53 - [TEST_STEP][PASSED] - callTestCase(findTestCase("Individual_Tests_20pies/Login"), ["Evento":"Aprobar", "Index":Index, "Usuario":Usuario, "Contrasena":Contrasena], STOP_ON_FAILURE): Call Test Case 'Test Cases/Individual_Tests_20pies/Login' successfully

2020-02-07 11:08:53 - [TEST_CASE][PASSED] - Test Cases/Individual_Tests_20pies/Login: Test Cases/Individual_Tests_20pies/Login

2020-02-07 11:08:53 - [TEST_STEP][PASSED] - print("Evento Seleccionado: " + Evento + "
"): null

2020-02-07 11:08:53 - [TEST_STEP][PASSED] - openBrowser(Web): Browser is opened with url: 'http://test.kaizendev.net/Login/Accesar?salir=true'

2020-02-07 11:08:53 - [MESSAGE][WARNING] - A browser is already opened. Closing browser and opening a new one

2020-02-07 11:08:53 - [MESSAGE][INFO] - Starting 'Chrome' driver

2020-02-07 11:09:03 - [MESSAGE][PASSED] - Browser is opened with url: 'http://test.kaizendev.net/Login/Accesar?salir=true'

2020-02-07 11:09:03 - [TEST_STEP][PASSED] - maximizeWindow(): Current window maximized

2020-02-07 11:09:04 - [MESSAGE][PASSED] - Current window maximized

2020-02-07 11:09:04 - [TEST_STEP][PASSED] - if (Evento == "Crear"): null

2020-02-07 11:09:04 - [TEST_STEP][PASSED] - else if (Evento == "Aprobar"): Object: 'Object Repository/Page_Iniciar Sesion - KAIZEN/is_btn_ingresar_sistema' is clicked on

2020-02-07 11:09:04 - [TEST_STEP][PASSED] - data2 = obtener_excels.obtener_aprobaciones_20pies.getValuesExcelAprob20(Index): obtener_excels.obtener_aprobaciones_20pies.getValuesExcelAprob20 is PASSED

2020-02-07 11:09:04 - [MESSAGE][PASSED] - obtener_excels.obtener_aprobaciones_20pies.getValuesExcelAprob20 is PASSED

2020-02-07 11:09:04 - [TEST_STEP][PASSED] - Usuario = data2[1]: null

2020-02-07 11:09:04 - [TEST_STEP][PASSED] - Contrasena = data2[2]: null

2020-02-07 11:09:04 - [TEST_STEP][PASSED] - setText(findTestObject("Page_Iniciar Sesion - KAIZEN/is_input_email"), Usuario): Text 'automated.test@grupokaizen.net' is set on object 'Object Repository/Page_Iniciar Sesion - KAIZEN/is_input_email'

2020-02-07 11:09:05 - [MESSAGE][PASSED] - Text 'automated.test@grupokaizen.net' is set on object 'Object Repository/Page_Iniciar Sesion - KAIZEN/is_input_email'

2020-02-07 11:09:05 - [TEST_STEP][PASSED] - setEncryptedText(findTestObject("Page_Iniciar Sesion - KAIZEN/IS_input_contrasena"), Contrasena): Text ****** has been set on object 'Object Repository/Page_Iniciar Sesion - KAIZEN/IS_input_contrasena'

2020-02-07 11:09:05 - [MESSAGE][PASSED] - Text ****** has been set on object 'Object Repository/Page_Iniciar Sesion - KAIZEN/IS_input_contrasena'

2020-02-07 11:09:05 - [TEST_STEP][PASSED] - click(findTestObject("Page_Iniciar Sesion - KAIZEN/is_btn_ingresar_sistema")): Object: 'Object Repository/Page_Iniciar Sesion - KAIZEN/is_btn_ingresar_sistema' is clicked on

2020-02-07 11:09:08 - [MESSAGE][PASSED] - Object: 'Object Repository/Page_Iniciar Sesion - KAIZEN/is_btn_ingresar_sistema' is clicked on

2020-02-07 11:09:08 - [MESSAGE][PASSED] - Call Test Case 'Test Cases/Individual_Tests_20pies/Login' successfully

2020-02-07 11:09:08 - [TEST_STEP][PASSED] - callTestCase(findTestCase("Individual_Tests_20pies/Seleccionar_Idioma"), ["Evento":"Aprobar", "Index":Index, "Idioma":Idioma], STOP_ON_FAILURE): Call Test Case 'Test Cases/Individual_Tests_20pies/Seleccionar_Idioma' successfully

2020-02-07 11:09:08 - [TEST_CASE][PASSED] - Test Cases/Individual_Tests_20pies/Seleccionar_Idioma: Test Cases/Individual_Tests_20pies/Seleccionar_Idioma

2020-02-07 11:09:08 - [TEST_STEP][PASSED] - if (Evento == "Crear"): null

2020-02-07 11:09:08 - [TEST_STEP][PASSED] - else if (Evento == "Aprobar"): null

2020-02-07 11:09:08 - [TEST_STEP][PASSED] - data2 = obtener_excels.obtener_aprobaciones_20pies.getValuesExcelAprob20(Index): obtener_excels.obtener_aprobaciones_20pies.getValuesExcelAprob20 is PASSED

2020-02-07 11:09:08 - [MESSAGE][PASSED] - obtener_excels.obtener_aprobaciones_20pies.getValuesExcelAprob20 is PASSED

2020-02-07 11:09:08 - [TEST_STEP][PASSED] - Idioma = data2[0]: null

2020-02-07 11:09:08 - [TEST_STEP][PASSED] - click(findTestObject("Page_- KAIZEN/si_btn_idioma")): Object: 'Object Repository/Page_- KAIZEN/si_btn_idioma' is clicked on

2020-02-07 11:09:08 - [MESSAGE][PASSED] - Object: 'Object Repository/Page_- KAIZEN/si_btn_idioma' is clicked on

2020-02-07 11:09:08 - [TEST_STEP][PASSED] - if (Idioma == "0"): null

2020-02-07 11:09:08 - [TEST_STEP][PASSED] - else: Object: 'Object Repository/Page_- KAIZEN/si_Spanish' is clicked on

2020-02-07 11:09:08 - [TEST_STEP][PASSED] - click(findTestObject("Page_- KAIZEN/si_Spanish")): Object: 'Object Repository/Page_- KAIZEN/si_Spanish' is clicked on

2020-02-07 11:09:10 - [MESSAGE][PASSED] - Object: 'Object Repository/Page_- KAIZEN/si_Spanish' is clicked on

2020-02-07 11:09:10 - [MESSAGE][PASSED] - Call Test Case 'Test Cases/Individual_Tests_20pies/Seleccionar_Idioma' successfully

2020-02-07 11:09:10 - [TEST_STEP][PASSED] - callTestCase(findTestCase("Individual_Tests_20pies/Aprobacion_Produccion"), ["Index":Index, "IDCliente":IDCliente, "IDPedido":IDPedido, "AprobacionProduccion":AprobacionProduccion], STOP_ON_FAILURE): Call Test Case 'Test Cases/Individual_Tests_20pies/Aprobacion_Produccion' successfully

2020-02-07 11:09:10 - [TEST_CASE][PASSED] - Test Cases/Individual_Tests_20pies/Aprobacion_Produccion: Test Cases/Individual_Tests_20pies/Aprobacion_Produccion

2020-02-07 11:09:10 - [TEST_STEP][PASSED] - data = obtener_excels.obtener_aprobaciones_20pies.getValuesExcelAprob20(Index): obtener_excels.obtener_aprobaciones_20pies.getValuesExcelAprob20 is PASSED

2020-02-07 11:09:10 - [MESSAGE][PASSED] - obtener_excels.obtener_aprobaciones_20pies.getValuesExcelAprob20 is PASSED

2020-02-07 11:09:10 - [TEST_STEP][PASSED] - IdPedido = data[3]: null

2020-02-07 11:09:10 - [TEST_STEP][PASSED] - Id_Cliente = data[4]: null

2020-02-07 11:09:10 - [TEST_STEP][PASSED] - AprobProduccion = data[7]: null

2020-02-07 11:09:10 - [TEST_STEP][PASSED] - IDPedido = IdPedido: null

2020-02-07 11:09:10 - [TEST_STEP][PASSED] - IDCliente = Id_Cliente: null

2020-02-07 11:09:10 - [TEST_STEP][PASSED] - AprobacionProduccion = AprobProduccion: null

2020-02-07 11:09:10 - [TEST_STEP][PASSED] - click(findTestObject("Object Repository/Page_- KAIZEN/apo_menuOperaciones")): Object: 'Object Repository/Page_- KAIZEN/apo_menuOperaciones' is clicked on

2020-02-07 11:09:11 - [MESSAGE][PASSED] - Object: 'Object Repository/Page_- KAIZEN/apo_menuOperaciones' is clicked on

2020-02-07 11:09:11 - [TEST_STEP][PASSED] - click(findTestObject("Object Repository/Page_- KAIZEN/apo_menu_aprobacion_produccin")): Object: 'Object Repository/Page_- KAIZEN/apo_menu_aprobacion_produccin' is clicked on

2020-02-07 11:09:12 - [MESSAGE][PASSED] - Object: 'Object Repository/Page_- KAIZEN/apo_menu_aprobacion_produccin' is clicked on

2020-02-07 11:09:12 - [TEST_STEP][PASSED] - click(findTestObject("Object Repository/Page_Aprobacin de Produccin - KAIZEN/apo_click_aprobacion_produccin")): Object: 'Object Repository/Page_Aprobacin de Produccin - KAIZEN/apo_click_aprobacion_produccin' is clicked on

2020-02-07 11:09:13 - [MESSAGE][PASSED] - Object: 'Object Repository/Page_Aprobacin de Produccin - KAIZEN/apo_click_aprobacion_produccin' is clicked on

2020-02-07 11:09:13 - [TEST_STEP][PASSED] - click(findTestObject("Object Repository/Page_Aprobacin de Produccin - KAIZEN/apo_seleccione_cliente")): Object: 'Object Repository/Page_Aprobacin de Produccin - KAIZEN/apo_seleccione_cliente' is clicked on

2020-02-07 11:09:14 - [MESSAGE][PASSED] - Object: 'Object Repository/Page_Aprobacin de Produccin - KAIZEN/apo_seleccione_cliente' is clicked on

2020-02-07 11:09:14 - [TEST_STEP][PASSED] - click(findTestObject("Object Repository/Page_Aprobacin de Produccin - KAIZEN/apo_click_selecione_cliente")): Object: 'Object Repository/Page_Aprobacin de Produccin - KAIZEN/apo_click_selecione_cliente' is clicked on

2020-02-07 11:09:14 - [MESSAGE][PASSED] - Object: 'Object Repository/Page_Aprobacin de Produccin - KAIZEN/apo_click_selecione_cliente' is clicked on

2020-02-07 11:09:14 - [TEST_STEP][PASSED] - selectOptionByValue(findTestObject("Object Repository/Page_Aprobacin de Produccin - KAIZEN/apo_assing_selecione_cliente"), IDCliente, true): All options with value '4' are selected in object 'Object Repository/Page_Aprobacin de Produccin - KAIZEN/apo_assing_selecione_cliente'  using regular expression

2020-02-07 11:09:16 - [MESSAGE][PASSED] - All options with value '4' are selected in object 'Object Repository/Page_Aprobacin de Produccin - KAIZEN/apo_assing_selecione_cliente'  using regular expression

2020-02-07 11:09:16 - [TEST_STEP][PASSED] - click(findTestObject("Object Repository/Page_Aprobacin de Produccin - KAIZEN/apo_Buscar")): Object: 'Object Repository/Page_Aprobacin de Produccin - KAIZEN/apo_Buscar' is clicked on

2020-02-07 11:09:17 - [MESSAGE][PASSED] - Object: 'Object Repository/Page_Aprobacin de Produccin - KAIZEN/apo_Buscar' is clicked on

2020-02-07 11:09:17 - [TEST_STEP][PASSED] - executeJavaScript("document.querySelector('.btn-info[href="/PedidoLubricante/DetalleAprobacion/" + IDPedido + "?Ventana=3"]').click()", null): Execute JavaScript 'document.querySelector('.btn-info[href="/PedidoLubricante/DetalleAprobacion/194?Ventana=3"]').click()' successfully

2020-02-07 11:09:18 - [MESSAGE][PASSED] - Execute JavaScript 'document.querySelector('.btn-info[href="/PedidoLubricante/DetalleAprobacion/194?Ventana=3"]').click()' successfully

2020-02-07 11:09:18 - [TEST_STEP][PASSED] - delay(5): Delayed 5 second(s)

2020-02-07 11:09:23 - [MESSAGE][PASSED] - Delayed 5 second(s)

2020-02-07 11:09:23 - [TEST_STEP][PASSED] - if (AprobacionProduccion == "Aprobar"): Object: 'Object Repository/Page_- KAIZEN/apo_btn_Aceptar' is clicked on

2020-02-07 11:09:23 - [TEST_STEP][PASSED] - click(findTestObject("Object Repository/Page_- KAIZEN/apo_Aprobar")): Object: 'Object Repository/Page_- KAIZEN/apo_Aprobar' is clicked on

2020-02-07 11:09:24 - [MESSAGE][PASSED] - Object: 'Object Repository/Page_- KAIZEN/apo_Aprobar' is clicked on

2020-02-07 11:09:24 - [TEST_STEP][PASSED] - click(findTestObject("Object Repository/Page_- KAIZEN/apo_btn_Aceptar")): Object: 'Object Repository/Page_- KAIZEN/apo_btn_Aceptar' is clicked on

2020-02-07 11:09:25 - [MESSAGE][PASSED] - Object: 'Object Repository/Page_- KAIZEN/apo_btn_Aceptar' is clicked on

2020-02-07 11:09:25 - [TEST_STEP][PASSED] - delay(10): Delayed 10 second(s)

2020-02-07 11:09:35 - [MESSAGE][PASSED] - Delayed 10 second(s)

2020-02-07 11:09:35 - [MESSAGE][PASSED] - Call Test Case 'Test Cases/Individual_Tests_20pies/Aprobacion_Produccion' successfully

2020-02-07 11:09:35 - [TEST_STEP][PASSED] - callTestCase(findTestCase("Individual_Tests_20pies/Login"), ["Evento":"Aprobar", "Index":Index, "Usuario":Usuario, "Contrasena":Contrasena], STOP_ON_FAILURE): Call Test Case 'Test Cases/Individual_Tests_20pies/Login' successfully

2020-02-07 11:09:35 - [TEST_CASE][PASSED] - Test Cases/Individual_Tests_20pies/Login: Test Cases/Individual_Tests_20pies/Login

2020-02-07 11:09:35 - [TEST_STEP][PASSED] - print("Evento Seleccionado: " + Evento + "
"): null

2020-02-07 11:09:35 - [TEST_STEP][PASSED] - openBrowser(Web): Browser is opened with url: 'http://test.kaizendev.net/Login/Accesar?salir=true'

2020-02-07 11:09:35 - [MESSAGE][WARNING] - A browser is already opened. Closing browser and opening a new one

2020-02-07 11:09:36 - [MESSAGE][INFO] - Starting 'Chrome' driver

2020-02-07 11:09:48 - [MESSAGE][PASSED] - Browser is opened with url: 'http://test.kaizendev.net/Login/Accesar?salir=true'

2020-02-07 11:09:48 - [TEST_STEP][PASSED] - maximizeWindow(): Current window maximized

2020-02-07 11:09:49 - [MESSAGE][PASSED] - Current window maximized

2020-02-07 11:09:49 - [TEST_STEP][PASSED] - if (Evento == "Crear"): null

2020-02-07 11:09:49 - [TEST_STEP][PASSED] - else if (Evento == "Aprobar"): Object: 'Object Repository/Page_Iniciar Sesion - KAIZEN/is_btn_ingresar_sistema' is clicked on

2020-02-07 11:09:49 - [TEST_STEP][PASSED] - data2 = obtener_excels.obtener_aprobaciones_20pies.getValuesExcelAprob20(Index): obtener_excels.obtener_aprobaciones_20pies.getValuesExcelAprob20 is PASSED

2020-02-07 11:09:49 - [MESSAGE][PASSED] - obtener_excels.obtener_aprobaciones_20pies.getValuesExcelAprob20 is PASSED

2020-02-07 11:09:49 - [TEST_STEP][PASSED] - Usuario = data2[1]: null

2020-02-07 11:09:49 - [TEST_STEP][PASSED] - Contrasena = data2[2]: null

2020-02-07 11:09:49 - [TEST_STEP][PASSED] - setText(findTestObject("Page_Iniciar Sesion - KAIZEN/is_input_email"), Usuario): Text 'automated.test@grupokaizen.net' is set on object 'Object Repository/Page_Iniciar Sesion - KAIZEN/is_input_email'

2020-02-07 11:09:50 - [MESSAGE][PASSED] - Text 'automated.test@grupokaizen.net' is set on object 'Object Repository/Page_Iniciar Sesion - KAIZEN/is_input_email'

2020-02-07 11:09:50 - [TEST_STEP][PASSED] - setEncryptedText(findTestObject("Page_Iniciar Sesion - KAIZEN/IS_input_contrasena"), Contrasena): Text ****** has been set on object 'Object Repository/Page_Iniciar Sesion - KAIZEN/IS_input_contrasena'

2020-02-07 11:09:50 - [MESSAGE][PASSED] - Text ****** has been set on object 'Object Repository/Page_Iniciar Sesion - KAIZEN/IS_input_contrasena'

2020-02-07 11:09:50 - [TEST_STEP][PASSED] - click(findTestObject("Page_Iniciar Sesion - KAIZEN/is_btn_ingresar_sistema")): Object: 'Object Repository/Page_Iniciar Sesion - KAIZEN/is_btn_ingresar_sistema' is clicked on

2020-02-07 11:09:52 - [MESSAGE][PASSED] - Object: 'Object Repository/Page_Iniciar Sesion - KAIZEN/is_btn_ingresar_sistema' is clicked on

2020-02-07 11:09:52 - [MESSAGE][PASSED] - Call Test Case 'Test Cases/Individual_Tests_20pies/Login' successfully

2020-02-07 11:09:52 - [TEST_STEP][PASSED] - callTestCase(findTestCase("Individual_Tests_20pies/Seleccionar_Idioma"), ["Evento":"Aprobar", "Index":Index, "Idioma":Idioma], STOP_ON_FAILURE): Call Test Case 'Test Cases/Individual_Tests_20pies/Seleccionar_Idioma' successfully

2020-02-07 11:09:52 - [TEST_CASE][PASSED] - Test Cases/Individual_Tests_20pies/Seleccionar_Idioma: Test Cases/Individual_Tests_20pies/Seleccionar_Idioma

2020-02-07 11:09:52 - [TEST_STEP][PASSED] - if (Evento == "Crear"): null

2020-02-07 11:09:52 - [TEST_STEP][PASSED] - else if (Evento == "Aprobar"): null

2020-02-07 11:09:52 - [TEST_STEP][PASSED] - data2 = obtener_excels.obtener_aprobaciones_20pies.getValuesExcelAprob20(Index): obtener_excels.obtener_aprobaciones_20pies.getValuesExcelAprob20 is PASSED

2020-02-07 11:09:52 - [MESSAGE][PASSED] - obtener_excels.obtener_aprobaciones_20pies.getValuesExcelAprob20 is PASSED

2020-02-07 11:09:52 - [TEST_STEP][PASSED] - Idioma = data2[0]: null

2020-02-07 11:09:52 - [TEST_STEP][PASSED] - click(findTestObject("Page_- KAIZEN/si_btn_idioma")): Object: 'Object Repository/Page_- KAIZEN/si_btn_idioma' is clicked on

2020-02-07 11:09:53 - [MESSAGE][PASSED] - Object: 'Object Repository/Page_- KAIZEN/si_btn_idioma' is clicked on

2020-02-07 11:09:53 - [TEST_STEP][PASSED] - if (Idioma == "0"): null

2020-02-07 11:09:53 - [TEST_STEP][PASSED] - else: Object: 'Object Repository/Page_- KAIZEN/si_Spanish' is clicked on

2020-02-07 11:09:53 - [TEST_STEP][PASSED] - click(findTestObject("Page_- KAIZEN/si_Spanish")): Object: 'Object Repository/Page_- KAIZEN/si_Spanish' is clicked on

2020-02-07 11:09:54 - [MESSAGE][PASSED] - Object: 'Object Repository/Page_- KAIZEN/si_Spanish' is clicked on

2020-02-07 11:09:54 - [MESSAGE][PASSED] - Call Test Case 'Test Cases/Individual_Tests_20pies/Seleccionar_Idioma' successfully

2020-02-07 11:09:54 - [TEST_STEP][PASSED] - callTestCase(findTestCase("Individual_Tests_20pies/Aprobacion_Produccion"), ["Index":Index, "IDCliente":IDCliente, "IDPedido":IDPedido, "AprobacionProduccion":AprobacionProduccion], STOP_ON_FAILURE): Call Test Case 'Test Cases/Individual_Tests_20pies/Aprobacion_Produccion' successfully

2020-02-07 11:09:54 - [TEST_CASE][PASSED] - Test Cases/Individual_Tests_20pies/Aprobacion_Produccion: Test Cases/Individual_Tests_20pies/Aprobacion_Produccion

2020-02-07 11:09:54 - [TEST_STEP][PASSED] - data = obtener_excels.obtener_aprobaciones_20pies.getValuesExcelAprob20(Index): obtener_excels.obtener_aprobaciones_20pies.getValuesExcelAprob20 is PASSED

2020-02-07 11:09:54 - [MESSAGE][PASSED] - obtener_excels.obtener_aprobaciones_20pies.getValuesExcelAprob20 is PASSED

2020-02-07 11:09:54 - [TEST_STEP][PASSED] - IdPedido = data[3]: null

2020-02-07 11:09:54 - [TEST_STEP][PASSED] - Id_Cliente = data[4]: null

2020-02-07 11:09:54 - [TEST_STEP][PASSED] - AprobProduccion = data[7]: null

2020-02-07 11:09:54 - [TEST_STEP][PASSED] - IDPedido = IdPedido: null

2020-02-07 11:09:54 - [TEST_STEP][PASSED] - IDCliente = Id_Cliente: null

2020-02-07 11:09:54 - [TEST_STEP][PASSED] - AprobacionProduccion = AprobProduccion: null

2020-02-07 11:09:54 - [TEST_STEP][PASSED] - click(findTestObject("Object Repository/Page_- KAIZEN/apo_menuOperaciones")): Object: 'Object Repository/Page_- KAIZEN/apo_menuOperaciones' is clicked on

2020-02-07 11:09:55 - [MESSAGE][PASSED] - Object: 'Object Repository/Page_- KAIZEN/apo_menuOperaciones' is clicked on

2020-02-07 11:09:55 - [TEST_STEP][PASSED] - click(findTestObject("Object Repository/Page_- KAIZEN/apo_menu_aprobacion_produccin")): Object: 'Object Repository/Page_- KAIZEN/apo_menu_aprobacion_produccin' is clicked on

2020-02-07 11:09:56 - [MESSAGE][PASSED] - Object: 'Object Repository/Page_- KAIZEN/apo_menu_aprobacion_produccin' is clicked on

2020-02-07 11:09:56 - [TEST_STEP][PASSED] - click(findTestObject("Object Repository/Page_Aprobacin de Produccin - KAIZEN/apo_click_aprobacion_produccin")): Object: 'Object Repository/Page_Aprobacin de Produccin - KAIZEN/apo_click_aprobacion_produccin' is clicked on

2020-02-07 11:09:57 - [MESSAGE][PASSED] - Object: 'Object Repository/Page_Aprobacin de Produccin - KAIZEN/apo_click_aprobacion_produccin' is clicked on

2020-02-07 11:09:57 - [TEST_STEP][PASSED] - click(findTestObject("Object Repository/Page_Aprobacin de Produccin - KAIZEN/apo_seleccione_cliente")): Object: 'Object Repository/Page_Aprobacin de Produccin - KAIZEN/apo_seleccione_cliente' is clicked on

2020-02-07 11:09:58 - [MESSAGE][PASSED] - Object: 'Object Repository/Page_Aprobacin de Produccin - KAIZEN/apo_seleccione_cliente' is clicked on

2020-02-07 11:09:58 - [TEST_STEP][PASSED] - click(findTestObject("Object Repository/Page_Aprobacin de Produccin - KAIZEN/apo_click_selecione_cliente")): Object: 'Object Repository/Page_Aprobacin de Produccin - KAIZEN/apo_click_selecione_cliente' is clicked on

2020-02-07 11:09:59 - [MESSAGE][PASSED] - Object: 'Object Repository/Page_Aprobacin de Produccin - KAIZEN/apo_click_selecione_cliente' is clicked on

2020-02-07 11:09:59 - [TEST_STEP][PASSED] - selectOptionByValue(findTestObject("Object Repository/Page_Aprobacin de Produccin - KAIZEN/apo_assing_selecione_cliente"), IDCliente, true): All options with value '7' are selected in object 'Object Repository/Page_Aprobacin de Produccin - KAIZEN/apo_assing_selecione_cliente'  using regular expression

2020-02-07 11:10:00 - [MESSAGE][PASSED] - All options with value '7' are selected in object 'Object Repository/Page_Aprobacin de Produccin - KAIZEN/apo_assing_selecione_cliente'  using regular expression

2020-02-07 11:10:00 - [TEST_STEP][PASSED] - click(findTestObject("Object Repository/Page_Aprobacin de Produccin - KAIZEN/apo_Buscar")): Object: 'Object Repository/Page_Aprobacin de Produccin - KAIZEN/apo_Buscar' is clicked on

2020-02-07 11:10:01 - [MESSAGE][PASSED] - Object: 'Object Repository/Page_Aprobacin de Produccin - KAIZEN/apo_Buscar' is clicked on

2020-02-07 11:10:01 - [TEST_STEP][PASSED] - executeJavaScript("document.querySelector('.btn-info[href="/PedidoLubricante/DetalleAprobacion/" + IDPedido + "?Ventana=3"]').click()", null): Execute JavaScript 'document.querySelector('.btn-info[href="/PedidoLubricante/DetalleAprobacion/195?Ventana=3"]').click()' successfully

2020-02-07 11:10:02 - [MESSAGE][PASSED] - Execute JavaScript 'document.querySelector('.btn-info[href="/PedidoLubricante/DetalleAprobacion/195?Ventana=3"]').click()' successfully

2020-02-07 11:10:02 - [TEST_STEP][PASSED] - delay(5): Delayed 5 second(s)

2020-02-07 11:10:07 - [MESSAGE][PASSED] - Delayed 5 second(s)

2020-02-07 11:10:07 - [TEST_STEP][PASSED] - if (AprobacionProduccion == "Aprobar"): Object: 'Object Repository/Page_- KAIZEN/apo_btn_Aceptar' is clicked on

2020-02-07 11:10:07 - [TEST_STEP][PASSED] - click(findTestObject("Object Repository/Page_- KAIZEN/apo_Aprobar")): Object: 'Object Repository/Page_- KAIZEN/apo_Aprobar' is clicked on

2020-02-07 11:10:08 - [MESSAGE][PASSED] - Object: 'Object Repository/Page_- KAIZEN/apo_Aprobar' is clicked on

2020-02-07 11:10:08 - [TEST_STEP][PASSED] - click(findTestObject("Object Repository/Page_- KAIZEN/apo_btn_Aceptar")): Object: 'Object Repository/Page_- KAIZEN/apo_btn_Aceptar' is clicked on

2020-02-07 11:10:09 - [MESSAGE][PASSED] - Object: 'Object Repository/Page_- KAIZEN/apo_btn_Aceptar' is clicked on

2020-02-07 11:10:09 - [TEST_STEP][PASSED] - delay(10): Delayed 10 second(s)

2020-02-07 11:10:19 - [MESSAGE][PASSED] - Delayed 10 second(s)

2020-02-07 11:10:19 - [MESSAGE][PASSED] - Call Test Case 'Test Cases/Individual_Tests_20pies/Aprobacion_Produccion' successfully

2020-02-07 11:10:19 - [TEST_STEP][PASSED] - callTestCase(findTestCase("Individual_Tests_20pies/Login"), ["Evento":"Aprobar", "Index":Index, "Usuario":Usuario, "Contrasena":Contrasena], STOP_ON_FAILURE): Call Test Case 'Test Cases/Individual_Tests_20pies/Login' successfully

2020-02-07 11:10:19 - [TEST_CASE][PASSED] - Test Cases/Individual_Tests_20pies/Login: Test Cases/Individual_Tests_20pies/Login

2020-02-07 11:10:19 - [TEST_STEP][PASSED] - print("Evento Seleccionado: " + Evento + "
"): null

2020-02-07 11:10:19 - [TEST_STEP][PASSED] - openBrowser(Web): Browser is opened with url: 'http://test.kaizendev.net/Login/Accesar?salir=true'

2020-02-07 11:10:19 - [MESSAGE][WARNING] - A browser is already opened. Closing browser and opening a new one

2020-02-07 11:10:20 - [MESSAGE][INFO] - Starting 'Chrome' driver

2020-02-07 11:10:30 - [MESSAGE][PASSED] - Browser is opened with url: 'http://test.kaizendev.net/Login/Accesar?salir=true'

2020-02-07 11:10:30 - [TEST_STEP][PASSED] - maximizeWindow(): Current window maximized

2020-02-07 11:10:31 - [MESSAGE][PASSED] - Current window maximized

2020-02-07 11:10:31 - [TEST_STEP][PASSED] - if (Evento == "Crear"): null

2020-02-07 11:10:31 - [TEST_STEP][PASSED] - else if (Evento == "Aprobar"): Object: 'Object Repository/Page_Iniciar Sesion - KAIZEN/is_btn_ingresar_sistema' is clicked on

2020-02-07 11:10:31 - [TEST_STEP][PASSED] - data2 = obtener_excels.obtener_aprobaciones_20pies.getValuesExcelAprob20(Index): obtener_excels.obtener_aprobaciones_20pies.getValuesExcelAprob20 is PASSED

2020-02-07 11:10:31 - [MESSAGE][PASSED] - obtener_excels.obtener_aprobaciones_20pies.getValuesExcelAprob20 is PASSED

2020-02-07 11:10:31 - [TEST_STEP][PASSED] - Usuario = data2[1]: null

2020-02-07 11:10:31 - [TEST_STEP][PASSED] - Contrasena = data2[2]: null

2020-02-07 11:10:31 - [TEST_STEP][PASSED] - setText(findTestObject("Page_Iniciar Sesion - KAIZEN/is_input_email"), Usuario): Text 'automated.test@grupokaizen.net' is set on object 'Object Repository/Page_Iniciar Sesion - KAIZEN/is_input_email'

2020-02-07 11:10:31 - [MESSAGE][PASSED] - Text 'automated.test@grupokaizen.net' is set on object 'Object Repository/Page_Iniciar Sesion - KAIZEN/is_input_email'

2020-02-07 11:10:31 - [TEST_STEP][PASSED] - setEncryptedText(findTestObject("Page_Iniciar Sesion - KAIZEN/IS_input_contrasena"), Contrasena): Text ****** has been set on object 'Object Repository/Page_Iniciar Sesion - KAIZEN/IS_input_contrasena'

2020-02-07 11:10:32 - [MESSAGE][PASSED] - Text ****** has been set on object 'Object Repository/Page_Iniciar Sesion - KAIZEN/IS_input_contrasena'

2020-02-07 11:10:32 - [TEST_STEP][PASSED] - click(findTestObject("Page_Iniciar Sesion - KAIZEN/is_btn_ingresar_sistema")): Object: 'Object Repository/Page_Iniciar Sesion - KAIZEN/is_btn_ingresar_sistema' is clicked on

2020-02-07 11:10:33 - [MESSAGE][PASSED] - Object: 'Object Repository/Page_Iniciar Sesion - KAIZEN/is_btn_ingresar_sistema' is clicked on

2020-02-07 11:10:33 - [MESSAGE][PASSED] - Call Test Case 'Test Cases/Individual_Tests_20pies/Login' successfully

2020-02-07 11:10:33 - [TEST_STEP][PASSED] - callTestCase(findTestCase("Individual_Tests_20pies/Seleccionar_Idioma"), ["Evento":"Aprobar", "Index":Index, "Idioma":Idioma], STOP_ON_FAILURE): Call Test Case 'Test Cases/Individual_Tests_20pies/Seleccionar_Idioma' successfully

2020-02-07 11:10:34 - [TEST_CASE][PASSED] - Test Cases/Individual_Tests_20pies/Seleccionar_Idioma: Test Cases/Individual_Tests_20pies/Seleccionar_Idioma

2020-02-07 11:10:34 - [TEST_STEP][PASSED] - if (Evento == "Crear"): null

2020-02-07 11:10:34 - [TEST_STEP][PASSED] - else if (Evento == "Aprobar"): null

2020-02-07 11:10:34 - [TEST_STEP][PASSED] - data2 = obtener_excels.obtener_aprobaciones_20pies.getValuesExcelAprob20(Index): obtener_excels.obtener_aprobaciones_20pies.getValuesExcelAprob20 is PASSED

2020-02-07 11:10:34 - [MESSAGE][PASSED] - obtener_excels.obtener_aprobaciones_20pies.getValuesExcelAprob20 is PASSED

2020-02-07 11:10:34 - [TEST_STEP][PASSED] - Idioma = data2[0]: null

2020-02-07 11:10:34 - [TEST_STEP][PASSED] - click(findTestObject("Page_- KAIZEN/si_btn_idioma")): Object: 'Object Repository/Page_- KAIZEN/si_btn_idioma' is clicked on

2020-02-07 11:10:34 - [MESSAGE][PASSED] - Object: 'Object Repository/Page_- KAIZEN/si_btn_idioma' is clicked on

2020-02-07 11:10:34 - [TEST_STEP][PASSED] - if (Idioma == "0"): null

2020-02-07 11:10:34 - [TEST_STEP][PASSED] - else: Object: 'Object Repository/Page_- KAIZEN/si_Spanish' is clicked on

2020-02-07 11:10:34 - [TEST_STEP][PASSED] - click(findTestObject("Page_- KAIZEN/si_Spanish")): Object: 'Object Repository/Page_- KAIZEN/si_Spanish' is clicked on

2020-02-07 11:10:35 - [MESSAGE][PASSED] - Object: 'Object Repository/Page_- KAIZEN/si_Spanish' is clicked on

2020-02-07 11:10:35 - [MESSAGE][PASSED] - Call Test Case 'Test Cases/Individual_Tests_20pies/Seleccionar_Idioma' successfully

2020-02-07 11:10:35 - [TEST_STEP][PASSED] - callTestCase(findTestCase("Individual_Tests_20pies/Aprobacion_Produccion"), ["Index":Index, "IDCliente":IDCliente, "IDPedido":IDPedido, "AprobacionProduccion":AprobacionProduccion], STOP_ON_FAILURE): Call Test Case 'Test Cases/Individual_Tests_20pies/Aprobacion_Produccion' successfully

2020-02-07 11:10:35 - [TEST_CASE][PASSED] - Test Cases/Individual_Tests_20pies/Aprobacion_Produccion: Test Cases/Individual_Tests_20pies/Aprobacion_Produccion

2020-02-07 11:10:35 - [TEST_STEP][PASSED] - data = obtener_excels.obtener_aprobaciones_20pies.getValuesExcelAprob20(Index): obtener_excels.obtener_aprobaciones_20pies.getValuesExcelAprob20 is PASSED

2020-02-07 11:10:35 - [MESSAGE][PASSED] - obtener_excels.obtener_aprobaciones_20pies.getValuesExcelAprob20 is PASSED

2020-02-07 11:10:35 - [TEST_STEP][PASSED] - IdPedido = data[3]: null

2020-02-07 11:10:35 - [TEST_STEP][PASSED] - Id_Cliente = data[4]: null

2020-02-07 11:10:35 - [TEST_STEP][PASSED] - AprobProduccion = data[7]: null

2020-02-07 11:10:35 - [TEST_STEP][PASSED] - IDPedido = IdPedido: null

2020-02-07 11:10:35 - [TEST_STEP][PASSED] - IDCliente = Id_Cliente: null

2020-02-07 11:10:35 - [TEST_STEP][PASSED] - AprobacionProduccion = AprobProduccion: null

2020-02-07 11:10:35 - [TEST_STEP][PASSED] - click(findTestObject("Object Repository/Page_- KAIZEN/apo_menuOperaciones")): Object: 'Object Repository/Page_- KAIZEN/apo_menuOperaciones' is clicked on

2020-02-07 11:10:36 - [MESSAGE][PASSED] - Object: 'Object Repository/Page_- KAIZEN/apo_menuOperaciones' is clicked on

2020-02-07 11:10:36 - [TEST_STEP][PASSED] - click(findTestObject("Object Repository/Page_- KAIZEN/apo_menu_aprobacion_produccin")): Object: 'Object Repository/Page_- KAIZEN/apo_menu_aprobacion_produccin' is clicked on

2020-02-07 11:10:37 - [MESSAGE][PASSED] - Object: 'Object Repository/Page_- KAIZEN/apo_menu_aprobacion_produccin' is clicked on

2020-02-07 11:10:37 - [TEST_STEP][PASSED] - click(findTestObject("Object Repository/Page_Aprobacin de Produccin - KAIZEN/apo_click_aprobacion_produccin")): Object: 'Object Repository/Page_Aprobacin de Produccin - KAIZEN/apo_click_aprobacion_produccin' is clicked on

2020-02-07 11:10:38 - [MESSAGE][PASSED] - Object: 'Object Repository/Page_Aprobacin de Produccin - KAIZEN/apo_click_aprobacion_produccin' is clicked on

2020-02-07 11:10:38 - [TEST_STEP][PASSED] - click(findTestObject("Object Repository/Page_Aprobacin de Produccin - KAIZEN/apo_seleccione_cliente")): Object: 'Object Repository/Page_Aprobacin de Produccin - KAIZEN/apo_seleccione_cliente' is clicked on

2020-02-07 11:10:38 - [MESSAGE][PASSED] - Object: 'Object Repository/Page_Aprobacin de Produccin - KAIZEN/apo_seleccione_cliente' is clicked on

2020-02-07 11:10:38 - [TEST_STEP][PASSED] - click(findTestObject("Object Repository/Page_Aprobacin de Produccin - KAIZEN/apo_click_selecione_cliente")): Object: 'Object Repository/Page_Aprobacin de Produccin - KAIZEN/apo_click_selecione_cliente' is clicked on

2020-02-07 11:10:39 - [MESSAGE][PASSED] - Object: 'Object Repository/Page_Aprobacin de Produccin - KAIZEN/apo_click_selecione_cliente' is clicked on

2020-02-07 11:10:39 - [TEST_STEP][PASSED] - selectOptionByValue(findTestObject("Object Repository/Page_Aprobacin de Produccin - KAIZEN/apo_assing_selecione_cliente"), IDCliente, true): All options with value '17' are selected in object 'Object Repository/Page_Aprobacin de Produccin - KAIZEN/apo_assing_selecione_cliente'  using regular expression

2020-02-07 11:10:41 - [MESSAGE][PASSED] - All options with value '17' are selected in object 'Object Repository/Page_Aprobacin de Produccin - KAIZEN/apo_assing_selecione_cliente'  using regular expression

2020-02-07 11:10:41 - [TEST_STEP][PASSED] - click(findTestObject("Object Repository/Page_Aprobacin de Produccin - KAIZEN/apo_Buscar")): Object: 'Object Repository/Page_Aprobacin de Produccin - KAIZEN/apo_Buscar' is clicked on

2020-02-07 11:10:42 - [MESSAGE][PASSED] - Object: 'Object Repository/Page_Aprobacin de Produccin - KAIZEN/apo_Buscar' is clicked on

2020-02-07 11:10:42 - [TEST_STEP][PASSED] - executeJavaScript("document.querySelector('.btn-info[href="/PedidoLubricante/DetalleAprobacion/" + IDPedido + "?Ventana=3"]').click()", null): Execute JavaScript 'document.querySelector('.btn-info[href="/PedidoLubricante/DetalleAprobacion/196?Ventana=3"]').click()' successfully

2020-02-07 11:10:42 - [MESSAGE][PASSED] - Execute JavaScript 'document.querySelector('.btn-info[href="/PedidoLubricante/DetalleAprobacion/196?Ventana=3"]').click()' successfully

2020-02-07 11:10:42 - [TEST_STEP][PASSED] - delay(5): Delayed 5 second(s)

2020-02-07 11:10:47 - [MESSAGE][PASSED] - Delayed 5 second(s)

2020-02-07 11:10:47 - [TEST_STEP][PASSED] - if (AprobacionProduccion == "Aprobar"): Object: 'Object Repository/Page_- KAIZEN/apo_btn_Aceptar' is clicked on

2020-02-07 11:10:47 - [TEST_STEP][PASSED] - click(findTestObject("Object Repository/Page_- KAIZEN/apo_Aprobar")): Object: 'Object Repository/Page_- KAIZEN/apo_Aprobar' is clicked on

2020-02-07 11:10:48 - [MESSAGE][PASSED] - Object: 'Object Repository/Page_- KAIZEN/apo_Aprobar' is clicked on

2020-02-07 11:10:48 - [TEST_STEP][PASSED] - click(findTestObject("Object Repository/Page_- KAIZEN/apo_btn_Aceptar")): Object: 'Object Repository/Page_- KAIZEN/apo_btn_Aceptar' is clicked on

2020-02-07 11:10:49 - [MESSAGE][PASSED] - Object: 'Object Repository/Page_- KAIZEN/apo_btn_Aceptar' is clicked on

2020-02-07 11:10:49 - [TEST_STEP][PASSED] - delay(10): Delayed 10 second(s)

2020-02-07 11:10:59 - [MESSAGE][PASSED] - Delayed 10 second(s)

2020-02-07 11:10:59 - [MESSAGE][PASSED] - Call Test Case 'Test Cases/Individual_Tests_20pies/Aprobacion_Produccion' successfully

2020-02-07 11:10:59 - [TEST_STEP][PASSED] - callTestCase(findTestCase("Individual_Tests_20pies/Login"), ["Evento":"Aprobar", "Index":Index, "Usuario":Usuario, "Contrasena":Contrasena], STOP_ON_FAILURE): Call Test Case 'Test Cases/Individual_Tests_20pies/Login' successfully

2020-02-07 11:10:59 - [TEST_CASE][PASSED] - Test Cases/Individual_Tests_20pies/Login: Test Cases/Individual_Tests_20pies/Login

2020-02-07 11:10:59 - [TEST_STEP][PASSED] - print("Evento Seleccionado: " + Evento + "
"): null

2020-02-07 11:10:59 - [TEST_STEP][PASSED] - openBrowser(Web): Browser is opened with url: 'http://test.kaizendev.net/Login/Accesar?salir=true'

2020-02-07 11:10:59 - [MESSAGE][WARNING] - A browser is already opened. Closing browser and opening a new one

2020-02-07 11:11:00 - [MESSAGE][INFO] - Starting 'Chrome' driver

2020-02-07 11:11:12 - [MESSAGE][PASSED] - Browser is opened with url: 'http://test.kaizendev.net/Login/Accesar?salir=true'

2020-02-07 11:11:12 - [TEST_STEP][PASSED] - maximizeWindow(): Current window maximized

2020-02-07 11:11:13 - [MESSAGE][PASSED] - Current window maximized

2020-02-07 11:11:13 - [TEST_STEP][PASSED] - if (Evento == "Crear"): null

2020-02-07 11:11:13 - [TEST_STEP][PASSED] - else if (Evento == "Aprobar"): Object: 'Object Repository/Page_Iniciar Sesion - KAIZEN/is_btn_ingresar_sistema' is clicked on

2020-02-07 11:11:13 - [TEST_STEP][PASSED] - data2 = obtener_excels.obtener_aprobaciones_20pies.getValuesExcelAprob20(Index): obtener_excels.obtener_aprobaciones_20pies.getValuesExcelAprob20 is PASSED

2020-02-07 11:11:13 - [MESSAGE][PASSED] - obtener_excels.obtener_aprobaciones_20pies.getValuesExcelAprob20 is PASSED

2020-02-07 11:11:13 - [TEST_STEP][PASSED] - Usuario = data2[1]: null

2020-02-07 11:11:13 - [TEST_STEP][PASSED] - Contrasena = data2[2]: null

2020-02-07 11:11:13 - [TEST_STEP][PASSED] - setText(findTestObject("Page_Iniciar Sesion - KAIZEN/is_input_email"), Usuario): Text 'automated.test@grupokaizen.net' is set on object 'Object Repository/Page_Iniciar Sesion - KAIZEN/is_input_email'

2020-02-07 11:11:13 - [MESSAGE][PASSED] - Text 'automated.test@grupokaizen.net' is set on object 'Object Repository/Page_Iniciar Sesion - KAIZEN/is_input_email'

2020-02-07 11:11:13 - [TEST_STEP][PASSED] - setEncryptedText(findTestObject("Page_Iniciar Sesion - KAIZEN/IS_input_contrasena"), Contrasena): Text ****** has been set on object 'Object Repository/Page_Iniciar Sesion - KAIZEN/IS_input_contrasena'

2020-02-07 11:11:14 - [MESSAGE][PASSED] - Text ****** has been set on object 'Object Repository/Page_Iniciar Sesion - KAIZEN/IS_input_contrasena'

2020-02-07 11:11:14 - [TEST_STEP][PASSED] - click(findTestObject("Page_Iniciar Sesion - KAIZEN/is_btn_ingresar_sistema")): Object: 'Object Repository/Page_Iniciar Sesion - KAIZEN/is_btn_ingresar_sistema' is clicked on

2020-02-07 11:11:16 - [MESSAGE][PASSED] - Object: 'Object Repository/Page_Iniciar Sesion - KAIZEN/is_btn_ingresar_sistema' is clicked on

2020-02-07 11:11:16 - [MESSAGE][PASSED] - Call Test Case 'Test Cases/Individual_Tests_20pies/Login' successfully

2020-02-07 11:11:16 - [TEST_STEP][PASSED] - callTestCase(findTestCase("Individual_Tests_20pies/Seleccionar_Idioma"), ["Evento":"Aprobar", "Index":Index, "Idioma":Idioma], STOP_ON_FAILURE): Call Test Case 'Test Cases/Individual_Tests_20pies/Seleccionar_Idioma' successfully

2020-02-07 11:11:16 - [TEST_CASE][PASSED] - Test Cases/Individual_Tests_20pies/Seleccionar_Idioma: Test Cases/Individual_Tests_20pies/Seleccionar_Idioma

2020-02-07 11:11:16 - [TEST_STEP][PASSED] - if (Evento == "Crear"): null

2020-02-07 11:11:16 - [TEST_STEP][PASSED] - else if (Evento == "Aprobar"): null

2020-02-07 11:11:16 - [TEST_STEP][PASSED] - data2 = obtener_excels.obtener_aprobaciones_20pies.getValuesExcelAprob20(Index): obtener_excels.obtener_aprobaciones_20pies.getValuesExcelAprob20 is PASSED

2020-02-07 11:11:16 - [MESSAGE][PASSED] - obtener_excels.obtener_aprobaciones_20pies.getValuesExcelAprob20 is PASSED

2020-02-07 11:11:16 - [TEST_STEP][PASSED] - Idioma = data2[0]: null

2020-02-07 11:11:16 - [TEST_STEP][PASSED] - click(findTestObject("Page_- KAIZEN/si_btn_idioma")): Object: 'Object Repository/Page_- KAIZEN/si_btn_idioma' is clicked on

2020-02-07 11:11:16 - [MESSAGE][PASSED] - Object: 'Object Repository/Page_- KAIZEN/si_btn_idioma' is clicked on

2020-02-07 11:11:16 - [TEST_STEP][PASSED] - if (Idioma == "0"): null

2020-02-07 11:11:16 - [TEST_STEP][PASSED] - else: Object: 'Object Repository/Page_- KAIZEN/si_Spanish' is clicked on

2020-02-07 11:11:16 - [TEST_STEP][PASSED] - click(findTestObject("Page_- KAIZEN/si_Spanish")): Object: 'Object Repository/Page_- KAIZEN/si_Spanish' is clicked on

2020-02-07 11:11:18 - [MESSAGE][PASSED] - Object: 'Object Repository/Page_- KAIZEN/si_Spanish' is clicked on

2020-02-07 11:11:18 - [MESSAGE][PASSED] - Call Test Case 'Test Cases/Individual_Tests_20pies/Seleccionar_Idioma' successfully

2020-02-07 11:11:18 - [TEST_STEP][PASSED] - callTestCase(findTestCase("Individual_Tests_20pies/Aprobacion_Produccion"), ["Index":Index, "IDCliente":IDCliente, "IDPedido":IDPedido, "AprobacionProduccion":AprobacionProduccion], STOP_ON_FAILURE): Call Test Case 'Test Cases/Individual_Tests_20pies/Aprobacion_Produccion' successfully

2020-02-07 11:11:18 - [TEST_CASE][PASSED] - Test Cases/Individual_Tests_20pies/Aprobacion_Produccion: Test Cases/Individual_Tests_20pies/Aprobacion_Produccion

2020-02-07 11:11:18 - [TEST_STEP][PASSED] - data = obtener_excels.obtener_aprobaciones_20pies.getValuesExcelAprob20(Index): obtener_excels.obtener_aprobaciones_20pies.getValuesExcelAprob20 is PASSED

2020-02-07 11:11:18 - [MESSAGE][PASSED] - obtener_excels.obtener_aprobaciones_20pies.getValuesExcelAprob20 is PASSED

2020-02-07 11:11:18 - [TEST_STEP][PASSED] - IdPedido = data[3]: null

2020-02-07 11:11:18 - [TEST_STEP][PASSED] - Id_Cliente = data[4]: null

2020-02-07 11:11:18 - [TEST_STEP][PASSED] - AprobProduccion = data[7]: null

2020-02-07 11:11:18 - [TEST_STEP][PASSED] - IDPedido = IdPedido: null

2020-02-07 11:11:18 - [TEST_STEP][PASSED] - IDCliente = Id_Cliente: null

2020-02-07 11:11:18 - [TEST_STEP][PASSED] - AprobacionProduccion = AprobProduccion: null

2020-02-07 11:11:18 - [TEST_STEP][PASSED] - click(findTestObject("Object Repository/Page_- KAIZEN/apo_menuOperaciones")): Object: 'Object Repository/Page_- KAIZEN/apo_menuOperaciones' is clicked on

2020-02-07 11:11:19 - [MESSAGE][PASSED] - Object: 'Object Repository/Page_- KAIZEN/apo_menuOperaciones' is clicked on

2020-02-07 11:11:19 - [TEST_STEP][PASSED] - click(findTestObject("Object Repository/Page_- KAIZEN/apo_menu_aprobacion_produccin")): Object: 'Object Repository/Page_- KAIZEN/apo_menu_aprobacion_produccin' is clicked on

2020-02-07 11:11:21 - [MESSAGE][PASSED] - Object: 'Object Repository/Page_- KAIZEN/apo_menu_aprobacion_produccin' is clicked on

2020-02-07 11:11:21 - [TEST_STEP][PASSED] - click(findTestObject("Object Repository/Page_Aprobacin de Produccin - KAIZEN/apo_click_aprobacion_produccin")): Object: 'Object Repository/Page_Aprobacin de Produccin - KAIZEN/apo_click_aprobacion_produccin' is clicked on

2020-02-07 11:11:22 - [MESSAGE][PASSED] - Object: 'Object Repository/Page_Aprobacin de Produccin - KAIZEN/apo_click_aprobacion_produccin' is clicked on

2020-02-07 11:11:22 - [TEST_STEP][PASSED] - click(findTestObject("Object Repository/Page_Aprobacin de Produccin - KAIZEN/apo_seleccione_cliente")): Object: 'Object Repository/Page_Aprobacin de Produccin - KAIZEN/apo_seleccione_cliente' is clicked on

2020-02-07 11:11:22 - [MESSAGE][PASSED] - Object: 'Object Repository/Page_Aprobacin de Produccin - KAIZEN/apo_seleccione_cliente' is clicked on

2020-02-07 11:11:22 - [TEST_STEP][PASSED] - click(findTestObject("Object Repository/Page_Aprobacin de Produccin - KAIZEN/apo_click_selecione_cliente")): Object: 'Object Repository/Page_Aprobacin de Produccin - KAIZEN/apo_click_selecione_cliente' is clicked on

2020-02-07 11:11:23 - [MESSAGE][PASSED] - Object: 'Object Repository/Page_Aprobacin de Produccin - KAIZEN/apo_click_selecione_cliente' is clicked on

2020-02-07 11:11:23 - [TEST_STEP][PASSED] - selectOptionByValue(findTestObject("Object Repository/Page_Aprobacin de Produccin - KAIZEN/apo_assing_selecione_cliente"), IDCliente, true): All options with value '4' are selected in object 'Object Repository/Page_Aprobacin de Produccin - KAIZEN/apo_assing_selecione_cliente'  using regular expression

2020-02-07 11:11:25 - [MESSAGE][PASSED] - All options with value '4' are selected in object 'Object Repository/Page_Aprobacin de Produccin - KAIZEN/apo_assing_selecione_cliente'  using regular expression

2020-02-07 11:11:25 - [TEST_STEP][PASSED] - click(findTestObject("Object Repository/Page_Aprobacin de Produccin - KAIZEN/apo_Buscar")): Object: 'Object Repository/Page_Aprobacin de Produccin - KAIZEN/apo_Buscar' is clicked on

2020-02-07 11:11:26 - [MESSAGE][PASSED] - Object: 'Object Repository/Page_Aprobacin de Produccin - KAIZEN/apo_Buscar' is clicked on

2020-02-07 11:11:26 - [TEST_STEP][PASSED] - executeJavaScript("document.querySelector('.btn-info[href="/PedidoLubricante/DetalleAprobacion/" + IDPedido + "?Ventana=3"]').click()", null): Execute JavaScript 'document.querySelector('.btn-info[href="/PedidoLubricante/DetalleAprobacion/197?Ventana=3"]').click()' successfully

2020-02-07 11:11:27 - [MESSAGE][PASSED] - Execute JavaScript 'document.querySelector('.btn-info[href="/PedidoLubricante/DetalleAprobacion/197?Ventana=3"]').click()' successfully

2020-02-07 11:11:27 - [TEST_STEP][PASSED] - delay(5): Delayed 5 second(s)

2020-02-07 11:11:32 - [MESSAGE][PASSED] - Delayed 5 second(s)

2020-02-07 11:11:32 - [TEST_STEP][PASSED] - if (AprobacionProduccion == "Aprobar"): Object: 'Object Repository/Page_- KAIZEN/apo_btn_Aceptar' is clicked on

2020-02-07 11:11:32 - [TEST_STEP][PASSED] - click(findTestObject("Object Repository/Page_- KAIZEN/apo_Aprobar")): Object: 'Object Repository/Page_- KAIZEN/apo_Aprobar' is clicked on

2020-02-07 11:11:32 - [MESSAGE][PASSED] - Object: 'Object Repository/Page_- KAIZEN/apo_Aprobar' is clicked on

2020-02-07 11:11:32 - [TEST_STEP][PASSED] - click(findTestObject("Object Repository/Page_- KAIZEN/apo_btn_Aceptar")): Object: 'Object Repository/Page_- KAIZEN/apo_btn_Aceptar' is clicked on

2020-02-07 11:11:33 - [MESSAGE][PASSED] - Object: 'Object Repository/Page_- KAIZEN/apo_btn_Aceptar' is clicked on

2020-02-07 11:11:33 - [TEST_STEP][PASSED] - delay(10): Delayed 10 second(s)

2020-02-07 11:11:43 - [MESSAGE][PASSED] - Delayed 10 second(s)

2020-02-07 11:11:43 - [MESSAGE][PASSED] - Call Test Case 'Test Cases/Individual_Tests_20pies/Aprobacion_Produccion' successfully]]></system-out>
         <system-err><![CDATA[]]></system-err>
      </testcase>
      <system-out><![CDATA[2020-02-07 10:56:40 - [TEST_SUITE][PASSED] - 2-Aprobaciones_20_TestSuites: Test Cases/Secuencias de Ejecucion/TC_Aprobar_Produccion_20pies]]></system-out>
      <system-err><![CDATA[]]></system-err>
   </testsuite>
</testsuites>
