<?xml version="1.0" encoding="UTF-8"?>
<testsuites name="8-Crear_pedidos_40_TestSuites" time="12.176" tests="1" failures="0" errors="0">
   <testsuite name="8-Crear_pedidos_40_TestSuites" tests="1" failures="0" errors="0" time="12.176" timestamp="2020-02-18 08:46:55" hostname="kaizen - LAPTOP-K43U1BVQ" id="Test Suites/Funcionalidades_Pedidos/8-Crear_pedidos_40_TestSuites">
      <properties>
         <property name="deviceName" value=""/>
         <property name="devicePlatform" value=""/>
         <property name="logFolder" value="C:\\Users\\kaizen\\git\\AutomatizacionKatalon\\Reports\\20200218_084645\\Funcionalidades_Pedidos\\8-Crear_pedidos_40_TestSuites\\20200218_084646"/>
         <property name="logFiles" value="C:\\Users\\kaizen\\git\\AutomatizacionKatalon\\Reports\\20200218_084645\\Funcionalidades_Pedidos\\8-Crear_pedidos_40_TestSuites\\20200218_084646\\execution0.log"/>
         <property name="attachments" value=""/>
         <property name="hostName" value="kaizen - LAPTOP-K43U1BVQ"/>
         <property name="hostAddress" value="192.168.99.1"/>
         <property name="os" value="Windows 10 64bit"/>
         <property name="katalonVersion" value="7.2.1.1"/>
      </properties>
      <testcase name="Test Cases/Secuencias de Ejecucion/TC_Generar_Aleatorio_Pedidos_40pies" time="11.339" classname="Test Cases/Secuencias de Ejecucion/TC_Generar_Aleatorio_Pedidos_40pies" status="PASSED">
         <system-out><![CDATA[2020-02-18 08:46:55 - [TEST_CASE][PASSED] - Test Cases/Secuencias de Ejecucion/TC_Generar_Aleatorio_Pedidos_40pies: Test Cases/Secuencias de Ejecucion/TC_Generar_Aleatorio_Pedidos_40pies

2020-02-18 08:46:56 - [TEST_STEP][PASSED] - python.ejecutarAleatoriosPython.runPython("Crear40"): python.ejecutarAleatoriosPython.runPython is PASSED

2020-02-18 08:47:06 - [MESSAGE][PASSED] - python.ejecutarAleatoriosPython.runPython is PASSED]]></system-out>
         <system-err><![CDATA[]]></system-err>
      </testcase>
      <system-out><![CDATA[2020-02-18 08:46:55 - [TEST_SUITE][PASSED] - 8-Crear_pedidos_40_TestSuites: Test Cases/Secuencias de Ejecucion/TC_Generar_Aleatorio_Pedidos_40pies]]></system-out>
      <system-err><![CDATA[]]></system-err>
   </testsuite>
</testsuites>
